15.92, 5510
17.72, 5311
19.47, 5188
21.16, 5097
22.77, 5026
24.31, 4979
25.80, 4931
27.33, 4901
28.85, 4868
30.34, 4848
31.79, 4821
33.23, 4801
34.68, 4783
36.56, 4765
38.01, 4752
39.50, 4747
40.97, 4731
42.39, 4717
43.86, 4704
45.31, 4700
46.75, 4691
48.15, 4681
49.62, 4679
51.05, 4668
52.49, 4662
53.91, 4657
55.37, 4654
56.85, 4650
58.28, 4640
59.67, 4637
61.06, 4632
62.47, 4631
63.90, 4625
65.30, 4618
69.51, 4610
70.89, 4610
72.36, 4610
73.73, 4608
75.11, 4605
76.47, 4602
82.07, 4601
89.07, 4598
90.47, 4590
93.21, 4590
94.60, 4590
95.95, 4589
98.68, 4584
110.89, 4583
159.14, 4583
161.90, 4582
166.04, 4581
167.33, 4581
168.73, 4580
267.22, 4579
274.06, 4578
378.99, 4578
429.77, 4578
442.08, 4577
559.93, 4574
