14.53, 5510
16.28, 5311
18.05, 5188
19.77, 5097
21.35, 5026
22.92, 4979
24.48, 4931
26.00, 4901
27.52, 4868
29.04, 4848
30.53, 4821
31.97, 4801
33.40, 4783
35.29, 4765
36.70, 4752
38.14, 4747
39.58, 4731
41.03, 4717
42.84, 4704
44.26, 4700
45.74, 4691
47.14, 4681
48.57, 4679
49.94, 4668
51.40, 4662
52.79, 4657
54.14, 4654
55.56, 4650
57.01, 4640
58.38, 4637
59.73, 4632
61.11, 4631
62.55, 4625
63.92, 4618
68.16, 4610
69.54, 4610
70.95, 4610
72.34, 4608
73.84, 4605
75.25, 4602
80.86, 4601
87.71, 4598
89.09, 4590
91.83, 4590
93.21, 4590
94.60, 4589
97.39, 4584
109.43, 4583
158.02, 4583
160.72, 4582
164.75, 4581
166.07, 4581
167.45, 4580
266.20, 4579
272.96, 4578
377.49, 4578
428.36, 4578
440.77, 4577
558.16, 4574
