15.95, 5510
17.67, 5311
19.40, 5188
21.13, 5097
22.72, 5026
24.28, 4979
25.83, 4931
27.39, 4901
28.88, 4868
30.38, 4848
31.97, 4821
33.42, 4801
34.87, 4783
36.72, 4765
38.16, 4752
39.60, 4747
41.04, 4731
42.46, 4717
43.89, 4704
45.32, 4700
46.76, 4691
48.20, 4681
49.65, 4679
51.06, 4668
52.47, 4662
53.93, 4657
55.31, 4654
56.76, 4650
58.20, 4640
59.63, 4637
60.96, 4632
62.35, 4631
63.73, 4625
65.14, 4618
69.24, 4610
70.65, 4610
72.02, 4610
73.37, 4608
74.78, 4605
76.25, 4602
81.87, 4601
88.80, 4598
90.17, 4590
92.95, 4590
94.30, 4590
95.66, 4589
98.43, 4584
110.52, 4583
158.93, 4583
161.65, 4582
165.69, 4581
166.99, 4581
168.35, 4580
266.56, 4579
273.40, 4578
377.80, 4578
