15.84, 5510
17.65, 5311
19.42, 5188
21.14, 5097
22.73, 5026
24.31, 4979
25.86, 4931
27.42, 4901
28.99, 4868
30.54, 4848
32.06, 4821
33.54, 4801
34.95, 4783
36.78, 4765
38.31, 4752
39.83, 4747
41.30, 4731
42.70, 4717
44.23, 4704
45.68, 4700
47.15, 4691
48.59, 4681
50.13, 4679
51.56, 4668
53.00, 4662
54.47, 4657
55.96, 4654
57.39, 4650
58.78, 4640
60.21, 4637
61.58, 4632
63.02, 4631
64.41, 4625
65.85, 4618
70.08, 4610
71.49, 4610
72.89, 4610
74.31, 4608
75.73, 4605
77.16, 4602
82.81, 4601
89.78, 4598
91.19, 4590
94.01, 4590
95.38, 4590
96.78, 4589
99.57, 4584
111.83, 4583
161.25, 4583
163.96, 4582
168.07, 4581
169.40, 4581
170.86, 4580
270.81, 4579
277.69, 4578
384.33, 4578
435.94, 4578
448.46, 4577
