14.12, 5510
15.60, 5311
17.13, 5188
18.57, 5097
20.00, 5026
21.41, 4979
22.86, 4931
24.31, 4901
25.79, 4868
27.21, 4848
28.57, 4821
29.83, 4801
31.09, 4783
32.67, 4765
33.94, 4752
35.23, 4747
36.51, 4731
37.75, 4717
39.03, 4704
40.33, 4700
41.59, 4691
42.82, 4681
44.09, 4679
45.35, 4668
46.58, 4662
47.86, 4657
49.07, 4654
50.34, 4650
51.62, 4640
52.87, 4637
54.10, 4632
55.50, 4631
56.71, 4625
57.97, 4618
61.63, 4610
62.81, 4610
64.01, 4610
65.23, 4608
66.45, 4605
67.69, 4602
72.52, 4601
78.40, 4598
79.59, 4590
81.92, 4590
83.08, 4590
84.26, 4589
86.59, 4584
97.05, 4583
