14.17, 5510
15.71, 5311
17.23, 5188
18.67, 5097
20.01, 5026
21.37, 4979
22.67, 4931
23.98, 4901
25.33, 4868
26.63, 4848
27.95, 4821
29.17, 4801
30.43, 4783
32.00, 4765
33.26, 4752
34.48, 4747
35.74, 4731
36.97, 4717
38.21, 4704
39.43, 4700
40.73, 4691
41.94, 4681
43.18, 4679
44.44, 4668
45.64, 4662
46.85, 4657
48.04, 4654
49.31, 4650
50.52, 4640
51.70, 4637
52.85, 4632
54.08, 4631
55.32, 4625
56.67, 4618
60.32, 4610
61.53, 4610
62.71, 4610
63.92, 4608
65.14, 4605
66.38, 4602
71.19, 4601
77.17, 4598
78.37, 4590
80.76, 4590
81.91, 4590
83.10, 4589
85.43, 4584
95.75, 4583
