15.89, 5510
17.61, 5311
19.38, 5188
21.12, 5097
22.70, 5026
24.27, 4979
25.88, 4931
27.42, 4901
28.98, 4868
30.52, 4848
32.07, 4821
33.51, 4801
34.93, 4783
36.88, 4765
38.31, 4752
39.77, 4747
41.20, 4731
42.66, 4717
44.13, 4704
45.57, 4700
47.07, 4691
48.49, 4681
49.91, 4679
51.28, 4668
52.71, 4662
54.17, 4657
55.60, 4654
57.06, 4650
58.47, 4640
59.84, 4637
61.19, 4632
62.59, 4631
64.02, 4625
65.41, 4618
69.69, 4610
71.07, 4610
72.46, 4610
73.86, 4608
75.32, 4605
76.71, 4602
82.31, 4601
89.17, 4598
90.55, 4590
93.35, 4590
94.71, 4590
96.11, 4589
98.87, 4584
110.97, 4583
159.53, 4583
162.25, 4582
166.34, 4581
167.68, 4581
169.13, 4580
