15.93, 5510
17.73, 5311
19.53, 5188
21.23, 5097
22.82, 5026
24.46, 4979
26.01, 4931
27.52, 4901
29.14, 4868
30.64, 4848
32.13, 4821
33.60, 4801
35.08, 4783
36.93, 4765
38.36, 4752
39.83, 4747
41.27, 4731
42.69, 4717
44.14, 4704
45.64, 4700
47.11, 4691
48.58, 4681
50.09, 4679
51.56, 4668
52.96, 4662
54.34, 4657
55.76, 4654
57.21, 4650
58.61, 4640
59.96, 4637
61.36, 4632
62.85, 4631
64.25, 4625
65.66, 4618
69.99, 4610
71.38, 4610
72.84, 4610
74.23, 4608
75.64, 4605
77.04, 4602
82.64, 4601
89.59, 4598
90.91, 4590
93.58, 4590
95.00, 4590
96.37, 4589
99.09, 4584
111.28, 4583
159.54, 4583
162.35, 4582
166.44, 4581
167.81, 4581
169.19, 4580
267.75, 4579
274.61, 4578
379.49, 4578
430.35, 4578
442.71, 4577
