14.16, 5510
15.68, 5311
17.21, 5188
18.69, 5097
20.08, 5026
21.43, 4979
22.74, 4931
24.06, 4901
25.40, 4868
26.76, 4848
28.05, 4821
29.28, 4801
30.54, 4783
32.15, 4765
33.41, 4752
34.68, 4747
35.95, 4731
37.18, 4717
38.44, 4704
39.68, 4700
40.93, 4691
42.20, 4681
43.48, 4679
44.69, 4668
45.89, 4662
47.09, 4657
48.31, 4654
49.56, 4650
50.79, 4640
52.00, 4637
53.17, 4632
54.40, 4631
55.57, 4625
56.79, 4618
60.71, 4610
61.93, 4610
63.18, 4610
64.36, 4608
65.56, 4605
66.78, 4602
71.55, 4601
77.54, 4598
78.74, 4590
81.11, 4590
82.31, 4590
83.55, 4589
85.90, 4584
96.50, 4583
