14.37, 5510
15.88, 5311
17.48, 5188
19.01, 5097
20.39, 5026
21.79, 4979
23.12, 4931
24.46, 4901
25.87, 4868
27.21, 4848
28.56, 4821
29.84, 4801
31.10, 4783
32.72, 4765
34.04, 4752
35.37, 4747
36.69, 4731
37.96, 4717
39.32, 4704
40.66, 4700
41.99, 4691
43.20, 4681
44.50, 4679
45.75, 4668
46.99, 4662
48.25, 4657
49.53, 4654
50.89, 4650
52.22, 4640
53.43, 4637
54.61, 4632
55.86, 4631
57.10, 4625
58.34, 4618
62.02, 4610
63.22, 4610
64.41, 4610
65.62, 4608
66.84, 4605
68.07, 4602
73.04, 4601
79.05, 4598
80.28, 4590
82.65, 4590
83.84, 4590
85.06, 4589
87.43, 4584
98.00, 4583
