14.59, 5510
16.13, 5311
17.71, 5188
19.17, 5097
20.56, 5026
21.91, 4979
23.24, 4931
24.60, 4901
25.98, 4868
27.35, 4848
28.67, 4821
29.95, 4801
31.24, 4783
32.83, 4765
34.11, 4752
35.39, 4747
36.65, 4731
37.89, 4717
39.17, 4704
40.45, 4700
41.72, 4691
42.97, 4681
44.33, 4679
45.89, 4668
47.15, 4662
48.38, 4657
49.62, 4654
50.89, 4650
52.11, 4640
53.35, 4637
54.51, 4632
55.76, 4631
56.98, 4625
58.18, 4618
61.91, 4610
63.08, 4610
64.27, 4610
65.43, 4608
66.65, 4605
67.88, 4602
72.67, 4601
78.63, 4598
79.81, 4590
82.15, 4590
83.29, 4590
84.50, 4589
86.81, 4584
97.36, 4583
139.10, 4583
141.50, 4582
144.99, 4581
146.14, 4581
147.36, 4580
