595477 69505.1729679
595477 69722.4469185
595477 69817.0609474
595475 69736.4900112
595475 70062.1519089
595473 69729.1150093
595471 69808.6020947
595429 69938.2870197
595429 73300.2729416
595397 75573.1210709
595391 75701.2400627
595388 75733.6969376
595381 75741.5471077
595381 75945.3020096
595378 75575.7949352
595375 75607.5179577
595375 75902.466774
595375 75826.6820908
595372 75840.6848907
595356 75718.3930874
595356 75728.2679081
595309 75873.1400967
595309 75908.3640575
595282 75641.7131424
595282 75767.2591209
595236 75818.171978
595230 75667.9739952
595230 75900.1879692
595212 75943.1700706
595212 75876.308918
595212 75746.3679314
595211 76170.8791256
595208 75654.843092
595205 75818.3088303
595205 76072.4050999
595181 75964.0369415
595162 75934.8189831
595155 75759.8280907
595155 76209.7849846
595130 76268.0299282
595087 76263.8301849
595054 75971.4090824
595054 76123.9390373
594981 75887.7148628
594981 75946.1240768
594955 75636.7080212
594946 75803.7900925
594941 76183.560133
594852 75884.5479488
594852 75651.5579224
594835 75885.1239681
594771 76035.4158878
594771 75773.3900547
594759 75836.9488716
594719 75802.3450375
594718 76131.0369968
594713 76316.0409927
594693 75915.6351089
594669 76187.8061295
594669 76064.7699833
594667 75821.1390972
594642 75773.6999989
594642 75842.3008919
594632 76456.9039345
594632 75800.000906
594554 75681.4498901
594553 75915.653944
594553 76277.7020931
594553 75962.916851
594553 75872.0779419
594553 76107.50103
594553 76075.0989914
594552 75612.3161316
594552 76089.1449451
594546 76407.5701237
594546 75990.0658131
594484 76154.7188759
594484 75749.2170334
594484 76059.8890781
594484 75871.8378544
594423 76046.0710526
594423 73608.8340282
594396 9525759.61494
594396 749169.207811
594396 70076.0581493
594346 70196.8028545
594318 71039.1402245
594318 70191.475153
594318 69962.542057
594277 69813.5938644
594252 69814.2271042
594252 69763.1280422
594252 69731.3377857
594252 69805.6809902
594231 69847.9371071
594196 73639.1019821
594196 75977.9410362
594168 75970.4499245
594167 76042.8788662
594132 76113.132
594132 75942.5699711
594118 76041.4919853
594053 75949.9928951
594046 76033.821106
594046 75383.2199574
594036 74386.9690895
594034 70081.1789036
594024 69776.7422199
594024 70398.4191418
594024 69844.6598053
594010 69914.5131111
593971 69989.6249771
593971 69820.1310635
593946 69841.5641785
593927 69690.212965
593927 69681.5841198
593915 69879.0891171
593913 74596.7450142
593884 76374.5541573
593884 76115.6840324
593884 76176.6488552
593884 76242.2997952
593884 75787.2231007
593869 76073.2870102
593858 76425.5650043
593858 76254.2769909
593815 75949.87607
593815 76002.961874
593808 76159.0001583
593796 76142.7938938
593753 76088.0980492
593705 75960.5910778
593665 75856.0941219
593653 76058.5179329
593653 75797.7869511
593596 75992.7821159
593596 76239.1529083
593585 76258.6040497
593585 75873.6579418
593559 76171.8249321
593545 76303.6460876
593545 76129.5711994
593545 75986.3231182
593512 76253.5359859
593512 76222.8598595
593506 75959.0411186
593506 75922.9719639
593506 75908.3650112
593493 76024.8730183
593492 75920.6590652
593492 75789.9138927
593439 75803.6510944
593404 76015.8028603
593388 76026.4790058
593388 76154.7720432
593388 75786.6718769
593388 75491.1770821
593360 7170624.03297
593323 97616.0550117
593277 88134.2301369
593260 78583.1689835
593233 74150.3899097
593233 75587.5060558
593233 76358.4549427
593233 79775.5768299
593233 79304.0919304
593193 76645.124197
593147 79314.9139881
593136 73193.5360432
593125 70963.1152153
593125 70894.808054
593114 70862.2920513
593108 70998.1791973
593099 70787.4047756
593071 71557.9199791
593071 79440.1857853
593071 74755.4888725
593026 71513.7851238
593013 71463.2129669
593011 71988.8300896
592997 72578.0158043
592997 71190.8230782
592997 71231.4829826
592997 71043.4350967
592984 71200.4060745
592984 72749.4270802
592984 76860.6910706
592984 76472.2111225
592976 75819.3061352
592968 76080.9371471
592951 75969.2611694
592942 76272.8030682
592932 76071.3610649
592874 76312.0172024
592874 75991.4150238
592874 76099.5941162
592856 76063.7490749
592810 76270.9388733
592773 75994.7872162
592746 76439.1858578
592746 76083.0709934
592746 76249.6449947
592720 75941.257
592698 76162.5418663
592698 76133.9318752
592660 76070.8959103
592651 75858.0758572
592651 76223.4520912
592606 76022.3560333
592606 75951.2519836
592606 76439.1081333
592603 76335.185051
592603 75927.3309708
592603 76172.9149818
592558 76004.8840046
592558 76004.1561127
592527 76392.7469254
592521 76288.7330055
592504 76127.3839474
592504 76171.2219715
592495 76413.6929512
592460 76606.8069935
592439 75960.506916
592388 75812.8678799
592334 75970.4799652
592334 75979.3179035
592334 75538.0430222
592334 69913.2618904
592322 2616657.77302
592322 75025.9900093
592322 73121.473074
592322 77753.1058788
592322 78604.4368744
592288 78938.6870861
