2.43, 3394
2.49, 3198
2.56, 3055
2.61, 2949
2.70, 2863
2.76, 2794
2.83, 2732
2.91, 2676
3.02, 2638
3.14, 2595
3.28, 2580
3.37, 2556
3.45, 2533
3.52, 2507
3.60, 2495
3.71, 2488
3.80, 2475
3.87, 2463
3.96, 2455
4.02, 2449
4.09, 2440
4.15, 2428
4.22, 2419
4.31, 2412
4.38, 2399
4.51, 2397
4.58, 2392
4.64, 2390
4.72, 2390
4.80, 2382
4.87, 2381
4.94, 2380
5.01, 2380
5.08, 2377
5.21, 2375
5.28, 2375
5.35, 2370
5.42, 2365
5.76, 2365
5.83, 2362
5.90, 2357
6.52, 2357
6.61, 2352
9.65, 2352
9.72, 2348
9.79, 2345
10.00, 2345
10.24, 2344
10.40, 2343
25.83, 2341
52.83, 2337
200.86, 2336
479.95, 2336
