1.64, 3394
1.69, 3198
1.73, 3055
1.79, 2949
1.84, 2863
1.90, 2794
1.96, 2732
2.00, 2676
2.07, 2638
2.13, 2595
2.19, 2580
2.24, 2556
2.31, 2533
2.36, 2507
2.41, 2495
2.47, 2488
2.53, 2475
2.57, 2463
2.64, 2455
2.69, 2449
2.76, 2440
2.81, 2428
2.86, 2419
2.93, 2412
2.97, 2399
3.09, 2397
3.14, 2392
3.21, 2390
3.26, 2390
3.31, 2382
3.38, 2381
3.43, 2380
3.48, 2380
3.53, 2377
3.64, 2375
3.69, 2375
3.76, 2370
3.81, 2365
4.09, 2365
4.16, 2362
4.23, 2357
4.73, 2357
4.78, 2352
7.25, 2352
7.30, 2348
7.35, 2345
7.52, 2345
7.70, 2344
7.80, 2343
20.61, 2341
43.92, 2337
168.12, 2336
443.47, 2336
