1.60, 3394
1.63, 3198
1.69, 3055
1.75, 2949
1.80, 2863
1.86, 2794
1.92, 2732
1.99, 2676
2.03, 2638
2.09, 2595
2.16, 2580
2.22, 2556
2.27, 2533
2.32, 2507
2.39, 2495
2.46, 2488
2.50, 2475
2.57, 2463
2.62, 2455
2.71, 2449
2.79, 2440
2.87, 2428
2.94, 2419
3.01, 2412
3.07, 2399
3.20, 2397
3.26, 2392
3.33, 2390
3.39, 2390
3.45, 2382
3.51, 2381
3.59, 2380
3.65, 2380
3.73, 2377
3.85, 2375
3.91, 2375
4.00, 2370
4.11, 2365
4.71, 2365
4.79, 2362
4.86, 2357
5.36, 2357
5.44, 2352
8.15, 2352
8.21, 2348
8.26, 2345
8.45, 2345
8.63, 2344
8.78, 2343
23.23, 2341
49.04, 2337
170.99, 2336
433.80, 2336
