1.73, 3394
1.77, 3198
1.82, 3055
1.87, 2949
1.92, 2863
1.98, 2794
2.05, 2732
2.09, 2676
2.15, 2638
2.18, 2595
2.23, 2580
2.29, 2556
2.33, 2533
2.39, 2507
2.43, 2495
2.50, 2488
2.57, 2475
2.63, 2463
2.70, 2455
2.75, 2449
2.80, 2440
2.85, 2428
2.90, 2419
2.95, 2412
3.00, 2399
3.11, 2397
3.15, 2392
3.22, 2390
3.29, 2390
3.35, 2382
3.40, 2381
3.45, 2380
3.52, 2380
3.57, 2377
3.67, 2375
3.75, 2375
3.80, 2370
3.85, 2365
4.11, 2365
4.15, 2362
4.20, 2357
4.67, 2357
4.74, 2352
7.28, 2352
7.34, 2348
7.40, 2345
7.58, 2345
7.76, 2344
7.88, 2343
21.06, 2341
42.54, 2337
148.46, 2336
362.14, 2336
