1.63, 3394
1.68, 3198
1.73, 3055
1.80, 2949
1.89, 2863
1.95, 2794
2.00, 2732
2.07, 2676
2.13, 2638
2.22, 2595
2.27, 2580
2.35, 2556
2.40, 2533
2.46, 2507
2.52, 2495
2.57, 2488
2.64, 2475
2.68, 2463
2.74, 2455
2.80, 2449
2.85, 2440
2.91, 2428
2.97, 2419
3.02, 2412
3.07, 2399
3.18, 2397
3.24, 2392
3.31, 2390
3.35, 2390
3.41, 2382
3.47, 2381
3.52, 2380
3.57, 2380
3.62, 2377
3.74, 2375
3.79, 2375
3.84, 2370
3.91, 2365
4.17, 2365
4.22, 2362
4.29, 2357
4.74, 2357
4.79, 2352
7.17, 2352
7.23, 2348
7.29, 2345
7.44, 2345
7.61, 2344
7.71, 2343
19.90, 2341
40.88, 2337
146.43, 2336
389.00, 2336
