4.70, 3394
4.92, 3198
5.08, 3055
5.58, 2949
6.03, 2863
6.28, 2794
6.39, 2732
6.51, 2676
6.62, 2638
6.71, 2595
6.82, 2580
6.92, 2556
7.03, 2533
7.13, 2507
7.28, 2495
7.54, 2488
7.76, 2475
7.87, 2463
8.15, 2455
8.49, 2449
8.77, 2440
8.92, 2428
9.30, 2419
9.49, 2412
9.65, 2399
9.90, 2397
9.99, 2392
10.14, 2390
10.55, 2390
10.80, 2382
11.00, 2381
11.17, 2380
11.31, 2380
11.43, 2377
11.68, 2375
11.82, 2375
11.93, 2370
12.06, 2365
13.00, 2365
13.27, 2362
13.39, 2357
14.35, 2357
14.60, 2352
18.76, 2352
18.89, 2348
19.00, 2345
19.22, 2345
19.83, 2344
20.04, 2343
47.95, 2341
75.76, 2337
187.14, 2336
383.57, 2336
