0.10, 774
0.12, 743
0.13, 720
0.13, 708
0.14, 697
0.15, 691
0.16, 680
0.16, 677
0.16, 673
0.17, 671
0.17, 665
0.19, 665
0.19, 664
0.20, 658
0.20, 656
0.22, 649
0.22, 649
0.24, 649
0.24, 647
0.25, 646
0.25, 645
0.27, 640
0.27, 635
0.29, 635
0.32, 634
0.32, 632
0.59, 631
0.60, 631
0.60, 630
0.62, 628
0.77, 628
0.77, 626
0.78, 626
0.90, 626
0.99, 626
1.42, 626
1.42, 624
1.44, 623
1.59, 623
1.72, 623
7.51, 623
7.51, 623
26.23, 623
26.23, 621
27.30, 621
48.40, 621
48.42, 621
180.38, 621
264.41, 621
547.13, 620
547.13, 620
