0.11, 774
0.11, 743
0.11, 720
0.13, 708
0.14, 697
0.14, 691
0.15, 680
0.16, 677
0.17, 673
0.17, 671
0.17, 665
0.18, 665
0.20, 664
0.20, 658
0.21, 656
0.21, 649
0.23, 649
0.23, 649
0.25, 647
0.25, 646
0.27, 645
0.27, 640
0.28, 635
0.30, 635
0.31, 634
0.33, 632
0.63, 631
0.63, 631
0.65, 630
0.65, 628
0.83, 628
0.83, 626
0.85, 626
1.00, 626
1.08, 626
1.62, 626
1.63, 624
1.63, 623
1.85, 623
2.06, 623
8.33, 623
8.33, 623
29.45, 623
29.46, 621
30.93, 621
57.75, 621
57.75, 621
191.15, 621
275.32, 621
557.23, 620
557.23, 620
