0.10, 774
0.11, 743
0.11, 720
0.12, 708
0.12, 697
0.13, 691
0.14, 680
0.14, 677
0.15, 673
0.16, 671
0.16, 665
0.16, 665
0.18, 664
0.18, 658
0.20, 656
0.20, 649
0.21, 649
0.22, 649
0.23, 647
0.24, 646
0.25, 645
0.25, 640
0.26, 635
0.28, 635
0.30, 634
0.30, 632
0.59, 631
0.61, 631
0.62, 630
0.62, 628
0.76, 628
0.78, 626
0.79, 626
0.93, 626
0.99, 626
1.50, 626
1.50, 624
1.52, 623
1.70, 623
1.89, 623
7.95, 623
7.95, 623
28.26, 623
28.27, 621
29.46, 621
50.61, 621
50.61, 621
183.32, 621
268.68, 621
564.50, 620
564.50, 620
