0.11, 774
0.11, 743
0.12, 720
0.12, 708
0.13, 697
0.14, 691
0.14, 680
0.15, 677
0.15, 673
0.16, 671
0.17, 665
0.18, 665
0.19, 664
0.20, 658
0.21, 656
0.22, 649
0.23, 649
0.24, 649
0.25, 647
0.26, 646
0.27, 645
0.27, 640
0.28, 635
0.30, 635
0.32, 634
0.33, 632
0.63, 631
0.64, 631
0.65, 630
0.66, 628
0.84, 628
0.85, 626
0.85, 626
1.01, 626
1.08, 626
1.59, 626
1.60, 624
1.61, 623
1.77, 623
1.91, 623
8.07, 623
8.08, 623
27.88, 623
27.89, 621
29.03, 621
52.10, 621
52.11, 621
192.04, 621
281.55, 621
586.70, 620
586.70, 620
