0.09, 774
0.11, 743
0.12, 720
0.12, 708
0.12, 697
0.12, 691
0.14, 680
0.14, 677
0.15, 673
0.15, 671
0.15, 665
0.17, 665
0.18, 664
0.18, 658
0.20, 656
0.20, 649
0.22, 649
0.22, 649
0.22, 647
0.24, 646
0.24, 645
0.25, 640
0.25, 635
0.27, 635
0.29, 634
0.30, 632
0.55, 631
0.57, 631
0.57, 630
0.59, 628
0.72, 628
0.74, 626
0.74, 626
0.89, 626
0.99, 626
1.42, 626
1.44, 624
1.44, 623
1.59, 623
1.73, 623
7.84, 623
7.85, 623
26.35, 623
26.35, 621
27.38, 621
48.54, 621
48.54, 621
190.00, 621
279.48, 621
565.93, 620
565.93, 620
