0.10, 774
0.10, 743
0.11, 720
0.11, 708
0.11, 697
0.13, 691
0.13, 680
0.15, 677
0.15, 673
0.15, 671
0.15, 665
0.17, 665
0.17, 664
0.18, 658
0.18, 656
0.20, 649
0.22, 649
0.22, 649
0.23, 647
0.23, 646
0.25, 645
0.25, 640
0.25, 635
0.27, 635
0.30, 634
0.30, 632
0.60, 631
0.61, 631
0.61, 630
0.61, 628
0.77, 628
0.77, 626
0.79, 626
0.92, 626
0.99, 626
1.42, 626
1.42, 624
1.43, 623
1.60, 623
1.74, 623
7.58, 623
7.60, 623
26.41, 623
26.41, 621
27.47, 621
48.74, 621
48.74, 621
181.96, 621
267.01, 621
553.26, 620
553.26, 620
