0.11, 774
0.11, 743
0.11, 720
0.12, 708
0.12, 697
0.14, 691
0.15, 680
0.15, 677
0.15, 673
0.16, 671
0.16, 665
0.18, 665
0.18, 664
0.19, 658
0.21, 656
0.21, 649
0.23, 649
0.24, 649
0.24, 647
0.25, 646
0.25, 645
0.25, 640
0.27, 635
0.28, 635
0.31, 634
0.31, 632
0.58, 631
0.61, 631
0.61, 630
0.63, 628
0.77, 628
0.77, 626
0.78, 626
0.91, 626
1.00, 626
1.41, 626
1.41, 624
1.43, 623
1.58, 623
1.71, 623
7.53, 623
7.55, 623
26.81, 623
26.81, 621
27.88, 621
49.01, 621
49.02, 621
180.93, 621
265.29, 621
546.52, 620
546.53, 620
