54.18, 14929
54.79, 13644
55.41, 12529
56.02, 11544
56.62, 10693
57.19, 9927
57.78, 9255
58.34, 8655
58.84, 8089
59.32, 7592
59.79, 7155
60.21, 6744
60.63, 6388
61.04, 6082
61.48, 5816
61.82, 5546
62.10, 5322
62.37, 5117
62.67, 4949
62.96, 4788
63.21, 4652
63.47, 4531
63.71, 4424
63.95, 4328
64.17, 4224
64.41, 4159
64.63, 4079
64.85, 4006
65.05, 3936
65.28, 3878
65.51, 3830
65.73, 3781
65.96, 3738
66.16, 3694
66.37, 3661
66.60, 3637
66.82, 3598
67.02, 3566
67.23, 3543
67.45, 3529
67.68, 3514
67.92, 3496
68.14, 3485
68.35, 3476
68.59, 3469
68.79, 3465
68.99, 3457
69.18, 3445
69.38, 3439
69.57, 3432
69.77, 3422
69.96, 3416
70.17, 3411
70.34, 3407
70.54, 3402
70.74, 3402
70.90, 3395
71.10, 3391
71.32, 3391
71.51, 3387
71.75, 3386
71.95, 3383
72.35, 3383
73.05, 3382
73.26, 3378
73.45, 3373
73.68, 3372
75.06, 3370
75.25, 3368
75.44, 3364
75.62, 3360
78.94, 3360
80.29, 3358
86.51, 3358
86.72, 3357
86.93, 3354
87.32, 3354
87.52, 3353
87.73, 3351
90.97, 3351
91.16, 3349
91.36, 3346
