55.43, 14929
56.08, 13644
56.77, 12529
57.42, 11544
58.14, 10693
58.75, 9927
59.35, 9255
60.12, 8655
60.65, 8089
61.21, 7592
61.92, 7155
62.56, 6744
63.00, 6388
63.44, 6082
63.90, 5816
64.30, 5546
64.61, 5322
64.88, 5117
65.14, 4949
65.41, 4788
65.68, 4652
65.94, 4531
66.17, 4424
66.64, 4328
66.96, 4224
67.31, 4159
67.54, 4079
67.76, 4006
68.08, 3936
68.35, 3878
68.58, 3830
68.83, 3781
69.07, 3738
69.30, 3694
69.57, 3661
69.80, 3637
70.03, 3598
70.27, 3566
70.51, 3543
70.76, 3529
70.98, 3514
71.19, 3496
71.43, 3485
71.66, 3476
71.91, 3469
72.13, 3465
72.35, 3457
72.56, 3445
72.78, 3439
72.98, 3432
73.19, 3422
73.51, 3416
73.90, 3411
74.24, 3407
74.54, 3402
74.82, 3402
75.19, 3395
75.49, 3391
75.79, 3391
76.06, 3387
76.37, 3386
76.69, 3383
77.24, 3383
78.11, 3382
78.40, 3378
78.70, 3373
78.97, 3372
80.64, 3370
81.04, 3368
81.36, 3364
81.55, 3360
85.41, 3360
87.00, 3358
94.08, 3358
94.31, 3357
94.56, 3354
95.00, 3354
95.23, 3353
95.48, 3351
98.85, 3351
99.05, 3349
99.25, 3346
