53.90, 14929
54.55, 13644
55.38, 12529
56.13, 11544
56.74, 10693
57.30, 9927
57.83, 9255
58.37, 8655
58.90, 8089
59.46, 7592
59.92, 7155
60.36, 6744
60.79, 6388
61.20, 6082
61.68, 5816
62.05, 5546
62.35, 5322
62.63, 5117
62.92, 4949
63.20, 4788
63.52, 4652
63.81, 4531
64.13, 4424
64.43, 4328
64.72, 4224
65.02, 4159
65.35, 4079
65.61, 4006
65.84, 3936
66.09, 3878
66.34, 3830
66.56, 3781
66.79, 3738
67.00, 3694
67.23, 3661
67.45, 3637
67.67, 3598
67.87, 3566
68.08, 3543
68.29, 3529
68.51, 3514
68.75, 3496
68.97, 3485
69.19, 3476
69.41, 3469
69.64, 3465
69.85, 3457
70.03, 3445
70.22, 3439
70.42, 3432
70.61, 3422
70.79, 3416
71.00, 3411
71.19, 3407
71.39, 3402
71.58, 3402
71.77, 3395
71.94, 3391
72.16, 3391
72.36, 3387
72.56, 3386
72.77, 3383
73.18, 3383
73.89, 3382
74.14, 3378
74.39, 3373
74.62, 3372
76.08, 3370
76.28, 3368
76.47, 3364
76.67, 3360
79.95, 3360
81.30, 3358
87.58, 3358
87.78, 3357
88.00, 3354
88.41, 3354
88.62, 3353
88.83, 3351
92.03, 3351
92.20, 3349
92.41, 3346
