67.88, 14929
68.51, 13644
69.05, 12529
69.60, 11544
70.23, 10693
70.79, 9927
71.57, 9255
72.13, 8655
72.65, 8089
73.34, 7592
73.91, 7155
74.41, 6744
74.86, 6388
75.22, 6082
75.61, 5816
75.92, 5546
76.15, 5322
76.39, 5117
76.62, 4949
76.85, 4788
77.07, 4652
77.28, 4531
77.48, 4424
77.69, 4328
77.89, 4224
78.13, 4159
78.35, 4079
78.55, 4006
78.73, 3936
78.94, 3878
79.15, 3830
79.35, 3781
79.55, 3738
79.74, 3694
79.94, 3661
80.13, 3637
80.31, 3598
80.49, 3566
80.67, 3543
80.88, 3529
81.05, 3514
81.24, 3496
81.45, 3485
81.65, 3476
81.84, 3469
82.05, 3465
82.22, 3457
82.38, 3445
82.55, 3439
82.72, 3432
82.89, 3422
83.07, 3416
83.27, 3411
83.44, 3407
83.60, 3402
83.78, 3402
83.96, 3395
84.11, 3391
84.29, 3391
84.46, 3387
84.63, 3386
84.81, 3383
85.19, 3383
85.74, 3382
86.03, 3378
86.29, 3373
86.54, 3372
88.39, 3370
88.55, 3368
88.71, 3364
88.87, 3360
91.72, 3360
93.00, 3358
98.85, 3358
99.02, 3357
99.20, 3354
99.56, 3354
99.73, 3353
99.90, 3351
102.91, 3351
103.09, 3349
103.30, 3346
586.81, 3346
586.95, 3345
