50.50, 14929
51.00, 13644
51.48, 12529
51.94, 11544
52.42, 10693
52.87, 9927
53.33, 9255
53.74, 8655
54.13, 8089
54.70, 7592
55.09, 7155
55.56, 6744
56.14, 6388
56.47, 6082
56.82, 5816
57.06, 5546
57.27, 5322
57.49, 5117
57.71, 4949
57.99, 4788
58.25, 4652
58.44, 4531
58.65, 4424
58.84, 4328
59.02, 4224
59.21, 4159
59.39, 4079
59.57, 4006
59.73, 3936
59.92, 3878
60.10, 3830
60.29, 3781
60.62, 3738
60.79, 3694
60.97, 3661
61.15, 3637
61.32, 3598
61.48, 3566
61.65, 3543
61.81, 3529
61.99, 3514
62.28, 3496
62.63, 3485
62.85, 3476
63.30, 3469
63.48, 3465
63.62, 3457
63.92, 3445
64.07, 3439
64.23, 3432
64.39, 3422
64.55, 3416
64.70, 3411
64.86, 3407
65.01, 3402
65.17, 3402
65.33, 3395
65.48, 3391
65.66, 3391
65.82, 3387
65.98, 3386
66.14, 3383
66.48, 3383
67.01, 3382
67.16, 3378
67.32, 3373
67.54, 3372
68.74, 3370
68.89, 3368
69.04, 3364
69.19, 3360
71.75, 3360
72.83, 3358
77.79, 3358
77.97, 3357
78.15, 3354
78.47, 3354
78.62, 3353
78.78, 3351
81.43, 3351
81.82, 3349
82.04, 3346
538.38, 3346
538.53, 3345
