52.44, 14929
53.03, 13644
53.73, 12529
54.36, 11544
54.98, 10693
55.55, 9927
56.11, 9255
56.64, 8655
57.13, 8089
57.59, 7592
58.04, 7155
58.51, 6744
58.95, 6388
59.35, 6082
59.77, 5816
60.08, 5546
60.35, 5322
60.61, 5117
60.86, 4949
61.15, 4788
61.42, 4652
61.67, 4531
61.93, 4424
62.18, 4328
62.41, 4224
62.66, 4159
62.88, 4079
63.11, 4006
63.35, 3936
63.61, 3878
63.88, 3830
64.12, 3781
64.35, 3738
64.57, 3694
64.79, 3661
65.03, 3637
65.24, 3598
65.44, 3566
65.65, 3543
65.87, 3529
66.08, 3514
66.31, 3496
66.51, 3485
66.73, 3476
66.96, 3469
67.18, 3465
67.38, 3457
67.57, 3445
67.75, 3439
67.93, 3432
68.12, 3422
68.35, 3416
68.57, 3411
68.80, 3407
68.99, 3402
69.20, 3402
69.39, 3395
69.58, 3391
69.81, 3391
70.02, 3387
70.23, 3386
70.44, 3383
70.84, 3383
71.49, 3382
71.69, 3378
71.89, 3373
72.09, 3372
73.52, 3370
73.73, 3368
73.92, 3364
74.11, 3360
77.44, 3360
78.90, 3358
85.51, 3358
85.75, 3357
86.00, 3354
86.44, 3354
86.63, 3353
86.85, 3351
90.12, 3351
90.32, 3349
90.51, 3346
