51.26, 14929
51.82, 13644
52.39, 12529
53.07, 11544
53.68, 10693
54.22, 9927
54.71, 9255
55.19, 8655
55.58, 8089
56.05, 7592
56.43, 7155
56.81, 6744
57.22, 6388
57.61, 6082
58.14, 5816
58.43, 5546
58.75, 5322
59.01, 5117
59.25, 4949
59.56, 4788
59.79, 4652
60.03, 4531
60.25, 4424
60.46, 4328
60.78, 4224
61.03, 4159
61.26, 4079
61.46, 4006
61.64, 3936
61.87, 3878
62.09, 3830
62.34, 3781
62.54, 3738
62.73, 3694
62.93, 3661
63.13, 3637
63.36, 3598
63.60, 3566
63.78, 3543
63.97, 3529
64.14, 3514
64.32, 3496
64.53, 3485
64.72, 3476
64.93, 3469
65.18, 3465
65.39, 3457
65.57, 3445
65.78, 3439
65.98, 3432
66.14, 3422
66.45, 3416
66.66, 3411
66.83, 3407
67.00, 3402
67.16, 3402
67.31, 3395
67.47, 3391
67.68, 3391
67.89, 3387
68.13, 3386
68.32, 3383
68.73, 3383
69.29, 3382
69.50, 3378
69.67, 3373
69.84, 3372
71.10, 3370
71.26, 3368
71.42, 3364
71.59, 3360
74.57, 3360
75.90, 3358
82.27, 3358
82.51, 3357
82.73, 3354
83.30, 3354
83.55, 3353
83.77, 3351
86.67, 3351
86.83, 3349
87.01, 3346
582.87, 3346
583.03, 3345
