51.78, 14929
52.46, 13644
53.14, 12529
53.75, 11544
54.35, 10693
54.92, 9927
55.49, 9255
56.05, 8655
56.52, 8089
56.99, 7592
57.48, 7155
57.94, 6744
58.34, 6388
58.75, 6082
59.17, 5816
59.47, 5546
59.76, 5322
60.04, 5117
60.30, 4949
60.58, 4788
60.85, 4652
61.09, 4531
61.34, 4424
61.60, 4328
61.83, 4224
62.08, 4159
62.31, 4079
62.56, 4006
62.79, 3936
63.02, 3878
63.26, 3830
63.48, 3781
63.71, 3738
63.93, 3694
64.15, 3661
64.37, 3637
64.57, 3598
64.76, 3566
64.98, 3543
65.19, 3529
65.39, 3514
65.59, 3496
65.85, 3485
66.07, 3476
66.30, 3469
66.51, 3465
66.71, 3457
66.90, 3445
67.09, 3439
67.28, 3432
67.49, 3422
67.71, 3416
67.92, 3411
68.11, 3407
68.31, 3402
68.55, 3402
68.74, 3395
68.93, 3391
69.15, 3391
69.35, 3387
69.55, 3386
69.76, 3383
70.17, 3383
70.81, 3382
71.00, 3378
71.20, 3373
71.39, 3372
72.83, 3370
73.02, 3368
73.22, 3364
73.40, 3360
76.64, 3360
78.06, 3358
84.28, 3358
84.46, 3357
84.66, 3354
85.05, 3354
85.24, 3353
85.44, 3351
88.74, 3351
88.94, 3349
89.14, 3346
