44.65, 14929
45.14, 13644
45.65, 12529
46.13, 11544
46.63, 10693
47.11, 9927
47.55, 9255
47.97, 8655
48.36, 8089
48.79, 7592
49.17, 7155
49.51, 6744
49.85, 6388
50.20, 6082
50.57, 5816
50.82, 5546
51.03, 5322
51.29, 5117
51.53, 4949
51.75, 4788
51.98, 4652
52.22, 4531
52.44, 4424
52.70, 4328
52.89, 4224
53.09, 4159
53.28, 4079
53.49, 4006
53.69, 3936
53.90, 3878
54.09, 3830
54.28, 3781
54.48, 3738
54.66, 3694
54.85, 3661
55.07, 3637
55.25, 3598
55.41, 3566
55.61, 3543
55.80, 3529
55.98, 3514
56.18, 3496
56.41, 3485
56.63, 3476
56.83, 3469
57.05, 3465
57.25, 3457
57.44, 3445
57.65, 3439
57.81, 3432
57.95, 3422
58.11, 3416
58.26, 3411
58.43, 3407
58.61, 3402
58.77, 3402
58.92, 3395
59.08, 3391
59.27, 3391
59.43, 3387
59.61, 3386
59.80, 3383
60.13, 3383
60.66, 3382
60.84, 3378
60.99, 3373
61.16, 3372
62.37, 3370
62.52, 3368
62.68, 3364
62.85, 3360
65.58, 3360
66.68, 3358
71.71, 3358
71.87, 3357
72.04, 3354
72.37, 3354
72.51, 3353
72.67, 3351
75.25, 3351
75.41, 3349
75.57, 3346
568.67, 3346
569.04, 3345
