54.35, 14929
54.98, 13644
55.60, 12529
56.23, 11544
56.88, 10693
57.51, 9927
58.07, 9255
58.60, 8655
59.09, 8089
59.53, 7592
60.00, 7155
60.45, 6744
60.86, 6388
61.28, 6082
61.74, 5816
62.09, 5546
62.37, 5322
62.63, 5117
62.89, 4949
63.15, 4788
63.39, 4652
63.64, 4531
63.90, 4424
64.15, 4328
64.37, 4224
64.59, 4159
64.81, 4079
65.01, 4006
65.21, 3936
65.44, 3878
65.67, 3830
65.89, 3781
66.10, 3738
66.33, 3694
66.57, 3661
66.82, 3637
67.06, 3598
67.27, 3566
67.50, 3543
67.72, 3529
67.92, 3514
68.13, 3496
68.34, 3485
68.55, 3476
68.76, 3469
68.98, 3465
69.16, 3457
69.36, 3445
69.54, 3439
69.73, 3432
69.93, 3422
70.12, 3416
70.32, 3411
70.51, 3407
70.72, 3402
70.91, 3402
71.10, 3395
71.27, 3391
71.51, 3391
71.74, 3387
71.97, 3386
72.18, 3383
72.59, 3383
73.22, 3382
73.42, 3378
73.64, 3373
73.84, 3372
75.25, 3370
75.43, 3368
75.63, 3364
75.83, 3360
79.18, 3360
80.52, 3358
86.76, 3358
87.00, 3357
87.24, 3354
87.64, 3354
87.83, 3353
88.02, 3351
91.43, 3351
91.66, 3349
91.90, 3346
