42.24, 14929
42.77, 13644
43.28, 12529
43.78, 11544
44.27, 10693
44.74, 9927
45.20, 9255
45.65, 8655
46.03, 8089
46.45, 7592
46.85, 7155
47.20, 6744
47.54, 6388
47.89, 6082
48.22, 5816
48.46, 5546
48.69, 5322
48.92, 5117
49.13, 4949
49.35, 4788
49.56, 4652
49.78, 4531
49.98, 4424
50.18, 4328
50.36, 4224
50.56, 4159
50.74, 4079
50.92, 4006
51.09, 3936
51.29, 3878
51.48, 3830
51.66, 3781
51.85, 3738
52.03, 3694
52.21, 3661
52.38, 3637
52.55, 3598
52.73, 3566
52.92, 3543
53.10, 3529
53.27, 3514
53.45, 3496
53.64, 3485
53.83, 3476
54.01, 3469
54.18, 3465
54.35, 3457
54.50, 3445
54.66, 3439
54.83, 3432
54.98, 3422
55.15, 3416
55.31, 3411
55.46, 3407
55.62, 3402
55.77, 3402
55.94, 3395
56.10, 3391
56.28, 3391
56.47, 3387
56.64, 3386
56.81, 3383
57.14, 3383
57.65, 3382
57.83, 3378
57.99, 3373
58.17, 3372
59.32, 3370
59.48, 3368
59.64, 3364
59.79, 3360
62.46, 3360
63.57, 3358
68.69, 3358
68.88, 3357
69.06, 3354
69.41, 3354
69.56, 3353
69.71, 3351
72.49, 3351
72.66, 3349
72.84, 3346
530.01, 3346
530.16, 3345
