53.84, 14929
54.45, 13644
55.08, 12529
55.68, 11544
56.32, 10693
56.89, 9927
57.51, 9255
58.05, 8655
58.52, 8089
59.05, 7592
59.50, 7155
59.97, 6744
60.38, 6388
60.79, 6082
61.20, 5816
61.49, 5546
61.75, 5322
62.02, 5117
62.31, 4949
62.58, 4788
62.83, 4652
63.08, 4531
63.33, 4424
63.57, 4328
63.81, 4224
64.05, 4159
64.27, 4079
64.48, 4006
64.69, 3936
64.93, 3878
65.17, 3830
65.39, 3781
65.61, 3738
65.84, 3694
66.07, 3661
66.29, 3637
66.49, 3598
66.70, 3566
66.92, 3543
67.16, 3529
67.39, 3514
67.61, 3496
67.83, 3485
68.05, 3476
68.25, 3469
68.46, 3465
68.66, 3457
68.85, 3445
69.05, 3439
69.26, 3432
69.44, 3422
69.69, 3416
69.89, 3411
70.08, 3407
70.27, 3402
70.45, 3402
70.64, 3395
70.82, 3391
71.05, 3391
71.24, 3387
71.43, 3386
71.64, 3383
72.04, 3383
72.73, 3382
72.92, 3378
73.12, 3373
73.35, 3372
74.75, 3370
74.93, 3368
75.12, 3364
75.32, 3360
78.59, 3360
80.00, 3358
86.13, 3358
86.33, 3357
86.54, 3354
86.94, 3354
87.15, 3353
87.37, 3351
90.63, 3351
90.83, 3349
91.03, 3346
