55.91, 14929
56.55, 13644
57.20, 12529
57.81, 11544
58.43, 10693
58.99, 9927
59.56, 9255
60.11, 8655
60.57, 8089
61.05, 7592
61.51, 7155
61.93, 6744
62.34, 6388
62.78, 6082
63.19, 5816
63.48, 5546
63.79, 5322
64.06, 5117
64.31, 4949
64.62, 4788
64.85, 4652
65.10, 4531
65.35, 4424
65.63, 4328
65.88, 4224
66.12, 4159
66.34, 4079
66.58, 4006
66.78, 3936
67.01, 3878
67.22, 3830
67.46, 3781
67.70, 3738
67.93, 3694
68.16, 3661
68.39, 3637
68.62, 3598
68.84, 3566
69.06, 3543
69.27, 3529
69.48, 3514
69.69, 3496
69.90, 3485
70.11, 3476
70.33, 3469
70.56, 3465
70.78, 3457
70.97, 3445
71.17, 3439
71.35, 3432
71.56, 3422
71.77, 3416
71.98, 3411
72.17, 3407
72.36, 3402
72.56, 3402
72.76, 3395
72.95, 3391
73.16, 3391
73.35, 3387
73.55, 3386
73.77, 3383
74.19, 3383
74.86, 3382
75.06, 3378
75.25, 3373
75.46, 3372
76.89, 3370
77.09, 3368
77.27, 3364
77.45, 3360
80.73, 3360
82.10, 3358
88.46, 3358
88.68, 3357
88.91, 3354
89.32, 3354
89.51, 3353
89.72, 3351
93.19, 3351
93.40, 3349
93.65, 3346
