48.50, 14929
49.16, 13644
49.73, 12529
50.25, 11544
50.72, 10693
51.22, 9927
52.44, 9255
54.14, 8655
55.15, 8089
55.92, 7592
56.59, 7155
57.14, 6744
57.96, 6388
58.93, 6082
60.45, 5816
61.73, 5546
62.18, 5322
62.48, 5117
62.79, 4949
63.10, 4788
63.43, 4652
63.79, 4531
64.11, 4424
64.41, 4328
64.75, 4224
65.07, 4159
65.37, 4079
65.63, 4006
65.98, 3936
66.25, 3878
66.50, 3830
66.73, 3781
67.01, 3738
67.28, 3694
67.56, 3661
67.86, 3637
68.14, 3598
68.38, 3566
68.67, 3543
68.95, 3529
69.18, 3514
69.41, 3496
69.64, 3485
69.87, 3476
70.14, 3469
70.39, 3465
70.61, 3457
70.83, 3445
71.04, 3439
71.25, 3432
71.45, 3422
71.67, 3416
71.93, 3411
72.14, 3407
72.35, 3402
72.57, 3402
72.77, 3395
72.98, 3391
73.23, 3391
73.47, 3387
73.71, 3386
73.97, 3383
74.44, 3383
75.15, 3382
75.39, 3378
75.61, 3373
75.83, 3372
77.59, 3370
77.83, 3368
78.05, 3364
78.25, 3360
84.36, 3360
86.80, 3358
92.55, 3358
92.73, 3357
92.92, 3354
93.28, 3354
93.43, 3353
93.60, 3351
96.49, 3351
96.65, 3349
96.82, 3346
