53.22, 14929
53.83, 13644
54.41, 12529
55.00, 11544
55.60, 10693
56.18, 9927
56.71, 9255
57.24, 8655
57.72, 8089
58.21, 7592
58.66, 7155
59.08, 6744
59.47, 6388
59.88, 6082
60.33, 5816
60.64, 5546
60.92, 5322
61.17, 5117
61.43, 4949
61.69, 4788
61.95, 4652
62.21, 4531
62.45, 4424
62.69, 4328
62.91, 4224
63.15, 4159
63.39, 4079
63.61, 4006
63.81, 3936
64.04, 3878
64.27, 3830
64.51, 3781
64.73, 3738
64.95, 3694
65.19, 3661
65.41, 3637
65.63, 3598
65.83, 3566
66.05, 3543
66.27, 3529
66.47, 3514
66.67, 3496
66.88, 3485
67.11, 3476
67.35, 3469
67.55, 3465
67.74, 3457
67.93, 3445
68.12, 3439
68.34, 3432
68.55, 3422
68.75, 3416
68.93, 3411
69.13, 3407
69.33, 3402
69.53, 3402
69.71, 3395
69.89, 3391
70.11, 3391
70.36, 3387
70.56, 3386
70.77, 3383
71.17, 3383
71.83, 3382
72.04, 3378
72.25, 3373
72.45, 3372
73.87, 3370
74.05, 3368
74.25, 3364
74.44, 3360
77.73, 3360
79.07, 3358
85.22, 3358
85.40, 3357
85.62, 3354
86.02, 3354
86.19, 3353
86.37, 3351
89.60, 3351
89.80, 3349
90.01, 3346
