52.62, 14929
53.24, 13644
53.88, 12529
54.47, 11544
55.08, 10693
55.65, 9927
56.19, 9255
56.72, 8655
57.23, 8089
57.76, 7592
58.23, 7155
58.66, 6744
59.08, 6388
59.49, 6082
59.90, 5816
60.21, 5546
60.50, 5322
60.75, 5117
61.01, 4949
61.29, 4788
61.56, 4652
61.82, 4531
62.09, 4424
62.37, 4328
62.61, 4224
62.86, 4159
63.09, 4079
63.29, 4006
63.50, 3936
63.73, 3878
63.94, 3830
64.16, 3781
64.38, 3738
64.59, 3694
64.82, 3661
65.04, 3637
65.27, 3598
65.47, 3566
65.67, 3543
65.89, 3529
66.10, 3514
66.31, 3496
66.52, 3485
66.73, 3476
66.95, 3469
67.19, 3465
67.45, 3457
67.66, 3445
67.85, 3439
68.03, 3432
68.22, 3422
68.40, 3416
68.59, 3411
68.78, 3407
68.99, 3402
69.18, 3402
69.38, 3395
69.56, 3391
69.79, 3391
70.00, 3387
70.20, 3386
70.43, 3383
70.83, 3383
71.47, 3382
71.68, 3378
71.88, 3373
72.11, 3372
73.58, 3370
73.77, 3368
73.95, 3364
74.14, 3360
77.49, 3360
78.88, 3358
85.08, 3358
85.30, 3357
85.52, 3354
85.92, 3354
86.09, 3353
86.28, 3351
89.64, 3351
89.84, 3349
90.04, 3346
