3.58, 5510
3.68, 5206
3.80, 5005
4.06, 4844
4.20, 4717
4.34, 4617
4.60, 4536
4.86, 4472
5.04, 4421
5.26, 4378
5.40, 4336
5.55, 4291
5.70, 4251
5.83, 4219
5.95, 4196
6.08, 4174
6.20, 4156
6.32, 4134
6.45, 4114
6.57, 4100
6.70, 4093
6.83, 4085
6.95, 4072
7.07, 4065
7.20, 4050
7.32, 4044
7.44, 4037
7.57, 4026
7.75, 4023
7.89, 4020
8.01, 4017
8.13, 4012
8.38, 4009
8.49, 4003
8.62, 4000
8.74, 4000
8.86, 3995
8.98, 3992
9.10, 3990
9.22, 3984
9.46, 3984
10.12, 3982
10.50, 3982
11.08, 3979
12.19, 3977
12.32, 3977
12.73, 3972
21.43, 3972
21.56, 3969
21.69, 3967
48.83, 3966
49.08, 3964
289.93, 3964
