2.94, 5510
3.03, 5206
3.14, 5005
3.25, 4844
3.38, 4717
3.49, 4617
3.61, 4536
3.72, 4472
3.85, 4421
3.97, 4378
4.10, 4336
4.21, 4291
4.31, 4251
4.44, 4219
4.56, 4196
4.67, 4174
4.78, 4156
4.91, 4134
5.02, 4114
5.14, 4100
5.25, 4093
5.37, 4085
5.49, 4072
5.60, 4065
5.71, 4050
5.84, 4044
5.95, 4037
6.05, 4026
6.18, 4023
6.29, 4020
6.41, 4017
6.53, 4012
6.76, 4009
6.89, 4003
7.00, 4000
7.11, 4000
7.22, 3995
7.35, 3992
7.46, 3990
7.58, 3984
7.80, 3984
8.37, 3982
8.60, 3982
8.94, 3979
9.62, 3977
9.74, 3977
10.08, 3972
17.04, 3972
17.15, 3969
17.28, 3967
39.70, 3966
39.92, 3964
266.59, 3964
