3.13, 5510
3.23, 5206
3.35, 5005
3.47, 4844
3.59, 4717
3.71, 4617
3.84, 4536
3.97, 4472
4.10, 4421
4.23, 4378
4.36, 4336
4.48, 4291
4.61, 4251
4.73, 4219
4.86, 4196
4.98, 4174
5.11, 4156
5.23, 4134
5.36, 4114
5.48, 4100
5.61, 4093
5.73, 4085
5.85, 4072
5.97, 4065
6.09, 4050
6.22, 4044
6.34, 4037
6.46, 4026
6.58, 4023
6.71, 4020
6.83, 4017
6.95, 4012
7.19, 4009
7.31, 4003
7.43, 4000
7.56, 4000
7.68, 3995
7.80, 3992
7.92, 3990
8.05, 3984
8.29, 3984
8.89, 3982
9.13, 3982
9.49, 3979
10.22, 3977
10.34, 3977
10.70, 3972
18.00, 3972
18.12, 3969
18.24, 3967
42.02, 3966
42.29, 3964
287.42, 3964
