2.94, 5510
3.03, 5206
3.14, 5005
3.25, 4844
3.36, 4717
3.48, 4617
3.59, 4536
3.72, 4472
3.83, 4421
3.95, 4378
4.06, 4336
4.19, 4291
4.30, 4251
4.41, 4219
4.53, 4196
4.64, 4174
4.75, 4156
4.88, 4134
4.99, 4114
5.09, 4100
5.20, 4093
5.33, 4085
5.44, 4072
5.57, 4065
5.68, 4050
5.79, 4044
5.89, 4037
6.00, 4026
6.13, 4023
6.24, 4020
6.35, 4017
6.46, 4012
6.68, 4009
6.80, 4003
6.91, 4000
7.02, 4000
7.13, 3995
7.24, 3992
7.35, 3990
7.47, 3984
7.69, 3984
8.26, 3982
8.47, 3982
8.80, 3979
9.47, 3977
9.58, 3977
9.91, 3972
16.65, 3972
16.76, 3969
16.87, 3967
39.15, 3966
39.38, 3964
265.71, 3964
