3.31, 5510
3.42, 5206
3.55, 5005
3.67, 4844
3.79, 4717
3.92, 4617
4.06, 4536
4.19, 4472
4.37, 4421
4.51, 4378
4.64, 4336
4.78, 4291
4.91, 4251
5.05, 4219
5.23, 4196
5.42, 4174
5.60, 4156
5.75, 4134
5.89, 4114
6.06, 4100
6.22, 4093
6.38, 4085
6.55, 4072
6.69, 4065
6.82, 4050
6.95, 4044
7.08, 4037
7.20, 4026
7.32, 4023
7.45, 4020
7.60, 4017
7.74, 4012
7.99, 4009
8.11, 4003
8.24, 4000
8.36, 4000
8.49, 3995
8.61, 3992
8.73, 3990
8.86, 3984
9.11, 3984
9.72, 3982
9.96, 3982
10.32, 3979
11.07, 3977
11.20, 3977
11.59, 3972
19.02, 3972
19.14, 3969
19.26, 3967
43.18, 3966
43.42, 3964
284.17, 3964
