3.13, 5510
3.22, 5206
3.34, 5005
3.46, 4844
3.58, 4717
3.71, 4617
3.84, 4536
3.96, 4472
4.09, 4421
4.22, 4378
4.35, 4336
4.47, 4291
4.60, 4251
4.72, 4219
4.85, 4196
4.97, 4174
5.09, 4156
5.21, 4134
5.34, 4114
5.46, 4100
5.59, 4093
5.71, 4085
5.83, 4072
5.95, 4065
6.08, 4050
6.20, 4044
6.33, 4037
6.44, 4026
6.56, 4023
6.69, 4020
6.81, 4017
6.93, 4012
7.17, 4009
7.29, 4003
7.41, 4000
7.54, 4000
7.66, 3995
7.78, 3992
7.90, 3990
8.02, 3984
8.26, 3984
8.86, 3982
9.10, 3982
9.46, 3979
10.18, 3977
10.30, 3977
10.66, 3972
17.94, 3972
18.06, 3969
18.18, 3967
41.91, 3966
42.14, 3964
285.05, 3964
