3.10, 5510
3.20, 5206
3.32, 5005
3.43, 4844
3.56, 4717
3.68, 4617
3.81, 4536
3.93, 4472
4.06, 4421
4.19, 4378
4.32, 4336
4.44, 4291
4.56, 4251
4.68, 4219
4.81, 4196
4.93, 4174
5.06, 4156
5.19, 4134
5.31, 4114
5.43, 4100
5.55, 4093
5.67, 4085
5.80, 4072
5.92, 4065
6.04, 4050
6.16, 4044
6.28, 4037
6.40, 4026
6.52, 4023
6.64, 4020
6.77, 4017
6.89, 4012
7.13, 4009
7.25, 4003
7.37, 4000
7.49, 4000
7.61, 3995
7.73, 3992
7.85, 3990
7.98, 3984
8.22, 3984
8.81, 3982
9.05, 3982
9.41, 3979
10.15, 3977
10.27, 3977
11.01, 3972
19.33, 3972
19.49, 3969
19.61, 3967
45.92, 3966
46.16, 3964
295.89, 3964
