2.89, 5510
2.99, 5206
3.08, 5005
3.19, 4844
3.32, 4717
3.42, 4617
3.54, 4536
3.66, 4472
3.77, 4421
3.89, 4378
4.02, 4336
4.13, 4291
4.25, 4251
4.36, 4219
4.47, 4196
4.58, 4174
4.71, 4156
4.82, 4134
4.93, 4114
5.05, 4100
5.16, 4093
5.27, 4085
5.39, 4072
5.50, 4065
5.61, 4050
5.72, 4044
5.85, 4037
5.96, 4026
6.07, 4023
6.19, 4020
6.30, 4017
6.41, 4012
6.63, 4009
6.76, 4003
6.87, 4000
6.97, 4000
7.08, 3995
7.19, 3992
7.30, 3990
7.41, 3984
7.65, 3984
8.19, 3982
8.41, 3982
8.74, 3979
9.41, 3977
9.52, 3977
9.85, 3972
16.68, 3972
16.79, 3969
16.90, 3967
39.12, 3966
39.36, 3964
263.24, 3964
