1.58, 3394
1.62, 3198
1.67, 3055
1.72, 2949
1.77, 2863
1.82, 2794
1.88, 2732
1.92, 2676
1.98, 2638
2.03, 2595
2.09, 2580
2.14, 2556
2.20, 2533
2.25, 2507
2.30, 2495
2.35, 2488
2.41, 2475
2.46, 2463
2.51, 2455
2.57, 2449
2.62, 2440
2.67, 2428
2.72, 2419
2.78, 2412
2.83, 2399
2.93, 2397
2.98, 2392
3.03, 2390
3.09, 2390
3.14, 2382
3.19, 2381
3.25, 2380
3.30, 2380
3.35, 2377
3.45, 2375
3.51, 2375
3.56, 2370
3.61, 2365
3.87, 2365
3.92, 2362
3.97, 2357
4.38, 2357
4.43, 2352
6.69, 2352
6.74, 2348
6.79, 2345
6.94, 2345
7.10, 2344
7.20, 2343
18.86, 2341
38.86, 2337
139.42, 2336
349.22, 2336
