2.07, 3394
2.13, 3198
2.19, 3055
2.26, 2949
2.32, 2863
2.39, 2794
2.46, 2732
2.54, 2676
2.61, 2638
2.66, 2595
2.74, 2580
2.81, 2556
2.88, 2533
2.96, 2507
3.02, 2495
3.09, 2488
3.16, 2475
3.24, 2463
3.30, 2455
3.38, 2449
3.44, 2440
3.54, 2428
3.64, 2419
3.73, 2412
3.81, 2399
3.97, 2397
4.05, 2392
4.12, 2390
4.19, 2390
4.27, 2382
4.34, 2381
4.41, 2380
4.45, 2380
4.54, 2377
4.65, 2375
4.72, 2375
4.81, 2370
4.87, 2365
5.22, 2365
5.29, 2362
5.36, 2357
5.93, 2357
5.97, 2352
9.02, 2352
9.10, 2348
9.17, 2345
9.37, 2345
9.57, 2344
9.70, 2343
28.34, 2341
58.57, 2337
