2.21, 3394
2.25, 3198
2.31, 3055
2.39, 2949
2.46, 2863
2.51, 2794
2.57, 2732
2.63, 2676
2.70, 2638
2.76, 2595
2.82, 2580
2.89, 2556
2.97, 2533
3.03, 2507
3.09, 2495
3.15, 2488
3.21, 2475
3.26, 2463
3.32, 2455
3.38, 2449
3.46, 2440
3.53, 2428
3.59, 2419
3.64, 2412
3.70, 2399
3.81, 2397
3.87, 2392
3.93, 2390
4.01, 2390
4.08, 2382
4.14, 2381
4.20, 2380
4.26, 2380
4.31, 2377
4.43, 2375
4.50, 2375
4.57, 2370
4.62, 2365
4.90, 2365
4.96, 2362
5.03, 2357
5.49, 2357
5.56, 2352
8.28, 2352
8.35, 2348
8.39, 2345
8.56, 2345
8.75, 2344
8.88, 2343
22.70, 2341
48.23, 2337
171.11, 2336
422.19, 2336
