1.81, 3394
1.85, 3198
1.90, 3055
1.95, 2949
2.01, 2863
2.08, 2794
2.13, 2732
2.18, 2676
2.37, 2638
2.42, 2595
2.48, 2580
2.54, 2556
2.60, 2533
2.65, 2507
2.71, 2495
2.77, 2488
2.83, 2475
2.88, 2463
2.94, 2455
3.00, 2449
3.05, 2440
3.11, 2428
3.16, 2419
3.22, 2412
3.27, 2399
3.38, 2397
3.43, 2392
3.49, 2390
3.55, 2390
3.60, 2382
3.65, 2381
3.71, 2380
3.77, 2380
3.82, 2377
3.93, 2375
3.99, 2375
4.04, 2370
4.10, 2365
4.37, 2365
4.42, 2362
4.49, 2357
5.15, 2357
5.26, 2352
8.35, 2352
8.40, 2348
8.46, 2345
8.62, 2345
8.96, 2344
9.08, 2343
22.87, 2341
43.61, 2337
153.09, 2336
373.80, 2336
