1.84, 3394
1.90, 3198
1.95, 3055
2.02, 2949
2.08, 2863
2.14, 2794
2.21, 2732
2.27, 2676
2.34, 2638
2.39, 2595
2.47, 2580
2.52, 2556
2.59, 2533
2.64, 2507
2.71, 2495
2.79, 2488
2.84, 2475
2.91, 2463
2.97, 2455
3.04, 2449
3.11, 2440
3.17, 2428
3.27, 2419
3.36, 2412
3.42, 2399
3.54, 2397
3.61, 2392
3.69, 2390
3.75, 2390
3.81, 2382
3.89, 2381
3.94, 2380
4.01, 2380
4.07, 2377
4.21, 2375
4.27, 2375
4.32, 2370
4.39, 2365
4.69, 2365
4.74, 2362
4.79, 2357
5.29, 2357
5.36, 2352
7.94, 2352
8.01, 2348
8.08, 2345
8.26, 2345
8.43, 2344
8.55, 2343
22.37, 2341
46.41, 2337
166.04, 2336
413.89, 2336
