1.99, 3394
2.06, 3198
2.12, 3055
2.19, 2949
2.26, 2863
2.36, 2794
2.43, 2732
2.49, 2676
2.56, 2638
2.63, 2595
2.69, 2580
2.77, 2556
2.84, 2533
2.90, 2507
2.97, 2495
3.04, 2488
3.13, 2475
3.19, 2463
3.24, 2455
3.31, 2449
3.37, 2440
3.45, 2428
3.52, 2419
3.57, 2412
3.64, 2399
3.78, 2397
3.85, 2392
3.91, 2390
3.99, 2390
4.07, 2382
4.14, 2381
4.21, 2380
4.28, 2380
4.35, 2377
4.49, 2375
4.56, 2375
4.63, 2370
4.70, 2365
5.05, 2365
5.11, 2362
5.18, 2357
5.72, 2357
5.78, 2352
8.75, 2352
8.82, 2348
8.88, 2345
9.07, 2345
9.27, 2344
9.40, 2343
24.64, 2341
50.88, 2337
184.37, 2336
