1.97, 3394
2.03, 3198
2.10, 3055
2.17, 2949
2.25, 2863
2.32, 2794
2.40, 2732
2.45, 2676
2.52, 2638
2.60, 2595
2.67, 2580
2.74, 2556
2.81, 2533
2.92, 2507
2.98, 2495
3.05, 2488
3.12, 2475
3.18, 2463
3.25, 2455
3.31, 2449
3.37, 2440
3.44, 2428
3.51, 2419
3.57, 2412
3.64, 2399
3.75, 2397
3.82, 2392
3.89, 2390
3.95, 2390
4.02, 2382
4.09, 2381
4.16, 2380
4.21, 2380
4.27, 2377
4.41, 2375
4.47, 2375
4.56, 2370
4.62, 2365
4.91, 2365
4.97, 2362
5.04, 2357
5.53, 2357
5.59, 2352
8.62, 2352
8.68, 2348
8.73, 2345
8.92, 2345
9.12, 2344
9.25, 2343
23.76, 2341
47.65, 2337
179.57, 2336
443.55, 2336
