2.19, 3394
2.26, 3198
2.33, 3055
2.39, 2949
2.47, 2863
2.54, 2794
2.63, 2732
2.72, 2676
2.86, 2638
3.00, 2595
3.13, 2580
3.22, 2556
3.38, 2533
3.50, 2507
3.62, 2495
3.70, 2488
3.77, 2475
3.85, 2463
3.93, 2455
4.01, 2449
4.10, 2440
4.20, 2428
4.28, 2419
4.38, 2412
4.48, 2399
4.67, 2397
4.76, 2392
4.85, 2390
4.92, 2390
5.01, 2382
5.09, 2381
5.17, 2380
5.26, 2380
5.34, 2377
5.50, 2375
5.58, 2375
5.66, 2370
5.73, 2365
6.12, 2365
6.21, 2362
6.28, 2357
6.91, 2357
6.98, 2352
10.51, 2352
10.58, 2348
10.65, 2345
10.88, 2345
11.08, 2344
11.21, 2343
29.94, 2341
64.42, 2337
210.69, 2336
517.06, 2336
