2.09, 3394
2.13, 3198
2.20, 3055
2.27, 2949
2.32, 2863
2.40, 2794
2.47, 2732
2.54, 2676
2.62, 2638
2.68, 2595
2.75, 2580
2.82, 2556
2.88, 2533
2.95, 2507
3.03, 2495
3.09, 2488
3.15, 2475
3.22, 2463
3.28, 2455
3.37, 2449
3.44, 2440
3.51, 2428
3.57, 2419
3.64, 2412
3.69, 2399
3.82, 2397
3.89, 2392
3.95, 2390
4.03, 2390
4.09, 2382
4.15, 2381
4.29, 2380
4.37, 2380
4.45, 2377
4.61, 2375
4.67, 2375
4.74, 2370
4.81, 2365
5.14, 2365
5.21, 2362
5.28, 2357
5.81, 2357
5.88, 2352
8.81, 2352
8.86, 2348
8.93, 2345
9.12, 2345
9.32, 2344
9.46, 2343
24.73, 2341
53.26, 2337
184.03, 2336
464.86, 2336
