33.63, 3394
35.27, 3198
36.24, 3055
37.62, 2949
38.81, 2863
40.07, 2794
40.97, 2732
41.96, 2676
43.05, 2638
43.85, 2595
44.86, 2580
45.79, 2556
46.75, 2533
47.77, 2507
48.92, 2495
49.94, 2488
50.76, 2475
51.67, 2463
52.56, 2455
53.41, 2449
54.34, 2440
55.23, 2428
56.21, 2419
57.37, 2412
58.13, 2399
59.79, 2397
60.66, 2392
61.54, 2390
62.34, 2390
63.23, 2382
64.08, 2381
64.84, 2380
65.58, 2380
66.25, 2377
67.67, 2375
68.50, 2375
69.34, 2370
70.09, 2365
73.50, 2365
74.14, 2362
74.83, 2357
80.09, 2357
80.68, 2352
113.58, 2352
114.54, 2348
115.45, 2345
117.95, 2345
121.67, 2344
123.35, 2343
285.52, 2341
586.34, 2337
