1.64, 3394
1.68, 3198
1.72, 3055
1.77, 2949
1.83, 2863
1.88, 2794
1.93, 2732
1.98, 2676
2.04, 2638
2.09, 2595
2.14, 2580
2.20, 2556
2.25, 2533
2.30, 2507
2.36, 2495
2.41, 2488
2.47, 2475
2.52, 2463
2.57, 2455
2.63, 2449
2.68, 2440
2.73, 2428
2.79, 2419
2.84, 2412
2.89, 2399
3.00, 2397
3.05, 2392
3.10, 2390
3.15, 2390
3.20, 2382
3.26, 2381
3.31, 2380
3.36, 2380
3.41, 2377
3.52, 2375
3.57, 2375
3.62, 2370
3.67, 2365
3.93, 2365
3.98, 2362
4.04, 2357
4.45, 2357
4.50, 2352
6.79, 2352
6.85, 2348
6.90, 2345
7.05, 2345
7.20, 2344
7.31, 2343
19.07, 2341
39.32, 2337
141.15, 2336
352.38, 2336
