1.57, 3394
1.61, 3198
1.66, 3055
1.71, 2949
1.77, 2863
1.82, 2794
1.88, 2732
1.94, 2676
2.00, 2638
2.08, 2595
2.14, 2580
2.20, 2556
2.30, 2533
2.36, 2507
2.43, 2495
2.48, 2488
2.53, 2475
2.58, 2463
2.64, 2455
2.70, 2449
2.77, 2440
2.85, 2428
2.91, 2419
2.97, 2412
3.02, 2399
3.12, 2397
3.17, 2392
3.22, 2390
3.27, 2390
3.32, 2382
3.37, 2381
3.42, 2380
3.47, 2380
3.53, 2377
3.63, 2375
3.69, 2375
3.74, 2370
3.79, 2365
4.04, 2365
4.10, 2362
4.15, 2357
4.56, 2357
4.62, 2352
6.90, 2352
6.95, 2348
7.00, 2345
7.15, 2345
7.30, 2344
7.40, 2343
19.53, 2341
40.18, 2337
138.92, 2336
338.43, 2336
