1.87, 3394
1.92, 3198
1.97, 3055
2.03, 2949
2.09, 2863
2.16, 2794
2.20, 2732
2.27, 2676
2.32, 2638
2.39, 2595
2.46, 2580
2.51, 2556
2.57, 2533
2.64, 2507
2.71, 2495
2.76, 2488
2.84, 2475
2.91, 2463
2.97, 2455
3.04, 2449
3.10, 2440
3.22, 2428
3.31, 2419
3.36, 2412
3.43, 2399
3.55, 2397
3.61, 2392
3.69, 2390
3.75, 2390
3.81, 2382
3.86, 2381
3.93, 2380
3.99, 2380
4.05, 2377
4.16, 2375
4.23, 2375
4.29, 2370
4.35, 2365
4.65, 2365
4.73, 2362
4.78, 2357
5.25, 2357
5.31, 2352
7.95, 2352
8.02, 2348
8.09, 2345
8.27, 2345
8.45, 2344
8.56, 2343
22.11, 2341
45.39, 2337
169.90, 2336
