1.85, 3394
1.89, 3198
1.95, 3055
2.00, 2949
2.09, 2863
2.14, 2794
2.20, 2732
2.27, 2676
2.33, 2638
2.37, 2595
2.45, 2580
2.51, 2556
2.58, 2533
2.64, 2507
2.71, 2495
2.75, 2488
2.82, 2475
2.89, 2463
2.96, 2455
3.01, 2449
3.08, 2440
3.14, 2428
3.19, 2419
3.27, 2412
3.31, 2399
3.44, 2397
3.49, 2392
3.56, 2390
3.61, 2390
3.69, 2382
3.74, 2381
3.81, 2380
3.87, 2380
3.92, 2377
4.06, 2375
4.11, 2375
4.18, 2370
4.24, 2365
4.53, 2365
4.59, 2362
4.66, 2357
5.13, 2357
5.18, 2352
7.78, 2352
7.83, 2348
7.90, 2345
8.09, 2345
8.25, 2344
8.36, 2343
21.78, 2341
44.89, 2337
163.09, 2336
405.55, 2336
