52.15, 14929
52.87, 13644
53.57, 12529
54.20, 11544
54.76, 10693
55.34, 9927
55.90, 9255
56.47, 8655
56.94, 8089
57.42, 7592
57.89, 7155
58.38, 6744
58.79, 6388
59.23, 6082
59.63, 5816
59.94, 5546
60.23, 5322
60.50, 5117
60.74, 4949
61.00, 4788
61.27, 4652
61.52, 4531
61.76, 4424
62.00, 4328
62.23, 4224
62.47, 4159
62.75, 4079
62.98, 4006
63.22, 3936
63.48, 3878
63.69, 3830
63.90, 3781
64.12, 3738
64.35, 3694
64.58, 3661
64.80, 3637
65.01, 3598
65.22, 3566
65.44, 3543
65.65, 3529
65.85, 3514
66.06, 3496
66.26, 3485
66.49, 3476
66.71, 3469
66.92, 3465
67.10, 3457
67.29, 3445
67.49, 3439
67.67, 3432
67.87, 3422
68.09, 3416
68.31, 3411
68.51, 3407
68.70, 3402
68.90, 3402
69.10, 3395
69.29, 3391
69.52, 3391
69.72, 3387
69.91, 3386
70.12, 3383
70.51, 3383
71.14, 3382
71.34, 3378
71.55, 3373
71.74, 3372
73.22, 3370
73.41, 3368
73.61, 3364
73.79, 3360
76.99, 3360
78.39, 3358
84.60, 3358
84.80, 3357
85.01, 3354
85.40, 3354
85.58, 3353
85.82, 3351
89.55, 3351
89.75, 3349
89.94, 3346
