52.03, 14929
52.62, 13644
53.27, 12529
53.95, 11544
54.58, 10693
55.16, 9927
55.71, 9255
56.28, 8655
56.75, 8089
57.26, 7592
57.71, 7155
58.15, 6744
58.60, 6388
59.05, 6082
59.44, 5816
59.75, 5546
60.02, 5322
60.29, 5117
60.55, 4949
60.80, 4788
61.05, 4652
61.29, 4531
61.52, 4424
61.77, 4328
62.02, 4224
62.24, 4159
62.48, 4079
62.70, 4006
62.90, 3936
63.14, 3878
63.35, 3830
63.60, 3781
63.86, 3738
64.08, 3694
64.30, 3661
64.52, 3637
64.73, 3598
64.93, 3566
65.15, 3543
65.36, 3529
65.57, 3514
65.79, 3496
66.00, 3485
66.21, 3476
66.43, 3469
66.64, 3465
66.83, 3457
67.03, 3445
67.26, 3439
67.45, 3432
67.64, 3422
67.84, 3416
68.05, 3411
68.24, 3407
68.45, 3402
68.66, 3402
68.88, 3395
69.06, 3391
69.29, 3391
69.49, 3387
69.69, 3386
69.91, 3383
70.37, 3383
71.16, 3382
71.40, 3378
71.64, 3373
71.94, 3372
73.39, 3370
73.61, 3368
73.82, 3364
74.04, 3360
77.31, 3360
78.70, 3358
85.01, 3358
85.22, 3357
85.44, 3354
85.83, 3354
86.00, 3353
86.19, 3351
89.72, 3351
89.90, 3349
90.10, 3346
