55.61, 14929
56.34, 13644
56.99, 12529
57.63, 11544
58.25, 10693
58.84, 9927
59.42, 9255
59.96, 8655
60.46, 8089
60.97, 7592
61.51, 7155
61.94, 6744
62.37, 6388
62.79, 6082
63.20, 5816
63.53, 5546
63.81, 5322
64.09, 5117
64.35, 4949
64.61, 4788
64.88, 4652
65.13, 4531
65.41, 4424
65.71, 4328
65.96, 4224
66.25, 4159
66.50, 4079
66.72, 4006
66.94, 3936
67.19, 3878
67.42, 3830
67.66, 3781
67.89, 3738
68.11, 3694
68.34, 3661
68.56, 3637
68.79, 3598
68.99, 3566
69.21, 3543
69.44, 3529
69.65, 3514
69.87, 3496
70.10, 3485
70.32, 3476
70.53, 3469
70.78, 3465
71.04, 3457
71.27, 3445
71.48, 3439
71.68, 3432
71.88, 3422
72.08, 3416
72.30, 3411
72.50, 3407
72.69, 3402
72.91, 3402
73.11, 3395
73.31, 3391
73.54, 3391
73.74, 3387
73.95, 3386
74.17, 3383
74.58, 3383
75.22, 3382
75.44, 3378
75.64, 3373
75.86, 3372
77.36, 3370
77.55, 3368
77.74, 3364
77.94, 3360
81.37, 3360
82.76, 3358
89.23, 3358
89.46, 3357
89.68, 3354
90.09, 3354
90.28, 3353
90.49, 3351
93.86, 3351
94.06, 3349
94.27, 3346
