71.46, 14929
72.10, 13644
72.79, 12529
73.36, 11544
74.03, 10693
74.61, 9927
75.20, 9255
75.73, 8655
76.29, 8089
76.79, 7592
77.31, 7155
77.85, 6744
78.34, 6388
78.77, 6082
79.18, 5816
79.50, 5546
79.81, 5322
80.14, 5117
80.45, 4949
80.76, 4788
81.01, 4652
81.28, 4531
81.54, 4424
81.83, 4328
82.09, 4224
82.34, 4159
82.59, 4079
82.81, 4006
83.02, 3936
83.27, 3878
83.50, 3830
83.77, 3781
83.99, 3738
84.22, 3694
84.46, 3661
84.70, 3637
84.92, 3598
85.12, 3566
85.34, 3543
85.55, 3529
85.76, 3514
85.98, 3496
86.23, 3485
86.45, 3476
86.65, 3469
86.88, 3465
87.11, 3457
87.33, 3445
87.61, 3439
87.87, 3432
88.06, 3422
88.28, 3416
88.48, 3411
88.67, 3407
88.86, 3402
89.06, 3402
89.30, 3395
89.48, 3391
89.71, 3391
89.93, 3387
90.13, 3386
90.35, 3383
90.91, 3383
91.58, 3382
91.80, 3378
92.02, 3373
92.23, 3372
93.75, 3370
93.94, 3368
94.16, 3364
94.39, 3360
97.93, 3360
99.43, 3358
106.07, 3358
106.30, 3357
106.57, 3354
107.01, 3354
107.21, 3353
107.40, 3351
110.76, 3351
110.94, 3349
111.14, 3346
