60.91, 14929
61.57, 13644
62.23, 12529
62.93, 11544
63.53, 10693
64.10, 9927
64.64, 9255
65.16, 8655
65.68, 8089
66.18, 7592
66.72, 7155
67.24, 6744
67.72, 6388
68.19, 6082
68.76, 5816
69.16, 5546
69.55, 5322
69.99, 5117
70.35, 4949
70.66, 4788
70.94, 4652
71.22, 4531
71.48, 4424
71.74, 4328
72.00, 4224
72.35, 4159
72.66, 4079
72.89, 4006
73.12, 3936
73.40, 3878
73.79, 3830
74.09, 3781
74.38, 3738
74.61, 3694
74.86, 3661
75.34, 3637
75.70, 3598
76.01, 3566
76.38, 3543
76.69, 3529
77.08, 3514
77.33, 3496
77.61, 3485
77.85, 3476
78.08, 3469
78.30, 3465
78.50, 3457
78.72, 3445
79.19, 3439
79.53, 3432
79.90, 3422
80.16, 3416
80.41, 3411
80.69, 3407
80.96, 3402
81.28, 3402
81.59, 3395
81.88, 3391
82.10, 3391
82.33, 3387
82.57, 3386
82.77, 3383
83.21, 3383
83.85, 3382
84.07, 3378
84.29, 3373
84.50, 3372
86.35, 3370
86.54, 3368
86.74, 3364
86.93, 3360
90.41, 3360
92.09, 3358
100.34, 3358
100.56, 3357
100.77, 3354
101.19, 3354
101.37, 3353
101.57, 3351
105.32, 3351
105.53, 3349
105.74, 3346
