54.17, 14929
54.78, 13644
55.44, 12529
56.09, 11544
56.71, 10693
57.29, 9927
57.85, 9255
58.43, 8655
58.94, 8089
59.41, 7592
59.87, 7155
60.30, 6744
60.72, 6388
61.12, 6082
61.55, 5816
61.85, 5546
62.13, 5322
62.40, 5117
62.65, 4949
62.90, 4788
63.18, 4652
63.47, 4531
63.74, 4424
64.02, 4328
64.26, 4224
64.53, 4159
64.74, 4079
64.97, 4006
65.18, 3936
65.40, 3878
65.67, 3830
65.97, 3781
66.31, 3738
66.58, 3694
66.82, 3661
67.04, 3637
67.25, 3598
67.43, 3566
67.65, 3543
67.86, 3529
68.06, 3514
68.29, 3496
68.52, 3485
68.75, 3476
68.96, 3469
69.19, 3465
69.38, 3457
69.57, 3445
69.77, 3439
69.95, 3432
70.13, 3422
70.32, 3416
70.51, 3411
70.71, 3407
70.90, 3402
71.10, 3402
71.28, 3395
71.46, 3391
71.69, 3391
71.89, 3387
72.11, 3386
72.30, 3383
72.71, 3383
73.37, 3382
73.61, 3378
73.82, 3373
74.01, 3372
75.40, 3370
75.67, 3368
75.87, 3364
76.06, 3360
79.33, 3360
80.69, 3358
86.86, 3358
87.07, 3357
87.30, 3354
87.67, 3354
87.86, 3353
88.05, 3351
91.33, 3351
91.51, 3349
91.70, 3346
