57.45, 14929
58.15, 13644
58.90, 12529
59.55, 11544
60.41, 10693
61.08, 9927
61.65, 9255
62.28, 8655
62.77, 8089
63.30, 7592
63.79, 7155
64.23, 6744
64.62, 6388
65.03, 6082
65.50, 5816
65.87, 5546
66.21, 5322
66.68, 5117
66.96, 4949
67.25, 4788
67.52, 4652
67.83, 4531
68.11, 4424
68.41, 4328
68.66, 4224
68.94, 4159
69.19, 4079
69.42, 4006
69.70, 3936
69.99, 3878
70.41, 3830
70.69, 3781
70.93, 3738
71.15, 3694
71.44, 3661
71.68, 3637
71.90, 3598
72.13, 3566
72.37, 3543
72.65, 3529
72.89, 3514
73.11, 3496
73.37, 3485
73.67, 3476
73.91, 3469
74.12, 3465
74.37, 3457
74.58, 3445
74.79, 3439
75.00, 3432
75.20, 3422
75.44, 3416
75.70, 3411
75.92, 3407
76.14, 3402
76.36, 3402
76.56, 3395
76.76, 3391
76.99, 3391
77.19, 3387
77.39, 3386
77.62, 3383
78.03, 3383
78.70, 3382
78.90, 3378
79.10, 3373
79.31, 3372
80.76, 3370
80.94, 3368
81.12, 3364
81.32, 3360
84.57, 3360
85.99, 3358
92.40, 3358
92.62, 3357
92.83, 3354
93.27, 3354
93.47, 3353
93.67, 3351
97.09, 3351
97.29, 3349
97.49, 3346
