51.70, 14929
52.32, 13644
52.93, 12529
53.60, 11544
54.24, 10693
54.83, 9927
55.36, 9255
55.89, 8655
56.35, 8089
56.80, 7592
57.32, 7155
57.79, 6744
58.22, 6388
58.68, 6082
59.10, 5816
59.41, 5546
59.69, 5322
59.96, 5117
60.21, 4949
60.46, 4788
60.73, 4652
61.00, 4531
61.23, 4424
61.46, 4328
61.72, 4224
61.98, 4159
62.19, 4079
62.41, 4006
62.62, 3936
62.85, 3878
63.11, 3830
63.37, 3781
63.62, 3738
63.85, 3694
64.07, 3661
64.29, 3637
64.49, 3598
64.71, 3566
65.00, 3543
65.25, 3529
65.52, 3514
65.79, 3496
66.07, 3485
66.35, 3476
66.60, 3469
66.82, 3465
67.00, 3457
67.21, 3445
67.40, 3439
67.58, 3432
67.76, 3422
67.95, 3416
68.15, 3411
68.37, 3407
68.58, 3402
68.80, 3402
68.98, 3395
69.18, 3391
69.40, 3391
69.60, 3387
69.79, 3386
70.01, 3383
70.43, 3383
71.05, 3382
71.26, 3378
71.46, 3373
71.69, 3372
73.09, 3370
73.32, 3368
73.53, 3364
73.74, 3360
76.92, 3360
78.38, 3358
84.85, 3358
85.05, 3357
85.26, 3354
85.67, 3354
85.86, 3353
86.06, 3351
89.37, 3351
89.55, 3349
89.75, 3346
