51.65, 14929
52.31, 13644
52.93, 12529
53.63, 11544
54.23, 10693
54.81, 9927
55.37, 9255
55.92, 8655
56.38, 8089
56.85, 7592
57.31, 7155
57.74, 6744
58.15, 6388
58.62, 6082
59.02, 5816
59.31, 5546
59.60, 5322
59.88, 5117
60.13, 4949
60.40, 4788
60.67, 4652
60.94, 4531
61.19, 4424
61.43, 4328
61.67, 4224
61.91, 4159
62.18, 4079
62.40, 4006
62.61, 3936
62.84, 3878
63.06, 3830
63.32, 3781
63.58, 3738
63.80, 3694
64.03, 3661
64.24, 3637
64.46, 3598
64.68, 3566
64.90, 3543
65.10, 3529
65.31, 3514
65.51, 3496
65.73, 3485
65.95, 3476
66.15, 3469
66.37, 3465
66.56, 3457
66.76, 3445
66.97, 3439
67.15, 3432
67.35, 3422
67.53, 3416
67.72, 3411
67.93, 3407
68.15, 3402
68.37, 3402
68.57, 3395
68.75, 3391
68.98, 3391
69.17, 3387
69.38, 3386
69.59, 3383
70.02, 3383
70.66, 3382
70.87, 3378
71.07, 3373
71.28, 3372
72.69, 3370
72.88, 3368
73.09, 3364
73.30, 3360
76.96, 3360
78.49, 3358
84.74, 3358
84.94, 3357
85.15, 3354
85.60, 3354
85.78, 3353
85.97, 3351
89.30, 3351
89.49, 3349
89.68, 3346
