62.35, 14929
63.00, 13644
63.66, 12529
64.28, 11544
64.92, 10693
65.57, 9927
66.23, 9255
66.95, 8655
67.64, 8089
68.21, 7592
68.83, 7155
69.38, 6744
70.03, 6388
70.64, 6082
71.22, 5816
71.62, 5546
71.99, 5322
72.30, 5117
72.60, 4949
72.92, 4788
73.23, 4652
73.53, 4531
73.84, 4424
74.12, 4328
74.37, 4224
74.70, 4159
74.95, 4079
75.18, 4006
75.53, 3936
75.85, 3878
76.09, 3830
76.32, 3781
76.59, 3738
76.83, 3694
77.10, 3661
77.41, 3637
77.69, 3598
77.93, 3566
78.20, 3543
78.43, 3529
78.64, 3514
78.86, 3496
79.10, 3485
79.32, 3476
79.54, 3469
79.76, 3465
79.97, 3457
80.15, 3445
80.39, 3439
80.62, 3432
80.85, 3422
81.06, 3416
81.26, 3411
81.46, 3407
81.66, 3402
81.93, 3402
82.15, 3395
82.35, 3391
82.58, 3391
82.79, 3387
83.09, 3386
83.32, 3383
83.80, 3383
84.56, 3382
84.78, 3378
84.98, 3373
85.21, 3372
86.76, 3370
87.07, 3368
87.38, 3364
87.60, 3360
91.24, 3360
92.70, 3358
99.62, 3358
99.84, 3357
100.07, 3354
100.51, 3354
100.75, 3353
100.97, 3351
104.99, 3351
105.19, 3349
105.44, 3346
