54.78, 14929
55.43, 13644
56.07, 12529
56.68, 11544
57.29, 10693
57.90, 9927
58.44, 9255
58.98, 8655
59.46, 8089
59.92, 7592
60.43, 7155
60.87, 6744
61.29, 6388
61.70, 6082
62.11, 5816
62.42, 5546
62.70, 5322
62.97, 5117
63.22, 4949
63.48, 4788
63.75, 4652
64.02, 4531
64.26, 4424
64.51, 4328
64.75, 4224
64.99, 4159
65.22, 4079
65.44, 4006
65.66, 3936
65.90, 3878
66.14, 3830
66.36, 3781
66.58, 3738
66.80, 3694
67.02, 3661
67.24, 3637
67.45, 3598
67.65, 3566
67.87, 3543
68.06, 3529
68.27, 3514
68.49, 3496
68.71, 3485
68.93, 3476
69.16, 3469
69.38, 3465
69.57, 3457
69.76, 3445
69.97, 3439
70.21, 3432
70.41, 3422
70.61, 3416
70.81, 3411
71.00, 3407
71.18, 3402
71.39, 3402
71.57, 3395
71.75, 3391
71.97, 3391
72.17, 3387
72.38, 3386
72.59, 3383
73.01, 3383
73.69, 3382
73.91, 3378
74.12, 3373
74.31, 3372
75.77, 3370
75.99, 3368
76.18, 3364
76.37, 3360
79.64, 3360
81.04, 3358
87.22, 3358
87.43, 3357
87.65, 3354
88.04, 3354
88.23, 3353
88.44, 3351
91.71, 3351
91.89, 3349
92.09, 3346
