83.65, 14929
84.79, 13644
85.82, 12529
86.48, 11544
87.19, 10693
87.84, 9927
88.73, 9255
89.54, 8655
90.18, 8089
90.68, 7592
91.36, 7155
92.05, 6744
92.74, 6388
93.51, 6082
94.42, 5816
95.05, 5546
95.39, 5322
95.71, 5117
96.12, 4949
96.50, 4788
96.85, 4652
97.14, 4531
97.42, 4424
97.86, 4328
98.18, 4224
98.59, 4159
99.20, 4079
99.83, 4006
100.34, 3936
100.77, 3878
101.15, 3830
101.48, 3781
101.79, 3738
102.06, 3694
102.32, 3661
102.63, 3637
102.87, 3598
103.12, 3566
103.45, 3543
103.73, 3529
103.97, 3514
104.24, 3496
104.72, 3485
105.27, 3476
105.66, 3469
106.14, 3465
106.46, 3457
106.77, 3445
107.15, 3439
107.48, 3432
107.79, 3422
108.09, 3416
108.41, 3411
108.69, 3407
109.08, 3402
109.44, 3402
109.73, 3395
109.98, 3391
110.28, 3391
110.55, 3387
110.82, 3386
111.10, 3383
111.68, 3383
112.43, 3382
112.63, 3378
112.83, 3373
113.07, 3372
114.61, 3370
114.84, 3368
115.08, 3364
115.39, 3360
118.98, 3360
120.64, 3358
127.69, 3358
127.89, 3357
128.12, 3354
128.53, 3354
128.73, 3353
128.92, 3351
132.61, 3351
132.84, 3349
133.06, 3346
