53.38, 14929
53.97, 13644
54.62, 12529
55.23, 11544
55.84, 10693
56.43, 9927
56.98, 9255
57.54, 8655
58.06, 8089
58.55, 7592
59.01, 7155
59.42, 6744
59.85, 6388
60.27, 6082
60.69, 5816
61.00, 5546
61.29, 5322
61.57, 5117
61.83, 4949
62.09, 4788
62.34, 4652
62.61, 4531
62.90, 4424
63.18, 4328
63.40, 4224
63.64, 4159
63.87, 4079
64.09, 4006
64.29, 3936
64.52, 3878
64.75, 3830
64.98, 3781
65.20, 3738
65.40, 3694
65.62, 3661
65.85, 3637
66.05, 3598
66.25, 3566
66.47, 3543
66.68, 3529
66.87, 3514
67.07, 3496
67.32, 3485
67.53, 3476
67.76, 3469
68.01, 3465
68.22, 3457
68.39, 3445
68.59, 3439
68.78, 3432
68.96, 3422
69.16, 3416
69.35, 3411
69.53, 3407
69.73, 3402
69.92, 3402
70.12, 3395
70.31, 3391
70.52, 3391
70.71, 3387
70.92, 3386
71.14, 3383
71.54, 3383
72.17, 3382
72.37, 3378
72.56, 3373
72.78, 3372
74.22, 3370
74.41, 3368
74.58, 3364
74.77, 3360
78.03, 3360
79.39, 3358
85.48, 3358
85.68, 3357
85.88, 3354
86.26, 3354
86.45, 3353
86.65, 3351
89.95, 3351
90.13, 3349
90.32, 3346
