0.00, 102
0.01, 99
0.01, 99
0.02, 99
0.02, 99
0.02, 98
0.02, 98
0.02, 98
0.02, 98
0.04, 98
0.04, 97
0.05, 97
0.06, 97
0.07, 97
0.10, 97
0.10, 97
0.12, 97
0.13, 97
0.13, 97
0.27, 97
0.27, 97
0.33, 97
0.34, 97
0.34, 97
0.34, 97
0.41, 97
0.41, 97
0.41, 97
0.48, 97
0.48, 97
0.48, 97
0.53, 97
0.55, 97
0.55, 97
0.59, 97
0.59, 97
0.59, 97
0.59, 97
0.59, 97
0.60, 97
0.60, 97
0.60, 97
0.64, 97
0.65, 97
0.65, 97
0.65, 96
1.45, 96
2.59, 96
2.70, 96
2.78, 96
2.78, 96
3.86, 96
5.86, 96
6.11, 96
6.82, 96
6.87, 96
7.05, 96
7.05, 96
7.45, 96
8.28, 96
8.31, 96
8.32, 96
8.49, 96
8.49, 96
9.92, 96
10.22, 96
10.22, 96
10.44, 96
11.10, 96
12.28, 96
12.39, 96
13.68, 96
13.69, 96
13.98, 96
13.98, 96
14.45, 96
14.62, 96
14.63, 96
15.03, 96
15.03, 96
15.41, 96
15.41, 96
15.41, 96
15.77, 96
15.87, 96
15.89, 96
15.93, 96
15.95, 96
17.05, 96
17.05, 96
17.14, 96
17.14, 96
17.36, 96
17.36, 96
17.56, 96
17.56, 96
17.56, 96
17.84, 96
17.85, 96
18.46, 96
18.46, 96
18.46, 96
18.47, 96
18.47, 96
18.47, 96
18.47, 96
19.34, 96
19.35, 96
19.35, 96
19.95, 96
20.15, 96
20.15, 96
20.15, 96
20.62, 96
21.54, 96
22.18, 96
22.19, 96
22.78, 96
24.99, 96
24.99, 96
25.16, 96
25.22, 96
25.22, 96
25.22, 96
25.64, 96
25.76, 96
26.07, 96
26.61, 96
26.93, 96
26.93, 96
27.12, 96
27.25, 96
27.33, 96
27.38, 96
27.41, 96
27.41, 96
27.50, 96
29.08, 96
29.32, 96
29.32, 96
29.32, 96
30.20, 96
31.25, 96
31.31, 96
31.31, 96
31.31, 96
31.31, 96
31.56, 96
31.97, 96
32.20, 96
32.20, 96
32.20, 96
32.64, 96
32.65, 96
32.81, 96
34.57, 96
34.66, 96
35.16, 96
35.16, 96
35.28, 96
35.78, 96
35.78, 96
35.78, 96
35.98, 96
36.12, 96
36.16, 96
37.10, 96
37.10, 96
37.10, 96
37.10, 96
37.10, 96
37.14, 96
38.24, 96
38.89, 96
38.89, 96
39.13, 96
39.23, 96
40.42, 96
40.42, 96
40.42, 96
40.42, 96
40.42, 96
40.46, 96
40.78, 96
40.83, 96
41.53, 96
41.53, 96
41.64, 96
42.28, 96
42.46, 96
42.47, 96
42.57, 96
42.74, 96
44.28, 96
45.21, 96
45.21, 96
45.37, 96
45.39, 96
45.43, 96
45.43, 96
45.94, 96
46.01, 96
46.01, 96
46.13, 96
46.13, 96
46.13, 96
46.20, 96
46.20, 96
46.20, 96
46.48, 96
46.50, 96
46.50, 96
46.78, 96
46.78, 96
47.35, 96
47.49, 96
47.89, 96
48.56, 96
48.60, 96
49.71, 96
51.00, 96
51.00, 96
51.34, 96
51.54, 96
52.20, 96
53.13, 96
53.13, 96
53.13, 96
53.44, 96
53.44, 96
53.60, 96
53.60, 96
53.60, 96
54.12, 96
54.12, 96
54.78, 96
54.80, 96
54.83, 96
55.32, 96
55.32, 96
55.47, 96
55.47, 96
56.51, 96
56.92, 96
56.92, 96
56.92, 96
56.92, 96
56.96, 96
57.08, 96
57.11, 96
57.11, 96
57.38, 96
57.38, 96
57.38, 96
57.38, 96
57.38, 96
57.38, 96
57.83, 96
57.83, 96
57.83, 96
58.56, 96
58.56, 96
59.16, 96
59.16, 96
59.82, 96
59.92, 96
59.92, 96
60.05, 96
60.05, 96
60.06, 96
60.06, 96
60.51, 96
60.51, 96
60.85, 96
60.87, 96
61.17, 96
61.17, 96
62.25, 96
62.25, 96
62.25, 96
62.25, 96
62.25, 96
62.51, 96
62.51, 96
63.55, 96
63.55, 96
63.97, 96
64.25, 96
64.25, 96
65.02, 96
65.30, 96
65.30, 96
65.65, 96
65.98, 96
67.30, 96
67.62, 96
67.62, 96
68.10, 96
68.24, 96
68.65, 96
68.65, 96
68.97, 96
69.51, 96
69.51, 96
69.51, 96
69.81, 96
70.56, 96
72.66, 96
72.74, 96
72.74, 96
73.22, 96
73.22, 96
73.60, 96
73.74, 96
73.74, 96
74.05, 96
74.47, 96
74.47, 96
74.47, 96
74.47, 96
75.67, 96
75.81, 96
76.15, 96
77.38, 96
77.84, 96
78.27, 96
78.74, 96
78.74, 96
79.05, 96
79.71, 96
79.71, 96
79.95, 96
79.95, 96
80.87, 96
80.88, 96
81.36, 96
81.49, 96
81.52, 96
81.52, 96
81.52, 96
81.67, 96
81.99, 96
82.76, 96
82.76, 96
82.76, 96
82.87, 96
82.87, 96
82.88, 96
82.88, 96
82.88, 96
82.88, 96
82.99, 96
82.99, 96
84.74, 96
84.74, 96
84.74, 96
84.74, 96
85.49, 96
85.75, 96
85.88, 96
86.74, 96
86.74, 96
87.08, 96
87.23, 96
87.49, 96
87.55, 96
87.69, 96
87.69, 96
88.11, 96
88.46, 96
88.65, 96
88.74, 96
88.93, 96
88.93, 96
89.77, 96
89.77, 96
89.78, 96
91.36, 96
91.36, 96
91.38, 96
92.27, 96
92.27, 96
92.27, 96
92.64, 96
93.08, 96
93.87, 96
93.87, 96
94.48, 96
95.84, 96
96.78, 96
96.78, 96
97.07, 96
97.57, 96
97.57, 96
99.83, 96
99.85, 96
99.85, 96
100.29, 96
100.56, 96
100.56, 96
100.56, 96
100.57, 96
100.64, 96
100.73, 96
100.73, 96
100.73, 96
102.40, 96
102.40, 96
102.57, 96
102.57, 96
102.57, 96
103.13, 96
103.72, 96
103.72, 96
103.81, 96
103.85, 96
103.87, 96
103.87, 96
103.88, 96
104.44, 96
106.29, 96
106.29, 96
107.00, 96
107.00, 96
107.00, 96
107.04, 96
107.04, 96
107.05, 96
107.14, 96
107.14, 96
107.47, 96
107.86, 96
107.96, 96
108.61, 96
108.75, 96
108.75, 96
108.75, 96
108.75, 96
108.75, 96
109.30, 96
109.30, 96
109.30, 96
109.30, 96
109.31, 96
109.75, 96
109.75, 96
111.09, 96
111.09, 96
111.98, 96
111.98, 96
112.20, 96
112.51, 96
114.07, 96
114.89, 96
114.89, 96
114.89, 96
114.89, 96
114.89, 96
114.89, 96
116.29, 96
116.29, 96
116.29, 96
116.61, 96
116.61, 96
116.61, 96
116.61, 96
116.75, 96
117.00, 96
117.00, 96
117.00, 96
117.00, 96
117.00, 96
117.00, 96
117.57, 96
117.57, 96
119.28, 96
119.28, 96
119.28, 96
120.68, 96
120.88, 96
121.06, 96
121.47, 96
121.47, 96
121.47, 96
121.63, 96
121.64, 96
121.64, 96
121.64, 96
121.66, 96
121.67, 96
122.20, 96
122.45, 96
122.74, 96
122.77, 96
122.78, 96
123.37, 96
123.62, 96
124.24, 96
124.59, 96
124.93, 96
124.98, 96
124.98, 96
124.98, 96
124.98, 96
125.35, 96
125.66, 96
125.68, 96
125.69, 96
125.69, 96
125.69, 96
125.70, 96
125.94, 96
125.94, 96
125.97, 96
126.02, 96
126.02, 96
126.03, 96
126.40, 96
126.92, 96
126.92, 96
127.24, 96
127.99, 96
127.99, 96
128.79, 96
128.91, 96
128.91, 96
129.04, 96
129.19, 96
129.20, 96
129.20, 96
130.10, 96
130.33, 96
130.96, 96
130.96, 96
131.17, 96
132.03, 96
132.03, 96
132.10, 96
132.50, 96
132.66, 96
132.66, 96
133.04, 96
133.04, 96
133.67, 96
133.67, 96
134.22, 96
134.67, 96
134.67, 96
134.67, 96
134.67, 96
136.02, 96
136.02, 96
136.46, 96
137.04, 96
137.58, 96
137.62, 96
137.62, 96
137.70, 96
137.85, 96
138.60, 96
139.30, 96
139.71, 96
139.71, 96
139.99, 96
140.79, 96
141.80, 96
141.80, 96
142.75, 96
143.06, 96
143.24, 96
143.63, 96
144.24, 96
144.24, 96
144.71, 96
145.15, 96
145.15, 96
145.24, 96
146.61, 96
146.73, 96
146.73, 96
147.49, 96
147.84, 96
147.84, 96
147.84, 96
147.95, 96
147.97, 96
148.06, 96
148.09, 96
148.09, 96
148.10, 96
148.55, 96
148.56, 96
149.30, 96
149.30, 96
149.46, 96
149.46, 96
149.46, 96
149.46, 96
150.06, 96
150.06, 96
150.06, 96
150.11, 96
150.13, 96
150.74, 96
150.74, 96
150.74, 96
150.74, 96
150.74, 96
150.76, 96
150.89, 96
150.89, 96
150.90, 96
150.90, 96
151.06, 96
151.58, 96
152.53, 96
152.53, 96
153.15, 96
153.15, 96
153.59, 96
153.59, 96
153.60, 96
153.64, 96
153.64, 96
153.64, 96
153.81, 96
154.06, 96
154.16, 96
154.76, 96
154.76, 96
154.85, 96
155.28, 96
155.40, 96
155.61, 96
156.34, 96
156.87, 96
157.21, 96
158.15, 96
158.22, 96
158.22, 96
158.57, 96
158.57, 96
158.57, 96
158.68, 96
158.79, 96
158.79, 96
158.93, 96
159.08, 96
159.08, 96
159.08, 96
159.09, 96
160.11, 96
160.11, 96
160.11, 96
160.15, 96
160.15, 96
160.15, 96
160.15, 96
161.94, 96
161.99, 96
161.99, 96
162.26, 96
163.45, 96
163.60, 96
163.84, 96
165.30, 96
165.57, 96
165.69, 96
166.36, 96
166.41, 96
166.41, 96
166.53, 96
167.64, 96
167.64, 96
167.92, 96
168.05, 96
169.03, 96
169.40, 96
169.40, 96
169.68, 96
170.05, 96
170.69, 96
170.69, 96
170.69, 96
170.71, 96
171.13, 96
171.13, 96
171.13, 96
171.13, 96
171.69, 96
172.14, 96
172.16, 96
172.17, 96
173.15, 96
173.34, 96
173.55, 96
173.82, 96
173.83, 96
173.83, 96
174.35, 96
174.35, 96
174.35, 96
174.98, 96
175.24, 96
175.24, 96
175.65, 96
175.91, 96
177.53, 96
177.57, 96
177.57, 96
177.83, 96
178.10, 96
178.80, 96
179.59, 96
179.60, 96
179.60, 96
179.60, 96
179.64, 96
179.64, 96
180.03, 96
180.65, 96
180.90, 96
181.66, 96
181.66, 96
182.25, 96
182.30, 96
182.87, 96
183.31, 96
183.31, 96
183.56, 96
183.57, 96
183.57, 96
184.07, 96
184.07, 96
184.16, 96
184.44, 96
184.87, 96
184.87, 96
184.87, 96
184.87, 96
184.91, 96
185.26, 96
185.46, 96
185.46, 96
185.61, 96
186.16, 96
186.16, 96
186.16, 96
186.16, 96
186.16, 96
186.82, 96
186.83, 96
186.96, 96
187.08, 96
187.09, 96
187.60, 96
187.60, 96
187.74, 96
187.74, 96
187.74, 96
187.75, 96
187.75, 96
188.05, 96
188.43, 96
188.45, 96
188.45, 96
188.45, 96
188.50, 96
188.72, 96
188.93, 96
189.50, 96
189.68, 96
189.87, 96
189.87, 96
190.02, 96
190.02, 96
190.02, 96
190.18, 96
190.18, 96
190.18, 96
190.24, 96
190.26, 96
190.45, 96
191.05, 96
191.05, 96
191.05, 96
191.05, 96
191.25, 96
191.25, 96
193.68, 96
193.68, 96
193.86, 96
194.73, 96
194.73, 96
194.73, 96
194.92, 96
194.92, 96
195.01, 96
195.03, 96
195.24, 96
195.24, 96
195.24, 96
195.24, 96
195.35, 96
195.35, 96
195.54, 96
196.23, 96
196.23, 96
197.31, 96
197.31, 96
197.80, 96
198.64, 96
198.85, 96
199.03, 96
199.03, 96
199.38, 96
199.38, 96
199.38, 96
199.41, 96
199.41, 96
199.41, 96
200.05, 96
200.05, 96
200.44, 96
201.68, 96
201.75, 96
201.75, 96
201.75, 96
201.75, 96
202.89, 96
203.35, 96
203.81, 96
203.81, 96
203.92, 96
203.92, 96
203.93, 96
204.90, 96
206.97, 96
206.97, 96
206.97, 96
206.97, 96
207.28, 96
207.28, 96
207.85, 96
208.15, 96
208.35, 96
208.55, 96
210.17, 96
210.17, 96
211.05, 96
211.41, 96
211.41, 96
211.41, 96
211.41, 96
211.54, 96
211.56, 96
211.98, 96
211.98, 96
211.98, 96
211.98, 96
211.98, 96
212.03, 96
212.03, 96
212.03, 96
212.27, 96
212.28, 96
212.28, 96
212.58, 96
213.12, 96
213.12, 96
213.84, 96
213.84, 96
213.84, 96
213.84, 96
213.93, 96
213.93, 96
213.93, 96
214.02, 96
214.02, 96
214.03, 96
214.03, 96
214.03, 96
214.42, 96
214.42, 96
214.42, 96
214.57, 96
214.57, 96
215.18, 96
215.37, 96
215.38, 96
215.38, 96
215.38, 96
215.61, 96
215.61, 96
215.61, 96
215.61, 96
217.15, 96
217.40, 96
217.40, 96
217.42, 96
217.42, 96
217.81, 96
218.38, 96
218.38, 96
218.39, 96
218.39, 96
218.39, 96
218.51, 96
218.51, 96
218.56, 96
218.78, 96
218.78, 96
218.97, 96
218.98, 96
218.98, 96
219.34, 96
219.76, 96
219.77, 96
219.92, 96
219.96, 96
220.01, 96
220.01, 96
220.01, 96
220.08, 96
220.08, 96
220.41, 96
220.42, 96
221.12, 96
221.12, 96
221.19, 96
221.74, 96
222.21, 96
222.24, 96
222.70, 96
222.70, 96
222.75, 96
223.56, 96
224.05, 96
224.29, 96
224.65, 96
224.85, 96
224.85, 96
226.19, 96
227.14, 96
227.50, 96
227.55, 96
227.55, 96
227.55, 96
227.73, 96
227.73, 96
228.09, 96
228.75, 96
229.04, 96
229.04, 96
229.53, 96
230.57, 96
230.57, 96
231.13, 96
231.14, 96
231.14, 96
231.20, 96
231.24, 96
231.56, 96
232.26, 96
232.85, 96
233.38, 96
233.85, 96
233.85, 96
233.89, 96
233.89, 96
234.40, 96
234.43, 96
234.43, 96
234.47, 96
234.74, 96
234.75, 96
234.86, 96
236.67, 96
236.91, 96
237.11, 96
237.41, 96
238.51, 96
238.51, 96
238.52, 96
239.45, 96
239.45, 96
239.45, 96
239.45, 96
239.48, 96
240.14, 96
240.27, 96
240.29, 96
242.79, 96
242.80, 96
242.95, 96
242.95, 96
243.13, 96
243.16, 96
243.63, 96
244.23, 96
244.23, 96
244.23, 96
245.67, 96
245.70, 96
245.70, 96
246.84, 96
246.84, 96
246.89, 96
247.10, 96
247.12, 96
247.69, 96
247.69, 96
247.69, 96
247.80, 96
248.10, 96
248.10, 96
249.31, 96
249.32, 96
249.36, 96
249.78, 96
250.06, 96
250.06, 96
250.11, 96
250.11, 96
250.60, 96
250.60, 96
250.60, 96
250.60, 96
250.60, 96
250.61, 96
250.74, 96
250.99, 96
251.69, 96
252.06, 96
252.06, 96
252.42, 96
252.74, 96
252.75, 96
253.05, 96
253.05, 96
253.12, 96
253.41, 96
253.99, 96
254.27, 96
254.27, 96
254.27, 96
254.78, 96
255.11, 96
255.28, 96
255.60, 96
255.60, 96
255.60, 96
255.60, 96
255.84, 96
255.94, 96
256.02, 96
256.02, 96
256.02, 96
256.42, 96
256.42, 96
256.42, 96
256.42, 96
256.43, 96
256.72, 96
256.72, 96
257.66, 96
257.67, 96
257.98, 96
258.02, 96
258.03, 96
258.13, 96
258.13, 96
258.20, 96
258.38, 96
259.52, 96
259.78, 96
260.44, 96
260.77, 96
261.10, 96
262.93, 96
262.93, 96
262.93, 96
262.94, 96
264.06, 96
264.07, 96
264.57, 96
264.76, 96
265.02, 96
265.81, 96
265.82, 96
265.83, 96
266.47, 96
268.29, 96
269.58, 96
269.77, 96
270.10, 96
270.11, 96
270.11, 96
270.42, 96
271.29, 96
271.38, 96
271.79, 96
272.16, 96
273.90, 96
274.34, 96
274.35, 96
274.35, 96
274.35, 96
274.35, 96
274.35, 96
274.35, 96
274.42, 96
274.47, 96
274.47, 96
274.47, 96
274.74, 96
274.78, 96
275.97, 96
275.97, 96
276.01, 96
276.01, 96
276.10, 96
276.44, 96
278.02, 96
278.30, 96
278.30, 96
278.65, 96
278.88, 96
279.27, 96
279.28, 96
279.28, 96
279.55, 96
279.74, 96
279.78, 96
279.80, 96
280.43, 96
280.44, 96
281.16, 96
281.83, 96
281.83, 96
281.88, 96
281.96, 96
281.97, 96
281.98, 96
281.98, 96
282.98, 96
283.00, 96
283.67, 96
283.69, 96
283.90, 96
285.49, 96
285.58, 96
285.58, 96
285.69, 96
286.38, 96
286.39, 96
286.71, 96
286.71, 96
286.71, 96
286.71, 96
287.72, 96
287.72, 96
287.72, 96
287.72, 96
287.72, 96
287.78, 96
287.79, 96
287.79, 96
289.31, 96
289.32, 96
289.62, 96
289.62, 96
290.90, 96
290.91, 96
290.91, 96
291.21, 96
292.04, 96
292.45, 96
292.45, 96
292.45, 96
293.18, 96
293.86, 96
293.89, 96
293.89, 96
294.18, 96
294.85, 96
294.85, 96
294.91, 96
295.36, 96
295.84, 96
295.94, 96
296.15, 96
296.79, 96
296.91, 96
297.43, 96
297.43, 96
297.43, 96
297.90, 96
297.96, 96
298.38, 96
298.38, 96
300.48, 96
300.90, 96
300.90, 96
300.90, 96
302.64, 96
302.64, 96
303.03, 96
303.87, 96
303.87, 96
304.19, 96
304.23, 96
304.23, 96
306.14, 96
307.29, 96
307.82, 96
308.07, 96
308.55, 96
309.00, 96
309.21, 96
309.22, 96
309.22, 96
309.22, 96
309.49, 96
309.75, 96
310.61, 96
311.42, 96
311.42, 96
311.42, 96
311.66, 96
312.23, 96
313.91, 96
314.00, 96
314.00, 96
314.72, 96
314.72, 96
314.72, 96
314.73, 96
314.73, 96
314.87, 96
314.88, 96
315.04, 96
315.04, 96
315.21, 96
315.84, 96
316.09, 96
317.60, 96
317.67, 96
318.62, 96
318.62, 96
318.62, 96
318.63, 96
318.76, 96
318.76, 96
318.80, 96
318.80, 96
318.81, 96
318.99, 96
319.42, 96
320.22, 96
320.31, 96
320.58, 96
321.73, 96
322.43, 96
322.79, 96
322.79, 96
322.89, 96
323.30, 96
323.76, 96
324.42, 96
325.43, 96
325.47, 96
325.47, 96
326.26, 96
326.34, 96
326.34, 96
326.96, 96
326.96, 96
326.96, 96
326.96, 96
326.96, 96
326.96, 96
326.96, 96
328.97, 96
328.97, 96
329.01, 96
329.39, 96
329.74, 96
329.74, 96
329.99, 96
329.99, 96
329.99, 96
329.99, 96
330.24, 96
330.81, 96
331.41, 96
331.48, 96
331.48, 96
331.48, 96
331.50, 96
331.50, 96
331.50, 96
332.83, 96
333.15, 96
333.15, 96
334.40, 96
335.14, 96
335.84, 96
335.85, 96
335.85, 96
335.97, 96
335.97, 96
336.45, 96
337.40, 96
337.40, 96
337.40, 96
337.40, 96
337.40, 96
337.69, 96
337.87, 96
338.36, 96
338.44, 96
338.47, 96
338.83, 96
339.55, 96
339.55, 96
339.91, 96
340.06, 96
341.23, 96
341.23, 96
341.71, 96
342.35, 96
342.94, 96
342.94, 96
342.99, 96
342.99, 96
343.42, 96
343.97, 96
343.97, 96
343.98, 96
344.31, 96
344.42, 96
344.42, 96
344.42, 96
345.53, 96
345.54, 96
345.54, 96
345.71, 96
345.83, 96
345.83, 96
345.83, 96
345.83, 96
345.83, 96
345.84, 96
345.84, 96
345.84, 96
345.84, 96
345.84, 96
346.77, 96
346.84, 96
347.06, 96
347.07, 96
347.31, 96
347.38, 96
348.18, 96
348.97, 96
349.00, 96
349.00, 96
349.33, 96
349.33, 96
350.72, 96
350.80, 96
350.80, 96
351.05, 96
351.55, 96
352.25, 96
352.86, 96
353.60, 96
355.58, 96
356.01, 96
358.05, 96
358.71, 96
359.82, 96
360.47, 96
360.47, 96
360.67, 96
360.94, 96
361.05, 96
362.24, 96
362.25, 96
362.25, 96
362.32, 96
362.69, 96
362.69, 96
362.81, 96
363.01, 96
363.63, 96
364.44, 96
364.44, 96
365.16, 96
365.62, 96
365.88, 96
365.88, 96
365.88, 96
365.88, 96
365.93, 96
365.93, 96
365.93, 96
365.93, 96
365.94, 96
365.94, 96
365.94, 96
366.61, 96
366.71, 96
366.82, 96
367.42, 96
367.42, 96
367.92, 96
367.92, 96
367.92, 96
368.90, 96
369.81, 96
369.81, 96
369.93, 96
369.94, 96
369.95, 96
370.85, 96
371.15, 96
371.44, 96
371.44, 96
372.19, 96
372.19, 96
372.19, 96
372.20, 96
372.38, 96
372.88, 96
372.88, 96
372.88, 96
373.19, 96
373.19, 96
373.21, 96
373.21, 96
373.30, 96
373.31, 96
373.31, 96
374.10, 96
374.92, 96
374.92, 96
375.48, 96
375.90, 96
375.90, 96
375.90, 96
375.90, 96
376.78, 96
376.78, 96
377.07, 96
377.65, 96
377.65, 96
377.65, 96
378.29, 96
378.30, 96
379.16, 96
379.16, 96
379.16, 96
379.16, 96
380.51, 96
380.69, 96
380.69, 96
381.62, 96
382.91, 96
383.15, 96
383.16, 96
383.16, 96
383.57, 96
384.23, 96
384.36, 96
384.62, 96
384.74, 96
384.75, 96
384.82, 96
384.99, 96
384.99, 96
385.16, 96
385.16, 96
385.80, 96
385.80, 96
385.95, 96
385.95, 96
386.04, 96
386.29, 96
386.74, 96
386.86, 96
386.86, 96
386.86, 96
386.86, 96
386.94, 96
387.21, 96
387.22, 96
387.57, 96
387.86, 96
389.73, 96
389.73, 96
389.80, 96
390.03, 96
390.03, 96
390.26, 96
390.52, 96
390.84, 96
390.97, 96
391.00, 96
391.84, 96
392.15, 96
392.15, 96
392.22, 96
392.22, 96
392.93, 96
393.14, 96
393.14, 96
393.14, 96
393.14, 96
393.14, 96
393.14, 96
393.18, 96
393.25, 96
393.38, 96
394.04, 96
394.30, 96
394.30, 96
394.30, 96
394.30, 96
394.30, 96
394.30, 96
394.33, 96
397.45, 96
397.45, 96
397.46, 96
397.46, 96
397.46, 96
397.70, 96
397.70, 96
397.70, 96
397.74, 96
397.74, 96
398.10, 96
398.51, 96
398.51, 96
398.73, 96
398.74, 96
398.74, 96
398.86, 96
399.00, 96
399.00, 96
399.00, 96
399.64, 96
401.45, 96
401.53, 96
402.14, 96
402.14, 96
402.80, 96
404.05, 96
404.26, 96
404.38, 96
404.98, 96
405.04, 96
405.04, 96
405.16, 96
405.16, 96
405.94, 96
405.94, 96
405.94, 96
406.95, 96
406.95, 96
408.08, 96
408.09, 96
408.10, 96
408.10, 96
408.10, 96
408.36, 96
408.36, 96
408.68, 96
408.87, 96
408.87, 96
408.87, 96
411.19, 96
411.90, 96
411.90, 96
411.90, 96
411.90, 96
411.90, 96
412.20, 96
412.21, 96
412.26, 96
412.39, 96
412.59, 96
412.94, 96
412.94, 96
412.94, 96
413.34, 96
413.76, 96
414.99, 96
414.99, 96
415.96, 96
416.90, 96
417.22, 96
417.87, 96
417.87, 96
418.20, 96
419.44, 96
419.44, 96
419.45, 96
419.51, 96
419.51, 96
419.51, 96
419.51, 96
419.51, 96
419.51, 96
419.51, 96
419.51, 96
419.51, 96
419.51, 96
419.75, 96
419.75, 96
419.75, 96
420.11, 96
420.48, 96
420.72, 96
421.03, 96
421.32, 96
421.32, 96
421.37, 96
422.11, 96
423.69, 96
423.89, 96
424.53, 96
424.54, 96
424.54, 96
424.54, 96
425.24, 96
425.24, 96
425.24, 96
425.24, 96
426.17, 96
426.17, 96
426.17, 96
426.22, 96
426.22, 96
426.22, 96
426.23, 96
426.25, 96
426.25, 96
426.43, 96
426.55, 96
426.55, 96
426.55, 96
426.72, 96
426.87, 96
427.86, 96
428.47, 96
428.77, 96
429.42, 96
429.42, 96
429.61, 96
429.72, 96
429.72, 96
430.77, 96
430.84, 96
430.84, 96
431.62, 96
433.23, 96
434.00, 96
434.00, 96
434.08, 96
434.92, 96
434.92, 96
434.92, 96
435.53, 96
435.53, 96
435.67, 96
435.67, 96
435.80, 96
435.80, 96
436.34, 96
436.34, 96
436.35, 96
436.35, 96
436.35, 96
436.36, 96
436.36, 96
436.73, 96
436.73, 96
437.39, 96
438.54, 96
439.03, 96
439.60, 96
439.74, 96
439.75, 96
440.37, 96
440.53, 96
440.53, 96
440.53, 96
440.53, 96
440.62, 96
440.62, 96
440.74, 96
440.75, 96
441.39, 96
441.40, 96
441.40, 96
441.45, 96
441.45, 96
441.56, 96
441.56, 96
442.49, 96
442.87, 96
443.35, 96
443.55, 96
444.04, 96
444.04, 96
444.13, 96
444.13, 96
444.15, 96
444.15, 96
444.36, 96
444.97, 96
446.33, 96
446.54, 96
446.54, 96
446.54, 96
446.74, 96
448.18, 96
448.69, 96
448.75, 96
448.75, 96
448.75, 96
448.77, 96
448.92, 96
449.04, 96
449.04, 96
449.23, 96
449.33, 96
449.73, 96
449.86, 96
449.86, 96
449.86, 96
449.86, 96
449.86, 96
449.86, 96
449.97, 96
450.30, 96
450.30, 96
450.31, 96
451.12, 96
451.82, 96
451.89, 96
451.95, 96
452.71, 96
453.53, 96
453.55, 96
453.90, 96
453.92, 96
453.92, 96
454.08, 96
454.08, 96
454.74, 96
454.92, 96
455.20, 96
456.35, 96
456.39, 96
456.46, 96
456.46, 96
457.03, 96
457.56, 96
457.56, 96
458.04, 96
458.04, 96
458.04, 96
458.04, 96
458.05, 96
458.05, 96
458.05, 96
458.05, 96
458.05, 96
458.29, 96
458.39, 96
458.51, 96
458.51, 96
459.25, 96
460.22, 96
460.23, 96
460.23, 96
460.23, 96
460.39, 96
460.95, 96
461.15, 96
461.15, 96
461.38, 96
461.38, 96
461.83, 96
462.73, 96
463.06, 96
463.06, 96
463.38, 96
463.38, 96
463.88, 96
463.88, 96
463.88, 96
463.88, 96
464.03, 96
464.03, 96
464.03, 96
464.03, 96
464.07, 96
464.28, 96
464.28, 96
464.28, 96
464.28, 96
465.16, 96
465.29, 96
465.29, 96
465.86, 96
465.86, 96
465.98, 96
465.98, 96
465.98, 96
465.98, 96
465.98, 96
467.84, 96
467.84, 96
467.87, 96
468.26, 96
468.26, 96
468.68, 96
468.68, 96
469.04, 96
469.41, 96
470.45, 96
471.21, 96
471.21, 96
472.71, 96
472.71, 96
472.92, 96
472.92, 96
473.15, 96
473.36, 96
473.36, 96
473.82, 96
473.91, 96
473.91, 96
473.91, 96
473.91, 96
474.09, 96
474.24, 96
474.69, 96
474.69, 96
474.69, 96
474.70, 96
474.90, 96
475.09, 96
475.46, 96
475.46, 96
476.25, 96
476.69, 96
477.72, 96
477.89, 96
477.89, 96
478.54, 96
478.69, 96
478.69, 96
478.69, 96
478.96, 96
479.82, 96
479.82, 96
479.82, 96
479.82, 96
479.82, 96
480.90, 96
481.35, 96
481.63, 96
481.64, 96
481.68, 96
483.05, 96
483.05, 96
483.05, 96
483.09, 96
485.11, 96
485.11, 96
485.11, 96
485.26, 96
485.82, 96
485.82, 96
485.83, 96
485.89, 96
486.26, 96
486.26, 96
486.26, 96
486.38, 96
486.40, 96
486.56, 96
487.07, 96
487.34, 96
487.35, 96
487.75, 96
488.39, 96
488.61, 96
488.86, 96
488.90, 96
489.52, 96
489.65, 96
489.65, 96
489.66, 96
489.86, 96
490.92, 96
490.92, 96
491.58, 96
491.58, 96
491.58, 96
491.58, 96
491.58, 96
491.58, 96
492.45, 96
493.12, 96
493.12, 96
494.44, 96
494.44, 96
494.44, 96
494.63, 96
494.72, 96
495.11, 96
496.62, 96
496.64, 96
497.26, 96
497.36, 96
497.99, 96
497.99, 96
498.45, 96
499.84, 96
499.84, 96
499.88, 96
500.01, 96
500.01, 96
500.01, 96
500.01, 96
500.01, 96
500.11, 96
500.24, 96
500.49, 96
500.58, 96
501.29, 96
501.31, 96
501.92, 96
502.23, 96
502.33, 96
502.33, 96
502.50, 96
503.04, 96
503.26, 96
503.46, 96
503.65, 96
503.65, 96
504.51, 96
504.51, 96
504.51, 96
504.51, 96
504.70, 96
505.01, 96
505.01, 96
505.59, 96
505.59, 96
505.95, 96
505.95, 96
507.14, 96
507.14, 96
507.60, 96
508.40, 96
508.41, 96
509.11, 96
509.11, 96
509.45, 96
509.48, 96
509.48, 96
509.53, 96
509.65, 96
511.20, 96
511.20, 96
511.20, 96
511.70, 96
512.13, 96
512.33, 96
512.37, 96
512.41, 96
512.41, 96
512.72, 96
512.81, 96
513.01, 96
513.53, 96
513.71, 96
513.71, 96
514.05, 96
514.31, 96
514.31, 96
514.37, 96
515.71, 96
515.72, 96
515.72, 96
515.85, 96
515.85, 96
516.60, 96
516.89, 96
517.02, 96
517.03, 96
518.23, 96
518.33, 96
518.63, 96
520.37, 96
520.98, 96
521.20, 96
521.20, 96
521.20, 96
521.27, 96
521.28, 96
521.52, 96
521.52, 96
521.52, 96
521.52, 96
521.55, 96
521.55, 96
521.82, 96
521.82, 96
521.94, 96
522.51, 96
523.34, 96
523.38, 96
523.45, 96
523.46, 96
524.03, 96
524.37, 96
524.37, 96
524.76, 96
524.76, 96
524.79, 96
526.65, 96
526.65, 96
526.65, 96
527.57, 96
527.87, 96
528.31, 96
528.50, 96
528.72, 96
528.72, 96
528.88, 96
529.06, 96
529.25, 96
529.25, 96
529.71, 96
529.71, 96
529.71, 96
529.82, 96
529.82, 96
530.17, 96
530.33, 96
530.38, 96
530.38, 96
530.60, 96
530.66, 96
530.70, 96
530.70, 96
530.70, 96
530.70, 96
530.71, 96
530.71, 96
531.29, 96
531.86, 96
531.86, 96
531.95, 96
531.95, 96
531.95, 96
532.19, 96
532.74, 96
533.67, 96
535.64, 96
535.73, 96
536.22, 96
536.77, 96
536.88, 96
540.34, 96
540.34, 96
540.58, 96
541.64, 96
541.64, 96
541.73, 96
542.12, 96
542.27, 96
542.60, 96
542.60, 96
542.60, 96
542.60, 96
543.25, 96
543.71, 96
543.71, 96
543.71, 96
543.98, 96
543.99, 96
544.12, 96
544.12, 96
544.12, 96
544.37, 96
545.28, 96
545.47, 96
545.47, 96
545.83, 96
545.83, 96
546.52, 96
546.52, 96
546.76, 96
546.85, 96
546.85, 96
547.62, 96
547.72, 96
547.73, 96
548.05, 96
548.05, 96
548.05, 96
548.05, 96
548.20, 96
548.23, 96
548.56, 96
548.67, 96
548.67, 96
548.67, 96
548.67, 96
548.71, 96
548.72, 96
548.73, 96
548.73, 96
549.19, 96
549.46, 96
549.56, 96
549.57, 96
549.66, 96
550.26, 96
550.45, 96
550.45, 96
550.46, 96
550.86, 96
550.86, 96
551.08, 96
551.08, 96
551.18, 96
551.18, 96
551.21, 96
551.21, 96
551.26, 96
551.26, 96
551.26, 96
551.66, 96
551.89, 96
552.84, 96
553.16, 96
553.71, 96
553.71, 96
553.77, 96
553.77, 96
553.98, 96
553.98, 96
553.98, 96
554.02, 96
555.64, 96
555.88, 96
555.99, 96
556.05, 96
556.19, 96
557.49, 96
558.78, 96
560.01, 96
560.01, 96
560.65, 96
560.65, 96
560.65, 96
560.68, 96
560.68, 96
560.71, 96
560.78, 96
560.78, 96
561.39, 96
561.64, 96
561.64, 96
561.64, 96
562.08, 96
562.08, 96
563.01, 96
563.01, 96
563.01, 96
563.01, 96
563.07, 96
563.26, 96
563.26, 96
563.33, 96
563.88, 96
563.88, 96
563.88, 96
563.89, 96
564.04, 96
565.34, 96
565.41, 96
566.17, 96
566.58, 96
566.84, 96
567.12, 96
567.48, 96
567.48, 96
567.54, 96
567.54, 96
567.54, 96
568.61, 96
568.73, 96
569.21, 96
569.31, 96
569.31, 96
569.68, 96
569.68, 96
569.86, 96
570.13, 96
570.36, 96
570.36, 96
571.16, 96
571.16, 96
571.21, 96
571.29, 96
571.30, 96
571.52, 96
572.42, 96
572.46, 96
572.46, 96
572.46, 96
573.10, 96
574.38, 96
575.16, 96
575.76, 96
576.30, 96
576.30, 96
576.55, 96
576.61, 96
576.61, 96
577.24, 96
577.25, 96
577.66, 96
578.17, 96
578.39, 96
578.39, 96
580.01, 96
581.01, 96
581.23, 96
582.10, 96
582.30, 96
583.08, 96
583.08, 96
583.26, 96
583.26, 96
583.28, 96
583.28, 96
584.18, 96
584.19, 96
584.43, 96
584.90, 96
584.90, 96
584.90, 96
585.29, 96
585.31, 96
585.41, 96
586.32, 96
586.33, 96
586.49, 96
586.98, 96
588.64, 96
588.82, 96
588.82, 96
588.96, 96
589.06, 96
589.06, 96
589.12, 96
589.12, 96
589.12, 96
589.27, 96
589.91, 96
590.23, 96
590.23, 96
591.04, 96
591.05, 96
591.17, 96
591.64, 96
591.64, 96
591.64, 96
591.64, 96
592.04, 96
592.04, 96
592.25, 96
592.25, 96
594.36, 96
595.08, 96
595.08, 96
595.08, 96
595.08, 96
596.18, 96
596.18, 96
596.23, 96
596.23, 96
596.23, 96
596.24, 96
596.24, 96
596.24, 96
596.30, 96
596.65, 96
598.10, 96
598.25, 96
598.25, 96
598.25, 96
598.76, 96
599.07, 96
599.07, 96
599.07, 96
599.08, 96
599.95, 96
599.95, 96
