0.01, 102
0.02, 99
0.02, 99
0.03, 99
0.03, 99
0.03, 98
0.03, 98
0.03, 98
0.03, 98
0.05, 98
0.05, 97
0.08, 97
0.09, 97
0.11, 97
0.15, 97
0.15, 97
0.20, 97
0.20, 97
0.20, 97
0.38, 97
0.38, 97
0.43, 97
0.44, 97
0.44, 97
0.44, 97
0.50, 97
0.50, 97
0.50, 97
0.56, 97
0.56, 97
0.57, 97
0.61, 97
0.66, 97
0.66, 97
0.71, 97
0.71, 97
0.71, 97
0.71, 97
0.71, 97
0.71, 97
0.72, 97
0.72, 97
0.76, 97
0.76, 97
0.76, 97
0.76, 96
1.55, 96
2.59, 96
2.70, 96
2.76, 96
2.76, 96
3.82, 96
5.80, 96
6.02, 96
6.65, 96
6.68, 96
6.83, 96
6.83, 96
7.19, 96
7.96, 96
7.98, 96
7.98, 96
8.11, 96
8.11, 96
9.34, 96
9.62, 96
9.62, 96
9.82, 96
10.44, 96
11.50, 96
11.61, 96
13.30, 96
13.30, 96
13.61, 96
13.61, 96
14.08, 96
14.26, 96
14.26, 96
14.66, 96
14.67, 96
15.04, 96
15.04, 96
15.05, 96
15.42, 96
15.52, 96
15.53, 96
15.57, 96
15.59, 96
16.58, 96
16.59, 96
16.67, 96
16.67, 96
16.84, 96
16.84, 96
17.05, 96
17.05, 96
17.05, 96
17.30, 96
17.30, 96
17.88, 96
17.88, 96
17.88, 96
17.89, 96
17.89, 96
17.89, 96
17.89, 96
18.81, 96
18.81, 96
18.81, 96
19.44, 96
19.65, 96
19.65, 96
19.65, 96
20.15, 96
21.00, 96
21.56, 96
21.56, 96
22.17, 96
24.44, 96
24.44, 96
24.62, 96
24.69, 96
24.69, 96
24.69, 96
25.14, 96
25.24, 96
25.54, 96
26.07, 96
26.35, 96
26.35, 96
26.56, 96
26.71, 96
26.83, 96
26.89, 96
26.92, 96
26.93, 96
27.00, 96
29.06, 96
29.40, 96
29.40, 96
29.40, 96
30.39, 96
31.51, 96
31.56, 96
31.56, 96
31.56, 96
31.56, 96
31.78, 96
32.14, 96
32.42, 96
32.43, 96
32.43, 96
32.88, 96
32.88, 96
33.05, 96
34.95, 96
35.04, 96
35.59, 96
35.59, 96
35.74, 96
36.28, 96
36.28, 96
36.29, 96
36.48, 96
36.65, 96
36.69, 96
37.53, 96
37.53, 96
37.53, 96
37.53, 96
37.53, 96
37.59, 96
38.72, 96
39.41, 96
39.41, 96
39.70, 96
39.84, 96
41.17, 96
41.17, 96
41.17, 96
41.17, 96
41.17, 96
41.21, 96
41.56, 96
41.61, 96
42.28, 96
42.28, 96
42.37, 96
43.04, 96
43.25, 96
43.25, 96
43.37, 96
43.53, 96
45.15, 96
46.08, 96
46.08, 96
46.25, 96
46.26, 96
46.31, 96
46.31, 96
46.84, 96
46.91, 96
46.91, 96
47.00, 96
47.00, 96
47.00, 96
47.05, 96
47.05, 96
47.05, 96
47.29, 96
47.31, 96
47.31, 96
47.54, 96
47.54, 96
48.05, 96
48.18, 96
48.60, 96
49.36, 96
49.40, 96
50.59, 96
51.94, 96
51.94, 96
52.28, 96
52.45, 96
53.07, 96
54.00, 96
54.01, 96
54.01, 96
54.33, 96
54.33, 96
54.50, 96
54.50, 96
54.50, 96
55.05, 96
55.07, 96
55.74, 96
55.77, 96
55.80, 96
56.32, 96
56.33, 96
56.46, 96
56.46, 96
57.41, 96
57.78, 96
57.78, 96
57.78, 96
57.78, 96
57.82, 96
57.96, 96
57.99, 96
58.00, 96
58.25, 96
58.25, 96
58.25, 96
58.25, 96
58.25, 96
58.25, 96
58.75, 96
58.75, 96
58.75, 96
59.48, 96
59.48, 96
60.09, 96
60.09, 96
60.80, 96
60.90, 96
60.90, 96
61.01, 96
61.01, 96
61.01, 96
61.01, 96
61.50, 96
61.50, 96
61.80, 96
61.81, 96
62.08, 96
62.09, 96
63.18, 96
63.18, 96
63.19, 96
63.19, 96
63.19, 96
63.46, 96
63.46, 96
64.63, 96
64.63, 96
65.11, 96
65.45, 96
65.45, 96
66.28, 96
66.59, 96
66.59, 96
66.94, 96
67.30, 96
68.54, 96
68.92, 96
68.92, 96
69.39, 96
69.59, 96
70.02, 96
70.02, 96
70.31, 96
71.03, 96
71.03, 96
71.03, 96
71.38, 96
72.20, 96
74.33, 96
74.40, 96
74.40, 96
74.91, 96
74.91, 96
75.27, 96
75.40, 96
75.40, 96
75.74, 96
76.17, 96
76.17, 96
76.17, 96
76.17, 96
77.39, 96
77.53, 96
77.87, 96
79.06, 96
79.56, 96
80.04, 96
80.59, 96
80.60, 96
80.96, 96
81.63, 96
81.64, 96
81.98, 96
81.98, 96
82.98, 96
82.98, 96
83.58, 96
83.71, 96
83.75, 96
83.75, 96
83.75, 96
83.91, 96
84.33, 96
85.17, 96
85.17, 96
85.17, 96
85.27, 96
85.27, 96
85.27, 96
85.27, 96
85.28, 96
85.28, 96
85.38, 96
85.38, 96
87.39, 96
87.39, 96
87.39, 96
87.39, 96
88.21, 96
88.50, 96
88.63, 96
89.59, 96
89.59, 96
89.98, 96
90.13, 96
90.41, 96
90.49, 96
90.64, 96
90.65, 96
91.07, 96
91.43, 96
91.63, 96
91.78, 96
92.05, 96
92.05, 96
93.06, 96
93.06, 96
93.08, 96
94.81, 96
94.81, 96
94.84, 96
95.65, 96
95.65, 96
95.65, 96
96.04, 96
96.46, 96
97.53, 96
97.54, 96
98.38, 96
100.21, 96
101.20, 96
101.20, 96
101.54, 96
102.03, 96
102.03, 96
104.72, 96
104.73, 96
104.73, 96
105.22, 96
105.53, 96
105.54, 96
105.54, 96
105.55, 96
105.62, 96
105.73, 96
105.73, 96
105.73, 96
107.38, 96
107.38, 96
107.63, 96
107.63, 96
107.63, 96
108.21, 96
108.93, 96
108.93, 96
109.01, 96
109.05, 96
109.05, 96
109.05, 96
109.05, 96
109.65, 96
111.73, 96
111.74, 96
112.37, 96
112.37, 96
112.37, 96
112.42, 96
112.42, 96
112.43, 96
112.52, 96
112.52, 96
112.83, 96
113.26, 96
113.36, 96
114.06, 96
114.26, 96
114.27, 96
114.27, 96
114.27, 96
114.27, 96
114.93, 96
114.93, 96
114.93, 96
114.94, 96
114.94, 96
115.40, 96
115.40, 96
116.80, 96
116.80, 96
117.64, 96
117.64, 96
117.89, 96
118.21, 96
120.03, 96
121.03, 96
121.03, 96
121.03, 96
121.04, 96
121.04, 96
121.04, 96
122.54, 96
122.54, 96
122.54, 96
122.91, 96
122.91, 96
122.91, 96
122.91, 96
123.04, 96
123.27, 96
123.27, 96
123.27, 96
123.27, 96
123.27, 96
123.27, 96
123.87, 96
123.88, 96
125.71, 96
125.71, 96
125.72, 96
127.27, 96
127.49, 96
127.73, 96
128.14, 96
128.15, 96
128.15, 96
128.30, 96
128.30, 96
128.30, 96
128.31, 96
128.33, 96
128.33, 96
129.00, 96
129.31, 96
129.64, 96
129.68, 96
129.68, 96
130.28, 96
130.54, 96
131.21, 96
131.56, 96
131.93, 96
131.99, 96
131.99, 96
132.00, 96
132.00, 96
132.39, 96
132.73, 96
132.75, 96
132.75, 96
132.75, 96
132.75, 96
132.76, 96
132.99, 96
132.99, 96
133.03, 96
133.09, 96
133.09, 96
133.10, 96
133.47, 96
133.96, 96
133.96, 96
134.25, 96
135.03, 96
135.03, 96
135.85, 96
135.98, 96
135.98, 96
136.13, 96
136.26, 96
136.27, 96
136.27, 96
137.25, 96
137.47, 96
138.11, 96
138.11, 96
138.31, 96
139.11, 96
139.11, 96
139.16, 96
139.59, 96
139.76, 96
139.76, 96
140.14, 96
140.14, 96
140.78, 96
140.78, 96
141.37, 96
141.82, 96
141.83, 96
141.83, 96
141.83, 96
143.33, 96
143.33, 96
143.76, 96
144.32, 96
144.86, 96
144.90, 96
144.90, 96
145.00, 96
145.15, 96
145.91, 96
146.62, 96
147.02, 96
147.03, 96
147.30, 96
148.15, 96
149.15, 96
149.16, 96
150.12, 96
150.49, 96
150.67, 96
151.06, 96
151.66, 96
151.67, 96
152.17, 96
152.63, 96
152.63, 96
152.70, 96
153.82, 96
153.91, 96
153.91, 96
154.58, 96
154.93, 96
154.93, 96
154.93, 96
155.04, 96
155.06, 96
155.18, 96
155.22, 96
155.22, 96
155.22, 96
155.75, 96
155.75, 96
156.52, 96
156.52, 96
156.72, 96
156.73, 96
156.73, 96
156.73, 96
157.35, 96
157.37, 96
157.37, 96
157.47, 96
157.52, 96
158.21, 96
158.21, 96
158.21, 96
158.21, 96
158.21, 96
158.23, 96
158.36, 96
158.36, 96
158.37, 96
158.37, 96
158.53, 96
159.06, 96
159.96, 96
159.96, 96
160.56, 96
160.56, 96
160.97, 96
160.97, 96
160.97, 96
161.01, 96
161.01, 96
161.01, 96
161.22, 96
161.48, 96
161.57, 96
162.23, 96
162.23, 96
162.33, 96
162.86, 96
163.00, 96
163.21, 96
163.99, 96
164.46, 96
164.77, 96
165.72, 96
165.81, 96
165.81, 96
166.15, 96
166.15, 96
166.15, 96
166.30, 96
166.47, 96
166.48, 96
166.65, 96
166.82, 96
166.82, 96
166.82, 96
166.83, 96
167.95, 96
167.95, 96
167.95, 96
167.99, 96
167.99, 96
167.99, 96
167.99, 96
169.84, 96
169.90, 96
169.90, 96
170.20, 96
171.45, 96
171.62, 96
171.87, 96
173.40, 96
173.67, 96
173.79, 96
174.51, 96
174.56, 96
174.57, 96
174.69, 96
175.78, 96
175.79, 96
176.04, 96
176.19, 96
177.30, 96
177.69, 96
177.69, 96
178.01, 96
178.42, 96
179.18, 96
179.18, 96
179.18, 96
179.20, 96
179.62, 96
179.62, 96
179.62, 96
179.63, 96
180.15, 96
180.57, 96
180.59, 96
180.59, 96
181.63, 96
181.84, 96
182.05, 96
182.41, 96
182.42, 96
182.42, 96
182.95, 96
182.95, 96
182.95, 96
183.71, 96
183.94, 96
183.94, 96
184.41, 96
184.70, 96
186.34, 96
186.38, 96
186.38, 96
186.66, 96
186.97, 96
187.68, 96
188.72, 96
188.72, 96
188.72, 96
188.72, 96
188.76, 96
188.76, 96
189.16, 96
189.80, 96
190.06, 96
190.79, 96
190.79, 96
191.32, 96
191.36, 96
191.94, 96
192.35, 96
192.35, 96
192.63, 96
192.63, 96
192.63, 96
193.24, 96
193.24, 96
193.36, 96
193.64, 96
194.13, 96
194.13, 96
194.13, 96
194.13, 96
194.16, 96
194.52, 96
194.75, 96
194.76, 96
194.93, 96
195.49, 96
195.49, 96
195.49, 96
195.49, 96
195.49, 96
196.13, 96
196.14, 96
196.36, 96
196.54, 96
196.55, 96
197.17, 96
197.17, 96
197.31, 96
197.31, 96
197.31, 96
197.31, 96
197.31, 96
197.61, 96
198.01, 96
198.01, 96
198.01, 96
198.01, 96
198.06, 96
198.36, 96
198.62, 96
199.19, 96
199.38, 96
199.60, 96
199.60, 96
199.76, 96
199.76, 96
199.76, 96
199.93, 96
199.93, 96
199.93, 96
200.01, 96
200.02, 96
200.21, 96
200.81, 96
200.81, 96
200.82, 96
200.82, 96
201.06, 96
201.06, 96
203.49, 96
203.49, 96
203.67, 96
204.51, 96
204.51, 96
204.51, 96
204.72, 96
204.72, 96
204.81, 96
204.83, 96
205.05, 96
205.05, 96
205.05, 96
205.05, 96
205.17, 96
205.17, 96
205.38, 96
206.05, 96
206.05, 96
206.96, 96
206.96, 96
207.47, 96
208.31, 96
208.52, 96
208.73, 96
208.73, 96
209.09, 96
209.09, 96
209.09, 96
209.11, 96
209.12, 96
209.12, 96
209.81, 96
209.81, 96
210.20, 96
211.44, 96
211.51, 96
211.52, 96
211.52, 96
211.52, 96
212.68, 96
213.11, 96
213.59, 96
213.59, 96
213.69, 96
213.69, 96
213.69, 96
214.69, 96
216.69, 96
216.69, 96
216.69, 96
216.69, 96
216.95, 96
216.95, 96
217.57, 96
217.88, 96
218.08, 96
218.28, 96
220.04, 96
220.04, 96
220.92, 96
221.24, 96
221.24, 96
221.24, 96
221.24, 96
221.37, 96
221.38, 96
221.73, 96
221.73, 96
221.73, 96
221.73, 96
221.73, 96
221.79, 96
221.79, 96
221.79, 96
222.03, 96
222.03, 96
222.03, 96
222.32, 96
222.85, 96
222.85, 96
223.62, 96
223.63, 96
223.63, 96
223.63, 96
223.75, 96
223.75, 96
223.75, 96
223.83, 96
223.83, 96
223.83, 96
223.83, 96
223.83, 96
224.26, 96
224.26, 96
224.26, 96
224.42, 96
224.42, 96
225.04, 96
225.20, 96
225.20, 96
225.20, 96
225.20, 96
225.44, 96
225.44, 96
225.44, 96
225.44, 96
226.94, 96
227.15, 96
227.15, 96
227.18, 96
227.18, 96
227.56, 96
228.14, 96
228.14, 96
228.15, 96
228.15, 96
228.15, 96
228.25, 96
228.25, 96
228.30, 96
228.57, 96
228.57, 96
228.80, 96
228.80, 96
228.80, 96
229.19, 96
229.62, 96
229.62, 96
229.82, 96
229.88, 96
229.93, 96
229.93, 96
229.94, 96
230.02, 96
230.02, 96
230.33, 96
230.34, 96
231.05, 96
231.05, 96
231.11, 96
231.62, 96
232.15, 96
232.18, 96
232.68, 96
232.68, 96
232.72, 96
233.55, 96
234.10, 96
234.37, 96
234.70, 96
234.93, 96
234.94, 96
236.31, 96
237.17, 96
237.49, 96
237.54, 96
237.54, 96
237.55, 96
237.70, 96
237.70, 96
238.05, 96
238.76, 96
239.08, 96
239.08, 96
239.61, 96
240.67, 96
240.68, 96
241.26, 96
241.27, 96
241.27, 96
241.35, 96
241.39, 96
241.67, 96
242.31, 96
242.90, 96
243.41, 96
243.90, 96
243.90, 96
243.94, 96
243.94, 96
244.44, 96
244.47, 96
244.47, 96
244.50, 96
244.79, 96
244.79, 96
244.91, 96
246.73, 96
246.92, 96
247.16, 96
247.42, 96
248.55, 96
248.55, 96
248.56, 96
249.56, 96
249.56, 96
249.56, 96
249.56, 96
249.58, 96
250.27, 96
250.40, 96
250.42, 96
252.71, 96
252.71, 96
252.89, 96
252.89, 96
253.09, 96
253.12, 96
253.64, 96
254.21, 96
254.21, 96
254.21, 96
255.54, 96
255.58, 96
255.58, 96
256.59, 96
256.59, 96
256.64, 96
256.84, 96
256.85, 96
257.32, 96
257.32, 96
257.32, 96
257.42, 96
257.73, 96
257.73, 96
259.04, 96
259.04, 96
259.09, 96
259.50, 96
259.78, 96
259.78, 96
259.84, 96
259.85, 96
260.32, 96
260.32, 96
260.32, 96
260.32, 96
260.32, 96
260.33, 96
260.46, 96
260.71, 96
261.40, 96
261.71, 96
261.71, 96
262.09, 96
262.41, 96
262.43, 96
262.73, 96
262.73, 96
262.81, 96
263.10, 96
263.75, 96
264.05, 96
264.05, 96
264.05, 96
264.59, 96
264.91, 96
265.11, 96
265.44, 96
265.45, 96
265.45, 96
265.45, 96
265.70, 96
265.91, 96
266.00, 96
266.00, 96
266.00, 96
266.43, 96
266.43, 96
266.43, 96
266.43, 96
266.44, 96
266.69, 96
266.71, 96
267.81, 96
267.81, 96
268.14, 96
268.19, 96
268.19, 96
268.28, 96
268.28, 96
268.36, 96
268.59, 96
269.59, 96
269.79, 96
270.34, 96
270.54, 96
270.79, 96
272.23, 96
272.24, 96
272.24, 96
272.24, 96
273.12, 96
273.12, 96
273.69, 96
273.86, 96
274.07, 96
274.74, 96
274.75, 96
274.75, 96
275.24, 96
276.72, 96
277.80, 96
277.95, 96
278.21, 96
278.21, 96
278.21, 96
278.50, 96
279.31, 96
279.40, 96
279.80, 96
280.14, 96
282.01, 96
282.54, 96
282.54, 96
282.54, 96
282.54, 96
282.54, 96
282.54, 96
282.54, 96
282.64, 96
282.69, 96
282.69, 96
282.69, 96
283.02, 96
283.06, 96
284.38, 96
284.38, 96
284.42, 96
284.42, 96
284.51, 96
284.90, 96
286.41, 96
286.75, 96
286.75, 96
287.11, 96
287.34, 96
287.65, 96
287.65, 96
287.65, 96
287.89, 96
288.06, 96
288.10, 96
288.12, 96
288.62, 96
288.62, 96
289.18, 96
289.66, 96
289.66, 96
289.69, 96
289.74, 96
289.74, 96
289.74, 96
289.74, 96
290.52, 96
290.52, 96
291.15, 96
291.16, 96
291.32, 96
292.82, 96
292.90, 96
292.90, 96
293.01, 96
293.68, 96
293.68, 96
293.99, 96
293.99, 96
293.99, 96
293.99, 96
294.97, 96
294.97, 96
294.97, 96
294.97, 96
294.97, 96
295.03, 96
295.03, 96
295.03, 96
296.56, 96
296.57, 96
296.86, 96
296.86, 96
298.03, 96
298.03, 96
298.03, 96
298.33, 96
299.20, 96
299.64, 96
299.65, 96
299.65, 96
300.44, 96
301.25, 96
301.30, 96
301.30, 96
301.65, 96
302.53, 96
302.54, 96
302.65, 96
303.33, 96
303.83, 96
303.94, 96
304.21, 96
304.81, 96
304.93, 96
305.51, 96
305.51, 96
305.51, 96
306.01, 96
306.09, 96
306.52, 96
306.52, 96
308.76, 96
309.24, 96
309.24, 96
309.24, 96
311.14, 96
311.14, 96
311.67, 96
313.03, 96
313.04, 96
313.49, 96
313.58, 96
313.58, 96
316.42, 96
318.11, 96
318.97, 96
319.28, 96
319.90, 96
320.37, 96
320.64, 96
320.64, 96
320.64, 96
320.64, 96
321.08, 96
321.47, 96
322.73, 96
323.83, 96
323.83, 96
323.83, 96
324.12, 96
324.89, 96
327.09, 96
327.20, 96
327.21, 96
328.00, 96
328.00, 96
328.00, 96
328.01, 96
328.01, 96
328.16, 96
328.16, 96
328.34, 96
328.34, 96
328.52, 96
329.26, 96
329.52, 96
330.81, 96
330.86, 96
331.87, 96
331.87, 96
331.87, 96
331.87, 96
331.99, 96
331.99, 96
332.03, 96
332.03, 96
332.03, 96
332.21, 96
332.63, 96
333.59, 96
333.74, 96
334.08, 96
335.22, 96
335.91, 96
336.28, 96
336.28, 96
336.39, 96
336.84, 96
337.29, 96
337.96, 96
339.07, 96
339.10, 96
339.10, 96
339.88, 96
339.95, 96
339.96, 96
340.48, 96
340.48, 96
340.48, 96
340.48, 96
340.48, 96
340.48, 96
340.48, 96
342.27, 96
342.27, 96
342.30, 96
342.68, 96
343.04, 96
343.04, 96
343.33, 96
343.33, 96
343.33, 96
343.33, 96
343.58, 96
344.19, 96
344.78, 96
344.83, 96
344.83, 96
344.83, 96
344.85, 96
344.85, 96
344.85, 96
346.04, 96
346.36, 96
346.37, 96
347.58, 96
348.35, 96
349.09, 96
349.09, 96
349.09, 96
349.20, 96
349.20, 96
349.68, 96
350.47, 96
350.47, 96
350.47, 96
350.48, 96
350.48, 96
350.75, 96
350.94, 96
351.45, 96
351.55, 96
351.58, 96
351.95, 96
352.69, 96
352.69, 96
353.08, 96
353.23, 96
354.40, 96
354.40, 96
354.83, 96
355.45, 96
356.04, 96
356.04, 96
356.09, 96
356.09, 96
356.49, 96
357.08, 96
357.08, 96
357.08, 96
357.41, 96
357.50, 96
357.50, 96
357.50, 96
358.63, 96
358.63, 96
358.63, 96
358.84, 96
358.96, 96
358.96, 96
358.96, 96
358.96, 96
358.96, 96
358.96, 96
358.97, 96
358.97, 96
358.97, 96
358.97, 96
359.81, 96
359.87, 96
360.07, 96
360.07, 96
360.26, 96
360.32, 96
361.16, 96
361.97, 96
362.00, 96
362.00, 96
362.33, 96
362.33, 96
363.72, 96
363.79, 96
363.80, 96
364.04, 96
364.51, 96
365.14, 96
365.74, 96
366.42, 96
368.40, 96
368.90, 96
370.71, 96
371.34, 96
372.41, 96
373.09, 96
373.09, 96
373.27, 96
373.55, 96
373.66, 96
374.72, 96
374.72, 96
374.72, 96
374.81, 96
375.21, 96
375.21, 96
375.33, 96
375.55, 96
376.15, 96
376.91, 96
376.91, 96
377.65, 96
378.12, 96
378.39, 96
378.39, 96
378.39, 96
378.39, 96
378.46, 96
378.46, 96
378.46, 96
378.46, 96
378.46, 96
378.46, 96
378.47, 96
379.13, 96
379.22, 96
379.30, 96
379.82, 96
379.82, 96
380.35, 96
380.35, 96
380.35, 96
381.37, 96
382.33, 96
382.33, 96
382.45, 96
382.45, 96
382.46, 96
383.40, 96
383.70, 96
383.99, 96
383.99, 96
384.65, 96
384.65, 96
384.65, 96
384.65, 96
384.82, 96
385.37, 96
385.37, 96
385.37, 96
385.68, 96
385.69, 96
385.71, 96
385.71, 96
385.81, 96
385.82, 96
385.82, 96
386.65, 96
387.52, 96
387.52, 96
388.13, 96
388.60, 96
388.60, 96
388.60, 96
388.60, 96
389.53, 96
389.53, 96
389.80, 96
390.45, 96
390.46, 96
390.46, 96
391.39, 96
391.39, 96
392.57, 96
392.57, 96
392.57, 96
392.58, 96
394.38, 96
394.67, 96
394.67, 96
395.85, 96
397.15, 96
397.42, 96
397.42, 96
397.42, 96
397.83, 96
398.51, 96
398.65, 96
398.97, 96
399.09, 96
399.09, 96
399.18, 96
399.35, 96
399.35, 96
399.54, 96
399.54, 96
400.25, 96
400.25, 96
400.40, 96
400.40, 96
400.50, 96
400.77, 96
401.24, 96
401.39, 96
401.39, 96
401.39, 96
401.39, 96
401.49, 96
401.74, 96
401.74, 96
402.14, 96
402.56, 96
404.57, 96
404.57, 96
404.66, 96
404.92, 96
404.92, 96
405.17, 96
405.44, 96
405.81, 96
405.95, 96
405.99, 96
406.79, 96
407.08, 96
407.08, 96
407.15, 96
407.15, 96
407.93, 96
408.16, 96
408.16, 96
408.16, 96
408.16, 96
408.16, 96
408.17, 96
408.20, 96
408.26, 96
408.41, 96
409.08, 96
409.36, 96
409.36, 96
409.36, 96
409.36, 96
409.36, 96
409.36, 96
409.38, 96
412.35, 96
412.36, 96
412.36, 96
412.36, 96
412.36, 96
412.62, 96
412.62, 96
412.62, 96
412.67, 96
412.67, 96
413.05, 96
413.47, 96
413.47, 96
413.67, 96
413.67, 96
413.68, 96
413.79, 96
413.93, 96
413.93, 96
413.94, 96
414.56, 96
416.38, 96
416.44, 96
416.95, 96
416.95, 96
417.65, 96
418.93, 96
419.16, 96
419.28, 96
419.95, 96
420.01, 96
420.01, 96
420.13, 96
420.13, 96
420.93, 96
420.93, 96
420.93, 96
421.88, 96
421.88, 96
423.01, 96
423.01, 96
423.02, 96
423.02, 96
423.02, 96
423.27, 96
423.27, 96
423.63, 96
423.83, 96
423.83, 96
423.84, 96
426.19, 96
426.84, 96
426.84, 96
426.84, 96
426.84, 96
426.84, 96
427.12, 96
427.12, 96
427.19, 96
427.34, 96
427.55, 96
427.94, 96
427.95, 96
427.95, 96
428.32, 96
428.79, 96
430.08, 96
430.08, 96
431.12, 96
432.08, 96
432.40, 96
433.09, 96
433.09, 96
433.49, 96
434.92, 96
434.92, 96
434.93, 96
434.98, 96
434.98, 96
434.98, 96
434.98, 96
434.98, 96
434.99, 96
434.99, 96
435.00, 96
435.00, 96
435.00, 96
435.27, 96
435.27, 96
435.27, 96
435.68, 96
436.10, 96
436.32, 96
436.65, 96
436.95, 96
436.95, 96
437.01, 96
437.75, 96
439.60, 96
439.80, 96
440.52, 96
440.52, 96
440.52, 96
440.52, 96
441.32, 96
441.33, 96
441.34, 96
441.34, 96
442.29, 96
442.29, 96
442.30, 96
442.35, 96
442.35, 96
442.35, 96
442.35, 96
442.37, 96
442.37, 96
442.54, 96
442.69, 96
442.69, 96
442.70, 96
442.85, 96
442.98, 96
444.00, 96
444.64, 96
444.95, 96
445.61, 96
445.61, 96
445.79, 96
445.88, 96
445.88, 96
446.92, 96
446.99, 96
446.99, 96
447.73, 96
449.36, 96
450.11, 96
450.11, 96
450.18, 96
451.18, 96
451.18, 96
451.18, 96
451.86, 96
451.86, 96
452.01, 96
452.02, 96
452.17, 96
452.17, 96
452.88, 96
452.88, 96
452.88, 96
452.88, 96
452.88, 96
452.90, 96
452.90, 96
453.30, 96
453.30, 96
453.94, 96
455.46, 96
455.96, 96
456.68, 96
456.85, 96
456.85, 96
457.49, 96
457.63, 96
457.64, 96
457.64, 96
457.64, 96
457.74, 96
457.74, 96
457.84, 96
457.85, 96
458.51, 96
458.51, 96
458.51, 96
458.57, 96
458.57, 96
458.83, 96
458.84, 96
459.99, 96
460.49, 96
460.99, 96
461.21, 96
461.71, 96
461.71, 96
461.79, 96
461.79, 96
461.81, 96
461.81, 96
462.03, 96
462.68, 96
464.14, 96
464.37, 96
464.37, 96
464.38, 96
464.56, 96
466.28, 96
467.09, 96
467.19, 96
467.19, 96
467.19, 96
467.21, 96
467.55, 96
467.76, 96
467.76, 96
468.00, 96
468.16, 96
468.75, 96
468.94, 96
468.94, 96
468.94, 96
468.94, 96
468.94, 96
468.94, 96
469.12, 96
469.59, 96
469.59, 96
469.60, 96
470.78, 96
471.62, 96
471.71, 96
471.77, 96
472.58, 96
473.84, 96
473.88, 96
474.37, 96
474.41, 96
474.42, 96
474.66, 96
474.66, 96
475.40, 96
475.59, 96
475.94, 96
477.22, 96
477.26, 96
477.32, 96
477.33, 96
477.89, 96
478.44, 96
478.45, 96
478.97, 96
478.98, 96
478.98, 96
478.98, 96
478.98, 96
478.98, 96
478.98, 96
478.98, 96
478.98, 96
479.29, 96
479.51, 96
479.69, 96
479.69, 96
480.60, 96
481.71, 96
481.71, 96
481.72, 96
481.72, 96
481.94, 96
482.72, 96
482.97, 96
482.98, 96
483.23, 96
483.24, 96
483.81, 96
484.76, 96
485.07, 96
485.07, 96
485.43, 96
485.43, 96
485.95, 96
485.96, 96
485.96, 96
485.96, 96
486.14, 96
486.14, 96
486.14, 96
486.14, 96
486.19, 96
486.43, 96
486.43, 96
486.43, 96
486.43, 96
487.42, 96
487.60, 96
487.60, 96
488.37, 96
488.37, 96
488.49, 96
488.49, 96
488.49, 96
488.49, 96
488.49, 96
490.22, 96
490.22, 96
490.26, 96
490.65, 96
490.65, 96
491.10, 96
491.10, 96
491.41, 96
491.79, 96
492.94, 96
493.95, 96
493.95, 96
495.51, 96
495.51, 96
495.76, 96
495.76, 96
496.03, 96
496.27, 96
496.27, 96
496.78, 96
496.86, 96
496.86, 96
496.86, 96
496.86, 96
497.10, 96
497.26, 96
497.82, 96
497.82, 96
497.82, 96
497.82, 96
498.06, 96
498.32, 96
498.71, 96
498.72, 96
499.62, 96
500.04, 96
501.33, 96
501.57, 96
501.57, 96
502.25, 96
502.44, 96
502.45, 96
502.45, 96
502.82, 96
503.80, 96
503.80, 96
503.80, 96
503.80, 96
503.80, 96
504.97, 96
505.41, 96
505.86, 96
505.87, 96
505.92, 96
507.35, 96
507.35, 96
507.35, 96
507.38, 96
509.50, 96
509.50, 96
509.50, 96
509.67, 96
510.26, 96
510.26, 96
510.27, 96
510.35, 96
510.74, 96
510.74, 96
510.74, 96
510.86, 96
510.89, 96
511.03, 96
511.49, 96
511.74, 96
511.75, 96
512.20, 96
513.08, 96
513.32, 96
513.63, 96
513.67, 96
514.36, 96
514.50, 96
514.50, 96
514.51, 96
514.76, 96
515.82, 96
515.83, 96
516.52, 96
516.53, 96
516.53, 96
516.53, 96
516.53, 96
516.53, 96
517.54, 96
518.28, 96
518.28, 96
519.71, 96
519.72, 96
519.72, 96
519.89, 96
520.00, 96
520.39, 96
522.12, 96
522.14, 96
522.72, 96
522.83, 96
523.54, 96
523.54, 96
524.07, 96
525.59, 96
525.59, 96
525.63, 96
525.76, 96
525.76, 96
525.76, 96
525.77, 96
525.77, 96
525.86, 96
526.00, 96
526.25, 96
526.38, 96
527.10, 96
527.12, 96
527.68, 96
527.97, 96
528.03, 96
528.03, 96
528.20, 96
528.80, 96
529.03, 96
529.22, 96
529.40, 96
529.40, 96
530.32, 96
530.32, 96
530.32, 96
530.32, 96
530.51, 96
530.82, 96
530.82, 96
531.54, 96
531.54, 96
531.91, 96
531.92, 96
533.25, 96
533.25, 96
533.79, 96
534.59, 96
534.60, 96
535.44, 96
535.44, 96
535.86, 96
535.89, 96
535.89, 96
535.95, 96
536.06, 96
537.68, 96
537.68, 96
537.68, 96
538.06, 96
538.47, 96
538.74, 96
538.78, 96
538.81, 96
538.81, 96
539.13, 96
539.23, 96
539.47, 96
540.04, 96
540.24, 96
540.25, 96
540.68, 96
541.02, 96
541.02, 96
541.09, 96
542.62, 96
542.62, 96
542.62, 96
542.79, 96
542.79, 96
543.57, 96
543.84, 96
543.99, 96
544.00, 96
545.32, 96
545.41, 96
545.73, 96
547.87, 96
548.56, 96
548.88, 96
548.88, 96
548.88, 96
548.96, 96
548.96, 96
549.21, 96
549.21, 96
549.21, 96
549.21, 96
549.23, 96
549.23, 96
549.46, 96
549.46, 96
549.59, 96
550.15, 96
551.28, 96
551.32, 96
551.37, 96
551.37, 96
551.93, 96
552.27, 96
552.27, 96
552.84, 96
552.85, 96
552.90, 96
555.13, 96
555.14, 96
555.14, 96
556.04, 96
556.38, 96
556.92, 96
557.24, 96
557.64, 96
557.65, 96
557.83, 96
558.02, 96
558.23, 96
558.23, 96
558.76, 96
558.76, 96
558.76, 96
558.88, 96
558.88, 96
559.24, 96
559.45, 96
559.50, 96
559.50, 96
559.71, 96
559.77, 96
559.81, 96
559.81, 96
559.81, 96
559.81, 96
559.82, 96
559.82, 96
560.60, 96
561.20, 96
561.20, 96
561.28, 96
561.28, 96
561.28, 96
561.57, 96
562.19, 96
563.48, 96
566.09, 96
566.19, 96
566.88, 96
567.79, 96
567.89, 96
571.84, 96
571.84, 96
572.11, 96
573.45, 96
573.47, 96
573.63, 96
574.00, 96
574.13, 96
574.46, 96
574.46, 96
574.47, 96
574.48, 96
575.24, 96
575.74, 96
575.74, 96
575.74, 96
576.04, 96
576.04, 96
576.18, 96
576.19, 96
576.19, 96
576.43, 96
577.60, 96
577.85, 96
577.85, 96
578.44, 96
578.44, 96
579.20, 96
579.20, 96
579.43, 96
579.49, 96
579.50, 96
580.33, 96
580.44, 96
580.44, 96
580.79, 96
580.79, 96
580.79, 96
580.79, 96
580.95, 96
581.00, 96
581.35, 96
581.42, 96
581.42, 96
581.42, 96
581.42, 96
581.47, 96
581.48, 96
581.48, 96
581.48, 96
582.00, 96
582.25, 96
582.37, 96
582.38, 96
582.50, 96
583.25, 96
583.47, 96
583.47, 96
583.48, 96
583.92, 96
583.92, 96
584.17, 96
584.17, 96
584.29, 96
584.29, 96
584.32, 96
584.32, 96
584.37, 96
584.37, 96
584.37, 96
584.77, 96
584.99, 96
586.00, 96
586.35, 96
586.90, 96
586.90, 96
586.96, 96
586.96, 96
587.18, 96
587.18, 96
587.19, 96
587.22, 96
588.91, 96
589.16, 96
589.28, 96
589.33, 96
589.49, 96
590.67, 96
592.04, 96
593.26, 96
593.26, 96
594.04, 96
594.04, 96
594.04, 96
594.08, 96
594.08, 96
594.12, 96
594.18, 96
594.18, 96
594.81, 96
595.01, 96
595.02, 96
595.02, 96
595.60, 96
595.60, 96
596.64, 96
596.64, 96
596.65, 96
596.65, 96
596.73, 96
596.93, 96
596.93, 96
597.01, 96
597.55, 96
597.55, 96
597.55, 96
597.55, 96
597.72, 96
599.14, 96
599.21, 96
599.99, 96
