0.00, 102
0.00, 99
0.00, 99
0.01, 99
0.01, 99
0.01, 98
0.01, 98
0.01, 98
0.01, 98
0.02, 98
0.03, 97
0.04, 97
0.04, 97
0.06, 97
0.09, 97
0.09, 97
0.12, 97
0.12, 97
0.12, 97
0.24, 97
0.25, 97
0.30, 97
0.31, 97
0.32, 97
0.32, 97
0.38, 97
0.38, 97
0.38, 97
0.45, 97
0.45, 97
0.45, 97
0.50, 97
0.54, 97
0.54, 97
0.58, 97
0.58, 97
0.58, 97
0.58, 97
0.58, 97
0.59, 97
0.59, 97
0.59, 97
0.66, 97
0.66, 97
0.66, 97
0.66, 96
1.36, 96
2.45, 96
2.54, 96
2.62, 96
2.62, 96
3.65, 96
5.74, 96
5.99, 96
6.63, 96
6.67, 96
6.84, 96
6.84, 96
7.31, 96
8.08, 96
8.10, 96
8.10, 96
8.26, 96
8.26, 96
9.53, 96
9.79, 96
9.79, 96
10.01, 96
10.70, 96
11.77, 96
11.88, 96
13.26, 96
13.26, 96
13.51, 96
13.51, 96
13.95, 96
14.14, 96
14.15, 96
14.58, 96
14.58, 96
15.02, 96
15.02, 96
15.02, 96
15.41, 96
15.49, 96
15.52, 96
15.56, 96
15.58, 96
16.72, 96
16.72, 96
16.82, 96
16.82, 96
17.04, 96
17.04, 96
17.28, 96
17.28, 96
17.28, 96
17.51, 96
17.51, 96
18.08, 96
18.08, 96
18.08, 96
18.09, 96
18.10, 96
18.10, 96
18.10, 96
18.98, 96
18.98, 96
18.98, 96
19.56, 96
19.76, 96
19.76, 96
19.76, 96
20.31, 96
21.19, 96
21.79, 96
21.79, 96
22.44, 96
24.76, 96
24.77, 96
24.96, 96
25.02, 96
25.03, 96
25.03, 96
25.43, 96
25.54, 96
25.83, 96
26.35, 96
26.66, 96
26.66, 96
26.88, 96
27.00, 96
27.10, 96
27.16, 96
27.19, 96
27.19, 96
27.27, 96
28.89, 96
29.15, 96
29.15, 96
29.15, 96
30.05, 96
31.13, 96
31.19, 96
31.19, 96
31.19, 96
31.20, 96
31.42, 96
31.82, 96
32.12, 96
32.12, 96
32.12, 96
32.54, 96
32.55, 96
32.73, 96
34.37, 96
34.46, 96
35.03, 96
35.03, 96
35.18, 96
35.77, 96
35.77, 96
35.77, 96
36.03, 96
36.19, 96
36.23, 96
37.17, 96
37.18, 96
37.18, 96
37.18, 96
37.18, 96
37.23, 96
38.29, 96
38.99, 96
38.99, 96
39.25, 96
39.36, 96
40.63, 96
40.63, 96
40.63, 96
40.63, 96
40.63, 96
40.67, 96
40.99, 96
41.06, 96
41.98, 96
41.99, 96
42.12, 96
42.84, 96
43.03, 96
43.03, 96
43.16, 96
43.32, 96
45.00, 96
45.94, 96
45.94, 96
46.12, 96
46.14, 96
46.19, 96
46.19, 96
46.76, 96
46.83, 96
46.83, 96
46.95, 96
46.95, 96
46.95, 96
47.02, 96
47.02, 96
47.02, 96
47.33, 96
47.35, 96
47.35, 96
47.62, 96
47.62, 96
48.16, 96
48.30, 96
48.70, 96
49.52, 96
49.57, 96
50.79, 96
52.46, 96
52.46, 96
52.82, 96
53.05, 96
53.76, 96
54.81, 96
54.81, 96
54.81, 96
55.18, 96
55.18, 96
55.34, 96
55.35, 96
55.35, 96
55.96, 96
55.97, 96
56.68, 96
56.72, 96
56.74, 96
57.42, 96
57.42, 96
57.60, 96
57.60, 96
58.54, 96
58.90, 96
58.90, 96
58.90, 96
58.91, 96
58.95, 96
59.08, 96
59.12, 96
59.12, 96
59.34, 96
59.34, 96
59.34, 96
59.34, 96
59.34, 96
59.35, 96
59.78, 96
59.78, 96
59.78, 96
60.45, 96
60.45, 96
61.03, 96
61.03, 96
61.68, 96
61.78, 96
61.78, 96
61.92, 96
61.92, 96
61.92, 96
61.92, 96
62.41, 96
62.41, 96
62.70, 96
62.70, 96
62.99, 96
62.99, 96
63.94, 96
63.94, 96
63.94, 96
63.94, 96
63.95, 96
64.19, 96
64.19, 96
65.21, 96
65.21, 96
65.66, 96
65.94, 96
65.94, 96
66.72, 96
67.04, 96
67.04, 96
67.39, 96
67.69, 96
68.92, 96
69.27, 96
69.27, 96
69.78, 96
69.95, 96
70.33, 96
70.33, 96
70.61, 96
71.24, 96
71.25, 96
71.25, 96
71.58, 96
72.54, 96
74.81, 96
74.88, 96
74.88, 96
75.39, 96
75.39, 96
75.73, 96
75.88, 96
75.88, 96
76.18, 96
76.64, 96
76.64, 96
76.64, 96
76.64, 96
77.90, 96
78.03, 96
78.37, 96
79.46, 96
79.91, 96
80.42, 96
80.88, 96
80.88, 96
81.20, 96
81.87, 96
81.87, 96
82.20, 96
82.20, 96
83.22, 96
83.22, 96
83.69, 96
83.82, 96
83.85, 96
83.85, 96
83.85, 96
83.97, 96
84.24, 96
85.10, 96
85.10, 96
85.10, 96
85.20, 96
85.20, 96
85.20, 96
85.21, 96
85.21, 96
85.21, 96
85.31, 96
85.31, 96
87.25, 96
87.25, 96
87.25, 96
87.26, 96
88.01, 96
88.24, 96
88.40, 96
89.24, 96
89.24, 96
89.62, 96
89.75, 96
90.00, 96
90.07, 96
90.21, 96
90.21, 96
90.61, 96
90.95, 96
91.16, 96
91.27, 96
91.48, 96
91.48, 96
92.39, 96
92.40, 96
92.41, 96
94.04, 96
94.04, 96
94.07, 96
94.85, 96
94.85, 96
94.85, 96
95.30, 96
95.71, 96
96.45, 96
96.46, 96
97.06, 96
98.45, 96
99.36, 96
99.36, 96
99.64, 96
100.13, 96
100.13, 96
102.36, 96
102.38, 96
102.38, 96
102.82, 96
103.10, 96
103.10, 96
103.10, 96
103.11, 96
103.18, 96
103.27, 96
103.27, 96
103.27, 96
104.81, 96
104.81, 96
105.03, 96
105.03, 96
105.04, 96
105.57, 96
106.18, 96
106.18, 96
106.27, 96
106.32, 96
106.32, 96
106.32, 96
106.32, 96
106.87, 96
108.72, 96
108.72, 96
109.36, 96
109.36, 96
109.36, 96
109.41, 96
109.41, 96
109.42, 96
109.54, 96
109.54, 96
109.83, 96
110.23, 96
110.32, 96
110.98, 96
111.12, 96
111.12, 96
111.12, 96
111.12, 96
111.12, 96
111.67, 96
111.67, 96
111.67, 96
111.68, 96
111.68, 96
112.15, 96
112.15, 96
113.49, 96
113.49, 96
114.31, 96
114.31, 96
114.57, 96
114.87, 96
116.68, 96
117.75, 96
117.76, 96
117.76, 96
117.76, 96
117.76, 96
117.76, 96
119.11, 96
119.11, 96
119.11, 96
119.40, 96
119.40, 96
119.41, 96
119.41, 96
119.54, 96
119.77, 96
119.77, 96
119.77, 96
119.77, 96
119.77, 96
119.77, 96
120.33, 96
120.33, 96
122.11, 96
122.11, 96
122.11, 96
123.57, 96
123.82, 96
124.02, 96
124.39, 96
124.40, 96
124.40, 96
124.55, 96
124.55, 96
124.55, 96
124.55, 96
124.57, 96
124.57, 96
125.16, 96
125.42, 96
125.74, 96
125.77, 96
125.77, 96
126.40, 96
126.69, 96
127.40, 96
127.77, 96
128.13, 96
128.19, 96
128.19, 96
128.19, 96
128.19, 96
128.55, 96
128.89, 96
128.91, 96
128.91, 96
128.91, 96
128.91, 96
128.91, 96
129.20, 96
129.20, 96
129.23, 96
129.29, 96
129.29, 96
129.30, 96
129.67, 96
130.10, 96
130.10, 96
130.37, 96
131.13, 96
131.13, 96
131.90, 96
132.05, 96
132.05, 96
132.21, 96
132.34, 96
132.35, 96
132.35, 96
133.22, 96
133.44, 96
134.06, 96
134.06, 96
134.23, 96
135.01, 96
135.01, 96
135.07, 96
135.51, 96
135.68, 96
135.68, 96
136.11, 96
136.11, 96
136.80, 96
136.80, 96
137.36, 96
137.81, 96
137.81, 96
137.81, 96
137.81, 96
139.18, 96
139.18, 96
139.59, 96
140.15, 96
140.69, 96
140.74, 96
140.74, 96
140.85, 96
140.98, 96
141.71, 96
142.44, 96
142.84, 96
142.84, 96
143.08, 96
143.87, 96
144.77, 96
144.77, 96
145.71, 96
146.03, 96
146.22, 96
146.58, 96
147.19, 96
147.19, 96
147.64, 96
148.06, 96
148.06, 96
148.13, 96
149.11, 96
149.21, 96
149.21, 96
149.82, 96
150.16, 96
150.16, 96
150.16, 96
150.29, 96
150.30, 96
150.39, 96
150.43, 96
150.43, 96
150.44, 96
150.91, 96
150.91, 96
151.61, 96
151.62, 96
151.79, 96
151.79, 96
151.79, 96
151.80, 96
152.45, 96
152.45, 96
152.45, 96
152.50, 96
152.52, 96
153.17, 96
153.17, 96
153.17, 96
153.17, 96
153.17, 96
153.19, 96
153.31, 96
153.31, 96
153.32, 96
153.32, 96
153.45, 96
153.91, 96
154.83, 96
154.83, 96
155.50, 96
155.50, 96
155.92, 96
155.92, 96
155.92, 96
155.98, 96
155.99, 96
155.99, 96
156.21, 96
156.47, 96
156.56, 96
157.27, 96
157.27, 96
157.36, 96
157.84, 96
157.97, 96
158.16, 96
158.85, 96
159.29, 96
159.57, 96
160.52, 96
160.60, 96
160.60, 96
160.96, 96
160.96, 96
160.96, 96
161.06, 96
161.19, 96
161.19, 96
161.34, 96
161.51, 96
161.51, 96
161.51, 96
161.52, 96
162.60, 96
162.60, 96
162.60, 96
162.64, 96
162.64, 96
162.64, 96
162.65, 96
164.39, 96
164.46, 96
164.47, 96
164.80, 96
166.05, 96
166.21, 96
166.45, 96
167.90, 96
168.16, 96
168.28, 96
168.95, 96
168.99, 96
168.99, 96
169.11, 96
170.25, 96
170.25, 96
170.48, 96
170.61, 96
171.60, 96
171.98, 96
171.98, 96
172.32, 96
172.72, 96
173.36, 96
173.37, 96
173.37, 96
173.38, 96
173.77, 96
173.77, 96
173.77, 96
173.77, 96
174.26, 96
174.66, 96
174.68, 96
174.68, 96
175.75, 96
175.96, 96
176.18, 96
176.47, 96
176.48, 96
176.48, 96
177.01, 96
177.01, 96
177.02, 96
177.70, 96
177.90, 96
177.90, 96
178.38, 96
178.65, 96
180.22, 96
180.27, 96
180.27, 96
180.54, 96
180.82, 96
181.48, 96
182.48, 96
182.48, 96
182.48, 96
182.48, 96
182.56, 96
182.56, 96
183.04, 96
183.65, 96
183.93, 96
184.63, 96
184.64, 96
185.20, 96
185.24, 96
185.77, 96
186.20, 96
186.20, 96
186.46, 96
186.46, 96
186.46, 96
187.01, 96
187.01, 96
187.12, 96
187.42, 96
187.87, 96
187.87, 96
187.87, 96
187.87, 96
187.91, 96
188.25, 96
188.47, 96
188.48, 96
188.62, 96
189.15, 96
189.15, 96
189.15, 96
189.15, 96
189.15, 96
189.70, 96
189.70, 96
189.83, 96
189.92, 96
189.92, 96
190.39, 96
190.40, 96
190.52, 96
190.52, 96
190.52, 96
190.52, 96
190.53, 96
190.80, 96
191.17, 96
191.18, 96
191.18, 96
191.18, 96
191.23, 96
191.44, 96
191.67, 96
192.25, 96
192.44, 96
192.66, 96
192.66, 96
192.83, 96
192.84, 96
192.84, 96
193.01, 96
193.01, 96
193.01, 96
193.07, 96
193.08, 96
193.25, 96
193.84, 96
193.84, 96
193.84, 96
193.84, 96
194.06, 96
194.06, 96
196.42, 96
196.42, 96
196.61, 96
197.54, 96
197.54, 96
197.54, 96
197.76, 96
197.76, 96
197.83, 96
197.86, 96
198.04, 96
198.04, 96
198.04, 96
198.04, 96
198.16, 96
198.16, 96
198.37, 96
199.04, 96
199.04, 96
199.93, 96
199.94, 96
200.39, 96
201.24, 96
201.44, 96
201.62, 96
201.62, 96
201.97, 96
201.97, 96
201.97, 96
202.00, 96
202.00, 96
202.01, 96
202.73, 96
202.73, 96
203.10, 96
204.27, 96
204.34, 96
204.34, 96
204.34, 96
204.34, 96
205.43, 96
205.84, 96
206.28, 96
206.28, 96
206.38, 96
206.38, 96
206.38, 96
207.39, 96
209.35, 96
209.35, 96
209.35, 96
209.35, 96
209.62, 96
209.62, 96
210.18, 96
210.47, 96
210.66, 96
210.86, 96
212.55, 96
212.55, 96
213.37, 96
213.69, 96
213.69, 96
213.69, 96
213.69, 96
213.80, 96
213.82, 96
214.15, 96
214.15, 96
214.16, 96
214.16, 96
214.16, 96
214.21, 96
214.21, 96
214.21, 96
214.43, 96
214.44, 96
214.44, 96
214.74, 96
215.28, 96
215.28, 96
215.96, 96
215.96, 96
215.96, 96
215.96, 96
216.05, 96
216.05, 96
216.05, 96
216.13, 96
216.14, 96
216.14, 96
216.14, 96
216.14, 96
216.53, 96
216.53, 96
216.53, 96
216.68, 96
216.68, 96
217.27, 96
217.47, 96
217.47, 96
217.47, 96
217.47, 96
217.71, 96
217.71, 96
217.71, 96
217.71, 96
219.28, 96
219.49, 96
219.49, 96
219.52, 96
219.52, 96
219.97, 96
220.58, 96
220.58, 96
220.59, 96
220.59, 96
220.59, 96
220.70, 96
220.70, 96
220.75, 96
221.00, 96
221.00, 96
221.19, 96
221.19, 96
221.19, 96
221.55, 96
222.04, 96
222.04, 96
222.22, 96
222.29, 96
222.34, 96
222.34, 96
222.34, 96
222.42, 96
222.42, 96
222.73, 96
222.73, 96
223.43, 96
223.43, 96
223.50, 96
224.01, 96
224.43, 96
224.46, 96
224.98, 96
224.98, 96
225.03, 96
225.93, 96
226.42, 96
226.69, 96
227.04, 96
227.27, 96
227.27, 96
228.57, 96
229.45, 96
229.78, 96
229.84, 96
229.84, 96
229.85, 96
230.00, 96
230.00, 96
230.35, 96
230.98, 96
231.30, 96
231.30, 96
231.78, 96
232.86, 96
232.86, 96
233.44, 96
233.44, 96
233.44, 96
233.52, 96
233.57, 96
233.83, 96
234.56, 96
235.17, 96
235.68, 96
236.13, 96
236.14, 96
236.19, 96
236.19, 96
236.74, 96
236.80, 96
236.80, 96
236.84, 96
237.16, 96
237.16, 96
237.28, 96
238.99, 96
239.19, 96
239.39, 96
239.64, 96
240.70, 96
240.70, 96
240.70, 96
241.64, 96
241.64, 96
241.64, 96
241.65, 96
241.66, 96
242.38, 96
242.51, 96
242.53, 96
244.96, 96
244.96, 96
245.15, 96
245.15, 96
245.32, 96
245.35, 96
245.86, 96
246.41, 96
246.41, 96
246.41, 96
247.81, 96
247.83, 96
247.83, 96
248.88, 96
248.88, 96
248.93, 96
249.11, 96
249.12, 96
249.71, 96
249.71, 96
249.71, 96
249.81, 96
250.12, 96
250.12, 96
251.36, 96
251.36, 96
251.39, 96
251.82, 96
252.14, 96
252.15, 96
252.22, 96
252.22, 96
252.72, 96
252.72, 96
252.72, 96
252.72, 96
252.72, 96
252.73, 96
252.86, 96
253.15, 96
253.81, 96
254.15, 96
254.15, 96
254.54, 96
254.86, 96
254.95, 96
255.24, 96
255.24, 96
255.31, 96
255.63, 96
256.25, 96
256.53, 96
256.53, 96
256.53, 96
257.08, 96
257.43, 96
257.60, 96
257.88, 96
257.89, 96
257.89, 96
257.89, 96
258.10, 96
258.20, 96
258.27, 96
258.28, 96
258.28, 96
258.66, 96
258.66, 96
258.66, 96
258.66, 96
258.66, 96
258.90, 96
258.90, 96
259.73, 96
259.73, 96
260.03, 96
260.07, 96
260.07, 96
260.16, 96
260.16, 96
260.24, 96
260.42, 96
261.28, 96
261.43, 96
261.89, 96
262.14, 96
262.40, 96
263.74, 96
263.74, 96
263.74, 96
263.74, 96
264.53, 96
264.53, 96
264.96, 96
265.12, 96
265.29, 96
265.88, 96
265.88, 96
265.88, 96
266.37, 96
267.73, 96
268.77, 96
268.93, 96
269.19, 96
269.19, 96
269.19, 96
269.43, 96
270.16, 96
270.25, 96
270.58, 96
270.91, 96
272.83, 96
273.28, 96
273.29, 96
273.29, 96
273.29, 96
273.30, 96
273.30, 96
273.30, 96
273.38, 96
273.44, 96
273.44, 96
273.44, 96
273.74, 96
273.77, 96
275.02, 96
275.02, 96
275.07, 96
275.07, 96
275.17, 96
275.56, 96
277.19, 96
277.55, 96
277.55, 96
277.93, 96
278.13, 96
278.44, 96
278.45, 96
278.45, 96
278.66, 96
278.81, 96
278.84, 96
278.86, 96
279.35, 96
279.35, 96
280.01, 96
280.55, 96
280.56, 96
280.59, 96
280.65, 96
280.65, 96
280.66, 96
280.66, 96
281.39, 96
281.40, 96
282.00, 96
282.01, 96
282.18, 96
283.48, 96
283.54, 96
283.54, 96
283.62, 96
284.15, 96
284.15, 96
284.43, 96
284.44, 96
284.44, 96
284.44, 96
285.29, 96
285.30, 96
285.30, 96
285.30, 96
285.30, 96
285.34, 96
285.34, 96
285.34, 96
286.48, 96
286.48, 96
286.74, 96
286.75, 96
287.66, 96
287.67, 96
287.67, 96
287.92, 96
288.57, 96
288.92, 96
288.92, 96
288.92, 96
289.50, 96
290.07, 96
290.11, 96
290.11, 96
290.39, 96
291.07, 96
291.07, 96
291.14, 96
291.60, 96
292.10, 96
292.22, 96
292.48, 96
293.07, 96
293.17, 96
293.67, 96
293.67, 96
293.67, 96
294.15, 96
294.21, 96
294.61, 96
294.61, 96
297.04, 96
297.70, 96
297.70, 96
297.70, 96
300.13, 96
300.13, 96
300.76, 96
301.92, 96
301.92, 96
302.40, 96
302.48, 96
302.48, 96
305.06, 96
306.36, 96
307.08, 96
307.39, 96
307.97, 96
308.39, 96
308.60, 96
308.60, 96
308.60, 96
308.60, 96
308.89, 96
309.15, 96
309.98, 96
310.77, 96
310.77, 96
310.77, 96
310.97, 96
311.50, 96
313.24, 96
313.34, 96
313.34, 96
314.07, 96
314.07, 96
314.07, 96
314.07, 96
314.07, 96
314.22, 96
314.22, 96
314.39, 96
314.39, 96
314.56, 96
315.21, 96
315.46, 96
316.96, 96
317.05, 96
318.34, 96
318.34, 96
318.37, 96
318.38, 96
318.54, 96
318.55, 96
318.61, 96
318.61, 96
318.61, 96
318.86, 96
319.44, 96
320.52, 96
320.65, 96
321.01, 96
322.51, 96
323.41, 96
323.94, 96
323.94, 96
324.08, 96
324.71, 96
325.36, 96
326.27, 96
327.65, 96
327.69, 96
327.69, 96
328.77, 96
328.88, 96
328.88, 96
329.47, 96
329.47, 96
329.47, 96
329.47, 96
329.47, 96
329.47, 96
329.47, 96
331.31, 96
331.31, 96
331.34, 96
331.70, 96
332.11, 96
332.11, 96
332.40, 96
332.40, 96
332.40, 96
332.40, 96
332.64, 96
333.19, 96
333.76, 96
333.83, 96
333.83, 96
333.83, 96
333.85, 96
333.85, 96
333.85, 96
335.17, 96
335.48, 96
335.48, 96
336.70, 96
337.47, 96
338.19, 96
338.20, 96
338.20, 96
338.38, 96
338.38, 96
339.01, 96
339.89, 96
339.89, 96
339.89, 96
339.90, 96
339.90, 96
340.18, 96
340.38, 96
340.86, 96
340.95, 96
340.97, 96
341.36, 96
342.09, 96
342.09, 96
342.55, 96
342.67, 96
343.84, 96
343.84, 96
344.25, 96
344.86, 96
345.50, 96
345.50, 96
345.54, 96
345.54, 96
345.94, 96
346.51, 96
346.51, 96
346.51, 96
346.86, 96
346.97, 96
346.97, 96
346.97, 96
348.12, 96
348.12, 96
348.12, 96
348.31, 96
348.45, 96
348.45, 96
348.45, 96
348.45, 96
348.45, 96
348.46, 96
348.46, 96
348.46, 96
348.46, 96
348.46, 96
349.28, 96
349.34, 96
349.55, 96
349.55, 96
349.75, 96
349.81, 96
350.66, 96
351.44, 96
351.48, 96
351.48, 96
351.81, 96
351.81, 96
353.26, 96
353.34, 96
353.35, 96
353.61, 96
354.08, 96
354.73, 96
355.34, 96
356.09, 96
358.05, 96
358.50, 96
360.27, 96
360.91, 96
362.03, 96
362.68, 96
362.68, 96
362.87, 96
363.14, 96
363.25, 96
364.25, 96
364.25, 96
364.25, 96
364.31, 96
364.68, 96
364.68, 96
364.79, 96
365.05, 96
365.68, 96
366.47, 96
366.47, 96
367.19, 96
367.62, 96
367.88, 96
367.88, 96
367.88, 96
367.88, 96
367.93, 96
367.93, 96
367.93, 96
367.94, 96
367.94, 96
367.94, 96
367.94, 96
368.61, 96
368.71, 96
368.79, 96
369.30, 96
369.30, 96
369.82, 96
369.82, 96
369.82, 96
370.78, 96
371.74, 96
371.74, 96
371.86, 96
371.86, 96
371.87, 96
372.75, 96
373.01, 96
373.29, 96
373.29, 96
373.93, 96
373.93, 96
373.93, 96
373.94, 96
374.10, 96
374.60, 96
374.60, 96
374.60, 96
374.97, 96
374.97, 96
374.98, 96
374.99, 96
375.08, 96
375.08, 96
375.08, 96
375.88, 96
376.75, 96
376.75, 96
377.27, 96
377.70, 96
377.70, 96
377.70, 96
377.71, 96
378.59, 96
378.59, 96
378.85, 96
379.44, 96
379.44, 96
379.44, 96
380.16, 96
380.16, 96
381.02, 96
381.02, 96
381.02, 96
381.02, 96
382.61, 96
382.88, 96
382.88, 96
383.88, 96
385.22, 96
385.50, 96
385.50, 96
385.50, 96
385.91, 96
386.57, 96
386.73, 96
387.14, 96
387.28, 96
387.28, 96
387.38, 96
387.59, 96
387.59, 96
387.79, 96
387.79, 96
388.56, 96
388.60, 96
388.81, 96
388.82, 96
388.95, 96
389.30, 96
389.82, 96
389.92, 96
389.92, 96
389.92, 96
389.92, 96
389.99, 96
390.21, 96
390.21, 96
390.60, 96
390.96, 96
393.17, 96
393.17, 96
393.23, 96
393.49, 96
393.49, 96
393.79, 96
394.11, 96
394.43, 96
394.59, 96
394.67, 96
395.53, 96
395.86, 96
395.86, 96
395.93, 96
395.93, 96
396.67, 96
396.95, 96
396.96, 96
396.98, 96
396.98, 96
396.98, 96
396.98, 96
397.05, 96
397.14, 96
397.34, 96
398.08, 96
398.52, 96
398.53, 96
398.53, 96
398.53, 96
398.53, 96
398.53, 96
398.57, 96
402.24, 96
402.25, 96
402.25, 96
402.25, 96
402.25, 96
402.55, 96
402.55, 96
402.56, 96
402.61, 96
402.62, 96
403.07, 96
403.50, 96
403.51, 96
403.77, 96
403.77, 96
403.77, 96
403.89, 96
404.04, 96
404.04, 96
404.05, 96
404.86, 96
407.65, 96
407.74, 96
408.32, 96
408.32, 96
408.98, 96
410.24, 96
410.48, 96
410.63, 96
411.24, 96
411.28, 96
411.29, 96
411.41, 96
411.41, 96
412.29, 96
412.29, 96
412.29, 96
413.27, 96
413.27, 96
414.37, 96
414.37, 96
414.38, 96
414.38, 96
414.38, 96
414.63, 96
414.63, 96
415.03, 96
415.24, 96
415.24, 96
415.24, 96
417.75, 96
418.42, 96
418.42, 96
418.42, 96
418.42, 96
418.42, 96
418.75, 96
418.76, 96
418.83, 96
418.99, 96
419.24, 96
419.69, 96
419.69, 96
419.69, 96
420.09, 96
420.47, 96
421.88, 96
421.88, 96
422.98, 96
423.86, 96
424.15, 96
424.94, 96
424.95, 96
425.52, 96
426.90, 96
426.90, 96
426.90, 96
426.95, 96
426.95, 96
426.95, 96
426.95, 96
426.96, 96
426.96, 96
426.96, 96
426.96, 96
426.96, 96
426.96, 96
427.26, 96
427.26, 96
427.27, 96
427.69, 96
428.11, 96
428.34, 96
428.76, 96
429.35, 96
429.35, 96
429.43, 96
430.15, 96
432.05, 96
432.31, 96
433.14, 96
433.15, 96
433.17, 96
433.17, 96
434.01, 96
434.02, 96
434.02, 96
434.02, 96
435.17, 96
435.18, 96
435.18, 96
435.25, 96
435.26, 96
435.26, 96
435.26, 96
435.29, 96
435.29, 96
435.47, 96
435.60, 96
435.60, 96
435.60, 96
435.74, 96
435.86, 96
436.84, 96
437.46, 96
437.79, 96
438.46, 96
438.46, 96
438.63, 96
438.74, 96
438.74, 96
439.77, 96
439.86, 96
439.86, 96
440.65, 96
442.24, 96
443.03, 96
443.03, 96
443.10, 96
443.94, 96
443.95, 96
443.95, 96
444.59, 96
444.59, 96
444.72, 96
444.72, 96
444.85, 96
444.85, 96
445.44, 96
445.44, 96
445.44, 96
445.44, 96
445.44, 96
445.45, 96
445.46, 96
445.81, 96
445.81, 96
446.35, 96
447.61, 96
448.11, 96
448.69, 96
448.83, 96
448.83, 96
449.49, 96
449.62, 96
449.63, 96
449.63, 96
449.63, 96
449.73, 96
449.73, 96
449.84, 96
449.86, 96
450.58, 96
450.58, 96
450.58, 96
450.64, 96
450.64, 96
450.74, 96
450.74, 96
451.67, 96
452.05, 96
452.54, 96
452.76, 96
453.21, 96
453.21, 96
453.27, 96
453.27, 96
453.29, 96
453.29, 96
453.52, 96
454.23, 96
455.63, 96
455.83, 96
455.83, 96
455.83, 96
455.99, 96
457.46, 96
457.96, 96
458.02, 96
458.02, 96
458.02, 96
458.03, 96
458.19, 96
458.32, 96
458.32, 96
458.50, 96
458.60, 96
459.06, 96
459.19, 96
459.19, 96
459.19, 96
459.19, 96
459.19, 96
459.19, 96
459.31, 96
459.65, 96
459.65, 96
459.65, 96
460.50, 96
461.22, 96
461.30, 96
461.39, 96
462.10, 96
463.01, 96
463.04, 96
463.40, 96
463.44, 96
463.44, 96
463.59, 96
463.59, 96
464.26, 96
464.49, 96
464.73, 96
465.91, 96
465.96, 96
466.04, 96
466.04, 96
466.49, 96
466.97, 96
466.97, 96
467.51, 96
467.51, 96
467.51, 96
467.51, 96
467.52, 96
467.52, 96
467.52, 96
467.52, 96
467.52, 96
467.77, 96
467.88, 96
467.99, 96
467.99, 96
468.76, 96
469.82, 96
469.82, 96
469.83, 96
469.83, 96
469.99, 96
470.61, 96
470.83, 96
470.84, 96
471.09, 96
471.09, 96
471.48, 96
472.45, 96
472.78, 96
472.78, 96
473.09, 96
473.09, 96
473.58, 96
473.58, 96
473.58, 96
473.58, 96
473.78, 96
473.78, 96
473.78, 96
473.78, 96
473.82, 96
474.01, 96
474.02, 96
474.02, 96
474.02, 96
474.88, 96
475.05, 96
475.05, 96
475.63, 96
475.63, 96
475.75, 96
475.75, 96
475.75, 96
475.75, 96
475.75, 96
477.53, 96
477.54, 96
477.59, 96
478.02, 96
478.02, 96
478.48, 96
478.48, 96
478.80, 96
479.19, 96
480.34, 96
481.17, 96
481.17, 96
482.74, 96
482.74, 96
482.94, 96
482.94, 96
483.18, 96
483.40, 96
483.40, 96
483.84, 96
483.92, 96
483.92, 96
483.92, 96
483.92, 96
484.13, 96
484.30, 96
485.02, 96
485.02, 96
485.02, 96
485.02, 96
485.26, 96
485.46, 96
485.79, 96
485.79, 96
486.65, 96
487.09, 96
488.19, 96
488.39, 96
488.39, 96
489.02, 96
489.19, 96
489.20, 96
489.20, 96
489.48, 96
490.35, 96
490.35, 96
490.35, 96
490.35, 96
490.35, 96
491.54, 96
492.00, 96
492.28, 96
492.28, 96
492.32, 96
493.65, 96
493.65, 96
493.65, 96
493.69, 96
495.75, 96
495.75, 96
495.75, 96
495.94, 96
496.48, 96
496.48, 96
496.48, 96
496.57, 96
496.92, 96
496.92, 96
496.92, 96
497.03, 96
497.05, 96
497.25, 96
497.75, 96
497.97, 96
497.97, 96
498.39, 96
499.02, 96
499.23, 96
499.49, 96
499.54, 96
500.14, 96
500.31, 96
500.31, 96
500.31, 96
500.54, 96
501.56, 96
501.56, 96
502.22, 96
502.22, 96
502.22, 96
502.22, 96
502.22, 96
502.22, 96
503.08, 96
503.80, 96
503.80, 96
505.24, 96
505.24, 96
505.25, 96
505.42, 96
505.50, 96
505.89, 96
507.59, 96
507.61, 96
508.12, 96
508.20, 96
508.85, 96
508.85, 96
509.35, 96
510.84, 96
510.84, 96
510.89, 96
511.02, 96
511.03, 96
511.04, 96
511.04, 96
511.04, 96
511.14, 96
511.28, 96
511.52, 96
511.62, 96
512.40, 96
512.41, 96
512.97, 96
513.27, 96
513.34, 96
513.34, 96
513.50, 96
514.07, 96
514.35, 96
514.56, 96
514.75, 96
514.75, 96
515.65, 96
515.65, 96
515.65, 96
515.65, 96
515.84, 96
516.16, 96
516.16, 96
516.77, 96
516.78, 96
517.13, 96
517.13, 96
518.37, 96
518.37, 96
519.02, 96
519.95, 96
519.96, 96
521.02, 96
521.03, 96
521.67, 96
521.70, 96
521.71, 96
521.79, 96
521.98, 96
524.75, 96
524.80, 96
524.80, 96
525.55, 96
526.06, 96
526.36, 96
526.42, 96
526.47, 96
526.48, 96
526.99, 96
527.14, 96
527.70, 96
528.44, 96
528.87, 96
528.87, 96
529.53, 96
530.05, 96
530.05, 96
530.27, 96
532.66, 96
532.69, 96
532.69, 96
532.91, 96
532.91, 96
534.26, 96
534.73, 96
535.02, 96
535.06, 96
537.99, 96
538.21, 96
538.65, 96
542.66, 96
544.24, 96
544.73, 96
544.73, 96
544.73, 96
545.14, 96
545.14, 96
545.63, 96
545.63, 96
545.63, 96
545.63, 96
545.66, 96
545.66, 96
546.08, 96
546.10, 96
546.28, 96
547.15, 96
548.17, 96
548.21, 96
548.26, 96
548.26, 96
548.87, 96
549.25, 96
549.25, 96
549.65, 96
549.65, 96
549.67, 96
551.85, 96
551.85, 96
551.85, 96
552.78, 96
553.17, 96
554.09, 96
554.38, 96
555.07, 96
555.14, 96
555.45, 96
555.79, 96
556.24, 96
556.24, 96
556.82, 96
556.82, 96
556.82, 96
556.94, 96
556.95, 96
557.33, 96
557.56, 96
557.60, 96
557.60, 96
557.92, 96
558.05, 96
558.12, 96
558.12, 96
558.12, 96
558.12, 96
558.13, 96
558.13, 96
558.81, 96
559.46, 96
559.47, 96
559.54, 96
559.54, 96
559.54, 96
559.82, 96
560.40, 96
561.80, 96
563.93, 96
564.02, 96
564.69, 96
565.27, 96
565.36, 96
569.27, 96
569.27, 96
569.51, 96
571.11, 96
571.11, 96
571.20, 96
571.70, 96
571.88, 96
572.43, 96
572.43, 96
572.43, 96
572.43, 96
573.28, 96
573.91, 96
573.91, 96
573.91, 96
574.26, 96
574.26, 96
574.40, 96
574.41, 96
574.41, 96
574.77, 96
576.26, 96
576.52, 96
576.53, 96
577.03, 96
577.04, 96
578.12, 96
578.12, 96
578.39, 96
578.46, 96
578.46, 96
579.22, 96
579.31, 96
579.34, 96
579.86, 96
579.86, 96
579.86, 96
579.86, 96
580.06, 96
580.10, 96
580.58, 96
580.69, 96
580.70, 96
580.70, 96
580.70, 96
580.76, 96
580.77, 96
580.78, 96
580.78, 96
581.49, 96
581.88, 96
582.04, 96
582.04, 96
582.28, 96
583.08, 96
583.30, 96
583.30, 96
583.31, 96
583.77, 96
583.77, 96
584.01, 96
584.01, 96
584.18, 96
584.20, 96
584.24, 96
584.24, 96
584.32, 96
584.33, 96
584.33, 96
584.69, 96
584.88, 96
586.06, 96
586.43, 96
587.00, 96
587.00, 96
587.06, 96
587.06, 96
587.32, 96
587.32, 96
587.32, 96
587.38, 96
589.33, 96
589.62, 96
589.74, 96
589.80, 96
589.99, 96
591.23, 96
592.77, 96
594.24, 96
594.24, 96
594.98, 96
594.98, 96
594.98, 96
595.00, 96
595.01, 96
595.04, 96
595.11, 96
595.11, 96
595.74, 96
595.97, 96
595.97, 96
595.97, 96
596.43, 96
596.43, 96
597.39, 96
597.39, 96
597.39, 96
597.39, 96
597.47, 96
597.75, 96
597.75, 96
597.85, 96
598.47, 96
598.47, 96
598.47, 96
598.47, 96
598.65, 96
