0.00, 102
0.00, 99
0.01, 99
0.01, 99
0.01, 99
0.01, 98
0.01, 98
0.01, 98
0.01, 98
0.02, 98
0.02, 97
0.04, 97
0.05, 97
0.07, 97
0.09, 97
0.09, 97
0.12, 97
0.13, 97
0.13, 97
0.28, 97
0.28, 97
0.34, 97
0.35, 97
0.35, 97
0.36, 97
0.40, 97
0.40, 97
0.41, 97
0.47, 97
0.47, 97
0.47, 97
0.53, 97
0.60, 97
0.60, 97
0.65, 97
0.65, 97
0.65, 97
0.65, 97
0.65, 97
0.65, 97
0.66, 97
0.66, 97
0.70, 97
0.71, 97
0.71, 97
0.71, 96
1.39, 96
2.48, 96
2.56, 96
2.63, 96
2.63, 96
3.71, 96
6.11, 96
6.35, 96
7.01, 96
7.07, 96
7.24, 96
7.24, 96
7.60, 96
8.32, 96
8.34, 96
8.34, 96
8.50, 96
8.50, 96
9.66, 96
9.91, 96
9.91, 96
10.12, 96
10.82, 96
11.93, 96
12.05, 96
13.36, 96
13.36, 96
13.63, 96
13.63, 96
14.10, 96
14.27, 96
14.27, 96
14.66, 96
14.66, 96
15.04, 96
15.04, 96
15.04, 96
15.38, 96
15.48, 96
15.52, 96
15.56, 96
15.58, 96
16.56, 96
16.57, 96
16.64, 96
16.64, 96
16.84, 96
16.84, 96
17.09, 96
17.09, 96
17.09, 96
17.33, 96
17.33, 96
17.91, 96
17.91, 96
17.91, 96
17.92, 96
17.92, 96
17.92, 96
17.92, 96
18.79, 96
18.80, 96
18.80, 96
19.35, 96
19.56, 96
19.56, 96
19.56, 96
20.07, 96
21.01, 96
21.67, 96
21.67, 96
22.34, 96
24.57, 96
24.57, 96
24.74, 96
24.79, 96
24.79, 96
24.79, 96
25.20, 96
25.32, 96
25.64, 96
26.11, 96
26.40, 96
26.40, 96
26.60, 96
26.72, 96
26.82, 96
26.89, 96
26.93, 96
26.93, 96
27.03, 96
28.64, 96
28.89, 96
28.89, 96
28.90, 96
29.76, 96
30.82, 96
30.86, 96
30.86, 96
30.87, 96
30.87, 96
31.06, 96
31.39, 96
31.62, 96
31.62, 96
31.62, 96
32.13, 96
32.13, 96
32.31, 96
33.96, 96
34.04, 96
34.55, 96
34.55, 96
34.66, 96
35.17, 96
35.17, 96
35.17, 96
35.38, 96
35.53, 96
35.57, 96
36.43, 96
36.43, 96
36.43, 96
36.43, 96
36.43, 96
36.48, 96
37.62, 96
38.31, 96
38.31, 96
38.57, 96
38.67, 96
39.83, 96
39.83, 96
39.83, 96
39.83, 96
39.83, 96
39.87, 96
40.16, 96
40.20, 96
40.93, 96
40.93, 96
41.03, 96
41.70, 96
41.90, 96
41.91, 96
42.02, 96
42.22, 96
43.78, 96
44.69, 96
44.69, 96
44.85, 96
44.87, 96
44.92, 96
44.92, 96
45.42, 96
45.48, 96
45.49, 96
45.58, 96
45.58, 96
45.58, 96
45.63, 96
45.63, 96
45.63, 96
45.86, 96
45.88, 96
45.89, 96
46.15, 96
46.15, 96
46.63, 96
46.79, 96
47.25, 96
47.95, 96
47.99, 96
49.05, 96
50.36, 96
50.36, 96
50.70, 96
50.87, 96
51.48, 96
52.46, 96
52.46, 96
52.46, 96
52.75, 96
52.75, 96
52.90, 96
52.90, 96
52.90, 96
53.39, 96
53.39, 96
54.03, 96
54.06, 96
54.09, 96
54.59, 96
54.59, 96
54.74, 96
54.74, 96
55.67, 96
56.04, 96
56.05, 96
56.05, 96
56.05, 96
56.08, 96
56.21, 96
56.25, 96
56.25, 96
56.48, 96
56.48, 96
56.48, 96
56.48, 96
56.48, 96
56.48, 96
57.00, 96
57.00, 96
57.00, 96
57.74, 96
57.74, 96
58.32, 96
58.32, 96
58.98, 96
59.09, 96
59.09, 96
59.21, 96
59.21, 96
59.21, 96
59.22, 96
59.67, 96
59.67, 96
59.96, 96
59.96, 96
60.24, 96
60.24, 96
61.24, 96
61.24, 96
61.25, 96
61.25, 96
61.25, 96
61.49, 96
61.50, 96
62.61, 96
62.61, 96
63.05, 96
63.33, 96
63.33, 96
64.14, 96
64.42, 96
64.42, 96
64.80, 96
65.13, 96
66.33, 96
66.67, 96
66.67, 96
67.23, 96
67.39, 96
67.80, 96
67.80, 96
68.07, 96
68.64, 96
68.64, 96
68.64, 96
68.95, 96
69.75, 96
71.72, 96
71.80, 96
71.80, 96
72.33, 96
72.33, 96
72.69, 96
72.83, 96
72.83, 96
73.16, 96
73.56, 96
73.56, 96
73.56, 96
73.56, 96
74.71, 96
74.84, 96
75.16, 96
76.27, 96
76.73, 96
77.24, 96
77.79, 96
77.79, 96
78.09, 96
78.75, 96
78.75, 96
78.97, 96
78.97, 96
79.87, 96
79.87, 96
80.35, 96
80.45, 96
80.49, 96
80.50, 96
80.50, 96
80.66, 96
80.99, 96
81.78, 96
81.78, 96
81.78, 96
81.91, 96
81.91, 96
81.92, 96
81.92, 96
81.92, 96
81.92, 96
82.04, 96
82.05, 96
83.78, 96
83.78, 96
83.78, 96
83.79, 96
84.53, 96
84.78, 96
84.91, 96
85.73, 96
85.73, 96
86.03, 96
86.16, 96
86.40, 96
86.48, 96
86.62, 96
86.62, 96
87.10, 96
87.44, 96
87.61, 96
87.71, 96
87.93, 96
87.93, 96
88.76, 96
88.76, 96
88.78, 96
90.34, 96
90.34, 96
90.36, 96
91.19, 96
91.19, 96
91.20, 96
91.57, 96
92.06, 96
92.83, 96
92.84, 96
93.40, 96
94.74, 96
95.69, 96
95.69, 96
95.97, 96
96.41, 96
96.41, 96
98.68, 96
98.70, 96
98.70, 96
99.12, 96
99.40, 96
99.40, 96
99.40, 96
99.41, 96
99.47, 96
99.57, 96
99.57, 96
99.57, 96
101.08, 96
101.09, 96
101.28, 96
101.28, 96
101.28, 96
101.85, 96
102.50, 96
102.50, 96
102.58, 96
102.62, 96
102.62, 96
102.62, 96
102.62, 96
103.20, 96
105.05, 96
105.05, 96
105.68, 96
105.68, 96
105.69, 96
105.74, 96
105.74, 96
105.74, 96
105.83, 96
105.83, 96
106.13, 96
106.56, 96
106.64, 96
107.42, 96
107.57, 96
107.57, 96
107.57, 96
107.57, 96
107.57, 96
108.10, 96
108.10, 96
108.11, 96
108.11, 96
108.11, 96
108.51, 96
108.51, 96
109.80, 96
109.81, 96
110.63, 96
110.64, 96
110.88, 96
111.17, 96
112.79, 96
113.64, 96
113.64, 96
113.64, 96
113.65, 96
113.65, 96
113.65, 96
115.02, 96
115.03, 96
115.03, 96
115.29, 96
115.29, 96
115.29, 96
115.29, 96
115.41, 96
115.65, 96
115.65, 96
115.65, 96
115.65, 96
115.65, 96
115.66, 96
116.20, 96
116.20, 96
117.92, 96
117.92, 96
117.92, 96
119.35, 96
119.59, 96
119.78, 96
120.16, 96
120.16, 96
120.16, 96
120.30, 96
120.30, 96
120.31, 96
120.31, 96
120.33, 96
120.33, 96
120.92, 96
121.17, 96
121.47, 96
121.51, 96
121.51, 96
122.17, 96
122.42, 96
123.02, 96
123.37, 96
123.76, 96
123.81, 96
123.81, 96
123.81, 96
123.82, 96
124.21, 96
124.51, 96
124.53, 96
124.53, 96
124.53, 96
124.53, 96
124.54, 96
124.80, 96
124.80, 96
124.83, 96
124.89, 96
124.89, 96
124.89, 96
125.24, 96
125.68, 96
125.68, 96
125.96, 96
126.72, 96
126.72, 96
127.58, 96
127.70, 96
127.70, 96
127.84, 96
127.98, 96
127.99, 96
127.99, 96
128.89, 96
129.12, 96
129.72, 96
129.72, 96
129.92, 96
130.68, 96
130.68, 96
130.74, 96
131.17, 96
131.33, 96
131.33, 96
131.71, 96
131.71, 96
132.42, 96
132.42, 96
132.95, 96
133.40, 96
133.40, 96
133.40, 96
133.40, 96
134.70, 96
134.70, 96
135.12, 96
135.60, 96
136.13, 96
136.17, 96
136.17, 96
136.25, 96
136.39, 96
137.21, 96
137.94, 96
138.36, 96
138.36, 96
138.61, 96
139.46, 96
140.38, 96
140.38, 96
141.35, 96
141.67, 96
141.90, 96
142.34, 96
142.87, 96
142.88, 96
143.37, 96
143.79, 96
143.79, 96
143.86, 96
144.88, 96
144.97, 96
144.97, 96
145.56, 96
145.90, 96
145.90, 96
145.90, 96
146.04, 96
146.05, 96
146.15, 96
146.18, 96
146.18, 96
146.18, 96
146.63, 96
146.63, 96
147.42, 96
147.43, 96
147.60, 96
147.60, 96
147.60, 96
147.60, 96
148.21, 96
148.22, 96
148.22, 96
148.27, 96
148.30, 96
148.95, 96
148.95, 96
148.95, 96
148.95, 96
148.95, 96
148.98, 96
149.11, 96
149.11, 96
149.11, 96
149.11, 96
149.26, 96
149.76, 96
150.72, 96
150.73, 96
151.31, 96
151.31, 96
151.75, 96
151.75, 96
151.75, 96
151.81, 96
151.81, 96
151.81, 96
152.02, 96
152.31, 96
152.40, 96
153.00, 96
153.00, 96
153.10, 96
153.56, 96
153.67, 96
153.85, 96
154.52, 96
154.95, 96
155.22, 96
156.12, 96
156.20, 96
156.20, 96
156.52, 96
156.52, 96
156.52, 96
156.62, 96
156.74, 96
156.74, 96
156.90, 96
157.07, 96
157.07, 96
157.08, 96
157.10, 96
158.17, 96
158.17, 96
158.17, 96
158.21, 96
158.21, 96
158.21, 96
158.21, 96
159.83, 96
159.89, 96
159.89, 96
160.18, 96
161.42, 96
161.58, 96
161.83, 96
163.26, 96
163.51, 96
163.62, 96
164.29, 96
164.34, 96
164.35, 96
164.44, 96
165.46, 96
165.46, 96
165.71, 96
165.82, 96
166.86, 96
167.29, 96
167.29, 96
167.57, 96
167.91, 96
168.55, 96
168.55, 96
168.55, 96
168.57, 96
168.94, 96
168.95, 96
168.95, 96
168.95, 96
169.42, 96
169.81, 96
169.83, 96
169.83, 96
170.86, 96
171.06, 96
171.27, 96
171.54, 96
171.54, 96
171.55, 96
172.09, 96
172.10, 96
172.10, 96
172.74, 96
172.96, 96
172.96, 96
173.39, 96
173.67, 96
175.16, 96
175.20, 96
175.21, 96
175.47, 96
175.74, 96
176.42, 96
177.24, 96
177.24, 96
177.24, 96
177.24, 96
177.30, 96
177.30, 96
177.66, 96
178.21, 96
178.48, 96
179.15, 96
179.15, 96
179.70, 96
179.74, 96
180.29, 96
180.75, 96
180.75, 96
181.03, 96
181.03, 96
181.03, 96
181.53, 96
181.53, 96
181.62, 96
181.92, 96
182.42, 96
182.43, 96
182.43, 96
182.43, 96
182.47, 96
182.82, 96
183.04, 96
183.05, 96
183.19, 96
183.74, 96
183.75, 96
183.75, 96
183.75, 96
183.75, 96
184.28, 96
184.28, 96
184.39, 96
184.51, 96
184.51, 96
184.99, 96
184.99, 96
185.11, 96
185.11, 96
185.12, 96
185.12, 96
185.12, 96
185.40, 96
185.78, 96
185.78, 96
185.79, 96
185.80, 96
185.84, 96
186.06, 96
186.30, 96
186.82, 96
187.05, 96
187.28, 96
187.28, 96
187.43, 96
187.43, 96
187.43, 96
187.59, 96
187.59, 96
187.59, 96
187.65, 96
187.67, 96
187.83, 96
188.40, 96
188.40, 96
188.40, 96
188.40, 96
188.60, 96
188.60, 96
190.99, 96
190.99, 96
191.17, 96
192.08, 96
192.08, 96
192.08, 96
192.32, 96
192.32, 96
192.39, 96
192.42, 96
192.61, 96
192.61, 96
192.61, 96
192.61, 96
192.75, 96
192.75, 96
192.94, 96
193.59, 96
193.59, 96
194.52, 96
194.52, 96
195.00, 96
195.78, 96
196.00, 96
196.15, 96
196.15, 96
196.52, 96
196.52, 96
196.52, 96
196.54, 96
196.54, 96
196.54, 96
197.29, 96
197.29, 96
197.66, 96
198.87, 96
198.93, 96
198.93, 96
198.93, 96
198.93, 96
199.99, 96
200.39, 96
200.89, 96
200.89, 96
200.99, 96
200.99, 96
200.99, 96
202.01, 96
204.00, 96
204.00, 96
204.00, 96
204.00, 96
204.25, 96
204.25, 96
204.81, 96
205.10, 96
205.30, 96
205.50, 96
207.27, 96
207.27, 96
208.11, 96
208.43, 96
208.43, 96
208.43, 96
208.43, 96
208.55, 96
208.57, 96
208.91, 96
208.91, 96
208.91, 96
208.91, 96
208.91, 96
208.96, 96
208.96, 96
208.96, 96
209.18, 96
209.20, 96
209.20, 96
209.48, 96
210.00, 96
210.00, 96
210.77, 96
210.77, 96
210.77, 96
210.77, 96
210.86, 96
210.86, 96
210.86, 96
210.94, 96
210.94, 96
210.94, 96
210.94, 96
210.94, 96
211.35, 96
211.35, 96
211.35, 96
211.49, 96
211.49, 96
212.15, 96
212.36, 96
212.36, 96
212.36, 96
212.36, 96
212.59, 96
212.59, 96
212.59, 96
212.59, 96
213.93, 96
214.16, 96
214.16, 96
214.18, 96
214.18, 96
214.58, 96
215.15, 96
215.15, 96
215.16, 96
215.16, 96
215.16, 96
215.27, 96
215.27, 96
215.32, 96
215.58, 96
215.58, 96
215.77, 96
215.77, 96
215.77, 96
216.13, 96
216.56, 96
216.56, 96
216.69, 96
216.75, 96
216.80, 96
216.80, 96
216.80, 96
216.90, 96
216.90, 96
217.28, 96
217.28, 96
217.96, 96
217.96, 96
218.02, 96
218.54, 96
219.00, 96
219.04, 96
219.47, 96
219.49, 96
219.54, 96
220.35, 96
220.92, 96
221.19, 96
221.52, 96
221.72, 96
221.73, 96
223.15, 96
224.03, 96
224.35, 96
224.41, 96
224.41, 96
224.42, 96
224.56, 96
224.56, 96
224.91, 96
225.56, 96
225.88, 96
225.88, 96
226.35, 96
227.46, 96
227.47, 96
228.12, 96
228.12, 96
228.12, 96
228.19, 96
228.23, 96
228.48, 96
229.15, 96
229.68, 96
230.20, 96
230.69, 96
230.69, 96
230.73, 96
230.73, 96
231.25, 96
231.29, 96
231.29, 96
231.32, 96
231.59, 96
231.59, 96
231.71, 96
233.55, 96
233.73, 96
233.94, 96
234.19, 96
235.26, 96
235.26, 96
235.26, 96
236.15, 96
236.15, 96
236.15, 96
236.15, 96
236.17, 96
236.87, 96
237.02, 96
237.04, 96
239.27, 96
239.27, 96
239.45, 96
239.45, 96
239.61, 96
239.64, 96
240.16, 96
240.75, 96
240.75, 96
240.75, 96
242.12, 96
242.16, 96
242.16, 96
243.22, 96
243.22, 96
243.26, 96
243.44, 96
243.45, 96
243.95, 96
243.95, 96
243.95, 96
244.06, 96
244.34, 96
244.34, 96
245.60, 96
245.60, 96
245.64, 96
246.06, 96
246.35, 96
246.35, 96
246.41, 96
246.41, 96
246.89, 96
246.89, 96
246.89, 96
246.89, 96
246.89, 96
246.90, 96
247.05, 96
247.36, 96
248.00, 96
248.31, 96
248.31, 96
248.68, 96
248.98, 96
249.00, 96
249.29, 96
249.30, 96
249.37, 96
249.66, 96
250.22, 96
250.50, 96
250.50, 96
250.50, 96
251.09, 96
251.42, 96
251.57, 96
251.91, 96
251.92, 96
251.92, 96
251.92, 96
252.19, 96
252.31, 96
252.39, 96
252.39, 96
252.39, 96
252.77, 96
252.77, 96
252.77, 96
252.77, 96
252.77, 96
253.00, 96
253.00, 96
253.81, 96
253.81, 96
254.11, 96
254.16, 96
254.16, 96
254.25, 96
254.25, 96
254.32, 96
254.50, 96
255.39, 96
255.57, 96
256.08, 96
256.31, 96
256.54, 96
258.04, 96
258.04, 96
258.04, 96
258.04, 96
258.89, 96
258.89, 96
259.26, 96
259.40, 96
259.57, 96
260.19, 96
260.19, 96
260.19, 96
260.71, 96
262.12, 96
263.27, 96
263.46, 96
263.81, 96
263.82, 96
263.82, 96
264.07, 96
264.75, 96
264.83, 96
265.20, 96
265.66, 96
267.59, 96
268.04, 96
268.04, 96
268.04, 96
268.04, 96
268.05, 96
268.05, 96
268.05, 96
268.14, 96
268.18, 96
268.18, 96
268.19, 96
268.49, 96
268.54, 96
269.77, 96
269.77, 96
269.82, 96
269.83, 96
269.93, 96
270.27, 96
271.88, 96
272.23, 96
272.23, 96
272.60, 96
272.82, 96
273.14, 96
273.15, 96
273.15, 96
273.34, 96
273.47, 96
273.50, 96
273.51, 96
273.99, 96
273.99, 96
274.50, 96
274.98, 96
274.98, 96
275.02, 96
275.09, 96
275.09, 96
275.09, 96
275.09, 96
275.84, 96
275.85, 96
276.32, 96
276.32, 96
276.44, 96
277.62, 96
277.67, 96
277.67, 96
277.76, 96
278.27, 96
278.27, 96
278.50, 96
278.50, 96
278.50, 96
278.50, 96
279.26, 96
279.26, 96
279.26, 96
279.26, 96
279.27, 96
279.31, 96
279.31, 96
279.31, 96
280.40, 96
280.41, 96
280.63, 96
280.63, 96
281.52, 96
281.52, 96
281.52, 96
281.77, 96
282.58, 96
283.01, 96
283.01, 96
283.01, 96
283.78, 96
284.54, 96
284.58, 96
284.58, 96
284.89, 96
285.66, 96
285.66, 96
285.76, 96
286.34, 96
286.96, 96
287.09, 96
287.40, 96
288.15, 96
288.29, 96
288.93, 96
288.93, 96
288.93, 96
289.57, 96
289.65, 96
290.19, 96
290.19, 96
293.05, 96
293.61, 96
293.61, 96
293.61, 96
295.45, 96
295.45, 96
295.87, 96
296.74, 96
296.74, 96
297.13, 96
297.19, 96
297.19, 96
299.11, 96
300.10, 96
300.68, 96
300.92, 96
301.36, 96
301.69, 96
301.94, 96
301.94, 96
301.94, 96
301.94, 96
302.28, 96
302.62, 96
303.80, 96
304.98, 96
304.98, 96
304.98, 96
305.24, 96
305.93, 96
308.24, 96
308.38, 96
308.38, 96
309.35, 96
309.35, 96
309.35, 96
309.35, 96
309.35, 96
309.57, 96
309.57, 96
309.81, 96
309.81, 96
310.05, 96
311.04, 96
311.43, 96
313.26, 96
313.33, 96
314.63, 96
314.64, 96
314.64, 96
314.64, 96
314.82, 96
314.83, 96
314.88, 96
314.89, 96
314.89, 96
315.15, 96
315.67, 96
316.68, 96
316.79, 96
317.12, 96
318.34, 96
319.03, 96
319.39, 96
319.39, 96
319.50, 96
319.93, 96
320.37, 96
321.10, 96
322.23, 96
322.27, 96
322.27, 96
323.08, 96
323.15, 96
323.15, 96
323.67, 96
323.67, 96
323.67, 96
323.67, 96
323.67, 96
323.67, 96
323.67, 96
325.43, 96
325.43, 96
325.47, 96
325.83, 96
326.15, 96
326.15, 96
326.42, 96
326.42, 96
326.42, 96
326.43, 96
326.67, 96
327.41, 96
328.15, 96
328.20, 96
328.20, 96
328.20, 96
328.22, 96
328.22, 96
328.22, 96
329.43, 96
329.75, 96
329.75, 96
331.00, 96
331.73, 96
332.45, 96
332.45, 96
332.45, 96
332.55, 96
332.55, 96
333.04, 96
333.85, 96
333.86, 96
333.86, 96
333.86, 96
333.86, 96
334.13, 96
334.31, 96
334.81, 96
334.90, 96
334.93, 96
335.30, 96
336.02, 96
336.03, 96
336.39, 96
336.52, 96
337.62, 96
337.62, 96
338.03, 96
338.62, 96
339.18, 96
339.18, 96
339.23, 96
339.23, 96
339.61, 96
340.20, 96
340.20, 96
340.21, 96
340.53, 96
340.68, 96
340.68, 96
340.68, 96
341.77, 96
341.77, 96
341.77, 96
341.95, 96
342.06, 96
342.06, 96
342.06, 96
342.06, 96
342.06, 96
342.06, 96
342.06, 96
342.06, 96
342.06, 96
342.06, 96
342.92, 96
342.96, 96
343.17, 96
343.17, 96
343.37, 96
343.43, 96
344.27, 96
345.08, 96
345.11, 96
345.12, 96
345.42, 96
345.42, 96
346.84, 96
346.91, 96
346.92, 96
347.19, 96
347.63, 96
348.26, 96
348.82, 96
349.52, 96
351.54, 96
352.00, 96
353.81, 96
354.45, 96
355.57, 96
356.21, 96
356.21, 96
356.41, 96
356.68, 96
356.79, 96
357.87, 96
357.87, 96
357.87, 96
357.93, 96
358.31, 96
358.31, 96
358.42, 96
358.61, 96
359.24, 96
360.05, 96
360.05, 96
360.80, 96
361.26, 96
361.53, 96
361.53, 96
361.54, 96
361.54, 96
361.59, 96
361.60, 96
361.60, 96
361.60, 96
361.60, 96
361.60, 96
361.60, 96
362.33, 96
362.42, 96
362.51, 96
363.03, 96
363.03, 96
363.51, 96
363.51, 96
363.51, 96
364.51, 96
365.42, 96
365.42, 96
365.54, 96
365.54, 96
365.56, 96
366.43, 96
366.71, 96
367.01, 96
367.01, 96
367.72, 96
367.72, 96
367.72, 96
367.72, 96
367.91, 96
368.42, 96
368.43, 96
368.43, 96
368.75, 96
368.75, 96
368.76, 96
368.76, 96
368.86, 96
368.86, 96
368.86, 96
369.66, 96
370.50, 96
370.50, 96
371.12, 96
371.54, 96
371.54, 96
371.54, 96
371.54, 96
372.48, 96
372.48, 96
372.71, 96
373.27, 96
373.27, 96
373.28, 96
373.93, 96
373.93, 96
374.77, 96
374.77, 96
374.77, 96
374.77, 96
376.08, 96
376.28, 96
376.28, 96
377.24, 96
378.56, 96
378.82, 96
378.82, 96
378.82, 96
379.20, 96
379.83, 96
379.97, 96
380.27, 96
380.39, 96
380.39, 96
380.49, 96
380.72, 96
380.72, 96
380.89, 96
380.89, 96
381.54, 96
381.54, 96
381.67, 96
381.67, 96
381.76, 96
381.99, 96
382.35, 96
382.46, 96
382.46, 96
382.46, 96
382.47, 96
382.53, 96
382.73, 96
382.73, 96
383.06, 96
383.35, 96
385.23, 96
385.23, 96
385.30, 96
385.53, 96
385.53, 96
385.76, 96
386.01, 96
386.32, 96
386.44, 96
386.48, 96
387.25, 96
387.54, 96
387.54, 96
387.61, 96
387.61, 96
388.32, 96
388.52, 96
388.53, 96
388.53, 96
388.53, 96
388.53, 96
388.53, 96
388.57, 96
388.63, 96
388.78, 96
389.38, 96
389.63, 96
389.63, 96
389.63, 96
389.64, 96
389.64, 96
389.64, 96
389.66, 96
392.71, 96
392.71, 96
392.71, 96
392.71, 96
392.72, 96
392.94, 96
392.94, 96
392.94, 96
392.98, 96
392.98, 96
393.34, 96
393.76, 96
393.76, 96
393.97, 96
393.97, 96
393.97, 96
394.09, 96
394.23, 96
394.23, 96
394.24, 96
394.85, 96
396.60, 96
396.66, 96
397.25, 96
397.25, 96
397.92, 96
399.09, 96
399.34, 96
399.44, 96
400.04, 96
400.08, 96
400.08, 96
400.20, 96
400.20, 96
401.04, 96
401.04, 96
401.04, 96
401.94, 96
401.94, 96
402.99, 96
402.99, 96
403.00, 96
403.00, 96
403.00, 96
403.25, 96
403.25, 96
403.58, 96
403.79, 96
403.79, 96
403.79, 96
406.07, 96
406.67, 96
406.67, 96
406.67, 96
406.67, 96
406.67, 96
406.96, 96
406.96, 96
407.02, 96
407.15, 96
407.33, 96
407.69, 96
407.69, 96
407.69, 96
408.07, 96
408.45, 96
409.71, 96
409.71, 96
410.69, 96
411.59, 96
411.87, 96
412.51, 96
412.51, 96
412.85, 96
414.14, 96
414.14, 96
414.14, 96
414.19, 96
414.19, 96
414.19, 96
414.19, 96
414.19, 96
414.19, 96
414.19, 96
414.19, 96
414.19, 96
414.19, 96
414.43, 96
414.43, 96
414.44, 96
414.81, 96
415.18, 96
415.37, 96
415.68, 96
415.94, 96
415.94, 96
416.01, 96
416.62, 96
418.23, 96
418.44, 96
419.07, 96
419.07, 96
419.07, 96
419.08, 96
419.81, 96
419.81, 96
419.81, 96
419.81, 96
420.79, 96
420.79, 96
420.79, 96
420.84, 96
420.84, 96
420.84, 96
420.84, 96
420.87, 96
420.87, 96
421.05, 96
421.17, 96
421.17, 96
421.17, 96
421.30, 96
421.42, 96
422.42, 96
423.01, 96
423.30, 96
423.95, 96
423.95, 96
424.12, 96
424.20, 96
424.20, 96
425.17, 96
425.26, 96
425.26, 96
426.00, 96
427.56, 96
428.28, 96
428.29, 96
428.35, 96
429.21, 96
429.21, 96
429.22, 96
429.78, 96
429.78, 96
429.93, 96
429.93, 96
430.05, 96
430.05, 96
430.60, 96
430.61, 96
430.61, 96
430.61, 96
430.61, 96
430.63, 96
430.63, 96
430.94, 96
430.94, 96
431.48, 96
432.74, 96
433.22, 96
433.81, 96
433.95, 96
433.95, 96
434.61, 96
434.77, 96
434.77, 96
434.77, 96
434.77, 96
434.87, 96
434.88, 96
434.97, 96
434.99, 96
435.65, 96
435.65, 96
435.65, 96
435.70, 96
435.70, 96
435.80, 96
435.80, 96
436.71, 96
437.10, 96
437.55, 96
437.77, 96
438.22, 96
438.22, 96
438.30, 96
438.30, 96
438.31, 96
438.31, 96
438.56, 96
439.20, 96
440.63, 96
440.85, 96
440.85, 96
440.85, 96
441.03, 96
442.43, 96
442.91, 96
442.97, 96
442.97, 96
442.97, 96
442.99, 96
443.14, 96
443.26, 96
443.26, 96
443.43, 96
443.53, 96
443.94, 96
444.07, 96
444.07, 96
444.07, 96
444.07, 96
444.08, 96
444.08, 96
444.18, 96
444.50, 96
444.50, 96
444.50, 96
445.29, 96
445.97, 96
446.02, 96
446.07, 96
446.80, 96
447.59, 96
447.62, 96
448.01, 96
448.03, 96
448.03, 96
448.18, 96
448.18, 96
448.79, 96
448.99, 96
449.27, 96
450.43, 96
450.46, 96
450.53, 96
450.53, 96
451.04, 96
451.52, 96
451.52, 96
452.01, 96
452.01, 96
452.01, 96
452.01, 96
452.01, 96
452.01, 96
452.01, 96
452.01, 96
452.01, 96
452.27, 96
452.37, 96
452.48, 96
452.48, 96
453.24, 96
454.19, 96
454.19, 96
454.20, 96
454.20, 96
454.35, 96
454.89, 96
455.07, 96
455.07, 96
455.29, 96
455.29, 96
455.68, 96
456.53, 96
456.83, 96
456.83, 96
457.17, 96
457.17, 96
457.65, 96
457.65, 96
457.65, 96
457.65, 96
457.79, 96
457.79, 96
457.79, 96
457.79, 96
457.84, 96
458.04, 96
458.04, 96
458.04, 96
458.05, 96
458.94, 96
459.08, 96
459.08, 96
459.67, 96
459.67, 96
459.78, 96
459.78, 96
459.78, 96
459.78, 96
459.78, 96
461.49, 96
461.49, 96
461.52, 96
461.94, 96
461.94, 96
462.39, 96
462.39, 96
462.74, 96
463.11, 96
464.13, 96
464.91, 96
464.91, 96
466.35, 96
466.35, 96
466.57, 96
466.57, 96
466.80, 96
467.02, 96
467.02, 96
467.47, 96
467.57, 96
467.58, 96
467.58, 96
467.58, 96
467.77, 96
467.91, 96
468.40, 96
468.40, 96
468.40, 96
468.40, 96
468.62, 96
468.83, 96
469.17, 96
469.17, 96
470.02, 96
470.43, 96
471.45, 96
471.61, 96
471.61, 96
472.23, 96
472.40, 96
472.40, 96
472.40, 96
472.61, 96
473.47, 96
473.47, 96
473.47, 96
473.47, 96
473.47, 96
474.62, 96
475.07, 96
475.34, 96
475.34, 96
475.37, 96
476.63, 96
476.63, 96
476.63, 96
476.68, 96
478.69, 96
478.69, 96
478.69, 96
478.83, 96
479.39, 96
479.39, 96
479.39, 96
479.46, 96
479.82, 96
479.82, 96
479.82, 96
479.93, 96
479.96, 96
480.10, 96
480.53, 96
480.82, 96
480.82, 96
481.28, 96
481.87, 96
482.10, 96
482.36, 96
482.40, 96
483.03, 96
483.16, 96
483.16, 96
483.16, 96
483.37, 96
484.39, 96
484.39, 96
485.01, 96
485.01, 96
485.02, 96
485.02, 96
485.02, 96
485.02, 96
485.77, 96
486.43, 96
486.43, 96
487.82, 96
487.82, 96
487.82, 96
488.00, 96
488.10, 96
488.45, 96
489.90, 96
489.91, 96
490.44, 96
490.53, 96
491.20, 96
491.20, 96
491.69, 96
493.14, 96
493.14, 96
493.18, 96
493.31, 96
493.32, 96
493.32, 96
493.32, 96
493.32, 96
493.42, 96
493.55, 96
493.81, 96
493.89, 96
494.56, 96
494.57, 96
495.11, 96
495.38, 96
495.46, 96
495.46, 96
495.62, 96
496.18, 96
496.40, 96
496.60, 96
496.79, 96
496.79, 96
497.76, 96
497.76, 96
497.76, 96
497.76, 96
497.95, 96
498.26, 96
498.26, 96
498.85, 96
498.85, 96
499.19, 96
499.19, 96
500.26, 96
500.26, 96
500.73, 96
501.48, 96
501.48, 96
502.26, 96
502.26, 96
502.64, 96
502.66, 96
502.66, 96
502.71, 96
502.81, 96
504.33, 96
504.33, 96
504.34, 96
504.71, 96
505.06, 96
505.25, 96
505.28, 96
505.31, 96
505.31, 96
505.60, 96
505.71, 96
505.91, 96
506.41, 96
506.58, 96
506.58, 96
506.95, 96
507.26, 96
507.26, 96
507.33, 96
508.72, 96
508.72, 96
508.72, 96
508.86, 96
508.86, 96
509.58, 96
509.84, 96
509.93, 96
509.93, 96
511.11, 96
511.18, 96
511.47, 96
513.27, 96
513.90, 96
514.15, 96
514.15, 96
514.15, 96
514.22, 96
514.22, 96
514.43, 96
514.43, 96
514.43, 96
514.43, 96
514.45, 96
514.45, 96
514.67, 96
514.67, 96
514.77, 96
515.31, 96
516.15, 96
516.18, 96
516.23, 96
516.23, 96
516.75, 96
517.15, 96
517.15, 96
517.59, 96
517.59, 96
517.61, 96
519.30, 96
519.30, 96
519.30, 96
520.09, 96
520.42, 96
520.90, 96
521.11, 96
521.33, 96
521.33, 96
521.51, 96
521.69, 96
521.90, 96
521.90, 96
522.43, 96
522.43, 96
522.43, 96
522.55, 96
522.55, 96
522.89, 96
523.07, 96
523.11, 96
523.11, 96
523.32, 96
523.38, 96
523.42, 96
523.42, 96
523.42, 96
523.42, 96
523.42, 96
523.42, 96
524.00, 96
524.51, 96
524.51, 96
524.59, 96
524.59, 96
524.59, 96
524.82, 96
525.38, 96
526.35, 96
528.47, 96
528.55, 96
529.05, 96
529.52, 96
529.60, 96
533.03, 96
533.03, 96
533.27, 96
534.34, 96
534.34, 96
534.39, 96
534.74, 96
534.86, 96
535.19, 96
535.19, 96
535.20, 96
535.20, 96
535.85, 96
536.25, 96
536.25, 96
536.25, 96
536.52, 96
536.53, 96
536.68, 96
536.68, 96
536.68, 96
536.91, 96
537.82, 96
537.99, 96
537.99, 96
538.35, 96
538.35, 96
539.02, 96
539.02, 96
539.23, 96
539.28, 96
539.29, 96
539.96, 96
540.05, 96
540.06, 96
540.38, 96
540.38, 96
540.38, 96
540.38, 96
540.51, 96
540.60, 96
540.92, 96
541.00, 96
541.00, 96
541.00, 96
541.00, 96
541.04, 96
541.05, 96
541.05, 96
541.05, 96
541.53, 96
541.79, 96
541.90, 96
541.90, 96
542.02, 96
542.72, 96
542.92, 96
542.92, 96
542.93, 96
543.35, 96
543.35, 96
543.56, 96
543.57, 96
543.66, 96
543.66, 96
543.69, 96
543.69, 96
543.75, 96
543.75, 96
543.75, 96
544.11, 96
544.31, 96
545.25, 96
545.60, 96
546.14, 96
546.14, 96
546.18, 96
546.18, 96
546.42, 96
546.42, 96
546.42, 96
546.45, 96
548.15, 96
548.37, 96
548.48, 96
548.53, 96
548.69, 96
549.79, 96
551.12, 96
552.28, 96
552.28, 96
552.92, 96
552.92, 96
552.92, 96
552.95, 96
552.95, 96
552.98, 96
553.06, 96
553.06, 96
553.61, 96
553.83, 96
553.83, 96
553.83, 96
554.27, 96
554.27, 96
555.17, 96
555.17, 96
555.18, 96
555.18, 96
555.25, 96
555.44, 96
555.44, 96
555.53, 96
556.09, 96
556.10, 96
556.10, 96
556.10, 96
556.25, 96
557.63, 96
557.70, 96
558.44, 96
558.86, 96
559.12, 96
559.40, 96
559.70, 96
559.70, 96
559.76, 96
559.76, 96
559.76, 96
560.78, 96
560.87, 96
561.35, 96
561.42, 96
561.43, 96
561.78, 96
561.78, 96
561.95, 96
562.34, 96
562.57, 96
562.57, 96
563.33, 96
563.34, 96
563.39, 96
563.47, 96
563.47, 96
563.71, 96
564.62, 96
564.65, 96
564.65, 96
564.65, 96
565.27, 96
566.53, 96
567.40, 96
568.06, 96
568.60, 96
568.60, 96
568.84, 96
568.89, 96
568.89, 96
569.46, 96
569.46, 96
569.85, 96
570.38, 96
570.65, 96
570.65, 96
572.38, 96
573.18, 96
573.32, 96
574.00, 96
574.19, 96
575.02, 96
575.03, 96
575.22, 96
575.22, 96
575.24, 96
575.24, 96
576.12, 96
576.12, 96
576.33, 96
576.80, 96
576.80, 96
576.80, 96
577.27, 96
577.29, 96
577.42, 96
578.31, 96
578.31, 96
578.46, 96
578.95, 96
580.49, 96
580.74, 96
580.74, 96
580.88, 96
580.99, 96
580.99, 96
581.07, 96
581.07, 96
581.07, 96
581.23, 96
581.90, 96
582.30, 96
582.30, 96
583.05, 96
583.06, 96
583.19, 96
583.62, 96
583.62, 96
583.62, 96
583.62, 96
584.02, 96
584.02, 96
584.24, 96
584.24, 96
586.43, 96
587.23, 96
587.23, 96
587.23, 96
587.23, 96
588.41, 96
588.41, 96
588.45, 96
588.45, 96
588.45, 96
588.46, 96
588.46, 96
588.46, 96
588.52, 96
588.85, 96
590.05, 96
590.19, 96
590.19, 96
590.19, 96
590.75, 96
591.05, 96
591.05, 96
591.05, 96
591.05, 96
591.95, 96
591.95, 96
594.28, 96
594.28, 96
594.68, 96
594.81, 96
594.81, 96
594.97, 96
594.97, 96
595.07, 96
595.07, 96
595.21, 96
595.21, 96
595.21, 96
595.21, 96
595.22, 96
596.06, 96
596.07, 96
596.40, 96
596.40, 96
596.40, 96
596.40, 96
596.41, 96
596.41, 96
596.75, 96
596.75, 96
597.90, 96
598.73, 96
598.73, 96
598.79, 96
599.39, 96
599.88, 96
