0.00, 102
0.00, 99
0.01, 99
0.01, 99
0.01, 99
0.01, 98
0.01, 98
0.01, 98
0.01, 98
0.03, 98
0.03, 97
0.04, 97
0.04, 97
0.05, 97
0.08, 97
0.08, 97
0.11, 97
0.11, 97
0.12, 97
0.25, 97
0.26, 97
0.33, 97
0.33, 97
0.33, 97
0.33, 97
0.39, 97
0.39, 97
0.39, 97
0.46, 97
0.46, 97
0.46, 97
0.51, 97
0.54, 97
0.54, 97
0.59, 97
0.59, 97
0.59, 97
0.59, 97
0.59, 97
0.59, 97
0.59, 97
0.59, 97
0.64, 97
0.65, 97
0.65, 97
0.65, 96
1.36, 96
2.44, 96
2.55, 96
2.62, 96
2.62, 96
3.66, 96
5.67, 96
5.91, 96
6.54, 96
6.59, 96
6.73, 96
6.73, 96
7.11, 96
7.94, 96
7.96, 96
7.96, 96
8.10, 96
8.10, 96
9.27, 96
9.53, 96
9.53, 96
9.75, 96
10.33, 96
11.41, 96
11.51, 96
12.91, 96
12.91, 96
13.17, 96
13.17, 96
13.62, 96
13.80, 96
13.80, 96
14.22, 96
14.23, 96
14.77, 96
14.82, 96
14.82, 96
15.26, 96
15.35, 96
15.37, 96
15.41, 96
15.43, 96
16.44, 96
16.44, 96
16.52, 96
16.52, 96
16.68, 96
16.68, 96
16.89, 96
16.89, 96
16.89, 96
17.17, 96
17.17, 96
17.77, 96
17.77, 96
17.77, 96
17.78, 96
17.78, 96
17.78, 96
17.78, 96
18.65, 96
18.65, 96
18.65, 96
19.22, 96
19.42, 96
19.42, 96
19.43, 96
19.90, 96
20.82, 96
21.40, 96
21.40, 96
21.95, 96
24.37, 96
24.37, 96
24.55, 96
24.62, 96
24.62, 96
24.62, 96
25.02, 96
25.14, 96
25.45, 96
25.90, 96
26.18, 96
26.18, 96
26.39, 96
26.48, 96
26.57, 96
26.63, 96
26.67, 96
26.67, 96
26.74, 96
28.34, 96
28.59, 96
28.59, 96
28.59, 96
29.45, 96
30.51, 96
30.55, 96
30.55, 96
30.55, 96
30.55, 96
30.75, 96
31.09, 96
31.35, 96
31.35, 96
31.35, 96
31.77, 96
31.77, 96
31.94, 96
33.69, 96
33.78, 96
34.31, 96
34.31, 96
34.43, 96
34.91, 96
34.91, 96
34.92, 96
35.11, 96
35.25, 96
35.28, 96
36.13, 96
36.13, 96
36.13, 96
36.13, 96
36.14, 96
36.19, 96
37.30, 96
38.02, 96
38.02, 96
38.31, 96
38.42, 96
39.59, 96
39.59, 96
39.59, 96
39.59, 96
39.59, 96
39.63, 96
39.92, 96
39.96, 96
40.60, 96
40.60, 96
40.68, 96
41.29, 96
41.46, 96
41.46, 96
41.57, 96
41.73, 96
43.44, 96
44.36, 96
44.36, 96
44.52, 96
44.54, 96
44.59, 96
44.59, 96
45.09, 96
45.15, 96
45.15, 96
45.25, 96
45.25, 96
45.25, 96
45.30, 96
45.30, 96
45.30, 96
45.53, 96
45.55, 96
45.55, 96
45.78, 96
45.78, 96
46.22, 96
46.35, 96
46.76, 96
47.57, 96
47.60, 96
48.71, 96
50.01, 96
50.01, 96
50.31, 96
50.47, 96
51.11, 96
52.02, 96
52.03, 96
52.03, 96
52.39, 96
52.39, 96
52.56, 96
52.57, 96
52.57, 96
53.07, 96
53.07, 96
53.71, 96
53.73, 96
53.75, 96
54.32, 96
54.32, 96
54.46, 96
54.46, 96
55.42, 96
55.76, 96
55.76, 96
55.76, 96
55.77, 96
55.80, 96
55.92, 96
55.97, 96
55.97, 96
56.21, 96
56.21, 96
56.21, 96
56.21, 96
56.21, 96
56.21, 96
56.67, 96
56.67, 96
56.67, 96
57.49, 96
57.50, 96
58.09, 96
58.09, 96
58.74, 96
58.82, 96
58.83, 96
58.94, 96
58.94, 96
58.94, 96
58.95, 96
59.43, 96
59.43, 96
59.70, 96
59.70, 96
59.97, 96
59.97, 96
60.97, 96
60.97, 96
60.97, 96
60.98, 96
60.98, 96
61.21, 96
61.21, 96
62.30, 96
62.30, 96
62.79, 96
63.10, 96
63.10, 96
63.87, 96
64.16, 96
64.16, 96
64.56, 96
64.89, 96
66.09, 96
66.43, 96
66.44, 96
66.91, 96
67.08, 96
67.55, 96
67.56, 96
67.85, 96
68.43, 96
68.43, 96
68.43, 96
68.73, 96
69.47, 96
71.46, 96
71.52, 96
71.52, 96
71.98, 96
71.98, 96
72.41, 96
72.57, 96
72.57, 96
72.87, 96
73.31, 96
73.31, 96
73.31, 96
73.31, 96
74.56, 96
74.69, 96
74.99, 96
76.16, 96
76.62, 96
77.02, 96
77.58, 96
77.58, 96
77.90, 96
78.59, 96
78.59, 96
78.83, 96
78.83, 96
79.73, 96
79.73, 96
80.19, 96
80.30, 96
80.33, 96
80.33, 96
80.33, 96
80.47, 96
80.78, 96
81.53, 96
81.53, 96
81.53, 96
81.64, 96
81.64, 96
81.64, 96
81.65, 96
81.65, 96
81.65, 96
81.76, 96
81.76, 96
83.59, 96
83.59, 96
83.59, 96
83.59, 96
84.38, 96
84.61, 96
84.73, 96
85.54, 96
85.54, 96
85.85, 96
85.97, 96
86.23, 96
86.29, 96
86.43, 96
86.43, 96
86.83, 96
87.18, 96
87.40, 96
87.53, 96
87.76, 96
87.76, 96
88.56, 96
88.57, 96
88.58, 96
90.18, 96
90.19, 96
90.21, 96
91.05, 96
91.05, 96
91.05, 96
91.42, 96
91.84, 96
92.67, 96
92.67, 96
93.26, 96
94.63, 96
95.52, 96
95.52, 96
95.79, 96
96.23, 96
96.23, 96
98.53, 96
98.54, 96
98.54, 96
98.93, 96
99.21, 96
99.21, 96
99.21, 96
99.23, 96
99.30, 96
99.40, 96
99.40, 96
99.40, 96
100.96, 96
100.96, 96
101.15, 96
101.15, 96
101.15, 96
101.66, 96
102.35, 96
102.35, 96
102.45, 96
102.50, 96
102.50, 96
102.51, 96
102.51, 96
103.11, 96
104.99, 96
104.99, 96
105.59, 96
105.60, 96
105.60, 96
105.65, 96
105.65, 96
105.65, 96
105.74, 96
105.74, 96
106.04, 96
106.46, 96
106.54, 96
107.28, 96
107.45, 96
107.46, 96
107.46, 96
107.46, 96
107.46, 96
108.05, 96
108.05, 96
108.05, 96
108.06, 96
108.06, 96
108.49, 96
108.49, 96
109.83, 96
109.83, 96
110.65, 96
110.65, 96
110.87, 96
111.16, 96
112.80, 96
113.71, 96
113.71, 96
113.71, 96
113.71, 96
113.71, 96
113.71, 96
115.05, 96
115.05, 96
115.06, 96
115.33, 96
115.33, 96
115.33, 96
115.33, 96
115.45, 96
115.66, 96
115.66, 96
115.66, 96
115.66, 96
115.66, 96
115.66, 96
116.23, 96
116.23, 96
118.01, 96
118.01, 96
118.01, 96
119.41, 96
119.61, 96
119.80, 96
120.21, 96
120.21, 96
120.21, 96
120.33, 96
120.33, 96
120.33, 96
120.33, 96
120.35, 96
120.35, 96
120.86, 96
121.14, 96
121.48, 96
121.51, 96
121.51, 96
122.08, 96
122.36, 96
123.02, 96
123.38, 96
123.73, 96
123.78, 96
123.78, 96
123.78, 96
123.78, 96
124.21, 96
124.53, 96
124.54, 96
124.54, 96
124.54, 96
124.54, 96
124.55, 96
124.79, 96
124.79, 96
124.83, 96
124.87, 96
124.87, 96
124.88, 96
125.23, 96
125.65, 96
125.65, 96
125.94, 96
126.65, 96
126.65, 96
127.49, 96
127.61, 96
127.61, 96
127.76, 96
127.90, 96
127.91, 96
127.91, 96
128.83, 96
129.02, 96
129.63, 96
129.63, 96
129.84, 96
130.57, 96
130.57, 96
130.65, 96
131.05, 96
131.22, 96
131.22, 96
131.58, 96
131.58, 96
132.24, 96
132.25, 96
132.85, 96
133.30, 96
133.30, 96
133.30, 96
133.30, 96
134.67, 96
134.67, 96
135.09, 96
135.61, 96
136.08, 96
136.13, 96
136.13, 96
136.20, 96
136.37, 96
137.13, 96
137.92, 96
138.31, 96
138.31, 96
138.59, 96
139.41, 96
140.40, 96
140.40, 96
141.35, 96
141.66, 96
141.85, 96
142.24, 96
142.86, 96
142.86, 96
143.32, 96
143.77, 96
143.77, 96
143.85, 96
144.89, 96
144.99, 96
144.99, 96
145.60, 96
145.92, 96
145.92, 96
145.92, 96
146.05, 96
146.06, 96
146.16, 96
146.19, 96
146.19, 96
146.19, 96
146.68, 96
146.68, 96
147.47, 96
147.47, 96
147.67, 96
147.67, 96
147.67, 96
147.68, 96
148.31, 96
148.32, 96
148.32, 96
148.35, 96
148.38, 96
149.04, 96
149.04, 96
149.04, 96
149.04, 96
149.04, 96
149.06, 96
149.18, 96
149.18, 96
149.19, 96
149.19, 96
149.32, 96
149.84, 96
150.71, 96
150.71, 96
151.30, 96
151.30, 96
151.74, 96
151.74, 96
151.74, 96
151.79, 96
151.81, 96
151.81, 96
151.97, 96
152.27, 96
152.38, 96
153.04, 96
153.04, 96
153.12, 96
153.56, 96
153.68, 96
153.86, 96
154.59, 96
155.05, 96
155.31, 96
156.18, 96
156.25, 96
156.25, 96
156.59, 96
156.59, 96
156.59, 96
156.67, 96
156.79, 96
156.79, 96
156.92, 96
157.07, 96
157.07, 96
157.07, 96
157.09, 96
158.20, 96
158.20, 96
158.20, 96
158.23, 96
158.23, 96
158.23, 96
158.24, 96
159.84, 96
159.90, 96
159.90, 96
160.19, 96
161.39, 96
161.55, 96
161.81, 96
163.30, 96
163.55, 96
163.67, 96
164.40, 96
164.44, 96
164.44, 96
164.54, 96
165.54, 96
165.54, 96
165.82, 96
165.93, 96
166.93, 96
167.34, 96
167.35, 96
167.69, 96
168.08, 96
168.68, 96
168.68, 96
168.68, 96
168.70, 96
169.12, 96
169.12, 96
169.12, 96
169.12, 96
169.63, 96
169.98, 96
170.00, 96
170.00, 96
171.00, 96
171.20, 96
171.41, 96
171.68, 96
171.68, 96
171.69, 96
172.20, 96
172.21, 96
172.21, 96
172.88, 96
173.09, 96
173.09, 96
173.52, 96
173.77, 96
175.31, 96
175.35, 96
175.35, 96
175.63, 96
175.88, 96
176.52, 96
177.31, 96
177.31, 96
177.31, 96
177.31, 96
177.36, 96
177.36, 96
177.79, 96
178.34, 96
178.63, 96
179.28, 96
179.28, 96
179.81, 96
179.86, 96
180.39, 96
180.82, 96
180.82, 96
181.09, 96
181.09, 96
181.09, 96
181.61, 96
181.61, 96
181.70, 96
181.99, 96
182.48, 96
182.48, 96
182.48, 96
182.48, 96
182.54, 96
182.92, 96
183.13, 96
183.14, 96
183.27, 96
183.80, 96
183.80, 96
183.80, 96
183.80, 96
183.80, 96
184.38, 96
184.38, 96
184.49, 96
184.61, 96
184.61, 96
185.10, 96
185.10, 96
185.22, 96
185.22, 96
185.22, 96
185.23, 96
185.23, 96
185.50, 96
185.88, 96
185.88, 96
185.88, 96
185.89, 96
185.95, 96
186.19, 96
186.41, 96
186.92, 96
187.10, 96
187.36, 96
187.36, 96
187.55, 96
187.55, 96
187.55, 96
187.71, 96
187.71, 96
187.72, 96
187.78, 96
187.79, 96
187.98, 96
188.57, 96
188.57, 96
188.57, 96
188.57, 96
188.76, 96
188.76, 96
191.14, 96
191.14, 96
191.31, 96
192.16, 96
192.16, 96
192.16, 96
192.42, 96
192.43, 96
192.52, 96
192.55, 96
192.76, 96
192.77, 96
192.77, 96
192.77, 96
192.89, 96
192.89, 96
193.11, 96
193.80, 96
193.80, 96
194.77, 96
194.77, 96
195.26, 96
196.09, 96
196.31, 96
196.48, 96
196.48, 96
196.82, 96
196.82, 96
196.82, 96
196.85, 96
196.85, 96
196.85, 96
197.62, 96
197.63, 96
197.99, 96
199.21, 96
199.29, 96
199.29, 96
199.29, 96
199.29, 96
200.34, 96
200.72, 96
201.17, 96
201.17, 96
201.26, 96
201.26, 96
201.26, 96
202.18, 96
204.30, 96
204.31, 96
204.31, 96
204.31, 96
204.55, 96
204.55, 96
205.10, 96
205.40, 96
205.59, 96
205.77, 96
207.46, 96
207.47, 96
208.41, 96
208.72, 96
208.72, 96
208.72, 96
208.73, 96
208.83, 96
208.85, 96
209.21, 96
209.21, 96
209.22, 96
209.22, 96
209.22, 96
209.28, 96
209.28, 96
209.28, 96
209.50, 96
209.51, 96
209.51, 96
209.76, 96
210.28, 96
210.28, 96
210.96, 96
210.96, 96
210.96, 96
210.96, 96
211.07, 96
211.07, 96
211.07, 96
211.17, 96
211.17, 96
211.17, 96
211.17, 96
211.17, 96
211.60, 96
211.60, 96
211.60, 96
211.72, 96
211.72, 96
212.30, 96
212.53, 96
212.53, 96
212.53, 96
212.53, 96
212.78, 96
212.78, 96
212.78, 96
212.78, 96
214.30, 96
214.49, 96
214.49, 96
214.52, 96
214.52, 96
214.87, 96
215.45, 96
215.45, 96
215.46, 96
215.46, 96
215.46, 96
215.55, 96
215.55, 96
215.59, 96
215.85, 96
215.85, 96
216.05, 96
216.05, 96
216.05, 96
216.41, 96
216.82, 96
216.82, 96
216.97, 96
217.03, 96
217.07, 96
217.07, 96
217.07, 96
217.17, 96
217.17, 96
217.55, 96
217.55, 96
218.28, 96
218.29, 96
218.36, 96
218.86, 96
219.34, 96
219.37, 96
219.82, 96
219.82, 96
219.87, 96
220.64, 96
221.15, 96
221.42, 96
221.73, 96
221.94, 96
221.94, 96
223.39, 96
224.32, 96
224.63, 96
224.69, 96
224.69, 96
224.69, 96
224.84, 96
224.84, 96
225.20, 96
225.87, 96
226.18, 96
226.18, 96
226.75, 96
227.87, 96
227.87, 96
228.44, 96
228.44, 96
228.44, 96
228.50, 96
228.54, 96
228.80, 96
229.43, 96
229.99, 96
230.53, 96
230.95, 96
230.95, 96
230.99, 96
230.99, 96
231.50, 96
231.53, 96
231.54, 96
231.56, 96
231.84, 96
231.84, 96
231.96, 96
233.77, 96
233.97, 96
234.23, 96
234.50, 96
235.56, 96
235.56, 96
235.56, 96
236.50, 96
236.51, 96
236.51, 96
236.51, 96
236.53, 96
237.25, 96
237.40, 96
237.42, 96
239.69, 96
239.69, 96
239.87, 96
239.87, 96
240.04, 96
240.06, 96
240.55, 96
241.10, 96
241.11, 96
241.11, 96
242.44, 96
242.49, 96
242.49, 96
243.51, 96
243.51, 96
243.57, 96
243.76, 96
243.77, 96
244.26, 96
244.26, 96
244.26, 96
244.36, 96
244.66, 96
244.67, 96
245.87, 96
245.87, 96
245.91, 96
246.31, 96
246.59, 96
246.60, 96
246.66, 96
246.66, 96
247.12, 96
247.12, 96
247.13, 96
247.14, 96
247.14, 96
247.14, 96
247.30, 96
247.62, 96
248.28, 96
248.57, 96
248.57, 96
248.98, 96
249.28, 96
249.31, 96
249.60, 96
249.60, 96
249.68, 96
249.97, 96
250.56, 96
250.82, 96
250.82, 96
250.82, 96
251.28, 96
251.62, 96
251.80, 96
252.09, 96
252.10, 96
252.10, 96
252.10, 96
252.36, 96
252.48, 96
252.58, 96
252.59, 96
252.59, 96
252.97, 96
252.97, 96
252.97, 96
252.97, 96
252.97, 96
253.23, 96
253.23, 96
254.06, 96
254.07, 96
254.39, 96
254.43, 96
254.43, 96
254.52, 96
254.52, 96
254.59, 96
254.78, 96
255.68, 96
255.89, 96
256.37, 96
256.60, 96
256.82, 96
258.30, 96
258.30, 96
258.30, 96
258.30, 96
259.29, 96
259.29, 96
259.66, 96
259.80, 96
259.96, 96
260.58, 96
260.58, 96
260.58, 96
261.08, 96
262.54, 96
263.60, 96
263.75, 96
263.99, 96
263.99, 96
263.99, 96
264.28, 96
264.98, 96
265.04, 96
265.39, 96
265.72, 96
267.61, 96
268.05, 96
268.05, 96
268.05, 96
268.06, 96
268.06, 96
268.06, 96
268.06, 96
268.14, 96
268.18, 96
268.18, 96
268.18, 96
268.46, 96
268.50, 96
269.71, 96
269.71, 96
269.76, 96
269.76, 96
269.87, 96
270.21, 96
271.72, 96
272.02, 96
272.02, 96
272.43, 96
272.69, 96
272.99, 96
273.00, 96
273.00, 96
273.20, 96
273.34, 96
273.36, 96
273.37, 96
273.80, 96
273.80, 96
274.32, 96
274.82, 96
274.82, 96
274.87, 96
274.91, 96
274.91, 96
274.91, 96
274.91, 96
275.79, 96
275.80, 96
276.44, 96
276.44, 96
276.59, 96
278.04, 96
278.12, 96
278.12, 96
278.24, 96
278.89, 96
278.90, 96
279.21, 96
279.22, 96
279.22, 96
279.22, 96
280.19, 96
280.19, 96
280.19, 96
280.19, 96
280.19, 96
280.25, 96
280.25, 96
280.25, 96
281.73, 96
281.74, 96
282.03, 96
282.03, 96
283.19, 96
283.19, 96
283.19, 96
283.49, 96
284.33, 96
284.74, 96
284.74, 96
284.74, 96
285.52, 96
286.26, 96
286.30, 96
286.30, 96
286.60, 96
287.37, 96
287.37, 96
287.45, 96
287.99, 96
288.50, 96
288.60, 96
288.84, 96
289.41, 96
289.51, 96
289.98, 96
289.98, 96
289.98, 96
290.45, 96
290.52, 96
290.90, 96
290.90, 96
293.06, 96
293.50, 96
293.50, 96
293.50, 96
295.22, 96
295.23, 96
295.78, 96
296.91, 96
296.91, 96
297.34, 96
297.41, 96
297.43, 96
300.04, 96
301.41, 96
302.14, 96
302.46, 96
303.04, 96
303.48, 96
303.71, 96
303.71, 96
303.71, 96
303.72, 96
304.11, 96
304.49, 96
305.67, 96
306.77, 96
306.78, 96
306.78, 96
307.05, 96
307.76, 96
309.98, 96
310.10, 96
310.10, 96
310.96, 96
310.96, 96
310.96, 96
310.96, 96
310.96, 96
311.11, 96
311.11, 96
311.30, 96
311.30, 96
311.48, 96
312.10, 96
312.39, 96
313.77, 96
313.82, 96
314.86, 96
314.86, 96
314.86, 96
314.86, 96
314.98, 96
314.98, 96
315.02, 96
315.02, 96
315.02, 96
315.19, 96
315.61, 96
316.40, 96
316.49, 96
316.76, 96
317.95, 96
318.68, 96
319.05, 96
319.05, 96
319.17, 96
319.62, 96
320.10, 96
320.77, 96
322.04, 96
322.09, 96
322.09, 96
322.96, 96
323.05, 96
323.05, 96
323.63, 96
323.63, 96
323.63, 96
323.63, 96
323.63, 96
323.63, 96
323.63, 96
325.79, 96
325.79, 96
325.82, 96
326.23, 96
326.56, 96
326.56, 96
326.86, 96
326.86, 96
326.86, 96
326.86, 96
327.12, 96
327.80, 96
328.39, 96
328.45, 96
328.45, 96
328.45, 96
328.46, 96
328.46, 96
328.47, 96
329.64, 96
329.96, 96
329.97, 96
331.17, 96
331.94, 96
332.75, 96
332.75, 96
332.75, 96
332.86, 96
332.86, 96
333.35, 96
334.15, 96
334.15, 96
334.15, 96
334.15, 96
334.15, 96
334.47, 96
334.66, 96
335.15, 96
335.23, 96
335.26, 96
335.63, 96
336.32, 96
336.32, 96
336.70, 96
336.83, 96
338.03, 96
338.04, 96
338.44, 96
339.04, 96
339.65, 96
339.65, 96
339.70, 96
339.70, 96
340.12, 96
340.74, 96
340.74, 96
340.75, 96
341.08, 96
341.16, 96
341.17, 96
341.17, 96
342.29, 96
342.29, 96
342.29, 96
342.51, 96
342.64, 96
342.64, 96
342.64, 96
342.65, 96
342.65, 96
342.65, 96
342.65, 96
342.65, 96
342.66, 96
342.66, 96
343.48, 96
343.53, 96
343.74, 96
343.74, 96
343.96, 96
344.03, 96
344.92, 96
345.71, 96
345.74, 96
345.75, 96
346.06, 96
346.06, 96
347.49, 96
347.58, 96
347.58, 96
347.87, 96
348.33, 96
348.94, 96
349.52, 96
350.23, 96
352.17, 96
352.69, 96
354.55, 96
355.17, 96
356.25, 96
356.86, 96
356.86, 96
357.04, 96
357.34, 96
357.46, 96
358.51, 96
358.51, 96
358.51, 96
358.58, 96
358.96, 96
358.96, 96
359.07, 96
359.26, 96
359.90, 96
360.68, 96
360.68, 96
361.45, 96
361.91, 96
362.20, 96
362.20, 96
362.20, 96
362.20, 96
362.28, 96
362.28, 96
362.28, 96
362.28, 96
362.29, 96
362.29, 96
362.29, 96
362.99, 96
363.07, 96
363.15, 96
363.70, 96
363.71, 96
364.23, 96
364.25, 96
364.25, 96
365.24, 96
366.16, 96
366.16, 96
366.28, 96
366.28, 96
366.30, 96
367.20, 96
367.53, 96
367.84, 96
367.84, 96
368.49, 96
368.49, 96
368.49, 96
368.49, 96
368.65, 96
369.18, 96
369.18, 96
369.18, 96
369.50, 96
369.50, 96
369.52, 96
369.52, 96
369.61, 96
369.62, 96
369.62, 96
370.45, 96
371.27, 96
371.27, 96
371.83, 96
372.29, 96
372.30, 96
372.30, 96
372.30, 96
373.20, 96
373.20, 96
373.46, 96
373.98, 96
373.98, 96
373.99, 96
374.71, 96
374.71, 96
375.53, 96
375.54, 96
375.54, 96
375.54, 96
377.49, 96
377.78, 96
377.79, 96
379.01, 96
380.71, 96
381.06, 96
381.06, 96
381.06, 96
381.55, 96
382.21, 96
382.36, 96
382.71, 96
382.84, 96
382.84, 96
382.93, 96
383.09, 96
383.09, 96
383.26, 96
383.26, 96
383.91, 96
383.91, 96
384.05, 96
384.05, 96
384.16, 96
384.43, 96
384.83, 96
384.91, 96
384.91, 96
384.92, 96
384.92, 96
384.99, 96
385.19, 96
385.19, 96
385.51, 96
385.81, 96
387.83, 96
387.83, 96
387.92, 96
388.22, 96
388.22, 96
388.48, 96
388.75, 96
389.08, 96
389.20, 96
389.23, 96
389.98, 96
390.25, 96
390.25, 96
390.33, 96
390.33, 96
391.07, 96
391.29, 96
391.29, 96
391.29, 96
391.29, 96
391.29, 96
391.29, 96
391.32, 96
391.38, 96
391.52, 96
392.09, 96
392.36, 96
392.37, 96
392.37, 96
392.37, 96
392.37, 96
392.37, 96
392.39, 96
395.39, 96
395.40, 96
395.40, 96
395.40, 96
395.40, 96
395.62, 96
395.62, 96
395.62, 96
395.65, 96
395.65, 96
396.01, 96
396.44, 96
396.44, 96
396.64, 96
396.64, 96
396.64, 96
396.75, 96
396.89, 96
396.89, 96
396.90, 96
397.54, 96
399.32, 96
399.39, 96
399.91, 96
399.91, 96
400.61, 96
401.83, 96
402.08, 96
402.21, 96
402.82, 96
402.87, 96
402.87, 96
403.00, 96
403.00, 96
403.81, 96
403.81, 96
403.81, 96
404.78, 96
404.78, 96
405.84, 96
405.84, 96
405.85, 96
405.85, 96
405.85, 96
406.07, 96
406.07, 96
406.37, 96
406.57, 96
406.57, 96
406.57, 96
408.92, 96
409.52, 96
409.52, 96
409.52, 96
409.52, 96
409.52, 96
409.81, 96
409.81, 96
409.86, 96
410.00, 96
410.16, 96
410.51, 96
410.51, 96
410.51, 96
410.92, 96
411.32, 96
412.53, 96
412.53, 96
413.51, 96
414.45, 96
414.70, 96
415.30, 96
415.30, 96
415.63, 96
416.91, 96
416.92, 96
416.92, 96
416.98, 96
416.99, 96
416.99, 96
416.99, 96
416.99, 96
416.99, 96
416.99, 96
417.00, 96
417.00, 96
417.00, 96
417.26, 96
417.27, 96
417.27, 96
417.64, 96
418.05, 96
418.24, 96
418.57, 96
418.83, 96
418.84, 96
418.90, 96
419.50, 96
421.15, 96
421.33, 96
421.96, 96
421.96, 96
421.96, 96
421.96, 96
422.71, 96
422.71, 96
422.71, 96
422.71, 96
423.63, 96
423.63, 96
423.63, 96
423.69, 96
423.69, 96
423.69, 96
423.69, 96
423.71, 96
423.71, 96
423.87, 96
423.97, 96
423.97, 96
423.97, 96
424.12, 96
424.30, 96
425.23, 96
425.80, 96
426.09, 96
426.75, 96
426.75, 96
426.91, 96
426.99, 96
427.00, 96
428.05, 96
428.11, 96
428.11, 96
428.84, 96
430.38, 96
431.13, 96
431.13, 96
431.20, 96
432.08, 96
432.08, 96
432.08, 96
432.71, 96
432.71, 96
432.85, 96
432.85, 96
432.97, 96
432.97, 96
433.51, 96
433.51, 96
433.51, 96
433.52, 96
433.52, 96
433.53, 96
433.54, 96
433.87, 96
433.87, 96
434.44, 96
435.62, 96
436.10, 96
436.70, 96
436.82, 96
436.82, 96
437.46, 96
437.60, 96
437.60, 96
437.60, 96
437.60, 96
437.71, 96
437.71, 96
437.79, 96
437.80, 96
438.48, 96
438.48, 96
438.48, 96
438.53, 96
438.53, 96
438.64, 96
438.64, 96
439.49, 96
439.88, 96
440.32, 96
440.53, 96
440.99, 96
440.99, 96
441.06, 96
441.06, 96
441.08, 96
441.08, 96
441.28, 96
441.90, 96
443.24, 96
443.47, 96
443.47, 96
443.47, 96
443.64, 96
445.02, 96
445.52, 96
445.59, 96
445.59, 96
445.59, 96
445.60, 96
445.78, 96
445.89, 96
445.89, 96
446.07, 96
446.16, 96
446.58, 96
446.70, 96
446.70, 96
446.70, 96
446.70, 96
446.70, 96
446.71, 96
446.83, 96
447.14, 96
447.14, 96
447.14, 96
447.96, 96
448.63, 96
448.69, 96
448.75, 96
449.49, 96
450.33, 96
450.37, 96
450.72, 96
450.74, 96
450.74, 96
450.92, 96
450.92, 96
451.59, 96
451.78, 96
452.06, 96
453.19, 96
453.22, 96
453.29, 96
453.29, 96
453.76, 96
454.32, 96
454.32, 96
454.83, 96
454.83, 96
454.83, 96
454.83, 96
454.83, 96
454.83, 96
454.83, 96
454.84, 96
454.84, 96
455.10, 96
455.22, 96
455.32, 96
455.32, 96
456.08, 96
457.06, 96
457.06, 96
457.07, 96
457.07, 96
457.24, 96
457.78, 96
457.97, 96
457.97, 96
458.19, 96
458.19, 96
458.59, 96
459.49, 96
459.80, 96
459.80, 96
460.12, 96
460.12, 96
460.62, 96
460.62, 96
460.62, 96
460.62, 96
460.78, 96
460.78, 96
460.78, 96
460.78, 96
460.83, 96
461.05, 96
461.05, 96
461.05, 96
461.05, 96
461.97, 96
462.12, 96
462.12, 96
462.71, 96
462.71, 96
462.83, 96
462.83, 96
462.83, 96
462.83, 96
462.83, 96
464.55, 96
464.55, 96
464.58, 96
464.98, 96
464.98, 96
465.40, 96
465.40, 96
465.74, 96
466.10, 96
467.20, 96
467.99, 96
467.99, 96
469.44, 96
469.44, 96
469.64, 96
469.64, 96
469.86, 96
470.11, 96
470.11, 96
470.57, 96
470.66, 96
470.66, 96
470.66, 96
470.66, 96
470.86, 96
471.02, 96
471.50, 96
471.50, 96
471.50, 96
471.50, 96
471.74, 96
471.96, 96
472.32, 96
472.32, 96
473.16, 96
473.58, 96
474.63, 96
474.82, 96
474.82, 96
475.45, 96
475.63, 96
475.63, 96
475.63, 96
475.91, 96
476.75, 96
476.75, 96
476.75, 96
476.75, 96
476.75, 96
477.86, 96
478.33, 96
478.61, 96
478.61, 96
478.63, 96
479.95, 96
479.95, 96
479.95, 96
479.98, 96
481.99, 96
481.99, 96
481.99, 96
482.17, 96
482.71, 96
482.71, 96
482.71, 96
482.79, 96
483.14, 96
483.14, 96
483.14, 96
483.26, 96
483.28, 96
483.40, 96
483.82, 96
484.04, 96
484.04, 96
484.47, 96
485.07, 96
485.27, 96
485.52, 96
485.58, 96
486.19, 96
486.32, 96
486.32, 96
486.32, 96
486.54, 96
487.57, 96
487.57, 96
488.20, 96
488.20, 96
488.20, 96
488.20, 96
488.20, 96
488.20, 96
488.99, 96
489.66, 96
489.66, 96
490.97, 96
490.97, 96
490.97, 96
491.17, 96
491.28, 96
491.64, 96
493.15, 96
493.16, 96
493.68, 96
493.77, 96
494.44, 96
494.44, 96
494.91, 96
496.27, 96
496.27, 96
496.32, 96
496.43, 96
496.43, 96
496.44, 96
496.44, 96
496.44, 96
496.56, 96
496.69, 96
496.92, 96
497.02, 96
497.68, 96
497.70, 96
498.23, 96
498.55, 96
498.62, 96
498.62, 96
498.78, 96
499.30, 96
499.54, 96
499.73, 96
499.90, 96
499.90, 96
500.75, 96
500.75, 96
500.75, 96
500.75, 96
500.94, 96
501.25, 96
501.25, 96
501.88, 96
501.88, 96
502.22, 96
502.22, 96
503.33, 96
503.33, 96
503.76, 96
504.61, 96
504.62, 96
505.32, 96
505.32, 96
505.68, 96
505.70, 96
505.70, 96
505.77, 96
505.88, 96
507.48, 96
507.48, 96
507.48, 96
507.88, 96
508.23, 96
508.42, 96
508.46, 96
508.50, 96
508.50, 96
508.82, 96
508.91, 96
509.12, 96
509.58, 96
509.77, 96
509.77, 96
510.10, 96
510.37, 96
510.37, 96
510.43, 96
511.82, 96
511.82, 96
511.82, 96
511.96, 96
511.96, 96
512.68, 96
512.91, 96
513.02, 96
513.03, 96
514.22, 96
514.33, 96
514.63, 96
516.32, 96
516.98, 96
517.22, 96
517.22, 96
517.22, 96
517.31, 96
517.31, 96
517.56, 96
517.56, 96
517.56, 96
517.56, 96
517.59, 96
517.59, 96
517.83, 96
517.84, 96
517.94, 96
518.53, 96
519.45, 96
519.49, 96
519.54, 96
519.54, 96
520.13, 96
520.54, 96
520.54, 96
520.94, 96
520.94, 96
520.96, 96
522.78, 96
522.78, 96
522.79, 96
523.65, 96
523.95, 96
524.46, 96
524.62, 96
524.83, 96
524.83, 96
525.01, 96
525.19, 96
525.41, 96
525.41, 96
525.84, 96
525.84, 96
525.84, 96
525.97, 96
525.98, 96
526.32, 96
526.51, 96
526.55, 96
526.55, 96
526.84, 96
526.90, 96
526.94, 96
526.95, 96
526.95, 96
526.95, 96
526.95, 96
526.95, 96
527.55, 96
528.07, 96
528.08, 96
528.14, 96
528.14, 96
528.14, 96
528.38, 96
528.90, 96
529.87, 96
531.85, 96
531.92, 96
532.45, 96
532.99, 96
533.08, 96
536.48, 96
536.48, 96
536.72, 96
537.87, 96
537.87, 96
537.93, 96
538.25, 96
538.38, 96
538.71, 96
538.71, 96
538.71, 96
538.71, 96
539.36, 96
539.81, 96
539.81, 96
539.81, 96
540.10, 96
540.10, 96
540.22, 96
540.22, 96
540.22, 96
540.47, 96
541.30, 96
541.46, 96
541.46, 96
541.83, 96
541.83, 96
542.53, 96
542.53, 96
542.78, 96
542.85, 96
542.85, 96
543.51, 96
543.59, 96
543.59, 96
543.92, 96
543.92, 96
543.92, 96
543.92, 96
544.05, 96
544.08, 96
544.43, 96
544.50, 96
544.50, 96
544.50, 96
544.50, 96
544.54, 96
544.55, 96
544.55, 96
544.55, 96
545.06, 96
545.31, 96
545.42, 96
545.43, 96
545.51, 96
546.08, 96
546.29, 96
546.29, 96
546.30, 96
546.72, 96
546.73, 96
546.95, 96
546.95, 96
547.05, 96
547.05, 96
547.07, 96
547.07, 96
547.12, 96
547.12, 96
547.12, 96
547.51, 96
547.74, 96
548.68, 96
549.01, 96
549.55, 96
549.55, 96
549.60, 96
549.60, 96
549.79, 96
549.79, 96
549.79, 96
549.82, 96
551.42, 96
551.65, 96
551.75, 96
551.81, 96
551.96, 96
553.18, 96
554.46, 96
555.59, 96
555.59, 96
556.16, 96
556.16, 96
556.16, 96
556.20, 96
556.20, 96
556.22, 96
556.30, 96
556.30, 96
556.88, 96
557.09, 96
557.09, 96
557.09, 96
557.60, 96
557.60, 96
558.49, 96
558.49, 96
558.49, 96
558.49, 96
558.57, 96
558.77, 96
558.77, 96
558.84, 96
559.38, 96
559.39, 96
559.39, 96
559.39, 96
559.53, 96
560.84, 96
560.89, 96
561.67, 96
562.14, 96
562.43, 96
562.75, 96
563.05, 96
563.06, 96
563.11, 96
563.11, 96
563.11, 96
564.15, 96
564.31, 96
564.76, 96
564.84, 96
564.84, 96
565.18, 96
565.18, 96
565.35, 96
565.66, 96
565.89, 96
565.89, 96
566.66, 96
566.66, 96
566.70, 96
566.80, 96
566.80, 96
567.04, 96
568.04, 96
568.08, 96
568.08, 96
568.08, 96
568.73, 96
570.01, 96
570.81, 96
571.46, 96
571.97, 96
571.97, 96
572.20, 96
572.25, 96
572.25, 96
572.95, 96
572.95, 96
573.35, 96
573.88, 96
574.10, 96
574.10, 96
575.81, 96
576.61, 96
576.76, 96
577.50, 96
577.74, 96
578.53, 96
578.53, 96
578.71, 96
578.71, 96
578.74, 96
578.74, 96
579.62, 96
579.62, 96
579.86, 96
580.28, 96
580.28, 96
580.28, 96
580.70, 96
580.71, 96
580.81, 96
581.72, 96
581.72, 96
581.87, 96
582.37, 96
583.98, 96
584.15, 96
584.16, 96
584.33, 96
584.42, 96
584.42, 96
584.50, 96
584.50, 96
584.50, 96
584.67, 96
585.32, 96
585.67, 96
585.67, 96
586.42, 96
586.43, 96
586.57, 96
587.02, 96
587.02, 96
587.02, 96
587.02, 96
587.45, 96
587.45, 96
587.68, 96
587.69, 96
589.83, 96
590.53, 96
590.53, 96
590.53, 96
590.53, 96
591.64, 96
591.64, 96
591.68, 96
591.69, 96
591.69, 96
591.70, 96
591.70, 96
591.70, 96
591.76, 96
592.12, 96
593.42, 96
593.57, 96
593.57, 96
593.57, 96
594.08, 96
594.44, 96
594.44, 96
594.44, 96
594.45, 96
595.33, 96
595.33, 96
597.67, 96
597.67, 96
598.10, 96
598.22, 96
598.22, 96
598.40, 96
598.40, 96
598.52, 96
598.53, 96
598.68, 96
598.68, 96
598.68, 96
598.68, 96
598.68, 96
599.53, 96
599.53, 96
599.86, 96
599.86, 96
599.86, 96
599.86, 96
599.87, 96
599.87, 96
