0.00, 102
0.00, 99
0.01, 99
0.01, 99
0.01, 99
0.01, 98
0.01, 98
0.01, 98
0.01, 98
0.03, 98
0.03, 97
0.05, 97
0.05, 97
0.06, 97
0.10, 97
0.10, 97
0.11, 97
0.12, 97
0.12, 97
0.25, 97
0.25, 97
0.31, 97
0.34, 97
0.34, 97
0.34, 97
0.39, 97
0.39, 97
0.39, 97
0.47, 97
0.47, 97
0.47, 97
0.51, 97
0.54, 97
0.54, 97
0.58, 97
0.58, 97
0.58, 97
0.58, 97
0.58, 97
0.58, 97
0.58, 97
0.58, 97
0.64, 97
0.64, 97
0.64, 97
0.64, 96
1.37, 96
2.37, 96
2.45, 96
2.51, 96
2.51, 96
3.53, 96
5.48, 96
5.71, 96
6.30, 96
6.35, 96
6.49, 96
6.49, 96
6.81, 96
7.60, 96
7.63, 96
7.63, 96
7.79, 96
7.79, 96
8.98, 96
9.25, 96
9.25, 96
9.47, 96
10.14, 96
11.20, 96
11.30, 96
12.59, 96
12.59, 96
12.85, 96
12.85, 96
13.31, 96
13.49, 96
13.49, 96
13.87, 96
13.87, 96
14.25, 96
14.25, 96
14.25, 96
14.63, 96
14.71, 96
14.74, 96
14.77, 96
14.80, 96
15.83, 96
15.83, 96
15.89, 96
15.89, 96
16.05, 96
16.05, 96
16.28, 96
16.28, 96
16.28, 96
16.52, 96
16.53, 96
17.11, 96
17.11, 96
17.11, 96
17.12, 96
17.12, 96
17.12, 96
17.12, 96
18.03, 96
18.04, 96
18.04, 96
18.60, 96
18.83, 96
18.83, 96
18.83, 96
19.31, 96
20.20, 96
20.75, 96
20.75, 96
21.31, 96
23.68, 96
23.68, 96
23.87, 96
23.92, 96
23.93, 96
23.93, 96
24.33, 96
24.45, 96
24.82, 96
25.38, 96
25.70, 96
25.70, 96
25.96, 96
26.08, 96
26.18, 96
26.23, 96
26.27, 96
26.27, 96
26.36, 96
28.26, 96
28.51, 96
28.52, 96
28.52, 96
29.44, 96
30.63, 96
30.68, 96
30.68, 96
30.68, 96
30.68, 96
30.91, 96
31.25, 96
31.50, 96
31.50, 96
31.50, 96
31.92, 96
31.92, 96
32.09, 96
33.79, 96
33.89, 96
34.39, 96
34.39, 96
34.51, 96
35.09, 96
35.09, 96
35.09, 96
35.29, 96
35.45, 96
35.48, 96
36.35, 96
36.35, 96
36.35, 96
36.35, 96
36.36, 96
36.40, 96
37.43, 96
38.30, 96
38.30, 96
38.56, 96
38.68, 96
39.95, 96
39.96, 96
39.96, 96
39.96, 96
39.96, 96
40.02, 96
40.35, 96
40.40, 96
41.01, 96
41.01, 96
41.10, 96
41.76, 96
41.92, 96
41.92, 96
42.02, 96
42.20, 96
43.78, 96
44.70, 96
44.70, 96
44.86, 96
44.87, 96
44.93, 96
44.93, 96
45.39, 96
45.46, 96
45.46, 96
45.54, 96
45.55, 96
45.55, 96
45.60, 96
45.60, 96
45.60, 96
45.83, 96
45.84, 96
45.84, 96
46.08, 96
46.08, 96
46.59, 96
46.73, 96
47.11, 96
47.83, 96
47.86, 96
48.99, 96
50.26, 96
50.26, 96
50.56, 96
50.73, 96
51.35, 96
52.28, 96
52.28, 96
52.28, 96
52.58, 96
52.58, 96
52.72, 96
52.72, 96
52.72, 96
53.25, 96
53.25, 96
53.90, 96
53.93, 96
53.95, 96
54.49, 96
54.50, 96
54.62, 96
54.62, 96
55.62, 96
55.97, 96
55.98, 96
55.98, 96
55.98, 96
56.02, 96
56.16, 96
56.20, 96
56.20, 96
56.42, 96
56.42, 96
56.42, 96
56.42, 96
56.43, 96
56.43, 96
56.94, 96
56.94, 96
56.94, 96
57.70, 96
57.70, 96
58.27, 96
58.27, 96
58.94, 96
59.03, 96
59.03, 96
59.15, 96
59.15, 96
59.15, 96
59.15, 96
59.61, 96
59.61, 96
59.89, 96
59.89, 96
60.17, 96
60.17, 96
61.32, 96
61.32, 96
61.32, 96
61.32, 96
61.32, 96
61.66, 96
61.66, 96
62.99, 96
62.99, 96
63.40, 96
63.71, 96
63.71, 96
64.48, 96
64.81, 96
64.82, 96
65.21, 96
65.54, 96
66.75, 96
67.09, 96
67.09, 96
67.60, 96
67.76, 96
68.17, 96
68.17, 96
68.47, 96
69.04, 96
69.04, 96
69.04, 96
69.36, 96
70.25, 96
72.20, 96
72.28, 96
72.28, 96
72.72, 96
72.73, 96
73.10, 96
73.24, 96
73.24, 96
73.55, 96
73.96, 96
73.96, 96
73.96, 96
73.96, 96
75.26, 96
75.41, 96
75.79, 96
76.90, 96
77.35, 96
77.88, 96
78.52, 96
78.53, 96
78.83, 96
79.47, 96
79.47, 96
79.72, 96
79.72, 96
80.61, 96
80.61, 96
81.09, 96
81.20, 96
81.23, 96
81.24, 96
81.24, 96
81.37, 96
81.68, 96
82.47, 96
82.47, 96
82.48, 96
82.59, 96
82.60, 96
82.60, 96
82.60, 96
82.60, 96
82.60, 96
82.72, 96
82.72, 96
84.44, 96
84.45, 96
84.45, 96
84.45, 96
85.19, 96
85.44, 96
85.55, 96
86.37, 96
86.37, 96
86.70, 96
86.83, 96
87.06, 96
87.13, 96
87.29, 96
87.29, 96
87.74, 96
88.07, 96
88.27, 96
88.35, 96
88.58, 96
88.58, 96
89.36, 96
89.36, 96
89.37, 96
90.93, 96
90.93, 96
90.95, 96
91.75, 96
91.75, 96
91.75, 96
92.14, 96
92.55, 96
93.27, 96
93.27, 96
93.84, 96
95.17, 96
96.08, 96
96.08, 96
96.35, 96
96.81, 96
96.81, 96
99.06, 96
99.08, 96
99.08, 96
99.52, 96
99.80, 96
99.80, 96
99.80, 96
99.81, 96
99.87, 96
99.97, 96
99.97, 96
99.97, 96
101.55, 96
101.55, 96
101.74, 96
101.74, 96
101.74, 96
102.29, 96
102.88, 96
102.88, 96
102.97, 96
103.02, 96
103.02, 96
103.02, 96
103.02, 96
103.56, 96
105.41, 96
105.41, 96
106.07, 96
106.07, 96
106.07, 96
106.12, 96
106.12, 96
106.12, 96
106.21, 96
106.21, 96
106.48, 96
106.88, 96
106.97, 96
107.72, 96
107.86, 96
107.86, 96
107.86, 96
107.86, 96
107.86, 96
108.44, 96
108.44, 96
108.45, 96
108.45, 96
108.45, 96
108.89, 96
108.89, 96
110.22, 96
110.22, 96
111.01, 96
111.01, 96
111.25, 96
111.53, 96
113.16, 96
114.02, 96
114.02, 96
114.02, 96
114.02, 96
114.02, 96
114.02, 96
115.35, 96
115.35, 96
115.35, 96
115.64, 96
115.64, 96
115.64, 96
115.64, 96
115.75, 96
115.99, 96
115.99, 96
115.99, 96
115.99, 96
115.99, 96
115.99, 96
116.56, 96
116.57, 96
118.32, 96
118.32, 96
118.32, 96
119.75, 96
119.97, 96
120.16, 96
120.55, 96
120.56, 96
120.56, 96
120.69, 96
120.69, 96
120.69, 96
120.70, 96
120.73, 96
120.73, 96
121.26, 96
121.52, 96
121.86, 96
121.89, 96
121.90, 96
122.46, 96
122.72, 96
123.37, 96
123.74, 96
124.09, 96
124.14, 96
124.14, 96
124.14, 96
124.14, 96
124.50, 96
124.84, 96
124.86, 96
124.86, 96
124.86, 96
124.86, 96
124.87, 96
125.10, 96
125.10, 96
125.13, 96
125.18, 96
125.18, 96
125.19, 96
125.54, 96
125.97, 96
125.97, 96
126.27, 96
126.99, 96
126.99, 96
127.82, 96
127.95, 96
127.95, 96
128.09, 96
128.24, 96
128.25, 96
128.25, 96
129.13, 96
129.35, 96
129.98, 96
129.98, 96
130.16, 96
130.92, 96
130.92, 96
130.99, 96
131.42, 96
131.58, 96
131.58, 96
131.98, 96
131.98, 96
132.61, 96
132.61, 96
133.17, 96
133.62, 96
133.62, 96
133.62, 96
133.62, 96
135.00, 96
135.00, 96
135.38, 96
135.89, 96
136.41, 96
136.45, 96
136.45, 96
136.52, 96
136.66, 96
137.38, 96
138.15, 96
138.56, 96
138.56, 96
138.83, 96
139.66, 96
140.60, 96
140.60, 96
141.52, 96
141.86, 96
142.05, 96
142.43, 96
142.98, 96
142.99, 96
143.44, 96
143.88, 96
143.88, 96
143.94, 96
144.96, 96
145.05, 96
145.05, 96
145.65, 96
145.99, 96
145.99, 96
145.99, 96
146.12, 96
146.13, 96
146.23, 96
146.27, 96
146.27, 96
146.27, 96
146.73, 96
146.73, 96
147.45, 96
147.45, 96
147.67, 96
147.67, 96
147.67, 96
147.67, 96
148.26, 96
148.26, 96
148.26, 96
148.31, 96
148.34, 96
149.02, 96
149.02, 96
149.02, 96
149.02, 96
149.02, 96
149.04, 96
149.16, 96
149.16, 96
149.16, 96
149.16, 96
149.31, 96
149.79, 96
150.65, 96
150.65, 96
151.27, 96
151.27, 96
151.70, 96
151.70, 96
151.70, 96
151.75, 96
151.75, 96
151.75, 96
151.92, 96
152.20, 96
152.29, 96
152.92, 96
152.92, 96
153.03, 96
153.51, 96
153.62, 96
153.82, 96
154.48, 96
154.94, 96
155.19, 96
156.08, 96
156.16, 96
156.16, 96
156.50, 96
156.50, 96
156.50, 96
156.60, 96
156.71, 96
156.72, 96
156.87, 96
157.02, 96
157.02, 96
157.02, 96
157.03, 96
158.08, 96
158.08, 96
158.08, 96
158.11, 96
158.11, 96
158.11, 96
158.11, 96
159.72, 96
159.77, 96
159.77, 96
160.05, 96
161.27, 96
161.43, 96
161.67, 96
163.10, 96
163.36, 96
163.48, 96
164.18, 96
164.22, 96
164.22, 96
164.32, 96
165.37, 96
165.37, 96
165.63, 96
165.76, 96
166.73, 96
167.11, 96
167.11, 96
167.38, 96
167.80, 96
168.39, 96
168.39, 96
168.39, 96
168.41, 96
168.79, 96
168.79, 96
168.79, 96
168.79, 96
169.28, 96
169.69, 96
169.72, 96
169.72, 96
170.70, 96
170.91, 96
171.11, 96
171.35, 96
171.36, 96
171.36, 96
171.86, 96
171.86, 96
171.86, 96
172.45, 96
172.67, 96
172.67, 96
173.12, 96
173.38, 96
174.90, 96
174.95, 96
174.95, 96
175.22, 96
175.51, 96
176.19, 96
176.94, 96
176.94, 96
176.94, 96
176.94, 96
176.98, 96
176.98, 96
177.34, 96
177.99, 96
178.25, 96
178.95, 96
178.95, 96
179.47, 96
179.51, 96
180.06, 96
180.49, 96
180.50, 96
180.77, 96
180.77, 96
180.77, 96
181.29, 96
181.30, 96
181.40, 96
181.69, 96
182.12, 96
182.12, 96
182.12, 96
182.12, 96
182.17, 96
182.52, 96
182.77, 96
182.78, 96
182.93, 96
183.46, 96
183.46, 96
183.46, 96
183.46, 96
183.46, 96
184.02, 96
184.02, 96
184.14, 96
184.23, 96
184.24, 96
184.67, 96
184.67, 96
184.81, 96
184.81, 96
184.82, 96
184.82, 96
184.83, 96
185.13, 96
185.49, 96
185.50, 96
185.50, 96
185.50, 96
185.57, 96
185.81, 96
186.05, 96
186.57, 96
186.75, 96
186.95, 96
186.95, 96
187.12, 96
187.12, 96
187.12, 96
187.28, 96
187.28, 96
187.28, 96
187.34, 96
187.35, 96
187.60, 96
188.18, 96
188.18, 96
188.19, 96
188.19, 96
188.39, 96
188.40, 96
190.74, 96
190.74, 96
190.93, 96
191.78, 96
191.78, 96
191.78, 96
192.00, 96
192.00, 96
192.09, 96
192.11, 96
192.31, 96
192.31, 96
192.32, 96
192.32, 96
192.44, 96
192.44, 96
192.65, 96
193.37, 96
193.37, 96
194.25, 96
194.26, 96
194.73, 96
195.51, 96
195.73, 96
195.91, 96
195.91, 96
196.27, 96
196.27, 96
196.27, 96
196.29, 96
196.29, 96
196.29, 96
196.95, 96
196.95, 96
197.34, 96
198.53, 96
198.60, 96
198.60, 96
198.60, 96
198.60, 96
199.67, 96
200.11, 96
200.56, 96
200.56, 96
200.65, 96
200.65, 96
200.65, 96
201.59, 96
203.53, 96
203.53, 96
203.53, 96
203.53, 96
203.79, 96
203.79, 96
204.39, 96
204.69, 96
204.88, 96
205.07, 96
206.78, 96
206.78, 96
207.68, 96
208.01, 96
208.01, 96
208.01, 96
208.01, 96
208.12, 96
208.14, 96
208.52, 96
208.52, 96
208.52, 96
208.52, 96
208.52, 96
208.59, 96
208.59, 96
208.59, 96
208.82, 96
208.83, 96
208.83, 96
209.12, 96
209.62, 96
209.62, 96
210.32, 96
210.32, 96
210.32, 96
210.32, 96
210.42, 96
210.42, 96
210.43, 96
210.51, 96
210.51, 96
210.51, 96
210.51, 96
210.51, 96
210.91, 96
210.91, 96
210.91, 96
211.05, 96
211.06, 96
211.64, 96
211.81, 96
211.81, 96
211.81, 96
211.81, 96
212.05, 96
212.05, 96
212.05, 96
212.05, 96
213.53, 96
213.73, 96
213.73, 96
213.77, 96
213.77, 96
214.11, 96
214.69, 96
214.69, 96
214.70, 96
214.70, 96
214.70, 96
214.81, 96
214.81, 96
214.86, 96
215.10, 96
215.10, 96
215.30, 96
215.30, 96
215.30, 96
215.66, 96
216.06, 96
216.06, 96
216.23, 96
216.29, 96
216.35, 96
216.35, 96
216.35, 96
216.42, 96
216.42, 96
216.74, 96
216.75, 96
217.45, 96
217.45, 96
217.52, 96
218.06, 96
218.52, 96
218.56, 96
218.99, 96
218.99, 96
219.03, 96
219.84, 96
220.33, 96
220.59, 96
220.91, 96
221.11, 96
221.11, 96
222.40, 96
223.28, 96
223.58, 96
223.64, 96
223.64, 96
223.64, 96
223.79, 96
223.79, 96
224.17, 96
224.83, 96
225.12, 96
225.12, 96
225.60, 96
226.71, 96
226.71, 96
227.27, 96
227.27, 96
227.27, 96
227.33, 96
227.37, 96
227.71, 96
228.36, 96
228.94, 96
229.45, 96
229.92, 96
229.92, 96
229.95, 96
229.95, 96
230.48, 96
230.51, 96
230.52, 96
230.55, 96
230.83, 96
230.84, 96
230.97, 96
232.73, 96
232.91, 96
233.12, 96
233.38, 96
234.48, 96
234.48, 96
234.48, 96
235.40, 96
235.40, 96
235.40, 96
235.40, 96
235.42, 96
236.11, 96
236.24, 96
236.26, 96
238.54, 96
238.54, 96
238.72, 96
238.72, 96
238.89, 96
238.92, 96
239.41, 96
239.99, 96
239.99, 96
239.99, 96
241.32, 96
241.36, 96
241.36, 96
242.35, 96
242.35, 96
242.39, 96
242.59, 96
242.60, 96
243.10, 96
243.10, 96
243.10, 96
243.21, 96
243.48, 96
243.48, 96
244.73, 96
244.73, 96
244.78, 96
245.17, 96
245.46, 96
245.46, 96
245.52, 96
245.52, 96
245.98, 96
245.98, 96
245.98, 96
245.98, 96
245.98, 96
245.99, 96
246.10, 96
246.37, 96
247.02, 96
247.35, 96
247.35, 96
247.75, 96
248.08, 96
248.10, 96
248.39, 96
248.39, 96
248.47, 96
248.75, 96
249.37, 96
249.64, 96
249.64, 96
249.64, 96
250.14, 96
250.51, 96
250.70, 96
251.00, 96
251.00, 96
251.00, 96
251.00, 96
251.23, 96
251.34, 96
251.41, 96
251.41, 96
251.41, 96
251.80, 96
251.80, 96
251.80, 96
251.80, 96
251.80, 96
252.06, 96
252.06, 96
252.90, 96
252.90, 96
253.19, 96
253.24, 96
253.24, 96
253.34, 96
253.34, 96
253.42, 96
253.59, 96
254.43, 96
254.62, 96
255.11, 96
255.32, 96
255.57, 96
256.94, 96
256.94, 96
256.94, 96
256.94, 96
257.82, 96
257.83, 96
258.23, 96
258.37, 96
258.55, 96
259.13, 96
259.13, 96
259.13, 96
259.62, 96
260.98, 96
261.93, 96
262.06, 96
262.41, 96
262.41, 96
262.42, 96
262.69, 96
263.36, 96
263.43, 96
263.79, 96
264.11, 96
266.07, 96
266.51, 96
266.51, 96
266.51, 96
266.51, 96
266.51, 96
266.51, 96
266.51, 96
266.61, 96
266.66, 96
266.66, 96
266.66, 96
266.96, 96
266.99, 96
268.26, 96
268.26, 96
268.31, 96
268.31, 96
268.41, 96
268.75, 96
270.24, 96
270.54, 96
270.54, 96
270.93, 96
271.12, 96
271.43, 96
271.44, 96
271.44, 96
271.63, 96
271.78, 96
271.81, 96
271.83, 96
272.29, 96
272.29, 96
272.77, 96
273.25, 96
273.25, 96
273.28, 96
273.35, 96
273.35, 96
273.35, 96
273.35, 96
274.09, 96
274.10, 96
274.59, 96
274.59, 96
274.70, 96
275.82, 96
275.88, 96
275.88, 96
275.97, 96
276.49, 96
276.49, 96
276.73, 96
276.73, 96
276.73, 96
276.73, 96
277.42, 96
277.42, 96
277.42, 96
277.42, 96
277.42, 96
277.45, 96
277.45, 96
277.45, 96
278.61, 96
278.61, 96
278.84, 96
278.86, 96
279.96, 96
279.97, 96
279.98, 96
280.27, 96
281.06, 96
281.47, 96
281.47, 96
281.47, 96
282.21, 96
282.95, 96
282.98, 96
282.99, 96
283.30, 96
284.08, 96
284.08, 96
284.18, 96
284.76, 96
285.36, 96
285.51, 96
285.82, 96
286.59, 96
286.74, 96
287.35, 96
287.36, 96
287.36, 96
288.05, 96
288.14, 96
288.67, 96
288.67, 96
291.37, 96
291.81, 96
291.81, 96
291.81, 96
293.45, 96
293.45, 96
293.89, 96
294.78, 96
294.78, 96
295.15, 96
295.21, 96
295.21, 96
297.13, 96
298.19, 96
298.73, 96
299.02, 96
299.59, 96
300.03, 96
300.27, 96
300.27, 96
300.27, 96
300.27, 96
300.65, 96
301.00, 96
302.18, 96
303.25, 96
303.25, 96
303.26, 96
303.53, 96
304.21, 96
306.48, 96
306.61, 96
306.62, 96
307.61, 96
307.62, 96
307.62, 96
307.62, 96
307.62, 96
307.81, 96
307.81, 96
308.05, 96
308.06, 96
308.29, 96
309.12, 96
309.47, 96
311.36, 96
311.47, 96
312.72, 96
312.73, 96
312.73, 96
312.73, 96
312.88, 96
312.88, 96
312.94, 96
312.94, 96
312.94, 96
313.15, 96
313.74, 96
314.57, 96
314.68, 96
315.00, 96
316.13, 96
316.78, 96
317.12, 96
317.12, 96
317.22, 96
317.70, 96
318.15, 96
318.85, 96
319.91, 96
319.95, 96
319.95, 96
320.79, 96
320.86, 96
320.86, 96
321.41, 96
321.41, 96
321.41, 96
321.41, 96
321.42, 96
321.42, 96
321.42, 96
323.18, 96
323.18, 96
323.22, 96
323.58, 96
323.93, 96
323.93, 96
324.19, 96
324.19, 96
324.19, 96
324.19, 96
324.42, 96
325.13, 96
325.72, 96
325.77, 96
325.77, 96
325.77, 96
325.79, 96
325.79, 96
325.79, 96
327.04, 96
327.35, 96
327.36, 96
328.63, 96
329.53, 96
330.32, 96
330.32, 96
330.32, 96
330.44, 96
330.44, 96
330.92, 96
331.77, 96
331.77, 96
331.77, 96
331.77, 96
331.77, 96
332.07, 96
332.27, 96
332.77, 96
332.84, 96
332.87, 96
333.26, 96
333.94, 96
333.94, 96
334.31, 96
334.45, 96
335.63, 96
335.63, 96
336.04, 96
336.66, 96
337.27, 96
337.28, 96
337.33, 96
337.33, 96
337.77, 96
338.38, 96
338.38, 96
338.38, 96
338.73, 96
338.83, 96
338.83, 96
338.83, 96
340.02, 96
340.02, 96
340.02, 96
340.22, 96
340.34, 96
340.34, 96
340.34, 96
340.34, 96
340.34, 96
340.35, 96
340.35, 96
340.35, 96
340.36, 96
340.36, 96
341.20, 96
341.27, 96
341.48, 96
341.48, 96
341.67, 96
341.75, 96
342.59, 96
343.39, 96
343.43, 96
343.43, 96
343.75, 96
343.75, 96
345.21, 96
345.29, 96
345.29, 96
345.54, 96
345.99, 96
346.59, 96
347.14, 96
347.93, 96
349.97, 96
350.40, 96
352.23, 96
352.88, 96
353.95, 96
354.60, 96
354.61, 96
354.82, 96
355.15, 96
355.24, 96
356.23, 96
356.24, 96
356.24, 96
356.30, 96
356.69, 96
356.69, 96
356.81, 96
357.02, 96
357.68, 96
358.49, 96
358.49, 96
359.25, 96
359.69, 96
360.02, 96
360.02, 96
360.02, 96
360.03, 96
360.09, 96
360.09, 96
360.10, 96
360.10, 96
360.10, 96
360.10, 96
360.10, 96
360.76, 96
360.84, 96
360.93, 96
361.43, 96
361.43, 96
361.95, 96
361.95, 96
361.95, 96
362.93, 96
363.83, 96
363.83, 96
363.94, 96
363.94, 96
363.95, 96
364.95, 96
365.26, 96
365.51, 96
365.52, 96
366.19, 96
366.19, 96
366.19, 96
366.20, 96
366.37, 96
366.90, 96
366.90, 96
366.91, 96
367.24, 96
367.24, 96
367.26, 96
367.26, 96
367.37, 96
367.37, 96
367.37, 96
368.24, 96
369.09, 96
369.09, 96
369.70, 96
370.20, 96
370.20, 96
370.20, 96
370.20, 96
371.05, 96
371.05, 96
371.30, 96
371.82, 96
371.82, 96
371.82, 96
372.47, 96
372.47, 96
373.31, 96
373.31, 96
373.31, 96
373.32, 96
374.76, 96
374.94, 96
374.94, 96
375.86, 96
377.21, 96
377.46, 96
377.46, 96
377.46, 96
377.89, 96
378.52, 96
378.64, 96
378.91, 96
379.03, 96
379.03, 96
379.11, 96
379.26, 96
379.26, 96
379.43, 96
379.43, 96
380.06, 96
380.06, 96
380.19, 96
380.19, 96
380.26, 96
380.48, 96
380.88, 96
380.97, 96
380.98, 96
380.98, 96
380.98, 96
381.05, 96
381.25, 96
381.25, 96
381.61, 96
381.89, 96
383.77, 96
383.77, 96
383.84, 96
384.09, 96
384.09, 96
384.32, 96
384.58, 96
384.90, 96
385.01, 96
385.04, 96
385.82, 96
386.10, 96
386.10, 96
386.18, 96
386.18, 96
386.93, 96
387.14, 96
387.14, 96
387.14, 96
387.15, 96
387.15, 96
387.15, 96
387.19, 96
387.25, 96
387.40, 96
388.07, 96
388.31, 96
388.31, 96
388.31, 96
388.31, 96
388.31, 96
388.31, 96
388.33, 96
391.31, 96
391.32, 96
391.32, 96
391.32, 96
391.32, 96
391.56, 96
391.56, 96
391.56, 96
391.59, 96
391.59, 96
391.97, 96
392.38, 96
392.38, 96
392.57, 96
392.57, 96
392.57, 96
392.69, 96
392.84, 96
392.84, 96
392.85, 96
393.49, 96
395.27, 96
395.33, 96
395.85, 96
395.85, 96
396.54, 96
397.81, 96
398.03, 96
398.17, 96
398.82, 96
398.88, 96
398.89, 96
399.01, 96
399.01, 96
399.84, 96
399.84, 96
399.84, 96
400.80, 96
400.80, 96
401.85, 96
401.85, 96
401.85, 96
401.85, 96
401.85, 96
402.09, 96
402.09, 96
402.42, 96
402.61, 96
402.61, 96
402.61, 96
404.89, 96
405.51, 96
405.51, 96
405.51, 96
405.51, 96
405.51, 96
405.80, 96
405.80, 96
405.84, 96
405.98, 96
406.16, 96
406.48, 96
406.48, 96
406.48, 96
406.87, 96
407.26, 96
408.53, 96
408.53, 96
409.50, 96
410.42, 96
410.68, 96
411.32, 96
411.32, 96
411.68, 96
412.98, 96
412.98, 96
412.98, 96
413.03, 96
413.03, 96
413.04, 96
413.04, 96
413.04, 96
413.04, 96
413.05, 96
413.05, 96
413.05, 96
413.05, 96
413.32, 96
413.33, 96
413.33, 96
413.69, 96
414.09, 96
414.31, 96
414.64, 96
414.89, 96
414.89, 96
414.94, 96
415.58, 96
417.15, 96
417.36, 96
418.06, 96
418.06, 96
418.06, 96
418.06, 96
418.79, 96
418.79, 96
418.79, 96
418.79, 96
419.71, 96
419.71, 96
419.72, 96
419.76, 96
419.76, 96
419.76, 96
419.77, 96
419.78, 96
419.78, 96
419.95, 96
420.07, 96
420.07, 96
420.07, 96
420.20, 96
420.32, 96
421.33, 96
421.90, 96
422.21, 96
422.89, 96
422.89, 96
423.07, 96
423.16, 96
423.16, 96
424.20, 96
424.26, 96
424.26, 96
425.02, 96
426.58, 96
427.30, 96
427.30, 96
427.38, 96
428.30, 96
428.30, 96
428.30, 96
428.91, 96
428.91, 96
429.08, 96
429.08, 96
429.20, 96
429.20, 96
429.71, 96
429.71, 96
429.71, 96
429.71, 96
429.72, 96
429.74, 96
429.74, 96
430.09, 96
430.09, 96
430.64, 96
431.83, 96
432.35, 96
432.95, 96
433.09, 96
433.09, 96
433.73, 96
433.86, 96
433.86, 96
433.86, 96
433.86, 96
433.96, 96
433.96, 96
434.06, 96
434.07, 96
434.69, 96
434.69, 96
434.69, 96
434.75, 96
434.75, 96
434.84, 96
434.84, 96
435.75, 96
436.12, 96
436.59, 96
436.81, 96
437.27, 96
437.27, 96
437.35, 96
437.36, 96
437.37, 96
437.37, 96
437.60, 96
438.22, 96
439.61, 96
439.81, 96
439.81, 96
439.81, 96
440.00, 96
441.37, 96
441.87, 96
441.93, 96
441.93, 96
441.93, 96
441.94, 96
442.11, 96
442.24, 96
442.24, 96
442.40, 96
442.50, 96
442.92, 96
443.04, 96
443.04, 96
443.05, 96
443.05, 96
443.05, 96
443.05, 96
443.16, 96
443.49, 96
443.49, 96
443.49, 96
444.35, 96
445.01, 96
445.07, 96
445.12, 96
445.88, 96
446.65, 96
446.68, 96
447.01, 96
447.04, 96
447.04, 96
447.20, 96
447.20, 96
447.89, 96
448.06, 96
448.33, 96
449.49, 96
449.53, 96
449.61, 96
449.61, 96
450.07, 96
450.53, 96
450.53, 96
451.06, 96
451.06, 96
451.06, 96
451.06, 96
451.06, 96
451.06, 96
451.06, 96
451.06, 96
451.06, 96
451.31, 96
451.43, 96
451.53, 96
451.53, 96
452.31, 96
453.34, 96
453.34, 96
453.35, 96
453.35, 96
453.52, 96
454.09, 96
454.29, 96
454.29, 96
454.52, 96
454.52, 96
454.95, 96
455.89, 96
456.27, 96
456.27, 96
456.61, 96
456.61, 96
457.11, 96
457.11, 96
457.11, 96
457.11, 96
457.25, 96
457.25, 96
457.25, 96
457.25, 96
457.30, 96
457.51, 96
457.51, 96
457.51, 96
457.51, 96
458.46, 96
458.61, 96
458.61, 96
459.20, 96
459.20, 96
459.32, 96
459.32, 96
459.32, 96
459.32, 96
459.32, 96
461.07, 96
461.07, 96
461.10, 96
461.51, 96
461.51, 96
461.99, 96
461.99, 96
462.34, 96
462.70, 96
463.81, 96
464.58, 96
464.58, 96
466.01, 96
466.01, 96
466.23, 96
466.23, 96
466.48, 96
466.71, 96
466.72, 96
467.17, 96
467.25, 96
467.25, 96
467.25, 96
467.25, 96
467.44, 96
467.64, 96
468.09, 96
468.09, 96
468.09, 96
468.09, 96
468.34, 96
468.52, 96
468.91, 96
468.91, 96
469.74, 96
470.15, 96
471.10, 96
471.26, 96
471.26, 96
471.92, 96
472.09, 96
472.09, 96
472.09, 96
472.35, 96
473.20, 96
473.20, 96
473.20, 96
473.20, 96
473.20, 96
474.27, 96
474.72, 96
474.98, 96
474.98, 96
475.00, 96
476.31, 96
476.31, 96
476.31, 96
476.34, 96
478.32, 96
478.33, 96
478.33, 96
478.49, 96
479.05, 96
479.05, 96
479.05, 96
479.13, 96
479.48, 96
479.48, 96
479.48, 96
479.59, 96
479.61, 96
479.74, 96
480.18, 96
480.40, 96
480.40, 96
480.80, 96
481.39, 96
481.63, 96
481.88, 96
481.93, 96
482.49, 96
482.63, 96
482.63, 96
482.64, 96
482.87, 96
483.92, 96
483.92, 96
484.55, 96
484.55, 96
484.55, 96
484.55, 96
484.55, 96
484.55, 96
485.32, 96
485.98, 96
485.98, 96
487.29, 96
487.29, 96
487.29, 96
487.48, 96
487.62, 96
488.00, 96
489.54, 96
489.55, 96
490.03, 96
490.12, 96
490.72, 96
490.72, 96
491.21, 96
492.61, 96
492.61, 96
492.65, 96
492.77, 96
492.77, 96
492.77, 96
492.77, 96
492.77, 96
492.87, 96
493.02, 96
493.27, 96
493.37, 96
494.05, 96
494.07, 96
494.58, 96
494.88, 96
494.97, 96
494.97, 96
495.13, 96
495.68, 96
495.92, 96
496.14, 96
496.33, 96
496.33, 96
497.21, 96
497.21, 96
497.21, 96
497.21, 96
497.41, 96
497.76, 96
497.76, 96
498.36, 96
498.37, 96
498.74, 96
498.74, 96
499.81, 96
499.81, 96
500.26, 96
501.09, 96
501.10, 96
501.83, 96
501.83, 96
502.18, 96
502.20, 96
502.20, 96
502.25, 96
502.36, 96
503.92, 96
503.92, 96
503.93, 96
504.34, 96
504.68, 96
504.88, 96
504.91, 96
504.95, 96
504.95, 96
505.28, 96
505.38, 96
505.57, 96
506.06, 96
506.24, 96
506.25, 96
506.60, 96
506.87, 96
506.87, 96
506.92, 96
508.34, 96
508.34, 96
508.34, 96
508.48, 96
508.48, 96
509.18, 96
509.42, 96
509.53, 96
509.54, 96
510.69, 96
510.79, 96
511.08, 96
512.80, 96
513.41, 96
513.62, 96
513.62, 96
513.63, 96
513.72, 96
513.72, 96
513.93, 96
513.93, 96
513.93, 96
513.93, 96
513.95, 96
513.95, 96
514.17, 96
514.17, 96
514.26, 96
514.82, 96
515.70, 96
515.74, 96
515.78, 96
515.78, 96
516.32, 96
516.68, 96
516.68, 96
517.08, 96
517.08, 96
517.11, 96
519.06, 96
519.06, 96
519.06, 96
519.86, 96
520.18, 96
520.65, 96
520.86, 96
521.08, 96
521.08, 96
521.24, 96
521.43, 96
521.64, 96
521.65, 96
522.10, 96
522.10, 96
522.10, 96
522.22, 96
522.22, 96
522.56, 96
522.71, 96
522.76, 96
522.76, 96
523.01, 96
523.06, 96
523.10, 96
523.10, 96
523.10, 96
523.10, 96
523.11, 96
523.11, 96
523.69, 96
524.18, 96
524.18, 96
524.25, 96
524.25, 96
524.25, 96
524.48, 96
525.01, 96
526.03, 96
528.10, 96
528.17, 96
528.66, 96
529.16, 96
529.25, 96
532.60, 96
532.60, 96
532.87, 96
533.92, 96
533.92, 96
534.00, 96
534.33, 96
534.47, 96
534.78, 96
534.79, 96
534.79, 96
534.79, 96
535.43, 96
535.86, 96
535.86, 96
535.86, 96
536.14, 96
536.14, 96
536.27, 96
536.27, 96
536.27, 96
536.53, 96
537.43, 96
537.64, 96
537.64, 96
538.02, 96
538.02, 96
538.68, 96
538.68, 96
538.88, 96
538.94, 96
538.94, 96
539.63, 96
539.73, 96
539.74, 96
540.07, 96
540.07, 96
540.07, 96
540.07, 96
540.21, 96
540.24, 96
540.57, 96
540.65, 96
540.65, 96
540.65, 96
540.65, 96
540.71, 96
540.72, 96
540.72, 96
540.73, 96
541.23, 96
541.46, 96
541.57, 96
541.57, 96
541.66, 96
542.28, 96
542.45, 96
542.46, 96
542.46, 96
542.88, 96
542.89, 96
543.12, 96
543.12, 96
543.21, 96
543.21, 96
543.23, 96
543.23, 96
543.28, 96
543.28, 96
543.28, 96
543.64, 96
543.82, 96
544.76, 96
545.10, 96
545.60, 96
545.61, 96
545.66, 96
545.66, 96
545.90, 96
545.91, 96
545.91, 96
545.94, 96
547.59, 96
547.86, 96
547.96, 96
548.01, 96
548.17, 96
549.31, 96
550.56, 96
551.72, 96
551.72, 96
552.32, 96
552.32, 96
552.32, 96
552.36, 96
552.36, 96
552.39, 96
552.44, 96
552.44, 96
553.03, 96
553.24, 96
553.24, 96
553.24, 96
553.69, 96
553.69, 96
554.60, 96
554.60, 96
554.61, 96
554.61, 96
554.69, 96
554.90, 96
554.91, 96
554.98, 96
555.49, 96
555.49, 96
555.49, 96
555.49, 96
555.64, 96
556.91, 96
556.97, 96
557.80, 96
558.22, 96
558.48, 96
558.75, 96
559.08, 96
559.08, 96
559.13, 96
559.13, 96
559.13, 96
560.18, 96
560.28, 96
560.71, 96
560.79, 96
560.80, 96
561.16, 96
561.16, 96
561.33, 96
561.62, 96
561.88, 96
561.88, 96
562.64, 96
562.64, 96
562.69, 96
562.77, 96
562.77, 96
563.00, 96
563.89, 96
563.94, 96
563.94, 96
563.94, 96
564.58, 96
565.92, 96
566.70, 96
567.29, 96
567.86, 96
567.86, 96
568.09, 96
568.14, 96
568.14, 96
568.76, 96
568.76, 96
569.18, 96
569.68, 96
569.90, 96
569.90, 96
571.60, 96
572.44, 96
572.57, 96
573.24, 96
573.42, 96
574.21, 96
574.21, 96
574.38, 96
574.38, 96
574.40, 96
574.40, 96
575.30, 96
575.30, 96
575.53, 96
575.98, 96
575.98, 96
575.98, 96
576.40, 96
576.41, 96
576.52, 96
577.42, 96
577.42, 96
577.62, 96
578.09, 96
579.65, 96
579.84, 96
579.84, 96
579.99, 96
580.10, 96
580.10, 96
580.17, 96
580.17, 96
580.17, 96
580.34, 96
580.97, 96
581.33, 96
581.34, 96
582.12, 96
582.12, 96
582.25, 96
582.71, 96
582.71, 96
582.71, 96
582.71, 96
583.10, 96
583.10, 96
583.29, 96
583.30, 96
585.48, 96
586.19, 96
586.19, 96
586.19, 96
586.19, 96
587.29, 96
587.29, 96
587.33, 96
587.33, 96
587.33, 96
587.35, 96
587.35, 96
587.35, 96
587.40, 96
587.76, 96
588.96, 96
589.13, 96
589.13, 96
589.13, 96
589.63, 96
589.94, 96
589.94, 96
589.95, 96
589.95, 96
590.80, 96
590.80, 96
593.04, 96
593.04, 96
593.48, 96
593.62, 96
593.62, 96
593.78, 96
593.78, 96
593.91, 96
593.92, 96
594.05, 96
594.05, 96
594.05, 96
594.05, 96
594.05, 96
594.87, 96
594.87, 96
595.22, 96
595.22, 96
595.22, 96
595.22, 96
595.23, 96
595.23, 96
595.55, 96
595.55, 96
596.61, 96
597.44, 96
597.44, 96
597.48, 96
598.13, 96
598.61, 96
598.78, 96
599.28, 96
599.41, 96
599.41, 96
599.97, 96
599.98, 96
