0.00, 102
0.00, 99
0.02, 99
0.03, 99
0.03, 99
0.03, 98
0.04, 98
0.05, 98
0.05, 98
0.06, 98
0.06, 97
0.09, 97
0.09, 97
0.11, 97
0.15, 97
0.15, 97
0.18, 97
0.19, 97
0.19, 97
0.37, 97
0.38, 97
0.45, 97
0.47, 97
0.47, 97
0.47, 97
0.55, 97
0.55, 97
0.55, 97
0.66, 97
0.67, 97
0.67, 97
0.74, 97
0.79, 97
0.79, 97
0.86, 97
0.86, 97
0.86, 97
0.87, 97
0.87, 97
0.87, 97
0.87, 97
0.87, 97
0.98, 97
0.99, 97
0.99, 97
0.99, 96
1.80, 96
2.80, 96
2.88, 96
2.94, 96
2.94, 96
3.98, 96
5.97, 96
6.19, 96
6.78, 96
6.85, 96
6.98, 96
6.98, 96
7.34, 96
8.10, 96
8.11, 96
8.11, 96
8.26, 96
8.26, 96
9.45, 96
9.77, 96
9.77, 96
10.00, 96
10.63, 96
11.73, 96
11.83, 96
13.16, 96
13.16, 96
13.44, 96
13.44, 96
13.87, 96
14.07, 96
14.07, 96
14.51, 96
14.51, 96
14.97, 96
14.97, 96
14.98, 96
15.39, 96
15.48, 96
15.50, 96
15.54, 96
15.56, 96
16.81, 96
16.82, 96
16.89, 96
16.89, 96
17.07, 96
17.07, 96
17.28, 96
17.28, 96
17.28, 96
17.51, 96
17.51, 96
18.08, 96
18.08, 96
18.08, 96
18.09, 96
18.09, 96
18.09, 96
18.09, 96
18.98, 96
18.99, 96
18.99, 96
19.65, 96
19.89, 96
19.89, 96
19.89, 96
20.42, 96
21.40, 96
22.09, 96
22.10, 96
22.81, 96
25.24, 96
25.24, 96
25.46, 96
25.52, 96
25.52, 96
25.52, 96
25.94, 96
26.05, 96
26.37, 96
26.81, 96
27.11, 96
27.11, 96
27.31, 96
27.39, 96
27.48, 96
27.54, 96
27.58, 96
27.58, 96
27.64, 96
29.20, 96
29.49, 96
29.49, 96
29.49, 96
30.43, 96
31.58, 96
31.63, 96
31.63, 96
31.63, 96
31.63, 96
31.85, 96
32.18, 96
32.44, 96
32.44, 96
32.44, 96
32.84, 96
32.84, 96
32.99, 96
34.71, 96
34.81, 96
35.34, 96
35.34, 96
35.46, 96
35.95, 96
35.96, 96
35.96, 96
36.17, 96
36.31, 96
36.36, 96
37.20, 96
37.20, 96
37.20, 96
37.21, 96
37.21, 96
37.26, 96
38.29, 96
38.92, 96
38.92, 96
39.18, 96
39.28, 96
40.55, 96
40.55, 96
40.55, 96
40.55, 96
40.55, 96
40.60, 96
40.95, 96
41.01, 96
41.64, 96
41.64, 96
41.73, 96
42.36, 96
42.52, 96
42.52, 96
42.62, 96
42.79, 96
44.34, 96
45.33, 96
45.33, 96
45.51, 96
45.53, 96
45.58, 96
45.58, 96
46.09, 96
46.14, 96
46.14, 96
46.23, 96
46.23, 96
46.23, 96
46.29, 96
46.29, 96
46.29, 96
46.51, 96
46.53, 96
46.54, 96
46.76, 96
46.76, 96
47.26, 96
47.39, 96
47.77, 96
48.50, 96
48.54, 96
49.74, 96
51.12, 96
51.12, 96
51.41, 96
51.57, 96
52.16, 96
53.04, 96
53.04, 96
53.04, 96
53.34, 96
53.35, 96
53.49, 96
53.50, 96
53.50, 96
53.99, 96
53.99, 96
54.71, 96
54.74, 96
54.77, 96
55.31, 96
55.31, 96
55.44, 96
55.44, 96
56.34, 96
56.72, 96
56.73, 96
56.73, 96
56.73, 96
56.76, 96
56.89, 96
56.92, 96
56.92, 96
57.15, 96
57.15, 96
57.15, 96
57.15, 96
57.15, 96
57.15, 96
57.61, 96
57.61, 96
57.61, 96
58.33, 96
58.33, 96
58.92, 96
58.92, 96
59.60, 96
59.71, 96
59.71, 96
59.86, 96
59.86, 96
59.86, 96
59.86, 96
60.29, 96
60.29, 96
60.58, 96
60.59, 96
60.87, 96
60.87, 96
61.88, 96
61.88, 96
61.88, 96
61.88, 96
61.89, 96
62.12, 96
62.12, 96
63.10, 96
63.10, 96
63.53, 96
63.79, 96
63.79, 96
64.65, 96
64.98, 96
64.98, 96
65.32, 96
65.67, 96
66.87, 96
67.21, 96
67.21, 96
67.68, 96
67.83, 96
68.19, 96
68.19, 96
68.46, 96
69.05, 96
69.05, 96
69.05, 96
69.33, 96
70.18, 96
72.17, 96
72.23, 96
72.23, 96
72.70, 96
72.70, 96
73.04, 96
73.17, 96
73.17, 96
73.55, 96
73.94, 96
73.94, 96
73.94, 96
73.94, 96
75.18, 96
75.32, 96
75.63, 96
76.72, 96
77.18, 96
77.62, 96
78.12, 96
78.13, 96
78.43, 96
79.11, 96
79.11, 96
79.35, 96
79.35, 96
80.33, 96
80.33, 96
80.79, 96
80.93, 96
80.97, 96
80.97, 96
80.97, 96
81.10, 96
81.42, 96
82.19, 96
82.19, 96
82.19, 96
82.31, 96
82.31, 96
82.31, 96
82.31, 96
82.31, 96
82.31, 96
82.42, 96
82.42, 96
84.09, 96
84.09, 96
84.09, 96
84.09, 96
84.94, 96
85.18, 96
85.32, 96
86.12, 96
86.13, 96
86.46, 96
86.60, 96
86.85, 96
86.92, 96
87.06, 96
87.06, 96
87.46, 96
87.78, 96
87.97, 96
88.07, 96
88.27, 96
88.27, 96
89.04, 96
89.04, 96
89.06, 96
90.69, 96
90.69, 96
90.72, 96
91.52, 96
91.52, 96
91.52, 96
91.87, 96
92.29, 96
93.04, 96
93.04, 96
93.61, 96
95.01, 96
95.93, 96
95.93, 96
96.22, 96
96.66, 96
96.66, 96
98.90, 96
98.91, 96
98.91, 96
99.33, 96
99.63, 96
99.63, 96
99.64, 96
99.65, 96
99.74, 96
99.85, 96
99.85, 96
99.85, 96
101.47, 96
101.47, 96
101.66, 96
101.66, 96
101.66, 96
102.17, 96
102.73, 96
102.73, 96
102.81, 96
102.85, 96
102.85, 96
102.85, 96
102.85, 96
103.37, 96
105.32, 96
105.32, 96
105.94, 96
105.94, 96
105.94, 96
105.99, 96
105.99, 96
105.99, 96
106.08, 96
106.09, 96
106.36, 96
106.75, 96
106.85, 96
107.55, 96
107.72, 96
107.72, 96
107.72, 96
107.72, 96
107.72, 96
108.29, 96
108.29, 96
108.29, 96
108.29, 96
108.29, 96
108.70, 96
108.70, 96
110.09, 96
110.09, 96
110.94, 96
110.95, 96
111.19, 96
111.51, 96
113.04, 96
113.86, 96
113.87, 96
113.87, 96
113.87, 96
113.87, 96
113.87, 96
115.32, 96
115.32, 96
115.32, 96
115.59, 96
115.60, 96
115.60, 96
115.60, 96
115.72, 96
115.94, 96
115.94, 96
115.94, 96
115.94, 96
115.94, 96
115.94, 96
116.54, 96
116.54, 96
118.27, 96
118.27, 96
118.27, 96
119.74, 96
119.97, 96
120.16, 96
120.54, 96
120.54, 96
120.54, 96
120.69, 96
120.69, 96
120.70, 96
120.70, 96
120.72, 96
120.72, 96
121.26, 96
121.53, 96
121.86, 96
121.90, 96
121.90, 96
122.47, 96
122.69, 96
123.31, 96
123.65, 96
124.01, 96
124.06, 96
124.06, 96
124.07, 96
124.07, 96
124.45, 96
124.83, 96
124.85, 96
124.85, 96
124.85, 96
124.85, 96
124.86, 96
125.13, 96
125.13, 96
125.16, 96
125.21, 96
125.21, 96
125.22, 96
125.57, 96
125.98, 96
125.98, 96
126.25, 96
126.99, 96
126.99, 96
127.75, 96
127.87, 96
127.87, 96
128.00, 96
128.14, 96
128.15, 96
128.15, 96
129.04, 96
129.27, 96
130.00, 96
130.00, 96
130.19, 96
130.94, 96
130.95, 96
131.02, 96
131.47, 96
131.63, 96
131.63, 96
131.97, 96
131.97, 96
132.64, 96
132.65, 96
133.16, 96
133.61, 96
133.61, 96
133.62, 96
133.62, 96
135.10, 96
135.10, 96
135.51, 96
135.99, 96
136.52, 96
136.56, 96
136.56, 96
136.64, 96
136.80, 96
137.53, 96
138.20, 96
138.59, 96
138.59, 96
138.86, 96
139.75, 96
140.72, 96
140.73, 96
141.67, 96
141.97, 96
142.15, 96
142.50, 96
143.06, 96
143.06, 96
143.51, 96
143.93, 96
143.94, 96
144.04, 96
145.16, 96
145.25, 96
145.26, 96
145.85, 96
146.18, 96
146.18, 96
146.18, 96
146.29, 96
146.30, 96
146.39, 96
146.43, 96
146.43, 96
146.43, 96
146.92, 96
146.93, 96
147.63, 96
147.63, 96
147.81, 96
147.81, 96
147.81, 96
147.81, 96
148.41, 96
148.42, 96
148.42, 96
148.46, 96
148.49, 96
149.14, 96
149.14, 96
149.14, 96
149.14, 96
149.14, 96
149.16, 96
149.27, 96
149.27, 96
149.28, 96
149.28, 96
149.42, 96
149.98, 96
150.87, 96
150.87, 96
151.53, 96
151.53, 96
151.94, 96
151.94, 96
151.94, 96
151.99, 96
151.99, 96
151.99, 96
152.16, 96
152.42, 96
152.51, 96
153.16, 96
153.16, 96
153.26, 96
153.71, 96
153.82, 96
154.01, 96
154.78, 96
155.27, 96
155.55, 96
156.42, 96
156.50, 96
156.50, 96
156.85, 96
156.85, 96
156.85, 96
156.95, 96
157.05, 96
157.06, 96
157.20, 96
157.34, 96
157.34, 96
157.35, 96
157.36, 96
158.38, 96
158.38, 96
158.38, 96
158.42, 96
158.42, 96
158.42, 96
158.42, 96
160.15, 96
160.21, 96
160.21, 96
160.50, 96
161.72, 96
161.85, 96
162.09, 96
163.47, 96
163.74, 96
163.85, 96
164.54, 96
164.60, 96
164.60, 96
164.72, 96
165.80, 96
165.81, 96
166.06, 96
166.19, 96
167.19, 96
167.54, 96
167.54, 96
167.84, 96
168.19, 96
168.81, 96
168.81, 96
168.81, 96
168.82, 96
169.24, 96
169.24, 96
169.24, 96
169.24, 96
169.79, 96
170.21, 96
170.23, 96
170.23, 96
171.30, 96
171.49, 96
171.68, 96
171.94, 96
171.95, 96
171.95, 96
172.46, 96
172.46, 96
172.47, 96
173.11, 96
173.30, 96
173.30, 96
173.68, 96
173.94, 96
175.51, 96
175.55, 96
175.55, 96
175.80, 96
176.09, 96
176.77, 96
177.50, 96
177.50, 96
177.50, 96
177.50, 96
177.54, 96
177.54, 96
177.90, 96
178.47, 96
178.74, 96
179.43, 96
179.43, 96
180.06, 96
180.10, 96
180.63, 96
181.11, 96
181.11, 96
181.36, 96
181.36, 96
181.36, 96
181.86, 96
181.86, 96
181.95, 96
182.24, 96
182.67, 96
182.67, 96
182.67, 96
182.68, 96
182.72, 96
183.05, 96
183.29, 96
183.30, 96
183.45, 96
183.95, 96
183.95, 96
183.95, 96
183.95, 96
183.95, 96
184.53, 96
184.53, 96
184.66, 96
184.79, 96
184.79, 96
185.30, 96
185.30, 96
185.42, 96
185.42, 96
185.43, 96
185.43, 96
185.43, 96
185.69, 96
186.02, 96
186.02, 96
186.03, 96
186.03, 96
186.08, 96
186.33, 96
186.53, 96
187.13, 96
187.33, 96
187.53, 96
187.53, 96
187.67, 96
187.67, 96
187.67, 96
187.83, 96
187.84, 96
187.84, 96
187.89, 96
187.90, 96
188.07, 96
188.64, 96
188.64, 96
188.64, 96
188.64, 96
188.85, 96
188.85, 96
191.41, 96
191.41, 96
191.59, 96
192.48, 96
192.48, 96
192.49, 96
192.70, 96
192.71, 96
192.79, 96
192.82, 96
193.02, 96
193.02, 96
193.02, 96
193.02, 96
193.13, 96
193.13, 96
193.35, 96
194.05, 96
194.05, 96
195.05, 96
195.05, 96
195.55, 96
196.32, 96
196.53, 96
196.72, 96
196.73, 96
197.10, 96
197.10, 96
197.10, 96
197.12, 96
197.13, 96
197.13, 96
197.79, 96
197.79, 96
198.14, 96
199.33, 96
199.41, 96
199.41, 96
199.41, 96
199.42, 96
200.60, 96
201.05, 96
201.55, 96
201.55, 96
201.63, 96
201.63, 96
201.63, 96
202.56, 96
204.56, 96
204.56, 96
204.56, 96
204.56, 96
204.88, 96
204.88, 96
205.50, 96
205.83, 96
206.01, 96
206.20, 96
207.84, 96
207.84, 96
208.72, 96
209.05, 96
209.06, 96
209.06, 96
209.06, 96
209.16, 96
209.19, 96
209.59, 96
209.59, 96
209.59, 96
209.59, 96
209.59, 96
209.66, 96
209.66, 96
209.66, 96
209.93, 96
209.95, 96
209.95, 96
210.22, 96
210.70, 96
210.70, 96
211.45, 96
211.45, 96
211.45, 96
211.45, 96
211.54, 96
211.54, 96
211.54, 96
211.63, 96
211.63, 96
211.63, 96
211.63, 96
211.63, 96
212.04, 96
212.04, 96
212.05, 96
212.18, 96
212.19, 96
212.76, 96
212.94, 96
212.94, 96
212.94, 96
212.94, 96
213.16, 96
213.16, 96
213.16, 96
213.16, 96
214.64, 96
214.88, 96
214.88, 96
214.91, 96
214.92, 96
215.28, 96
215.85, 96
215.85, 96
215.86, 96
215.86, 96
215.86, 96
215.97, 96
215.97, 96
216.01, 96
216.26, 96
216.26, 96
216.45, 96
216.45, 96
216.45, 96
216.79, 96
217.20, 96
217.20, 96
217.35, 96
217.40, 96
217.44, 96
217.44, 96
217.45, 96
217.52, 96
217.52, 96
217.85, 96
217.85, 96
218.57, 96
218.57, 96
218.63, 96
219.16, 96
219.66, 96
219.71, 96
220.23, 96
220.25, 96
220.30, 96
221.18, 96
221.69, 96
221.96, 96
222.28, 96
222.50, 96
222.50, 96
223.95, 96
224.84, 96
225.15, 96
225.21, 96
225.21, 96
225.21, 96
225.39, 96
225.40, 96
225.74, 96
226.38, 96
226.67, 96
226.67, 96
227.13, 96
228.18, 96
228.18, 96
228.73, 96
228.73, 96
228.73, 96
228.80, 96
228.85, 96
229.13, 96
229.83, 96
230.41, 96
231.02, 96
231.47, 96
231.47, 96
231.52, 96
231.52, 96
232.03, 96
232.06, 96
232.06, 96
232.09, 96
232.34, 96
232.34, 96
232.47, 96
234.23, 96
234.40, 96
234.61, 96
234.92, 96
235.98, 96
235.98, 96
235.98, 96
236.88, 96
236.88, 96
236.88, 96
236.88, 96
236.90, 96
237.58, 96
237.70, 96
237.72, 96
240.02, 96
240.02, 96
240.20, 96
240.20, 96
240.33, 96
240.36, 96
240.94, 96
241.54, 96
241.54, 96
241.54, 96
242.90, 96
242.94, 96
242.94, 96
243.93, 96
243.93, 96
243.98, 96
244.15, 96
244.17, 96
244.71, 96
244.71, 96
244.71, 96
244.84, 96
245.15, 96
245.15, 96
246.38, 96
246.38, 96
246.42, 96
246.82, 96
247.10, 96
247.10, 96
247.17, 96
247.17, 96
247.66, 96
247.66, 96
247.66, 96
247.66, 96
247.67, 96
247.67, 96
247.79, 96
248.06, 96
248.67, 96
248.99, 96
249.00, 96
249.36, 96
249.71, 96
249.74, 96
250.07, 96
250.07, 96
250.16, 96
250.43, 96
251.11, 96
251.36, 96
251.37, 96
251.37, 96
251.89, 96
252.22, 96
252.41, 96
252.71, 96
252.71, 96
252.72, 96
252.72, 96
252.93, 96
253.02, 96
253.11, 96
253.11, 96
253.12, 96
253.49, 96
253.49, 96
253.49, 96
253.49, 96
253.49, 96
253.75, 96
253.75, 96
254.60, 96
254.61, 96
254.96, 96
255.01, 96
255.01, 96
255.10, 96
255.10, 96
255.17, 96
255.33, 96
256.31, 96
256.51, 96
257.06, 96
257.29, 96
257.56, 96
258.97, 96
258.97, 96
258.97, 96
258.97, 96
259.94, 96
259.94, 96
260.37, 96
260.50, 96
260.69, 96
261.35, 96
261.35, 96
261.35, 96
261.84, 96
263.20, 96
264.17, 96
264.33, 96
264.59, 96
264.59, 96
264.59, 96
264.87, 96
265.61, 96
265.68, 96
266.05, 96
266.38, 96
268.12, 96
268.53, 96
268.53, 96
268.53, 96
268.53, 96
268.53, 96
268.53, 96
268.53, 96
268.62, 96
268.67, 96
268.67, 96
268.67, 96
268.97, 96
269.01, 96
270.30, 96
270.30, 96
270.35, 96
270.35, 96
270.45, 96
270.78, 96
272.35, 96
272.73, 96
272.73, 96
273.19, 96
273.48, 96
273.86, 96
273.87, 96
273.87, 96
274.13, 96
274.33, 96
274.37, 96
274.38, 96
274.98, 96
274.98, 96
275.63, 96
276.28, 96
276.28, 96
276.33, 96
276.42, 96
276.42, 96
276.42, 96
276.42, 96
277.42, 96
277.43, 96
278.07, 96
278.08, 96
278.23, 96
279.70, 96
279.80, 96
279.81, 96
279.92, 96
280.57, 96
280.58, 96
280.95, 96
280.96, 96
280.96, 96
280.96, 96
281.93, 96
281.93, 96
281.93, 96
281.93, 96
281.94, 96
282.00, 96
282.00, 96
282.01, 96
283.48, 96
283.48, 96
283.77, 96
283.77, 96
284.84, 96
284.84, 96
284.84, 96
285.09, 96
285.77, 96
286.07, 96
286.07, 96
286.07, 96
286.64, 96
287.21, 96
287.23, 96
287.23, 96
287.47, 96
288.03, 96
288.03, 96
288.11, 96
288.54, 96
288.96, 96
289.05, 96
289.27, 96
289.90, 96
290.02, 96
290.50, 96
290.51, 96
290.51, 96
291.01, 96
291.07, 96
291.48, 96
291.48, 96
294.03, 96
294.65, 96
294.68, 96
294.70, 96
296.99, 96
297.00, 96
297.58, 96
298.72, 96
298.72, 96
299.15, 96
299.22, 96
299.22, 96
301.81, 96
303.25, 96
304.10, 96
304.43, 96
304.99, 96
305.42, 96
305.66, 96
305.66, 96
305.67, 96
305.67, 96
306.04, 96
306.38, 96
307.42, 96
308.27, 96
308.27, 96
308.27, 96
308.45, 96
308.97, 96
310.71, 96
310.81, 96
310.81, 96
311.59, 96
311.59, 96
311.59, 96
311.59, 96
311.59, 96
311.73, 96
311.73, 96
311.90, 96
311.90, 96
312.09, 96
312.70, 96
312.95, 96
314.34, 96
314.39, 96
315.50, 96
315.50, 96
315.50, 96
315.50, 96
315.63, 96
315.63, 96
315.67, 96
315.67, 96
315.67, 96
315.84, 96
316.27, 96
317.09, 96
317.18, 96
317.45, 96
318.56, 96
319.25, 96
319.75, 96
319.75, 96
319.87, 96
320.43, 96
320.98, 96
321.64, 96
322.68, 96
322.71, 96
322.71, 96
323.50, 96
323.59, 96
323.60, 96
324.14, 96
324.14, 96
324.14, 96
324.14, 96
324.14, 96
324.15, 96
324.15, 96
325.98, 96
325.98, 96
326.01, 96
326.39, 96
326.74, 96
326.74, 96
327.00, 96
327.01, 96
327.01, 96
327.01, 96
327.24, 96
327.82, 96
328.41, 96
328.47, 96
328.47, 96
328.48, 96
328.49, 96
328.49, 96
328.49, 96
329.75, 96
330.10, 96
330.11, 96
331.38, 96
332.12, 96
332.84, 96
332.84, 96
332.84, 96
332.95, 96
332.95, 96
333.42, 96
334.25, 96
334.25, 96
334.25, 96
334.25, 96
334.25, 96
334.51, 96
334.72, 96
335.30, 96
335.38, 96
335.41, 96
335.79, 96
336.51, 96
336.51, 96
336.88, 96
337.01, 96
338.14, 96
338.14, 96
338.55, 96
339.14, 96
339.78, 96
339.78, 96
339.83, 96
339.84, 96
340.30, 96
340.93, 96
340.95, 96
340.95, 96
341.33, 96
341.41, 96
341.41, 96
341.42, 96
342.50, 96
342.50, 96
342.50, 96
342.67, 96
342.77, 96
342.77, 96
342.77, 96
342.77, 96
342.77, 96
342.77, 96
342.78, 96
342.78, 96
342.78, 96
342.79, 96
343.66, 96
343.72, 96
343.92, 96
343.92, 96
344.14, 96
344.19, 96
345.11, 96
345.95, 96
345.98, 96
345.98, 96
346.31, 96
346.31, 96
347.69, 96
347.75, 96
347.75, 96
347.99, 96
348.46, 96
349.07, 96
349.65, 96
350.46, 96
352.47, 96
352.91, 96
354.75, 96
355.44, 96
356.52, 96
357.17, 96
357.17, 96
357.35, 96
357.62, 96
357.73, 96
358.71, 96
358.71, 96
358.71, 96
358.77, 96
359.12, 96
359.12, 96
359.24, 96
359.46, 96
360.17, 96
360.96, 96
360.96, 96
361.70, 96
362.13, 96
362.38, 96
362.38, 96
362.38, 96
362.38, 96
362.44, 96
362.44, 96
362.44, 96
362.44, 96
362.44, 96
362.44, 96
362.45, 96
363.12, 96
363.22, 96
363.29, 96
363.84, 96
363.84, 96
364.33, 96
364.33, 96
364.33, 96
365.38, 96
366.27, 96
366.27, 96
366.39, 96
366.39, 96
366.40, 96
367.27, 96
367.54, 96
367.83, 96
367.83, 96
368.47, 96
368.47, 96
368.47, 96
368.48, 96
368.66, 96
369.18, 96
369.18, 96
369.18, 96
369.47, 96
369.47, 96
369.49, 96
369.49, 96
369.59, 96
369.59, 96
369.59, 96
370.48, 96
371.42, 96
371.42, 96
372.00, 96
372.41, 96
372.42, 96
372.42, 96
372.42, 96
373.23, 96
373.23, 96
373.47, 96
374.08, 96
374.09, 96
374.09, 96
374.80, 96
374.80, 96
375.72, 96
375.72, 96
375.72, 96
375.72, 96
376.99, 96
377.17, 96
377.17, 96
378.07, 96
379.33, 96
379.60, 96
379.60, 96
379.60, 96
380.05, 96
380.68, 96
380.83, 96
381.15, 96
381.30, 96
381.30, 96
381.37, 96
381.53, 96
381.53, 96
381.72, 96
381.72, 96
382.34, 96
382.34, 96
382.48, 96
382.48, 96
382.58, 96
382.82, 96
383.21, 96
383.33, 96
383.33, 96
383.33, 96
383.34, 96
383.40, 96
383.60, 96
383.60, 96
383.95, 96
384.24, 96
386.23, 96
386.23, 96
386.30, 96
386.55, 96
386.55, 96
386.81, 96
387.04, 96
387.36, 96
387.48, 96
387.52, 96
388.27, 96
388.56, 96
388.56, 96
388.64, 96
388.64, 96
389.36, 96
389.58, 96
389.59, 96
389.59, 96
389.59, 96
389.59, 96
389.59, 96
389.63, 96
389.70, 96
389.87, 96
390.49, 96
390.77, 96
390.77, 96
390.77, 96
390.77, 96
390.77, 96
390.77, 96
390.79, 96
393.74, 96
393.75, 96
393.75, 96
393.75, 96
393.75, 96
393.99, 96
393.99, 96
393.99, 96
394.03, 96
394.04, 96
394.42, 96
394.87, 96
394.87, 96
395.12, 96
395.12, 96
395.12, 96
395.23, 96
395.36, 96
395.36, 96
395.37, 96
396.00, 96
397.74, 96
397.80, 96
398.32, 96
398.32, 96
398.99, 96
400.28, 96
400.50, 96
400.62, 96
401.25, 96
401.31, 96
401.31, 96
401.41, 96
401.41, 96
402.19, 96
402.19, 96
402.19, 96
403.10, 96
403.10, 96
404.14, 96
404.14, 96
404.14, 96
404.14, 96
404.14, 96
404.38, 96
404.38, 96
404.73, 96
404.97, 96
404.97, 96
404.97, 96
407.31, 96
407.95, 96
407.95, 96
407.95, 96
407.95, 96
407.95, 96
408.25, 96
408.25, 96
408.30, 96
408.42, 96
408.61, 96
408.93, 96
408.93, 96
408.94, 96
409.31, 96
409.74, 96
411.07, 96
411.07, 96
412.02, 96
412.93, 96
413.20, 96
413.83, 96
413.84, 96
414.17, 96
415.50, 96
415.50, 96
415.50, 96
415.54, 96
415.54, 96
415.54, 96
415.54, 96
415.54, 96
415.54, 96
415.54, 96
415.55, 96
415.55, 96
415.55, 96
415.80, 96
415.80, 96
415.80, 96
416.15, 96
416.55, 96
416.76, 96
417.05, 96
417.34, 96
417.34, 96
417.40, 96
418.04, 96
419.71, 96
419.94, 96
420.62, 96
420.62, 96
420.62, 96
420.62, 96
421.36, 96
421.36, 96
421.36, 96
421.36, 96
422.28, 96
422.29, 96
422.29, 96
422.35, 96
422.35, 96
422.35, 96
422.35, 96
422.37, 96
422.37, 96
422.56, 96
422.65, 96
422.66, 96
422.66, 96
422.79, 96
422.92, 96
423.91, 96
424.54, 96
424.89, 96
425.60, 96
425.60, 96
425.76, 96
425.84, 96
425.84, 96
426.83, 96
426.90, 96
426.90, 96
427.65, 96
429.21, 96
429.99, 96
429.99, 96
430.09, 96
430.94, 96
430.94, 96
430.94, 96
431.56, 96
431.56, 96
431.72, 96
431.72, 96
431.84, 96
431.84, 96
432.37, 96
432.37, 96
432.37, 96
432.37, 96
432.37, 96
432.39, 96
432.39, 96
432.68, 96
432.68, 96
433.21, 96
434.36, 96
434.93, 96
435.54, 96
435.66, 96
435.66, 96
436.33, 96
436.47, 96
436.47, 96
436.47, 96
436.47, 96
436.58, 96
436.58, 96
436.67, 96
436.68, 96
437.32, 96
437.32, 96
437.32, 96
437.38, 96
437.38, 96
437.48, 96
437.48, 96
438.33, 96
438.72, 96
439.18, 96
439.39, 96
439.89, 96
439.89, 96
439.98, 96
439.98, 96
440.00, 96
440.00, 96
440.23, 96
440.85, 96
442.28, 96
442.47, 96
442.47, 96
442.47, 96
442.65, 96
443.97, 96
444.46, 96
444.52, 96
444.52, 96
444.52, 96
444.54, 96
444.72, 96
444.87, 96
444.87, 96
445.07, 96
445.19, 96
445.60, 96
445.70, 96
445.70, 96
445.70, 96
445.70, 96
445.70, 96
445.70, 96
445.81, 96
446.16, 96
446.17, 96
446.17, 96
446.95, 96
447.65, 96
447.70, 96
447.74, 96
448.47, 96
449.25, 96
449.28, 96
449.65, 96
449.68, 96
449.68, 96
449.88, 96
449.88, 96
450.55, 96
450.73, 96
451.03, 96
452.16, 96
452.19, 96
452.26, 96
452.26, 96
452.75, 96
453.22, 96
453.22, 96
453.69, 96
453.69, 96
453.69, 96
453.69, 96
453.69, 96
453.69, 96
453.70, 96
453.70, 96
453.70, 96
453.94, 96
454.04, 96
454.16, 96
454.16, 96
454.95, 96
455.94, 96
455.94, 96
455.95, 96
455.95, 96
456.12, 96
456.66, 96
456.84, 96
456.84, 96
457.05, 96
457.05, 96
457.43, 96
458.28, 96
458.60, 96
458.60, 96
458.92, 96
458.92, 96
459.38, 96
459.38, 96
459.38, 96
459.38, 96
459.54, 96
459.55, 96
459.55, 96
459.55, 96
459.60, 96
459.84, 96
459.84, 96
459.84, 96
459.84, 96
460.74, 96
460.86, 96
460.86, 96
461.44, 96
461.44, 96
461.55, 96
461.55, 96
461.55, 96
461.55, 96
461.55, 96
463.26, 96
463.26, 96
463.29, 96
463.72, 96
463.72, 96
464.13, 96
464.13, 96
464.47, 96
464.91, 96
465.99, 96
466.80, 96
466.80, 96
468.25, 96
468.25, 96
468.47, 96
468.47, 96
468.69, 96
468.92, 96
468.92, 96
469.35, 96
469.45, 96
469.45, 96
469.45, 96
469.45, 96
469.66, 96
469.85, 96
470.40, 96
470.40, 96
470.40, 96
470.40, 96
470.63, 96
470.82, 96
471.21, 96
471.21, 96
472.03, 96
472.44, 96
473.37, 96
473.52, 96
473.52, 96
474.16, 96
474.33, 96
474.33, 96
474.33, 96
474.59, 96
475.52, 96
475.52, 96
475.53, 96
475.53, 96
475.53, 96
476.64, 96
477.08, 96
477.36, 96
477.37, 96
477.40, 96
478.76, 96
478.76, 96
478.76, 96
478.81, 96
480.99, 96
480.99, 96
481.00, 96
481.16, 96
481.75, 96
481.75, 96
481.75, 96
481.82, 96
482.16, 96
482.16, 96
482.16, 96
482.28, 96
482.30, 96
482.42, 96
482.85, 96
483.10, 96
483.10, 96
483.51, 96
484.12, 96
484.33, 96
484.59, 96
484.63, 96
485.23, 96
485.38, 96
485.38, 96
485.38, 96
485.62, 96
486.68, 96
486.68, 96
487.31, 96
487.31, 96
487.31, 96
487.31, 96
487.31, 96
487.31, 96
488.11, 96
488.81, 96
488.81, 96
490.12, 96
490.12, 96
490.12, 96
490.30, 96
490.41, 96
490.79, 96
492.35, 96
492.37, 96
492.87, 96
492.97, 96
493.60, 96
493.60, 96
494.05, 96
495.42, 96
495.43, 96
495.47, 96
495.59, 96
495.59, 96
495.59, 96
495.60, 96
495.60, 96
495.71, 96
495.83, 96
496.08, 96
496.17, 96
496.84, 96
496.86, 96
497.38, 96
497.66, 96
497.74, 96
497.74, 96
497.88, 96
498.41, 96
498.65, 96
498.87, 96
499.05, 96
499.05, 96
499.94, 96
499.94, 96
499.95, 96
499.95, 96
500.12, 96
500.43, 96
500.43, 96
501.09, 96
501.09, 96
501.46, 96
501.46, 96
502.60, 96
502.60, 96
503.03, 96
503.82, 96
503.82, 96
504.55, 96
504.55, 96
504.88, 96
504.91, 96
504.92, 96
504.97, 96
505.07, 96
506.63, 96
506.63, 96
506.63, 96
507.04, 96
507.42, 96
507.61, 96
507.65, 96
507.69, 96
507.70, 96
508.03, 96
508.13, 96
508.36, 96
508.86, 96
509.04, 96
509.04, 96
509.38, 96
509.62, 96
509.62, 96
509.68, 96
511.12, 96
511.12, 96
511.12, 96
511.25, 96
511.26, 96
511.99, 96
512.24, 96
512.35, 96
512.36, 96
513.53, 96
513.62, 96
513.91, 96
515.68, 96
516.36, 96
516.59, 96
516.59, 96
516.59, 96
516.68, 96
516.68, 96
516.91, 96
516.91, 96
516.91, 96
516.91, 96
516.93, 96
516.93, 96
517.16, 96
517.17, 96
517.28, 96
517.80, 96
518.70, 96
518.74, 96
518.78, 96
518.78, 96
519.36, 96
519.71, 96
519.72, 96
520.12, 96
520.12, 96
520.14, 96
521.98, 96
521.98, 96
521.98, 96
522.77, 96
523.09, 96
523.57, 96
523.73, 96
524.02, 96
524.02, 96
524.16, 96
524.37, 96
524.58, 96
524.58, 96
525.10, 96
525.10, 96
525.10, 96
525.22, 96
525.22, 96
525.60, 96
525.78, 96
525.83, 96
525.83, 96
526.05, 96
526.12, 96
526.17, 96
526.17, 96
526.17, 96
526.17, 96
526.17, 96
526.18, 96
526.77, 96
527.30, 96
527.31, 96
527.38, 96
527.38, 96
527.39, 96
527.63, 96
528.15, 96
529.12, 96
531.29, 96
531.36, 96
531.88, 96
532.37, 96
532.45, 96
535.90, 96
535.91, 96
536.15, 96
537.23, 96
537.23, 96
537.31, 96
537.65, 96
537.79, 96
538.12, 96
538.12, 96
538.12, 96
538.13, 96
538.76, 96
539.21, 96
539.21, 96
539.21, 96
539.48, 96
539.48, 96
539.61, 96
539.61, 96
539.61, 96
539.88, 96
540.79, 96
541.00, 96
541.00, 96
541.35, 96
541.35, 96
542.00, 96
542.01, 96
542.21, 96
542.28, 96
542.28, 96
542.95, 96
543.06, 96
543.06, 96
543.40, 96
543.40, 96
543.40, 96
543.40, 96
543.55, 96
543.57, 96
543.90, 96
543.97, 96
543.98, 96
543.98, 96
543.98, 96
544.02, 96
544.03, 96
544.03, 96
544.03, 96
544.53, 96
544.78, 96
544.91, 96
544.91, 96
545.03, 96
545.65, 96
545.84, 96
545.84, 96
545.85, 96
546.25, 96
546.26, 96
546.48, 96
546.48, 96
546.58, 96
546.58, 96
546.60, 96
546.60, 96
546.64, 96
546.64, 96
546.64, 96
546.97, 96
547.16, 96
548.11, 96
548.44, 96
548.96, 96
548.96, 96
549.01, 96
549.01, 96
549.25, 96
549.25, 96
549.25, 96
549.29, 96
551.05, 96
551.29, 96
551.40, 96
551.46, 96
551.61, 96
552.72, 96
553.99, 96
555.21, 96
555.21, 96
555.84, 96
555.84, 96
555.84, 96
555.87, 96
555.87, 96
555.90, 96
555.96, 96
555.96, 96
556.53, 96
556.75, 96
556.75, 96
556.75, 96
557.18, 96
557.18, 96
558.08, 96
558.08, 96
558.08, 96
558.08, 96
558.15, 96
558.34, 96
558.34, 96
558.40, 96
558.97, 96
558.97, 96
558.97, 96
558.97, 96
559.13, 96
560.48, 96
560.55, 96
561.38, 96
561.81, 96
562.06, 96
562.34, 96
562.66, 96
562.66, 96
562.71, 96
562.71, 96
562.71, 96
563.74, 96
563.84, 96
564.31, 96
564.39, 96
564.40, 96
564.78, 96
564.78, 96
564.97, 96
565.34, 96
565.58, 96
565.59, 96
566.37, 96
566.37, 96
566.41, 96
566.49, 96
566.49, 96
566.70, 96
567.63, 96
567.67, 96
567.67, 96
567.67, 96
568.27, 96
569.56, 96
570.41, 96
571.06, 96
571.56, 96
571.56, 96
571.78, 96
571.83, 96
571.83, 96
572.41, 96
572.41, 96
572.81, 96
573.32, 96
573.54, 96
573.54, 96
575.31, 96
576.11, 96
576.24, 96
576.92, 96
577.11, 96
577.86, 96
577.86, 96
578.02, 96
578.02, 96
578.04, 96
578.05, 96
578.94, 96
578.94, 96
579.16, 96
579.62, 96
579.62, 96
579.62, 96
580.12, 96
580.13, 96
580.24, 96
581.22, 96
581.22, 96
581.39, 96
581.86, 96
583.49, 96
583.67, 96
583.67, 96
583.80, 96
583.90, 96
583.90, 96
583.97, 96
583.98, 96
583.98, 96
584.13, 96
584.80, 96
585.19, 96
585.19, 96
585.97, 96
585.98, 96
586.11, 96
586.57, 96
586.57, 96
586.57, 96
586.57, 96
586.97, 96
586.97, 96
587.16, 96
587.16, 96
589.30, 96
590.13, 96
590.13, 96
590.13, 96
590.13, 96
591.26, 96
591.26, 96
591.31, 96
591.31, 96
591.31, 96
591.32, 96
591.32, 96
591.32, 96
591.38, 96
591.71, 96
592.90, 96
593.04, 96
593.04, 96
593.04, 96
593.51, 96
593.82, 96
593.82, 96
593.82, 96
593.83, 96
594.95, 96
594.95, 96
597.56, 96
597.56, 96
597.98, 96
598.09, 96
598.09, 96
598.25, 96
598.26, 96
598.36, 96
598.37, 96
598.50, 96
598.50, 96
598.50, 96
598.50, 96
598.50, 96
599.31, 96
599.31, 96
599.66, 96
599.66, 96
599.66, 96
599.66, 96
599.67, 96
599.67, 96
