0.01, 102
0.01, 99
0.01, 99
0.01, 99
0.01, 99
0.01, 98
0.01, 98
0.01, 98
0.01, 98
0.03, 98
0.03, 97
0.05, 97
0.05, 97
0.07, 97
0.09, 97
0.09, 97
0.12, 97
0.13, 97
0.13, 97
0.29, 97
0.30, 97
0.34, 97
0.35, 97
0.36, 97
0.36, 97
0.42, 97
0.42, 97
0.42, 97
0.49, 97
0.49, 97
0.49, 97
0.54, 97
0.58, 97
0.58, 97
0.63, 97
0.64, 97
0.64, 97
0.64, 97
0.64, 97
0.65, 97
0.65, 97
0.65, 97
0.69, 97
0.70, 97
0.70, 97
0.70, 96
1.42, 96
2.45, 96
2.55, 96
2.62, 96
2.62, 96
3.67, 96
5.75, 96
5.99, 96
6.61, 96
6.66, 96
6.78, 96
6.79, 96
7.15, 96
7.89, 96
7.92, 96
7.92, 96
8.08, 96
8.08, 96
9.29, 96
9.58, 96
9.58, 96
9.80, 96
10.43, 96
11.49, 96
11.62, 96
13.02, 96
13.02, 96
13.29, 96
13.29, 96
13.83, 96
14.01, 96
14.01, 96
14.46, 96
14.46, 96
14.92, 96
14.93, 96
14.93, 96
15.78, 96
15.90, 96
15.93, 96
15.99, 96
16.04, 96
17.15, 96
17.15, 96
17.23, 96
17.23, 96
17.40, 96
17.40, 96
17.61, 96
17.61, 96
17.61, 96
17.87, 96
17.87, 96
18.47, 96
18.47, 96
18.47, 96
18.48, 96
18.48, 96
18.48, 96
18.48, 96
19.33, 96
19.34, 96
19.34, 96
19.92, 96
20.17, 96
20.18, 96
20.18, 96
20.73, 96
21.58, 96
22.15, 96
22.15, 96
22.76, 96
25.17, 96
25.17, 96
25.37, 96
25.46, 96
25.46, 96
25.47, 96
25.90, 96
26.03, 96
26.35, 96
26.84, 96
27.13, 96
27.13, 96
27.34, 96
27.46, 96
27.56, 96
27.62, 96
27.65, 96
27.66, 96
27.73, 96
29.38, 96
29.64, 96
29.64, 96
29.64, 96
30.63, 96
31.71, 96
31.75, 96
31.75, 96
31.75, 96
31.75, 96
31.97, 96
32.31, 96
32.55, 96
32.55, 96
32.55, 96
32.96, 96
32.96, 96
33.12, 96
34.90, 96
35.05, 96
35.67, 96
35.67, 96
35.80, 96
36.31, 96
36.31, 96
36.31, 96
36.53, 96
36.69, 96
36.74, 96
37.62, 96
37.62, 96
37.62, 96
37.62, 96
37.62, 96
37.67, 96
38.79, 96
39.50, 96
39.50, 96
39.77, 96
39.88, 96
41.17, 96
41.17, 96
41.17, 96
41.17, 96
41.17, 96
41.21, 96
41.51, 96
41.56, 96
42.19, 96
42.19, 96
42.28, 96
42.94, 96
43.13, 96
43.13, 96
43.26, 96
43.44, 96
45.08, 96
46.12, 96
46.12, 96
46.29, 96
46.30, 96
46.35, 96
46.35, 96
46.89, 96
46.96, 96
46.96, 96
47.06, 96
47.07, 96
47.07, 96
47.13, 96
47.13, 96
47.13, 96
47.38, 96
47.40, 96
47.40, 96
47.62, 96
47.62, 96
48.13, 96
48.28, 96
48.68, 96
49.42, 96
49.45, 96
50.67, 96
52.04, 96
52.04, 96
52.37, 96
52.55, 96
53.20, 96
54.10, 96
54.10, 96
54.10, 96
54.39, 96
54.39, 96
54.52, 96
54.52, 96
54.52, 96
55.13, 96
55.14, 96
55.85, 96
55.88, 96
55.91, 96
56.46, 96
56.47, 96
56.58, 96
56.58, 96
57.52, 96
57.86, 96
57.86, 96
57.86, 96
57.87, 96
57.91, 96
58.05, 96
58.09, 96
58.10, 96
58.36, 96
58.36, 96
58.36, 96
58.37, 96
58.37, 96
58.37, 96
58.83, 96
58.83, 96
58.83, 96
59.58, 96
59.58, 96
60.24, 96
60.24, 96
61.01, 96
61.13, 96
61.13, 96
61.27, 96
61.27, 96
61.27, 96
61.27, 96
61.76, 96
61.76, 96
62.05, 96
62.05, 96
62.34, 96
62.34, 96
63.29, 96
63.29, 96
63.29, 96
63.29, 96
63.30, 96
63.56, 96
63.56, 96
64.66, 96
64.66, 96
65.13, 96
65.48, 96
65.50, 96
66.27, 96
66.60, 96
66.60, 96
66.95, 96
67.29, 96
68.47, 96
68.82, 96
68.82, 96
69.31, 96
69.48, 96
69.89, 96
69.90, 96
70.28, 96
70.89, 96
70.89, 96
70.89, 96
71.19, 96
71.95, 96
73.92, 96
73.98, 96
73.98, 96
74.43, 96
74.43, 96
74.79, 96
75.00, 96
75.00, 96
75.41, 96
75.88, 96
75.88, 96
75.88, 96
75.88, 96
77.06, 96
77.19, 96
77.52, 96
78.61, 96
79.06, 96
79.51, 96
79.99, 96
79.99, 96
80.39, 96
81.06, 96
81.06, 96
81.32, 96
81.32, 96
82.21, 96
82.21, 96
82.71, 96
82.83, 96
82.86, 96
82.86, 96
82.86, 96
83.00, 96
83.31, 96
84.10, 96
84.10, 96
84.10, 96
84.21, 96
84.22, 96
84.22, 96
84.22, 96
84.22, 96
84.22, 96
84.33, 96
84.33, 96
86.21, 96
86.21, 96
86.22, 96
86.22, 96
86.99, 96
87.23, 96
87.35, 96
88.16, 96
88.16, 96
88.52, 96
88.65, 96
88.89, 96
88.98, 96
89.13, 96
89.13, 96
89.55, 96
89.86, 96
90.04, 96
90.17, 96
90.46, 96
90.46, 96
91.33, 96
91.33, 96
91.35, 96
92.94, 96
92.94, 96
92.96, 96
93.78, 96
93.78, 96
93.78, 96
94.16, 96
94.59, 96
95.44, 96
95.46, 96
96.04, 96
97.36, 96
98.29, 96
98.29, 96
98.60, 96
99.05, 96
99.05, 96
101.36, 96
101.38, 96
101.38, 96
101.84, 96
102.12, 96
102.12, 96
102.12, 96
102.13, 96
102.20, 96
102.30, 96
102.30, 96
102.30, 96
103.88, 96
103.88, 96
104.07, 96
104.07, 96
104.08, 96
104.63, 96
105.37, 96
105.38, 96
105.48, 96
105.53, 96
105.53, 96
105.53, 96
105.53, 96
106.14, 96
108.01, 96
108.01, 96
108.63, 96
108.63, 96
108.63, 96
108.69, 96
108.69, 96
108.69, 96
108.80, 96
108.80, 96
109.10, 96
109.52, 96
109.62, 96
110.39, 96
110.56, 96
110.56, 96
110.56, 96
110.56, 96
110.56, 96
111.16, 96
111.16, 96
111.17, 96
111.17, 96
111.17, 96
111.62, 96
111.62, 96
112.94, 96
112.94, 96
113.78, 96
113.78, 96
114.03, 96
114.32, 96
116.01, 96
116.84, 96
116.84, 96
116.84, 96
116.84, 96
116.84, 96
116.84, 96
118.19, 96
118.20, 96
118.20, 96
118.48, 96
118.48, 96
118.48, 96
118.48, 96
118.60, 96
118.85, 96
118.85, 96
118.85, 96
118.85, 96
118.85, 96
118.85, 96
119.45, 96
119.45, 96
121.24, 96
121.24, 96
121.24, 96
122.69, 96
122.92, 96
123.11, 96
123.53, 96
123.53, 96
123.53, 96
123.65, 96
123.66, 96
123.66, 96
123.66, 96
123.68, 96
123.68, 96
124.18, 96
124.48, 96
124.83, 96
124.86, 96
124.86, 96
125.58, 96
125.80, 96
126.44, 96
126.79, 96
127.16, 96
127.21, 96
127.21, 96
127.21, 96
127.21, 96
127.60, 96
127.92, 96
127.94, 96
127.94, 96
127.94, 96
127.94, 96
127.94, 96
128.18, 96
128.18, 96
128.20, 96
128.25, 96
128.25, 96
128.26, 96
128.64, 96
129.06, 96
129.06, 96
129.33, 96
130.14, 96
130.14, 96
131.01, 96
131.13, 96
131.13, 96
131.28, 96
131.43, 96
131.44, 96
131.44, 96
132.31, 96
132.56, 96
133.18, 96
133.18, 96
133.39, 96
134.14, 96
134.14, 96
134.22, 96
134.63, 96
134.82, 96
134.82, 96
135.29, 96
135.31, 96
135.97, 96
135.97, 96
136.55, 96
136.99, 96
136.99, 96
136.99, 96
136.99, 96
138.36, 96
138.36, 96
138.76, 96
139.27, 96
139.75, 96
139.79, 96
139.79, 96
139.88, 96
140.02, 96
140.88, 96
141.63, 96
142.05, 96
142.05, 96
142.32, 96
143.14, 96
144.06, 96
144.06, 96
145.03, 96
145.44, 96
145.66, 96
146.04, 96
146.63, 96
146.64, 96
147.10, 96
147.58, 96
147.59, 96
147.67, 96
148.73, 96
148.83, 96
148.83, 96
149.47, 96
149.86, 96
149.86, 96
149.86, 96
149.98, 96
149.99, 96
150.12, 96
150.17, 96
150.17, 96
150.18, 96
150.71, 96
150.71, 96
151.40, 96
151.40, 96
151.59, 96
151.59, 96
151.59, 96
151.59, 96
152.21, 96
152.23, 96
152.23, 96
152.29, 96
152.32, 96
152.98, 96
152.98, 96
152.98, 96
152.98, 96
152.98, 96
153.00, 96
153.14, 96
153.14, 96
153.14, 96
153.14, 96
153.31, 96
153.79, 96
154.72, 96
154.73, 96
155.45, 96
155.45, 96
155.89, 96
155.89, 96
155.89, 96
155.94, 96
155.94, 96
155.94, 96
156.11, 96
156.39, 96
156.48, 96
157.11, 96
157.12, 96
157.22, 96
157.69, 96
157.82, 96
158.00, 96
158.70, 96
159.13, 96
159.42, 96
160.37, 96
160.47, 96
160.48, 96
160.83, 96
160.83, 96
160.83, 96
160.92, 96
161.04, 96
161.04, 96
161.17, 96
161.34, 96
161.34, 96
161.34, 96
161.37, 96
162.50, 96
162.59, 96
162.59, 96
162.63, 96
162.64, 96
162.64, 96
162.64, 96
164.49, 96
164.55, 96
164.56, 96
164.89, 96
166.43, 96
166.61, 96
166.89, 96
168.43, 96
168.67, 96
168.81, 96
169.48, 96
169.53, 96
169.53, 96
169.62, 96
170.80, 96
170.80, 96
171.08, 96
171.23, 96
172.22, 96
172.60, 96
172.60, 96
172.89, 96
173.28, 96
173.94, 96
173.94, 96
173.94, 96
173.97, 96
174.38, 96
174.38, 96
174.38, 96
174.39, 96
174.88, 96
175.38, 96
175.41, 96
175.41, 96
176.48, 96
176.68, 96
176.88, 96
177.16, 96
177.17, 96
177.17, 96
177.68, 96
177.68, 96
177.68, 96
178.35, 96
178.59, 96
178.59, 96
179.03, 96
179.31, 96
180.97, 96
181.01, 96
181.01, 96
181.29, 96
181.57, 96
182.23, 96
182.99, 96
182.99, 96
182.99, 96
182.99, 96
183.04, 96
183.04, 96
183.44, 96
184.03, 96
184.30, 96
185.08, 96
185.08, 96
185.74, 96
185.79, 96
186.34, 96
186.77, 96
186.77, 96
187.05, 96
187.05, 96
187.05, 96
187.59, 96
187.59, 96
187.68, 96
187.96, 96
188.41, 96
188.42, 96
188.42, 96
188.42, 96
188.47, 96
188.83, 96
189.05, 96
189.06, 96
189.21, 96
189.76, 96
189.76, 96
189.76, 96
189.76, 96
189.76, 96
190.35, 96
190.35, 96
190.49, 96
190.63, 96
190.63, 96
191.15, 96
191.15, 96
191.28, 96
191.29, 96
191.29, 96
191.29, 96
191.29, 96
191.61, 96
191.99, 96
191.99, 96
191.99, 96
191.99, 96
192.04, 96
192.29, 96
192.54, 96
193.05, 96
193.24, 96
193.46, 96
193.47, 96
193.63, 96
193.63, 96
193.63, 96
193.80, 96
193.80, 96
193.80, 96
193.88, 96
193.89, 96
194.09, 96
194.66, 96
194.66, 96
194.66, 96
194.66, 96
194.85, 96
194.85, 96
197.39, 96
197.39, 96
197.60, 96
198.48, 96
198.48, 96
198.48, 96
198.69, 96
198.69, 96
198.77, 96
198.80, 96
199.02, 96
199.02, 96
199.02, 96
199.02, 96
199.14, 96
199.14, 96
199.35, 96
200.06, 96
200.06, 96
201.09, 96
201.09, 96
201.61, 96
202.46, 96
202.68, 96
202.87, 96
202.87, 96
203.22, 96
203.22, 96
203.22, 96
203.26, 96
203.26, 96
203.26, 96
203.97, 96
203.97, 96
204.34, 96
205.70, 96
205.77, 96
205.77, 96
205.78, 96
205.78, 96
206.88, 96
207.33, 96
207.80, 96
207.80, 96
207.89, 96
207.89, 96
207.89, 96
208.92, 96
211.03, 96
211.03, 96
211.05, 96
211.05, 96
211.39, 96
211.39, 96
211.98, 96
212.30, 96
212.50, 96
212.70, 96
214.39, 96
214.40, 96
215.37, 96
215.75, 96
215.75, 96
215.75, 96
215.75, 96
215.88, 96
215.90, 96
216.26, 96
216.26, 96
216.27, 96
216.27, 96
216.27, 96
216.33, 96
216.33, 96
216.33, 96
216.56, 96
216.56, 96
216.56, 96
216.85, 96
217.36, 96
217.37, 96
218.06, 96
218.07, 96
218.07, 96
218.07, 96
218.16, 96
218.16, 96
218.16, 96
218.27, 96
218.27, 96
218.27, 96
218.27, 96
218.27, 96
218.67, 96
218.67, 96
218.67, 96
218.82, 96
218.82, 96
219.45, 96
219.64, 96
219.64, 96
219.64, 96
219.64, 96
219.87, 96
219.88, 96
219.88, 96
219.88, 96
221.46, 96
221.68, 96
221.69, 96
221.72, 96
221.72, 96
222.10, 96
222.67, 96
222.68, 96
222.68, 96
222.68, 96
222.68, 96
222.79, 96
222.79, 96
222.85, 96
223.10, 96
223.10, 96
223.30, 96
223.30, 96
223.30, 96
223.68, 96
224.13, 96
224.13, 96
224.27, 96
224.33, 96
224.38, 96
224.38, 96
224.38, 96
224.47, 96
224.47, 96
224.78, 96
224.78, 96
225.64, 96
225.64, 96
225.73, 96
226.25, 96
226.74, 96
226.77, 96
227.22, 96
227.22, 96
227.27, 96
228.11, 96
228.64, 96
228.91, 96
229.24, 96
229.43, 96
229.43, 96
230.93, 96
231.83, 96
232.15, 96
232.21, 96
232.21, 96
232.21, 96
232.38, 96
232.38, 96
232.75, 96
233.43, 96
233.74, 96
233.75, 96
234.22, 96
235.37, 96
235.37, 96
236.02, 96
236.03, 96
236.03, 96
236.09, 96
236.13, 96
236.41, 96
237.07, 96
237.67, 96
238.24, 96
238.69, 96
238.69, 96
238.74, 96
238.74, 96
239.28, 96
239.31, 96
239.32, 96
239.35, 96
239.71, 96
239.71, 96
239.94, 96
241.97, 96
242.18, 96
242.42, 96
242.70, 96
243.88, 96
243.88, 96
243.88, 96
244.88, 96
244.88, 96
244.88, 96
244.89, 96
244.91, 96
245.78, 96
245.92, 96
245.94, 96
248.22, 96
248.23, 96
248.42, 96
248.42, 96
248.58, 96
248.62, 96
249.11, 96
249.69, 96
249.69, 96
249.69, 96
251.15, 96
251.20, 96
251.20, 96
252.21, 96
252.23, 96
252.28, 96
252.48, 96
252.49, 96
252.98, 96
252.98, 96
252.98, 96
253.09, 96
253.43, 96
253.43, 96
254.82, 96
254.84, 96
254.90, 96
255.55, 96
255.91, 96
255.93, 96
256.03, 96
256.03, 96
256.59, 96
256.59, 96
256.59, 96
256.59, 96
256.59, 96
256.60, 96
256.77, 96
257.12, 96
258.03, 96
258.49, 96
258.50, 96
258.99, 96
259.43, 96
259.46, 96
259.88, 96
259.89, 96
260.01, 96
260.41, 96
261.27, 96
261.70, 96
261.70, 96
261.71, 96
262.44, 96
262.90, 96
263.15, 96
263.57, 96
263.57, 96
263.57, 96
263.57, 96
263.90, 96
264.04, 96
264.17, 96
264.19, 96
264.20, 96
264.71, 96
264.71, 96
264.71, 96
264.72, 96
264.72, 96
265.08, 96
265.08, 96
266.29, 96
266.29, 96
266.71, 96
266.77, 96
266.77, 96
266.90, 96
266.91, 96
267.02, 96
267.29, 96
268.50, 96
268.76, 96
269.43, 96
269.70, 96
270.01, 96
271.53, 96
271.53, 96
271.53, 96
271.53, 96
272.37, 96
272.37, 96
272.74, 96
272.89, 96
273.07, 96
273.72, 96
273.72, 96
273.72, 96
274.20, 96
275.68, 96
276.70, 96
276.84, 96
277.10, 96
277.10, 96
277.10, 96
277.41, 96
278.46, 96
278.57, 96
279.09, 96
279.54, 96
282.03, 96
282.65, 96
282.65, 96
282.65, 96
282.65, 96
282.65, 96
282.65, 96
282.65, 96
282.77, 96
282.84, 96
282.84, 96
282.85, 96
283.24, 96
283.31, 96
285.08, 96
285.08, 96
285.16, 96
285.18, 96
285.36, 96
285.83, 96
287.97, 96
288.38, 96
288.38, 96
288.86, 96
289.18, 96
289.59, 96
289.60, 96
289.60, 96
289.90, 96
290.10, 96
290.14, 96
290.16, 96
290.76, 96
290.76, 96
291.40, 96
292.00, 96
292.00, 96
292.05, 96
292.12, 96
292.12, 96
292.12, 96
292.12, 96
293.15, 96
293.15, 96
293.79, 96
293.80, 96
293.92, 96
295.19, 96
295.27, 96
295.27, 96
295.37, 96
295.96, 96
295.96, 96
296.21, 96
296.21, 96
296.21, 96
296.21, 96
296.95, 96
296.95, 96
296.95, 96
296.95, 96
296.95, 96
296.99, 96
296.99, 96
296.99, 96
298.10, 96
298.10, 96
298.33, 96
298.33, 96
299.20, 96
299.20, 96
299.20, 96
299.42, 96
300.02, 96
300.37, 96
300.37, 96
300.38, 96
301.02, 96
301.61, 96
301.63, 96
301.63, 96
301.87, 96
302.49, 96
302.49, 96
302.57, 96
303.07, 96
303.64, 96
303.79, 96
304.11, 96
304.84, 96
305.01, 96
305.74, 96
305.75, 96
305.75, 96
306.35, 96
306.44, 96
306.87, 96
306.87, 96
309.59, 96
310.05, 96
310.05, 96
310.05, 96
312.05, 96
312.05, 96
312.55, 96
313.54, 96
313.54, 96
313.95, 96
314.01, 96
314.01, 96
316.39, 96
317.48, 96
318.17, 96
318.45, 96
319.02, 96
319.47, 96
319.70, 96
319.72, 96
319.72, 96
319.72, 96
320.05, 96
320.43, 96
321.62, 96
322.48, 96
322.48, 96
322.48, 96
322.70, 96
323.25, 96
325.11, 96
325.23, 96
325.23, 96
326.06, 96
326.06, 96
326.06, 96
326.07, 96
326.07, 96
326.21, 96
326.21, 96
326.40, 96
326.40, 96
326.58, 96
327.44, 96
327.73, 96
329.23, 96
329.31, 96
330.41, 96
330.41, 96
330.41, 96
330.41, 96
330.59, 96
330.60, 96
330.67, 96
330.68, 96
330.68, 96
330.97, 96
331.58, 96
332.66, 96
332.77, 96
333.06, 96
334.28, 96
335.05, 96
335.49, 96
335.49, 96
335.63, 96
336.16, 96
336.65, 96
337.33, 96
338.40, 96
338.43, 96
338.43, 96
339.39, 96
339.47, 96
339.48, 96
340.10, 96
340.10, 96
340.10, 96
340.10, 96
340.10, 96
340.10, 96
340.10, 96
342.32, 96
342.32, 96
342.35, 96
342.73, 96
343.08, 96
343.08, 96
343.35, 96
343.36, 96
343.36, 96
343.36, 96
343.60, 96
344.21, 96
345.05, 96
345.15, 96
345.15, 96
345.15, 96
345.17, 96
345.18, 96
345.19, 96
347.00, 96
347.42, 96
347.43, 96
349.06, 96
350.24, 96
351.31, 96
351.31, 96
351.31, 96
351.48, 96
351.48, 96
352.21, 96
353.57, 96
353.57, 96
353.57, 96
353.57, 96
353.57, 96
354.00, 96
354.33, 96
355.14, 96
355.33, 96
355.41, 96
355.98, 96
357.05, 96
357.05, 96
357.62, 96
357.81, 96
359.47, 96
359.48, 96
360.16, 96
361.04, 96
362.20, 96
362.26, 96
362.35, 96
362.35, 96
362.91, 96
363.87, 96
363.88, 96
363.88, 96
364.44, 96
364.60, 96
364.60, 96
364.60, 96
366.19, 96
366.19, 96
366.19, 96
366.50, 96
366.65, 96
366.65, 96
366.65, 96
366.65, 96
366.65, 96
366.66, 96
366.66, 96
366.66, 96
366.67, 96
366.67, 96
368.05, 96
368.14, 96
368.41, 96
368.41, 96
368.66, 96
368.74, 96
369.69, 96
371.00, 96
371.06, 96
371.16, 96
371.59, 96
371.59, 96
373.43, 96
373.55, 96
373.56, 96
373.91, 96
374.59, 96
375.32, 96
376.11, 96
377.16, 96
379.72, 96
380.42, 96
382.88, 96
383.86, 96
385.09, 96
385.88, 96
385.88, 96
386.09, 96
386.37, 96
386.48, 96
387.49, 96
387.50, 96
387.50, 96
387.55, 96
387.92, 96
387.92, 96
388.05, 96
388.26, 96
388.96, 96
389.78, 96
389.78, 96
390.60, 96
391.13, 96
391.41, 96
391.41, 96
391.41, 96
391.41, 96
391.46, 96
391.47, 96
391.47, 96
391.47, 96
391.48, 96
391.48, 96
391.48, 96
392.16, 96
392.25, 96
392.33, 96
392.84, 96
392.85, 96
393.33, 96
393.33, 96
393.34, 96
394.41, 96
395.38, 96
395.38, 96
395.52, 96
395.52, 96
395.53, 96
396.51, 96
396.76, 96
397.02, 96
397.02, 96
397.72, 96
397.72, 96
397.72, 96
397.72, 96
397.89, 96
398.48, 96
398.48, 96
398.48, 96
398.81, 96
398.81, 96
398.82, 96
398.82, 96
398.91, 96
398.91, 96
398.91, 96
399.73, 96
400.64, 96
400.64, 96
401.27, 96
401.71, 96
401.72, 96
401.72, 96
401.72, 96
402.56, 96
402.56, 96
402.78, 96
403.28, 96
403.28, 96
403.28, 96
403.91, 96
403.91, 96
404.76, 96
404.76, 96
404.76, 96
404.76, 96
406.21, 96
406.40, 96
406.40, 96
407.30, 96
408.58, 96
408.84, 96
408.84, 96
408.84, 96
409.23, 96
409.87, 96
410.06, 96
410.45, 96
410.60, 96
410.60, 96
410.70, 96
410.90, 96
410.90, 96
411.06, 96
411.06, 96
411.71, 96
411.71, 96
411.84, 96
411.84, 96
411.94, 96
412.16, 96
412.52, 96
412.63, 96
412.63, 96
412.63, 96
412.63, 96
412.69, 96
412.90, 96
412.90, 96
413.24, 96
413.54, 96
415.47, 96
415.47, 96
415.55, 96
415.86, 96
415.86, 96
416.10, 96
416.35, 96
416.65, 96
416.76, 96
416.80, 96
417.57, 96
417.85, 96
417.85, 96
417.93, 96
417.93, 96
418.62, 96
418.84, 96
418.84, 96
418.84, 96
418.84, 96
418.84, 96
418.85, 96
418.87, 96
418.95, 96
419.09, 96
419.70, 96
419.95, 96
419.96, 96
419.96, 96
419.96, 96
419.96, 96
419.96, 96
419.98, 96
423.06, 96
423.06, 96
423.06, 96
423.06, 96
423.06, 96
423.30, 96
423.30, 96
423.30, 96
423.34, 96
423.34, 96
423.71, 96
424.12, 96
424.12, 96
424.31, 96
424.31, 96
424.31, 96
424.45, 96
424.60, 96
424.60, 96
424.60, 96
425.24, 96
427.10, 96
427.17, 96
427.69, 96
427.69, 96
428.37, 96
429.63, 96
429.85, 96
429.98, 96
430.70, 96
430.76, 96
430.76, 96
430.89, 96
430.89, 96
431.68, 96
431.68, 96
431.68, 96
432.62, 96
432.62, 96
433.67, 96
433.67, 96
433.68, 96
433.68, 96
433.68, 96
433.93, 96
433.93, 96
434.23, 96
434.46, 96
434.46, 96
434.46, 96
436.95, 96
437.60, 96
437.60, 96
437.60, 96
437.60, 96
437.60, 96
437.89, 96
437.89, 96
437.93, 96
438.05, 96
438.23, 96
438.56, 96
438.56, 96
438.56, 96
438.95, 96
439.35, 96
440.66, 96
440.66, 96
441.71, 96
442.60, 96
442.86, 96
443.51, 96
443.51, 96
443.87, 96
445.17, 96
445.18, 96
445.18, 96
445.23, 96
445.23, 96
445.23, 96
445.23, 96
445.23, 96
445.23, 96
445.23, 96
445.23, 96
445.23, 96
445.23, 96
445.54, 96
445.54, 96
445.54, 96
445.96, 96
446.34, 96
446.56, 96
446.88, 96
447.16, 96
447.16, 96
447.22, 96
447.88, 96
449.48, 96
449.66, 96
450.36, 96
450.36, 96
450.36, 96
450.36, 96
451.18, 96
451.18, 96
451.18, 96
451.18, 96
452.16, 96
452.16, 96
452.16, 96
452.20, 96
452.20, 96
452.20, 96
452.21, 96
452.22, 96
452.23, 96
452.42, 96
452.54, 96
452.54, 96
452.54, 96
452.67, 96
452.81, 96
453.80, 96
454.41, 96
454.71, 96
455.43, 96
455.43, 96
455.63, 96
455.74, 96
455.74, 96
456.78, 96
456.85, 96
456.85, 96
457.60, 96
459.19, 96
459.94, 96
459.94, 96
460.01, 96
460.94, 96
460.94, 96
460.94, 96
461.58, 96
461.58, 96
461.74, 96
461.74, 96
461.87, 96
461.87, 96
462.43, 96
462.43, 96
462.43, 96
462.43, 96
462.43, 96
462.45, 96
462.45, 96
462.76, 96
462.76, 96
463.31, 96
464.45, 96
465.00, 96
465.65, 96
465.80, 96
465.80, 96
466.46, 96
466.59, 96
466.59, 96
466.59, 96
466.59, 96
466.71, 96
466.71, 96
466.81, 96
466.83, 96
467.49, 96
467.49, 96
467.49, 96
467.55, 96
467.55, 96
467.63, 96
467.63, 96
468.51, 96
468.89, 96
469.34, 96
469.56, 96
470.00, 96
470.00, 96
470.09, 96
470.09, 96
470.10, 96
470.10, 96
470.30, 96
471.02, 96
472.45, 96
472.67, 96
472.67, 96
472.67, 96
472.83, 96
474.22, 96
474.69, 96
474.73, 96
474.74, 96
474.75, 96
474.76, 96
474.93, 96
475.08, 96
475.09, 96
475.26, 96
475.38, 96
475.87, 96
476.01, 96
476.01, 96
476.01, 96
476.01, 96
476.01, 96
476.01, 96
476.12, 96
476.46, 96
476.46, 96
476.46, 96
477.25, 96
477.92, 96
477.97, 96
478.02, 96
478.78, 96
479.57, 96
479.60, 96
479.94, 96
479.96, 96
479.96, 96
480.13, 96
480.13, 96
480.87, 96
481.07, 96
481.33, 96
482.47, 96
482.51, 96
482.57, 96
482.57, 96
483.04, 96
483.53, 96
483.53, 96
484.03, 96
484.03, 96
484.03, 96
484.04, 96
484.04, 96
484.04, 96
484.04, 96
484.04, 96
484.04, 96
484.28, 96
484.39, 96
484.49, 96
484.49, 96
485.25, 96
486.34, 96
486.34, 96
486.35, 96
486.35, 96
486.50, 96
487.04, 96
487.24, 96
487.24, 96
487.46, 96
487.46, 96
487.86, 96
488.74, 96
489.07, 96
489.07, 96
489.39, 96
489.39, 96
489.87, 96
489.87, 96
489.88, 96
489.88, 96
490.03, 96
490.03, 96
490.04, 96
490.04, 96
490.10, 96
490.32, 96
490.32, 96
490.32, 96
490.33, 96
491.31, 96
491.45, 96
491.46, 96
492.04, 96
492.04, 96
492.16, 96
492.17, 96
492.17, 96
492.17, 96
492.17, 96
493.85, 96
493.85, 96
493.89, 96
494.31, 96
494.31, 96
494.74, 96
494.74, 96
495.11, 96
495.54, 96
496.68, 96
497.48, 96
497.48, 96
498.97, 96
498.97, 96
499.17, 96
499.17, 96
499.44, 96
499.68, 96
499.68, 96
500.12, 96
500.20, 96
500.20, 96
500.20, 96
500.20, 96
500.43, 96
500.61, 96
501.12, 96
501.12, 96
501.12, 96
501.12, 96
501.36, 96
501.55, 96
501.91, 96
501.91, 96
502.73, 96
503.15, 96
504.09, 96
504.25, 96
504.26, 96
504.93, 96
505.13, 96
505.13, 96
505.13, 96
505.39, 96
506.32, 96
506.32, 96
506.32, 96
506.32, 96
506.32, 96
507.41, 96
507.86, 96
508.10, 96
508.10, 96
508.12, 96
509.40, 96
509.40, 96
509.41, 96
509.45, 96
511.65, 96
511.65, 96
511.65, 96
511.80, 96
512.35, 96
512.35, 96
512.35, 96
512.43, 96
512.81, 96
512.82, 96
512.82, 96
512.90, 96
512.93, 96
513.06, 96
513.49, 96
513.74, 96
513.74, 96
514.15, 96
514.78, 96
515.06, 96
515.31, 96
515.37, 96
516.07, 96
516.19, 96
516.20, 96
516.20, 96
516.40, 96
517.48, 96
517.48, 96
518.13, 96
518.13, 96
518.13, 96
518.13, 96
518.13, 96
518.13, 96
518.90, 96
519.59, 96
519.59, 96
521.03, 96
521.03, 96
521.03, 96
521.21, 96
521.31, 96
521.70, 96
523.23, 96
523.24, 96
523.77, 96
523.85, 96
524.48, 96
524.48, 96
525.00, 96
526.49, 96
526.49, 96
526.54, 96
526.66, 96
526.66, 96
526.66, 96
526.66, 96
526.67, 96
526.77, 96
526.91, 96
527.16, 96
527.26, 96
527.96, 96
527.98, 96
528.57, 96
528.85, 96
528.91, 96
528.91, 96
529.07, 96
529.61, 96
529.84, 96
530.04, 96
530.23, 96
530.23, 96
531.20, 96
531.20, 96
531.21, 96
531.21, 96
531.41, 96
531.74, 96
531.74, 96
532.34, 96
532.35, 96
532.70, 96
532.70, 96
533.86, 96
533.86, 96
534.30, 96
535.15, 96
535.15, 96
535.96, 96
535.96, 96
536.32, 96
536.34, 96
536.34, 96
536.40, 96
536.52, 96
538.07, 96
538.07, 96
538.08, 96
538.47, 96
538.86, 96
539.05, 96
539.10, 96
539.12, 96
539.13, 96
539.46, 96
539.57, 96
539.77, 96
540.23, 96
540.43, 96
540.43, 96
540.86, 96
541.15, 96
541.15, 96
541.20, 96
542.57, 96
542.57, 96
542.57, 96
542.71, 96
542.71, 96
543.44, 96
543.69, 96
543.80, 96
543.81, 96
545.01, 96
545.10, 96
545.41, 96
547.27, 96
547.88, 96
548.11, 96
548.11, 96
548.11, 96
548.20, 96
548.20, 96
548.44, 96
548.44, 96
548.44, 96
548.44, 96
548.46, 96
548.46, 96
548.68, 96
548.68, 96
548.79, 96
549.31, 96
550.19, 96
550.23, 96
550.28, 96
550.28, 96
550.92, 96
551.41, 96
551.41, 96
551.81, 96
551.81, 96
551.83, 96
553.66, 96
553.66, 96
553.66, 96
554.47, 96
554.79, 96
555.29, 96
555.47, 96
555.70, 96
555.70, 96
555.89, 96
556.10, 96
556.35, 96
556.35, 96
556.81, 96
556.81, 96
556.81, 96
556.94, 96
556.94, 96
557.34, 96
557.58, 96
557.63, 96
557.63, 96
557.89, 96
557.97, 96
558.02, 96
558.02, 96
558.02, 96
558.02, 96
558.02, 96
558.03, 96
558.72, 96
559.22, 96
559.22, 96
559.31, 96
559.31, 96
559.31, 96
559.59, 96
560.19, 96
561.33, 96
563.79, 96
563.90, 96
564.46, 96
565.00, 96
565.18, 96
569.43, 96
569.43, 96
569.73, 96
571.08, 96
571.08, 96
571.16, 96
571.55, 96
571.73, 96
572.22, 96
572.37, 96
572.59, 96
572.74, 96
573.61, 96
574.18, 96
574.18, 96
574.18, 96
574.52, 96
574.52, 96
574.67, 96
574.69, 96
574.69, 96
575.03, 96
576.30, 96
576.56, 96
576.56, 96
577.06, 96
577.06, 96
578.00, 96
578.02, 96
578.32, 96
578.45, 96
578.47, 96
579.51, 96
579.72, 96
579.73, 96
580.39, 96
580.39, 96
580.39, 96
580.39, 96
580.60, 96
580.64, 96
581.04, 96
581.20, 96
581.20, 96
581.20, 96
581.20, 96
581.30, 96
581.31, 96
581.31, 96
581.32, 96
582.24, 96
582.56, 96
582.69, 96
582.69, 96
582.84, 96
583.63, 96
583.89, 96
583.90, 96
583.90, 96
584.32, 96
584.32, 96
584.58, 96
584.58, 96
584.69, 96
584.69, 96
584.71, 96
584.71, 96
584.77, 96
584.78, 96
584.78, 96
585.32, 96
585.55, 96
586.73, 96
587.09, 96
587.96, 96
587.97, 96
588.09, 96
588.13, 96
588.49, 96
588.49, 96
588.49, 96
588.58, 96
590.42, 96
590.70, 96
590.84, 96
590.90, 96
591.05, 96
592.37, 96
593.80, 96
595.28, 96
595.28, 96
596.26, 96
596.26, 96
596.26, 96
596.31, 96
596.31, 96
596.35, 96
596.45, 96
596.45, 96
597.12, 96
597.34, 96
597.34, 96
597.34, 96
597.81, 96
597.82, 96
598.71, 96
598.71, 96
598.72, 96
598.72, 96
598.80, 96
599.01, 96
599.01, 96
599.08, 96
599.63, 96
599.63, 96
599.63, 96
599.63, 96
599.79, 96
