0.01, 102
0.01, 99
0.01, 99
0.01, 99
0.01, 99
0.01, 98
0.01, 98
0.02, 98
0.02, 98
0.02, 98
0.02, 97
0.04, 97
0.04, 97
0.05, 97
0.10, 97
0.11, 97
0.13, 97
0.13, 97
0.13, 97
0.27, 97
0.27, 97
0.32, 97
0.33, 97
0.33, 97
0.33, 97
0.38, 97
0.38, 97
0.38, 97
0.47, 97
0.47, 97
0.47, 97
0.51, 97
0.55, 97
0.55, 97
0.60, 97
0.60, 97
0.60, 97
0.60, 97
0.60, 97
0.60, 97
0.60, 97
0.60, 97
0.64, 97
0.64, 97
0.65, 97
0.65, 96
1.34, 96
2.42, 96
2.53, 96
2.62, 96
2.62, 96
3.67, 96
5.62, 96
5.85, 96
6.41, 96
6.46, 96
6.60, 96
6.60, 96
6.96, 96
7.80, 96
7.82, 96
7.82, 96
7.99, 96
7.99, 96
9.23, 96
9.49, 96
9.49, 96
9.70, 96
10.35, 96
11.38, 96
11.48, 96
12.90, 96
12.90, 96
13.20, 96
13.20, 96
13.61, 96
13.79, 96
13.79, 96
14.17, 96
14.17, 96
14.56, 96
14.56, 96
14.57, 96
14.93, 96
15.02, 96
15.04, 96
15.08, 96
15.10, 96
16.11, 96
16.11, 96
16.17, 96
16.18, 96
16.34, 96
16.34, 96
16.53, 96
16.53, 96
16.53, 96
16.77, 96
16.77, 96
17.38, 96
17.38, 96
17.38, 96
17.39, 96
17.39, 96
17.40, 96
17.40, 96
18.34, 96
18.34, 96
18.34, 96
19.01, 96
19.21, 96
19.21, 96
19.21, 96
19.72, 96
20.54, 96
21.11, 96
21.11, 96
21.67, 96
24.09, 96
24.10, 96
24.26, 96
24.31, 96
24.31, 96
24.31, 96
24.73, 96
24.85, 96
25.16, 96
25.63, 96
25.92, 96
25.92, 96
26.10, 96
26.21, 96
26.29, 96
26.35, 96
26.39, 96
26.39, 96
26.45, 96
28.15, 96
28.40, 96
28.40, 96
28.40, 96
29.33, 96
30.46, 96
30.51, 96
30.51, 96
30.51, 96
30.51, 96
30.72, 96
31.07, 96
31.29, 96
31.29, 96
31.29, 96
31.70, 96
31.70, 96
31.88, 96
33.66, 96
33.75, 96
34.27, 96
34.27, 96
34.41, 96
34.91, 96
34.91, 96
34.91, 96
35.11, 96
35.26, 96
35.29, 96
36.16, 96
36.16, 96
36.16, 96
36.16, 96
36.16, 96
36.21, 96
37.32, 96
38.03, 96
38.03, 96
38.30, 96
38.41, 96
39.61, 96
39.61, 96
39.61, 96
39.61, 96
39.62, 96
39.66, 96
39.96, 96
40.00, 96
40.65, 96
40.65, 96
40.73, 96
41.37, 96
41.55, 96
41.55, 96
41.65, 96
41.81, 96
43.47, 96
44.42, 96
44.42, 96
44.58, 96
44.59, 96
44.63, 96
44.64, 96
45.10, 96
45.16, 96
45.16, 96
45.25, 96
45.25, 96
45.25, 96
45.31, 96
45.31, 96
45.31, 96
45.54, 96
45.55, 96
45.55, 96
45.78, 96
45.78, 96
46.27, 96
46.40, 96
46.80, 96
47.57, 96
47.61, 96
48.78, 96
50.09, 96
50.09, 96
50.38, 96
50.56, 96
51.18, 96
52.08, 96
52.08, 96
52.08, 96
52.42, 96
52.42, 96
52.62, 96
52.62, 96
52.62, 96
53.15, 96
53.15, 96
53.78, 96
53.80, 96
53.82, 96
54.34, 96
54.34, 96
54.47, 96
54.47, 96
55.43, 96
55.78, 96
55.79, 96
55.79, 96
55.79, 96
55.82, 96
55.96, 96
56.00, 96
56.00, 96
56.22, 96
56.23, 96
56.23, 96
56.23, 96
56.23, 96
56.23, 96
56.69, 96
56.69, 96
56.69, 96
57.43, 96
57.43, 96
58.10, 96
58.10, 96
58.77, 96
58.88, 96
58.88, 96
59.00, 96
59.00, 96
59.00, 96
59.00, 96
59.47, 96
59.47, 96
59.73, 96
59.73, 96
60.04, 96
60.04, 96
61.02, 96
61.03, 96
61.03, 96
61.03, 96
61.03, 96
61.28, 96
61.28, 96
62.37, 96
62.38, 96
62.91, 96
63.22, 96
63.22, 96
63.98, 96
64.29, 96
64.29, 96
64.63, 96
64.97, 96
66.18, 96
66.53, 96
66.53, 96
67.04, 96
67.20, 96
67.68, 96
67.68, 96
67.96, 96
68.52, 96
68.52, 96
68.52, 96
68.88, 96
69.68, 96
71.67, 96
71.74, 96
71.74, 96
72.22, 96
72.23, 96
72.65, 96
72.81, 96
72.81, 96
73.13, 96
73.52, 96
73.52, 96
73.52, 96
73.52, 96
74.78, 96
74.89, 96
75.22, 96
76.26, 96
76.73, 96
77.18, 96
77.74, 96
77.74, 96
78.06, 96
78.73, 96
78.73, 96
79.01, 96
79.01, 96
79.90, 96
79.90, 96
80.37, 96
80.50, 96
80.52, 96
80.52, 96
80.52, 96
80.66, 96
80.97, 96
81.76, 96
81.76, 96
81.76, 96
81.88, 96
81.88, 96
81.88, 96
81.88, 96
81.88, 96
81.88, 96
81.98, 96
81.98, 96
83.87, 96
83.87, 96
83.87, 96
83.87, 96
84.65, 96
84.90, 96
85.00, 96
85.79, 96
85.79, 96
86.15, 96
86.27, 96
86.51, 96
86.60, 96
86.74, 96
86.74, 96
87.18, 96
87.57, 96
87.78, 96
87.89, 96
88.11, 96
88.11, 96
89.00, 96
89.00, 96
89.02, 96
90.58, 96
90.58, 96
90.61, 96
91.42, 96
91.42, 96
91.42, 96
91.81, 96
92.23, 96
93.07, 96
93.07, 96
93.63, 96
94.97, 96
95.92, 96
95.92, 96
96.20, 96
96.64, 96
96.64, 96
99.01, 96
99.04, 96
99.04, 96
99.48, 96
99.77, 96
99.77, 96
99.77, 96
99.78, 96
99.85, 96
99.94, 96
99.94, 96
99.94, 96
101.49, 96
101.49, 96
101.68, 96
101.68, 96
101.68, 96
102.23, 96
102.90, 96
102.90, 96
102.99, 96
103.03, 96
103.03, 96
103.04, 96
103.04, 96
103.63, 96
105.50, 96
105.50, 96
106.10, 96
106.10, 96
106.10, 96
106.15, 96
106.15, 96
106.15, 96
106.26, 96
106.26, 96
106.54, 96
106.93, 96
107.03, 96
107.79, 96
107.93, 96
107.93, 96
107.93, 96
107.93, 96
107.93, 96
108.50, 96
108.50, 96
108.50, 96
108.50, 96
108.50, 96
108.97, 96
108.97, 96
110.33, 96
110.33, 96
111.15, 96
111.15, 96
111.41, 96
111.69, 96
113.35, 96
114.22, 96
114.22, 96
114.22, 96
114.22, 96
114.22, 96
114.23, 96
115.61, 96
115.61, 96
115.61, 96
115.87, 96
115.87, 96
115.88, 96
115.88, 96
116.01, 96
116.23, 96
116.23, 96
116.23, 96
116.23, 96
116.23, 96
116.24, 96
116.80, 96
116.80, 96
118.61, 96
118.61, 96
118.61, 96
120.10, 96
120.33, 96
120.51, 96
120.89, 96
120.89, 96
120.89, 96
121.02, 96
121.03, 96
121.03, 96
121.03, 96
121.06, 96
121.06, 96
121.61, 96
121.88, 96
122.21, 96
122.25, 96
122.25, 96
122.92, 96
123.16, 96
123.78, 96
124.12, 96
124.48, 96
124.53, 96
124.53, 96
124.53, 96
124.54, 96
124.92, 96
125.22, 96
125.23, 96
125.23, 96
125.23, 96
125.24, 96
125.24, 96
125.48, 96
125.48, 96
125.51, 96
125.55, 96
125.56, 96
125.57, 96
125.91, 96
126.34, 96
126.34, 96
126.62, 96
127.44, 96
127.44, 96
128.27, 96
128.39, 96
128.40, 96
128.54, 96
128.71, 96
128.72, 96
128.72, 96
129.70, 96
129.95, 96
130.59, 96
130.59, 96
130.78, 96
131.52, 96
131.53, 96
131.60, 96
132.02, 96
132.19, 96
132.19, 96
132.64, 96
132.64, 96
133.34, 96
133.34, 96
133.87, 96
134.32, 96
134.32, 96
134.32, 96
134.32, 96
135.59, 96
135.59, 96
136.02, 96
136.53, 96
137.05, 96
137.11, 96
137.11, 96
137.18, 96
137.36, 96
138.16, 96
138.91, 96
139.32, 96
139.32, 96
139.58, 96
140.43, 96
141.34, 96
141.34, 96
142.33, 96
142.72, 96
142.92, 96
143.29, 96
143.84, 96
143.84, 96
144.29, 96
144.73, 96
144.73, 96
144.81, 96
145.87, 96
145.95, 96
145.95, 96
146.55, 96
146.90, 96
146.90, 96
146.90, 96
147.01, 96
147.01, 96
147.11, 96
147.14, 96
147.14, 96
147.15, 96
147.70, 96
147.71, 96
148.37, 96
148.38, 96
148.57, 96
148.57, 96
148.57, 96
148.57, 96
149.24, 96
149.24, 96
149.24, 96
149.29, 96
149.32, 96
149.99, 96
149.99, 96
149.99, 96
149.99, 96
149.99, 96
150.00, 96
150.13, 96
150.13, 96
150.14, 96
150.14, 96
150.29, 96
150.77, 96
151.63, 96
151.64, 96
152.25, 96
152.25, 96
152.76, 96
152.76, 96
152.76, 96
152.80, 96
152.80, 96
152.80, 96
152.99, 96
153.27, 96
153.36, 96
153.98, 96
153.98, 96
154.07, 96
154.50, 96
154.63, 96
154.82, 96
155.50, 96
155.91, 96
156.17, 96
157.09, 96
157.16, 96
157.16, 96
157.58, 96
157.58, 96
157.58, 96
157.70, 96
157.81, 96
157.82, 96
157.95, 96
158.10, 96
158.10, 96
158.10, 96
158.11, 96
159.11, 96
159.12, 96
159.12, 96
159.15, 96
159.15, 96
159.15, 96
159.15, 96
160.83, 96
160.88, 96
160.88, 96
161.18, 96
162.35, 96
162.54, 96
162.82, 96
164.26, 96
164.51, 96
164.63, 96
165.31, 96
165.35, 96
165.35, 96
165.44, 96
166.47, 96
166.47, 96
166.72, 96
166.86, 96
167.99, 96
168.34, 96
168.34, 96
168.59, 96
169.03, 96
169.65, 96
169.65, 96
169.65, 96
169.67, 96
170.06, 96
170.06, 96
170.06, 96
170.06, 96
170.57, 96
170.94, 96
170.97, 96
170.97, 96
171.97, 96
172.18, 96
172.42, 96
172.74, 96
172.75, 96
172.75, 96
173.27, 96
173.27, 96
173.27, 96
173.90, 96
174.08, 96
174.08, 96
174.51, 96
174.74, 96
176.21, 96
176.25, 96
176.25, 96
176.51, 96
176.78, 96
177.51, 96
178.32, 96
178.32, 96
178.32, 96
178.32, 96
178.37, 96
178.37, 96
178.78, 96
179.40, 96
179.64, 96
180.35, 96
180.36, 96
180.90, 96
180.94, 96
181.47, 96
181.90, 96
181.90, 96
182.17, 96
182.17, 96
182.17, 96
182.78, 96
182.78, 96
182.89, 96
183.15, 96
183.58, 96
183.58, 96
183.58, 96
183.58, 96
183.63, 96
183.97, 96
184.19, 96
184.20, 96
184.34, 96
184.90, 96
184.90, 96
184.91, 96
184.91, 96
184.91, 96
185.46, 96
185.46, 96
185.58, 96
185.70, 96
185.70, 96
186.18, 96
186.18, 96
186.29, 96
186.29, 96
186.29, 96
186.29, 96
186.29, 96
186.58, 96
186.96, 96
186.96, 96
186.96, 96
186.96, 96
187.01, 96
187.27, 96
187.55, 96
188.11, 96
188.31, 96
188.53, 96
188.53, 96
188.73, 96
188.73, 96
188.73, 96
188.90, 96
188.90, 96
188.90, 96
188.97, 96
188.99, 96
189.18, 96
189.76, 96
189.76, 96
189.76, 96
189.76, 96
189.96, 96
189.96, 96
192.31, 96
192.31, 96
192.55, 96
193.45, 96
193.45, 96
193.45, 96
193.66, 96
193.66, 96
193.74, 96
193.77, 96
194.00, 96
194.00, 96
194.00, 96
194.00, 96
194.12, 96
194.12, 96
194.33, 96
195.04, 96
195.04, 96
195.96, 96
195.96, 96
196.43, 96
197.22, 96
197.47, 96
197.68, 96
197.68, 96
198.07, 96
198.07, 96
198.07, 96
198.10, 96
198.10, 96
198.10, 96
198.81, 96
198.81, 96
199.20, 96
200.42, 96
200.48, 96
200.48, 96
200.48, 96
200.48, 96
201.57, 96
201.99, 96
202.53, 96
202.53, 96
202.64, 96
202.64, 96
202.64, 96
203.63, 96
205.57, 96
205.57, 96
205.57, 96
205.58, 96
205.82, 96
205.82, 96
206.43, 96
206.72, 96
206.91, 96
207.13, 96
208.88, 96
208.88, 96
209.75, 96
210.07, 96
210.07, 96
210.07, 96
210.07, 96
210.18, 96
210.21, 96
210.57, 96
210.57, 96
210.57, 96
210.57, 96
210.57, 96
210.64, 96
210.64, 96
210.64, 96
210.86, 96
210.86, 96
210.86, 96
211.16, 96
211.66, 96
211.66, 96
212.47, 96
212.51, 96
212.52, 96
212.53, 96
212.64, 96
212.65, 96
212.65, 96
212.76, 96
212.76, 96
212.76, 96
212.76, 96
212.76, 96
213.21, 96
213.21, 96
213.21, 96
213.34, 96
213.34, 96
213.93, 96
214.10, 96
214.10, 96
214.10, 96
214.10, 96
214.35, 96
214.35, 96
214.35, 96
214.35, 96
215.80, 96
216.00, 96
216.00, 96
216.03, 96
216.03, 96
216.41, 96
216.99, 96
217.00, 96
217.00, 96
217.00, 96
217.00, 96
217.12, 96
217.12, 96
217.18, 96
217.47, 96
217.47, 96
217.72, 96
217.72, 96
217.72, 96
218.11, 96
218.51, 96
218.51, 96
218.69, 96
218.76, 96
218.80, 96
218.80, 96
218.80, 96
218.89, 96
218.89, 96
219.22, 96
219.22, 96
219.94, 96
219.95, 96
220.01, 96
220.49, 96
220.95, 96
221.00, 96
221.44, 96
221.44, 96
221.49, 96
222.33, 96
222.92, 96
223.18, 96
223.51, 96
223.73, 96
223.73, 96
225.13, 96
226.01, 96
226.32, 96
226.37, 96
226.37, 96
226.38, 96
226.53, 96
226.53, 96
226.93, 96
227.68, 96
228.01, 96
228.01, 96
228.51, 96
229.60, 96
229.60, 96
230.22, 96
230.22, 96
230.22, 96
230.28, 96
230.33, 96
230.61, 96
231.26, 96
231.86, 96
232.41, 96
232.91, 96
232.91, 96
232.94, 96
232.94, 96
233.50, 96
233.53, 96
233.53, 96
233.57, 96
233.84, 96
233.84, 96
233.97, 96
235.76, 96
235.96, 96
236.21, 96
236.47, 96
237.63, 96
237.63, 96
237.63, 96
238.60, 96
238.60, 96
238.60, 96
238.60, 96
238.62, 96
239.35, 96
239.46, 96
239.47, 96
241.67, 96
241.67, 96
241.87, 96
241.87, 96
242.03, 96
242.06, 96
242.62, 96
243.27, 96
243.27, 96
243.30, 96
244.77, 96
244.80, 96
244.80, 96
245.88, 96
245.88, 96
245.92, 96
246.12, 96
246.14, 96
246.74, 96
246.75, 96
246.75, 96
246.86, 96
247.18, 96
247.18, 96
248.60, 96
248.60, 96
248.69, 96
249.14, 96
249.42, 96
249.42, 96
249.49, 96
249.50, 96
249.95, 96
249.95, 96
249.95, 96
249.95, 96
249.95, 96
249.96, 96
250.10, 96
250.37, 96
251.01, 96
251.34, 96
251.34, 96
251.71, 96
252.03, 96
252.06, 96
252.38, 96
252.38, 96
252.47, 96
252.82, 96
253.43, 96
253.72, 96
253.72, 96
253.72, 96
254.21, 96
254.55, 96
254.73, 96
255.04, 96
255.05, 96
255.05, 96
255.05, 96
255.28, 96
255.38, 96
255.46, 96
255.46, 96
255.46, 96
255.82, 96
255.82, 96
255.82, 96
255.83, 96
255.83, 96
256.07, 96
256.07, 96
256.95, 96
256.96, 96
257.29, 96
257.33, 96
257.34, 96
257.44, 96
257.44, 96
257.53, 96
257.75, 96
258.69, 96
258.91, 96
259.42, 96
259.65, 96
259.95, 96
261.73, 96
261.74, 96
261.74, 96
261.74, 96
262.87, 96
262.87, 96
263.37, 96
263.56, 96
263.81, 96
264.60, 96
264.60, 96
264.61, 96
265.26, 96
267.04, 96
268.35, 96
268.55, 96
268.93, 96
268.94, 96
268.94, 96
269.26, 96
270.23, 96
270.32, 96
270.79, 96
271.22, 96
273.40, 96
273.84, 96
273.84, 96
273.84, 96
273.84, 96
273.84, 96
273.84, 96
273.85, 96
273.92, 96
273.98, 96
273.98, 96
273.98, 96
274.27, 96
274.30, 96
275.51, 96
275.51, 96
275.56, 96
275.56, 96
275.66, 96
275.98, 96
277.52, 96
277.87, 96
277.87, 96
278.23, 96
278.43, 96
278.74, 96
278.74, 96
278.75, 96
278.95, 96
279.10, 96
279.12, 96
279.14, 96
279.62, 96
279.62, 96
280.18, 96
280.82, 96
280.83, 96
280.88, 96
280.96, 96
280.97, 96
280.97, 96
280.97, 96
281.96, 96
282.02, 96
282.70, 96
282.70, 96
282.85, 96
284.34, 96
284.43, 96
284.43, 96
284.56, 96
285.30, 96
285.32, 96
285.65, 96
285.65, 96
285.69, 96
285.74, 96
286.73, 96
286.73, 96
286.73, 96
286.73, 96
286.74, 96
286.80, 96
286.80, 96
286.80, 96
288.27, 96
288.28, 96
288.58, 96
288.58, 96
289.82, 96
289.82, 96
289.82, 96
290.11, 96
291.04, 96
291.47, 96
291.48, 96
291.49, 96
292.25, 96
292.98, 96
293.01, 96
293.01, 96
293.31, 96
294.06, 96
294.06, 96
294.15, 96
294.68, 96
295.23, 96
295.35, 96
295.61, 96
296.18, 96
296.29, 96
296.77, 96
296.77, 96
296.77, 96
297.25, 96
297.33, 96
297.81, 96
297.82, 96
300.05, 96
300.51, 96
300.51, 96
300.51, 96
302.28, 96
302.28, 96
302.81, 96
303.79, 96
303.80, 96
304.15, 96
304.21, 96
304.21, 96
306.55, 96
307.84, 96
308.41, 96
308.69, 96
309.11, 96
309.42, 96
309.60, 96
309.60, 96
309.61, 96
309.61, 96
309.84, 96
310.10, 96
310.99, 96
311.78, 96
311.78, 96
311.78, 96
311.98, 96
312.52, 96
314.29, 96
314.39, 96
314.39, 96
315.11, 96
315.11, 96
315.11, 96
315.11, 96
315.11, 96
315.24, 96
315.24, 96
315.41, 96
315.41, 96
315.57, 96
316.21, 96
316.46, 96
317.93, 96
317.99, 96
318.99, 96
319.00, 96
319.00, 96
319.00, 96
319.12, 96
319.12, 96
319.15, 96
319.16, 96
319.16, 96
319.32, 96
319.73, 96
320.57, 96
320.66, 96
320.93, 96
322.01, 96
322.76, 96
323.16, 96
323.16, 96
323.27, 96
323.74, 96
324.18, 96
324.81, 96
325.84, 96
325.88, 96
325.88, 96
326.65, 96
326.73, 96
326.73, 96
327.27, 96
327.27, 96
327.27, 96
327.27, 96
327.27, 96
327.27, 96
327.27, 96
329.21, 96
329.21, 96
329.24, 96
329.59, 96
329.93, 96
329.93, 96
330.21, 96
330.21, 96
330.21, 96
330.21, 96
330.46, 96
331.07, 96
331.67, 96
331.74, 96
331.74, 96
331.74, 96
331.76, 96
331.76, 96
331.76, 96
333.09, 96
333.42, 96
333.43, 96
334.59, 96
335.35, 96
336.06, 96
336.06, 96
336.06, 96
336.18, 96
336.18, 96
336.64, 96
337.51, 96
337.51, 96
337.52, 96
337.52, 96
337.52, 96
337.86, 96
338.05, 96
338.60, 96
338.72, 96
338.76, 96
339.17, 96
339.89, 96
339.89, 96
340.26, 96
340.38, 96
341.55, 96
341.56, 96
341.98, 96
342.66, 96
343.30, 96
343.31, 96
343.36, 96
343.36, 96
343.76, 96
344.38, 96
344.38, 96
344.38, 96
344.70, 96
344.79, 96
344.79, 96
344.79, 96
345.87, 96
345.87, 96
345.87, 96
346.05, 96
346.16, 96
346.16, 96
346.16, 96
346.16, 96
346.16, 96
346.17, 96
346.17, 96
346.17, 96
346.17, 96
346.17, 96
347.04, 96
347.10, 96
347.33, 96
347.33, 96
347.58, 96
347.66, 96
348.53, 96
349.38, 96
349.41, 96
349.41, 96
349.72, 96
349.73, 96
351.12, 96
351.18, 96
351.18, 96
351.45, 96
351.89, 96
352.54, 96
353.18, 96
353.88, 96
355.84, 96
356.30, 96
358.27, 96
358.94, 96
360.07, 96
360.97, 96
360.97, 96
361.25, 96
361.60, 96
361.77, 96
363.21, 96
363.22, 96
363.22, 96
363.31, 96
363.79, 96
363.80, 96
363.97, 96
364.33, 96
365.20, 96
366.02, 96
366.02, 96
366.84, 96
367.28, 96
367.60, 96
367.60, 96
367.60, 96
367.61, 96
367.68, 96
367.68, 96
367.68, 96
367.68, 96
367.69, 96
367.69, 96
367.69, 96
368.36, 96
368.46, 96
368.55, 96
369.10, 96
369.10, 96
369.60, 96
369.60, 96
369.60, 96
370.60, 96
371.61, 96
371.61, 96
371.74, 96
371.74, 96
371.75, 96
372.84, 96
373.16, 96
373.43, 96
373.44, 96
374.12, 96
374.12, 96
374.12, 96
374.12, 96
374.32, 96
374.85, 96
374.85, 96
374.85, 96
375.17, 96
375.17, 96
375.19, 96
375.19, 96
375.29, 96
375.29, 96
375.29, 96
376.08, 96
376.93, 96
376.93, 96
377.54, 96
378.03, 96
378.03, 96
378.03, 96
378.04, 96
378.94, 96
378.94, 96
379.19, 96
379.72, 96
379.72, 96
379.72, 96
380.35, 96
380.35, 96
381.19, 96
381.19, 96
381.19, 96
381.19, 96
382.54, 96
382.76, 96
382.76, 96
383.71, 96
384.89, 96
385.14, 96
385.14, 96
385.14, 96
385.50, 96
386.18, 96
386.32, 96
386.61, 96
386.73, 96
386.73, 96
386.81, 96
386.99, 96
387.00, 96
387.20, 96
387.20, 96
387.92, 96
387.92, 96
388.07, 96
388.07, 96
388.16, 96
388.42, 96
388.86, 96
388.96, 96
388.96, 96
388.96, 96
388.96, 96
389.02, 96
389.24, 96
389.24, 96
389.56, 96
389.85, 96
391.72, 96
391.72, 96
391.79, 96
392.03, 96
392.03, 96
392.27, 96
392.56, 96
392.92, 96
393.04, 96
393.08, 96
393.84, 96
394.14, 96
394.14, 96
394.23, 96
394.23, 96
394.97, 96
395.16, 96
395.16, 96
395.16, 96
395.16, 96
395.16, 96
395.16, 96
395.20, 96
395.27, 96
395.40, 96
395.99, 96
396.21, 96
396.21, 96
396.21, 96
396.22, 96
396.22, 96
396.22, 96
396.24, 96
399.36, 96
399.37, 96
399.37, 96
399.37, 96
399.37, 96
399.58, 96
399.59, 96
399.59, 96
399.63, 96
399.63, 96
399.99, 96
400.41, 96
400.41, 96
400.61, 96
400.61, 96
400.61, 96
400.74, 96
400.88, 96
400.88, 96
400.88, 96
401.50, 96
403.38, 96
403.45, 96
404.01, 96
404.01, 96
404.67, 96
405.86, 96
406.07, 96
406.18, 96
406.77, 96
406.84, 96
406.84, 96
406.97, 96
406.97, 96
407.87, 96
407.87, 96
407.88, 96
408.85, 96
408.85, 96
409.95, 96
409.95, 96
409.96, 96
409.96, 96
409.96, 96
410.19, 96
410.19, 96
410.49, 96
410.69, 96
410.69, 96
410.69, 96
413.06, 96
413.67, 96
413.67, 96
413.67, 96
413.67, 96
413.67, 96
414.01, 96
414.01, 96
414.06, 96
414.19, 96
414.38, 96
414.72, 96
414.72, 96
414.72, 96
415.12, 96
415.51, 96
416.76, 96
416.76, 96
417.81, 96
418.77, 96
419.11, 96
419.86, 96
419.86, 96
420.23, 96
421.54, 96
421.54, 96
421.54, 96
421.58, 96
421.58, 96
421.58, 96
421.58, 96
421.58, 96
421.58, 96
421.58, 96
421.59, 96
421.59, 96
421.59, 96
421.82, 96
421.82, 96
421.82, 96
422.19, 96
422.64, 96
422.90, 96
423.23, 96
423.50, 96
423.51, 96
423.56, 96
424.19, 96
425.80, 96
426.01, 96
426.65, 96
426.65, 96
426.65, 96
426.65, 96
427.44, 96
427.44, 96
427.44, 96
427.44, 96
428.41, 96
428.41, 96
428.41, 96
428.46, 96
428.47, 96
428.47, 96
428.47, 96
428.48, 96
428.49, 96
428.68, 96
428.81, 96
428.81, 96
428.82, 96
428.94, 96
429.08, 96
430.05, 96
430.64, 96
430.97, 96
431.64, 96
431.64, 96
431.81, 96
431.92, 96
431.92, 96
433.07, 96
433.15, 96
433.15, 96
433.93, 96
435.50, 96
436.25, 96
436.25, 96
436.32, 96
437.20, 96
437.20, 96
437.21, 96
437.93, 96
437.94, 96
438.08, 96
438.08, 96
438.20, 96
438.20, 96
438.78, 96
438.78, 96
438.79, 96
438.79, 96
438.79, 96
438.81, 96
438.81, 96
439.19, 96
439.20, 96
439.72, 96
440.85, 96
441.32, 96
441.93, 96
442.05, 96
442.05, 96
442.76, 96
442.93, 96
442.93, 96
442.93, 96
442.93, 96
443.04, 96
443.04, 96
443.14, 96
443.15, 96
443.80, 96
443.81, 96
443.81, 96
443.86, 96
443.86, 96
443.97, 96
443.97, 96
444.85, 96
445.22, 96
445.66, 96
445.86, 96
446.28, 96
446.28, 96
446.34, 96
446.34, 96
446.35, 96
446.35, 96
446.55, 96
447.19, 96
448.69, 96
448.91, 96
448.91, 96
448.91, 96
449.09, 96
450.47, 96
450.98, 96
451.03, 96
451.03, 96
451.03, 96
451.04, 96
451.19, 96
451.31, 96
451.31, 96
451.47, 96
451.58, 96
452.00, 96
452.11, 96
452.12, 96
452.12, 96
452.12, 96
452.12, 96
452.13, 96
452.26, 96
452.65, 96
452.65, 96
452.65, 96
453.55, 96
454.22, 96
454.27, 96
454.31, 96
455.07, 96
455.89, 96
455.92, 96
456.30, 96
456.32, 96
456.32, 96
456.50, 96
456.50, 96
457.17, 96
457.36, 96
457.68, 96
458.89, 96
458.93, 96
458.99, 96
458.99, 96
459.46, 96
459.96, 96
459.96, 96
460.44, 96
460.44, 96
460.44, 96
460.44, 96
460.44, 96
460.44, 96
460.44, 96
460.44, 96
460.44, 96
460.69, 96
460.80, 96
460.91, 96
460.91, 96
461.66, 96
462.69, 96
462.69, 96
462.70, 96
462.70, 96
462.90, 96
463.48, 96
463.67, 96
463.67, 96
463.86, 96
463.86, 96
464.24, 96
465.15, 96
465.49, 96
465.49, 96
465.81, 96
465.81, 96
466.30, 96
466.30, 96
466.30, 96
466.30, 96
466.45, 96
466.45, 96
466.45, 96
466.45, 96
466.50, 96
466.72, 96
466.72, 96
466.72, 96
466.72, 96
467.66, 96
467.83, 96
467.83, 96
468.44, 96
468.44, 96
468.57, 96
468.57, 96
468.57, 96
468.57, 96
468.57, 96
470.33, 96
470.33, 96
470.38, 96
470.79, 96
470.79, 96
471.25, 96
471.25, 96
471.58, 96
471.96, 96
473.12, 96
473.93, 96
473.93, 96
475.32, 96
475.32, 96
475.52, 96
475.52, 96
475.77, 96
475.98, 96
475.98, 96
476.38, 96
476.46, 96
476.46, 96
476.46, 96
476.46, 96
476.66, 96
476.82, 96
477.29, 96
477.29, 96
477.29, 96
477.29, 96
477.56, 96
477.79, 96
478.17, 96
478.17, 96
479.04, 96
479.46, 96
480.41, 96
480.58, 96
480.58, 96
481.26, 96
481.43, 96
481.43, 96
481.43, 96
481.68, 96
482.59, 96
482.60, 96
482.60, 96
482.60, 96
482.60, 96
483.73, 96
484.20, 96
484.46, 96
484.47, 96
484.50, 96
485.80, 96
485.80, 96
485.80, 96
485.84, 96
487.95, 96
487.95, 96
487.95, 96
488.12, 96
488.69, 96
488.70, 96
488.70, 96
488.77, 96
489.11, 96
489.11, 96
489.11, 96
489.22, 96
489.25, 96
489.38, 96
489.82, 96
490.06, 96
490.06, 96
490.46, 96
491.09, 96
491.30, 96
491.56, 96
491.59, 96
492.20, 96
492.32, 96
492.32, 96
492.32, 96
492.59, 96
493.69, 96
493.69, 96
494.33, 96
494.33, 96
494.33, 96
494.33, 96
494.33, 96
494.33, 96
495.09, 96
495.76, 96
495.76, 96
497.11, 96
497.11, 96
497.11, 96
497.29, 96
497.41, 96
497.86, 96
499.43, 96
499.44, 96
499.95, 96
500.04, 96
500.66, 96
500.66, 96
501.16, 96
502.65, 96
502.65, 96
502.70, 96
502.85, 96
502.85, 96
502.85, 96
502.85, 96
502.85, 96
502.98, 96
503.11, 96
503.38, 96
503.47, 96
504.16, 96
504.19, 96
504.76, 96
505.04, 96
505.11, 96
505.11, 96
505.29, 96
505.83, 96
506.04, 96
506.23, 96
506.41, 96
506.42, 96
507.27, 96
507.27, 96
507.27, 96
507.27, 96
507.48, 96
507.86, 96
507.86, 96
508.46, 96
508.46, 96
508.85, 96
508.85, 96
509.94, 96
509.94, 96
510.36, 96
511.14, 96
511.14, 96
511.85, 96
511.85, 96
512.18, 96
512.21, 96
512.21, 96
512.27, 96
512.36, 96
514.09, 96
514.09, 96
514.09, 96
514.49, 96
514.84, 96
515.04, 96
515.09, 96
515.13, 96
515.13, 96
515.42, 96
515.51, 96
515.71, 96
516.24, 96
516.42, 96
516.42, 96
516.78, 96
517.03, 96
517.03, 96
517.10, 96
518.57, 96
518.57, 96
518.57, 96
518.74, 96
518.74, 96
519.49, 96
519.74, 96
519.85, 96
519.86, 96
521.04, 96
521.14, 96
521.43, 96
523.29, 96
523.88, 96
524.12, 96
524.12, 96
524.12, 96
524.21, 96
524.21, 96
524.44, 96
524.44, 96
524.44, 96
524.44, 96
524.47, 96
524.47, 96
524.69, 96
524.69, 96
524.80, 96
525.33, 96
526.23, 96
526.26, 96
526.31, 96
526.31, 96
526.83, 96
527.16, 96
527.16, 96
527.61, 96
527.61, 96
527.63, 96
529.53, 96
529.53, 96
529.53, 96
530.32, 96
530.65, 96
531.11, 96
531.29, 96
531.51, 96
531.51, 96
531.66, 96
531.86, 96
532.10, 96
532.10, 96
532.58, 96
532.58, 96
532.58, 96
532.72, 96
532.72, 96
533.10, 96
533.28, 96
533.31, 96
533.31, 96
533.56, 96
533.61, 96
533.65, 96
533.65, 96
533.65, 96
533.65, 96
533.66, 96
533.66, 96
534.22, 96
534.74, 96
534.74, 96
534.81, 96
534.81, 96
534.81, 96
535.04, 96
535.57, 96
536.54, 96
538.70, 96
538.80, 96
539.31, 96
539.83, 96
539.93, 96
543.42, 96
543.42, 96
543.67, 96
544.75, 96
544.75, 96
544.82, 96
545.15, 96
545.28, 96
545.58, 96
545.58, 96
545.58, 96
545.58, 96
546.22, 96
546.69, 96
546.69, 96
546.69, 96
546.99, 96
546.99, 96
547.11, 96
547.11, 96
547.11, 96
547.34, 96
548.32, 96
548.48, 96
548.48, 96
548.90, 96
548.90, 96
549.62, 96
549.62, 96
549.84, 96
549.91, 96
549.92, 96
550.67, 96
550.75, 96
550.76, 96
551.14, 96
551.14, 96
551.14, 96
551.14, 96
551.29, 96
551.33, 96
551.68, 96
551.77, 96
551.77, 96
551.77, 96
551.77, 96
551.82, 96
551.83, 96
551.83, 96
551.83, 96
552.31, 96
552.57, 96
552.71, 96
552.71, 96
552.82, 96
553.46, 96
553.68, 96
553.68, 96
553.69, 96
554.11, 96
554.11, 96
554.36, 96
554.36, 96
554.47, 96
554.47, 96
554.50, 96
554.50, 96
554.54, 96
554.54, 96
554.54, 96
554.89, 96
555.06, 96
556.01, 96
556.35, 96
556.91, 96
556.91, 96
556.96, 96
556.96, 96
557.19, 96
557.19, 96
557.19, 96
557.23, 96
558.90, 96
559.12, 96
559.24, 96
559.30, 96
559.43, 96
560.59, 96
561.83, 96
562.97, 96
562.97, 96
563.58, 96
563.59, 96
563.59, 96
563.62, 96
563.62, 96
563.65, 96
563.72, 96
563.72, 96
564.30, 96
564.52, 96
564.52, 96
564.52, 96
564.96, 96
564.96, 96
565.83, 96
565.84, 96
565.84, 96
565.84, 96
565.91, 96
566.11, 96
566.11, 96
566.18, 96
566.73, 96
566.73, 96
566.73, 96
566.73, 96
566.90, 96
568.17, 96
568.24, 96
569.05, 96
569.51, 96
569.76, 96
570.04, 96
570.34, 96
570.34, 96
570.39, 96
570.39, 96
570.39, 96
571.44, 96
571.54, 96
572.02, 96
572.10, 96
572.10, 96
572.47, 96
572.47, 96
572.65, 96
572.95, 96
573.15, 96
573.15, 96
573.91, 96
573.91, 96
573.96, 96
574.06, 96
574.06, 96
574.31, 96
575.22, 96
575.26, 96
575.26, 96
575.26, 96
575.94, 96
577.25, 96
578.04, 96
578.60, 96
579.17, 96
579.18, 96
579.44, 96
579.48, 96
579.49, 96
580.12, 96
580.12, 96
580.51, 96
581.04, 96
581.27, 96
581.28, 96
583.35, 96
584.31, 96
584.46, 96
585.16, 96
585.37, 96
586.21, 96
586.21, 96
586.39, 96
586.40, 96
586.41, 96
586.41, 96
587.30, 96
587.30, 96
587.52, 96
587.97, 96
587.97, 96
587.97, 96
588.42, 96
588.43, 96
588.52, 96
589.43, 96
589.43, 96
589.60, 96
590.07, 96
591.68, 96
591.88, 96
591.88, 96
592.03, 96
592.15, 96
592.15, 96
592.25, 96
592.26, 96
592.26, 96
592.41, 96
593.05, 96
593.40, 96
593.40, 96
594.17, 96
594.18, 96
594.35, 96
594.78, 96
594.78, 96
594.78, 96
594.78, 96
595.20, 96
595.20, 96
595.40, 96
595.40, 96
597.63, 96
598.41, 96
598.42, 96
598.42, 96
598.42, 96
599.76, 96
599.76, 96
599.80, 96
599.80, 96
599.80, 96
599.82, 96
599.82, 96
599.82, 96
599.87, 96
