0.00, 102
0.01, 99
0.01, 99
0.01, 99
0.01, 99
0.01, 98
0.01, 98
0.02, 98
0.02, 98
0.02, 98
0.03, 97
0.04, 97
0.04, 97
0.05, 97
0.09, 97
0.09, 97
0.11, 97
0.11, 97
0.11, 97
0.26, 97
0.27, 97
0.32, 97
0.33, 97
0.33, 97
0.33, 97
0.39, 97
0.39, 97
0.39, 97
0.46, 97
0.46, 97
0.46, 97
0.50, 97
0.53, 97
0.53, 97
0.56, 97
0.56, 97
0.56, 97
0.57, 97
0.57, 97
0.57, 97
0.57, 97
0.57, 97
0.61, 97
0.61, 97
0.62, 97
0.62, 96
1.33, 96
2.34, 96
2.43, 96
2.50, 96
2.50, 96
3.77, 96
5.80, 96
6.01, 96
6.60, 96
6.65, 96
6.79, 96
6.79, 96
7.15, 96
7.90, 96
7.92, 96
7.92, 96
8.06, 96
8.06, 96
9.25, 96
9.54, 96
9.54, 96
9.80, 96
10.44, 96
11.50, 96
11.61, 96
12.93, 96
12.93, 96
13.22, 96
13.22, 96
13.67, 96
13.84, 96
13.84, 96
14.23, 96
14.23, 96
14.65, 96
14.65, 96
14.65, 96
15.08, 96
15.16, 96
15.18, 96
15.22, 96
15.23, 96
16.26, 96
16.26, 96
16.33, 96
16.33, 96
16.49, 96
16.49, 96
16.67, 96
16.67, 96
16.68, 96
16.90, 96
16.90, 96
17.48, 96
17.48, 96
17.49, 96
17.49, 96
17.49, 96
17.49, 96
17.50, 96
18.36, 96
18.37, 96
18.37, 96
18.92, 96
19.15, 96
19.15, 96
19.15, 96
19.68, 96
20.60, 96
21.15, 96
21.15, 96
21.68, 96
24.04, 96
24.04, 96
24.19, 96
24.25, 96
24.26, 96
24.26, 96
24.69, 96
24.83, 96
25.17, 96
25.64, 96
25.92, 96
25.92, 96
26.11, 96
26.21, 96
26.29, 96
26.35, 96
26.38, 96
26.38, 96
26.45, 96
28.05, 96
28.31, 96
28.31, 96
28.32, 96
29.23, 96
30.38, 96
30.43, 96
30.43, 96
30.43, 96
30.43, 96
30.63, 96
30.97, 96
31.21, 96
31.21, 96
31.21, 96
31.63, 96
31.63, 96
31.78, 96
33.53, 96
33.62, 96
34.13, 96
34.14, 96
34.28, 96
34.83, 96
34.84, 96
34.84, 96
35.05, 96
35.19, 96
35.23, 96
36.12, 96
36.12, 96
36.12, 96
36.12, 96
36.12, 96
36.18, 96
37.23, 96
37.88, 96
37.88, 96
38.14, 96
38.25, 96
39.43, 96
39.43, 96
39.43, 96
39.44, 96
39.44, 96
39.48, 96
39.83, 96
39.89, 96
40.51, 96
40.51, 96
40.60, 96
41.23, 96
41.38, 96
41.38, 96
41.49, 96
41.67, 96
43.23, 96
44.18, 96
44.18, 96
44.34, 96
44.36, 96
44.43, 96
44.43, 96
45.01, 96
45.07, 96
45.07, 96
45.16, 96
45.16, 96
45.16, 96
45.22, 96
45.22, 96
45.22, 96
45.46, 96
45.47, 96
45.47, 96
45.70, 96
45.70, 96
46.21, 96
46.35, 96
46.74, 96
47.45, 96
47.48, 96
48.57, 96
49.95, 96
49.95, 96
50.24, 96
50.41, 96
51.03, 96
51.92, 96
51.92, 96
51.92, 96
52.22, 96
52.23, 96
52.38, 96
52.38, 96
52.38, 96
52.95, 96
52.95, 96
53.55, 96
53.57, 96
53.59, 96
54.10, 96
54.10, 96
54.22, 96
54.23, 96
55.26, 96
55.60, 96
55.61, 96
55.61, 96
55.61, 96
55.64, 96
55.78, 96
55.82, 96
55.82, 96
56.06, 96
56.06, 96
56.07, 96
56.07, 96
56.07, 96
56.07, 96
56.52, 96
56.52, 96
56.52, 96
57.24, 96
57.24, 96
57.81, 96
57.81, 96
58.48, 96
58.57, 96
58.57, 96
58.68, 96
58.68, 96
58.68, 96
58.69, 96
59.16, 96
59.16, 96
59.45, 96
59.45, 96
59.79, 96
59.80, 96
60.79, 96
60.79, 96
60.79, 96
60.79, 96
60.79, 96
61.06, 96
61.07, 96
62.11, 96
62.11, 96
62.58, 96
62.86, 96
62.86, 96
63.62, 96
63.89, 96
63.89, 96
64.24, 96
64.61, 96
65.87, 96
66.21, 96
66.21, 96
66.78, 96
66.94, 96
67.34, 96
67.35, 96
67.64, 96
68.18, 96
68.18, 96
68.18, 96
68.49, 96
69.22, 96
71.23, 96
71.28, 96
71.28, 96
71.75, 96
71.75, 96
72.09, 96
72.21, 96
72.21, 96
72.58, 96
72.98, 96
72.98, 96
72.98, 96
72.98, 96
74.10, 96
74.22, 96
74.57, 96
75.73, 96
76.15, 96
76.61, 96
77.09, 96
77.09, 96
77.40, 96
78.04, 96
78.04, 96
78.29, 96
78.29, 96
79.26, 96
79.26, 96
79.82, 96
79.95, 96
79.98, 96
79.98, 96
79.98, 96
80.12, 96
80.41, 96
81.21, 96
81.21, 96
81.21, 96
81.32, 96
81.32, 96
81.32, 96
81.32, 96
81.32, 96
81.32, 96
81.41, 96
81.41, 96
83.13, 96
83.13, 96
83.13, 96
83.14, 96
83.87, 96
84.10, 96
84.21, 96
85.13, 96
85.13, 96
85.42, 96
85.54, 96
85.80, 96
85.88, 96
86.02, 96
86.02, 96
86.42, 96
86.73, 96
86.92, 96
87.01, 96
87.23, 96
87.24, 96
88.05, 96
88.05, 96
88.07, 96
89.70, 96
89.70, 96
89.73, 96
90.57, 96
90.58, 96
90.58, 96
90.99, 96
91.40, 96
92.14, 96
92.14, 96
92.75, 96
94.09, 96
95.09, 96
95.09, 96
95.35, 96
95.78, 96
95.78, 96
98.01, 96
98.03, 96
98.03, 96
98.44, 96
98.70, 96
98.70, 96
98.70, 96
98.71, 96
98.79, 96
98.89, 96
98.89, 96
98.89, 96
100.54, 96
100.55, 96
100.73, 96
100.73, 96
100.73, 96
101.27, 96
101.89, 96
101.89, 96
101.98, 96
102.03, 96
102.03, 96
102.03, 96
102.03, 96
102.64, 96
104.51, 96
104.52, 96
105.24, 96
105.24, 96
105.24, 96
105.29, 96
105.29, 96
105.29, 96
105.39, 96
105.39, 96
105.69, 96
106.09, 96
106.19, 96
106.88, 96
107.02, 96
107.03, 96
107.03, 96
107.03, 96
107.03, 96
107.59, 96
107.59, 96
107.59, 96
107.59, 96
107.59, 96
107.98, 96
107.98, 96
109.32, 96
109.32, 96
110.21, 96
110.21, 96
110.45, 96
110.76, 96
112.26, 96
113.14, 96
113.14, 96
113.14, 96
113.15, 96
113.15, 96
113.15, 96
114.53, 96
114.53, 96
114.53, 96
114.85, 96
114.86, 96
114.86, 96
114.86, 96
114.99, 96
115.22, 96
115.22, 96
115.22, 96
115.22, 96
115.22, 96
115.22, 96
115.76, 96
115.76, 96
117.48, 96
117.48, 96
117.48, 96
118.86, 96
119.09, 96
119.27, 96
119.70, 96
119.70, 96
119.71, 96
119.88, 96
119.88, 96
119.88, 96
119.88, 96
119.90, 96
119.90, 96
120.45, 96
120.69, 96
121.05, 96
121.08, 96
121.08, 96
121.66, 96
121.92, 96
122.57, 96
122.99, 96
123.36, 96
123.43, 96
123.43, 96
123.43, 96
123.43, 96
123.82, 96
124.15, 96
124.16, 96
124.16, 96
124.16, 96
124.16, 96
124.17, 96
124.40, 96
124.40, 96
124.44, 96
124.49, 96
124.49, 96
124.50, 96
124.93, 96
125.37, 96
125.38, 96
125.68, 96
126.42, 96
126.42, 96
127.21, 96
127.33, 96
127.33, 96
127.47, 96
127.61, 96
127.62, 96
127.62, 96
128.51, 96
128.74, 96
129.35, 96
129.36, 96
129.59, 96
130.41, 96
130.41, 96
130.47, 96
130.89, 96
131.05, 96
131.05, 96
131.44, 96
131.44, 96
132.08, 96
132.08, 96
132.66, 96
133.09, 96
133.09, 96
133.09, 96
133.09, 96
134.38, 96
134.39, 96
134.87, 96
135.38, 96
135.88, 96
135.92, 96
135.92, 96
136.01, 96
136.16, 96
136.87, 96
137.62, 96
138.01, 96
138.01, 96
138.28, 96
139.12, 96
140.13, 96
140.13, 96
141.04, 96
141.36, 96
141.54, 96
141.92, 96
142.47, 96
142.47, 96
142.95, 96
143.38, 96
143.38, 96
143.45, 96
144.48, 96
144.59, 96
144.59, 96
145.26, 96
145.64, 96
145.64, 96
145.64, 96
145.76, 96
145.77, 96
145.87, 96
145.90, 96
145.90, 96
145.90, 96
146.38, 96
146.38, 96
147.05, 96
147.05, 96
147.21, 96
147.21, 96
147.22, 96
147.22, 96
147.86, 96
147.86, 96
147.86, 96
147.90, 96
147.93, 96
148.55, 96
148.55, 96
148.55, 96
148.56, 96
148.56, 96
148.57, 96
148.70, 96
148.70, 96
148.70, 96
148.70, 96
148.84, 96
149.32, 96
150.28, 96
150.28, 96
150.90, 96
150.90, 96
151.29, 96
151.29, 96
151.29, 96
151.34, 96
151.34, 96
151.34, 96
151.50, 96
151.76, 96
151.86, 96
152.47, 96
152.47, 96
152.60, 96
153.06, 96
153.18, 96
153.38, 96
154.07, 96
154.51, 96
154.84, 96
155.71, 96
155.79, 96
155.79, 96
156.13, 96
156.13, 96
156.13, 96
156.22, 96
156.35, 96
156.35, 96
156.49, 96
156.62, 96
156.62, 96
156.62, 96
156.63, 96
157.69, 96
157.69, 96
157.69, 96
157.72, 96
157.72, 96
157.72, 96
157.73, 96
159.38, 96
159.44, 96
159.45, 96
159.78, 96
160.99, 96
161.15, 96
161.38, 96
162.83, 96
163.09, 96
163.23, 96
163.88, 96
163.92, 96
163.93, 96
164.03, 96
165.13, 96
165.13, 96
165.38, 96
165.51, 96
166.49, 96
166.86, 96
166.86, 96
167.14, 96
167.53, 96
168.14, 96
168.14, 96
168.14, 96
168.16, 96
168.57, 96
168.57, 96
168.57, 96
168.57, 96
169.07, 96
169.48, 96
169.50, 96
169.50, 96
170.60, 96
170.81, 96
171.02, 96
171.26, 96
171.26, 96
171.26, 96
171.75, 96
171.75, 96
171.75, 96
172.35, 96
172.60, 96
172.60, 96
173.04, 96
173.32, 96
174.86, 96
174.91, 96
174.91, 96
175.18, 96
175.47, 96
176.11, 96
176.89, 96
176.89, 96
176.90, 96
176.90, 96
176.94, 96
176.94, 96
177.31, 96
177.90, 96
178.17, 96
178.87, 96
178.87, 96
179.39, 96
179.45, 96
180.06, 96
180.45, 96
180.45, 96
180.74, 96
180.74, 96
180.74, 96
181.26, 96
181.26, 96
181.35, 96
181.63, 96
182.07, 96
182.07, 96
182.07, 96
182.07, 96
182.12, 96
182.45, 96
182.70, 96
182.71, 96
182.86, 96
183.38, 96
183.38, 96
183.38, 96
183.38, 96
183.38, 96
183.92, 96
183.92, 96
184.03, 96
184.14, 96
184.15, 96
184.65, 96
184.65, 96
184.81, 96
184.81, 96
184.81, 96
184.82, 96
184.82, 96
185.13, 96
185.49, 96
185.49, 96
185.49, 96
185.49, 96
185.54, 96
185.79, 96
186.01, 96
186.50, 96
186.70, 96
186.91, 96
186.92, 96
187.06, 96
187.06, 96
187.06, 96
187.22, 96
187.22, 96
187.22, 96
187.28, 96
187.29, 96
187.46, 96
188.04, 96
188.04, 96
188.04, 96
188.04, 96
188.23, 96
188.23, 96
190.68, 96
190.68, 96
190.87, 96
191.71, 96
191.71, 96
191.71, 96
191.91, 96
191.91, 96
192.01, 96
192.03, 96
192.22, 96
192.22, 96
192.22, 96
192.22, 96
192.35, 96
192.35, 96
192.58, 96
193.26, 96
193.26, 96
194.17, 96
194.17, 96
194.66, 96
195.50, 96
195.68, 96
195.85, 96
195.86, 96
196.19, 96
196.19, 96
196.20, 96
196.23, 96
196.23, 96
196.23, 96
196.88, 96
196.88, 96
197.26, 96
198.42, 96
198.48, 96
198.48, 96
198.48, 96
198.48, 96
199.58, 96
200.06, 96
200.51, 96
200.51, 96
200.58, 96
200.58, 96
200.58, 96
201.53, 96
203.59, 96
203.59, 96
203.59, 96
203.59, 96
203.84, 96
203.84, 96
204.42, 96
204.77, 96
204.99, 96
205.17, 96
206.81, 96
206.81, 96
207.66, 96
208.01, 96
208.01, 96
208.01, 96
208.01, 96
208.12, 96
208.15, 96
208.50, 96
208.50, 96
208.50, 96
208.51, 96
208.51, 96
208.56, 96
208.56, 96
208.56, 96
208.78, 96
208.79, 96
208.79, 96
209.07, 96
209.59, 96
209.59, 96
210.34, 96
210.34, 96
210.34, 96
210.34, 96
210.43, 96
210.43, 96
210.44, 96
210.54, 96
210.54, 96
210.54, 96
210.54, 96
210.54, 96
210.92, 96
210.92, 96
210.92, 96
211.07, 96
211.07, 96
211.61, 96
211.78, 96
211.78, 96
211.79, 96
211.79, 96
212.03, 96
212.03, 96
212.03, 96
212.03, 96
213.51, 96
213.73, 96
213.73, 96
213.75, 96
213.76, 96
214.13, 96
214.74, 96
214.74, 96
214.75, 96
214.75, 96
214.75, 96
214.87, 96
214.87, 96
214.94, 96
215.21, 96
215.21, 96
215.41, 96
215.41, 96
215.41, 96
215.76, 96
216.17, 96
216.17, 96
216.32, 96
216.38, 96
216.42, 96
216.42, 96
216.42, 96
216.50, 96
216.50, 96
216.88, 96
216.88, 96
217.59, 96
217.59, 96
217.65, 96
218.15, 96
218.59, 96
218.64, 96
219.08, 96
219.08, 96
219.13, 96
220.04, 96
220.53, 96
220.77, 96
221.09, 96
221.30, 96
221.30, 96
222.68, 96
223.54, 96
223.86, 96
223.92, 96
223.92, 96
223.92, 96
224.09, 96
224.09, 96
224.43, 96
225.20, 96
225.50, 96
225.50, 96
226.00, 96
227.01, 96
227.01, 96
227.58, 96
227.58, 96
227.58, 96
227.66, 96
227.70, 96
227.99, 96
228.63, 96
229.21, 96
229.79, 96
230.29, 96
230.29, 96
230.33, 96
230.33, 96
230.81, 96
230.84, 96
230.85, 96
230.87, 96
231.14, 96
231.14, 96
231.27, 96
233.08, 96
233.27, 96
233.48, 96
233.75, 96
234.87, 96
234.87, 96
234.87, 96
235.81, 96
235.81, 96
235.82, 96
235.82, 96
235.84, 96
236.50, 96
236.61, 96
236.63, 96
238.78, 96
238.78, 96
238.95, 96
238.95, 96
239.11, 96
239.15, 96
239.67, 96
240.31, 96
240.31, 96
240.31, 96
241.60, 96
241.63, 96
241.63, 96
242.68, 96
242.68, 96
242.73, 96
242.93, 96
242.95, 96
243.43, 96
243.43, 96
243.43, 96
243.54, 96
243.82, 96
243.82, 96
245.16, 96
245.16, 96
245.20, 96
245.66, 96
245.92, 96
245.93, 96
246.00, 96
246.00, 96
246.48, 96
246.48, 96
246.48, 96
246.48, 96
246.48, 96
246.49, 96
246.61, 96
246.88, 96
247.63, 96
247.97, 96
247.97, 96
248.34, 96
248.65, 96
248.67, 96
248.96, 96
248.96, 96
249.05, 96
249.33, 96
250.06, 96
250.35, 96
250.35, 96
250.35, 96
250.90, 96
251.21, 96
251.38, 96
251.69, 96
251.70, 96
251.70, 96
251.70, 96
251.96, 96
252.08, 96
252.16, 96
252.16, 96
252.16, 96
252.61, 96
252.61, 96
252.61, 96
252.61, 96
252.61, 96
252.89, 96
252.89, 96
253.70, 96
253.70, 96
254.01, 96
254.05, 96
254.05, 96
254.12, 96
254.12, 96
254.19, 96
254.37, 96
255.31, 96
255.51, 96
255.99, 96
256.20, 96
256.43, 96
257.82, 96
257.82, 96
257.82, 96
257.82, 96
258.68, 96
258.68, 96
259.09, 96
259.22, 96
259.41, 96
260.10, 96
260.10, 96
260.10, 96
260.61, 96
261.99, 96
263.01, 96
263.17, 96
263.42, 96
263.42, 96
263.42, 96
263.68, 96
264.61, 96
264.71, 96
265.17, 96
265.59, 96
267.92, 96
268.50, 96
268.52, 96
268.52, 96
268.52, 96
268.52, 96
268.52, 96
268.52, 96
268.64, 96
268.70, 96
268.70, 96
268.70, 96
269.07, 96
269.13, 96
270.72, 96
270.72, 96
270.78, 96
270.79, 96
270.93, 96
271.36, 96
273.36, 96
273.76, 96
273.76, 96
274.23, 96
274.51, 96
274.95, 96
274.98, 96
274.98, 96
275.24, 96
275.43, 96
275.48, 96
275.50, 96
276.08, 96
276.08, 96
276.66, 96
277.23, 96
277.23, 96
277.27, 96
277.33, 96
277.33, 96
277.33, 96
277.33, 96
278.03, 96
278.04, 96
278.50, 96
278.50, 96
278.61, 96
279.76, 96
279.83, 96
279.83, 96
279.93, 96
280.43, 96
280.43, 96
280.66, 96
280.66, 96
280.66, 96
280.66, 96
281.38, 96
281.38, 96
281.38, 96
281.38, 96
281.38, 96
281.42, 96
281.42, 96
281.42, 96
282.58, 96
282.59, 96
282.82, 96
282.82, 96
283.66, 96
283.66, 96
283.66, 96
283.89, 96
284.70, 96
285.12, 96
285.12, 96
285.12, 96
285.88, 96
286.67, 96
286.71, 96
286.75, 96
287.06, 96
287.84, 96
287.84, 96
287.94, 96
288.52, 96
289.13, 96
289.28, 96
289.59, 96
290.37, 96
290.51, 96
291.16, 96
291.16, 96
291.16, 96
291.82, 96
291.91, 96
292.44, 96
292.45, 96
295.32, 96
295.88, 96
295.89, 96
295.89, 96
298.04, 96
298.04, 96
298.55, 96
299.70, 96
299.70, 96
300.09, 96
300.14, 96
300.14, 96
301.97, 96
302.99, 96
303.52, 96
303.75, 96
304.16, 96
304.47, 96
304.69, 96
304.69, 96
304.69, 96
304.69, 96
305.00, 96
305.27, 96
306.09, 96
306.89, 96
306.89, 96
306.89, 96
307.10, 96
307.59, 96
309.32, 96
309.42, 96
309.42, 96
310.25, 96
310.25, 96
310.25, 96
310.26, 96
310.26, 96
310.39, 96
310.39, 96
310.56, 96
310.56, 96
310.74, 96
311.34, 96
311.58, 96
312.98, 96
313.03, 96
313.99, 96
313.99, 96
313.99, 96
313.99, 96
314.14, 96
314.14, 96
314.18, 96
314.18, 96
314.18, 96
314.36, 96
314.90, 96
315.90, 96
315.99, 96
316.28, 96
317.39, 96
318.06, 96
318.42, 96
318.42, 96
318.54, 96
318.98, 96
319.40, 96
320.13, 96
321.18, 96
321.21, 96
321.21, 96
322.01, 96
322.09, 96
322.09, 96
322.68, 96
322.68, 96
322.69, 96
322.69, 96
322.69, 96
322.69, 96
322.69, 96
324.45, 96
324.45, 96
324.51, 96
324.94, 96
325.29, 96
325.29, 96
325.55, 96
325.55, 96
325.55, 96
325.55, 96
325.79, 96
326.34, 96
326.94, 96
326.99, 96
326.99, 96
326.99, 96
327.01, 96
327.01, 96
327.01, 96
328.21, 96
328.51, 96
328.52, 96
329.79, 96
330.56, 96
331.29, 96
331.29, 96
331.29, 96
331.41, 96
331.41, 96
331.89, 96
332.72, 96
332.72, 96
332.72, 96
332.73, 96
332.73, 96
333.02, 96
333.20, 96
333.69, 96
333.79, 96
333.83, 96
334.21, 96
335.01, 96
335.01, 96
335.38, 96
335.53, 96
336.62, 96
336.63, 96
337.04, 96
337.63, 96
338.23, 96
338.23, 96
338.27, 96
338.27, 96
338.68, 96
339.27, 96
339.27, 96
339.28, 96
339.62, 96
339.74, 96
339.74, 96
339.74, 96
340.86, 96
340.86, 96
340.86, 96
341.04, 96
341.16, 96
341.16, 96
341.16, 96
341.16, 96
341.17, 96
341.18, 96
341.18, 96
341.18, 96
341.18, 96
341.18, 96
342.02, 96
342.09, 96
342.29, 96
342.29, 96
342.50, 96
342.60, 96
343.44, 96
344.25, 96
344.29, 96
344.29, 96
344.63, 96
344.64, 96
346.07, 96
346.14, 96
346.16, 96
346.40, 96
346.85, 96
347.50, 96
348.07, 96
348.75, 96
350.78, 96
351.21, 96
353.00, 96
353.65, 96
354.84, 96
355.51, 96
355.51, 96
355.67, 96
355.92, 96
356.04, 96
357.04, 96
357.04, 96
357.04, 96
357.10, 96
357.49, 96
357.49, 96
357.61, 96
357.82, 96
358.43, 96
359.20, 96
359.20, 96
360.01, 96
360.45, 96
360.73, 96
360.73, 96
360.73, 96
360.73, 96
360.78, 96
360.78, 96
360.78, 96
360.78, 96
360.79, 96
360.79, 96
360.79, 96
361.43, 96
361.51, 96
361.58, 96
362.08, 96
362.08, 96
362.59, 96
362.60, 96
362.60, 96
363.58, 96
364.49, 96
364.50, 96
364.63, 96
364.63, 96
364.64, 96
365.62, 96
365.89, 96
366.14, 96
366.14, 96
366.78, 96
366.78, 96
366.78, 96
366.79, 96
367.02, 96
367.56, 96
367.57, 96
367.57, 96
367.90, 96
367.90, 96
367.92, 96
367.92, 96
368.02, 96
368.02, 96
368.02, 96
368.81, 96
369.69, 96
369.69, 96
370.30, 96
370.70, 96
370.70, 96
370.70, 96
370.70, 96
371.52, 96
371.52, 96
371.77, 96
372.30, 96
372.31, 96
372.31, 96
373.01, 96
373.01, 96
373.84, 96
373.84, 96
373.84, 96
373.84, 96
375.25, 96
375.44, 96
375.44, 96
376.39, 96
377.63, 96
377.90, 96
377.90, 96
377.90, 96
378.29, 96
378.92, 96
379.04, 96
379.33, 96
379.44, 96
379.45, 96
379.53, 96
379.74, 96
379.74, 96
379.95, 96
379.95, 96
380.58, 96
380.58, 96
380.70, 96
380.70, 96
380.81, 96
381.03, 96
381.44, 96
381.54, 96
381.54, 96
381.54, 96
381.54, 96
381.62, 96
381.82, 96
381.82, 96
382.15, 96
382.44, 96
384.35, 96
384.35, 96
384.42, 96
384.70, 96
384.70, 96
384.99, 96
385.23, 96
385.55, 96
385.65, 96
385.68, 96
386.46, 96
386.73, 96
386.73, 96
386.82, 96
386.83, 96
387.52, 96
387.72, 96
387.72, 96
387.72, 96
387.72, 96
387.72, 96
387.72, 96
387.76, 96
387.81, 96
387.95, 96
388.56, 96
388.83, 96
388.83, 96
388.83, 96
388.83, 96
388.83, 96
388.83, 96
388.85, 96
391.86, 96
391.86, 96
391.86, 96
391.86, 96
391.87, 96
392.09, 96
392.09, 96
392.09, 96
392.13, 96
392.13, 96
392.50, 96
392.96, 96
392.96, 96
393.16, 96
393.16, 96
393.16, 96
393.28, 96
393.39, 96
393.39, 96
393.40, 96
394.01, 96
395.88, 96
395.95, 96
396.45, 96
396.45, 96
397.12, 96
398.34, 96
398.58, 96
398.71, 96
399.33, 96
399.37, 96
399.37, 96
399.50, 96
399.50, 96
400.39, 96
400.39, 96
400.39, 96
401.33, 96
401.33, 96
402.38, 96
402.39, 96
402.39, 96
402.39, 96
402.39, 96
402.67, 96
402.67, 96
402.99, 96
403.18, 96
403.18, 96
403.19, 96
405.63, 96
406.29, 96
406.29, 96
406.29, 96
406.29, 96
406.29, 96
406.58, 96
406.58, 96
406.63, 96
406.75, 96
406.92, 96
407.25, 96
407.25, 96
407.25, 96
407.63, 96
408.05, 96
409.27, 96
409.27, 96
410.33, 96
411.26, 96
411.52, 96
412.18, 96
412.18, 96
412.58, 96
413.79, 96
413.79, 96
413.79, 96
413.84, 96
413.84, 96
413.84, 96
413.84, 96
413.84, 96
413.84, 96
413.84, 96
413.84, 96
413.84, 96
413.84, 96
414.09, 96
414.10, 96
414.10, 96
414.45, 96
414.91, 96
415.15, 96
415.48, 96
415.76, 96
415.76, 96
415.82, 96
416.45, 96
418.06, 96
418.26, 96
418.92, 96
418.92, 96
418.92, 96
418.92, 96
419.66, 96
419.66, 96
419.66, 96
419.66, 96
420.61, 96
420.61, 96
420.61, 96
420.65, 96
420.65, 96
420.65, 96
420.65, 96
420.67, 96
420.67, 96
420.84, 96
420.97, 96
420.97, 96
420.97, 96
421.10, 96
421.22, 96
422.19, 96
422.80, 96
423.11, 96
423.76, 96
423.76, 96
423.92, 96
424.02, 96
424.02, 96
425.12, 96
425.18, 96
425.18, 96
425.99, 96
427.46, 96
428.20, 96
428.20, 96
428.27, 96
429.12, 96
429.13, 96
429.13, 96
429.78, 96
429.78, 96
429.94, 96
429.94, 96
430.09, 96
430.09, 96
430.64, 96
430.64, 96
430.64, 96
430.64, 96
430.64, 96
430.66, 96
430.66, 96
430.97, 96
430.97, 96
431.52, 96
432.74, 96
433.23, 96
433.81, 96
433.91, 96
433.91, 96
434.56, 96
434.72, 96
434.73, 96
434.73, 96
434.73, 96
434.87, 96
434.88, 96
435.01, 96
435.02, 96
435.71, 96
435.72, 96
435.72, 96
435.79, 96
435.80, 96
435.89, 96
435.89, 96
436.76, 96
437.13, 96
437.59, 96
437.79, 96
438.21, 96
438.21, 96
438.29, 96
438.29, 96
438.30, 96
438.30, 96
438.49, 96
439.11, 96
440.55, 96
440.77, 96
440.77, 96
440.77, 96
440.95, 96
442.29, 96
442.79, 96
442.85, 96
442.85, 96
442.85, 96
442.86, 96
443.02, 96
443.15, 96
443.16, 96
443.33, 96
443.42, 96
443.83, 96
443.93, 96
443.93, 96
443.93, 96
443.94, 96
443.94, 96
443.94, 96
444.05, 96
444.37, 96
444.37, 96
444.37, 96
445.30, 96
445.96, 96
446.02, 96
446.08, 96
446.83, 96
447.62, 96
447.65, 96
448.01, 96
448.04, 96
448.04, 96
448.20, 96
448.20, 96
448.86, 96
449.05, 96
449.33, 96
450.56, 96
450.61, 96
450.67, 96
450.68, 96
451.14, 96
451.61, 96
451.62, 96
452.13, 96
452.13, 96
452.13, 96
452.13, 96
452.14, 96
452.14, 96
452.14, 96
452.14, 96
452.14, 96
452.39, 96
452.50, 96
452.64, 96
452.64, 96
453.37, 96
454.28, 96
454.28, 96
454.29, 96
454.29, 96
454.46, 96
455.10, 96
455.30, 96
455.30, 96
455.53, 96
455.53, 96
455.93, 96
456.82, 96
457.14, 96
457.14, 96
457.46, 96
457.46, 96
457.95, 96
457.95, 96
457.95, 96
457.95, 96
458.11, 96
458.11, 96
458.11, 96
458.11, 96
458.15, 96
458.36, 96
458.36, 96
458.36, 96
458.36, 96
459.22, 96
459.35, 96
459.35, 96
460.01, 96
460.01, 96
460.15, 96
460.15, 96
460.15, 96
460.15, 96
460.15, 96
461.83, 96
461.83, 96
461.86, 96
462.26, 96
462.26, 96
462.77, 96
462.78, 96
463.10, 96
463.46, 96
464.48, 96
465.36, 96
465.36, 96
466.81, 96
466.81, 96
467.01, 96
467.01, 96
467.24, 96
467.47, 96
467.47, 96
467.90, 96
467.98, 96
467.98, 96
467.99, 96
467.99, 96
468.16, 96
468.31, 96
468.77, 96
468.77, 96
468.78, 96
468.79, 96
469.02, 96
469.21, 96
469.54, 96
469.54, 96
470.46, 96
470.87, 96
471.80, 96
471.98, 96
471.98, 96
472.67, 96
472.85, 96
472.85, 96
472.85, 96
473.09, 96
473.91, 96
473.91, 96
473.91, 96
473.92, 96
473.92, 96
475.07, 96
475.55, 96
475.80, 96
475.80, 96
475.83, 96
477.12, 96
477.12, 96
477.12, 96
477.16, 96
479.12, 96
479.12, 96
479.12, 96
479.28, 96
479.84, 96
479.84, 96
479.84, 96
479.93, 96
480.32, 96
480.32, 96
480.32, 96
480.41, 96
480.44, 96
480.56, 96
480.99, 96
481.23, 96
481.23, 96
481.62, 96
482.22, 96
482.42, 96
482.71, 96
482.76, 96
483.39, 96
483.53, 96
483.53, 96
483.53, 96
483.73, 96
484.81, 96
484.81, 96
485.47, 96
485.47, 96
485.47, 96
485.48, 96
485.48, 96
485.48, 96
486.23, 96
486.84, 96
486.84, 96
488.14, 96
488.14, 96
488.14, 96
488.32, 96
488.44, 96
488.82, 96
490.37, 96
490.38, 96
490.90, 96
490.99, 96
491.60, 96
491.60, 96
492.11, 96
493.53, 96
493.54, 96
493.59, 96
493.71, 96
493.71, 96
493.71, 96
493.71, 96
493.71, 96
493.80, 96
493.92, 96
494.18, 96
494.25, 96
495.02, 96
495.04, 96
495.64, 96
495.92, 96
495.99, 96
495.99, 96
496.15, 96
496.69, 96
496.92, 96
497.13, 96
497.32, 96
497.32, 96
498.19, 96
498.19, 96
498.19, 96
498.19, 96
498.37, 96
498.68, 96
498.68, 96
499.29, 96
499.29, 96
499.64, 96
499.64, 96
500.85, 96
500.85, 96
501.29, 96
502.06, 96
502.07, 96
502.81, 96
502.81, 96
503.15, 96
503.17, 96
503.17, 96
503.21, 96
503.31, 96
504.85, 96
504.85, 96
504.85, 96
505.31, 96
505.62, 96
505.84, 96
505.88, 96
505.91, 96
505.91, 96
506.25, 96
506.36, 96
506.56, 96
507.05, 96
507.21, 96
507.21, 96
507.55, 96
507.81, 96
507.81, 96
507.86, 96
509.25, 96
509.25, 96
509.25, 96
509.38, 96
509.38, 96
510.21, 96
510.45, 96
510.55, 96
510.56, 96
511.71, 96
511.81, 96
512.12, 96
513.91, 96
514.56, 96
514.83, 96
514.83, 96
514.84, 96
514.93, 96
514.93, 96
515.21, 96
515.21, 96
515.21, 96
515.21, 96
515.24, 96
515.24, 96
515.47, 96
515.47, 96
515.56, 96
516.08, 96
516.94, 96
517.01, 96
517.10, 96
517.10, 96
517.69, 96
518.06, 96
518.06, 96
518.46, 96
518.46, 96
518.48, 96
520.37, 96
520.38, 96
520.38, 96
521.18, 96
521.50, 96
521.95, 96
522.10, 96
522.34, 96
522.35, 96
522.50, 96
522.73, 96
522.93, 96
522.93, 96
523.36, 96
523.37, 96
523.37, 96
523.50, 96
523.50, 96
523.84, 96
524.04, 96
524.09, 96
524.09, 96
524.31, 96
524.36, 96
524.40, 96
524.40, 96
524.41, 96
524.41, 96
524.41, 96
524.41, 96
525.07, 96
525.59, 96
525.59, 96
525.66, 96
525.66, 96
525.66, 96
525.89, 96
526.40, 96
527.40, 96
529.46, 96
529.55, 96
530.12, 96
530.66, 96
530.74, 96
534.18, 96
534.18, 96
534.44, 96
535.49, 96
535.50, 96
535.58, 96
535.93, 96
536.06, 96
536.36, 96
536.36, 96
536.36, 96
536.36, 96
536.97, 96
537.42, 96
537.42, 96
537.42, 96
537.71, 96
537.71, 96
537.84, 96
537.84, 96
537.84, 96
538.09, 96
538.94, 96
539.12, 96
539.12, 96
539.51, 96
539.51, 96
540.16, 96
540.16, 96
540.35, 96
540.41, 96
540.41, 96
541.07, 96
541.15, 96
541.16, 96
541.48, 96
541.48, 96
541.48, 96
541.48, 96
541.62, 96
541.64, 96
541.97, 96
542.05, 96
542.05, 96
542.05, 96
542.06, 96
542.10, 96
542.11, 96
542.11, 96
542.11, 96
542.61, 96
542.86, 96
542.98, 96
542.98, 96
543.07, 96
543.64, 96
543.83, 96
543.83, 96
543.84, 96
544.25, 96
544.25, 96
544.47, 96
544.47, 96
544.58, 96
544.58, 96
544.60, 96
544.60, 96
544.66, 96
544.66, 96
544.66, 96
545.01, 96
545.19, 96
546.13, 96
546.48, 96
546.98, 96
546.99, 96
547.03, 96
547.03, 96
547.27, 96
547.27, 96
547.27, 96
547.31, 96
548.95, 96
549.21, 96
549.32, 96
549.38, 96
549.51, 96
550.61, 96
551.84, 96
553.03, 96
553.03, 96
553.65, 96
553.65, 96
553.65, 96
553.67, 96
553.67, 96
553.71, 96
553.79, 96
553.79, 96
554.38, 96
554.59, 96
554.59, 96
554.59, 96
555.06, 96
555.06, 96
555.94, 96
555.94, 96
555.95, 96
555.95, 96
556.02, 96
556.20, 96
556.21, 96
556.28, 96
556.80, 96
556.80, 96
556.80, 96
556.80, 96
556.95, 96
558.21, 96
558.26, 96
559.00, 96
559.43, 96
559.70, 96
559.96, 96
560.25, 96
560.25, 96
560.31, 96
560.31, 96
560.31, 96
561.34, 96
561.45, 96
561.91, 96
562.00, 96
562.00, 96
562.37, 96
562.38, 96
562.58, 96
562.89, 96
563.11, 96
563.11, 96
563.90, 96
563.90, 96
563.95, 96
564.04, 96
564.04, 96
564.24, 96
565.09, 96
565.13, 96
565.13, 96
565.13, 96
565.77, 96
567.04, 96
567.82, 96
568.42, 96
568.94, 96
568.94, 96
569.18, 96
569.24, 96
569.24, 96
569.83, 96
569.83, 96
570.24, 96
570.79, 96
571.00, 96
571.00, 96
572.71, 96
573.50, 96
573.62, 96
574.27, 96
574.49, 96
575.40, 96
575.40, 96
575.58, 96
575.58, 96
575.60, 96
575.60, 96
576.49, 96
576.49, 96
576.71, 96
577.15, 96
577.16, 96
577.16, 96
577.59, 96
577.60, 96
577.70, 96
578.63, 96
578.63, 96
578.79, 96
579.28, 96
580.94, 96
581.14, 96
581.14, 96
581.28, 96
581.38, 96
581.38, 96
581.44, 96
581.44, 96
581.44, 96
581.60, 96
582.24, 96
582.61, 96
582.61, 96
583.36, 96
583.37, 96
583.51, 96
583.96, 96
583.96, 96
583.96, 96
583.96, 96
584.40, 96
584.40, 96
584.60, 96
584.61, 96
586.86, 96
587.57, 96
587.57, 96
587.57, 96
587.57, 96
588.61, 96
588.61, 96
588.65, 96
588.65, 96
588.65, 96
588.66, 96
588.66, 96
588.66, 96
588.72, 96
589.04, 96
590.28, 96
590.42, 96
590.42, 96
590.42, 96
590.95, 96
591.26, 96
591.26, 96
591.26, 96
591.27, 96
592.14, 96
592.14, 96
594.47, 96
594.48, 96
594.95, 96
595.11, 96
595.11, 96
595.30, 96
595.30, 96
595.42, 96
595.43, 96
595.57, 96
595.57, 96
595.57, 96
595.57, 96
595.57, 96
596.40, 96
596.41, 96
596.74, 96
596.74, 96
596.74, 96
596.74, 96
596.74, 96
596.74, 96
597.06, 96
597.06, 96
598.15, 96
598.95, 96
598.95, 96
598.99, 96
599.60, 96
