0.00, 102
0.00, 99
0.01, 99
0.01, 99
0.01, 99
0.02, 98
0.02, 98
0.02, 98
0.02, 98
0.03, 98
0.04, 97
0.05, 97
0.06, 97
0.07, 97
0.10, 97
0.10, 97
0.13, 97
0.14, 97
0.14, 97
0.28, 97
0.29, 97
0.35, 97
0.36, 97
0.37, 97
0.37, 97
0.42, 97
0.42, 97
0.42, 97
0.49, 97
0.49, 97
0.49, 97
0.55, 97
0.58, 97
0.58, 97
0.62, 97
0.62, 97
0.62, 97
0.62, 97
0.62, 97
0.63, 97
0.63, 97
0.63, 97
0.68, 97
0.68, 97
0.68, 97
0.68, 96
1.40, 96
2.43, 96
2.55, 96
2.62, 96
2.62, 96
3.72, 96
5.71, 96
5.94, 96
6.55, 96
6.60, 96
6.75, 96
6.75, 96
7.10, 96
7.94, 96
7.97, 96
7.97, 96
8.16, 96
8.16, 96
9.36, 96
9.60, 96
9.60, 96
9.82, 96
10.45, 96
11.48, 96
11.58, 96
13.00, 96
13.00, 96
13.26, 96
13.26, 96
13.72, 96
13.91, 96
13.91, 96
14.30, 96
14.30, 96
14.65, 96
14.65, 96
14.65, 96
15.04, 96
15.12, 96
15.13, 96
15.16, 96
15.19, 96
16.21, 96
16.21, 96
16.30, 96
16.30, 96
16.47, 96
16.47, 96
16.67, 96
16.67, 96
16.67, 96
16.93, 96
16.93, 96
17.49, 96
17.49, 96
17.49, 96
17.50, 96
17.50, 96
17.50, 96
17.51, 96
18.51, 96
18.51, 96
18.52, 96
19.08, 96
19.28, 96
19.28, 96
19.28, 96
19.76, 96
20.64, 96
21.19, 96
21.19, 96
21.77, 96
24.16, 96
24.16, 96
24.35, 96
24.40, 96
24.41, 96
24.41, 96
24.83, 96
24.94, 96
25.23, 96
25.73, 96
25.99, 96
25.99, 96
26.20, 96
26.31, 96
26.39, 96
26.44, 96
26.48, 96
26.48, 96
26.54, 96
28.26, 96
28.54, 96
28.54, 96
28.55, 96
29.44, 96
30.51, 96
30.56, 96
30.56, 96
30.56, 96
30.56, 96
30.76, 96
31.12, 96
31.36, 96
31.36, 96
31.37, 96
31.81, 96
31.81, 96
31.97, 96
33.76, 96
33.85, 96
34.32, 96
34.32, 96
34.46, 96
34.95, 96
34.95, 96
34.95, 96
35.17, 96
35.31, 96
35.35, 96
36.20, 96
36.20, 96
36.20, 96
36.20, 96
36.20, 96
36.26, 96
37.30, 96
38.10, 96
38.10, 96
38.37, 96
38.49, 96
39.67, 96
39.67, 96
39.67, 96
39.67, 96
39.67, 96
39.72, 96
40.03, 96
40.08, 96
40.71, 96
40.71, 96
40.81, 96
41.46, 96
41.62, 96
41.62, 96
41.71, 96
41.89, 96
43.56, 96
44.43, 96
44.43, 96
44.59, 96
44.61, 96
44.66, 96
44.66, 96
45.15, 96
45.21, 96
45.22, 96
45.33, 96
45.33, 96
45.33, 96
45.40, 96
45.41, 96
45.41, 96
45.64, 96
45.65, 96
45.65, 96
45.90, 96
45.90, 96
46.39, 96
46.51, 96
46.89, 96
47.63, 96
47.67, 96
48.90, 96
50.20, 96
50.21, 96
50.54, 96
50.69, 96
51.41, 96
52.61, 96
52.62, 96
52.62, 96
53.03, 96
53.04, 96
53.26, 96
53.26, 96
53.27, 96
54.00, 96
54.00, 96
54.72, 96
54.74, 96
54.77, 96
55.29, 96
55.29, 96
55.42, 96
55.43, 96
56.43, 96
56.82, 96
56.83, 96
56.83, 96
56.83, 96
56.86, 96
56.97, 96
57.01, 96
57.01, 96
57.24, 96
57.24, 96
57.24, 96
57.24, 96
57.24, 96
57.24, 96
57.77, 96
57.77, 96
57.77, 96
58.64, 96
58.65, 96
59.27, 96
59.27, 96
59.94, 96
60.06, 96
60.06, 96
60.17, 96
60.17, 96
60.17, 96
60.17, 96
60.66, 96
60.66, 96
60.96, 96
60.96, 96
61.21, 96
61.22, 96
62.22, 96
62.22, 96
62.22, 96
62.22, 96
62.22, 96
62.45, 96
62.45, 96
63.59, 96
63.59, 96
63.99, 96
64.28, 96
64.28, 96
65.06, 96
65.35, 96
65.36, 96
65.68, 96
65.99, 96
67.21, 96
67.59, 96
67.59, 96
68.19, 96
68.34, 96
68.75, 96
68.76, 96
69.14, 96
69.85, 96
69.85, 96
69.85, 96
70.18, 96
70.95, 96
73.12, 96
73.19, 96
73.19, 96
73.64, 96
73.65, 96
74.00, 96
74.16, 96
74.16, 96
74.47, 96
74.85, 96
74.85, 96
74.85, 96
74.85, 96
75.98, 96
76.09, 96
76.43, 96
77.52, 96
78.09, 96
78.54, 96
78.99, 96
78.99, 96
79.30, 96
79.97, 96
79.97, 96
80.19, 96
80.19, 96
81.10, 96
81.10, 96
81.56, 96
81.68, 96
81.70, 96
81.70, 96
81.71, 96
81.83, 96
82.15, 96
82.98, 96
82.98, 96
82.98, 96
83.10, 96
83.10, 96
83.10, 96
83.10, 96
83.10, 96
83.11, 96
83.20, 96
83.20, 96
84.89, 96
84.89, 96
84.89, 96
84.90, 96
85.65, 96
85.90, 96
86.03, 96
86.86, 96
86.86, 96
87.17, 96
87.31, 96
87.58, 96
87.66, 96
87.88, 96
87.89, 96
88.33, 96
88.67, 96
88.85, 96
88.95, 96
89.16, 96
89.16, 96
90.01, 96
90.01, 96
90.02, 96
91.64, 96
91.64, 96
91.67, 96
92.48, 96
92.49, 96
92.49, 96
92.95, 96
93.38, 96
94.17, 96
94.17, 96
94.73, 96
96.08, 96
96.98, 96
96.98, 96
97.27, 96
97.76, 96
97.76, 96
99.99, 96
100.02, 96
100.02, 96
100.43, 96
100.70, 96
100.70, 96
100.70, 96
100.71, 96
100.78, 96
100.86, 96
100.86, 96
100.86, 96
102.41, 96
102.41, 96
102.63, 96
102.63, 96
102.63, 96
103.22, 96
103.81, 96
103.81, 96
103.89, 96
103.94, 96
103.94, 96
103.94, 96
103.94, 96
104.51, 96
106.37, 96
106.38, 96
107.01, 96
107.02, 96
107.02, 96
107.06, 96
107.07, 96
107.07, 96
107.17, 96
107.17, 96
107.45, 96
107.98, 96
108.11, 96
108.79, 96
108.95, 96
108.95, 96
108.95, 96
108.95, 96
108.95, 96
109.58, 96
109.58, 96
109.58, 96
109.58, 96
109.59, 96
110.03, 96
110.03, 96
111.38, 96
111.38, 96
112.21, 96
112.21, 96
112.48, 96
112.83, 96
114.42, 96
115.30, 96
115.30, 96
115.30, 96
115.30, 96
115.30, 96
115.30, 96
116.62, 96
116.62, 96
116.62, 96
116.88, 96
116.88, 96
116.88, 96
116.88, 96
116.99, 96
117.23, 96
117.23, 96
117.24, 96
117.24, 96
117.24, 96
117.24, 96
117.88, 96
117.89, 96
119.67, 96
119.67, 96
119.67, 96
121.07, 96
121.28, 96
121.47, 96
121.87, 96
121.87, 96
121.87, 96
121.99, 96
121.99, 96
121.99, 96
121.99, 96
122.02, 96
122.02, 96
122.56, 96
122.87, 96
123.23, 96
123.27, 96
123.27, 96
123.84, 96
124.09, 96
124.72, 96
125.07, 96
125.41, 96
125.46, 96
125.46, 96
125.46, 96
125.46, 96
125.87, 96
126.18, 96
126.19, 96
126.19, 96
126.20, 96
126.20, 96
126.21, 96
126.45, 96
126.45, 96
126.48, 96
126.52, 96
126.52, 96
126.53, 96
126.90, 96
127.33, 96
127.33, 96
127.63, 96
128.46, 96
128.46, 96
129.18, 96
129.31, 96
129.31, 96
129.47, 96
129.61, 96
129.62, 96
129.62, 96
130.52, 96
130.75, 96
131.33, 96
131.33, 96
131.51, 96
132.25, 96
132.26, 96
132.32, 96
132.82, 96
133.02, 96
133.02, 96
133.38, 96
133.38, 96
134.08, 96
134.09, 96
134.63, 96
135.08, 96
135.08, 96
135.08, 96
135.08, 96
136.41, 96
136.41, 96
136.81, 96
137.33, 96
137.94, 96
138.00, 96
138.01, 96
138.11, 96
138.24, 96
138.98, 96
139.68, 96
140.08, 96
140.08, 96
140.34, 96
141.19, 96
142.09, 96
142.09, 96
143.10, 96
143.44, 96
143.62, 96
144.00, 96
144.56, 96
144.57, 96
145.06, 96
145.51, 96
145.51, 96
145.58, 96
146.61, 96
146.70, 96
146.70, 96
147.31, 96
147.69, 96
147.69, 96
147.69, 96
147.90, 96
147.91, 96
148.04, 96
148.08, 96
148.08, 96
148.08, 96
148.57, 96
148.57, 96
149.27, 96
149.28, 96
149.46, 96
149.46, 96
149.47, 96
149.47, 96
150.10, 96
150.10, 96
150.11, 96
150.15, 96
150.18, 96
150.85, 96
150.85, 96
150.85, 96
150.85, 96
150.85, 96
150.87, 96
150.99, 96
150.99, 96
150.99, 96
150.99, 96
151.14, 96
151.63, 96
152.50, 96
152.51, 96
153.20, 96
153.21, 96
153.62, 96
153.62, 96
153.63, 96
153.68, 96
153.69, 96
153.69, 96
153.86, 96
154.12, 96
154.21, 96
154.83, 96
154.83, 96
154.94, 96
155.39, 96
155.53, 96
155.72, 96
156.37, 96
156.80, 96
157.06, 96
158.06, 96
158.15, 96
158.15, 96
158.49, 96
158.49, 96
158.50, 96
158.61, 96
158.72, 96
158.72, 96
158.84, 96
159.01, 96
159.01, 96
159.01, 96
159.02, 96
160.06, 96
160.06, 96
160.06, 96
160.10, 96
160.10, 96
160.10, 96
160.10, 96
161.73, 96
161.78, 96
161.78, 96
162.07, 96
163.36, 96
163.51, 96
163.77, 96
165.18, 96
165.47, 96
165.59, 96
166.27, 96
166.32, 96
166.32, 96
166.41, 96
167.45, 96
167.45, 96
167.75, 96
167.94, 96
168.97, 96
169.32, 96
169.32, 96
169.59, 96
169.95, 96
170.56, 96
170.56, 96
170.56, 96
170.57, 96
171.01, 96
171.01, 96
171.01, 96
171.01, 96
171.50, 96
171.89, 96
171.91, 96
171.92, 96
173.00, 96
173.21, 96
173.42, 96
173.67, 96
173.67, 96
173.67, 96
174.18, 96
174.18, 96
174.18, 96
174.79, 96
175.02, 96
175.02, 96
175.44, 96
175.68, 96
177.25, 96
177.29, 96
177.29, 96
177.57, 96
177.90, 96
178.62, 96
179.39, 96
179.39, 96
179.39, 96
179.39, 96
179.42, 96
179.42, 96
179.78, 96
180.38, 96
180.63, 96
181.34, 96
181.34, 96
181.90, 96
181.95, 96
182.46, 96
182.96, 96
182.96, 96
183.25, 96
183.25, 96
183.25, 96
183.76, 96
183.76, 96
183.84, 96
184.11, 96
184.59, 96
184.59, 96
184.59, 96
184.59, 96
184.63, 96
184.98, 96
185.20, 96
185.21, 96
185.37, 96
185.91, 96
185.91, 96
185.91, 96
185.91, 96
185.91, 96
186.48, 96
186.48, 96
186.59, 96
186.70, 96
186.70, 96
187.18, 96
187.18, 96
187.31, 96
187.31, 96
187.31, 96
187.32, 96
187.32, 96
187.65, 96
188.12, 96
188.12, 96
188.12, 96
188.12, 96
188.17, 96
188.41, 96
188.66, 96
189.16, 96
189.35, 96
189.56, 96
189.56, 96
189.71, 96
189.71, 96
189.71, 96
189.87, 96
189.87, 96
189.87, 96
189.93, 96
189.95, 96
190.13, 96
190.69, 96
190.69, 96
190.69, 96
190.69, 96
190.88, 96
190.88, 96
193.32, 96
193.33, 96
193.52, 96
194.38, 96
194.38, 96
194.38, 96
194.60, 96
194.60, 96
194.68, 96
194.71, 96
194.90, 96
194.90, 96
194.90, 96
194.90, 96
195.01, 96
195.01, 96
195.22, 96
195.93, 96
195.93, 96
196.86, 96
196.86, 96
197.37, 96
198.31, 96
198.52, 96
198.71, 96
198.71, 96
199.06, 96
199.06, 96
199.06, 96
199.08, 96
199.08, 96
199.08, 96
199.74, 96
199.74, 96
200.12, 96
201.35, 96
201.41, 96
201.41, 96
201.41, 96
201.41, 96
202.50, 96
203.01, 96
203.50, 96
203.50, 96
203.59, 96
203.60, 96
203.60, 96
204.58, 96
206.53, 96
206.53, 96
206.53, 96
206.53, 96
206.79, 96
206.79, 96
207.39, 96
207.73, 96
208.00, 96
208.23, 96
209.88, 96
209.88, 96
210.77, 96
211.09, 96
211.09, 96
211.09, 96
211.09, 96
211.21, 96
211.24, 96
211.60, 96
211.60, 96
211.60, 96
211.60, 96
211.60, 96
211.65, 96
211.65, 96
211.65, 96
211.89, 96
211.90, 96
211.91, 96
212.18, 96
212.72, 96
212.72, 96
213.48, 96
213.48, 96
213.48, 96
213.48, 96
213.58, 96
213.58, 96
213.58, 96
213.67, 96
213.67, 96
213.67, 96
213.67, 96
213.67, 96
214.07, 96
214.07, 96
214.07, 96
214.20, 96
214.20, 96
214.79, 96
214.97, 96
214.97, 96
214.97, 96
214.97, 96
215.18, 96
215.18, 96
215.19, 96
215.19, 96
216.63, 96
216.83, 96
216.83, 96
216.85, 96
216.85, 96
217.23, 96
217.93, 96
217.93, 96
217.94, 96
217.94, 96
217.95, 96
218.08, 96
218.08, 96
218.15, 96
218.42, 96
218.42, 96
218.62, 96
218.62, 96
218.62, 96
219.00, 96
219.45, 96
219.45, 96
219.59, 96
219.65, 96
219.69, 96
219.70, 96
219.70, 96
219.78, 96
219.78, 96
220.11, 96
220.11, 96
220.88, 96
220.89, 96
220.95, 96
221.50, 96
221.97, 96
222.01, 96
222.46, 96
222.46, 96
222.51, 96
223.39, 96
223.93, 96
224.21, 96
224.56, 96
224.75, 96
224.76, 96
226.08, 96
226.96, 96
227.28, 96
227.33, 96
227.33, 96
227.33, 96
227.49, 96
227.49, 96
227.93, 96
228.60, 96
228.90, 96
228.90, 96
229.38, 96
230.45, 96
230.45, 96
230.99, 96
230.99, 96
230.99, 96
231.06, 96
231.10, 96
231.37, 96
232.03, 96
232.61, 96
233.23, 96
233.68, 96
233.68, 96
233.71, 96
233.71, 96
234.24, 96
234.27, 96
234.28, 96
234.31, 96
234.59, 96
234.59, 96
234.72, 96
236.45, 96
236.65, 96
236.88, 96
237.17, 96
238.37, 96
238.37, 96
238.37, 96
239.33, 96
239.33, 96
239.33, 96
239.34, 96
239.35, 96
240.03, 96
240.15, 96
240.16, 96
242.31, 96
242.31, 96
242.46, 96
242.47, 96
242.65, 96
242.69, 96
243.26, 96
243.87, 96
243.87, 96
243.87, 96
245.24, 96
245.27, 96
245.27, 96
246.27, 96
246.27, 96
246.31, 96
246.50, 96
246.51, 96
246.98, 96
246.98, 96
246.98, 96
247.09, 96
247.40, 96
247.40, 96
248.77, 96
248.77, 96
248.81, 96
249.21, 96
249.48, 96
249.48, 96
249.55, 96
249.56, 96
250.02, 96
250.03, 96
250.03, 96
250.03, 96
250.03, 96
250.04, 96
250.16, 96
250.42, 96
251.04, 96
251.35, 96
251.36, 96
251.70, 96
252.03, 96
252.06, 96
252.35, 96
252.36, 96
252.43, 96
252.86, 96
253.57, 96
253.85, 96
253.85, 96
253.85, 96
254.37, 96
254.72, 96
254.91, 96
255.22, 96
255.22, 96
255.22, 96
255.23, 96
255.47, 96
255.57, 96
255.64, 96
255.64, 96
255.64, 96
256.04, 96
256.04, 96
256.04, 96
256.04, 96
256.05, 96
256.30, 96
256.30, 96
257.20, 96
257.20, 96
257.52, 96
257.57, 96
257.57, 96
257.68, 96
257.68, 96
257.77, 96
258.05, 96
258.95, 96
259.16, 96
259.67, 96
259.89, 96
260.14, 96
261.50, 96
261.50, 96
261.50, 96
261.50, 96
262.35, 96
262.35, 96
262.77, 96
262.94, 96
263.16, 96
263.78, 96
263.78, 96
263.78, 96
264.24, 96
265.63, 96
266.59, 96
266.74, 96
267.00, 96
267.00, 96
267.00, 96
267.26, 96
268.10, 96
268.18, 96
268.54, 96
268.88, 96
271.21, 96
271.80, 96
271.81, 96
271.81, 96
271.81, 96
271.81, 96
271.81, 96
271.82, 96
271.93, 96
272.01, 96
272.01, 96
272.01, 96
272.39, 96
272.44, 96
274.06, 96
274.07, 96
274.14, 96
274.14, 96
274.28, 96
274.74, 96
276.71, 96
277.11, 96
277.12, 96
277.58, 96
277.90, 96
278.30, 96
278.31, 96
278.31, 96
278.59, 96
278.78, 96
278.83, 96
278.85, 96
279.45, 96
279.45, 96
280.10, 96
280.77, 96
280.77, 96
280.82, 96
280.89, 96
280.89, 96
280.89, 96
280.89, 96
281.76, 96
281.78, 96
282.23, 96
282.23, 96
282.33, 96
283.56, 96
283.62, 96
283.63, 96
283.71, 96
284.19, 96
284.19, 96
284.44, 96
284.44, 96
284.44, 96
284.44, 96
285.17, 96
285.17, 96
285.17, 96
285.18, 96
285.18, 96
285.20, 96
285.20, 96
285.21, 96
286.28, 96
286.28, 96
286.46, 96
286.46, 96
287.35, 96
287.35, 96
287.35, 96
287.55, 96
288.31, 96
288.60, 96
288.60, 96
288.61, 96
289.30, 96
290.06, 96
290.09, 96
290.10, 96
290.40, 96
291.21, 96
291.24, 96
291.36, 96
292.00, 96
292.62, 96
292.77, 96
293.12, 96
293.86, 96
294.01, 96
294.69, 96
294.69, 96
294.69, 96
295.43, 96
295.52, 96
296.07, 96
296.07, 96
299.02, 96
299.62, 96
299.62, 96
299.62, 96
301.87, 96
301.88, 96
302.44, 96
303.53, 96
303.54, 96
303.95, 96
304.01, 96
304.01, 96
305.90, 96
306.93, 96
307.49, 96
307.75, 96
308.30, 96
308.60, 96
308.83, 96
308.83, 96
308.83, 96
308.84, 96
309.10, 96
309.38, 96
310.25, 96
311.06, 96
311.06, 96
311.06, 96
311.26, 96
311.78, 96
313.67, 96
313.77, 96
313.78, 96
314.57, 96
314.57, 96
314.57, 96
314.57, 96
314.57, 96
314.69, 96
314.69, 96
314.90, 96
314.90, 96
315.10, 96
315.74, 96
316.00, 96
317.45, 96
317.53, 96
318.68, 96
318.72, 96
318.74, 96
318.74, 96
318.94, 96
318.94, 96
319.00, 96
319.01, 96
319.01, 96
319.26, 96
319.77, 96
320.79, 96
320.90, 96
321.21, 96
322.40, 96
323.16, 96
323.50, 96
323.50, 96
323.60, 96
324.03, 96
324.46, 96
325.12, 96
326.18, 96
326.21, 96
326.21, 96
326.99, 96
327.08, 96
327.08, 96
327.64, 96
327.64, 96
327.64, 96
327.65, 96
327.65, 96
327.65, 96
327.66, 96
329.59, 96
329.59, 96
329.62, 96
329.98, 96
330.31, 96
330.31, 96
330.56, 96
330.56, 96
330.56, 96
330.57, 96
330.80, 96
331.38, 96
331.96, 96
332.01, 96
332.02, 96
332.02, 96
332.04, 96
332.04, 96
332.04, 96
333.32, 96
333.65, 96
333.65, 96
334.87, 96
335.61, 96
336.32, 96
336.32, 96
336.32, 96
336.43, 96
336.43, 96
336.90, 96
337.76, 96
337.77, 96
337.77, 96
337.77, 96
337.77, 96
338.15, 96
338.34, 96
338.87, 96
338.95, 96
338.98, 96
339.38, 96
340.07, 96
340.07, 96
340.43, 96
340.58, 96
341.67, 96
341.68, 96
342.09, 96
342.72, 96
343.42, 96
343.42, 96
343.47, 96
343.47, 96
343.84, 96
344.43, 96
344.44, 96
344.44, 96
344.77, 96
344.86, 96
344.86, 96
344.86, 96
345.96, 96
345.97, 96
345.97, 96
346.15, 96
346.27, 96
346.27, 96
346.27, 96
346.27, 96
346.28, 96
346.28, 96
346.28, 96
346.28, 96
346.28, 96
346.28, 96
347.18, 96
347.25, 96
347.43, 96
347.43, 96
347.62, 96
347.71, 96
348.67, 96
349.42, 96
349.45, 96
349.45, 96
349.77, 96
349.77, 96
351.15, 96
351.23, 96
351.24, 96
351.47, 96
351.95, 96
352.62, 96
353.29, 96
353.97, 96
355.92, 96
356.34, 96
358.29, 96
358.93, 96
360.03, 96
360.70, 96
360.70, 96
360.87, 96
361.15, 96
361.26, 96
362.24, 96
362.24, 96
362.24, 96
362.30, 96
362.68, 96
362.68, 96
362.83, 96
363.08, 96
363.70, 96
364.46, 96
364.46, 96
365.18, 96
365.63, 96
365.88, 96
365.88, 96
365.88, 96
365.88, 96
365.94, 96
365.94, 96
365.94, 96
365.94, 96
365.94, 96
365.94, 96
365.95, 96
366.57, 96
366.67, 96
366.76, 96
367.25, 96
367.25, 96
367.80, 96
367.80, 96
367.80, 96
368.87, 96
370.02, 96
370.02, 96
370.16, 96
370.17, 96
370.18, 96
371.54, 96
371.91, 96
372.28, 96
372.28, 96
373.16, 96
373.16, 96
373.16, 96
373.17, 96
373.40, 96
374.09, 96
374.09, 96
374.09, 96
374.47, 96
374.47, 96
374.49, 96
374.49, 96
374.61, 96
374.61, 96
374.61, 96
375.57, 96
376.42, 96
376.42, 96
376.96, 96
377.40, 96
377.41, 96
377.41, 96
377.41, 96
378.37, 96
378.37, 96
378.64, 96
379.18, 96
379.18, 96
379.19, 96
379.86, 96
379.87, 96
380.72, 96
380.73, 96
380.73, 96
380.73, 96
382.12, 96
382.32, 96
382.32, 96
383.29, 96
384.50, 96
384.74, 96
384.75, 96
384.75, 96
385.17, 96
385.85, 96
385.96, 96
386.25, 96
386.37, 96
386.37, 96
386.46, 96
386.62, 96
386.62, 96
386.80, 96
386.80, 96
387.42, 96
387.42, 96
387.56, 96
387.56, 96
387.66, 96
387.97, 96
388.40, 96
388.51, 96
388.51, 96
388.51, 96
388.51, 96
388.58, 96
388.79, 96
388.79, 96
389.14, 96
389.46, 96
391.40, 96
391.40, 96
391.47, 96
391.71, 96
391.71, 96
391.94, 96
392.21, 96
392.54, 96
392.64, 96
392.69, 96
393.52, 96
393.84, 96
393.84, 96
393.92, 96
393.92, 96
394.66, 96
394.89, 96
394.89, 96
394.89, 96
394.89, 96
394.89, 96
394.89, 96
394.92, 96
394.99, 96
395.14, 96
395.75, 96
396.03, 96
396.03, 96
396.03, 96
396.03, 96
396.03, 96
396.03, 96
396.04, 96
399.13, 96
399.14, 96
399.14, 96
399.14, 96
399.14, 96
399.38, 96
399.38, 96
399.38, 96
399.42, 96
399.43, 96
399.80, 96
400.20, 96
400.20, 96
400.40, 96
400.40, 96
400.40, 96
400.50, 96
400.62, 96
400.62, 96
400.62, 96
401.27, 96
403.10, 96
403.18, 96
403.70, 96
403.70, 96
404.38, 96
405.64, 96
405.86, 96
405.98, 96
406.59, 96
406.64, 96
406.64, 96
406.76, 96
406.76, 96
407.56, 96
407.57, 96
407.57, 96
408.61, 96
408.62, 96
409.67, 96
409.67, 96
409.68, 96
409.68, 96
409.68, 96
409.90, 96
409.90, 96
410.21, 96
410.39, 96
410.39, 96
410.39, 96
412.72, 96
413.41, 96
413.41, 96
413.41, 96
413.41, 96
413.41, 96
413.71, 96
413.71, 96
413.75, 96
413.88, 96
414.07, 96
414.43, 96
414.44, 96
414.44, 96
414.81, 96
415.22, 96
416.44, 96
416.45, 96
417.45, 96
418.49, 96
418.77, 96
419.44, 96
419.44, 96
419.80, 96
421.07, 96
421.07, 96
421.07, 96
421.12, 96
421.12, 96
421.12, 96
421.12, 96
421.12, 96
421.12, 96
421.12, 96
421.13, 96
421.13, 96
421.13, 96
421.39, 96
421.39, 96
421.39, 96
421.75, 96
422.12, 96
422.33, 96
422.64, 96
422.97, 96
422.97, 96
423.04, 96
423.71, 96
425.31, 96
425.51, 96
426.15, 96
426.15, 96
426.15, 96
426.15, 96
426.84, 96
426.84, 96
426.84, 96
426.84, 96
427.78, 96
427.78, 96
427.78, 96
427.88, 96
427.89, 96
427.89, 96
427.89, 96
427.92, 96
427.93, 96
428.14, 96
428.28, 96
428.28, 96
428.28, 96
428.42, 96
428.56, 96
429.49, 96
430.10, 96
430.40, 96
431.06, 96
431.06, 96
431.23, 96
431.33, 96
431.33, 96
432.32, 96
432.40, 96
432.40, 96
433.23, 96
434.79, 96
435.53, 96
435.53, 96
435.60, 96
436.46, 96
436.46, 96
436.46, 96
437.06, 96
437.06, 96
437.19, 96
437.19, 96
437.31, 96
437.31, 96
437.93, 96
437.93, 96
437.94, 96
437.94, 96
437.94, 96
437.96, 96
437.96, 96
438.36, 96
438.36, 96
438.90, 96
440.06, 96
440.57, 96
441.16, 96
441.29, 96
441.30, 96
441.97, 96
442.12, 96
442.12, 96
442.12, 96
442.12, 96
442.22, 96
442.22, 96
442.33, 96
442.35, 96
443.04, 96
443.05, 96
443.05, 96
443.11, 96
443.12, 96
443.23, 96
443.23, 96
444.10, 96
444.47, 96
444.90, 96
445.13, 96
445.57, 96
445.58, 96
445.67, 96
445.67, 96
445.67, 96
445.67, 96
445.87, 96
446.51, 96
448.00, 96
448.26, 96
448.26, 96
448.26, 96
448.43, 96
449.78, 96
450.25, 96
450.31, 96
450.31, 96
450.32, 96
450.33, 96
450.50, 96
450.63, 96
450.64, 96
450.82, 96
450.91, 96
451.31, 96
451.42, 96
451.42, 96
451.42, 96
451.42, 96
451.43, 96
451.44, 96
451.54, 96
451.87, 96
451.87, 96
451.87, 96
452.73, 96
453.46, 96
453.53, 96
453.59, 96
454.31, 96
455.11, 96
455.14, 96
455.50, 96
455.53, 96
455.53, 96
455.68, 96
455.68, 96
456.29, 96
456.48, 96
456.76, 96
457.97, 96
458.02, 96
458.11, 96
458.11, 96
458.63, 96
459.10, 96
459.10, 96
459.58, 96
459.58, 96
459.58, 96
459.58, 96
459.58, 96
459.58, 96
459.58, 96
459.58, 96
459.58, 96
459.83, 96
459.94, 96
460.05, 96
460.06, 96
460.79, 96
461.75, 96
461.75, 96
461.76, 96
461.76, 96
461.92, 96
462.45, 96
462.67, 96
462.67, 96
462.93, 96
462.93, 96
463.39, 96
464.33, 96
464.62, 96
464.62, 96
464.95, 96
464.95, 96
465.43, 96
465.43, 96
465.43, 96
465.43, 96
465.58, 96
465.58, 96
465.58, 96
465.58, 96
465.63, 96
465.85, 96
465.85, 96
465.85, 96
465.85, 96
466.74, 96
466.89, 96
466.89, 96
467.46, 96
467.46, 96
467.56, 96
467.56, 96
467.56, 96
467.56, 96
467.56, 96
469.37, 96
469.37, 96
469.41, 96
469.83, 96
469.84, 96
470.28, 96
470.28, 96
470.59, 96
470.95, 96
472.00, 96
472.81, 96
472.81, 96
474.30, 96
474.31, 96
474.52, 96
474.52, 96
474.74, 96
474.98, 96
474.98, 96
475.43, 96
475.53, 96
475.53, 96
475.53, 96
475.53, 96
475.73, 96
475.87, 96
476.36, 96
476.36, 96
476.36, 96
476.36, 96
476.58, 96
476.78, 96
477.12, 96
477.12, 96
478.05, 96
478.52, 96
479.50, 96
479.66, 96
479.66, 96
480.32, 96
480.49, 96
480.49, 96
480.49, 96
480.71, 96
481.58, 96
481.58, 96
481.58, 96
481.58, 96
481.58, 96
482.65, 96
483.18, 96
483.45, 96
483.45, 96
483.47, 96
484.77, 96
484.78, 96
484.78, 96
484.81, 96
486.81, 96
486.81, 96
486.81, 96
486.95, 96
487.50, 96
487.50, 96
487.50, 96
487.56, 96
488.02, 96
488.02, 96
488.02, 96
488.14, 96
488.17, 96
488.33, 96
488.76, 96
489.01, 96
489.01, 96
489.42, 96
490.08, 96
490.28, 96
490.55, 96
490.60, 96
491.19, 96
491.34, 96
491.34, 96
491.34, 96
491.58, 96
492.61, 96
492.61, 96
493.32, 96
493.32, 96
493.33, 96
493.33, 96
493.33, 96
493.33, 96
494.13, 96
494.80, 96
494.80, 96
496.21, 96
496.22, 96
496.22, 96
496.39, 96
496.50, 96
496.91, 96
498.60, 96
498.61, 96
499.24, 96
499.35, 96
499.99, 96
499.99, 96
500.47, 96
501.83, 96
501.83, 96
501.87, 96
502.00, 96
502.00, 96
502.00, 96
502.00, 96
502.00, 96
502.10, 96
502.21, 96
502.48, 96
502.56, 96
503.23, 96
503.25, 96
503.81, 96
504.11, 96
504.19, 96
504.19, 96
504.36, 96
504.90, 96
505.13, 96
505.34, 96
505.53, 96
505.53, 96
506.43, 96
506.43, 96
506.43, 96
506.43, 96
506.63, 96
506.93, 96
506.93, 96
507.56, 96
507.56, 96
507.98, 96
507.98, 96
509.05, 96
509.06, 96
509.51, 96
510.31, 96
510.31, 96
511.04, 96
511.04, 96
511.39, 96
511.41, 96
511.41, 96
511.48, 96
511.59, 96
513.13, 96
513.13, 96
513.14, 96
513.54, 96
513.91, 96
514.13, 96
514.17, 96
514.21, 96
514.21, 96
514.52, 96
514.62, 96
514.81, 96
515.32, 96
515.51, 96
515.51, 96
515.88, 96
516.14, 96
516.14, 96
516.21, 96
517.60, 96
517.60, 96
517.60, 96
517.72, 96
517.73, 96
518.52, 96
518.75, 96
518.85, 96
518.85, 96
520.02, 96
520.10, 96
520.39, 96
522.25, 96
522.89, 96
523.14, 96
523.14, 96
523.14, 96
523.21, 96
523.21, 96
523.45, 96
523.46, 96
523.46, 96
523.46, 96
523.48, 96
523.48, 96
523.71, 96
523.71, 96
523.81, 96
524.35, 96
525.23, 96
525.28, 96
525.32, 96
525.32, 96
525.88, 96
526.23, 96
526.23, 96
526.65, 96
526.65, 96
526.67, 96
528.54, 96
528.55, 96
528.55, 96
529.33, 96
529.65, 96
530.09, 96
530.26, 96
530.46, 96
530.46, 96
530.64, 96
530.83, 96
531.03, 96
531.03, 96
531.47, 96
531.47, 96
531.47, 96
531.60, 96
531.61, 96
531.95, 96
532.13, 96
532.18, 96
532.18, 96
532.41, 96
532.46, 96
532.51, 96
532.51, 96
532.51, 96
532.51, 96
532.52, 96
532.52, 96
533.12, 96
533.62, 96
533.62, 96
533.69, 96
533.70, 96
533.70, 96
533.93, 96
534.44, 96
535.41, 96
537.47, 96
537.57, 96
538.13, 96
538.59, 96
538.67, 96
542.09, 96
542.09, 96
542.34, 96
543.50, 96
543.50, 96
543.56, 96
543.87, 96
544.00, 96
544.36, 96
544.36, 96
544.36, 96
544.37, 96
544.99, 96
545.43, 96
545.43, 96
545.44, 96
545.71, 96
545.72, 96
545.85, 96
545.85, 96
545.85, 96
546.09, 96
546.96, 96
547.14, 96
547.14, 96
547.53, 96
547.53, 96
548.31, 96
548.31, 96
548.51, 96
548.57, 96
548.57, 96
549.20, 96
549.31, 96
549.31, 96
549.64, 96
549.64, 96
549.64, 96
549.64, 96
549.77, 96
549.80, 96
550.12, 96
550.20, 96
550.20, 96
550.21, 96
550.21, 96
550.27, 96
550.28, 96
550.28, 96
550.28, 96
550.71, 96
550.92, 96
551.04, 96
551.04, 96
551.14, 96
551.73, 96
551.92, 96
551.92, 96
551.93, 96
552.36, 96
552.36, 96
552.58, 96
552.58, 96
552.68, 96
552.68, 96
552.71, 96
552.71, 96
552.77, 96
552.77, 96
552.77, 96
553.18, 96
553.39, 96
554.33, 96
554.67, 96
555.19, 96
555.19, 96
555.23, 96
555.23, 96
555.46, 96
555.46, 96
555.46, 96
555.50, 96
557.09, 96
557.33, 96
557.42, 96
557.49, 96
557.64, 96
558.92, 96
560.19, 96
561.35, 96
561.35, 96
561.96, 96
561.97, 96
561.97, 96
561.99, 96
562.00, 96
562.02, 96
562.08, 96
562.08, 96
562.66, 96
562.92, 96
562.92, 96
562.92, 96
563.44, 96
563.44, 96
564.33, 96
564.33, 96
564.33, 96
564.34, 96
564.40, 96
564.60, 96
564.60, 96
564.68, 96
565.21, 96
565.21, 96
565.21, 96
565.22, 96
565.36, 96
566.61, 96
566.66, 96
567.42, 96
567.90, 96
568.22, 96
568.51, 96
568.82, 96
568.82, 96
568.87, 96
568.87, 96
568.87, 96
569.89, 96
569.99, 96
570.46, 96
570.55, 96
570.55, 96
570.89, 96
570.89, 96
571.05, 96
571.34, 96
571.58, 96
571.58, 96
572.36, 96
572.36, 96
572.41, 96
572.50, 96
572.50, 96
572.70, 96
573.71, 96
573.76, 96
573.76, 96
573.76, 96
574.39, 96
575.70, 96
576.49, 96
577.08, 96
577.62, 96
577.62, 96
577.93, 96
578.00, 96
578.00, 96
578.65, 96
578.66, 96
579.09, 96
579.60, 96
579.83, 96
579.83, 96
581.50, 96
582.35, 96
582.49, 96
583.23, 96
583.45, 96
584.28, 96
584.28, 96
584.47, 96
584.47, 96
584.48, 96
584.49, 96
585.37, 96
585.37, 96
585.59, 96
586.03, 96
586.03, 96
586.03, 96
586.43, 96
586.44, 96
586.54, 96
587.45, 96
587.45, 96
587.60, 96
588.18, 96
589.82, 96
590.01, 96
590.01, 96
590.15, 96
590.25, 96
590.25, 96
590.34, 96
590.34, 96
590.34, 96
590.50, 96
591.18, 96
591.61, 96
591.62, 96
592.70, 96
592.71, 96
592.90, 96
593.45, 96
593.45, 96
593.45, 96
593.45, 96
593.86, 96
593.87, 96
594.05, 96
594.06, 96
596.21, 96
596.96, 96
596.96, 96
596.96, 96
596.96, 96
598.19, 96
598.19, 96
598.25, 96
598.26, 96
598.26, 96
598.27, 96
598.27, 96
598.27, 96
598.34, 96
598.70, 96
599.89, 96
