0.00, 102
0.01, 99
0.01, 99
0.01, 99
0.01, 99
0.01, 98
0.02, 98
0.02, 98
0.02, 98
0.03, 98
0.03, 97
0.05, 97
0.05, 97
0.07, 97
0.10, 97
0.10, 97
0.13, 97
0.14, 97
0.14, 97
0.30, 97
0.31, 97
0.38, 97
0.39, 97
0.39, 97
0.40, 97
0.46, 97
0.46, 97
0.46, 97
0.55, 97
0.55, 97
0.55, 97
0.61, 97
0.64, 97
0.64, 97
0.68, 97
0.68, 97
0.68, 97
0.68, 97
0.68, 97
0.69, 97
0.69, 97
0.69, 97
0.73, 97
0.74, 97
0.74, 97
0.74, 96
1.46, 96
2.48, 96
2.57, 96
2.62, 96
2.62, 96
3.87, 96
5.94, 96
6.16, 96
6.78, 96
6.82, 96
6.96, 96
6.96, 96
7.30, 96
8.03, 96
8.05, 96
8.05, 96
8.19, 96
8.19, 96
9.37, 96
9.64, 96
9.64, 96
9.88, 96
10.60, 96
11.63, 96
11.74, 96
13.05, 96
13.05, 96
13.30, 96
13.30, 96
13.80, 96
13.97, 96
13.97, 96
14.36, 96
14.36, 96
14.72, 96
14.72, 96
14.72, 96
15.16, 96
15.26, 96
15.28, 96
15.33, 96
15.35, 96
16.40, 96
16.40, 96
16.47, 96
16.47, 96
16.64, 96
16.64, 96
16.85, 96
16.85, 96
16.85, 96
17.12, 96
17.12, 96
17.74, 96
17.74, 96
17.74, 96
17.74, 96
17.74, 96
17.74, 96
17.74, 96
18.63, 96
18.63, 96
18.63, 96
19.23, 96
19.43, 96
19.43, 96
19.43, 96
19.94, 96
20.87, 96
21.45, 96
21.45, 96
22.04, 96
24.38, 96
24.38, 96
24.54, 96
24.61, 96
24.61, 96
24.61, 96
25.01, 96
25.14, 96
25.51, 96
25.98, 96
26.27, 96
26.27, 96
26.46, 96
26.55, 96
26.63, 96
26.68, 96
26.71, 96
26.71, 96
26.79, 96
28.38, 96
28.65, 96
28.65, 96
28.65, 96
29.52, 96
30.73, 96
30.78, 96
30.78, 96
30.78, 96
30.78, 96
31.00, 96
31.33, 96
31.54, 96
31.55, 96
31.55, 96
31.97, 96
31.98, 96
32.13, 96
33.85, 96
33.93, 96
34.41, 96
34.41, 96
34.55, 96
35.06, 96
35.06, 96
35.06, 96
35.30, 96
35.47, 96
35.52, 96
36.40, 96
36.40, 96
36.40, 96
36.40, 96
36.41, 96
36.46, 96
37.44, 96
38.10, 96
38.10, 96
38.34, 96
38.43, 96
39.60, 96
39.60, 96
39.60, 96
39.60, 96
39.61, 96
39.65, 96
39.93, 96
39.99, 96
40.69, 96
40.69, 96
40.79, 96
41.44, 96
41.62, 96
41.62, 96
41.72, 96
41.89, 96
43.47, 96
44.35, 96
44.35, 96
44.52, 96
44.53, 96
44.59, 96
44.59, 96
45.09, 96
45.17, 96
45.17, 96
45.28, 96
45.28, 96
45.28, 96
45.35, 96
45.35, 96
45.35, 96
45.64, 96
45.66, 96
45.66, 96
45.88, 96
45.88, 96
46.39, 96
46.52, 96
46.95, 96
47.62, 96
47.66, 96
48.73, 96
50.00, 96
50.00, 96
50.35, 96
50.53, 96
51.13, 96
52.03, 96
52.03, 96
52.03, 96
52.32, 96
52.32, 96
52.46, 96
52.46, 96
52.47, 96
53.02, 96
53.02, 96
53.69, 96
53.72, 96
53.74, 96
54.28, 96
54.28, 96
54.40, 96
54.40, 96
55.39, 96
55.76, 96
55.76, 96
55.76, 96
55.76, 96
55.79, 96
55.93, 96
55.97, 96
55.98, 96
56.20, 96
56.20, 96
56.20, 96
56.20, 96
56.20, 96
56.20, 96
56.67, 96
56.67, 96
56.67, 96
57.38, 96
57.38, 96
58.00, 96
58.00, 96
58.62, 96
58.72, 96
58.73, 96
58.85, 96
58.85, 96
58.85, 96
58.85, 96
59.31, 96
59.31, 96
59.61, 96
59.61, 96
59.93, 96
59.93, 96
61.01, 96
61.01, 96
61.01, 96
61.01, 96
61.01, 96
61.25, 96
61.25, 96
62.26, 96
62.26, 96
62.70, 96
62.98, 96
62.98, 96
63.76, 96
64.08, 96
64.09, 96
64.42, 96
64.79, 96
66.04, 96
66.38, 96
66.38, 96
66.83, 96
66.98, 96
67.41, 96
67.44, 96
67.76, 96
68.33, 96
68.33, 96
68.33, 96
68.65, 96
69.43, 96
71.49, 96
71.56, 96
71.56, 96
72.02, 96
72.02, 96
72.38, 96
72.52, 96
72.52, 96
72.82, 96
73.23, 96
73.23, 96
73.23, 96
73.23, 96
74.45, 96
74.59, 96
74.91, 96
76.10, 96
76.54, 96
76.96, 96
77.46, 96
77.46, 96
77.79, 96
78.43, 96
78.44, 96
78.69, 96
78.69, 96
79.60, 96
79.61, 96
80.11, 96
80.24, 96
80.27, 96
80.27, 96
80.27, 96
80.42, 96
80.74, 96
81.52, 96
81.52, 96
81.52, 96
81.63, 96
81.64, 96
81.64, 96
81.64, 96
81.64, 96
81.64, 96
81.75, 96
81.76, 96
83.52, 96
83.52, 96
83.52, 96
83.53, 96
84.33, 96
84.55, 96
84.68, 96
85.59, 96
85.59, 96
85.95, 96
86.09, 96
86.32, 96
86.39, 96
86.53, 96
86.53, 96
86.94, 96
87.28, 96
87.47, 96
87.57, 96
87.78, 96
87.78, 96
88.62, 96
88.62, 96
88.64, 96
90.26, 96
90.26, 96
90.29, 96
91.14, 96
91.14, 96
91.14, 96
91.52, 96
91.96, 96
92.68, 96
92.68, 96
93.25, 96
94.62, 96
95.61, 96
95.61, 96
95.88, 96
96.34, 96
96.34, 96
98.59, 96
98.61, 96
98.61, 96
99.05, 96
99.34, 96
99.34, 96
99.34, 96
99.35, 96
99.41, 96
99.50, 96
99.50, 96
99.50, 96
101.15, 96
101.15, 96
101.32, 96
101.32, 96
101.32, 96
101.84, 96
102.44, 96
102.44, 96
102.52, 96
102.57, 96
102.57, 96
102.57, 96
102.57, 96
103.13, 96
105.05, 96
105.05, 96
105.77, 96
105.77, 96
105.77, 96
105.82, 96
105.83, 96
105.84, 96
105.94, 96
105.94, 96
106.23, 96
106.65, 96
106.75, 96
107.44, 96
107.58, 96
107.58, 96
107.59, 96
107.59, 96
107.59, 96
108.18, 96
108.18, 96
108.18, 96
108.19, 96
108.19, 96
108.63, 96
108.63, 96
109.98, 96
109.98, 96
110.86, 96
110.86, 96
111.09, 96
111.39, 96
112.94, 96
113.87, 96
113.87, 96
113.87, 96
113.87, 96
113.87, 96
113.87, 96
115.29, 96
115.29, 96
115.29, 96
115.61, 96
115.62, 96
115.62, 96
115.62, 96
115.76, 96
115.99, 96
115.99, 96
115.99, 96
115.99, 96
115.99, 96
115.99, 96
116.56, 96
116.56, 96
118.24, 96
118.24, 96
118.24, 96
119.65, 96
119.88, 96
120.08, 96
120.53, 96
120.53, 96
120.53, 96
120.67, 96
120.67, 96
120.67, 96
120.67, 96
120.69, 96
120.69, 96
121.23, 96
121.50, 96
121.84, 96
121.88, 96
121.88, 96
122.43, 96
122.67, 96
123.24, 96
123.62, 96
123.99, 96
124.04, 96
124.04, 96
124.04, 96
124.04, 96
124.43, 96
124.76, 96
124.77, 96
124.77, 96
124.77, 96
124.77, 96
124.78, 96
125.05, 96
125.05, 96
125.09, 96
125.15, 96
125.15, 96
125.17, 96
125.59, 96
126.01, 96
126.01, 96
126.29, 96
127.02, 96
127.02, 96
127.80, 96
127.92, 96
127.92, 96
128.07, 96
128.19, 96
128.20, 96
128.20, 96
129.11, 96
129.32, 96
129.93, 96
129.93, 96
130.16, 96
130.98, 96
130.98, 96
131.04, 96
131.50, 96
131.65, 96
131.65, 96
132.03, 96
132.03, 96
132.65, 96
132.65, 96
133.18, 96
133.69, 96
133.69, 96
133.69, 96
133.69, 96
135.04, 96
135.04, 96
135.54, 96
136.04, 96
136.56, 96
136.60, 96
136.60, 96
136.70, 96
136.84, 96
137.55, 96
138.24, 96
138.66, 96
138.66, 96
138.94, 96
139.77, 96
140.82, 96
140.82, 96
141.75, 96
142.07, 96
142.27, 96
142.67, 96
143.21, 96
143.22, 96
143.75, 96
144.21, 96
144.21, 96
144.29, 96
145.40, 96
145.51, 96
145.51, 96
146.12, 96
146.46, 96
146.46, 96
146.46, 96
146.59, 96
146.60, 96
146.70, 96
146.72, 96
146.72, 96
146.72, 96
147.23, 96
147.23, 96
147.97, 96
147.97, 96
148.17, 96
148.17, 96
148.17, 96
148.17, 96
148.82, 96
148.82, 96
148.82, 96
148.86, 96
148.89, 96
149.53, 96
149.53, 96
149.53, 96
149.54, 96
149.54, 96
149.56, 96
149.70, 96
149.70, 96
149.71, 96
149.71, 96
149.86, 96
150.43, 96
151.33, 96
151.34, 96
151.93, 96
151.93, 96
152.34, 96
152.34, 96
152.34, 96
152.38, 96
152.38, 96
152.38, 96
152.55, 96
152.83, 96
152.93, 96
153.57, 96
153.58, 96
153.66, 96
154.13, 96
154.25, 96
154.40, 96
155.11, 96
155.60, 96
155.87, 96
156.77, 96
156.84, 96
156.84, 96
157.19, 96
157.19, 96
157.19, 96
157.30, 96
157.40, 96
157.41, 96
157.55, 96
157.70, 96
157.70, 96
157.70, 96
157.71, 96
158.73, 96
158.73, 96
158.73, 96
158.78, 96
158.78, 96
158.78, 96
158.78, 96
160.47, 96
160.54, 96
160.54, 96
160.80, 96
161.99, 96
162.16, 96
162.40, 96
163.85, 96
164.11, 96
164.23, 96
164.89, 96
164.92, 96
164.93, 96
165.05, 96
166.20, 96
166.20, 96
166.44, 96
166.57, 96
167.57, 96
167.92, 96
167.92, 96
168.21, 96
168.58, 96
169.20, 96
169.20, 96
169.20, 96
169.23, 96
169.63, 96
169.63, 96
169.64, 96
169.64, 96
170.13, 96
170.60, 96
170.62, 96
170.62, 96
171.68, 96
171.87, 96
172.06, 96
172.33, 96
172.33, 96
172.34, 96
172.84, 96
172.84, 96
172.84, 96
173.49, 96
173.72, 96
173.72, 96
174.13, 96
174.38, 96
175.96, 96
176.00, 96
176.00, 96
176.23, 96
176.49, 96
177.14, 96
177.91, 96
177.91, 96
177.91, 96
177.91, 96
177.95, 96
177.95, 96
178.31, 96
178.92, 96
179.17, 96
179.86, 96
179.86, 96
180.49, 96
180.54, 96
181.08, 96
181.46, 96
181.46, 96
181.74, 96
181.74, 96
181.74, 96
182.24, 96
182.24, 96
182.34, 96
182.61, 96
183.05, 96
183.05, 96
183.05, 96
183.05, 96
183.10, 96
183.47, 96
183.72, 96
183.73, 96
183.87, 96
184.38, 96
184.39, 96
184.39, 96
184.39, 96
184.39, 96
184.92, 96
184.92, 96
185.05, 96
185.18, 96
185.19, 96
185.72, 96
185.72, 96
185.87, 96
185.87, 96
185.87, 96
185.87, 96
185.87, 96
186.12, 96
186.46, 96
186.46, 96
186.46, 96
186.46, 96
186.51, 96
186.77, 96
187.02, 96
187.51, 96
187.71, 96
187.94, 96
187.94, 96
188.09, 96
188.09, 96
188.09, 96
188.24, 96
188.24, 96
188.24, 96
188.31, 96
188.32, 96
188.51, 96
189.08, 96
189.08, 96
189.08, 96
189.08, 96
189.26, 96
189.26, 96
191.76, 96
191.76, 96
191.96, 96
192.79, 96
192.79, 96
192.79, 96
193.03, 96
193.03, 96
193.12, 96
193.14, 96
193.34, 96
193.34, 96
193.34, 96
193.34, 96
193.48, 96
193.48, 96
193.69, 96
194.38, 96
194.38, 96
195.36, 96
195.36, 96
195.88, 96
196.65, 96
196.86, 96
197.03, 96
197.03, 96
197.42, 96
197.42, 96
197.42, 96
197.44, 96
197.44, 96
197.44, 96
198.15, 96
198.16, 96
198.52, 96
199.67, 96
199.73, 96
199.73, 96
199.73, 96
199.73, 96
200.89, 96
201.29, 96
201.74, 96
201.75, 96
201.83, 96
201.84, 96
201.84, 96
202.81, 96
204.78, 96
204.78, 96
204.78, 96
204.78, 96
205.05, 96
205.06, 96
205.72, 96
206.02, 96
206.21, 96
206.41, 96
208.05, 96
208.05, 96
208.94, 96
209.24, 96
209.24, 96
209.25, 96
209.25, 96
209.34, 96
209.36, 96
209.74, 96
209.74, 96
209.74, 96
209.75, 96
209.75, 96
209.80, 96
209.80, 96
209.80, 96
210.03, 96
210.03, 96
210.03, 96
210.38, 96
210.91, 96
210.91, 96
211.64, 96
211.64, 96
211.64, 96
211.64, 96
211.73, 96
211.73, 96
211.73, 96
211.81, 96
211.81, 96
211.81, 96
211.81, 96
211.81, 96
212.24, 96
212.24, 96
212.24, 96
212.38, 96
212.38, 96
212.96, 96
213.15, 96
213.15, 96
213.15, 96
213.15, 96
213.42, 96
213.42, 96
213.42, 96
213.42, 96
214.88, 96
215.11, 96
215.11, 96
215.14, 96
215.14, 96
215.57, 96
216.15, 96
216.15, 96
216.16, 96
216.16, 96
216.16, 96
216.25, 96
216.25, 96
216.30, 96
216.53, 96
216.53, 96
216.73, 96
216.73, 96
216.73, 96
217.08, 96
217.54, 96
217.57, 96
217.75, 96
217.81, 96
217.86, 96
217.86, 96
217.86, 96
217.94, 96
217.95, 96
218.26, 96
218.26, 96
218.92, 96
218.93, 96
218.98, 96
219.48, 96
219.93, 96
219.97, 96
220.51, 96
220.51, 96
220.56, 96
221.37, 96
221.87, 96
222.12, 96
222.45, 96
222.65, 96
222.65, 96
224.05, 96
224.86, 96
225.21, 96
225.28, 96
225.28, 96
225.28, 96
225.47, 96
225.48, 96
225.86, 96
226.49, 96
226.78, 96
226.78, 96
227.27, 96
228.31, 96
228.31, 96
228.89, 96
228.89, 96
228.89, 96
228.96, 96
228.99, 96
229.29, 96
229.91, 96
230.59, 96
231.13, 96
231.58, 96
231.58, 96
231.62, 96
231.62, 96
232.15, 96
232.19, 96
232.19, 96
232.22, 96
232.52, 96
232.52, 96
232.65, 96
234.49, 96
234.68, 96
234.87, 96
235.15, 96
236.40, 96
236.40, 96
236.40, 96
237.30, 96
237.31, 96
237.31, 96
237.31, 96
237.33, 96
238.03, 96
238.15, 96
238.16, 96
240.37, 96
240.38, 96
240.59, 96
240.59, 96
240.75, 96
240.78, 96
241.24, 96
241.82, 96
241.82, 96
241.82, 96
243.15, 96
243.18, 96
243.18, 96
244.22, 96
244.22, 96
244.27, 96
244.46, 96
244.48, 96
244.96, 96
244.96, 96
244.96, 96
245.07, 96
245.41, 96
245.41, 96
246.71, 96
246.71, 96
246.76, 96
247.17, 96
247.44, 96
247.44, 96
247.51, 96
247.51, 96
248.01, 96
248.02, 96
248.02, 96
248.02, 96
248.02, 96
248.05, 96
248.24, 96
248.54, 96
249.19, 96
249.49, 96
249.49, 96
249.85, 96
250.19, 96
250.22, 96
250.58, 96
250.58, 96
250.67, 96
250.97, 96
251.59, 96
251.90, 96
251.90, 96
251.90, 96
252.44, 96
252.78, 96
252.98, 96
253.28, 96
253.29, 96
253.29, 96
253.29, 96
253.58, 96
253.68, 96
253.78, 96
253.78, 96
253.78, 96
254.17, 96
254.17, 96
254.17, 96
254.18, 96
254.18, 96
254.40, 96
254.40, 96
255.35, 96
255.35, 96
255.69, 96
255.73, 96
255.73, 96
255.83, 96
255.83, 96
255.91, 96
256.10, 96
256.98, 96
257.19, 96
257.70, 96
257.93, 96
258.17, 96
259.56, 96
259.56, 96
259.56, 96
259.56, 96
260.46, 96
260.46, 96
260.90, 96
261.04, 96
261.21, 96
261.81, 96
261.81, 96
261.81, 96
262.31, 96
263.69, 96
264.78, 96
264.99, 96
265.31, 96
265.31, 96
265.31, 96
265.64, 96
266.55, 96
266.66, 96
267.11, 96
267.56, 96
269.94, 96
270.53, 96
270.53, 96
270.53, 96
270.53, 96
270.53, 96
270.53, 96
270.53, 96
270.64, 96
270.71, 96
270.71, 96
270.71, 96
271.09, 96
271.14, 96
272.73, 96
272.74, 96
272.80, 96
272.81, 96
272.95, 96
273.42, 96
275.42, 96
275.82, 96
275.83, 96
276.28, 96
276.54, 96
276.90, 96
276.91, 96
276.91, 96
277.15, 96
277.32, 96
277.36, 96
277.37, 96
277.89, 96
277.89, 96
278.37, 96
278.82, 96
278.82, 96
278.86, 96
278.91, 96
278.91, 96
278.91, 96
278.91, 96
279.65, 96
279.66, 96
280.12, 96
280.12, 96
280.25, 96
281.41, 96
281.46, 96
281.46, 96
281.53, 96
282.00, 96
282.00, 96
282.24, 96
282.24, 96
282.24, 96
282.24, 96
282.99, 96
282.99, 96
282.99, 96
282.99, 96
283.00, 96
283.03, 96
283.03, 96
283.03, 96
284.16, 96
284.16, 96
284.35, 96
284.35, 96
285.41, 96
285.42, 96
285.42, 96
285.70, 96
286.53, 96
286.96, 96
287.03, 96
287.04, 96
287.85, 96
288.61, 96
288.65, 96
288.66, 96
288.97, 96
289.77, 96
289.79, 96
289.93, 96
290.53, 96
291.13, 96
291.28, 96
291.60, 96
292.36, 96
292.51, 96
293.15, 96
293.15, 96
293.15, 96
293.83, 96
293.93, 96
294.47, 96
294.47, 96
297.28, 96
297.85, 96
297.85, 96
297.85, 96
299.93, 96
299.93, 96
300.42, 96
301.30, 96
301.30, 96
301.60, 96
301.65, 96
301.65, 96
303.60, 96
304.61, 96
305.14, 96
305.41, 96
305.87, 96
306.17, 96
306.35, 96
306.35, 96
306.35, 96
306.35, 96
306.61, 96
306.86, 96
307.79, 96
308.59, 96
308.59, 96
308.59, 96
308.80, 96
309.35, 96
311.17, 96
311.28, 96
311.28, 96
312.05, 96
312.05, 96
312.05, 96
312.06, 96
312.06, 96
312.18, 96
312.18, 96
312.39, 96
312.39, 96
312.57, 96
313.26, 96
313.66, 96
315.35, 96
315.42, 96
316.57, 96
316.57, 96
316.58, 96
316.58, 96
316.71, 96
316.71, 96
316.76, 96
316.76, 96
316.76, 96
316.96, 96
317.38, 96
318.15, 96
318.23, 96
318.50, 96
319.60, 96
320.25, 96
320.67, 96
320.67, 96
320.77, 96
321.21, 96
321.67, 96
322.29, 96
323.32, 96
323.34, 96
323.34, 96
324.20, 96
324.26, 96
324.26, 96
324.80, 96
324.80, 96
324.80, 96
324.80, 96
324.80, 96
324.80, 96
324.80, 96
326.67, 96
326.68, 96
326.71, 96
327.07, 96
327.42, 96
327.42, 96
327.71, 96
327.72, 96
327.72, 96
327.72, 96
327.95, 96
328.54, 96
329.15, 96
329.20, 96
329.20, 96
329.20, 96
329.22, 96
329.22, 96
329.22, 96
330.46, 96
330.79, 96
330.80, 96
331.95, 96
332.73, 96
333.47, 96
333.47, 96
333.48, 96
333.60, 96
333.60, 96
334.07, 96
334.91, 96
334.91, 96
334.91, 96
334.91, 96
334.91, 96
335.22, 96
335.45, 96
335.99, 96
336.07, 96
336.10, 96
336.46, 96
337.17, 96
337.18, 96
337.53, 96
337.67, 96
338.83, 96
338.83, 96
339.26, 96
339.85, 96
340.52, 96
340.52, 96
340.58, 96
340.59, 96
341.00, 96
341.60, 96
341.61, 96
341.61, 96
341.95, 96
342.04, 96
342.04, 96
342.04, 96
343.16, 96
343.16, 96
343.16, 96
343.34, 96
343.48, 96
343.48, 96
343.48, 96
343.48, 96
343.48, 96
343.49, 96
343.49, 96
343.49, 96
343.50, 96
343.50, 96
344.33, 96
344.40, 96
344.59, 96
344.59, 96
344.80, 96
344.87, 96
345.85, 96
346.66, 96
346.69, 96
346.69, 96
347.00, 96
347.00, 96
348.39, 96
348.48, 96
348.48, 96
348.74, 96
349.20, 96
349.84, 96
350.47, 96
351.20, 96
353.13, 96
353.62, 96
355.49, 96
356.13, 96
357.23, 96
357.89, 96
357.89, 96
358.07, 96
358.33, 96
358.44, 96
359.46, 96
359.46, 96
359.47, 96
359.52, 96
359.89, 96
359.89, 96
360.00, 96
360.24, 96
360.92, 96
361.67, 96
361.67, 96
362.42, 96
362.87, 96
363.14, 96
363.14, 96
363.14, 96
363.14, 96
363.20, 96
363.20, 96
363.20, 96
363.20, 96
363.21, 96
363.21, 96
363.21, 96
363.93, 96
364.01, 96
364.08, 96
364.58, 96
364.58, 96
365.16, 96
365.16, 96
365.16, 96
366.62, 96
367.96, 96
368.03, 96
368.21, 96
368.21, 96
368.23, 96
369.54, 96
369.89, 96
370.23, 96
370.23, 96
371.02, 96
371.02, 96
371.03, 96
371.03, 96
371.22, 96
371.75, 96
371.75, 96
371.75, 96
372.06, 96
372.06, 96
372.08, 96
372.08, 96
372.18, 96
372.18, 96
372.18, 96
372.97, 96
373.87, 96
373.87, 96
374.42, 96
374.84, 96
374.84, 96
374.84, 96
374.84, 96
375.84, 96
375.85, 96
376.12, 96
376.71, 96
376.71, 96
376.71, 96
377.38, 96
377.38, 96
378.20, 96
378.21, 96
378.21, 96
378.21, 96
379.52, 96
379.71, 96
379.72, 96
380.69, 96
381.88, 96
382.14, 96
382.14, 96
382.14, 96
382.53, 96
383.16, 96
383.29, 96
383.61, 96
383.74, 96
383.74, 96
383.82, 96
383.98, 96
383.98, 96
384.17, 96
384.17, 96
384.81, 96
384.81, 96
384.95, 96
384.95, 96
385.06, 96
385.34, 96
385.80, 96
385.90, 96
385.90, 96
385.90, 96
385.90, 96
385.96, 96
386.18, 96
386.18, 96
386.51, 96
386.81, 96
388.74, 96
388.74, 96
388.81, 96
389.07, 96
389.07, 96
389.32, 96
389.56, 96
389.85, 96
389.97, 96
390.01, 96
390.88, 96
391.17, 96
391.18, 96
391.25, 96
391.25, 96
391.97, 96
392.19, 96
392.19, 96
392.19, 96
392.19, 96
392.19, 96
392.19, 96
392.22, 96
392.29, 96
392.42, 96
393.06, 96
393.30, 96
393.30, 96
393.30, 96
393.30, 96
393.30, 96
393.31, 96
393.32, 96
396.35, 96
396.35, 96
396.35, 96
396.35, 96
396.35, 96
396.59, 96
396.59, 96
396.59, 96
396.64, 96
396.64, 96
397.02, 96
397.42, 96
397.42, 96
397.64, 96
397.64, 96
397.64, 96
397.76, 96
397.90, 96
397.90, 96
397.91, 96
398.54, 96
400.39, 96
400.47, 96
401.03, 96
401.03, 96
401.71, 96
402.95, 96
403.19, 96
403.30, 96
403.94, 96
403.99, 96
403.99, 96
404.11, 96
404.11, 96
404.92, 96
404.92, 96
404.92, 96
405.92, 96
405.92, 96
406.98, 96
406.98, 96
406.99, 96
406.99, 96
406.99, 96
407.23, 96
407.23, 96
407.54, 96
407.73, 96
407.74, 96
407.74, 96
410.16, 96
410.87, 96
410.87, 96
410.87, 96
410.87, 96
410.87, 96
411.15, 96
411.15, 96
411.19, 96
411.34, 96
411.51, 96
411.82, 96
411.83, 96
411.83, 96
412.22, 96
412.62, 96
413.94, 96
413.94, 96
414.89, 96
415.89, 96
416.16, 96
416.80, 96
416.80, 96
417.18, 96
418.47, 96
418.47, 96
418.48, 96
418.52, 96
418.52, 96
418.52, 96
418.52, 96
418.52, 96
418.52, 96
418.53, 96
418.53, 96
418.53, 96
418.53, 96
418.79, 96
418.79, 96
418.79, 96
419.16, 96
419.55, 96
419.78, 96
420.08, 96
420.41, 96
420.41, 96
420.48, 96
421.13, 96
422.74, 96
422.94, 96
423.62, 96
423.62, 96
423.62, 96
423.62, 96
424.35, 96
424.35, 96
424.35, 96
424.35, 96
425.32, 96
425.32, 96
425.32, 96
425.38, 96
425.38, 96
425.38, 96
425.38, 96
425.41, 96
425.41, 96
425.63, 96
425.74, 96
425.74, 96
425.74, 96
425.90, 96
426.03, 96
426.99, 96
427.56, 96
427.91, 96
428.57, 96
428.57, 96
428.71, 96
428.82, 96
428.82, 96
429.86, 96
429.94, 96
429.94, 96
430.75, 96
432.25, 96
432.99, 96
432.99, 96
433.06, 96
433.96, 96
433.97, 96
433.97, 96
434.60, 96
434.60, 96
434.73, 96
434.73, 96
434.86, 96
434.86, 96
435.48, 96
435.48, 96
435.48, 96
435.48, 96
435.48, 96
435.51, 96
435.51, 96
435.88, 96
435.88, 96
436.41, 96
437.55, 96
438.05, 96
438.62, 96
438.75, 96
438.75, 96
439.36, 96
439.49, 96
439.50, 96
439.50, 96
439.50, 96
439.59, 96
439.59, 96
439.68, 96
439.69, 96
440.34, 96
440.35, 96
440.35, 96
440.41, 96
440.41, 96
440.53, 96
440.53, 96
441.43, 96
441.76, 96
442.22, 96
442.44, 96
442.88, 96
442.88, 96
442.95, 96
442.95, 96
442.96, 96
442.96, 96
443.16, 96
443.81, 96
445.18, 96
445.43, 96
445.43, 96
445.43, 96
445.65, 96
446.98, 96
447.48, 96
447.54, 96
447.54, 96
447.54, 96
447.55, 96
447.71, 96
447.83, 96
447.83, 96
448.00, 96
448.08, 96
448.48, 96
448.62, 96
448.62, 96
448.62, 96
448.62, 96
448.62, 96
448.62, 96
448.72, 96
449.07, 96
449.07, 96
449.07, 96
449.90, 96
450.65, 96
450.71, 96
450.76, 96
451.49, 96
452.27, 96
452.30, 96
452.67, 96
452.70, 96
452.70, 96
452.84, 96
452.84, 96
453.51, 96
453.72, 96
453.98, 96
455.14, 96
455.19, 96
455.28, 96
455.28, 96
455.81, 96
456.26, 96
456.26, 96
456.74, 96
456.74, 96
456.74, 96
456.74, 96
456.74, 96
456.75, 96
456.75, 96
456.75, 96
456.75, 96
456.98, 96
457.09, 96
457.20, 96
457.20, 96
457.92, 96
458.90, 96
458.90, 96
458.91, 96
458.91, 96
459.08, 96
459.60, 96
459.81, 96
459.82, 96
460.02, 96
460.02, 96
460.50, 96
461.40, 96
461.71, 96
461.71, 96
462.06, 96
462.06, 96
462.55, 96
462.55, 96
462.55, 96
462.55, 96
462.71, 96
462.71, 96
462.71, 96
462.71, 96
462.75, 96
462.96, 96
462.96, 96
462.96, 96
462.96, 96
463.86, 96
464.02, 96
464.02, 96
464.58, 96
464.58, 96
464.69, 96
464.69, 96
464.70, 96
464.70, 96
464.70, 96
466.46, 96
466.46, 96
466.50, 96
466.93, 96
466.93, 96
467.36, 96
467.36, 96
467.68, 96
468.06, 96
469.12, 96
469.87, 96
469.87, 96
471.41, 96
471.41, 96
471.62, 96
471.62, 96
471.85, 96
472.08, 96
472.08, 96
472.51, 96
472.60, 96
472.60, 96
472.61, 96
472.61, 96
472.80, 96
472.96, 96
473.49, 96
473.49, 96
473.49, 96
473.49, 96
473.71, 96
473.89, 96
474.24, 96
474.25, 96
475.04, 96
475.52, 96
476.46, 96
476.61, 96
476.61, 96
477.20, 96
477.38, 96
477.39, 96
477.39, 96
477.65, 96
478.51, 96
478.51, 96
478.51, 96
478.51, 96
478.51, 96
479.60, 96
480.02, 96
480.33, 96
480.33, 96
480.37, 96
481.67, 96
481.67, 96
481.68, 96
481.72, 96
483.74, 96
483.74, 96
483.74, 96
483.87, 96
484.40, 96
484.40, 96
484.40, 96
484.48, 96
484.86, 96
484.86, 96
484.86, 96
484.96, 96
484.99, 96
485.13, 96
485.66, 96
485.89, 96
485.89, 96
486.28, 96
486.88, 96
487.11, 96
487.37, 96
487.42, 96
488.00, 96
488.13, 96
488.13, 96
488.13, 96
488.38, 96
489.44, 96
489.44, 96
490.06, 96
490.06, 96
490.06, 96
490.06, 96
490.07, 96
490.07, 96
490.94, 96
491.58, 96
491.58, 96
492.87, 96
492.87, 96
492.87, 96
493.04, 96
493.14, 96
493.54, 96
495.18, 96
495.20, 96
495.76, 96
495.88, 96
496.50, 96
496.50, 96
496.98, 96
498.41, 96
498.42, 96
498.45, 96
498.59, 96
498.59, 96
498.59, 96
498.59, 96
498.59, 96
498.69, 96
498.85, 96
499.13, 96
499.21, 96
499.89, 96
499.91, 96
500.51, 96
500.84, 96
500.91, 96
500.92, 96
501.09, 96
501.64, 96
501.85, 96
502.05, 96
502.22, 96
502.22, 96
503.08, 96
503.08, 96
503.09, 96
503.09, 96
503.28, 96
503.64, 96
503.64, 96
504.24, 96
504.24, 96
504.60, 96
504.60, 96
505.78, 96
505.78, 96
506.21, 96
507.02, 96
507.03, 96
507.76, 96
507.76, 96
508.09, 96
508.11, 96
508.11, 96
508.17, 96
508.28, 96
509.82, 96
509.82, 96
509.82, 96
510.21, 96
510.65, 96
510.86, 96
510.89, 96
510.92, 96
510.92, 96
511.24, 96
511.34, 96
511.57, 96
512.03, 96
512.20, 96
512.20, 96
512.55, 96
512.82, 96
512.82, 96
512.87, 96
514.25, 96
514.25, 96
514.25, 96
514.38, 96
514.38, 96
515.14, 96
515.44, 96
515.57, 96
515.58, 96
516.77, 96
516.88, 96
517.21, 96
518.91, 96
519.54, 96
519.79, 96
519.79, 96
519.79, 96
519.87, 96
519.87, 96
520.10, 96
520.10, 96
520.10, 96
520.11, 96
520.13, 96
520.13, 96
520.41, 96
520.41, 96
520.53, 96
521.09, 96
521.96, 96
522.00, 96
522.05, 96
522.05, 96
522.62, 96
523.00, 96
523.00, 96
523.44, 96
523.44, 96
523.47, 96
525.36, 96
525.36, 96
525.36, 96
526.28, 96
526.59, 96
527.04, 96
527.21, 96
527.44, 96
527.44, 96
527.60, 96
527.78, 96
527.99, 96
527.99, 96
528.43, 96
528.43, 96
528.43, 96
528.53, 96
528.54, 96
528.84, 96
529.04, 96
529.09, 96
529.09, 96
529.33, 96
529.39, 96
529.43, 96
529.43, 96
529.43, 96
529.43, 96
529.44, 96
529.44, 96
530.03, 96
530.56, 96
530.56, 96
530.64, 96
530.64, 96
530.64, 96
530.85, 96
531.41, 96
532.38, 96
534.41, 96
534.48, 96
535.00, 96
535.52, 96
535.61, 96
539.05, 96
539.05, 96
539.29, 96
540.34, 96
540.34, 96
540.42, 96
540.76, 96
540.88, 96
541.20, 96
541.20, 96
541.20, 96
541.20, 96
541.88, 96
542.33, 96
542.33, 96
542.33, 96
542.60, 96
542.60, 96
542.74, 96
542.74, 96
542.74, 96
542.99, 96
543.89, 96
544.07, 96
544.07, 96
544.44, 96
544.44, 96
545.10, 96
545.10, 96
545.31, 96
545.38, 96
545.39, 96
546.06, 96
546.16, 96
546.16, 96
546.50, 96
546.50, 96
546.50, 96
546.50, 96
546.64, 96
546.67, 96
547.01, 96
547.09, 96
547.09, 96
547.09, 96
547.09, 96
547.13, 96
547.14, 96
547.14, 96
547.14, 96
547.63, 96
547.87, 96
547.98, 96
547.98, 96
548.07, 96
548.71, 96
548.89, 96
548.89, 96
548.90, 96
549.32, 96
549.32, 96
549.55, 96
549.55, 96
549.66, 96
549.66, 96
549.69, 96
549.69, 96
549.74, 96
549.74, 96
549.74, 96
550.09, 96
550.27, 96
551.21, 96
551.52, 96
552.10, 96
552.10, 96
552.15, 96
552.15, 96
552.37, 96
552.37, 96
552.38, 96
552.42, 96
554.14, 96
554.38, 96
554.47, 96
554.52, 96
554.69, 96
555.86, 96
557.17, 96
558.36, 96
558.36, 96
559.00, 96
559.00, 96
559.00, 96
559.02, 96
559.02, 96
559.05, 96
559.12, 96
559.12, 96
559.68, 96
559.91, 96
559.92, 96
559.92, 96
560.35, 96
560.35, 96
561.31, 96
561.31, 96
561.31, 96
561.31, 96
561.37, 96
561.56, 96
561.56, 96
561.63, 96
562.16, 96
562.16, 96
562.17, 96
562.17, 96
562.32, 96
563.63, 96
563.68, 96
564.45, 96
564.88, 96
565.15, 96
565.43, 96
565.74, 96
565.74, 96
565.79, 96
565.79, 96
565.79, 96
566.85, 96
566.96, 96
567.44, 96
567.54, 96
567.54, 96
567.95, 96
567.95, 96
568.13, 96
568.45, 96
568.68, 96
568.68, 96
569.42, 96
569.42, 96
569.47, 96
569.58, 96
569.58, 96
569.79, 96
570.77, 96
570.81, 96
570.81, 96
570.81, 96
571.45, 96
572.72, 96
573.57, 96
574.15, 96
574.67, 96
574.67, 96
574.90, 96
574.95, 96
574.95, 96
575.64, 96
575.64, 96
576.06, 96
576.59, 96
576.83, 96
576.83, 96
578.54, 96
579.37, 96
579.52, 96
580.20, 96
580.44, 96
581.31, 96
581.31, 96
581.51, 96
581.51, 96
581.54, 96
581.54, 96
582.40, 96
582.40, 96
582.61, 96
583.06, 96
583.06, 96
583.06, 96
583.53, 96
583.54, 96
583.64, 96
584.60, 96
584.61, 96
584.76, 96
585.24, 96
587.02, 96
587.29, 96
587.29, 96
587.47, 96
587.62, 96
587.62, 96
587.74, 96
587.75, 96
587.75, 96
587.97, 96
588.73, 96
589.07, 96
589.07, 96
589.83, 96
589.83, 96
589.97, 96
590.50, 96
590.50, 96
590.50, 96
590.50, 96
590.98, 96
590.98, 96
591.19, 96
591.19, 96
593.34, 96
594.10, 96
594.10, 96
594.11, 96
594.11, 96
595.23, 96
595.24, 96
595.29, 96
595.29, 96
595.29, 96
595.31, 96
595.31, 96
595.31, 96
595.38, 96
595.77, 96
596.99, 96
597.14, 96
597.14, 96
597.14, 96
597.66, 96
597.99, 96
597.99, 96
597.99, 96
598.00, 96
598.90, 96
598.90, 96
