0.00, 102
0.00, 99
0.00, 99
0.01, 99
0.01, 99
0.01, 98
0.01, 98
0.01, 98
0.01, 98
0.02, 98
0.02, 97
0.04, 97
0.04, 97
0.06, 97
0.09, 97
0.09, 97
0.12, 97
0.12, 97
0.12, 97
0.24, 97
0.24, 97
0.36, 97
0.38, 97
0.38, 97
0.38, 97
0.47, 97
0.47, 97
0.47, 97
0.57, 97
0.58, 97
0.59, 97
0.66, 97
0.70, 97
0.70, 97
0.81, 97
0.82, 97
0.82, 97
0.82, 97
0.82, 97
0.82, 97
0.82, 97
0.82, 97
0.94, 97
0.96, 97
0.96, 97
0.96, 96
1.66, 96
2.66, 96
2.76, 96
2.81, 96
2.81, 96
3.95, 96
5.86, 96
6.07, 96
6.68, 96
6.72, 96
6.87, 96
6.87, 96
7.20, 96
7.94, 96
7.96, 96
7.97, 96
8.13, 96
8.13, 96
9.41, 96
9.69, 96
9.69, 96
9.90, 96
10.59, 96
11.60, 96
11.70, 96
12.97, 96
12.97, 96
13.28, 96
13.29, 96
13.82, 96
13.99, 96
13.99, 96
14.39, 96
14.40, 96
14.77, 96
14.77, 96
14.78, 96
15.13, 96
15.22, 96
15.25, 96
15.28, 96
15.31, 96
16.29, 96
16.29, 96
16.37, 96
16.37, 96
16.54, 96
16.54, 96
16.75, 96
16.75, 96
16.76, 96
16.98, 96
16.98, 96
17.55, 96
17.55, 96
17.55, 96
17.55, 96
17.56, 96
17.56, 96
17.56, 96
18.47, 96
18.48, 96
18.48, 96
19.07, 96
19.29, 96
19.29, 96
19.29, 96
19.76, 96
20.66, 96
21.22, 96
21.22, 96
21.79, 96
24.15, 96
24.15, 96
24.32, 96
24.38, 96
24.38, 96
24.38, 96
24.78, 96
24.89, 96
25.22, 96
25.72, 96
25.98, 96
25.98, 96
26.19, 96
26.28, 96
26.35, 96
26.40, 96
26.44, 96
26.44, 96
26.53, 96
28.06, 96
28.35, 96
28.35, 96
28.35, 96
29.28, 96
30.41, 96
30.46, 96
30.46, 96
30.46, 96
30.46, 96
30.67, 96
31.02, 96
31.25, 96
31.26, 96
31.26, 96
31.68, 96
31.68, 96
31.85, 96
33.63, 96
33.73, 96
34.20, 96
34.20, 96
34.33, 96
34.82, 96
34.83, 96
34.83, 96
35.02, 96
35.15, 96
35.19, 96
36.06, 96
36.06, 96
36.07, 96
36.07, 96
36.07, 96
36.11, 96
37.14, 96
37.83, 96
37.83, 96
38.08, 96
38.19, 96
39.50, 96
39.50, 96
39.50, 96
39.50, 96
39.50, 96
39.54, 96
39.80, 96
39.85, 96
40.55, 96
40.55, 96
40.63, 96
41.26, 96
41.43, 96
41.43, 96
41.54, 96
41.71, 96
43.26, 96
44.24, 96
44.24, 96
44.42, 96
44.43, 96
44.47, 96
44.48, 96
44.97, 96
45.03, 96
45.03, 96
45.12, 96
45.12, 96
45.13, 96
45.18, 96
45.19, 96
45.19, 96
45.43, 96
45.45, 96
45.45, 96
45.67, 96
45.67, 96
46.16, 96
46.31, 96
46.71, 96
47.37, 96
47.40, 96
48.59, 96
49.90, 96
49.91, 96
50.20, 96
50.40, 96
51.03, 96
51.90, 96
51.90, 96
51.90, 96
52.19, 96
52.19, 96
52.35, 96
52.35, 96
52.35, 96
52.86, 96
52.86, 96
53.55, 96
53.58, 96
53.62, 96
54.15, 96
54.15, 96
54.26, 96
54.26, 96
55.18, 96
55.53, 96
55.53, 96
55.54, 96
55.54, 96
55.58, 96
55.72, 96
55.76, 96
55.76, 96
55.97, 96
55.97, 96
55.97, 96
55.97, 96
55.97, 96
55.97, 96
56.44, 96
56.44, 96
56.44, 96
57.15, 96
57.15, 96
57.76, 96
57.76, 96
58.50, 96
58.63, 96
58.63, 96
58.76, 96
58.77, 96
58.77, 96
58.77, 96
59.22, 96
59.22, 96
59.49, 96
59.49, 96
59.78, 96
59.78, 96
60.80, 96
60.80, 96
60.80, 96
60.80, 96
60.80, 96
61.03, 96
61.03, 96
62.03, 96
62.04, 96
62.46, 96
62.75, 96
62.75, 96
63.56, 96
63.87, 96
63.87, 96
64.22, 96
64.61, 96
65.84, 96
66.19, 96
66.19, 96
66.65, 96
66.81, 96
67.19, 96
67.19, 96
67.49, 96
68.06, 96
68.06, 96
68.07, 96
68.41, 96
69.26, 96
71.23, 96
71.29, 96
71.29, 96
71.73, 96
71.74, 96
72.09, 96
72.23, 96
72.23, 96
72.54, 96
72.94, 96
72.94, 96
72.94, 96
72.94, 96
74.22, 96
74.34, 96
74.66, 96
75.78, 96
76.24, 96
76.68, 96
77.17, 96
77.17, 96
77.47, 96
78.12, 96
78.12, 96
78.40, 96
78.41, 96
79.38, 96
79.38, 96
79.83, 96
79.93, 96
79.96, 96
79.96, 96
79.96, 96
80.09, 96
80.44, 96
81.19, 96
81.19, 96
81.19, 96
81.33, 96
81.33, 96
81.33, 96
81.33, 96
81.33, 96
81.33, 96
81.43, 96
81.43, 96
83.16, 96
83.16, 96
83.16, 96
83.16, 96
84.03, 96
84.26, 96
84.39, 96
85.20, 96
85.20, 96
85.52, 96
85.66, 96
85.89, 96
85.96, 96
86.09, 96
86.09, 96
86.48, 96
86.82, 96
87.00, 96
87.10, 96
87.30, 96
87.30, 96
88.15, 96
88.15, 96
88.17, 96
89.78, 96
89.78, 96
89.81, 96
90.68, 96
90.69, 96
90.69, 96
91.08, 96
91.49, 96
92.23, 96
92.23, 96
92.80, 96
94.25, 96
95.14, 96
95.14, 96
95.40, 96
95.84, 96
95.84, 96
98.05, 96
98.07, 96
98.07, 96
98.57, 96
98.88, 96
98.88, 96
98.88, 96
98.89, 96
98.95, 96
99.04, 96
99.05, 96
99.05, 96
100.62, 96
100.62, 96
100.82, 96
100.82, 96
100.82, 96
101.34, 96
101.93, 96
101.93, 96
102.01, 96
102.05, 96
102.05, 96
102.05, 96
102.05, 96
102.61, 96
104.58, 96
104.58, 96
105.22, 96
105.22, 96
105.23, 96
105.27, 96
105.27, 96
105.28, 96
105.36, 96
105.36, 96
105.62, 96
106.03, 96
106.12, 96
106.78, 96
106.92, 96
106.92, 96
106.92, 96
106.92, 96
106.92, 96
107.50, 96
107.50, 96
107.51, 96
107.51, 96
107.51, 96
107.92, 96
107.92, 96
109.33, 96
109.33, 96
110.06, 96
110.07, 96
110.35, 96
110.62, 96
112.17, 96
113.04, 96
113.04, 96
113.04, 96
113.04, 96
113.04, 96
113.04, 96
114.46, 96
114.47, 96
114.47, 96
114.73, 96
114.73, 96
114.73, 96
114.73, 96
114.85, 96
115.05, 96
115.05, 96
115.05, 96
115.05, 96
115.05, 96
115.06, 96
115.64, 96
115.64, 96
117.36, 96
117.36, 96
117.36, 96
118.82, 96
119.06, 96
119.26, 96
119.62, 96
119.62, 96
119.62, 96
119.76, 96
119.76, 96
119.76, 96
119.76, 96
119.78, 96
119.78, 96
120.28, 96
120.58, 96
120.89, 96
120.92, 96
120.92, 96
121.48, 96
121.72, 96
122.34, 96
122.70, 96
123.08, 96
123.14, 96
123.14, 96
123.14, 96
123.14, 96
123.58, 96
123.94, 96
123.95, 96
123.95, 96
123.95, 96
123.95, 96
123.96, 96
124.18, 96
124.18, 96
124.22, 96
124.26, 96
124.26, 96
124.27, 96
124.64, 96
125.07, 96
125.07, 96
125.36, 96
126.09, 96
126.10, 96
126.88, 96
127.00, 96
127.00, 96
127.13, 96
127.26, 96
127.27, 96
127.27, 96
128.17, 96
128.42, 96
129.07, 96
129.07, 96
129.26, 96
130.03, 96
130.03, 96
130.10, 96
130.56, 96
130.73, 96
130.73, 96
131.08, 96
131.08, 96
131.72, 96
131.73, 96
132.28, 96
132.72, 96
132.72, 96
132.73, 96
132.73, 96
134.17, 96
134.17, 96
134.56, 96
135.07, 96
135.56, 96
135.59, 96
135.60, 96
135.68, 96
135.81, 96
136.52, 96
137.20, 96
137.62, 96
137.62, 96
137.91, 96
138.83, 96
139.77, 96
139.77, 96
140.76, 96
141.10, 96
141.28, 96
141.64, 96
142.16, 96
142.17, 96
142.64, 96
143.08, 96
143.08, 96
143.15, 96
144.29, 96
144.38, 96
144.39, 96
144.97, 96
145.32, 96
145.32, 96
145.32, 96
145.42, 96
145.44, 96
145.55, 96
145.57, 96
145.58, 96
145.58, 96
146.05, 96
146.05, 96
146.76, 96
146.76, 96
146.93, 96
146.93, 96
146.93, 96
146.93, 96
147.53, 96
147.54, 96
147.54, 96
147.59, 96
147.62, 96
148.24, 96
148.24, 96
148.24, 96
148.24, 96
148.24, 96
148.26, 96
148.40, 96
148.41, 96
148.41, 96
148.41, 96
148.59, 96
149.09, 96
149.94, 96
149.95, 96
150.58, 96
150.58, 96
151.00, 96
151.00, 96
151.00, 96
151.04, 96
151.04, 96
151.04, 96
151.19, 96
151.45, 96
151.54, 96
152.16, 96
152.16, 96
152.24, 96
152.66, 96
152.78, 96
152.96, 96
153.72, 96
154.13, 96
154.41, 96
155.30, 96
155.38, 96
155.38, 96
155.75, 96
155.75, 96
155.75, 96
155.86, 96
155.96, 96
155.96, 96
156.09, 96
156.23, 96
156.23, 96
156.23, 96
156.25, 96
157.25, 96
157.25, 96
157.25, 96
157.28, 96
157.28, 96
157.28, 96
157.29, 96
159.03, 96
159.09, 96
159.09, 96
159.37, 96
160.58, 96
160.74, 96
160.97, 96
162.32, 96
162.58, 96
162.71, 96
163.41, 96
163.46, 96
163.46, 96
163.58, 96
164.65, 96
164.65, 96
164.92, 96
165.05, 96
166.05, 96
166.42, 96
166.42, 96
166.73, 96
167.12, 96
167.70, 96
167.70, 96
167.70, 96
167.72, 96
168.15, 96
168.15, 96
168.15, 96
168.15, 96
168.72, 96
169.13, 96
169.15, 96
169.15, 96
170.16, 96
170.39, 96
170.59, 96
170.88, 96
170.88, 96
170.89, 96
171.36, 96
171.36, 96
171.37, 96
171.96, 96
172.17, 96
172.17, 96
172.59, 96
172.84, 96
174.41, 96
174.45, 96
174.45, 96
174.71, 96
174.98, 96
175.62, 96
176.41, 96
176.41, 96
176.41, 96
176.41, 96
176.46, 96
176.46, 96
176.84, 96
177.40, 96
177.67, 96
178.41, 96
178.41, 96
179.01, 96
179.05, 96
179.57, 96
179.99, 96
180.00, 96
180.26, 96
180.26, 96
180.26, 96
180.78, 96
180.78, 96
180.88, 96
181.17, 96
181.60, 96
181.60, 96
181.60, 96
181.61, 96
181.65, 96
181.99, 96
182.21, 96
182.22, 96
182.35, 96
182.86, 96
182.86, 96
182.87, 96
182.87, 96
182.87, 96
183.45, 96
183.46, 96
183.59, 96
183.72, 96
183.72, 96
184.20, 96
184.20, 96
184.33, 96
184.33, 96
184.33, 96
184.33, 96
184.33, 96
184.62, 96
184.97, 96
184.97, 96
184.97, 96
184.97, 96
185.01, 96
185.26, 96
185.50, 96
185.98, 96
186.17, 96
186.38, 96
186.38, 96
186.53, 96
186.53, 96
186.53, 96
186.70, 96
186.70, 96
186.70, 96
186.77, 96
186.78, 96
186.98, 96
187.56, 96
187.56, 96
187.57, 96
187.57, 96
187.77, 96
187.77, 96
190.23, 96
190.23, 96
190.46, 96
191.34, 96
191.34, 96
191.34, 96
191.56, 96
191.56, 96
191.63, 96
191.66, 96
191.86, 96
191.86, 96
191.86, 96
191.86, 96
191.98, 96
191.98, 96
192.17, 96
192.87, 96
192.87, 96
193.88, 96
193.88, 96
194.35, 96
195.26, 96
195.47, 96
195.67, 96
195.67, 96
196.02, 96
196.02, 96
196.02, 96
196.05, 96
196.05, 96
196.05, 96
196.68, 96
196.68, 96
197.06, 96
198.21, 96
198.28, 96
198.28, 96
198.28, 96
198.28, 96
199.46, 96
199.86, 96
200.36, 96
200.36, 96
200.43, 96
200.43, 96
200.43, 96
201.37, 96
203.35, 96
203.35, 96
203.35, 96
203.35, 96
203.66, 96
203.66, 96
204.24, 96
204.54, 96
204.74, 96
204.94, 96
206.52, 96
206.52, 96
207.35, 96
207.66, 96
207.66, 96
207.66, 96
207.66, 96
207.78, 96
207.80, 96
208.12, 96
208.12, 96
208.12, 96
208.12, 96
208.12, 96
208.18, 96
208.18, 96
208.18, 96
208.43, 96
208.43, 96
208.43, 96
208.77, 96
209.25, 96
209.25, 96
209.96, 96
209.96, 96
209.96, 96
209.96, 96
210.07, 96
210.07, 96
210.07, 96
210.15, 96
210.15, 96
210.15, 96
210.15, 96
210.16, 96
210.62, 96
210.62, 96
210.62, 96
210.77, 96
210.77, 96
211.37, 96
211.55, 96
211.55, 96
211.55, 96
211.55, 96
211.76, 96
211.76, 96
211.76, 96
211.76, 96
213.16, 96
213.40, 96
213.41, 96
213.44, 96
213.45, 96
213.87, 96
214.40, 96
214.40, 96
214.41, 96
214.42, 96
214.42, 96
214.52, 96
214.52, 96
214.57, 96
214.89, 96
214.89, 96
215.10, 96
215.10, 96
215.11, 96
215.48, 96
215.90, 96
215.90, 96
216.04, 96
216.10, 96
216.15, 96
216.15, 96
216.15, 96
216.23, 96
216.23, 96
216.56, 96
216.56, 96
217.25, 96
217.25, 96
217.33, 96
217.80, 96
218.28, 96
218.32, 96
218.85, 96
218.86, 96
218.91, 96
219.74, 96
220.26, 96
220.58, 96
220.88, 96
221.08, 96
221.08, 96
222.45, 96
223.33, 96
223.71, 96
223.78, 96
223.78, 96
223.78, 96
223.96, 96
223.96, 96
224.32, 96
224.99, 96
225.28, 96
225.28, 96
225.79, 96
226.86, 96
226.86, 96
227.44, 96
227.44, 96
227.44, 96
227.51, 96
227.56, 96
227.83, 96
228.50, 96
229.12, 96
229.65, 96
230.10, 96
230.10, 96
230.14, 96
230.14, 96
230.70, 96
230.73, 96
230.74, 96
230.76, 96
231.04, 96
231.04, 96
231.15, 96
232.91, 96
233.10, 96
233.31, 96
233.62, 96
234.71, 96
234.71, 96
234.71, 96
235.60, 96
235.61, 96
235.61, 96
235.61, 96
235.62, 96
236.29, 96
236.42, 96
236.44, 96
238.71, 96
238.72, 96
238.91, 96
238.92, 96
239.07, 96
239.11, 96
239.62, 96
240.20, 96
240.20, 96
240.20, 96
241.55, 96
241.59, 96
241.59, 96
242.58, 96
242.58, 96
242.62, 96
242.80, 96
242.81, 96
243.33, 96
243.33, 96
243.34, 96
243.47, 96
243.82, 96
243.82, 96
245.17, 96
245.18, 96
245.23, 96
245.69, 96
245.96, 96
245.96, 96
246.02, 96
246.02, 96
246.52, 96
246.52, 96
246.52, 96
246.52, 96
246.52, 96
246.53, 96
246.66, 96
246.93, 96
247.60, 96
247.92, 96
247.92, 96
248.31, 96
248.71, 96
248.74, 96
249.08, 96
249.08, 96
249.17, 96
249.47, 96
250.05, 96
250.38, 96
250.38, 96
250.38, 96
250.94, 96
251.27, 96
251.44, 96
251.74, 96
251.74, 96
251.74, 96
251.74, 96
251.98, 96
252.07, 96
252.15, 96
252.15, 96
252.15, 96
252.52, 96
252.52, 96
252.52, 96
252.52, 96
252.52, 96
252.77, 96
252.78, 96
253.68, 96
253.68, 96
254.00, 96
254.04, 96
254.04, 96
254.13, 96
254.13, 96
254.21, 96
254.40, 96
255.26, 96
255.46, 96
255.96, 96
256.19, 96
256.43, 96
257.74, 96
257.74, 96
257.74, 96
257.74, 96
258.62, 96
258.62, 96
259.02, 96
259.15, 96
259.31, 96
259.89, 96
259.89, 96
259.89, 96
260.41, 96
261.90, 96
263.17, 96
263.36, 96
263.69, 96
263.69, 96
263.70, 96
264.00, 96
264.95, 96
265.04, 96
265.49, 96
265.91, 96
268.25, 96
268.85, 96
268.85, 96
268.85, 96
268.85, 96
268.85, 96
268.85, 96
268.85, 96
268.96, 96
269.02, 96
269.02, 96
269.02, 96
269.40, 96
269.46, 96
271.06, 96
271.07, 96
271.12, 96
271.12, 96
271.27, 96
271.71, 96
273.67, 96
274.02, 96
274.02, 96
274.52, 96
274.81, 96
275.21, 96
275.22, 96
275.22, 96
275.46, 96
275.64, 96
275.67, 96
275.69, 96
276.20, 96
276.21, 96
276.68, 96
277.12, 96
277.12, 96
277.15, 96
277.22, 96
277.22, 96
277.22, 96
277.22, 96
277.93, 96
277.94, 96
278.42, 96
278.43, 96
278.58, 96
279.98, 96
280.04, 96
280.04, 96
280.12, 96
280.64, 96
280.64, 96
280.86, 96
280.86, 96
280.86, 96
280.86, 96
281.58, 96
281.58, 96
281.58, 96
281.58, 96
281.58, 96
281.62, 96
281.62, 96
281.62, 96
282.94, 96
282.94, 96
283.22, 96
283.22, 96
284.41, 96
284.41, 96
284.42, 96
284.71, 96
285.54, 96
285.96, 96
285.96, 96
285.96, 96
286.72, 96
287.47, 96
287.52, 96
287.53, 96
287.84, 96
288.63, 96
288.63, 96
288.73, 96
289.34, 96
289.96, 96
290.10, 96
290.48, 96
291.29, 96
291.43, 96
292.17, 96
292.19, 96
292.23, 96
292.93, 96
293.03, 96
293.57, 96
293.58, 96
296.36, 96
296.87, 96
296.87, 96
296.87, 96
298.76, 96
298.76, 96
299.19, 96
300.01, 96
300.01, 96
300.35, 96
300.43, 96
300.44, 96
302.36, 96
303.34, 96
303.96, 96
304.19, 96
304.61, 96
304.92, 96
305.10, 96
305.10, 96
305.10, 96
305.10, 96
305.36, 96
305.61, 96
306.48, 96
307.27, 96
307.27, 96
307.28, 96
307.48, 96
307.98, 96
310.01, 96
310.11, 96
310.12, 96
310.88, 96
310.88, 96
310.88, 96
310.89, 96
310.89, 96
311.03, 96
311.03, 96
311.19, 96
311.19, 96
311.36, 96
312.00, 96
312.24, 96
313.53, 96
313.60, 96
314.60, 96
314.61, 96
314.61, 96
314.61, 96
314.73, 96
314.73, 96
314.76, 96
314.76, 96
314.76, 96
314.95, 96
315.36, 96
316.15, 96
316.25, 96
316.50, 96
317.60, 96
318.30, 96
318.73, 96
318.73, 96
318.85, 96
319.31, 96
319.75, 96
320.42, 96
321.48, 96
321.50, 96
321.50, 96
322.26, 96
322.34, 96
322.34, 96
322.87, 96
322.87, 96
322.87, 96
322.87, 96
322.87, 96
322.87, 96
322.87, 96
324.75, 96
324.75, 96
324.78, 96
325.14, 96
325.47, 96
325.47, 96
325.73, 96
325.73, 96
325.73, 96
325.73, 96
325.95, 96
326.51, 96
327.07, 96
327.13, 96
327.13, 96
327.13, 96
327.15, 96
327.15, 96
327.15, 96
328.31, 96
328.69, 96
328.69, 96
329.96, 96
330.70, 96
331.34, 96
331.34, 96
331.34, 96
331.45, 96
331.46, 96
331.92, 96
332.75, 96
332.75, 96
332.75, 96
332.75, 96
332.75, 96
333.05, 96
333.23, 96
333.82, 96
333.92, 96
333.96, 96
334.33, 96
335.05, 96
335.05, 96
335.43, 96
335.57, 96
336.68, 96
336.68, 96
337.12, 96
337.71, 96
338.30, 96
338.30, 96
338.37, 96
338.37, 96
338.83, 96
339.44, 96
339.44, 96
339.45, 96
339.76, 96
339.87, 96
339.87, 96
339.87, 96
341.02, 96
341.02, 96
341.02, 96
341.18, 96
341.29, 96
341.29, 96
341.29, 96
341.29, 96
341.29, 96
341.30, 96
341.30, 96
341.30, 96
341.30, 96
341.30, 96
342.17, 96
342.22, 96
342.41, 96
342.41, 96
342.62, 96
342.68, 96
343.52, 96
344.38, 96
344.41, 96
344.41, 96
344.72, 96
344.72, 96
346.09, 96
346.16, 96
346.17, 96
346.42, 96
346.88, 96
347.50, 96
348.04, 96
348.83, 96
350.76, 96
351.21, 96
352.99, 96
353.69, 96
354.84, 96
355.48, 96
355.48, 96
355.65, 96
355.88, 96
355.97, 96
356.96, 96
356.96, 96
356.96, 96
357.03, 96
357.41, 96
357.41, 96
357.53, 96
357.74, 96
358.37, 96
359.24, 96
359.24, 96
359.94, 96
360.47, 96
360.73, 96
360.73, 96
360.73, 96
360.73, 96
360.79, 96
360.79, 96
360.79, 96
360.79, 96
360.80, 96
360.80, 96
360.80, 96
361.42, 96
361.51, 96
361.60, 96
362.13, 96
362.13, 96
362.62, 96
362.62, 96
362.63, 96
363.65, 96
364.58, 96
364.58, 96
364.70, 96
364.70, 96
364.71, 96
365.65, 96
365.94, 96
366.20, 96
366.20, 96
366.87, 96
366.87, 96
366.87, 96
366.87, 96
367.03, 96
367.57, 96
367.57, 96
367.58, 96
367.87, 96
367.87, 96
367.89, 96
367.89, 96
367.98, 96
367.98, 96
367.98, 96
368.84, 96
369.69, 96
369.69, 96
370.22, 96
370.72, 96
370.72, 96
370.72, 96
370.72, 96
371.55, 96
371.56, 96
371.81, 96
372.32, 96
372.32, 96
372.32, 96
372.99, 96
372.99, 96
373.90, 96
373.90, 96
373.90, 96
373.90, 96
375.18, 96
375.38, 96
375.39, 96
376.29, 96
377.56, 96
377.83, 96
377.83, 96
377.83, 96
378.20, 96
378.93, 96
379.06, 96
379.34, 96
379.47, 96
379.47, 96
379.56, 96
379.72, 96
379.72, 96
379.91, 96
379.91, 96
380.59, 96
380.59, 96
380.74, 96
380.75, 96
380.86, 96
381.08, 96
381.44, 96
381.55, 96
381.55, 96
381.55, 96
381.55, 96
381.61, 96
381.83, 96
381.83, 96
382.19, 96
382.48, 96
384.45, 96
384.45, 96
384.53, 96
384.77, 96
384.77, 96
385.03, 96
385.29, 96
385.61, 96
385.73, 96
385.76, 96
386.53, 96
386.80, 96
386.80, 96
386.88, 96
386.88, 96
387.60, 96
387.82, 96
387.82, 96
387.82, 96
387.82, 96
387.82, 96
387.82, 96
387.86, 96
387.92, 96
388.07, 96
388.76, 96
389.04, 96
389.05, 96
389.06, 96
389.06, 96
389.06, 96
389.06, 96
389.07, 96
391.96, 96
391.96, 96
391.97, 96
391.97, 96
391.97, 96
392.21, 96
392.21, 96
392.21, 96
392.25, 96
392.25, 96
392.62, 96
393.02, 96
393.02, 96
393.23, 96
393.23, 96
393.23, 96
393.36, 96
393.53, 96
393.54, 96
393.54, 96
394.24, 96
396.06, 96
396.13, 96
396.64, 96
396.64, 96
397.33, 96
398.56, 96
398.82, 96
398.95, 96
399.53, 96
399.58, 96
399.58, 96
399.70, 96
399.70, 96
400.55, 96
400.55, 96
400.55, 96
401.44, 96
401.44, 96
402.50, 96
402.50, 96
402.51, 96
402.51, 96
402.51, 96
402.76, 96
402.76, 96
403.05, 96
403.26, 96
403.26, 96
403.26, 96
405.61, 96
406.24, 96
406.24, 96
406.24, 96
406.24, 96
406.24, 96
406.52, 96
406.52, 96
406.58, 96
406.71, 96
406.88, 96
407.25, 96
407.25, 96
407.25, 96
407.61, 96
408.01, 96
409.30, 96
409.30, 96
410.29, 96
411.20, 96
411.48, 96
412.11, 96
412.11, 96
412.46, 96
413.76, 96
413.76, 96
413.76, 96
413.84, 96
413.84, 96
413.84, 96
413.84, 96
413.84, 96
413.84, 96
413.84, 96
413.85, 96
413.85, 96
413.85, 96
414.12, 96
414.12, 96
414.12, 96
414.47, 96
414.86, 96
415.07, 96
415.40, 96
415.67, 96
415.67, 96
415.73, 96
416.39, 96
418.00, 96
418.19, 96
418.92, 96
418.92, 96
418.92, 96
418.92, 96
419.63, 96
419.63, 96
419.63, 96
419.63, 96
420.61, 96
420.61, 96
420.61, 96
420.65, 96
420.65, 96
420.65, 96
420.65, 96
420.67, 96
420.67, 96
420.84, 96
420.96, 96
420.96, 96
420.96, 96
421.11, 96
421.23, 96
422.19, 96
422.79, 96
423.11, 96
423.82, 96
423.83, 96
424.02, 96
424.12, 96
424.13, 96
425.14, 96
425.21, 96
425.21, 96
425.93, 96
427.40, 96
428.14, 96
428.14, 96
428.23, 96
429.17, 96
429.17, 96
429.17, 96
429.78, 96
429.78, 96
429.90, 96
429.90, 96
430.03, 96
430.03, 96
430.60, 96
430.60, 96
430.60, 96
430.60, 96
430.61, 96
430.63, 96
430.63, 96
430.96, 96
430.96, 96
431.50, 96
432.64, 96
433.12, 96
433.76, 96
433.91, 96
433.91, 96
434.57, 96
434.68, 96
434.69, 96
434.69, 96
434.69, 96
434.81, 96
434.81, 96
434.90, 96
434.92, 96
435.55, 96
435.56, 96
435.56, 96
435.61, 96
435.61, 96
435.72, 96
435.72, 96
436.59, 96
436.95, 96
437.40, 96
437.62, 96
438.06, 96
438.06, 96
438.14, 96
438.14, 96
438.15, 96
438.15, 96
438.35, 96
439.07, 96
440.43, 96
440.64, 96
440.64, 96
440.64, 96
440.81, 96
442.15, 96
442.61, 96
442.69, 96
442.69, 96
442.69, 96
442.70, 96
442.86, 96
442.97, 96
442.97, 96
443.11, 96
443.20, 96
443.66, 96
443.80, 96
443.80, 96
443.80, 96
443.80, 96
443.80, 96
443.80, 96
443.94, 96
444.28, 96
444.28, 96
444.28, 96
445.11, 96
445.79, 96
445.85, 96
445.90, 96
446.64, 96
447.44, 96
447.46, 96
447.80, 96
447.83, 96
447.83, 96
447.99, 96
447.99, 96
448.66, 96
448.89, 96
449.15, 96
450.28, 96
450.37, 96
450.44, 96
450.45, 96
450.92, 96
451.38, 96
451.38, 96
451.88, 96
451.88, 96
451.88, 96
451.88, 96
451.88, 96
451.88, 96
451.88, 96
451.88, 96
451.88, 96
452.14, 96
452.24, 96
452.35, 96
452.35, 96
453.08, 96
454.15, 96
454.15, 96
454.15, 96
454.15, 96
454.32, 96
454.86, 96
455.04, 96
455.04, 96
455.26, 96
455.27, 96
455.67, 96
456.56, 96
456.87, 96
456.87, 96
457.20, 96
457.20, 96
457.68, 96
457.68, 96
457.68, 96
457.68, 96
457.85, 96
457.85, 96
457.85, 96
457.85, 96
457.90, 96
458.11, 96
458.11, 96
458.11, 96
458.11, 96
459.08, 96
459.22, 96
459.22, 96
459.76, 96
459.76, 96
459.87, 96
459.87, 96
459.87, 96
459.87, 96
459.87, 96
461.56, 96
461.56, 96
461.59, 96
461.98, 96
461.98, 96
462.43, 96
462.43, 96
462.75, 96
463.12, 96
464.27, 96
465.04, 96
465.04, 96
466.46, 96
466.46, 96
466.67, 96
466.67, 96
466.88, 96
467.12, 96
467.12, 96
467.55, 96
467.63, 96
467.63, 96
467.63, 96
467.63, 96
467.82, 96
467.99, 96
468.47, 96
468.47, 96
468.47, 96
468.47, 96
468.74, 96
468.96, 96
469.31, 96
469.31, 96
470.14, 96
470.60, 96
471.54, 96
471.69, 96
471.69, 96
472.28, 96
472.45, 96
472.45, 96
472.45, 96
472.70, 96
473.57, 96
473.57, 96
473.57, 96
473.57, 96
473.57, 96
474.74, 96
475.17, 96
475.42, 96
475.42, 96
475.44, 96
476.75, 96
476.76, 96
476.76, 96
476.79, 96
478.90, 96
478.90, 96
478.90, 96
479.07, 96
479.60, 96
479.60, 96
479.61, 96
479.68, 96
480.03, 96
480.03, 96
480.03, 96
480.13, 96
480.16, 96
480.29, 96
480.78, 96
481.01, 96
481.01, 96
481.38, 96
482.04, 96
482.25, 96
482.51, 96
482.54, 96
483.16, 96
483.29, 96
483.29, 96
483.29, 96
483.51, 96
484.65, 96
484.65, 96
485.27, 96
485.27, 96
485.27, 96
485.27, 96
485.27, 96
485.27, 96
486.04, 96
486.69, 96
486.69, 96
487.97, 96
487.99, 96
487.99, 96
488.16, 96
488.26, 96
488.67, 96
490.23, 96
490.24, 96
490.78, 96
490.87, 96
491.46, 96
491.46, 96
491.93, 96
493.28, 96
493.28, 96
493.33, 96
493.46, 96
493.46, 96
493.46, 96
493.46, 96
493.46, 96
493.59, 96
493.75, 96
494.05, 96
494.12, 96
494.84, 96
494.85, 96
495.42, 96
495.73, 96
495.82, 96
495.82, 96
495.97, 96
496.54, 96
496.76, 96
496.98, 96
497.16, 96
497.16, 96
498.04, 96
498.04, 96
498.05, 96
498.05, 96
498.22, 96
498.56, 96
498.56, 96
499.20, 96
499.21, 96
499.57, 96
499.57, 96
500.70, 96
500.70, 96
501.12, 96
501.89, 96
501.89, 96
502.62, 96
502.62, 96
502.98, 96
503.01, 96
503.01, 96
503.06, 96
503.18, 96
504.81, 96
504.81, 96
504.81, 96
505.21, 96
505.57, 96
505.77, 96
505.81, 96
505.84, 96
505.84, 96
506.13, 96
506.23, 96
506.43, 96
506.91, 96
507.07, 96
507.07, 96
507.39, 96
507.67, 96
507.67, 96
507.72, 96
509.17, 96
509.17, 96
509.17, 96
509.30, 96
509.30, 96
510.03, 96
510.28, 96
510.40, 96
510.41, 96
511.54, 96
511.62, 96
511.91, 96
513.70, 96
514.44, 96
514.67, 96
514.67, 96
514.67, 96
514.74, 96
514.74, 96
514.96, 96
514.96, 96
514.96, 96
514.96, 96
514.98, 96
514.98, 96
515.19, 96
515.19, 96
515.30, 96
515.82, 96
516.67, 96
516.71, 96
516.76, 96
516.76, 96
517.28, 96
517.63, 96
517.63, 96
518.02, 96
518.02, 96
518.04, 96
520.01, 96
520.01, 96
520.01, 96
520.86, 96
521.16, 96
521.58, 96
521.75, 96
521.97, 96
521.97, 96
522.14, 96
522.33, 96
522.54, 96
522.54, 96
522.96, 96
522.96, 96
522.96, 96
523.09, 96
523.09, 96
523.42, 96
523.65, 96
523.70, 96
523.70, 96
523.97, 96
524.03, 96
524.08, 96
524.08, 96
524.08, 96
524.08, 96
524.09, 96
524.09, 96
524.69, 96
525.19, 96
525.19, 96
525.26, 96
525.27, 96
525.27, 96
525.48, 96
525.98, 96
526.93, 96
529.00, 96
529.06, 96
529.57, 96
530.05, 96
530.14, 96
533.46, 96
533.46, 96
533.76, 96
534.84, 96
534.84, 96
534.91, 96
535.23, 96
535.35, 96
535.68, 96
535.68, 96
535.68, 96
535.68, 96
536.31, 96
536.75, 96
536.75, 96
536.76, 96
537.05, 96
537.05, 96
537.17, 96
537.17, 96
537.17, 96
537.41, 96
538.26, 96
538.44, 96
538.44, 96
538.90, 96
538.90, 96
539.57, 96
539.58, 96
539.76, 96
539.84, 96
539.84, 96
540.63, 96
540.74, 96
540.76, 96
541.12, 96
541.12, 96
541.12, 96
541.12, 96
541.26, 96
541.30, 96
541.65, 96
541.73, 96
541.73, 96
541.73, 96
541.73, 96
541.77, 96
541.78, 96
541.79, 96
541.79, 96
542.26, 96
542.51, 96
542.61, 96
542.61, 96
542.71, 96
543.32, 96
543.51, 96
543.51, 96
543.52, 96
543.98, 96
543.98, 96
544.21, 96
544.21, 96
544.32, 96
544.32, 96
544.34, 96
544.34, 96
544.39, 96
544.39, 96
544.39, 96
544.78, 96
544.97, 96
545.88, 96
546.21, 96
546.79, 96
546.80, 96
546.87, 96
546.87, 96
547.16, 96
547.17, 96
547.17, 96
547.22, 96
549.08, 96
549.32, 96
549.44, 96
549.49, 96
549.64, 96
550.81, 96
552.13, 96
553.25, 96
553.26, 96
553.86, 96
553.86, 96
553.86, 96
553.89, 96
553.89, 96
553.93, 96
554.00, 96
554.00, 96
554.60, 96
554.80, 96
554.80, 96
554.80, 96
555.25, 96
555.25, 96
556.12, 96
556.12, 96
556.12, 96
556.12, 96
556.19, 96
556.39, 96
556.39, 96
556.45, 96
557.00, 96
557.00, 96
557.00, 96
557.00, 96
557.16, 96
558.41, 96
558.47, 96
559.24, 96
559.66, 96
559.95, 96
560.23, 96
560.58, 96
560.58, 96
560.62, 96
560.62, 96
560.62, 96
561.70, 96
561.81, 96
562.30, 96
562.39, 96
562.39, 96
562.77, 96
562.77, 96
562.95, 96
563.28, 96
563.50, 96
563.50, 96
564.22, 96
564.22, 96
564.27, 96
564.35, 96
564.35, 96
564.57, 96
565.45, 96
565.50, 96
565.50, 96
565.51, 96
566.15, 96
567.47, 96
568.28, 96
568.90, 96
569.41, 96
569.42, 96
569.65, 96
569.69, 96
569.70, 96
570.28, 96
570.28, 96
570.76, 96
571.31, 96
571.52, 96
571.52, 96
573.19, 96
574.05, 96
574.18, 96
574.86, 96
575.08, 96
575.92, 96
575.93, 96
576.12, 96
576.12, 96
576.14, 96
576.14, 96
577.06, 96
577.06, 96
577.28, 96
577.75, 96
577.75, 96
577.75, 96
578.16, 96
578.17, 96
578.27, 96
579.19, 96
579.19, 96
579.34, 96
579.79, 96
581.45, 96
581.65, 96
581.65, 96
581.79, 96
581.90, 96
581.90, 96
581.98, 96
581.98, 96
581.98, 96
582.14, 96
582.75, 96
583.07, 96
583.07, 96
583.99, 96
584.01, 96
584.20, 96
584.81, 96
584.82, 96
584.82, 96
584.82, 96
585.32, 96
585.32, 96
585.52, 96
585.53, 96
587.72, 96
588.49, 96
588.49, 96
588.49, 96
588.49, 96
589.67, 96
589.67, 96
589.72, 96
589.72, 96
589.72, 96
589.73, 96
589.73, 96
589.73, 96
589.79, 96
590.10, 96
591.35, 96
591.50, 96
591.50, 96
591.51, 96
592.03, 96
592.34, 96
592.35, 96
592.35, 96
592.35, 96
593.26, 96
593.26, 96
595.60, 96
595.60, 96
595.99, 96
596.12, 96
596.12, 96
596.29, 96
596.29, 96
596.40, 96
596.41, 96
596.55, 96
596.55, 96
596.55, 96
596.56, 96
596.56, 96
597.36, 96
597.36, 96
597.70, 96
597.70, 96
597.70, 96
597.70, 96
597.71, 96
597.71, 96
598.03, 96
598.03, 96
599.23, 96
