0.01, 102
0.01, 99
0.01, 99
0.01, 99
0.01, 99
0.01, 98
0.01, 98
0.01, 98
0.02, 98
0.03, 98
0.03, 97
0.05, 97
0.05, 97
0.06, 97
0.09, 97
0.09, 97
0.12, 97
0.12, 97
0.12, 97
0.27, 97
0.28, 97
0.34, 97
0.35, 97
0.35, 97
0.35, 97
0.42, 97
0.42, 97
0.42, 97
0.49, 97
0.49, 97
0.49, 97
0.54, 97
0.58, 97
0.58, 97
0.61, 97
0.62, 97
0.62, 97
0.62, 97
0.62, 97
0.62, 97
0.62, 97
0.62, 97
0.67, 97
0.67, 97
0.67, 97
0.67, 96
1.36, 96
2.38, 96
2.48, 96
2.54, 96
2.54, 96
3.57, 96
5.46, 96
5.68, 96
6.28, 96
6.32, 96
6.47, 96
6.47, 96
6.81, 96
7.55, 96
7.56, 96
7.56, 96
7.72, 96
7.72, 96
8.94, 96
9.18, 96
9.19, 96
9.39, 96
10.05, 96
11.10, 96
11.20, 96
12.47, 96
12.48, 96
12.73, 96
12.73, 96
13.20, 96
13.39, 96
13.39, 96
13.79, 96
13.79, 96
14.17, 96
14.18, 96
14.18, 96
14.56, 96
14.65, 96
14.67, 96
14.71, 96
14.73, 96
15.73, 96
15.73, 96
15.80, 96
15.80, 96
15.96, 96
15.96, 96
16.15, 96
16.15, 96
16.15, 96
16.42, 96
16.42, 96
16.96, 96
16.97, 96
16.97, 96
16.97, 96
16.97, 96
16.97, 96
16.98, 96
17.79, 96
17.79, 96
17.79, 96
18.40, 96
18.62, 96
18.62, 96
18.62, 96
19.08, 96
19.92, 96
20.53, 96
20.53, 96
21.08, 96
23.34, 96
23.34, 96
23.51, 96
23.57, 96
23.57, 96
23.57, 96
23.98, 96
24.09, 96
24.39, 96
24.87, 96
25.13, 96
25.13, 96
25.32, 96
25.41, 96
25.50, 96
25.56, 96
25.60, 96
25.60, 96
25.67, 96
27.26, 96
27.54, 96
27.55, 96
27.55, 96
28.48, 96
29.53, 96
29.58, 96
29.58, 96
29.58, 96
29.58, 96
29.81, 96
30.12, 96
30.33, 96
30.34, 96
30.34, 96
30.77, 96
30.77, 96
30.94, 96
32.65, 96
32.73, 96
33.23, 96
33.23, 96
33.37, 96
33.86, 96
33.86, 96
33.86, 96
34.07, 96
34.21, 96
34.25, 96
35.12, 96
35.12, 96
35.12, 96
35.12, 96
35.12, 96
35.18, 96
36.29, 96
36.95, 96
36.95, 96
37.20, 96
37.30, 96
38.53, 96
38.53, 96
38.53, 96
38.53, 96
38.53, 96
38.57, 96
38.85, 96
38.89, 96
39.51, 96
39.51, 96
39.60, 96
40.23, 96
40.39, 96
40.39, 96
40.50, 96
40.66, 96
42.25, 96
43.14, 96
43.14, 96
43.30, 96
43.32, 96
43.36, 96
43.36, 96
43.86, 96
43.92, 96
43.92, 96
44.03, 96
44.03, 96
44.03, 96
44.10, 96
44.11, 96
44.11, 96
44.33, 96
44.35, 96
44.35, 96
44.59, 96
44.59, 96
45.08, 96
45.22, 96
45.59, 96
46.29, 96
46.33, 96
47.42, 96
48.77, 96
48.77, 96
49.07, 96
49.22, 96
49.85, 96
50.76, 96
50.76, 96
50.76, 96
51.06, 96
51.06, 96
51.19, 96
51.19, 96
51.19, 96
51.76, 96
51.77, 96
52.42, 96
52.44, 96
52.48, 96
53.04, 96
53.04, 96
53.16, 96
53.16, 96
54.11, 96
54.47, 96
54.48, 96
54.48, 96
54.48, 96
54.51, 96
54.66, 96
54.70, 96
54.70, 96
54.90, 96
54.91, 96
54.91, 96
54.91, 96
54.91, 96
54.91, 96
55.37, 96
55.37, 96
55.37, 96
56.08, 96
56.08, 96
56.66, 96
56.66, 96
57.33, 96
57.42, 96
57.42, 96
57.55, 96
57.56, 96
57.56, 96
57.56, 96
58.02, 96
58.02, 96
58.34, 96
58.35, 96
58.65, 96
58.65, 96
59.63, 96
59.63, 96
59.64, 96
59.64, 96
59.64, 96
59.91, 96
59.91, 96
60.90, 96
60.91, 96
61.32, 96
61.70, 96
61.71, 96
62.71, 96
63.12, 96
63.13, 96
63.50, 96
63.82, 96
64.99, 96
65.34, 96
65.34, 96
65.82, 96
65.97, 96
66.37, 96
66.37, 96
66.66, 96
67.21, 96
67.21, 96
67.21, 96
67.50, 96
68.24, 96
70.20, 96
70.29, 96
70.29, 96
70.81, 96
70.82, 96
71.16, 96
71.29, 96
71.29, 96
71.57, 96
71.99, 96
71.99, 96
71.99, 96
72.00, 96
73.20, 96
73.33, 96
73.64, 96
74.76, 96
75.23, 96
75.81, 96
76.34, 96
76.35, 96
76.67, 96
77.33, 96
77.33, 96
77.59, 96
77.59, 96
78.70, 96
78.70, 96
79.25, 96
79.35, 96
79.37, 96
79.37, 96
79.37, 96
79.49, 96
79.80, 96
80.53, 96
80.53, 96
80.53, 96
80.63, 96
80.63, 96
80.64, 96
80.64, 96
80.64, 96
80.64, 96
80.74, 96
80.74, 96
82.45, 96
82.45, 96
82.46, 96
82.46, 96
83.24, 96
83.50, 96
83.61, 96
84.42, 96
84.42, 96
84.73, 96
84.85, 96
85.08, 96
85.16, 96
85.30, 96
85.30, 96
85.70, 96
86.03, 96
86.22, 96
86.31, 96
86.54, 96
86.54, 96
87.36, 96
87.36, 96
87.38, 96
88.97, 96
88.98, 96
89.00, 96
89.80, 96
89.80, 96
89.80, 96
90.19, 96
90.63, 96
91.37, 96
91.37, 96
91.95, 96
93.28, 96
94.18, 96
94.18, 96
94.42, 96
94.86, 96
94.86, 96
97.07, 96
97.09, 96
97.09, 96
97.54, 96
97.82, 96
97.82, 96
97.82, 96
97.83, 96
97.90, 96
97.98, 96
97.98, 96
97.98, 96
99.56, 96
99.56, 96
99.72, 96
99.72, 96
99.72, 96
100.25, 96
100.89, 96
100.89, 96
100.98, 96
101.03, 96
101.03, 96
101.03, 96
101.03, 96
101.56, 96
103.38, 96
103.38, 96
104.00, 96
104.00, 96
104.00, 96
104.05, 96
104.05, 96
104.05, 96
104.14, 96
104.14, 96
104.44, 96
104.83, 96
104.93, 96
105.60, 96
105.73, 96
105.73, 96
105.74, 96
105.74, 96
105.74, 96
106.30, 96
106.30, 96
106.30, 96
106.30, 96
106.30, 96
106.74, 96
106.74, 96
108.05, 96
108.05, 96
108.86, 96
108.86, 96
109.08, 96
109.36, 96
110.92, 96
111.79, 96
111.79, 96
111.79, 96
111.79, 96
111.79, 96
111.79, 96
113.15, 96
113.15, 96
113.16, 96
113.43, 96
113.43, 96
113.43, 96
113.44, 96
113.56, 96
113.79, 96
113.79, 96
113.79, 96
113.79, 96
113.79, 96
113.79, 96
114.36, 96
114.36, 96
116.05, 96
116.05, 96
116.05, 96
117.43, 96
117.64, 96
117.83, 96
118.22, 96
118.22, 96
118.22, 96
118.41, 96
118.41, 96
118.41, 96
118.41, 96
118.44, 96
118.44, 96
118.95, 96
119.19, 96
119.52, 96
119.56, 96
119.56, 96
120.11, 96
120.33, 96
120.96, 96
121.30, 96
121.65, 96
121.70, 96
121.70, 96
121.70, 96
121.70, 96
122.08, 96
122.38, 96
122.39, 96
122.39, 96
122.39, 96
122.39, 96
122.40, 96
122.64, 96
122.64, 96
122.67, 96
122.72, 96
122.72, 96
122.73, 96
123.07, 96
123.52, 96
123.52, 96
123.82, 96
124.56, 96
124.56, 96
125.31, 96
125.43, 96
125.43, 96
125.58, 96
125.74, 96
125.75, 96
125.75, 96
126.66, 96
126.86, 96
127.48, 96
127.49, 96
127.67, 96
128.46, 96
128.46, 96
128.52, 96
128.90, 96
129.06, 96
129.06, 96
129.44, 96
129.45, 96
130.09, 96
130.09, 96
130.62, 96
131.06, 96
131.06, 96
131.06, 96
131.06, 96
132.37, 96
132.37, 96
132.77, 96
133.24, 96
133.77, 96
133.82, 96
133.82, 96
133.90, 96
134.05, 96
134.75, 96
135.46, 96
135.90, 96
135.90, 96
136.17, 96
136.97, 96
137.88, 96
137.88, 96
138.87, 96
139.20, 96
139.38, 96
139.77, 96
140.31, 96
140.31, 96
140.77, 96
141.19, 96
141.20, 96
141.27, 96
142.31, 96
142.40, 96
142.40, 96
143.01, 96
143.36, 96
143.37, 96
143.37, 96
143.48, 96
143.49, 96
143.59, 96
143.62, 96
143.62, 96
143.62, 96
144.10, 96
144.10, 96
144.84, 96
144.84, 96
145.03, 96
145.03, 96
145.03, 96
145.03, 96
145.67, 96
145.68, 96
145.68, 96
145.72, 96
145.75, 96
146.39, 96
146.40, 96
146.40, 96
146.40, 96
146.40, 96
146.41, 96
146.53, 96
146.54, 96
146.54, 96
146.54, 96
146.67, 96
147.19, 96
148.06, 96
148.06, 96
148.70, 96
148.70, 96
149.09, 96
149.09, 96
149.09, 96
149.12, 96
149.12, 96
149.12, 96
149.31, 96
149.56, 96
149.64, 96
150.23, 96
150.23, 96
150.34, 96
150.79, 96
150.91, 96
151.08, 96
151.77, 96
152.17, 96
152.45, 96
153.33, 96
153.41, 96
153.41, 96
153.75, 96
153.76, 96
153.76, 96
153.86, 96
153.97, 96
153.97, 96
154.10, 96
154.24, 96
154.24, 96
154.24, 96
154.26, 96
155.27, 96
155.27, 96
155.27, 96
155.30, 96
155.30, 96
155.30, 96
155.30, 96
157.00, 96
157.06, 96
157.06, 96
157.32, 96
158.57, 96
158.73, 96
158.98, 96
160.35, 96
160.62, 96
160.74, 96
161.41, 96
161.45, 96
161.45, 96
161.55, 96
162.54, 96
162.54, 96
162.80, 96
162.92, 96
163.88, 96
164.23, 96
164.23, 96
164.52, 96
164.91, 96
165.55, 96
165.55, 96
165.55, 96
165.56, 96
165.95, 96
165.95, 96
165.95, 96
165.95, 96
166.42, 96
166.80, 96
166.82, 96
166.82, 96
167.83, 96
168.00, 96
168.20, 96
168.50, 96
168.50, 96
168.51, 96
169.00, 96
169.00, 96
169.01, 96
169.59, 96
169.80, 96
169.80, 96
170.22, 96
170.47, 96
172.01, 96
172.04, 96
172.04, 96
172.31, 96
172.57, 96
173.25, 96
174.00, 96
174.00, 96
174.00, 96
174.00, 96
174.04, 96
174.04, 96
174.40, 96
174.97, 96
175.22, 96
175.93, 96
175.93, 96
176.46, 96
176.51, 96
177.07, 96
177.49, 96
177.49, 96
177.77, 96
177.77, 96
177.77, 96
178.32, 96
178.33, 96
178.42, 96
178.71, 96
179.18, 96
179.18, 96
179.18, 96
179.18, 96
179.22, 96
179.57, 96
179.78, 96
179.79, 96
179.95, 96
180.50, 96
180.50, 96
180.50, 96
180.50, 96
180.50, 96
181.03, 96
181.03, 96
181.19, 96
181.33, 96
181.33, 96
181.79, 96
181.80, 96
181.92, 96
181.92, 96
181.92, 96
181.92, 96
181.92, 96
182.22, 96
182.59, 96
182.59, 96
182.59, 96
182.59, 96
182.64, 96
182.88, 96
183.11, 96
183.64, 96
183.84, 96
184.05, 96
184.05, 96
184.19, 96
184.19, 96
184.19, 96
184.36, 96
184.36, 96
184.36, 96
184.42, 96
184.44, 96
184.62, 96
185.19, 96
185.19, 96
185.19, 96
185.19, 96
185.43, 96
185.43, 96
187.79, 96
187.79, 96
187.97, 96
188.86, 96
188.86, 96
188.86, 96
189.09, 96
189.09, 96
189.17, 96
189.20, 96
189.38, 96
189.38, 96
189.38, 96
189.38, 96
189.50, 96
189.50, 96
189.69, 96
190.39, 96
190.39, 96
191.28, 96
191.28, 96
191.79, 96
192.60, 96
192.82, 96
193.00, 96
193.00, 96
193.32, 96
193.32, 96
193.32, 96
193.35, 96
193.35, 96
193.35, 96
194.01, 96
194.01, 96
194.40, 96
195.53, 96
195.59, 96
195.59, 96
195.60, 96
195.60, 96
196.62, 96
197.05, 96
197.51, 96
197.51, 96
197.59, 96
197.59, 96
197.59, 96
198.57, 96
200.53, 96
200.53, 96
200.53, 96
200.53, 96
200.80, 96
200.80, 96
201.34, 96
201.62, 96
201.82, 96
201.99, 96
203.62, 96
203.62, 96
204.45, 96
204.74, 96
204.74, 96
204.74, 96
204.74, 96
204.86, 96
204.89, 96
205.23, 96
205.23, 96
205.23, 96
205.23, 96
205.24, 96
205.29, 96
205.29, 96
205.29, 96
205.54, 96
205.55, 96
205.55, 96
205.83, 96
206.36, 96
206.36, 96
207.08, 96
207.09, 96
207.09, 96
207.09, 96
207.18, 96
207.18, 96
207.18, 96
207.28, 96
207.28, 96
207.28, 96
207.28, 96
207.28, 96
207.68, 96
207.69, 96
207.69, 96
207.83, 96
207.83, 96
208.46, 96
208.67, 96
208.67, 96
208.67, 96
208.67, 96
208.87, 96
208.87, 96
208.87, 96
208.87, 96
210.30, 96
210.50, 96
210.50, 96
210.52, 96
210.53, 96
210.88, 96
211.45, 96
211.45, 96
211.46, 96
211.46, 96
211.46, 96
211.57, 96
211.57, 96
211.63, 96
211.86, 96
211.86, 96
212.06, 96
212.09, 96
212.10, 96
212.46, 96
212.87, 96
212.87, 96
213.03, 96
213.08, 96
213.13, 96
213.13, 96
213.14, 96
213.21, 96
213.22, 96
213.53, 96
213.53, 96
214.23, 96
214.23, 96
214.29, 96
214.78, 96
215.25, 96
215.28, 96
215.73, 96
215.74, 96
215.78, 96
216.57, 96
217.07, 96
217.34, 96
217.68, 96
217.87, 96
217.87, 96
219.27, 96
220.11, 96
220.44, 96
220.51, 96
220.51, 96
220.51, 96
220.67, 96
220.67, 96
221.02, 96
221.67, 96
221.96, 96
221.96, 96
222.45, 96
223.47, 96
223.47, 96
224.02, 96
224.03, 96
224.03, 96
224.10, 96
224.15, 96
224.40, 96
225.05, 96
225.61, 96
226.22, 96
226.69, 96
226.69, 96
226.74, 96
226.74, 96
227.25, 96
227.28, 96
227.28, 96
227.31, 96
227.58, 96
227.58, 96
227.69, 96
229.45, 96
229.64, 96
229.85, 96
230.10, 96
231.17, 96
231.18, 96
231.18, 96
232.08, 96
232.08, 96
232.09, 96
232.09, 96
232.10, 96
232.81, 96
232.92, 96
232.93, 96
235.15, 96
235.16, 96
235.34, 96
235.35, 96
235.51, 96
235.54, 96
236.04, 96
236.59, 96
236.59, 96
236.59, 96
237.92, 96
237.95, 96
237.95, 96
239.00, 96
239.00, 96
239.04, 96
239.22, 96
239.23, 96
239.75, 96
239.75, 96
239.75, 96
239.86, 96
240.13, 96
240.14, 96
241.35, 96
241.35, 96
241.39, 96
241.79, 96
242.07, 96
242.07, 96
242.12, 96
242.13, 96
242.60, 96
242.60, 96
242.60, 96
242.60, 96
242.61, 96
242.61, 96
242.74, 96
243.00, 96
243.62, 96
243.94, 96
243.94, 96
244.31, 96
244.61, 96
244.63, 96
244.92, 96
244.92, 96
245.01, 96
245.33, 96
245.95, 96
246.21, 96
246.21, 96
246.21, 96
246.72, 96
247.07, 96
247.24, 96
247.53, 96
247.54, 96
247.54, 96
247.54, 96
247.78, 96
247.87, 96
247.94, 96
247.94, 96
247.94, 96
248.35, 96
248.35, 96
248.35, 96
248.35, 96
248.35, 96
248.59, 96
248.59, 96
249.46, 96
249.46, 96
249.75, 96
249.79, 96
249.79, 96
249.88, 96
249.88, 96
249.95, 96
250.11, 96
251.01, 96
251.18, 96
251.69, 96
251.93, 96
252.18, 96
253.57, 96
253.57, 96
253.57, 96
253.57, 96
254.46, 96
254.47, 96
254.84, 96
254.98, 96
255.16, 96
255.76, 96
255.76, 96
255.76, 96
256.21, 96
257.55, 96
258.56, 96
258.70, 96
258.94, 96
258.94, 96
258.94, 96
259.16, 96
259.92, 96
259.99, 96
260.34, 96
260.68, 96
262.45, 96
262.93, 96
262.94, 96
262.94, 96
262.94, 96
262.94, 96
262.94, 96
262.94, 96
263.06, 96
263.15, 96
263.17, 96
263.17, 96
263.50, 96
263.55, 96
264.72, 96
264.72, 96
264.76, 96
264.76, 96
264.86, 96
265.22, 96
266.79, 96
267.08, 96
267.08, 96
267.43, 96
267.64, 96
267.95, 96
267.96, 96
267.96, 96
268.15, 96
268.34, 96
268.38, 96
268.39, 96
268.87, 96
268.87, 96
269.37, 96
269.88, 96
269.88, 96
269.92, 96
269.98, 96
269.98, 96
269.98, 96
269.98, 96
270.70, 96
270.71, 96
271.19, 96
271.19, 96
271.30, 96
272.42, 96
272.47, 96
272.48, 96
272.56, 96
273.04, 96
273.04, 96
273.26, 96
273.26, 96
273.26, 96
273.26, 96
273.95, 96
273.95, 96
273.96, 96
273.96, 96
273.96, 96
274.00, 96
274.01, 96
274.01, 96
275.11, 96
275.11, 96
275.33, 96
275.33, 96
276.17, 96
276.17, 96
276.17, 96
276.38, 96
277.00, 96
277.28, 96
277.28, 96
277.28, 96
277.84, 96
278.42, 96
278.44, 96
278.44, 96
278.65, 96
279.23, 96
279.23, 96
279.31, 96
279.80, 96
280.39, 96
280.55, 96
280.87, 96
281.62, 96
281.78, 96
282.37, 96
282.37, 96
282.37, 96
283.02, 96
283.11, 96
283.63, 96
283.64, 96
286.43, 96
286.99, 96
286.99, 96
286.99, 96
289.30, 96
289.30, 96
289.86, 96
290.98, 96
290.99, 96
291.41, 96
291.49, 96
291.49, 96
293.35, 96
294.34, 96
294.88, 96
295.11, 96
295.53, 96
295.87, 96
296.02, 96
296.02, 96
296.02, 96
296.02, 96
296.29, 96
296.53, 96
297.39, 96
298.20, 96
298.20, 96
298.20, 96
298.45, 96
298.99, 96
301.02, 96
301.17, 96
301.17, 96
302.19, 96
302.19, 96
302.20, 96
302.20, 96
302.20, 96
302.38, 96
302.38, 96
302.64, 96
302.64, 96
302.87, 96
303.70, 96
304.07, 96
305.87, 96
305.96, 96
307.28, 96
307.30, 96
307.30, 96
307.30, 96
307.48, 96
307.49, 96
307.55, 96
307.56, 96
307.56, 96
307.79, 96
308.44, 96
309.55, 96
309.67, 96
310.04, 96
311.56, 96
312.45, 96
312.92, 96
312.92, 96
313.08, 96
313.65, 96
314.20, 96
314.87, 96
316.02, 96
316.05, 96
316.05, 96
316.83, 96
316.90, 96
316.90, 96
317.42, 96
317.42, 96
317.42, 96
317.43, 96
317.43, 96
317.43, 96
317.43, 96
319.26, 96
319.27, 96
319.30, 96
319.64, 96
319.96, 96
319.96, 96
320.23, 96
320.24, 96
320.24, 96
320.24, 96
320.53, 96
321.18, 96
321.77, 96
321.82, 96
321.82, 96
321.82, 96
321.85, 96
321.85, 96
321.85, 96
323.06, 96
323.46, 96
323.47, 96
324.84, 96
325.60, 96
326.29, 96
326.29, 96
326.29, 96
326.40, 96
326.40, 96
326.90, 96
327.71, 96
327.71, 96
327.71, 96
327.71, 96
327.71, 96
327.99, 96
328.17, 96
328.74, 96
328.83, 96
328.86, 96
329.22, 96
329.94, 96
329.94, 96
330.32, 96
330.45, 96
331.55, 96
331.55, 96
332.01, 96
332.59, 96
333.17, 96
333.17, 96
333.21, 96
333.21, 96
333.61, 96
334.23, 96
334.23, 96
334.24, 96
334.59, 96
334.69, 96
334.69, 96
334.69, 96
335.80, 96
335.80, 96
335.80, 96
335.98, 96
336.08, 96
336.08, 96
336.08, 96
336.08, 96
336.08, 96
336.09, 96
336.10, 96
336.10, 96
336.10, 96
336.10, 96
336.95, 96
337.00, 96
337.21, 96
337.21, 96
337.41, 96
337.47, 96
338.35, 96
339.15, 96
339.19, 96
339.19, 96
339.50, 96
339.50, 96
340.84, 96
340.92, 96
340.93, 96
341.18, 96
341.63, 96
342.26, 96
342.79, 96
343.50, 96
345.44, 96
345.87, 96
347.63, 96
348.34, 96
349.45, 96
350.13, 96
350.13, 96
350.32, 96
350.58, 96
350.68, 96
351.73, 96
351.73, 96
351.73, 96
351.78, 96
352.18, 96
352.18, 96
352.32, 96
352.54, 96
353.14, 96
353.88, 96
353.88, 96
354.64, 96
355.06, 96
355.30, 96
355.31, 96
355.32, 96
355.32, 96
355.37, 96
355.37, 96
355.37, 96
355.37, 96
355.37, 96
355.38, 96
355.38, 96
356.04, 96
356.12, 96
356.21, 96
356.73, 96
356.73, 96
357.21, 96
357.21, 96
357.21, 96
358.19, 96
359.14, 96
359.14, 96
359.25, 96
359.25, 96
359.27, 96
360.13, 96
360.43, 96
360.71, 96
360.71, 96
361.35, 96
361.35, 96
361.35, 96
361.36, 96
361.54, 96
362.04, 96
362.05, 96
362.05, 96
362.35, 96
362.35, 96
362.37, 96
362.37, 96
362.49, 96
362.49, 96
362.49, 96
363.28, 96
364.12, 96
364.13, 96
364.69, 96
365.11, 96
365.11, 96
365.11, 96
365.11, 96
365.94, 96
365.94, 96
366.19, 96
366.70, 96
366.70, 96
366.70, 96
367.35, 96
367.35, 96
368.22, 96
368.22, 96
368.22, 96
368.22, 96
369.55, 96
369.75, 96
369.75, 96
370.63, 96
371.93, 96
372.17, 96
372.17, 96
372.17, 96
372.54, 96
373.21, 96
373.34, 96
373.60, 96
373.72, 96
373.72, 96
373.81, 96
374.00, 96
374.00, 96
374.18, 96
374.18, 96
374.81, 96
374.81, 96
374.95, 96
374.95, 96
375.05, 96
375.26, 96
375.66, 96
375.77, 96
375.77, 96
375.77, 96
375.77, 96
375.84, 96
376.10, 96
376.10, 96
376.45, 96
376.75, 96
378.64, 96
378.64, 96
378.72, 96
378.97, 96
378.97, 96
379.24, 96
379.48, 96
379.79, 96
379.89, 96
379.94, 96
380.71, 96
380.97, 96
380.97, 96
381.04, 96
381.04, 96
381.79, 96
382.01, 96
382.01, 96
382.01, 96
382.01, 96
382.02, 96
382.02, 96
382.05, 96
382.12, 96
382.25, 96
382.86, 96
383.15, 96
383.15, 96
383.15, 96
383.15, 96
383.15, 96
383.15, 96
383.17, 96
386.12, 96
386.12, 96
386.12, 96
386.12, 96
386.12, 96
386.37, 96
386.37, 96
386.37, 96
386.42, 96
386.42, 96
386.77, 96
387.16, 96
387.16, 96
387.36, 96
387.36, 96
387.36, 96
387.47, 96
387.60, 96
387.60, 96
387.60, 96
388.22, 96
390.02, 96
390.09, 96
390.62, 96
390.62, 96
391.30, 96
392.54, 96
392.77, 96
392.90, 96
393.51, 96
393.56, 96
393.56, 96
393.69, 96
393.69, 96
394.46, 96
394.46, 96
394.46, 96
395.39, 96
395.39, 96
396.45, 96
396.45, 96
396.45, 96
396.45, 96
396.45, 96
396.72, 96
396.72, 96
397.04, 96
397.25, 96
397.25, 96
397.25, 96
399.54, 96
400.19, 96
400.19, 96
400.19, 96
400.19, 96
400.19, 96
400.49, 96
400.49, 96
400.53, 96
400.65, 96
400.85, 96
401.16, 96
401.16, 96
401.16, 96
401.55, 96
401.95, 96
403.18, 96
403.18, 96
404.12, 96
405.00, 96
405.28, 96
405.92, 96
405.92, 96
406.28, 96
407.56, 96
407.56, 96
407.56, 96
407.61, 96
407.61, 96
407.61, 96
407.61, 96
407.61, 96
407.61, 96
407.61, 96
407.62, 96
407.62, 96
407.62, 96
407.88, 96
407.90, 96
407.90, 96
408.32, 96
408.71, 96
408.93, 96
409.26, 96
409.53, 96
409.53, 96
409.58, 96
410.21, 96
411.84, 96
412.04, 96
412.67, 96
412.67, 96
412.67, 96
412.67, 96
413.38, 96
413.38, 96
413.38, 96
413.38, 96
414.26, 96
414.26, 96
414.27, 96
414.31, 96
414.31, 96
414.31, 96
414.31, 96
414.33, 96
414.33, 96
414.48, 96
414.60, 96
414.60, 96
414.60, 96
414.73, 96
414.87, 96
415.82, 96
416.39, 96
416.71, 96
417.36, 96
417.36, 96
417.52, 96
417.61, 96
417.61, 96
418.68, 96
418.76, 96
418.76, 96
419.50, 96
421.05, 96
421.78, 96
421.78, 96
421.85, 96
422.71, 96
422.71, 96
422.71, 96
423.35, 96
423.35, 96
423.50, 96
423.50, 96
423.61, 96
423.61, 96
424.11, 96
424.11, 96
424.12, 96
424.12, 96
424.12, 96
424.13, 96
424.13, 96
424.50, 96
424.50, 96
425.07, 96
426.21, 96
426.72, 96
427.29, 96
427.42, 96
427.42, 96
428.08, 96
428.21, 96
428.21, 96
428.21, 96
428.21, 96
428.35, 96
428.35, 96
428.46, 96
428.48, 96
429.13, 96
429.13, 96
429.13, 96
429.18, 96
429.18, 96
429.27, 96
429.27, 96
430.14, 96
430.49, 96
430.97, 96
431.19, 96
431.62, 96
431.62, 96
431.69, 96
431.69, 96
431.70, 96
431.70, 96
431.89, 96
432.47, 96
433.83, 96
434.02, 96
434.02, 96
434.02, 96
434.18, 96
435.55, 96
436.03, 96
436.09, 96
436.09, 96
436.10, 96
436.11, 96
436.26, 96
436.39, 96
436.39, 96
436.57, 96
436.66, 96
437.06, 96
437.18, 96
437.18, 96
437.18, 96
437.18, 96
437.19, 96
437.19, 96
437.29, 96
437.62, 96
437.62, 96
437.62, 96
438.48, 96
439.15, 96
439.20, 96
439.27, 96
439.98, 96
440.75, 96
440.78, 96
441.12, 96
441.15, 96
441.15, 96
441.30, 96
441.30, 96
441.94, 96
442.11, 96
442.39, 96
443.51, 96
443.55, 96
443.62, 96
443.62, 96
444.07, 96
444.54, 96
444.54, 96
445.04, 96
445.04, 96
445.04, 96
445.04, 96
445.04, 96
445.04, 96
445.04, 96
445.04, 96
445.04, 96
445.29, 96
445.40, 96
445.50, 96
445.50, 96
446.25, 96
447.26, 96
447.26, 96
447.27, 96
447.27, 96
447.43, 96
447.95, 96
448.14, 96
448.14, 96
448.41, 96
448.41, 96
448.83, 96
449.71, 96
450.04, 96
450.04, 96
450.38, 96
450.38, 96
450.87, 96
450.87, 96
450.87, 96
450.87, 96
451.02, 96
451.02, 96
451.02, 96
451.02, 96
451.07, 96
451.28, 96
451.28, 96
451.28, 96
451.28, 96
452.25, 96
452.38, 96
452.39, 96
452.99, 96
452.99, 96
453.09, 96
453.09, 96
453.09, 96
453.09, 96
453.09, 96
454.83, 96
454.83, 96
454.87, 96
455.29, 96
455.29, 96
455.74, 96
455.74, 96
456.08, 96
456.47, 96
457.45, 96
458.19, 96
458.19, 96
459.72, 96
459.72, 96
459.93, 96
459.93, 96
460.17, 96
460.40, 96
460.40, 96
460.85, 96
460.93, 96
460.93, 96
460.93, 96
460.93, 96
461.11, 96
461.25, 96
461.74, 96
461.75, 96
461.75, 96
461.75, 96
462.00, 96
462.19, 96
462.56, 96
462.56, 96
463.32, 96
463.77, 96
464.76, 96
464.93, 96
464.93, 96
465.61, 96
465.78, 96
465.79, 96
465.79, 96
466.03, 96
466.87, 96
466.87, 96
466.87, 96
466.88, 96
466.88, 96
468.02, 96
468.48, 96
468.76, 96
468.76, 96
468.79, 96
470.08, 96
470.08, 96
470.08, 96
470.12, 96
472.13, 96
472.13, 96
472.13, 96
472.27, 96
472.84, 96
472.84, 96
472.84, 96
472.91, 96
473.25, 96
473.25, 96
473.25, 96
473.36, 96
473.38, 96
473.52, 96
473.95, 96
474.19, 96
474.19, 96
474.60, 96
475.22, 96
475.45, 96
475.72, 96
475.77, 96
476.39, 96
476.53, 96
476.53, 96
476.53, 96
476.74, 96
477.77, 96
477.77, 96
478.51, 96
478.51, 96
478.51, 96
478.51, 96
478.51, 96
478.51, 96
479.30, 96
479.99, 96
479.99, 96
481.31, 96
481.31, 96
481.32, 96
481.50, 96
481.62, 96
481.97, 96
483.52, 96
483.53, 96
484.09, 96
484.19, 96
484.85, 96
484.85, 96
485.35, 96
486.81, 96
486.82, 96
486.86, 96
486.98, 96
486.98, 96
486.98, 96
486.98, 96
486.98, 96
487.08, 96
487.22, 96
487.45, 96
487.53, 96
488.21, 96
488.24, 96
488.85, 96
489.12, 96
489.19, 96
489.19, 96
489.37, 96
489.97, 96
490.18, 96
490.39, 96
490.59, 96
490.59, 96
491.48, 96
491.48, 96
491.48, 96
491.48, 96
491.69, 96
492.02, 96
492.02, 96
492.65, 96
492.65, 96
493.01, 96
493.01, 96
494.11, 96
494.11, 96
494.57, 96
495.36, 96
495.36, 96
496.07, 96
496.07, 96
496.41, 96
496.44, 96
496.44, 96
496.50, 96
496.61, 96
498.13, 96
498.13, 96
498.14, 96
498.57, 96
498.91, 96
499.09, 96
499.12, 96
499.16, 96
499.16, 96
499.46, 96
499.56, 96
499.77, 96
500.26, 96
500.45, 96
500.45, 96
500.80, 96
501.05, 96
501.05, 96
501.11, 96
502.47, 96
502.47, 96
502.47, 96
502.60, 96
502.60, 96
503.30, 96
503.55, 96
503.67, 96
503.68, 96
504.84, 96
504.93, 96
505.22, 96
506.89, 96
507.53, 96
507.75, 96
507.75, 96
507.75, 96
507.84, 96
507.84, 96
508.05, 96
508.05, 96
508.05, 96
508.05, 96
508.07, 96
508.07, 96
508.32, 96
508.34, 96
508.45, 96
508.97, 96
509.80, 96
509.85, 96
509.89, 96
509.89, 96
510.40, 96
510.75, 96
510.75, 96
511.18, 96
511.18, 96
511.20, 96
513.04, 96
513.04, 96
513.04, 96
513.83, 96
514.13, 96
514.55, 96
514.72, 96
514.91, 96
514.91, 96
515.07, 96
515.25, 96
515.45, 96
515.45, 96
515.88, 96
515.88, 96
515.88, 96
516.01, 96
516.02, 96
516.36, 96
516.53, 96
516.57, 96
516.57, 96
516.81, 96
516.86, 96
516.90, 96
516.90, 96
516.91, 96
516.91, 96
516.91, 96
516.91, 96
517.52, 96
518.05, 96
518.05, 96
518.13, 96
518.13, 96
518.13, 96
518.42, 96
518.95, 96
519.88, 96
521.89, 96
521.97, 96
522.47, 96
522.99, 96
523.06, 96
526.43, 96
526.43, 96
526.67, 96
527.74, 96
527.74, 96
527.80, 96
528.14, 96
528.32, 96
528.67, 96
528.67, 96
528.67, 96
528.67, 96
529.33, 96
529.78, 96
529.78, 96
529.78, 96
530.06, 96
530.06, 96
530.18, 96
530.18, 96
530.18, 96
530.45, 96
531.32, 96
531.50, 96
531.51, 96
531.87, 96
531.87, 96
532.54, 96
532.54, 96
532.74, 96
532.82, 96
532.82, 96
533.48, 96
533.58, 96
533.59, 96
533.93, 96
533.93, 96
533.93, 96
533.93, 96
534.06, 96
534.09, 96
534.42, 96
534.49, 96
534.49, 96
534.49, 96
534.49, 96
534.53, 96
534.55, 96
534.55, 96
534.55, 96
535.05, 96
535.29, 96
535.39, 96
535.40, 96
535.50, 96
536.11, 96
536.29, 96
536.29, 96
536.30, 96
536.68, 96
536.68, 96
536.88, 96
536.88, 96
536.99, 96
536.99, 96
537.01, 96
537.01, 96
537.06, 96
537.06, 96
537.06, 96
537.41, 96
537.61, 96
538.61, 96
538.96, 96
539.49, 96
539.50, 96
539.55, 96
539.55, 96
539.78, 96
539.78, 96
539.79, 96
539.82, 96
541.46, 96
541.69, 96
541.79, 96
541.85, 96
541.98, 96
543.12, 96
544.39, 96
545.56, 96
545.57, 96
546.17, 96
546.17, 96
546.17, 96
546.20, 96
546.20, 96
546.22, 96
546.28, 96
546.28, 96
546.89, 96
547.10, 96
547.10, 96
547.10, 96
547.54, 96
547.54, 96
548.50, 96
548.50, 96
548.50, 96
548.51, 96
548.58, 96
548.77, 96
548.77, 96
548.84, 96
549.38, 96
549.38, 96
549.38, 96
549.38, 96
549.53, 96
550.83, 96
550.89, 96
551.67, 96
552.08, 96
552.34, 96
552.63, 96
552.90, 96
552.90, 96
552.96, 96
552.96, 96
552.96, 96
554.01, 96
554.11, 96
554.55, 96
554.63, 96
554.64, 96
555.00, 96
555.00, 96
555.16, 96
555.48, 96
555.72, 96
555.72, 96
556.51, 96
556.51, 96
556.56, 96
556.64, 96
556.64, 96
556.88, 96
557.81, 96
557.84, 96
557.84, 96
557.84, 96
558.54, 96
559.85, 96
560.62, 96
561.18, 96
561.71, 96
561.72, 96
561.96, 96
562.01, 96
562.02, 96
562.60, 96
562.60, 96
562.96, 96
563.50, 96
563.79, 96
563.79, 96
565.38, 96
566.25, 96
566.40, 96
567.10, 96
567.29, 96
568.10, 96
568.11, 96
568.33, 96
568.33, 96
568.35, 96
568.35, 96
569.23, 96
569.23, 96
569.44, 96
569.89, 96
569.90, 96
569.90, 96
570.32, 96
570.33, 96
570.43, 96
571.30, 96
571.30, 96
571.47, 96
571.98, 96
573.54, 96
573.72, 96
573.72, 96
573.87, 96
573.98, 96
573.98, 96
574.06, 96
574.06, 96
574.06, 96
574.22, 96
574.85, 96
575.19, 96
575.19, 96
575.94, 96
575.95, 96
576.09, 96
576.55, 96
576.55, 96
576.56, 96
576.56, 96
576.97, 96
576.97, 96
577.17, 96
577.17, 96
579.35, 96
580.10, 96
580.10, 96
580.10, 96
580.10, 96
581.22, 96
581.22, 96
581.27, 96
581.27, 96
581.27, 96
581.29, 96
581.29, 96
581.29, 96
581.34, 96
581.67, 96
582.92, 96
583.06, 96
583.06, 96
583.06, 96
583.60, 96
583.90, 96
583.90, 96
583.90, 96
583.91, 96
584.80, 96
584.80, 96
587.16, 96
587.16, 96
587.57, 96
587.69, 96
587.70, 96
587.87, 96
587.87, 96
587.99, 96
588.00, 96
588.13, 96
588.14, 96
588.14, 96
588.14, 96
588.14, 96
588.98, 96
588.98, 96
589.31, 96
589.31, 96
589.31, 96
589.31, 96
589.32, 96
589.32, 96
589.63, 96
589.63, 96
590.67, 96
591.46, 96
591.46, 96
591.52, 96
592.10, 96
592.63, 96
592.85, 96
593.38, 96
593.52, 96
593.52, 96
594.14, 96
594.14, 96
594.51, 96
594.51, 96
595.70, 96
596.41, 96
596.63, 96
597.36, 96
597.36, 96
598.07, 96
598.07, 96
598.10, 96
598.10, 96
598.38, 96
598.38, 96
598.67, 96
598.73, 96
598.73, 96
598.73, 96
598.78, 96
598.81, 96
599.04, 96
599.11, 96
599.11, 96
599.81, 96
599.81, 96
