0.00, 102
0.00, 99
0.00, 99
0.01, 99
0.01, 99
0.01, 98
0.01, 98
0.01, 98
0.01, 98
0.02, 98
0.02, 97
0.04, 97
0.04, 97
0.06, 97
0.10, 97
0.10, 97
0.12, 97
0.12, 97
0.12, 97
0.24, 97
0.25, 97
0.30, 97
0.31, 97
0.31, 97
0.32, 97
0.38, 97
0.38, 97
0.38, 97
0.44, 97
0.45, 97
0.45, 97
0.50, 97
0.54, 97
0.54, 97
0.58, 97
0.58, 97
0.58, 97
0.58, 97
0.58, 97
0.58, 97
0.58, 97
0.58, 97
0.64, 97
0.65, 97
0.65, 97
0.65, 96
1.30, 96
2.31, 96
2.39, 96
2.45, 96
2.45, 96
3.52, 96
5.62, 96
5.83, 96
6.41, 96
6.46, 96
6.60, 96
6.61, 96
6.97, 96
7.83, 96
7.87, 96
7.87, 96
8.07, 96
8.08, 96
9.60, 96
9.88, 96
9.89, 96
10.12, 96
10.77, 96
11.81, 96
11.93, 96
13.22, 96
13.22, 96
13.46, 96
13.46, 96
13.96, 96
14.18, 96
14.18, 96
14.67, 96
14.67, 96
15.04, 96
15.04, 96
15.04, 96
15.45, 96
15.54, 96
15.56, 96
15.60, 96
15.62, 96
16.65, 96
16.65, 96
16.73, 96
16.73, 96
16.90, 96
16.90, 96
17.12, 96
17.12, 96
17.12, 96
17.35, 96
17.35, 96
17.89, 96
17.89, 96
17.89, 96
17.90, 96
17.90, 96
17.90, 96
17.90, 96
18.80, 96
18.80, 96
18.80, 96
19.47, 96
19.70, 96
19.70, 96
19.70, 96
20.21, 96
21.05, 96
21.63, 96
21.63, 96
22.19, 96
24.67, 96
24.67, 96
24.89, 96
24.99, 96
25.00, 96
25.00, 96
25.42, 96
25.54, 96
25.84, 96
26.32, 96
26.60, 96
26.60, 96
26.79, 96
26.89, 96
26.97, 96
27.02, 96
27.06, 96
27.06, 96
27.13, 96
28.82, 96
29.14, 96
29.14, 96
29.14, 96
30.12, 96
31.31, 96
31.37, 96
31.38, 96
31.39, 96
31.39, 96
31.64, 96
32.08, 96
32.38, 96
32.38, 96
32.38, 96
32.96, 96
32.96, 96
33.17, 96
35.21, 96
35.29, 96
35.83, 96
35.83, 96
35.96, 96
36.45, 96
36.45, 96
36.45, 96
36.66, 96
36.79, 96
36.84, 96
37.67, 96
37.67, 96
37.67, 96
37.67, 96
37.67, 96
37.72, 96
38.82, 96
39.57, 96
39.57, 96
39.84, 96
39.95, 96
41.14, 96
41.15, 96
41.15, 96
41.15, 96
41.15, 96
41.18, 96
41.46, 96
41.52, 96
42.12, 96
42.12, 96
42.19, 96
42.83, 96
43.02, 96
43.02, 96
43.13, 96
43.28, 96
45.02, 96
45.95, 96
45.95, 96
46.12, 96
46.14, 96
46.20, 96
46.21, 96
46.65, 96
46.71, 96
46.71, 96
46.81, 96
46.82, 96
46.82, 96
46.88, 96
46.88, 96
46.88, 96
47.12, 96
47.13, 96
47.14, 96
47.37, 96
47.37, 96
47.82, 96
47.96, 96
48.36, 96
49.12, 96
49.16, 96
50.32, 96
51.61, 96
51.62, 96
51.91, 96
52.08, 96
52.71, 96
53.59, 96
53.60, 96
53.60, 96
53.92, 96
53.92, 96
54.10, 96
54.10, 96
54.10, 96
54.70, 96
54.70, 96
55.37, 96
55.39, 96
55.42, 96
55.97, 96
55.97, 96
56.10, 96
56.10, 96
57.03, 96
57.39, 96
57.40, 96
57.40, 96
57.40, 96
57.43, 96
57.55, 96
57.59, 96
57.60, 96
57.81, 96
57.81, 96
57.81, 96
57.81, 96
57.81, 96
57.81, 96
58.28, 96
58.28, 96
58.28, 96
59.01, 96
59.01, 96
59.66, 96
59.66, 96
60.31, 96
60.43, 96
60.43, 96
60.55, 96
60.56, 96
60.56, 96
60.56, 96
60.99, 96
60.99, 96
61.27, 96
61.28, 96
61.54, 96
61.54, 96
62.49, 96
62.49, 96
62.50, 96
62.50, 96
62.50, 96
62.77, 96
62.77, 96
63.85, 96
63.86, 96
64.39, 96
64.69, 96
64.69, 96
65.46, 96
65.76, 96
65.76, 96
66.09, 96
66.40, 96
67.58, 96
67.91, 96
67.91, 96
68.38, 96
68.54, 96
68.96, 96
68.96, 96
69.30, 96
69.87, 96
69.87, 96
69.87, 96
70.16, 96
70.95, 96
72.93, 96
73.00, 96
73.00, 96
73.41, 96
73.41, 96
73.74, 96
73.92, 96
73.92, 96
74.29, 96
74.75, 96
74.75, 96
74.75, 96
74.75, 96
75.95, 96
76.09, 96
76.42, 96
77.50, 96
77.96, 96
78.36, 96
78.87, 96
78.87, 96
79.25, 96
80.01, 96
80.01, 96
80.26, 96
80.26, 96
81.16, 96
81.16, 96
81.65, 96
81.74, 96
81.76, 96
81.77, 96
81.77, 96
81.89, 96
82.20, 96
82.98, 96
82.98, 96
82.98, 96
83.10, 96
83.10, 96
83.10, 96
83.10, 96
83.10, 96
83.11, 96
83.22, 96
83.22, 96
85.10, 96
85.10, 96
85.10, 96
85.11, 96
85.87, 96
86.12, 96
86.26, 96
87.08, 96
87.08, 96
87.42, 96
87.54, 96
87.78, 96
87.86, 96
87.99, 96
87.99, 96
88.42, 96
88.77, 96
88.99, 96
89.12, 96
89.36, 96
89.36, 96
90.18, 96
90.18, 96
90.20, 96
91.78, 96
91.78, 96
91.79, 96
92.57, 96
92.57, 96
92.57, 96
92.96, 96
93.35, 96
94.14, 96
94.14, 96
94.81, 96
96.12, 96
97.02, 96
97.02, 96
97.30, 96
97.74, 96
97.74, 96
100.12, 96
100.13, 96
100.14, 96
100.56, 96
100.84, 96
100.85, 96
100.85, 96
100.86, 96
100.92, 96
101.00, 96
101.00, 96
101.00, 96
102.54, 96
102.55, 96
102.75, 96
102.75, 96
102.75, 96
103.29, 96
103.94, 96
103.94, 96
104.04, 96
104.09, 96
104.09, 96
104.09, 96
104.09, 96
104.76, 96
106.64, 96
106.64, 96
107.29, 96
107.29, 96
107.29, 96
107.34, 96
107.34, 96
107.34, 96
107.43, 96
107.43, 96
107.71, 96
108.12, 96
108.21, 96
108.90, 96
109.07, 96
109.07, 96
109.07, 96
109.08, 96
109.08, 96
109.67, 96
109.67, 96
109.67, 96
109.67, 96
109.67, 96
110.12, 96
110.12, 96
111.39, 96
111.39, 96
112.18, 96
112.18, 96
112.38, 96
112.67, 96
114.30, 96
115.19, 96
115.19, 96
115.19, 96
115.19, 96
115.19, 96
115.19, 96
116.49, 96
116.49, 96
116.49, 96
116.74, 96
116.75, 96
116.75, 96
116.75, 96
116.86, 96
117.06, 96
117.06, 96
117.06, 96
117.06, 96
117.06, 96
117.07, 96
117.61, 96
117.61, 96
119.39, 96
119.39, 96
119.39, 96
120.84, 96
121.07, 96
121.27, 96
121.65, 96
121.65, 96
121.65, 96
121.79, 96
121.79, 96
121.79, 96
121.79, 96
121.81, 96
121.81, 96
122.34, 96
122.61, 96
122.93, 96
122.97, 96
122.97, 96
123.55, 96
123.78, 96
124.54, 96
124.91, 96
125.27, 96
125.33, 96
125.33, 96
125.33, 96
125.34, 96
125.71, 96
126.02, 96
126.04, 96
126.04, 96
126.04, 96
126.04, 96
126.05, 96
126.29, 96
126.29, 96
126.33, 96
126.38, 96
126.38, 96
126.39, 96
126.77, 96
127.19, 96
127.19, 96
127.47, 96
128.22, 96
128.22, 96
129.05, 96
129.20, 96
129.20, 96
129.36, 96
129.52, 96
129.53, 96
129.53, 96
130.39, 96
130.62, 96
131.18, 96
131.18, 96
131.38, 96
132.11, 96
132.11, 96
132.18, 96
132.62, 96
132.79, 96
132.79, 96
133.19, 96
133.19, 96
133.81, 96
133.81, 96
134.49, 96
134.93, 96
134.93, 96
134.93, 96
134.93, 96
136.28, 96
136.28, 96
136.69, 96
137.18, 96
137.67, 96
137.72, 96
137.72, 96
137.79, 96
137.94, 96
138.64, 96
139.43, 96
139.83, 96
139.83, 96
140.09, 96
140.92, 96
141.87, 96
141.87, 96
142.79, 96
143.12, 96
143.32, 96
143.69, 96
144.39, 96
144.40, 96
144.88, 96
145.31, 96
145.32, 96
145.39, 96
146.40, 96
146.48, 96
146.48, 96
147.11, 96
147.44, 96
147.44, 96
147.44, 96
147.57, 96
147.58, 96
147.69, 96
147.72, 96
147.72, 96
147.72, 96
148.17, 96
148.17, 96
148.88, 96
148.88, 96
149.10, 96
149.10, 96
149.10, 96
149.10, 96
149.76, 96
149.76, 96
149.76, 96
149.81, 96
149.83, 96
150.49, 96
150.49, 96
150.49, 96
150.49, 96
150.49, 96
150.51, 96
150.64, 96
150.64, 96
150.65, 96
150.65, 96
150.80, 96
151.29, 96
152.17, 96
152.18, 96
152.82, 96
152.82, 96
153.25, 96
153.25, 96
153.25, 96
153.31, 96
153.31, 96
153.31, 96
153.48, 96
153.73, 96
153.81, 96
154.54, 96
154.54, 96
154.62, 96
155.05, 96
155.18, 96
155.37, 96
156.08, 96
156.49, 96
156.77, 96
157.65, 96
157.73, 96
157.73, 96
158.07, 96
158.07, 96
158.08, 96
158.18, 96
158.28, 96
158.28, 96
158.41, 96
158.57, 96
158.58, 96
158.58, 96
158.59, 96
159.73, 96
159.73, 96
159.73, 96
159.77, 96
159.77, 96
159.77, 96
159.77, 96
161.38, 96
161.43, 96
161.44, 96
161.71, 96
162.93, 96
163.08, 96
163.32, 96
164.86, 96
165.12, 96
165.24, 96
165.93, 96
165.97, 96
165.97, 96
166.07, 96
167.10, 96
167.10, 96
167.34, 96
167.48, 96
168.52, 96
168.89, 96
168.89, 96
169.24, 96
169.65, 96
170.26, 96
170.27, 96
170.27, 96
170.28, 96
170.67, 96
170.67, 96
170.67, 96
170.68, 96
171.19, 96
171.57, 96
171.59, 96
171.59, 96
172.63, 96
172.85, 96
173.06, 96
173.32, 96
173.33, 96
173.33, 96
173.84, 96
173.84, 96
173.85, 96
174.55, 96
174.77, 96
174.77, 96
175.20, 96
175.46, 96
176.95, 96
176.99, 96
176.99, 96
177.24, 96
177.54, 96
178.20, 96
178.96, 96
178.96, 96
178.96, 96
178.96, 96
179.02, 96
179.02, 96
179.45, 96
180.04, 96
180.30, 96
181.05, 96
181.05, 96
181.59, 96
181.64, 96
182.18, 96
182.62, 96
182.62, 96
182.88, 96
182.88, 96
182.88, 96
183.39, 96
183.39, 96
183.49, 96
183.78, 96
184.29, 96
184.29, 96
184.30, 96
184.30, 96
184.39, 96
184.73, 96
184.95, 96
184.95, 96
185.12, 96
185.66, 96
185.66, 96
185.66, 96
185.66, 96
185.67, 96
186.22, 96
186.22, 96
186.31, 96
186.42, 96
186.43, 96
186.88, 96
186.88, 96
187.01, 96
187.01, 96
187.01, 96
187.01, 96
187.02, 96
187.33, 96
187.67, 96
187.67, 96
187.67, 96
187.67, 96
187.72, 96
187.98, 96
188.21, 96
188.72, 96
188.93, 96
189.18, 96
189.18, 96
189.37, 96
189.37, 96
189.37, 96
189.53, 96
189.53, 96
189.53, 96
189.59, 96
189.60, 96
189.79, 96
190.36, 96
190.36, 96
190.37, 96
190.37, 96
190.54, 96
190.54, 96
192.86, 96
192.86, 96
193.05, 96
193.94, 96
193.94, 96
193.94, 96
194.21, 96
194.21, 96
194.31, 96
194.39, 96
194.60, 96
194.60, 96
194.61, 96
194.61, 96
194.72, 96
194.72, 96
194.93, 96
195.65, 96
195.65, 96
196.56, 96
196.56, 96
197.02, 96
197.81, 96
198.01, 96
198.18, 96
198.18, 96
198.54, 96
198.54, 96
198.54, 96
198.57, 96
198.57, 96
198.57, 96
199.31, 96
199.32, 96
199.74, 96
200.89, 96
200.96, 96
200.96, 96
200.96, 96
200.96, 96
202.06, 96
202.45, 96
202.91, 96
202.91, 96
202.99, 96
202.99, 96
202.99, 96
203.95, 96
206.03, 96
206.03, 96
206.04, 96
206.04, 96
206.29, 96
206.29, 96
206.89, 96
207.22, 96
207.42, 96
207.62, 96
209.36, 96
209.36, 96
210.23, 96
210.55, 96
210.55, 96
210.55, 96
210.55, 96
210.67, 96
210.69, 96
211.06, 96
211.06, 96
211.06, 96
211.06, 96
211.06, 96
211.12, 96
211.12, 96
211.12, 96
211.35, 96
211.35, 96
211.35, 96
211.64, 96
212.14, 96
212.14, 96
212.84, 96
212.84, 96
212.84, 96
212.84, 96
212.93, 96
212.93, 96
212.93, 96
213.01, 96
213.01, 96
213.01, 96
213.01, 96
213.01, 96
213.41, 96
213.41, 96
213.41, 96
213.55, 96
213.55, 96
214.20, 96
214.44, 96
214.45, 96
214.45, 96
214.45, 96
214.67, 96
214.67, 96
214.67, 96
214.68, 96
216.10, 96
216.31, 96
216.31, 96
216.34, 96
216.34, 96
216.73, 96
217.30, 96
217.30, 96
217.31, 96
217.31, 96
217.31, 96
217.41, 96
217.41, 96
217.46, 96
217.72, 96
217.72, 96
217.91, 96
217.91, 96
217.91, 96
218.28, 96
218.72, 96
218.72, 96
218.87, 96
218.94, 96
219.00, 96
219.01, 96
219.01, 96
219.12, 96
219.12, 96
219.47, 96
219.47, 96
220.20, 96
220.20, 96
220.26, 96
220.73, 96
221.17, 96
221.22, 96
221.64, 96
221.64, 96
221.69, 96
222.51, 96
223.02, 96
223.29, 96
223.62, 96
223.81, 96
223.81, 96
225.30, 96
226.15, 96
226.48, 96
226.54, 96
226.54, 96
226.54, 96
226.68, 96
226.68, 96
227.03, 96
227.70, 96
227.98, 96
227.98, 96
228.50, 96
229.69, 96
229.69, 96
230.27, 96
230.27, 96
230.28, 96
230.35, 96
230.40, 96
230.69, 96
231.30, 96
231.88, 96
232.42, 96
232.87, 96
232.87, 96
232.91, 96
232.91, 96
233.44, 96
233.48, 96
233.48, 96
233.51, 96
233.80, 96
233.81, 96
233.94, 96
235.80, 96
235.98, 96
236.20, 96
236.46, 96
237.53, 96
237.53, 96
237.54, 96
238.45, 96
238.45, 96
238.45, 96
238.45, 96
238.48, 96
239.22, 96
239.37, 96
239.39, 96
241.54, 96
241.54, 96
241.74, 96
241.75, 96
241.90, 96
241.93, 96
242.44, 96
243.03, 96
243.03, 96
243.03, 96
244.49, 96
244.53, 96
244.53, 96
245.51, 96
245.51, 96
245.56, 96
245.74, 96
245.78, 96
246.25, 96
246.25, 96
246.25, 96
246.35, 96
246.64, 96
246.64, 96
247.89, 96
247.90, 96
247.95, 96
248.36, 96
248.63, 96
248.63, 96
248.68, 96
248.68, 96
249.22, 96
249.22, 96
249.22, 96
249.22, 96
249.22, 96
249.23, 96
249.38, 96
249.64, 96
250.24, 96
250.58, 96
250.59, 96
250.96, 96
251.29, 96
251.32, 96
251.60, 96
251.60, 96
251.68, 96
251.98, 96
252.55, 96
252.83, 96
252.83, 96
252.83, 96
253.35, 96
253.68, 96
253.86, 96
254.22, 96
254.23, 96
254.23, 96
254.23, 96
254.54, 96
254.64, 96
254.71, 96
254.71, 96
254.71, 96
255.11, 96
255.11, 96
255.12, 96
255.12, 96
255.12, 96
255.36, 96
255.36, 96
256.17, 96
256.18, 96
256.48, 96
256.53, 96
256.53, 96
256.62, 96
256.62, 96
256.69, 96
256.87, 96
257.72, 96
257.90, 96
258.39, 96
258.60, 96
258.84, 96
260.28, 96
260.28, 96
260.28, 96
260.28, 96
261.09, 96
261.10, 96
261.50, 96
261.64, 96
261.82, 96
262.40, 96
262.40, 96
262.40, 96
262.88, 96
264.32, 96
265.38, 96
265.55, 96
265.78, 96
265.78, 96
265.78, 96
266.00, 96
266.75, 96
266.81, 96
267.14, 96
267.48, 96
269.40, 96
269.92, 96
269.92, 96
269.92, 96
269.93, 96
269.93, 96
269.93, 96
269.93, 96
270.01, 96
270.06, 96
270.06, 96
270.06, 96
270.35, 96
270.39, 96
271.59, 96
271.59, 96
271.63, 96
271.63, 96
271.74, 96
272.07, 96
273.76, 96
274.10, 96
274.10, 96
274.56, 96
274.79, 96
275.08, 96
275.09, 96
275.09, 96
275.28, 96
275.43, 96
275.46, 96
275.47, 96
275.91, 96
275.91, 96
276.38, 96
276.84, 96
276.84, 96
276.88, 96
276.93, 96
276.93, 96
276.93, 96
276.93, 96
277.66, 96
277.66, 96
278.15, 96
278.16, 96
278.26, 96
279.48, 96
279.53, 96
279.54, 96
279.62, 96
280.14, 96
280.14, 96
280.36, 96
280.36, 96
280.36, 96
280.37, 96
281.08, 96
281.08, 96
281.08, 96
281.08, 96
281.08, 96
281.12, 96
281.12, 96
281.13, 96
282.26, 96
282.26, 96
282.47, 96
282.47, 96
283.34, 96
283.34, 96
283.34, 96
283.56, 96
284.22, 96
284.59, 96
284.59, 96
284.59, 96
285.16, 96
285.73, 96
285.76, 96
285.76, 96
286.05, 96
286.82, 96
286.83, 96
286.93, 96
287.51, 96
288.12, 96
288.26, 96
288.58, 96
289.34, 96
289.47, 96
290.10, 96
290.10, 96
290.10, 96
290.74, 96
290.83, 96
291.36, 96
291.36, 96
294.19, 96
294.82, 96
294.82, 96
294.82, 96
297.08, 96
297.08, 96
297.66, 96
298.76, 96
298.77, 96
299.15, 96
299.21, 96
299.21, 96
301.18, 96
302.11, 96
302.61, 96
302.85, 96
303.27, 96
303.56, 96
303.75, 96
303.75, 96
303.75, 96
303.75, 96
303.99, 96
304.29, 96
305.20, 96
306.03, 96
306.03, 96
306.03, 96
306.22, 96
306.69, 96
308.97, 96
309.11, 96
309.12, 96
310.05, 96
310.06, 96
310.06, 96
310.06, 96
310.07, 96
310.25, 96
310.25, 96
310.50, 96
310.50, 96
310.74, 96
311.59, 96
312.04, 96
313.85, 96
313.94, 96
315.32, 96
315.32, 96
315.32, 96
315.32, 96
315.51, 96
315.51, 96
315.57, 96
315.57, 96
315.57, 96
315.80, 96
316.37, 96
317.48, 96
317.67, 96
318.11, 96
319.62, 96
320.49, 96
320.96, 96
320.97, 96
321.11, 96
321.64, 96
322.19, 96
322.88, 96
323.90, 96
323.93, 96
323.93, 96
324.87, 96
324.94, 96
324.94, 96
325.44, 96
325.45, 96
325.45, 96
325.45, 96
325.45, 96
325.45, 96
325.45, 96
327.27, 96
327.27, 96
327.30, 96
327.68, 96
328.01, 96
328.01, 96
328.27, 96
328.27, 96
328.27, 96
328.27, 96
328.51, 96
329.10, 96
329.74, 96
329.80, 96
329.80, 96
329.80, 96
329.81, 96
329.82, 96
329.82, 96
330.97, 96
331.29, 96
331.30, 96
332.49, 96
333.36, 96
334.21, 96
334.21, 96
334.21, 96
334.39, 96
334.40, 96
334.91, 96
335.68, 96
335.68, 96
335.68, 96
335.68, 96
335.68, 96
335.98, 96
336.16, 96
336.67, 96
336.75, 96
336.79, 96
337.16, 96
337.86, 96
337.86, 96
338.25, 96
338.40, 96
339.59, 96
339.59, 96
340.00, 96
340.59, 96
341.19, 96
341.19, 96
341.25, 96
341.25, 96
341.65, 96
342.25, 96
342.25, 96
342.25, 96
342.60, 96
342.69, 96
342.69, 96
342.70, 96
343.81, 96
343.81, 96
343.81, 96
344.01, 96
344.15, 96
344.15, 96
344.15, 96
344.15, 96
344.15, 96
344.16, 96
344.16, 96
344.16, 96
344.16, 96
344.16, 96
345.10, 96
345.16, 96
345.38, 96
345.38, 96
345.56, 96
345.64, 96
346.47, 96
347.30, 96
347.34, 96
347.34, 96
347.66, 96
347.66, 96
348.98, 96
349.06, 96
349.07, 96
349.37, 96
349.83, 96
350.44, 96
351.00, 96
351.73, 96
353.72, 96
354.18, 96
356.02, 96
356.65, 96
357.79, 96
358.46, 96
358.46, 96
358.64, 96
358.90, 96
359.00, 96
360.07, 96
360.07, 96
360.08, 96
360.14, 96
360.53, 96
360.53, 96
360.67, 96
360.87, 96
361.46, 96
362.29, 96
362.30, 96
363.04, 96
363.47, 96
363.73, 96
363.73, 96
363.73, 96
363.73, 96
363.78, 96
363.78, 96
363.78, 96
363.78, 96
363.79, 96
363.79, 96
363.79, 96
364.55, 96
364.62, 96
364.69, 96
365.24, 96
365.24, 96
365.72, 96
365.72, 96
365.72, 96
366.73, 96
367.62, 96
367.62, 96
367.73, 96
367.73, 96
367.74, 96
368.65, 96
368.92, 96
369.23, 96
369.23, 96
369.94, 96
369.94, 96
369.95, 96
369.95, 96
370.13, 96
370.65, 96
370.65, 96
370.65, 96
370.97, 96
370.97, 96
370.98, 96
370.98, 96
371.08, 96
371.08, 96
371.08, 96
371.87, 96
372.73, 96
372.73, 96
373.29, 96
373.75, 96
373.75, 96
373.75, 96
373.76, 96
374.73, 96
374.73, 96
374.99, 96
375.53, 96
375.53, 96
375.53, 96
376.18, 96
376.18, 96
377.02, 96
377.02, 96
377.02, 96
377.02, 96
378.33, 96
378.53, 96
378.53, 96
379.52, 96
380.83, 96
381.10, 96
381.10, 96
381.10, 96
381.48, 96
382.13, 96
382.27, 96
382.56, 96
382.69, 96
382.69, 96
382.77, 96
382.93, 96
382.93, 96
383.10, 96
383.10, 96
383.75, 96
383.75, 96
383.89, 96
383.89, 96
384.00, 96
384.28, 96
384.76, 96
384.86, 96
384.86, 96
384.86, 96
384.86, 96
384.93, 96
385.13, 96
385.13, 96
385.49, 96
385.78, 96
387.70, 96
387.70, 96
387.77, 96
388.01, 96
388.01, 96
388.28, 96
388.53, 96
388.86, 96
388.99, 96
389.03, 96
389.88, 96
390.15, 96
390.16, 96
390.25, 96
390.27, 96
390.98, 96
391.20, 96
391.20, 96
391.20, 96
391.20, 96
391.20, 96
391.20, 96
391.23, 96
391.29, 96
391.42, 96
392.05, 96
392.31, 96
392.31, 96
392.31, 96
392.31, 96
392.31, 96
392.31, 96
392.33, 96
395.41, 96
395.42, 96
395.42, 96
395.42, 96
395.42, 96
395.65, 96
395.65, 96
395.65, 96
395.70, 96
395.70, 96
396.06, 96
396.45, 96
396.46, 96
396.67, 96
396.67, 96
396.67, 96
396.80, 96
396.92, 96
396.92, 96
396.92, 96
397.55, 96
399.42, 96
399.50, 96
400.03, 96
400.03, 96
400.74, 96
401.95, 96
402.17, 96
402.28, 96
402.89, 96
402.95, 96
402.95, 96
403.07, 96
403.07, 96
403.91, 96
403.91, 96
403.91, 96
404.96, 96
404.96, 96
406.03, 96
406.03, 96
406.04, 96
406.04, 96
406.04, 96
406.25, 96
406.25, 96
406.56, 96
406.77, 96
406.77, 96
406.77, 96
409.10, 96
409.81, 96
409.81, 96
409.81, 96
409.81, 96
409.82, 96
410.10, 96
410.10, 96
410.15, 96
410.29, 96
410.48, 96
410.83, 96
410.83, 96
410.83, 96
411.23, 96
411.64, 96
412.92, 96
412.92, 96
413.96, 96
414.95, 96
415.24, 96
415.95, 96
415.95, 96
416.32, 96
417.61, 96
417.61, 96
417.62, 96
417.67, 96
417.67, 96
417.68, 96
417.68, 96
417.68, 96
417.68, 96
417.68, 96
417.68, 96
417.68, 96
417.68, 96
417.93, 96
417.93, 96
417.93, 96
418.30, 96
418.68, 96
418.90, 96
419.21, 96
419.47, 96
419.47, 96
419.54, 96
420.18, 96
421.85, 96
422.04, 96
422.71, 96
422.72, 96
422.72, 96
422.72, 96
423.46, 96
423.47, 96
423.47, 96
423.47, 96
424.41, 96
424.42, 96
424.42, 96
424.48, 96
424.48, 96
424.48, 96
424.48, 96
424.50, 96
424.50, 96
424.68, 96
424.78, 96
424.78, 96
424.78, 96
424.93, 96
425.04, 96
425.99, 96
426.60, 96
426.91, 96
427.60, 96
427.60, 96
427.78, 96
427.86, 96
427.86, 96
428.87, 96
428.95, 96
428.95, 96
429.70, 96
431.28, 96
432.02, 96
432.02, 96
432.09, 96
432.94, 96
432.94, 96
432.94, 96
433.55, 96
433.55, 96
433.70, 96
433.70, 96
433.84, 96
433.84, 96
434.43, 96
434.43, 96
434.43, 96
434.43, 96
434.43, 96
434.45, 96
434.45, 96
434.81, 96
434.81, 96
435.33, 96
436.55, 96
437.05, 96
437.62, 96
437.74, 96
437.74, 96
438.41, 96
438.56, 96
438.56, 96
438.56, 96
438.56, 96
438.66, 96
438.66, 96
438.75, 96
438.76, 96
439.39, 96
439.39, 96
439.39, 96
439.45, 96
439.45, 96
439.55, 96
439.55, 96
440.41, 96
440.80, 96
441.27, 96
441.46, 96
441.93, 96
441.93, 96
442.01, 96
442.01, 96
442.02, 96
442.02, 96
442.23, 96
442.85, 96
444.21, 96
444.47, 96
444.47, 96
444.48, 96
444.65, 96
446.02, 96
446.52, 96
446.57, 96
446.57, 96
446.57, 96
446.58, 96
446.74, 96
446.87, 96
446.87, 96
447.05, 96
447.15, 96
447.55, 96
447.66, 96
447.66, 96
447.66, 96
447.66, 96
447.66, 96
447.66, 96
447.78, 96
448.12, 96
448.12, 96
448.12, 96
448.93, 96
449.59, 96
449.64, 96
449.69, 96
450.46, 96
451.22, 96
451.26, 96
451.65, 96
451.68, 96
451.68, 96
451.85, 96
451.85, 96
452.47, 96
452.66, 96
452.93, 96
454.16, 96
454.20, 96
454.27, 96
454.27, 96
454.81, 96
455.31, 96
455.31, 96
455.84, 96
455.84, 96
455.84, 96
455.84, 96
455.84, 96
455.84, 96
455.84, 96
455.84, 96
455.84, 96
456.09, 96
456.20, 96
456.30, 96
456.30, 96
457.08, 96
458.06, 96
458.06, 96
458.07, 96
458.07, 96
458.24, 96
458.79, 96
458.98, 96
458.98, 96
459.24, 96
459.24, 96
459.70, 96
460.58, 96
460.87, 96
460.87, 96
461.18, 96
461.18, 96
461.70, 96
461.70, 96
461.70, 96
461.70, 96
461.84, 96
461.84, 96
461.84, 96
461.84, 96
461.89, 96
462.09, 96
462.09, 96
462.09, 96
462.10, 96
463.00, 96
463.14, 96
463.14, 96
463.70, 96
463.70, 96
463.81, 96
463.81, 96
463.81, 96
463.81, 96
463.81, 96
465.65, 96
465.65, 96
465.69, 96
466.12, 96
466.12, 96
466.55, 96
466.55, 96
466.91, 96
467.29, 96
468.33, 96
469.15, 96
469.15, 96
470.63, 96
470.63, 96
470.83, 96
470.83, 96
471.07, 96
471.30, 96
471.30, 96
471.74, 96
471.83, 96
471.83, 96
471.83, 96
471.83, 96
472.00, 96
472.14, 96
472.61, 96
472.61, 96
472.61, 96
472.61, 96
472.84, 96
473.04, 96
473.41, 96
473.41, 96
474.28, 96
474.77, 96
475.68, 96
475.86, 96
475.86, 96
476.51, 96
476.68, 96
476.69, 96
476.69, 96
476.94, 96
477.79, 96
477.79, 96
477.79, 96
477.79, 96
477.79, 96
478.85, 96
479.35, 96
479.64, 96
479.65, 96
479.68, 96
481.01, 96
481.01, 96
481.02, 96
481.05, 96
483.03, 96
483.03, 96
483.03, 96
483.19, 96
483.76, 96
483.76, 96
483.76, 96
483.83, 96
484.23, 96
484.23, 96
484.23, 96
484.39, 96
484.42, 96
484.58, 96
485.03, 96
485.26, 96
485.26, 96
485.68, 96
486.26, 96
486.47, 96
486.72, 96
486.76, 96
487.37, 96
487.51, 96
487.51, 96
487.51, 96
487.72, 96
488.77, 96
488.77, 96
489.47, 96
489.48, 96
489.48, 96
489.48, 96
489.48, 96
489.48, 96
490.27, 96
490.93, 96
490.93, 96
492.25, 96
492.25, 96
492.25, 96
492.41, 96
492.53, 96
492.90, 96
494.52, 96
494.54, 96
495.07, 96
495.15, 96
495.76, 96
495.76, 96
496.24, 96
497.63, 96
497.63, 96
497.68, 96
497.81, 96
497.82, 96
497.82, 96
497.82, 96
497.82, 96
497.92, 96
498.05, 96
498.30, 96
498.38, 96
499.06, 96
499.09, 96
499.71, 96
500.01, 96
500.08, 96
500.08, 96
500.24, 96
500.78, 96
500.99, 96
501.18, 96
501.36, 96
501.36, 96
502.22, 96
502.22, 96
502.22, 96
502.22, 96
502.40, 96
502.72, 96
502.72, 96
503.34, 96
503.34, 96
503.69, 96
503.69, 96
504.92, 96
504.92, 96
505.35, 96
506.13, 96
506.14, 96
506.83, 96
506.84, 96
507.20, 96
507.22, 96
507.23, 96
507.29, 96
507.40, 96
508.95, 96
508.95, 96
508.95, 96
509.43, 96
509.79, 96
509.99, 96
510.04, 96
510.07, 96
510.07, 96
510.38, 96
510.49, 96
510.69, 96
511.19, 96
511.35, 96
511.35, 96
511.72, 96
511.96, 96
511.96, 96
512.01, 96
513.41, 96
513.42, 96
513.42, 96
513.56, 96
513.56, 96
514.33, 96
514.66, 96
514.76, 96
514.77, 96
515.91, 96
516.00, 96
516.32, 96
518.10, 96
518.75, 96
518.99, 96
518.99, 96
519.00, 96
519.07, 96
519.07, 96
519.36, 96
519.36, 96
519.36, 96
519.36, 96
519.38, 96
519.39, 96
519.65, 96
519.65, 96
519.75, 96
520.33, 96
521.18, 96
521.22, 96
521.27, 96
521.27, 96
521.82, 96
522.17, 96
522.17, 96
522.54, 96
522.54, 96
522.56, 96
524.47, 96
524.47, 96
524.47, 96
525.33, 96
525.64, 96
526.08, 96
526.25, 96
526.49, 96
526.49, 96
526.66, 96
526.85, 96
527.05, 96
527.05, 96
527.52, 96
527.53, 96
527.53, 96
527.64, 96
527.64, 96
527.94, 96
528.12, 96
528.17, 96
528.17, 96
528.40, 96
528.46, 96
528.51, 96
528.51, 96
528.51, 96
528.51, 96
528.52, 96
528.52, 96
529.11, 96
529.69, 96
529.69, 96
529.78, 96
529.78, 96
529.78, 96
530.08, 96
530.60, 96
531.59, 96
533.59, 96
533.65, 96
534.18, 96
534.78, 96
534.85, 96
538.17, 96
538.17, 96
538.39, 96
539.55, 96
539.55, 96
539.62, 96
539.96, 96
540.07, 96
540.39, 96
540.39, 96
540.39, 96
540.39, 96
541.05, 96
541.50, 96
541.50, 96
541.50, 96
541.76, 96
541.76, 96
541.88, 96
541.88, 96
541.89, 96
542.14, 96
543.01, 96
543.19, 96
543.19, 96
543.56, 96
543.56, 96
544.28, 96
544.28, 96
544.56, 96
544.65, 96
544.65, 96
545.30, 96
545.41, 96
545.42, 96
545.76, 96
545.76, 96
545.76, 96
545.76, 96
545.89, 96
545.92, 96
546.24, 96
546.31, 96
546.31, 96
546.31, 96
546.31, 96
546.36, 96
546.37, 96
546.37, 96
546.37, 96
546.85, 96
547.10, 96
547.22, 96
547.22, 96
547.32, 96
547.92, 96
548.12, 96
548.13, 96
548.13, 96
548.56, 96
548.56, 96
548.80, 96
548.80, 96
548.91, 96
548.92, 96
548.94, 96
548.94, 96
549.00, 96
549.00, 96
549.00, 96
549.41, 96
549.63, 96
550.54, 96
550.88, 96
551.42, 96
551.42, 96
551.47, 96
551.47, 96
551.72, 96
551.72, 96
551.72, 96
551.76, 96
553.40, 96
553.63, 96
553.73, 96
553.79, 96
553.94, 96
555.18, 96
556.46, 96
557.61, 96
557.62, 96
558.22, 96
558.23, 96
558.23, 96
558.26, 96
558.26, 96
558.28, 96
558.34, 96
558.34, 96
558.91, 96
559.13, 96
559.13, 96
559.13, 96
559.66, 96
559.67, 96
560.58, 96
560.58, 96
560.58, 96
560.58, 96
560.65, 96
560.84, 96
560.85, 96
560.92, 96
561.46, 96
561.46, 96
561.46, 96
561.46, 96
561.61, 96
562.90, 96
562.96, 96
563.73, 96
564.16, 96
564.50, 96
564.81, 96
565.13, 96
565.13, 96
565.18, 96
565.18, 96
565.18, 96
566.22, 96
566.32, 96
566.82, 96
566.90, 96
566.90, 96
567.25, 96
567.26, 96
567.41, 96
567.76, 96
567.98, 96
567.99, 96
568.73, 96
568.73, 96
568.78, 96
568.87, 96
568.87, 96
569.11, 96
570.13, 96
570.17, 96
570.17, 96
570.17, 96
570.84, 96
572.12, 96
572.94, 96
573.56, 96
574.08, 96
574.08, 96
574.40, 96
574.47, 96
574.47, 96
575.12, 96
575.12, 96
575.55, 96
576.10, 96
576.32, 96
576.32, 96
577.96, 96
578.81, 96
578.95, 96
579.73, 96
579.95, 96
580.77, 96
580.77, 96
580.96, 96
580.96, 96
580.98, 96
580.98, 96
581.89, 96
581.89, 96
582.12, 96
582.55, 96
582.55, 96
582.56, 96
582.95, 96
582.97, 96
583.05, 96
583.99, 96
583.99, 96
584.18, 96
584.77, 96
586.31, 96
586.51, 96
586.51, 96
586.65, 96
586.76, 96
586.76, 96
586.83, 96
586.83, 96
586.83, 96
586.97, 96
587.61, 96
587.93, 96
587.93, 96
588.71, 96
588.72, 96
588.86, 96
589.35, 96
589.35, 96
589.35, 96
589.35, 96
589.80, 96
589.80, 96
589.97, 96
589.97, 96
592.14, 96
592.88, 96
592.88, 96
592.88, 96
592.88, 96
593.96, 96
593.96, 96
594.00, 96
594.00, 96
594.00, 96
594.02, 96
594.02, 96
594.02, 96
594.08, 96
594.50, 96
595.70, 96
595.84, 96
595.84, 96
595.84, 96
596.43, 96
596.84, 96
596.84, 96
596.84, 96
596.85, 96
597.71, 96
597.71, 96
