0.00, 102
0.00, 99
0.00, 99
0.01, 99
0.01, 99
0.01, 98
0.01, 98
0.01, 98
0.01, 98
0.02, 98
0.02, 97
0.04, 97
0.04, 97
0.06, 97
0.08, 97
0.08, 97
0.11, 97
0.11, 97
0.11, 97
0.25, 97
0.25, 97
0.31, 97
0.33, 97
0.33, 97
0.33, 97
0.38, 97
0.38, 97
0.38, 97
0.45, 97
0.45, 97
0.45, 97
0.49, 97
0.53, 97
0.53, 97
0.57, 97
0.57, 97
0.57, 97
0.57, 97
0.57, 97
0.58, 97
0.58, 97
0.58, 97
0.62, 97
0.62, 97
0.62, 97
0.62, 96
1.41, 96
2.38, 96
2.46, 96
2.52, 96
2.52, 96
3.51, 96
5.64, 96
5.93, 96
6.60, 96
6.64, 96
6.77, 96
6.77, 96
7.12, 96
7.84, 96
7.86, 96
7.86, 96
8.01, 96
8.01, 96
9.12, 96
9.38, 96
9.38, 96
9.60, 96
10.22, 96
11.37, 96
11.48, 96
12.74, 96
12.74, 96
13.03, 96
13.03, 96
13.50, 96
13.69, 96
13.69, 96
14.08, 96
14.08, 96
14.47, 96
14.47, 96
14.47, 96
14.90, 96
15.00, 96
15.02, 96
15.06, 96
15.08, 96
16.16, 96
16.16, 96
16.25, 96
16.25, 96
16.41, 96
16.41, 96
16.61, 96
16.61, 96
16.62, 96
16.88, 96
16.88, 96
17.46, 96
17.46, 96
17.46, 96
17.46, 96
17.46, 96
17.46, 96
17.46, 96
18.35, 96
18.36, 96
18.37, 96
18.93, 96
19.13, 96
19.13, 96
19.13, 96
19.62, 96
20.44, 96
21.05, 96
21.06, 96
21.66, 96
23.90, 96
23.90, 96
24.08, 96
24.13, 96
24.14, 96
24.14, 96
24.57, 96
24.68, 96
25.03, 96
25.53, 96
25.83, 96
25.83, 96
26.07, 96
26.19, 96
26.28, 96
26.34, 96
26.38, 96
26.38, 96
26.46, 96
28.00, 96
28.28, 96
28.28, 96
28.28, 96
29.16, 96
30.22, 96
30.28, 96
30.28, 96
30.28, 96
30.28, 96
30.51, 96
30.85, 96
31.13, 96
31.14, 96
31.15, 96
31.62, 96
31.62, 96
31.78, 96
33.49, 96
33.57, 96
34.04, 96
34.04, 96
34.15, 96
34.65, 96
34.65, 96
34.65, 96
34.90, 96
35.07, 96
35.11, 96
35.96, 96
35.96, 96
35.96, 96
35.96, 96
35.96, 96
36.02, 96
37.12, 96
37.78, 96
37.78, 96
38.02, 96
38.12, 96
39.34, 96
39.34, 96
39.34, 96
39.34, 96
39.34, 96
39.39, 96
39.67, 96
39.73, 96
40.35, 96
40.35, 96
40.44, 96
41.14, 96
41.34, 96
41.34, 96
41.45, 96
41.59, 96
43.14, 96
44.06, 96
44.06, 96
44.23, 96
44.24, 96
44.29, 96
44.29, 96
44.78, 96
44.90, 96
44.91, 96
45.02, 96
45.02, 96
45.02, 96
45.07, 96
45.07, 96
45.07, 96
45.31, 96
45.33, 96
45.33, 96
45.57, 96
45.57, 96
46.13, 96
46.30, 96
46.71, 96
47.46, 96
47.50, 96
48.64, 96
49.87, 96
49.87, 96
50.18, 96
50.34, 96
50.97, 96
51.93, 96
51.93, 96
51.93, 96
52.21, 96
52.21, 96
52.36, 96
52.36, 96
52.36, 96
52.91, 96
52.91, 96
53.54, 96
53.56, 96
53.59, 96
54.13, 96
54.13, 96
54.27, 96
54.27, 96
55.21, 96
55.57, 96
55.57, 96
55.57, 96
55.57, 96
55.60, 96
55.73, 96
55.76, 96
55.77, 96
56.01, 96
56.01, 96
56.01, 96
56.01, 96
56.01, 96
56.01, 96
56.53, 96
56.53, 96
56.53, 96
57.23, 96
57.24, 96
57.82, 96
57.82, 96
58.47, 96
58.56, 96
58.56, 96
58.67, 96
58.67, 96
58.67, 96
58.67, 96
59.14, 96
59.14, 96
59.43, 96
59.43, 96
59.70, 96
59.70, 96
60.68, 96
60.68, 96
60.68, 96
60.68, 96
60.68, 96
60.97, 96
60.97, 96
62.07, 96
62.07, 96
62.49, 96
62.77, 96
62.77, 96
63.58, 96
63.87, 96
63.87, 96
64.25, 96
64.57, 96
65.79, 96
66.19, 96
66.20, 96
66.67, 96
66.83, 96
67.21, 96
67.21, 96
67.51, 96
68.03, 96
68.03, 96
68.03, 96
68.34, 96
69.17, 96
71.19, 96
71.26, 96
71.26, 96
71.73, 96
71.73, 96
72.12, 96
72.25, 96
72.25, 96
72.58, 96
72.97, 96
72.97, 96
72.98, 96
72.98, 96
74.18, 96
74.30, 96
74.60, 96
75.66, 96
76.15, 96
76.62, 96
77.10, 96
77.10, 96
77.39, 96
78.04, 96
78.04, 96
78.28, 96
78.28, 96
79.20, 96
79.20, 96
79.69, 96
79.80, 96
79.82, 96
79.82, 96
79.82, 96
79.95, 96
80.24, 96
81.06, 96
81.06, 96
81.06, 96
81.19, 96
81.19, 96
81.19, 96
81.19, 96
81.19, 96
81.20, 96
81.32, 96
81.32, 96
83.03, 96
83.03, 96
83.03, 96
83.04, 96
83.78, 96
84.03, 96
84.14, 96
85.01, 96
85.01, 96
85.36, 96
85.47, 96
85.70, 96
85.78, 96
85.92, 96
85.92, 96
86.39, 96
86.74, 96
86.93, 96
87.01, 96
87.19, 96
87.20, 96
87.98, 96
87.98, 96
88.00, 96
89.57, 96
89.57, 96
89.60, 96
90.38, 96
90.38, 96
90.39, 96
90.73, 96
91.21, 96
91.99, 96
91.99, 96
92.53, 96
93.86, 96
94.72, 96
94.72, 96
95.02, 96
95.46, 96
95.46, 96
97.74, 96
97.76, 96
97.76, 96
98.21, 96
98.47, 96
98.47, 96
98.47, 96
98.48, 96
98.54, 96
98.62, 96
98.62, 96
98.62, 96
100.19, 96
100.19, 96
100.38, 96
100.38, 96
100.38, 96
100.92, 96
101.61, 96
101.61, 96
101.69, 96
101.74, 96
101.74, 96
101.75, 96
101.75, 96
102.26, 96
104.05, 96
104.05, 96
104.72, 96
104.72, 96
104.72, 96
104.77, 96
104.77, 96
104.78, 96
104.90, 96
104.91, 96
105.19, 96
105.60, 96
105.72, 96
106.49, 96
106.64, 96
106.64, 96
106.64, 96
106.64, 96
106.64, 96
107.21, 96
107.21, 96
107.21, 96
107.21, 96
107.21, 96
107.66, 96
107.66, 96
108.95, 96
108.96, 96
109.75, 96
109.75, 96
109.97, 96
110.26, 96
111.96, 96
112.79, 96
112.79, 96
112.79, 96
112.79, 96
112.79, 96
112.79, 96
114.13, 96
114.13, 96
114.13, 96
114.37, 96
114.37, 96
114.37, 96
114.37, 96
114.51, 96
114.72, 96
114.73, 96
114.73, 96
114.73, 96
114.73, 96
114.73, 96
115.30, 96
115.30, 96
117.08, 96
117.08, 96
117.08, 96
118.49, 96
118.75, 96
118.94, 96
119.30, 96
119.31, 96
119.31, 96
119.44, 96
119.44, 96
119.44, 96
119.44, 96
119.47, 96
119.47, 96
120.00, 96
120.26, 96
120.59, 96
120.62, 96
120.62, 96
121.28, 96
121.53, 96
122.12, 96
122.44, 96
122.82, 96
122.87, 96
122.87, 96
122.87, 96
122.88, 96
123.25, 96
123.54, 96
123.55, 96
123.56, 96
123.56, 96
123.56, 96
123.56, 96
123.80, 96
123.80, 96
123.82, 96
123.88, 96
123.88, 96
123.88, 96
124.23, 96
124.64, 96
124.64, 96
124.96, 96
125.67, 96
125.67, 96
126.56, 96
126.69, 96
126.69, 96
126.83, 96
126.95, 96
126.97, 96
126.97, 96
127.88, 96
128.11, 96
128.72, 96
128.72, 96
128.91, 96
129.67, 96
129.68, 96
129.74, 96
130.20, 96
130.35, 96
130.35, 96
130.74, 96
130.74, 96
131.45, 96
131.45, 96
131.98, 96
132.43, 96
132.43, 96
132.43, 96
132.43, 96
133.73, 96
133.73, 96
134.15, 96
134.64, 96
135.20, 96
135.24, 96
135.25, 96
135.34, 96
135.50, 96
136.31, 96
137.04, 96
137.44, 96
137.44, 96
137.73, 96
138.57, 96
139.55, 96
139.56, 96
140.56, 96
140.86, 96
141.09, 96
141.53, 96
142.07, 96
142.07, 96
142.50, 96
142.97, 96
142.98, 96
143.05, 96
144.06, 96
144.14, 96
144.14, 96
144.76, 96
145.12, 96
145.13, 96
145.13, 96
145.25, 96
145.26, 96
145.36, 96
145.40, 96
145.40, 96
145.40, 96
145.85, 96
145.85, 96
146.66, 96
146.66, 96
146.84, 96
146.84, 96
146.84, 96
146.84, 96
147.45, 96
147.45, 96
147.45, 96
147.49, 96
147.52, 96
148.16, 96
148.16, 96
148.16, 96
148.16, 96
148.16, 96
148.18, 96
148.31, 96
148.31, 96
148.32, 96
148.32, 96
148.47, 96
148.96, 96
149.85, 96
149.86, 96
150.49, 96
150.49, 96
150.93, 96
150.93, 96
150.93, 96
150.99, 96
150.99, 96
150.99, 96
151.19, 96
151.48, 96
151.57, 96
152.18, 96
152.18, 96
152.26, 96
152.69, 96
152.81, 96
153.00, 96
153.71, 96
154.15, 96
154.42, 96
155.34, 96
155.40, 96
155.41, 96
155.74, 96
155.74, 96
155.74, 96
155.85, 96
155.98, 96
155.99, 96
156.15, 96
156.32, 96
156.32, 96
156.32, 96
156.34, 96
157.35, 96
157.35, 96
157.35, 96
157.38, 96
157.38, 96
157.38, 96
157.38, 96
158.96, 96
159.02, 96
159.02, 96
159.31, 96
160.44, 96
160.60, 96
160.85, 96
162.32, 96
162.57, 96
162.69, 96
163.38, 96
163.43, 96
163.43, 96
163.52, 96
164.54, 96
164.54, 96
164.78, 96
164.95, 96
165.97, 96
166.41, 96
166.41, 96
166.72, 96
167.10, 96
167.72, 96
167.72, 96
167.72, 96
167.74, 96
168.13, 96
168.13, 96
168.13, 96
168.13, 96
168.60, 96
168.98, 96
169.00, 96
169.00, 96
170.01, 96
170.22, 96
170.44, 96
170.69, 96
170.70, 96
170.70, 96
171.29, 96
171.29, 96
171.29, 96
171.94, 96
172.16, 96
172.16, 96
172.59, 96
172.84, 96
174.38, 96
174.42, 96
174.42, 96
174.64, 96
174.91, 96
175.58, 96
176.39, 96
176.39, 96
176.39, 96
176.40, 96
176.45, 96
176.45, 96
176.82, 96
177.37, 96
177.64, 96
178.32, 96
178.32, 96
178.86, 96
178.90, 96
179.43, 96
179.87, 96
179.87, 96
180.17, 96
180.17, 96
180.17, 96
180.68, 96
180.68, 96
180.79, 96
181.11, 96
181.60, 96
181.60, 96
181.61, 96
181.61, 96
181.65, 96
181.98, 96
182.18, 96
182.19, 96
182.34, 96
182.88, 96
182.88, 96
182.88, 96
182.88, 96
182.88, 96
183.40, 96
183.40, 96
183.50, 96
183.60, 96
183.62, 96
184.08, 96
184.08, 96
184.20, 96
184.20, 96
184.20, 96
184.20, 96
184.20, 96
184.48, 96
184.90, 96
184.91, 96
184.91, 96
184.92, 96
184.98, 96
185.22, 96
185.45, 96
185.97, 96
186.20, 96
186.45, 96
186.45, 96
186.61, 96
186.62, 96
186.62, 96
186.78, 96
186.78, 96
186.78, 96
186.82, 96
186.83, 96
187.00, 96
187.60, 96
187.60, 96
187.60, 96
187.60, 96
187.80, 96
187.80, 96
190.19, 96
190.19, 96
190.37, 96
191.29, 96
191.29, 96
191.29, 96
191.54, 96
191.54, 96
191.61, 96
191.63, 96
191.82, 96
191.82, 96
191.83, 96
191.83, 96
191.95, 96
191.96, 96
192.14, 96
192.82, 96
192.82, 96
193.71, 96
193.71, 96
194.20, 96
195.07, 96
195.26, 96
195.43, 96
195.44, 96
195.80, 96
195.80, 96
195.80, 96
195.83, 96
195.83, 96
195.83, 96
196.62, 96
196.62, 96
196.99, 96
198.17, 96
198.24, 96
198.24, 96
198.24, 96
198.24, 96
199.28, 96
199.69, 96
200.17, 96
200.17, 96
200.26, 96
200.27, 96
200.27, 96
201.30, 96
203.34, 96
203.34, 96
203.34, 96
203.34, 96
203.61, 96
203.61, 96
204.22, 96
204.54, 96
204.72, 96
204.96, 96
206.70, 96
206.70, 96
207.58, 96
207.88, 96
207.88, 96
207.88, 96
207.88, 96
208.00, 96
208.02, 96
208.40, 96
208.40, 96
208.40, 96
208.40, 96
208.40, 96
208.47, 96
208.47, 96
208.47, 96
208.69, 96
208.71, 96
208.71, 96
208.97, 96
209.49, 96
209.49, 96
210.26, 96
210.26, 96
210.26, 96
210.26, 96
210.37, 96
210.37, 96
210.37, 96
210.47, 96
210.47, 96
210.47, 96
210.47, 96
210.48, 96
210.88, 96
210.88, 96
210.88, 96
211.03, 96
211.03, 96
211.69, 96
211.87, 96
211.87, 96
211.87, 96
211.87, 96
212.12, 96
212.12, 96
212.12, 96
212.12, 96
213.54, 96
213.76, 96
213.76, 96
213.78, 96
213.78, 96
214.15, 96
214.70, 96
214.70, 96
214.71, 96
214.71, 96
214.71, 96
214.81, 96
214.81, 96
214.90, 96
215.14, 96
215.14, 96
215.34, 96
215.34, 96
215.35, 96
215.71, 96
216.20, 96
216.20, 96
216.38, 96
216.44, 96
216.49, 96
216.49, 96
216.49, 96
216.57, 96
216.58, 96
216.89, 96
216.89, 96
217.56, 96
217.56, 96
217.64, 96
218.12, 96
218.58, 96
218.62, 96
219.15, 96
219.15, 96
219.20, 96
220.04, 96
220.58, 96
220.85, 96
221.22, 96
221.46, 96
221.46, 96
222.83, 96
223.67, 96
223.99, 96
224.04, 96
224.04, 96
224.04, 96
224.19, 96
224.19, 96
224.57, 96
225.29, 96
225.56, 96
225.56, 96
226.09, 96
227.22, 96
227.22, 96
227.83, 96
227.83, 96
227.83, 96
227.89, 96
227.93, 96
228.22, 96
228.84, 96
229.39, 96
229.90, 96
230.35, 96
230.35, 96
230.38, 96
230.38, 96
230.86, 96
230.89, 96
230.89, 96
230.92, 96
231.25, 96
231.25, 96
231.39, 96
233.17, 96
233.36, 96
233.55, 96
233.80, 96
234.90, 96
234.91, 96
234.91, 96
235.87, 96
235.87, 96
235.87, 96
235.87, 96
235.89, 96
236.67, 96
236.78, 96
236.80, 96
238.95, 96
238.95, 96
239.13, 96
239.13, 96
239.32, 96
239.34, 96
239.84, 96
240.44, 96
240.45, 96
240.45, 96
241.86, 96
241.89, 96
241.89, 96
242.89, 96
242.89, 96
242.93, 96
243.12, 96
243.14, 96
243.64, 96
243.64, 96
243.64, 96
243.76, 96
244.03, 96
244.03, 96
245.34, 96
245.34, 96
245.38, 96
245.84, 96
246.16, 96
246.16, 96
246.23, 96
246.24, 96
246.85, 96
246.85, 96
246.85, 96
246.85, 96
246.85, 96
246.86, 96
247.01, 96
247.34, 96
247.99, 96
248.30, 96
248.31, 96
248.67, 96
248.99, 96
249.02, 96
249.33, 96
249.33, 96
249.39, 96
249.79, 96
250.45, 96
250.76, 96
250.76, 96
250.77, 96
251.33, 96
251.72, 96
251.90, 96
252.21, 96
252.21, 96
252.21, 96
252.22, 96
252.46, 96
252.57, 96
252.65, 96
252.65, 96
252.65, 96
253.07, 96
253.08, 96
253.08, 96
253.08, 96
253.08, 96
253.34, 96
253.34, 96
254.28, 96
254.28, 96
254.62, 96
254.66, 96
254.66, 96
254.75, 96
254.75, 96
254.91, 96
255.10, 96
256.00, 96
256.23, 96
256.80, 96
257.03, 96
257.29, 96
258.76, 96
258.77, 96
258.77, 96
258.77, 96
259.72, 96
259.72, 96
260.09, 96
260.22, 96
260.40, 96
260.99, 96
260.99, 96
261.00, 96
261.58, 96
262.91, 96
263.86, 96
264.00, 96
264.26, 96
264.26, 96
264.26, 96
264.50, 96
265.29, 96
265.36, 96
265.69, 96
266.02, 96
268.37, 96
268.94, 96
268.94, 96
268.94, 96
268.94, 96
268.94, 96
268.94, 96
268.94, 96
269.05, 96
269.12, 96
269.13, 96
269.13, 96
269.52, 96
269.57, 96
271.15, 96
271.15, 96
271.22, 96
271.22, 96
271.35, 96
271.80, 96
273.79, 96
274.17, 96
274.18, 96
274.64, 96
274.96, 96
275.35, 96
275.36, 96
275.37, 96
275.63, 96
275.82, 96
275.86, 96
275.88, 96
276.47, 96
276.47, 96
277.11, 96
277.76, 96
277.76, 96
277.82, 96
277.90, 96
277.90, 96
277.90, 96
277.90, 96
278.81, 96
278.82, 96
279.41, 96
279.41, 96
279.56, 96
280.70, 96
280.76, 96
280.77, 96
280.84, 96
281.40, 96
281.40, 96
281.63, 96
281.63, 96
281.63, 96
281.63, 96
282.39, 96
282.39, 96
282.39, 96
282.39, 96
282.39, 96
282.44, 96
282.44, 96
282.44, 96
283.57, 96
283.58, 96
283.78, 96
283.78, 96
284.61, 96
284.61, 96
284.61, 96
284.81, 96
285.47, 96
285.77, 96
285.77, 96
285.77, 96
286.45, 96
287.19, 96
287.23, 96
287.23, 96
287.53, 96
288.32, 96
288.33, 96
288.44, 96
289.08, 96
289.70, 96
289.83, 96
290.17, 96
290.91, 96
291.06, 96
291.69, 96
291.70, 96
291.70, 96
292.34, 96
292.43, 96
292.98, 96
292.98, 96
295.90, 96
296.48, 96
296.48, 96
296.49, 96
298.75, 96
298.75, 96
299.30, 96
300.33, 96
300.33, 96
300.76, 96
300.84, 96
300.84, 96
303.08, 96
304.07, 96
304.59, 96
304.79, 96
305.24, 96
305.56, 96
305.74, 96
305.74, 96
305.74, 96
305.74, 96
305.98, 96
306.28, 96
307.14, 96
307.95, 96
307.95, 96
307.95, 96
308.15, 96
308.67, 96
310.35, 96
310.47, 96
310.48, 96
311.27, 96
311.27, 96
311.27, 96
311.27, 96
311.27, 96
311.43, 96
311.44, 96
311.64, 96
311.64, 96
311.80, 96
312.39, 96
312.64, 96
313.96, 96
314.02, 96
315.08, 96
315.08, 96
315.08, 96
315.08, 96
315.21, 96
315.21, 96
315.25, 96
315.25, 96
315.25, 96
315.43, 96
315.84, 96
316.84, 96
316.95, 96
317.32, 96
318.46, 96
319.19, 96
319.54, 96
319.54, 96
319.65, 96
320.09, 96
320.56, 96
321.25, 96
322.34, 96
322.38, 96
322.38, 96
323.16, 96
323.24, 96
323.24, 96
323.73, 96
323.73, 96
323.73, 96
323.73, 96
323.73, 96
323.73, 96
323.74, 96
325.56, 96
325.57, 96
325.60, 96
325.94, 96
326.34, 96
326.34, 96
326.64, 96
326.64, 96
326.64, 96
326.64, 96
326.89, 96
327.59, 96
328.18, 96
328.24, 96
328.24, 96
328.24, 96
328.25, 96
328.25, 96
328.25, 96
329.41, 96
329.73, 96
329.74, 96
330.96, 96
331.83, 96
332.54, 96
332.54, 96
332.54, 96
332.65, 96
332.65, 96
333.15, 96
333.94, 96
333.94, 96
333.94, 96
333.94, 96
333.94, 96
334.22, 96
334.39, 96
334.90, 96
335.00, 96
335.03, 96
335.40, 96
336.09, 96
336.09, 96
336.54, 96
336.68, 96
337.81, 96
337.82, 96
338.24, 96
338.83, 96
339.40, 96
339.40, 96
339.44, 96
339.44, 96
339.83, 96
340.46, 96
340.46, 96
340.47, 96
340.80, 96
340.89, 96
340.89, 96
340.90, 96
342.10, 96
342.10, 96
342.10, 96
342.26, 96
342.37, 96
342.37, 96
342.37, 96
342.37, 96
342.38, 96
342.38, 96
342.40, 96
342.40, 96
342.40, 96
342.40, 96
343.22, 96
343.29, 96
343.52, 96
343.52, 96
343.72, 96
343.77, 96
344.60, 96
345.43, 96
345.45, 96
345.45, 96
345.78, 96
345.78, 96
347.21, 96
347.28, 96
347.29, 96
347.53, 96
347.97, 96
348.63, 96
349.18, 96
349.90, 96
351.94, 96
352.36, 96
354.13, 96
354.79, 96
355.92, 96
356.68, 96
356.68, 96
356.87, 96
357.13, 96
357.23, 96
358.17, 96
358.17, 96
358.17, 96
358.23, 96
358.60, 96
358.60, 96
358.72, 96
358.94, 96
359.56, 96
360.34, 96
360.34, 96
361.13, 96
361.63, 96
361.89, 96
361.89, 96
361.89, 96
361.89, 96
361.96, 96
361.96, 96
361.96, 96
361.96, 96
361.97, 96
361.97, 96
361.97, 96
362.58, 96
362.67, 96
362.74, 96
363.27, 96
363.27, 96
363.75, 96
363.76, 96
363.76, 96
364.73, 96
365.68, 96
365.68, 96
365.79, 96
365.79, 96
365.80, 96
366.80, 96
367.07, 96
367.35, 96
367.35, 96
368.00, 96
368.00, 96
368.00, 96
368.00, 96
368.18, 96
368.67, 96
368.67, 96
368.67, 96
369.01, 96
369.02, 96
369.05, 96
369.05, 96
369.16, 96
369.17, 96
369.17, 96
369.96, 96
370.84, 96
370.84, 96
371.49, 96
371.94, 96
371.94, 96
371.94, 96
371.94, 96
372.76, 96
372.76, 96
373.02, 96
373.53, 96
373.53, 96
373.53, 96
374.18, 96
374.18, 96
375.03, 96
375.03, 96
375.03, 96
375.03, 96
376.49, 96
376.69, 96
376.69, 96
377.59, 96
378.80, 96
379.05, 96
379.06, 96
379.06, 96
379.47, 96
380.08, 96
380.21, 96
380.50, 96
380.63, 96
380.63, 96
380.72, 96
380.89, 96
380.89, 96
381.08, 96
381.08, 96
381.81, 96
381.81, 96
381.94, 96
381.94, 96
382.05, 96
382.26, 96
382.67, 96
382.78, 96
382.78, 96
382.78, 96
382.78, 96
382.85, 96
383.07, 96
383.07, 96
383.41, 96
383.70, 96
385.63, 96
385.63, 96
385.71, 96
385.97, 96
385.97, 96
386.25, 96
386.55, 96
386.88, 96
387.00, 96
387.04, 96
387.83, 96
388.11, 96
388.11, 96
388.19, 96
388.19, 96
388.89, 96
389.10, 96
389.10, 96
389.10, 96
389.10, 96
389.10, 96
389.10, 96
389.14, 96
389.19, 96
389.33, 96
389.91, 96
390.16, 96
390.16, 96
390.16, 96
390.16, 96
390.16, 96
390.16, 96
390.19, 96
393.18, 96
393.19, 96
393.19, 96
393.19, 96
393.20, 96
393.41, 96
393.41, 96
393.41, 96
393.46, 96
393.46, 96
393.80, 96
394.21, 96
394.21, 96
394.40, 96
394.40, 96
394.40, 96
394.53, 96
394.67, 96
394.67, 96
394.67, 96
395.30, 96
397.17, 96
397.23, 96
397.75, 96
397.75, 96
398.43, 96
399.63, 96
399.85, 96
399.95, 96
400.54, 96
400.59, 96
400.59, 96
400.70, 96
400.70, 96
401.61, 96
401.61, 96
401.61, 96
402.54, 96
402.55, 96
403.61, 96
403.61, 96
403.62, 96
403.62, 96
403.62, 96
403.84, 96
403.84, 96
404.15, 96
404.34, 96
404.34, 96
404.35, 96
406.69, 96
407.30, 96
407.30, 96
407.30, 96
407.30, 96
407.30, 96
407.60, 96
407.60, 96
407.66, 96
407.78, 96
407.96, 96
408.33, 96
408.33, 96
408.33, 96
408.72, 96
409.12, 96
410.37, 96
410.38, 96
411.40, 96
412.35, 96
412.62, 96
413.25, 96
413.25, 96
413.62, 96
414.95, 96
414.96, 96
414.96, 96
415.01, 96
415.01, 96
415.01, 96
415.01, 96
415.01, 96
415.01, 96
415.01, 96
415.02, 96
415.02, 96
415.02, 96
415.26, 96
415.27, 96
415.27, 96
415.65, 96
416.01, 96
416.25, 96
416.64, 96
416.94, 96
416.94, 96
417.00, 96
417.61, 96
419.25, 96
419.44, 96
420.06, 96
420.06, 96
420.06, 96
420.07, 96
420.78, 96
420.78, 96
420.78, 96
420.78, 96
421.83, 96
421.83, 96
421.83, 96
421.88, 96
421.88, 96
421.88, 96
421.88, 96
421.91, 96
421.91, 96
422.09, 96
422.20, 96
422.21, 96
422.21, 96
422.34, 96
422.48, 96
423.44, 96
424.06, 96
424.36, 96
425.04, 96
425.04, 96
425.20, 96
425.30, 96
425.30, 96
426.36, 96
426.45, 96
426.45, 96
427.15, 96
428.73, 96
429.46, 96
429.46, 96
429.54, 96
430.37, 96
430.37, 96
430.37, 96
430.99, 96
430.99, 96
431.15, 96
431.15, 96
431.29, 96
431.29, 96
431.88, 96
431.88, 96
431.88, 96
431.88, 96
431.88, 96
431.89, 96
431.90, 96
432.25, 96
432.25, 96
432.80, 96
433.97, 96
434.48, 96
435.10, 96
435.21, 96
435.21, 96
435.83, 96
435.97, 96
435.97, 96
435.98, 96
435.98, 96
436.09, 96
436.11, 96
436.22, 96
436.24, 96
436.94, 96
436.95, 96
436.95, 96
437.00, 96
437.00, 96
437.11, 96
437.11, 96
437.95, 96
438.34, 96
438.76, 96
438.95, 96
439.41, 96
439.41, 96
439.48, 96
439.48, 96
439.49, 96
439.49, 96
439.70, 96
440.28, 96
441.71, 96
441.91, 96
441.91, 96
441.91, 96
442.09, 96
443.38, 96
443.87, 96
443.92, 96
443.92, 96
443.93, 96
443.94, 96
444.09, 96
444.21, 96
444.21, 96
444.39, 96
444.48, 96
444.93, 96
445.06, 96
445.06, 96
445.06, 96
445.06, 96
445.06, 96
445.06, 96
445.17, 96
445.52, 96
445.52, 96
445.52, 96
446.39, 96
447.11, 96
447.17, 96
447.22, 96
447.94, 96
448.71, 96
448.74, 96
449.09, 96
449.11, 96
449.11, 96
449.27, 96
449.27, 96
449.94, 96
450.14, 96
450.39, 96
451.61, 96
451.65, 96
451.72, 96
451.72, 96
452.20, 96
452.70, 96
452.70, 96
453.16, 96
453.16, 96
453.16, 96
453.16, 96
453.16, 96
453.17, 96
453.17, 96
453.17, 96
453.17, 96
453.41, 96
453.53, 96
453.68, 96
453.68, 96
454.43, 96
455.40, 96
455.40, 96
455.41, 96
455.41, 96
455.57, 96
456.10, 96
456.33, 96
456.33, 96
456.57, 96
456.57, 96
456.98, 96
457.88, 96
458.20, 96
458.20, 96
458.51, 96
458.51, 96
458.98, 96
458.98, 96
458.98, 96
458.98, 96
459.12, 96
459.12, 96
459.12, 96
459.12, 96
459.17, 96
459.38, 96
459.38, 96
459.38, 96
459.38, 96
460.27, 96
460.39, 96
460.39, 96
460.96, 96
460.96, 96
461.08, 96
461.08, 96
461.08, 96
461.09, 96
461.09, 96
462.86, 96
462.86, 96
462.91, 96
463.32, 96
463.32, 96
463.75, 96
463.75, 96
464.10, 96
464.46, 96
465.51, 96
466.37, 96
466.37, 96
467.77, 96
467.77, 96
467.98, 96
467.98, 96
468.22, 96
468.43, 96
468.43, 96
468.87, 96
468.95, 96
468.95, 96
468.95, 96
468.95, 96
469.15, 96
469.31, 96
469.78, 96
469.78, 96
469.78, 96
469.78, 96
470.01, 96
470.19, 96
470.52, 96
470.53, 96
471.38, 96
471.82, 96
472.74, 96
472.90, 96
472.91, 96
473.55, 96
473.71, 96
473.72, 96
473.72, 96
473.98, 96
474.83, 96
474.83, 96
474.83, 96
474.83, 96
474.83, 96
475.95, 96
476.47, 96
476.76, 96
476.76, 96
476.79, 96
478.10, 96
478.10, 96
478.10, 96
478.13, 96
480.06, 96
480.06, 96
480.06, 96
480.23, 96
480.76, 96
480.76, 96
480.77, 96
480.84, 96
481.25, 96
481.25, 96
481.25, 96
481.37, 96
481.40, 96
481.56, 96
482.03, 96
482.28, 96
482.29, 96
482.67, 96
483.25, 96
483.47, 96
483.73, 96
483.77, 96
484.38, 96
484.50, 96
484.50, 96
484.50, 96
484.73, 96
485.79, 96
485.79, 96
486.52, 96
486.52, 96
486.52, 96
486.52, 96
486.52, 96
486.52, 96
487.31, 96
487.97, 96
487.97, 96
489.28, 96
489.29, 96
489.29, 96
489.47, 96
489.55, 96
489.93, 96
491.54, 96
491.55, 96
492.06, 96
492.14, 96
492.76, 96
492.77, 96
493.29, 96
494.63, 96
494.63, 96
494.66, 96
494.77, 96
494.77, 96
494.77, 96
494.77, 96
494.77, 96
494.93, 96
495.07, 96
495.34, 96
495.43, 96
496.12, 96
496.15, 96
496.78, 96
497.07, 96
497.14, 96
497.14, 96
497.30, 96
497.85, 96
498.08, 96
498.29, 96
498.48, 96
498.48, 96
499.37, 96
499.37, 96
499.38, 96
499.38, 96
499.55, 96
499.85, 96
499.85, 96
500.48, 96
500.48, 96
500.83, 96
500.83, 96
502.00, 96
502.00, 96
502.40, 96
503.15, 96
503.15, 96
503.83, 96
503.83, 96
504.16, 96
504.18, 96
504.18, 96
504.23, 96
504.32, 96
505.89, 96
505.89, 96
505.89, 96
506.34, 96
506.75, 96
506.93, 96
506.97, 96
507.00, 96
507.00, 96
507.35, 96
507.45, 96
507.65, 96
508.12, 96
508.31, 96
508.31, 96
508.66, 96
508.92, 96
508.92, 96
508.98, 96
510.32, 96
510.32, 96
510.32, 96
510.47, 96
510.47, 96
511.19, 96
511.49, 96
511.61, 96
511.62, 96
512.83, 96
512.93, 96
513.27, 96
515.19, 96
515.90, 96
516.16, 96
516.16, 96
516.16, 96
516.25, 96
516.25, 96
516.50, 96
516.50, 96
516.50, 96
516.51, 96
516.53, 96
516.53, 96
516.80, 96
516.80, 96
516.90, 96
517.43, 96
518.30, 96
518.34, 96
518.38, 96
518.38, 96
518.92, 96
519.34, 96
519.34, 96
519.76, 96
519.77, 96
519.79, 96
521.57, 96
521.57, 96
521.57, 96
522.43, 96
522.75, 96
523.17, 96
523.37, 96
523.56, 96
523.56, 96
523.73, 96
523.91, 96
524.11, 96
524.11, 96
524.56, 96
524.56, 96
524.56, 96
524.67, 96
524.67, 96
525.07, 96
525.24, 96
525.28, 96
525.28, 96
525.52, 96
525.59, 96
525.62, 96
525.62, 96
525.62, 96
525.62, 96
525.63, 96
525.63, 96
526.24, 96
526.72, 96
526.72, 96
526.80, 96
526.80, 96
526.80, 96
527.04, 96
527.57, 96
528.54, 96
530.57, 96
530.64, 96
531.15, 96
531.64, 96
531.71, 96
535.09, 96
535.09, 96
535.34, 96
536.45, 96
536.45, 96
536.52, 96
536.84, 96
536.97, 96
537.27, 96
537.28, 96
537.28, 96
537.28, 96
537.91, 96
538.37, 96
538.37, 96
538.37, 96
538.65, 96
538.65, 96
538.79, 96
538.79, 96
538.79, 96
539.01, 96
539.87, 96
540.07, 96
540.07, 96
540.47, 96
540.47, 96
541.10, 96
541.10, 96
541.33, 96
541.38, 96
541.39, 96
542.06, 96
542.16, 96
542.17, 96
542.50, 96
542.50, 96
542.50, 96
542.50, 96
542.64, 96
542.66, 96
542.98, 96
543.06, 96
543.06, 96
543.06, 96
543.06, 96
543.11, 96
543.12, 96
543.12, 96
543.12, 96
543.60, 96
543.85, 96
543.96, 96
543.96, 96
544.06, 96
544.66, 96
544.91, 96
544.92, 96
544.92, 96
545.37, 96
545.37, 96
545.59, 96
545.59, 96
545.70, 96
545.70, 96
545.72, 96
545.72, 96
545.76, 96
545.76, 96
545.76, 96
546.12, 96
546.31, 96
547.27, 96
547.61, 96
548.13, 96
548.13, 96
548.18, 96
548.18, 96
548.45, 96
548.45, 96
548.46, 96
548.49, 96
550.11, 96
550.37, 96
550.48, 96
550.54, 96
550.68, 96
551.86, 96
553.13, 96
554.27, 96
554.27, 96
554.91, 96
554.92, 96
554.92, 96
554.96, 96
554.96, 96
554.99, 96
555.05, 96
555.05, 96
555.65, 96
555.87, 96
555.87, 96
555.87, 96
556.32, 96
556.32, 96
557.23, 96
557.23, 96
557.23, 96
557.23, 96
557.30, 96
557.49, 96
557.50, 96
557.57, 96
558.11, 96
558.11, 96
558.11, 96
558.11, 96
558.26, 96
559.57, 96
559.62, 96
560.39, 96
560.81, 96
561.07, 96
561.38, 96
561.74, 96
561.74, 96
561.79, 96
561.79, 96
561.79, 96
562.87, 96
562.96, 96
563.40, 96
563.50, 96
563.50, 96
563.85, 96
563.85, 96
564.01, 96
564.34, 96
564.58, 96
564.58, 96
565.35, 96
565.36, 96
565.40, 96
565.49, 96
565.49, 96
565.72, 96
566.75, 96
566.79, 96
566.79, 96
566.79, 96
567.44, 96
568.80, 96
569.61, 96
570.24, 96
570.77, 96
570.77, 96
571.00, 96
571.04, 96
571.04, 96
571.72, 96
571.72, 96
572.11, 96
572.63, 96
572.85, 96
572.85, 96
574.49, 96
575.32, 96
575.46, 96
576.11, 96
576.36, 96
577.24, 96
577.24, 96
577.43, 96
577.43, 96
577.45, 96
577.45, 96
578.33, 96
578.34, 96
578.58, 96
579.02, 96
579.02, 96
579.03, 96
579.49, 96
579.50, 96
579.59, 96
580.49, 96
580.49, 96
580.66, 96
581.19, 96
582.90, 96
583.09, 96
583.09, 96
583.23, 96
583.35, 96
583.35, 96
583.41, 96
583.41, 96
583.42, 96
583.56, 96
584.19, 96
584.51, 96
584.52, 96
585.34, 96
585.35, 96
585.47, 96
585.93, 96
585.93, 96
585.93, 96
585.93, 96
586.36, 96
586.36, 96
586.60, 96
586.60, 96
588.97, 96
589.91, 96
589.91, 96
589.91, 96
589.91, 96
590.99, 96
590.99, 96
591.04, 96
591.04, 96
591.04, 96
591.06, 96
591.06, 96
591.06, 96
591.11, 96
591.50, 96
592.75, 96
592.91, 96
592.91, 96
592.91, 96
593.43, 96
593.72, 96
593.72, 96
593.72, 96
593.72, 96
594.62, 96
594.63, 96
597.12, 96
597.12, 96
597.52, 96
597.65, 96
597.65, 96
597.81, 96
597.81, 96
597.93, 96
597.94, 96
598.09, 96
598.09, 96
598.09, 96
598.09, 96
598.09, 96
598.91, 96
598.91, 96
599.25, 96
599.25, 96
599.25, 96
599.25, 96
599.26, 96
599.26, 96
599.62, 96
599.62, 96
