0.01, 102
0.01, 99
0.01, 99
0.02, 99
0.02, 99
0.02, 98
0.02, 98
0.02, 98
0.02, 98
0.04, 98
0.04, 97
0.05, 97
0.05, 97
0.07, 97
0.09, 97
0.09, 97
0.11, 97
0.12, 97
0.12, 97
0.27, 97
0.27, 97
0.32, 97
0.34, 97
0.34, 97
0.34, 97
0.40, 97
0.40, 97
0.40, 97
0.48, 97
0.48, 97
0.49, 97
0.53, 97
0.56, 97
0.56, 97
0.61, 97
0.61, 97
0.61, 97
0.61, 97
0.61, 97
0.62, 97
0.62, 97
0.63, 97
0.69, 97
0.70, 97
0.70, 97
0.70, 96
1.38, 96
2.44, 96
2.54, 96
2.60, 96
2.61, 96
3.63, 96
5.74, 96
5.97, 96
6.59, 96
6.64, 96
6.76, 96
6.76, 96
7.11, 96
7.86, 96
7.89, 96
7.89, 96
8.04, 96
8.04, 96
9.54, 96
9.88, 96
9.88, 96
10.18, 96
10.98, 96
12.10, 96
12.20, 96
13.54, 96
13.54, 96
13.82, 96
13.82, 96
14.30, 96
14.52, 96
14.52, 96
14.97, 96
14.98, 96
15.38, 96
15.38, 96
15.38, 96
15.75, 96
15.82, 96
15.84, 96
15.87, 96
15.89, 96
16.90, 96
16.90, 96
16.99, 96
16.99, 96
17.14, 96
17.14, 96
17.35, 96
17.35, 96
17.35, 96
17.61, 96
17.61, 96
18.19, 96
18.19, 96
18.19, 96
18.20, 96
18.20, 96
18.20, 96
18.20, 96
19.08, 96
19.08, 96
19.08, 96
19.75, 96
19.98, 96
19.98, 96
19.98, 96
20.48, 96
21.34, 96
21.88, 96
21.88, 96
22.45, 96
24.87, 96
24.88, 96
25.03, 96
25.13, 96
25.13, 96
25.14, 96
25.59, 96
25.80, 96
26.21, 96
26.66, 96
26.93, 96
26.93, 96
27.15, 96
27.25, 96
27.32, 96
27.37, 96
27.40, 96
27.40, 96
27.47, 96
29.09, 96
29.38, 96
29.39, 96
29.39, 96
30.36, 96
31.47, 96
31.51, 96
31.51, 96
31.51, 96
31.52, 96
31.74, 96
32.09, 96
32.33, 96
32.34, 96
32.34, 96
32.81, 96
32.81, 96
32.97, 96
34.80, 96
34.89, 96
35.44, 96
35.44, 96
35.57, 96
36.05, 96
36.05, 96
36.05, 96
36.24, 96
36.38, 96
36.42, 96
37.24, 96
37.24, 96
37.24, 96
37.24, 96
37.24, 96
37.30, 96
38.32, 96
38.98, 96
38.98, 96
39.30, 96
39.44, 96
40.78, 96
40.78, 96
40.78, 96
40.78, 96
40.78, 96
40.81, 96
41.11, 96
41.15, 96
41.76, 96
41.76, 96
41.84, 96
42.49, 96
42.67, 96
42.67, 96
42.76, 96
42.93, 96
44.57, 96
45.57, 96
45.57, 96
45.73, 96
45.75, 96
45.80, 96
45.80, 96
46.28, 96
46.35, 96
46.35, 96
46.45, 96
46.45, 96
46.45, 96
46.50, 96
46.50, 96
46.50, 96
46.73, 96
46.75, 96
46.75, 96
46.98, 96
46.98, 96
47.48, 96
47.61, 96
48.01, 96
48.74, 96
48.78, 96
49.97, 96
51.30, 96
51.30, 96
51.61, 96
51.77, 96
52.40, 96
53.28, 96
53.29, 96
53.29, 96
53.60, 96
53.60, 96
53.75, 96
53.75, 96
53.75, 96
54.26, 96
54.26, 96
55.00, 96
55.02, 96
55.10, 96
55.66, 96
55.66, 96
55.78, 96
55.79, 96
56.70, 96
57.06, 96
57.06, 96
57.06, 96
57.07, 96
57.09, 96
57.23, 96
57.27, 96
57.27, 96
57.51, 96
57.51, 96
57.51, 96
57.51, 96
57.51, 96
57.51, 96
57.97, 96
57.97, 96
57.97, 96
58.72, 96
58.72, 96
59.29, 96
59.30, 96
60.06, 96
60.17, 96
60.17, 96
60.29, 96
60.29, 96
60.29, 96
60.29, 96
60.77, 96
60.77, 96
61.04, 96
61.05, 96
61.35, 96
61.36, 96
62.34, 96
62.34, 96
62.34, 96
62.34, 96
62.34, 96
62.58, 96
62.58, 96
63.62, 96
63.62, 96
64.07, 96
64.36, 96
64.36, 96
65.25, 96
65.54, 96
65.54, 96
65.89, 96
66.18, 96
67.37, 96
67.70, 96
67.70, 96
68.17, 96
68.32, 96
68.69, 96
68.69, 96
68.99, 96
69.62, 96
69.62, 96
69.62, 96
69.96, 96
70.73, 96
72.68, 96
72.76, 96
72.76, 96
73.23, 96
73.23, 96
73.59, 96
73.71, 96
73.71, 96
74.03, 96
74.49, 96
74.49, 96
74.49, 96
74.49, 96
75.76, 96
75.89, 96
76.20, 96
77.27, 96
77.71, 96
78.14, 96
78.63, 96
78.63, 96
78.95, 96
79.69, 96
79.69, 96
79.96, 96
79.96, 96
80.97, 96
80.97, 96
81.44, 96
81.55, 96
81.58, 96
81.58, 96
81.58, 96
81.71, 96
82.00, 96
82.78, 96
82.78, 96
82.78, 96
82.89, 96
82.89, 96
82.90, 96
82.90, 96
82.90, 96
82.90, 96
83.01, 96
83.01, 96
84.83, 96
84.83, 96
84.83, 96
84.83, 96
85.60, 96
85.84, 96
85.96, 96
86.79, 96
86.79, 96
87.10, 96
87.23, 96
87.52, 96
87.59, 96
87.70, 96
87.70, 96
88.09, 96
88.40, 96
88.58, 96
88.67, 96
88.88, 96
88.88, 96
89.79, 96
89.79, 96
89.81, 96
91.42, 96
91.42, 96
91.43, 96
92.20, 96
92.20, 96
92.20, 96
92.61, 96
93.05, 96
93.81, 96
93.81, 96
94.43, 96
95.91, 96
96.80, 96
96.80, 96
97.08, 96
97.51, 96
97.51, 96
99.91, 96
99.93, 96
99.93, 96
100.36, 96
100.64, 96
100.64, 96
100.64, 96
100.66, 96
100.73, 96
100.81, 96
100.81, 96
100.81, 96
102.38, 96
102.38, 96
102.57, 96
102.57, 96
102.57, 96
103.11, 96
103.70, 96
103.70, 96
103.80, 96
103.84, 96
103.84, 96
103.85, 96
103.85, 96
104.42, 96
106.39, 96
106.39, 96
107.03, 96
107.04, 96
107.04, 96
107.08, 96
107.08, 96
107.09, 96
107.17, 96
107.17, 96
107.47, 96
107.88, 96
107.98, 96
108.67, 96
108.83, 96
108.83, 96
108.83, 96
108.83, 96
108.83, 96
109.42, 96
109.42, 96
109.42, 96
109.42, 96
109.42, 96
109.91, 96
109.91, 96
111.25, 96
111.25, 96
112.05, 96
112.05, 96
112.27, 96
112.54, 96
114.10, 96
115.10, 96
115.12, 96
115.12, 96
115.12, 96
115.12, 96
115.12, 96
116.49, 96
116.49, 96
116.49, 96
116.75, 96
116.75, 96
116.75, 96
116.75, 96
116.86, 96
117.08, 96
117.08, 96
117.08, 96
117.08, 96
117.08, 96
117.08, 96
117.66, 96
117.66, 96
119.41, 96
119.41, 96
119.41, 96
120.91, 96
121.15, 96
121.35, 96
121.71, 96
121.71, 96
121.71, 96
121.84, 96
121.84, 96
121.84, 96
121.84, 96
121.86, 96
121.86, 96
122.40, 96
122.66, 96
122.99, 96
123.03, 96
123.03, 96
123.63, 96
123.85, 96
124.51, 96
124.93, 96
125.35, 96
125.42, 96
125.43, 96
125.43, 96
125.43, 96
125.82, 96
126.11, 96
126.13, 96
126.13, 96
126.13, 96
126.13, 96
126.14, 96
126.38, 96
126.38, 96
126.41, 96
126.46, 96
126.47, 96
126.48, 96
126.82, 96
127.28, 96
127.28, 96
127.58, 96
128.33, 96
128.33, 96
129.15, 96
129.27, 96
129.27, 96
129.43, 96
129.60, 96
129.61, 96
129.61, 96
130.58, 96
130.81, 96
131.40, 96
131.40, 96
131.62, 96
132.33, 96
132.33, 96
132.40, 96
132.82, 96
132.98, 96
132.98, 96
133.38, 96
133.38, 96
134.03, 96
134.03, 96
134.64, 96
135.15, 96
135.16, 96
135.16, 96
135.16, 96
136.53, 96
136.53, 96
136.94, 96
137.48, 96
138.00, 96
138.05, 96
138.05, 96
138.12, 96
138.27, 96
138.99, 96
139.77, 96
140.16, 96
140.16, 96
140.43, 96
141.22, 96
142.12, 96
142.12, 96
143.08, 96
143.41, 96
143.62, 96
144.01, 96
144.59, 96
144.60, 96
145.28, 96
145.75, 96
145.75, 96
145.83, 96
146.82, 96
146.92, 96
146.92, 96
147.54, 96
147.88, 96
147.88, 96
147.88, 96
148.01, 96
148.02, 96
148.13, 96
148.16, 96
148.16, 96
148.16, 96
148.63, 96
148.63, 96
149.32, 96
149.33, 96
149.50, 96
149.50, 96
149.50, 96
149.50, 96
150.10, 96
150.10, 96
150.10, 96
150.13, 96
150.17, 96
150.81, 96
150.81, 96
150.81, 96
150.81, 96
150.82, 96
150.83, 96
150.95, 96
150.95, 96
150.96, 96
150.96, 96
151.12, 96
151.65, 96
152.55, 96
152.55, 96
153.14, 96
153.14, 96
153.59, 96
153.59, 96
153.59, 96
153.62, 96
153.62, 96
153.62, 96
153.80, 96
154.04, 96
154.13, 96
154.80, 96
154.80, 96
154.89, 96
155.41, 96
155.52, 96
155.69, 96
156.42, 96
156.87, 96
157.14, 96
158.05, 96
158.12, 96
158.12, 96
158.45, 96
158.45, 96
158.45, 96
158.56, 96
158.69, 96
158.69, 96
158.82, 96
158.97, 96
158.97, 96
158.97, 96
158.98, 96
160.02, 96
160.02, 96
160.02, 96
160.06, 96
160.06, 96
160.06, 96
160.06, 96
161.69, 96
161.74, 96
161.74, 96
162.01, 96
163.17, 96
163.34, 96
163.58, 96
164.97, 96
165.25, 96
165.35, 96
166.01, 96
166.06, 96
166.06, 96
166.15, 96
167.18, 96
167.18, 96
167.44, 96
167.57, 96
168.54, 96
168.92, 96
168.92, 96
169.23, 96
169.61, 96
170.25, 96
170.25, 96
170.25, 96
170.27, 96
170.67, 96
170.67, 96
170.67, 96
170.67, 96
171.17, 96
171.58, 96
171.61, 96
171.61, 96
172.62, 96
172.83, 96
173.03, 96
173.29, 96
173.30, 96
173.30, 96
173.80, 96
173.80, 96
173.80, 96
174.41, 96
174.63, 96
174.63, 96
175.10, 96
175.35, 96
176.85, 96
176.90, 96
176.90, 96
177.16, 96
177.43, 96
178.10, 96
178.85, 96
178.85, 96
178.86, 96
178.86, 96
178.89, 96
178.89, 96
179.28, 96
179.86, 96
180.11, 96
180.80, 96
180.80, 96
181.32, 96
181.36, 96
181.88, 96
182.35, 96
182.35, 96
182.63, 96
182.63, 96
182.63, 96
183.14, 96
183.14, 96
183.23, 96
183.51, 96
183.94, 96
183.94, 96
183.94, 96
183.94, 96
183.99, 96
184.35, 96
184.55, 96
184.56, 96
184.72, 96
185.27, 96
185.27, 96
185.27, 96
185.27, 96
185.27, 96
185.80, 96
185.80, 96
185.89, 96
185.99, 96
186.00, 96
186.49, 96
186.49, 96
186.62, 96
186.62, 96
186.62, 96
186.63, 96
186.63, 96
186.91, 96
187.29, 96
187.29, 96
187.29, 96
187.29, 96
187.34, 96
187.57, 96
187.80, 96
188.32, 96
188.51, 96
188.69, 96
188.69, 96
188.83, 96
188.83, 96
188.83, 96
188.99, 96
188.99, 96
188.99, 96
189.05, 96
189.06, 96
189.24, 96
189.81, 96
189.81, 96
189.81, 96
189.81, 96
190.02, 96
190.02, 96
192.37, 96
192.37, 96
192.55, 96
193.40, 96
193.40, 96
193.40, 96
193.63, 96
193.63, 96
193.71, 96
193.74, 96
193.93, 96
193.93, 96
193.93, 96
193.94, 96
194.04, 96
194.04, 96
194.25, 96
194.97, 96
194.97, 96
195.89, 96
195.89, 96
196.37, 96
197.16, 96
197.37, 96
197.55, 96
197.56, 96
197.91, 96
197.91, 96
197.91, 96
197.93, 96
197.93, 96
197.93, 96
198.60, 96
198.60, 96
198.95, 96
200.12, 96
200.18, 96
200.18, 96
200.18, 96
200.18, 96
201.23, 96
201.63, 96
202.07, 96
202.07, 96
202.14, 96
202.14, 96
202.14, 96
203.13, 96
205.11, 96
205.11, 96
205.11, 96
205.11, 96
205.37, 96
205.37, 96
205.97, 96
206.24, 96
206.42, 96
206.61, 96
208.24, 96
208.24, 96
209.09, 96
209.41, 96
209.42, 96
209.42, 96
209.42, 96
209.53, 96
209.55, 96
209.89, 96
209.91, 96
209.91, 96
209.91, 96
209.91, 96
209.97, 96
209.97, 96
209.98, 96
210.20, 96
210.20, 96
210.20, 96
210.50, 96
210.98, 96
210.98, 96
211.66, 96
211.66, 96
211.66, 96
211.66, 96
211.76, 96
211.76, 96
211.77, 96
211.86, 96
211.86, 96
211.86, 96
211.86, 96
211.87, 96
212.30, 96
212.30, 96
212.30, 96
212.44, 96
212.44, 96
213.02, 96
213.20, 96
213.20, 96
213.20, 96
213.20, 96
213.45, 96
213.45, 96
213.45, 96
213.45, 96
214.87, 96
215.12, 96
215.13, 96
215.15, 96
215.16, 96
215.52, 96
216.09, 96
216.09, 96
216.10, 96
216.10, 96
216.10, 96
216.20, 96
216.20, 96
216.26, 96
216.50, 96
216.50, 96
216.70, 96
216.70, 96
216.70, 96
217.07, 96
217.48, 96
217.48, 96
217.64, 96
217.71, 96
217.75, 96
217.75, 96
217.75, 96
217.83, 96
217.84, 96
218.15, 96
218.15, 96
218.88, 96
218.88, 96
218.95, 96
219.41, 96
219.91, 96
219.95, 96
220.39, 96
220.40, 96
220.45, 96
221.25, 96
221.74, 96
222.00, 96
222.33, 96
222.52, 96
222.53, 96
223.88, 96
224.74, 96
225.10, 96
225.16, 96
225.16, 96
225.16, 96
225.31, 96
225.31, 96
225.69, 96
226.34, 96
226.64, 96
226.64, 96
227.12, 96
228.17, 96
228.17, 96
228.76, 96
228.76, 96
228.76, 96
228.84, 96
228.87, 96
229.17, 96
229.82, 96
230.41, 96
231.01, 96
231.46, 96
231.46, 96
231.50, 96
231.50, 96
232.02, 96
232.05, 96
232.05, 96
232.09, 96
232.35, 96
232.35, 96
232.47, 96
234.26, 96
234.44, 96
234.64, 96
234.89, 96
235.98, 96
235.98, 96
235.98, 96
236.92, 96
236.92, 96
236.92, 96
236.92, 96
236.94, 96
237.63, 96
237.77, 96
237.78, 96
240.02, 96
240.02, 96
240.19, 96
240.19, 96
240.36, 96
240.39, 96
240.89, 96
241.48, 96
241.48, 96
241.48, 96
242.81, 96
242.86, 96
242.86, 96
243.85, 96
243.85, 96
243.90, 96
244.09, 96
244.10, 96
244.58, 96
244.58, 96
244.58, 96
244.69, 96
244.99, 96
245.00, 96
246.26, 96
246.26, 96
246.30, 96
246.71, 96
247.00, 96
247.00, 96
247.06, 96
247.07, 96
247.54, 96
247.54, 96
247.54, 96
247.54, 96
247.54, 96
247.55, 96
247.67, 96
247.95, 96
248.62, 96
248.94, 96
248.94, 96
249.30, 96
249.63, 96
249.65, 96
249.94, 96
249.94, 96
250.02, 96
250.32, 96
250.88, 96
251.16, 96
251.16, 96
251.16, 96
251.71, 96
252.04, 96
252.23, 96
252.52, 96
252.53, 96
252.53, 96
252.54, 96
252.77, 96
252.87, 96
252.95, 96
252.95, 96
252.95, 96
253.35, 96
253.35, 96
253.35, 96
253.35, 96
253.35, 96
253.61, 96
253.61, 96
254.44, 96
254.44, 96
254.74, 96
254.78, 96
254.78, 96
254.87, 96
254.87, 96
254.94, 96
255.19, 96
256.10, 96
256.31, 96
256.95, 96
257.23, 96
257.51, 96
258.93, 96
258.93, 96
258.93, 96
258.93, 96
259.87, 96
259.88, 96
260.24, 96
260.38, 96
260.57, 96
261.17, 96
261.17, 96
261.17, 96
261.62, 96
262.96, 96
263.89, 96
264.03, 96
264.28, 96
264.28, 96
264.28, 96
264.56, 96
265.31, 96
265.39, 96
265.73, 96
266.05, 96
267.82, 96
268.26, 96
268.26, 96
268.26, 96
268.26, 96
268.27, 96
268.27, 96
268.27, 96
268.35, 96
268.39, 96
268.39, 96
268.39, 96
268.69, 96
268.72, 96
270.14, 96
270.14, 96
270.20, 96
270.20, 96
270.32, 96
270.66, 96
272.16, 96
272.47, 96
272.47, 96
272.83, 96
273.04, 96
273.38, 96
273.38, 96
273.38, 96
273.59, 96
273.74, 96
273.77, 96
273.78, 96
274.24, 96
274.24, 96
274.81, 96
275.39, 96
275.39, 96
275.43, 96
275.50, 96
275.50, 96
275.50, 96
275.50, 96
276.27, 96
276.28, 96
276.74, 96
276.74, 96
276.86, 96
277.97, 96
278.03, 96
278.04, 96
278.11, 96
278.57, 96
278.57, 96
278.82, 96
278.83, 96
278.83, 96
278.83, 96
279.62, 96
279.62, 96
279.62, 96
279.62, 96
279.62, 96
279.67, 96
279.67, 96
279.67, 96
280.85, 96
280.85, 96
281.08, 96
281.08, 96
281.92, 96
281.92, 96
281.92, 96
282.14, 96
282.73, 96
283.04, 96
283.04, 96
283.04, 96
283.60, 96
284.16, 96
284.19, 96
284.19, 96
284.43, 96
285.11, 96
285.12, 96
285.20, 96
285.63, 96
286.08, 96
286.18, 96
286.40, 96
287.00, 96
287.14, 96
287.76, 96
287.76, 96
287.76, 96
288.38, 96
288.48, 96
289.01, 96
289.01, 96
291.83, 96
292.42, 96
292.42, 96
292.42, 96
294.68, 96
294.68, 96
295.31, 96
296.43, 96
296.44, 96
296.85, 96
296.92, 96
296.93, 96
299.44, 96
300.61, 96
301.12, 96
301.35, 96
301.73, 96
302.05, 96
302.23, 96
302.23, 96
302.23, 96
302.23, 96
302.50, 96
302.77, 96
303.63, 96
304.44, 96
304.44, 96
304.44, 96
304.68, 96
305.26, 96
306.87, 96
306.97, 96
306.97, 96
307.73, 96
307.74, 96
307.74, 96
307.74, 96
307.74, 96
307.92, 96
307.93, 96
308.25, 96
308.25, 96
308.48, 96
309.36, 96
309.74, 96
311.58, 96
311.72, 96
313.04, 96
313.04, 96
313.04, 96
313.04, 96
313.21, 96
313.22, 96
313.28, 96
313.28, 96
313.28, 96
313.52, 96
314.10, 96
315.21, 96
315.39, 96
315.76, 96
317.39, 96
318.28, 96
318.75, 96
318.75, 96
318.89, 96
319.49, 96
320.08, 96
320.96, 96
322.29, 96
322.33, 96
322.33, 96
323.28, 96
323.36, 96
323.36, 96
323.85, 96
323.85, 96
323.85, 96
323.85, 96
323.85, 96
323.85, 96
323.85, 96
325.76, 96
325.76, 96
325.79, 96
326.20, 96
326.56, 96
326.56, 96
326.84, 96
326.84, 96
326.84, 96
326.84, 96
327.08, 96
327.66, 96
328.27, 96
328.32, 96
328.32, 96
328.32, 96
328.34, 96
328.34, 96
328.34, 96
329.51, 96
329.88, 96
329.89, 96
331.07, 96
331.79, 96
332.46, 96
332.46, 96
332.46, 96
332.58, 96
332.58, 96
333.07, 96
333.87, 96
333.87, 96
333.87, 96
333.87, 96
333.87, 96
334.13, 96
334.32, 96
334.91, 96
335.00, 96
335.10, 96
335.47, 96
336.19, 96
336.19, 96
336.56, 96
336.69, 96
337.89, 96
337.89, 96
338.47, 96
339.08, 96
339.77, 96
339.77, 96
339.83, 96
339.84, 96
340.23, 96
340.85, 96
340.85, 96
340.86, 96
341.18, 96
341.28, 96
341.28, 96
341.28, 96
342.37, 96
342.37, 96
342.37, 96
342.54, 96
342.64, 96
342.64, 96
342.65, 96
342.65, 96
342.65, 96
342.65, 96
342.65, 96
342.65, 96
342.66, 96
342.66, 96
343.52, 96
343.57, 96
343.77, 96
343.77, 96
343.97, 96
344.05, 96
344.99, 96
345.75, 96
345.78, 96
345.78, 96
346.09, 96
346.10, 96
347.42, 96
347.50, 96
347.50, 96
347.75, 96
348.20, 96
348.84, 96
349.42, 96
350.20, 96
352.16, 96
352.59, 96
354.38, 96
355.11, 96
356.25, 96
356.87, 96
356.88, 96
357.03, 96
357.29, 96
357.38, 96
358.35, 96
358.35, 96
358.35, 96
358.41, 96
358.77, 96
358.77, 96
358.89, 96
359.10, 96
359.82, 96
360.60, 96
360.61, 96
361.31, 96
361.75, 96
362.01, 96
362.02, 96
362.02, 96
362.02, 96
362.06, 96
362.06, 96
362.06, 96
362.06, 96
362.06, 96
362.06, 96
362.06, 96
362.69, 96
362.77, 96
362.85, 96
363.37, 96
363.37, 96
363.87, 96
363.87, 96
363.87, 96
364.91, 96
365.88, 96
365.88, 96
366.00, 96
366.00, 96
366.01, 96
366.94, 96
367.22, 96
367.48, 96
367.48, 96
368.13, 96
368.13, 96
368.14, 96
368.14, 96
368.30, 96
368.83, 96
368.83, 96
368.83, 96
369.13, 96
369.14, 96
369.15, 96
369.15, 96
369.25, 96
369.25, 96
369.25, 96
370.14, 96
370.97, 96
370.97, 96
371.53, 96
371.96, 96
371.96, 96
371.96, 96
371.96, 96
372.81, 96
372.81, 96
373.08, 96
373.61, 96
373.61, 96
373.61, 96
374.24, 96
374.24, 96
375.22, 96
375.22, 96
375.22, 96
375.23, 96
376.53, 96
376.71, 96
376.71, 96
377.60, 96
378.85, 96
379.13, 96
379.13, 96
379.13, 96
379.55, 96
380.29, 96
380.43, 96
380.71, 96
380.83, 96
380.83, 96
380.91, 96
381.08, 96
381.08, 96
381.26, 96
381.26, 96
381.88, 96
381.88, 96
382.02, 96
382.02, 96
382.11, 96
382.33, 96
382.71, 96
382.82, 96
382.82, 96
382.82, 96
382.82, 96
382.89, 96
383.10, 96
383.10, 96
383.47, 96
383.74, 96
385.72, 96
385.72, 96
385.78, 96
386.01, 96
386.01, 96
386.28, 96
386.52, 96
386.83, 96
386.94, 96
386.98, 96
387.74, 96
387.99, 96
387.99, 96
388.07, 96
388.07, 96
388.81, 96
389.03, 96
389.03, 96
389.04, 96
389.04, 96
389.04, 96
389.04, 96
389.08, 96
389.13, 96
389.27, 96
389.94, 96
390.19, 96
390.20, 96
390.20, 96
390.20, 96
390.20, 96
390.20, 96
390.23, 96
393.13, 96
393.13, 96
393.13, 96
393.13, 96
393.13, 96
393.39, 96
393.39, 96
393.39, 96
393.43, 96
393.43, 96
393.79, 96
394.19, 96
394.19, 96
394.44, 96
394.44, 96
394.44, 96
394.58, 96
394.75, 96
394.75, 96
394.76, 96
395.43, 96
397.18, 96
397.25, 96
397.79, 96
397.79, 96
398.46, 96
399.79, 96
400.02, 96
400.17, 96
400.80, 96
400.85, 96
400.86, 96
400.97, 96
400.97, 96
401.78, 96
401.78, 96
401.78, 96
402.70, 96
402.70, 96
403.76, 96
403.76, 96
403.76, 96
403.76, 96
403.76, 96
403.98, 96
403.98, 96
404.29, 96
404.53, 96
404.53, 96
404.53, 96
406.90, 96
407.53, 96
407.54, 96
407.54, 96
407.54, 96
407.54, 96
407.83, 96
407.83, 96
407.89, 96
408.04, 96
408.22, 96
408.57, 96
408.57, 96
408.57, 96
408.96, 96
409.38, 96
410.64, 96
410.64, 96
411.70, 96
412.58, 96
412.83, 96
413.53, 96
413.53, 96
413.89, 96
415.22, 96
415.22, 96
415.22, 96
415.28, 96
415.28, 96
415.28, 96
415.28, 96
415.28, 96
415.28, 96
415.28, 96
415.29, 96
415.29, 96
415.29, 96
415.55, 96
415.56, 96
415.56, 96
415.91, 96
416.30, 96
416.51, 96
416.84, 96
417.12, 96
417.12, 96
417.18, 96
417.83, 96
419.43, 96
419.61, 96
420.25, 96
420.25, 96
420.25, 96
420.25, 96
420.97, 96
420.97, 96
420.97, 96
420.97, 96
421.90, 96
421.90, 96
421.90, 96
421.95, 96
421.95, 96
421.95, 96
421.96, 96
421.98, 96
421.98, 96
422.19, 96
422.30, 96
422.30, 96
422.31, 96
422.44, 96
422.58, 96
423.55, 96
424.14, 96
424.44, 96
425.12, 96
425.13, 96
425.31, 96
425.40, 96
425.40, 96
426.41, 96
426.49, 96
426.49, 96
427.19, 96
428.75, 96
429.44, 96
429.44, 96
429.52, 96
430.38, 96
430.38, 96
430.38, 96
431.00, 96
431.00, 96
431.14, 96
431.14, 96
431.27, 96
431.27, 96
431.83, 96
431.83, 96
431.83, 96
431.83, 96
431.83, 96
431.85, 96
431.85, 96
432.20, 96
432.20, 96
432.73, 96
433.90, 96
434.40, 96
434.98, 96
435.14, 96
435.14, 96
435.80, 96
435.93, 96
435.93, 96
435.93, 96
435.93, 96
436.04, 96
436.04, 96
436.13, 96
436.15, 96
436.79, 96
436.81, 96
436.81, 96
436.86, 96
436.86, 96
436.95, 96
436.95, 96
437.83, 96
438.18, 96
438.61, 96
438.83, 96
439.29, 96
439.29, 96
439.36, 96
439.36, 96
439.38, 96
439.38, 96
439.57, 96
440.22, 96
441.58, 96
441.79, 96
441.79, 96
441.80, 96
441.98, 96
443.34, 96
443.84, 96
443.90, 96
443.90, 96
443.90, 96
443.92, 96
444.06, 96
444.20, 96
444.20, 96
444.36, 96
444.46, 96
444.88, 96
444.99, 96
445.00, 96
445.00, 96
445.00, 96
445.00, 96
445.00, 96
445.16, 96
445.47, 96
445.47, 96
445.47, 96
446.30, 96
446.96, 96
447.01, 96
447.08, 96
447.76, 96
448.55, 96
448.58, 96
448.96, 96
448.99, 96
448.99, 96
449.15, 96
449.15, 96
449.77, 96
449.99, 96
450.24, 96
451.36, 96
451.40, 96
451.47, 96
451.47, 96
451.93, 96
452.40, 96
452.40, 96
452.88, 96
452.88, 96
452.88, 96
452.88, 96
452.88, 96
452.88, 96
452.88, 96
452.88, 96
452.88, 96
453.15, 96
453.27, 96
453.38, 96
453.38, 96
454.15, 96
455.24, 96
455.24, 96
455.25, 96
455.25, 96
455.40, 96
455.93, 96
456.11, 96
456.12, 96
456.33, 96
456.33, 96
456.70, 96
457.58, 96
457.89, 96
457.90, 96
458.20, 96
458.20, 96
458.66, 96
458.66, 96
458.66, 96
458.66, 96
458.81, 96
458.81, 96
458.81, 96
458.81, 96
458.87, 96
459.08, 96
459.08, 96
459.09, 96
459.09, 96
460.08, 96
460.21, 96
460.21, 96
460.79, 96
460.79, 96
460.91, 96
460.91, 96
460.91, 96
460.91, 96
460.91, 96
462.60, 96
462.60, 96
462.64, 96
463.06, 96
463.06, 96
463.51, 96
463.51, 96
463.86, 96
464.21, 96
465.39, 96
466.15, 96
466.15, 96
467.60, 96
467.60, 96
467.80, 96
467.80, 96
468.02, 96
468.24, 96
468.24, 96
468.67, 96
468.76, 96
468.76, 96
468.76, 96
468.76, 96
468.95, 96
469.11, 96
469.63, 96
469.63, 96
469.63, 96
469.63, 96
469.88, 96
470.06, 96
470.37, 96
470.37, 96
471.18, 96
471.59, 96
472.52, 96
472.67, 96
472.67, 96
473.32, 96
473.50, 96
473.50, 96
473.50, 96
473.77, 96
474.68, 96
474.68, 96
474.68, 96
474.68, 96
474.68, 96
475.84, 96
476.27, 96
476.53, 96
476.53, 96
476.56, 96
477.77, 96
477.78, 96
477.78, 96
477.83, 96
479.87, 96
479.88, 96
479.88, 96
480.02, 96
480.52, 96
480.52, 96
480.53, 96
480.61, 96
480.93, 96
480.94, 96
480.94, 96
481.04, 96
481.07, 96
481.20, 96
481.63, 96
481.88, 96
481.88, 96
482.29, 96
482.90, 96
483.13, 96
483.38, 96
483.43, 96
484.04, 96
484.16, 96
484.16, 96
484.17, 96
484.38, 96
485.58, 96
485.58, 96
486.17, 96
486.18, 96
486.18, 96
486.18, 96
486.18, 96
486.18, 96
486.96, 96
487.64, 96
487.64, 96
488.96, 96
488.96, 96
488.96, 96
489.14, 96
489.24, 96
489.66, 96
491.19, 96
491.20, 96
491.72, 96
491.82, 96
492.45, 96
492.45, 96
492.92, 96
494.27, 96
494.27, 96
494.32, 96
494.44, 96
494.44, 96
494.44, 96
494.45, 96
494.45, 96
494.57, 96
494.73, 96
494.99, 96
495.11, 96
495.81, 96
495.82, 96
496.37, 96
496.63, 96
496.70, 96
496.70, 96
496.86, 96
497.40, 96
497.63, 96
497.84, 96
498.02, 96
498.02, 96
498.88, 96
498.88, 96
498.88, 96
498.88, 96
499.06, 96
499.36, 96
499.36, 96
500.06, 96
500.06, 96
500.40, 96
500.41, 96
501.49, 96
501.49, 96
501.90, 96
502.64, 96
502.64, 96
503.33, 96
503.33, 96
503.67, 96
503.69, 96
503.69, 96
503.75, 96
503.86, 96
505.48, 96
505.48, 96
505.49, 96
505.91, 96
506.27, 96
506.48, 96
506.51, 96
506.55, 96
506.55, 96
506.88, 96
506.98, 96
507.18, 96
507.67, 96
507.85, 96
507.85, 96
508.20, 96
508.46, 96
508.46, 96
508.51, 96
509.93, 96
509.93, 96
509.93, 96
510.07, 96
510.07, 96
510.78, 96
511.04, 96
511.13, 96
511.14, 96
512.30, 96
512.37, 96
512.64, 96
514.38, 96
515.11, 96
515.36, 96
515.36, 96
515.36, 96
515.43, 96
515.43, 96
515.64, 96
515.64, 96
515.64, 96
515.64, 96
515.67, 96
515.67, 96
515.88, 96
515.89, 96
515.99, 96
516.50, 96
517.36, 96
517.38, 96
517.43, 96
517.43, 96
517.98, 96
518.32, 96
518.32, 96
518.73, 96
518.73, 96
518.75, 96
520.68, 96
520.68, 96
520.68, 96
521.48, 96
521.81, 96
522.24, 96
522.42, 96
522.62, 96
522.62, 96
522.77, 96
522.95, 96
523.17, 96
523.17, 96
523.61, 96
523.61, 96
523.61, 96
523.73, 96
523.73, 96
524.07, 96
524.27, 96
524.32, 96
524.32, 96
524.58, 96
524.65, 96
524.70, 96
524.70, 96
524.70, 96
524.70, 96
524.71, 96
524.71, 96
525.37, 96
525.89, 96
525.89, 96
525.96, 96
525.96, 96
525.96, 96
526.20, 96
526.70, 96
527.66, 96
529.71, 96
529.80, 96
530.39, 96
530.88, 96
530.95, 96
534.26, 96
534.26, 96
534.54, 96
535.70, 96
535.70, 96
535.77, 96
536.11, 96
536.24, 96
536.56, 96
536.56, 96
536.56, 96
536.56, 96
537.16, 96
537.62, 96
537.62, 96
537.62, 96
537.88, 96
537.88, 96
538.01, 96
538.02, 96
538.02, 96
538.25, 96
539.07, 96
539.24, 96
539.24, 96
539.67, 96
539.67, 96
540.37, 96
540.37, 96
540.58, 96
540.65, 96
540.66, 96
541.31, 96
541.40, 96
541.41, 96
541.74, 96
541.74, 96
541.74, 96
541.74, 96
541.87, 96
541.90, 96
542.26, 96
542.35, 96
542.35, 96
542.35, 96
542.35, 96
542.38, 96
542.39, 96
542.40, 96
542.40, 96
542.87, 96
543.11, 96
543.23, 96
543.23, 96
543.32, 96
543.93, 96
544.10, 96
544.11, 96
544.11, 96
544.56, 96
544.56, 96
544.83, 96
544.84, 96
544.97, 96
544.97, 96
544.98, 96
544.98, 96
545.03, 96
545.10, 96
545.10, 96
545.46, 96
545.65, 96
546.56, 96
546.90, 96
547.46, 96
547.46, 96
547.50, 96
547.50, 96
547.71, 96
547.71, 96
547.72, 96
547.76, 96
549.39, 96
549.66, 96
549.79, 96
549.85, 96
550.01, 96
551.11, 96
552.33, 96
553.48, 96
553.48, 96
554.09, 96
554.09, 96
554.09, 96
554.12, 96
554.12, 96
554.16, 96
554.23, 96
554.23, 96
554.87, 96
555.14, 96
555.14, 96
555.14, 96
555.61, 96
555.61, 96
556.48, 96
556.48, 96
556.48, 96
556.48, 96
556.54, 96
556.73, 96
556.74, 96
556.80, 96
557.36, 96
557.36, 96
557.36, 96
557.37, 96
557.52, 96
558.77, 96
558.83, 96
559.59, 96
560.06, 96
560.31, 96
560.60, 96
560.89, 96
560.89, 96
560.94, 96
560.94, 96
560.94, 96
561.96, 96
562.05, 96
562.51, 96
562.60, 96
562.60, 96
562.96, 96
562.96, 96
563.14, 96
563.47, 96
563.71, 96
563.71, 96
564.49, 96
564.49, 96
564.55, 96
564.66, 96
564.66, 96
564.91, 96
565.85, 96
565.88, 96
565.88, 96
565.88, 96
566.50, 96
567.77, 96
568.54, 96
569.13, 96
569.69, 96
569.69, 96
569.96, 96
570.02, 96
570.02, 96
570.63, 96
570.63, 96
571.05, 96
571.56, 96
571.79, 96
571.79, 96
573.33, 96
574.15, 96
574.28, 96
575.03, 96
575.27, 96
576.08, 96
576.08, 96
576.26, 96
576.26, 96
576.28, 96
576.28, 96
577.17, 96
577.17, 96
577.38, 96
577.80, 96
577.80, 96
577.80, 96
578.21, 96
578.22, 96
578.32, 96
579.24, 96
579.24, 96
579.40, 96
579.96, 96
581.47, 96
581.66, 96
581.66, 96
581.81, 96
581.91, 96
581.91, 96
581.99, 96
581.99, 96
581.99, 96
582.16, 96
582.84, 96
583.18, 96
583.18, 96
583.97, 96
583.98, 96
584.09, 96
584.55, 96
584.55, 96
584.56, 96
584.56, 96
585.03, 96
585.09, 96
585.30, 96
585.31, 96
587.54, 96
588.27, 96
588.27, 96
588.27, 96
588.27, 96
589.36, 96
589.36, 96
589.40, 96
589.40, 96
589.40, 96
589.41, 96
589.41, 96
589.41, 96
589.47, 96
589.87, 96
591.06, 96
591.20, 96
591.20, 96
591.20, 96
591.71, 96
592.01, 96
592.01, 96
592.01, 96
592.01, 96
592.90, 96
592.90, 96
595.31, 96
595.31, 96
595.72, 96
595.85, 96
595.85, 96
596.01, 96
596.01, 96
596.12, 96
596.12, 96
596.27, 96
596.27, 96
596.27, 96
596.27, 96
596.27, 96
597.13, 96
597.13, 96
597.44, 96
597.44, 96
597.44, 96
597.44, 96
597.45, 96
597.45, 96
597.80, 96
597.80, 96
598.85, 96
599.76, 96
599.76, 96
599.82, 96
