0.00, 102
0.01, 99
0.01, 99
0.01, 99
0.01, 99
0.01, 98
0.01, 98
0.01, 98
0.02, 98
0.02, 98
0.02, 97
0.04, 97
0.04, 97
0.06, 97
0.09, 97
0.09, 97
0.12, 97
0.12, 97
0.12, 97
0.27, 97
0.28, 97
0.35, 97
0.36, 97
0.36, 97
0.37, 97
0.43, 97
0.43, 97
0.43, 97
0.51, 97
0.51, 97
0.52, 97
0.58, 97
0.62, 97
0.62, 97
0.67, 97
0.68, 97
0.68, 97
0.69, 97
0.69, 97
0.69, 97
0.69, 97
0.69, 97
0.75, 97
0.75, 97
0.75, 97
0.75, 96
1.50, 96
2.54, 96
2.63, 96
2.70, 96
2.70, 96
3.74, 96
6.03, 96
6.23, 96
6.85, 96
6.90, 96
7.03, 96
7.03, 96
7.40, 96
8.19, 96
8.22, 96
8.22, 96
8.38, 96
8.39, 96
9.69, 96
9.99, 96
9.99, 96
10.23, 96
11.01, 96
12.34, 96
12.46, 96
13.82, 96
13.82, 96
14.10, 96
14.10, 96
14.61, 96
14.79, 96
14.79, 96
15.21, 96
15.21, 96
15.63, 96
15.63, 96
15.63, 96
16.06, 96
16.15, 96
16.18, 96
16.22, 96
16.24, 96
17.25, 96
17.25, 96
17.32, 96
17.32, 96
17.48, 96
17.49, 96
17.68, 96
17.68, 96
17.68, 96
17.93, 96
17.93, 96
18.51, 96
18.51, 96
18.51, 96
18.52, 96
18.52, 96
18.52, 96
18.52, 96
19.42, 96
19.42, 96
19.42, 96
19.99, 96
20.19, 96
20.20, 96
20.20, 96
20.74, 96
21.79, 96
22.36, 96
22.36, 96
22.94, 96
25.22, 96
25.22, 96
25.39, 96
25.46, 96
25.46, 96
25.46, 96
25.95, 96
26.04, 96
26.35, 96
26.81, 96
27.09, 96
27.09, 96
27.28, 96
27.38, 96
27.45, 96
27.50, 96
27.54, 96
27.54, 96
27.62, 96
29.24, 96
29.51, 96
29.52, 96
29.52, 96
30.40, 96
31.59, 96
31.64, 96
31.65, 96
31.65, 96
31.65, 96
31.86, 96
32.17, 96
32.41, 96
32.41, 96
32.42, 96
32.81, 96
32.81, 96
32.96, 96
34.67, 96
34.76, 96
35.22, 96
35.22, 96
35.36, 96
35.95, 96
35.95, 96
35.95, 96
36.13, 96
36.29, 96
36.33, 96
37.18, 96
37.18, 96
37.18, 96
37.18, 96
37.18, 96
37.23, 96
38.26, 96
38.92, 96
38.92, 96
39.19, 96
39.30, 96
40.49, 96
40.49, 96
40.50, 96
40.50, 96
40.50, 96
40.55, 96
40.90, 96
40.96, 96
41.58, 96
41.58, 96
41.67, 96
42.32, 96
42.51, 96
42.51, 96
42.62, 96
42.79, 96
44.38, 96
45.31, 96
45.31, 96
45.45, 96
45.47, 96
45.53, 96
45.53, 96
46.09, 96
46.15, 96
46.15, 96
46.25, 96
46.25, 96
46.25, 96
46.30, 96
46.30, 96
46.31, 96
46.53, 96
46.55, 96
46.55, 96
46.78, 96
46.78, 96
47.26, 96
47.40, 96
47.80, 96
48.50, 96
48.53, 96
49.64, 96
51.02, 96
51.02, 96
51.31, 96
51.44, 96
52.05, 96
52.98, 96
52.98, 96
52.98, 96
53.28, 96
53.28, 96
53.46, 96
53.46, 96
53.46, 96
53.97, 96
53.98, 96
54.67, 96
54.70, 96
54.72, 96
55.29, 96
55.29, 96
55.42, 96
55.42, 96
56.45, 96
56.81, 96
56.81, 96
56.82, 96
56.82, 96
56.86, 96
56.99, 96
57.03, 96
57.03, 96
57.26, 96
57.26, 96
57.26, 96
57.26, 96
57.26, 96
57.26, 96
57.75, 96
57.76, 96
57.76, 96
58.51, 96
58.51, 96
59.13, 96
59.13, 96
59.80, 96
59.90, 96
59.90, 96
60.00, 96
60.00, 96
60.00, 96
60.00, 96
60.48, 96
60.48, 96
60.82, 96
60.82, 96
61.12, 96
61.12, 96
62.09, 96
62.09, 96
62.09, 96
62.09, 96
62.09, 96
62.34, 96
62.34, 96
63.36, 96
63.36, 96
63.79, 96
64.08, 96
64.08, 96
64.91, 96
65.18, 96
65.18, 96
65.54, 96
65.93, 96
67.12, 96
67.45, 96
67.45, 96
67.95, 96
68.10, 96
68.47, 96
68.47, 96
68.82, 96
69.38, 96
69.39, 96
69.39, 96
69.68, 96
70.46, 96
72.50, 96
72.57, 96
72.57, 96
73.04, 96
73.04, 96
73.38, 96
73.52, 96
73.52, 96
73.83, 96
74.29, 96
74.29, 96
74.29, 96
74.29, 96
75.45, 96
75.60, 96
75.98, 96
77.06, 96
77.49, 96
77.94, 96
78.40, 96
78.40, 96
78.70, 96
79.34, 96
79.34, 96
79.57, 96
79.57, 96
80.49, 96
80.49, 96
81.05, 96
81.15, 96
81.18, 96
81.18, 96
81.18, 96
81.30, 96
81.62, 96
82.38, 96
82.38, 96
82.38, 96
82.50, 96
82.50, 96
82.50, 96
82.50, 96
82.50, 96
82.50, 96
82.62, 96
82.62, 96
84.35, 96
84.35, 96
84.35, 96
84.35, 96
85.12, 96
85.39, 96
85.52, 96
86.41, 96
86.41, 96
86.72, 96
86.84, 96
87.10, 96
87.16, 96
87.29, 96
87.29, 96
87.68, 96
88.01, 96
88.22, 96
88.33, 96
88.54, 96
88.54, 96
89.37, 96
89.37, 96
89.38, 96
91.06, 96
91.06, 96
91.09, 96
91.87, 96
91.87, 96
91.87, 96
92.27, 96
92.71, 96
93.42, 96
93.42, 96
94.01, 96
95.40, 96
96.38, 96
96.38, 96
96.66, 96
97.06, 96
97.06, 96
99.31, 96
99.33, 96
99.33, 96
99.76, 96
100.03, 96
100.03, 96
100.03, 96
100.04, 96
100.11, 96
100.18, 96
100.18, 96
100.18, 96
101.84, 96
101.84, 96
102.02, 96
102.02, 96
102.02, 96
102.59, 96
103.16, 96
103.16, 96
103.24, 96
103.29, 96
103.29, 96
103.29, 96
103.29, 96
103.90, 96
105.83, 96
105.83, 96
106.49, 96
106.49, 96
106.50, 96
106.54, 96
106.54, 96
106.54, 96
106.61, 96
106.61, 96
106.91, 96
107.33, 96
107.43, 96
108.12, 96
108.26, 96
108.26, 96
108.26, 96
108.26, 96
108.26, 96
108.87, 96
108.87, 96
108.87, 96
108.87, 96
108.88, 96
109.32, 96
109.32, 96
110.70, 96
110.70, 96
111.54, 96
111.54, 96
111.76, 96
112.05, 96
113.59, 96
114.53, 96
114.53, 96
114.53, 96
114.53, 96
114.53, 96
114.53, 96
116.00, 96
116.00, 96
116.00, 96
116.25, 96
116.25, 96
116.25, 96
116.25, 96
116.38, 96
116.62, 96
116.62, 96
116.62, 96
116.62, 96
116.62, 96
116.62, 96
117.17, 96
117.17, 96
118.83, 96
118.83, 96
118.83, 96
120.23, 96
120.46, 96
120.69, 96
121.13, 96
121.13, 96
121.13, 96
121.26, 96
121.26, 96
121.26, 96
121.26, 96
121.29, 96
121.29, 96
121.82, 96
122.06, 96
122.41, 96
122.44, 96
122.44, 96
123.01, 96
123.25, 96
123.83, 96
124.22, 96
124.58, 96
124.64, 96
124.64, 96
124.64, 96
124.65, 96
125.03, 96
125.35, 96
125.36, 96
125.37, 96
125.37, 96
125.37, 96
125.37, 96
125.64, 96
125.65, 96
125.68, 96
125.74, 96
125.74, 96
125.75, 96
126.15, 96
126.59, 96
126.59, 96
126.88, 96
127.63, 96
127.63, 96
128.42, 96
128.54, 96
128.54, 96
128.68, 96
128.83, 96
128.84, 96
128.84, 96
129.74, 96
129.95, 96
130.61, 96
130.61, 96
130.84, 96
131.60, 96
131.60, 96
131.66, 96
132.08, 96
132.24, 96
132.24, 96
132.65, 96
132.65, 96
133.25, 96
133.25, 96
133.79, 96
134.27, 96
134.27, 96
134.27, 96
134.27, 96
135.70, 96
135.70, 96
136.18, 96
136.70, 96
137.23, 96
137.28, 96
137.28, 96
137.36, 96
137.51, 96
138.24, 96
138.94, 96
139.34, 96
139.34, 96
139.58, 96
140.43, 96
141.45, 96
141.45, 96
142.37, 96
142.67, 96
142.87, 96
143.27, 96
143.84, 96
143.85, 96
144.37, 96
144.78, 96
144.79, 96
144.87, 96
145.99, 96
146.08, 96
146.08, 96
146.71, 96
147.06, 96
147.06, 96
147.06, 96
147.18, 96
147.19, 96
147.27, 96
147.30, 96
147.30, 96
147.30, 96
147.79, 96
147.79, 96
148.49, 96
148.49, 96
148.66, 96
148.66, 96
148.66, 96
148.66, 96
149.27, 96
149.27, 96
149.28, 96
149.33, 96
149.36, 96
150.02, 96
150.02, 96
150.02, 96
150.02, 96
150.02, 96
150.04, 96
150.17, 96
150.17, 96
150.18, 96
150.18, 96
150.35, 96
150.93, 96
151.81, 96
151.81, 96
152.38, 96
152.39, 96
152.82, 96
152.82, 96
152.82, 96
152.86, 96
152.86, 96
152.86, 96
153.03, 96
153.29, 96
153.38, 96
154.03, 96
154.03, 96
154.16, 96
154.63, 96
154.75, 96
154.91, 96
155.63, 96
156.11, 96
156.36, 96
157.22, 96
157.29, 96
157.29, 96
157.62, 96
157.62, 96
157.62, 96
157.72, 96
157.83, 96
157.83, 96
157.95, 96
158.11, 96
158.11, 96
158.11, 96
158.12, 96
159.14, 96
159.14, 96
159.14, 96
159.18, 96
159.18, 96
159.18, 96
159.18, 96
160.88, 96
160.95, 96
160.95, 96
161.20, 96
162.42, 96
162.57, 96
162.81, 96
164.27, 96
164.54, 96
164.64, 96
165.31, 96
165.36, 96
165.36, 96
165.46, 96
166.59, 96
166.60, 96
166.86, 96
167.01, 96
167.99, 96
168.36, 96
168.36, 96
168.63, 96
168.99, 96
169.66, 96
169.66, 96
169.66, 96
169.67, 96
170.08, 96
170.08, 96
170.08, 96
170.08, 96
170.58, 96
171.05, 96
171.07, 96
171.07, 96
172.05, 96
172.26, 96
172.45, 96
172.72, 96
172.73, 96
172.73, 96
173.23, 96
173.23, 96
173.23, 96
173.88, 96
174.16, 96
174.17, 96
174.62, 96
174.90, 96
176.48, 96
176.53, 96
176.53, 96
176.79, 96
177.05, 96
177.73, 96
178.48, 96
178.48, 96
178.48, 96
178.48, 96
178.53, 96
178.53, 96
178.91, 96
179.46, 96
179.72, 96
180.42, 96
180.43, 96
181.05, 96
181.09, 96
181.62, 96
182.03, 96
182.03, 96
182.29, 96
182.29, 96
182.29, 96
182.80, 96
182.80, 96
182.90, 96
183.18, 96
183.62, 96
183.62, 96
183.62, 96
183.62, 96
183.67, 96
184.00, 96
184.26, 96
184.27, 96
184.41, 96
184.93, 96
184.94, 96
184.94, 96
184.94, 96
184.94, 96
185.51, 96
185.51, 96
185.64, 96
185.77, 96
185.78, 96
186.29, 96
186.29, 96
186.41, 96
186.41, 96
186.41, 96
186.41, 96
186.41, 96
186.69, 96
187.06, 96
187.06, 96
187.06, 96
187.07, 96
187.11, 96
187.38, 96
187.62, 96
188.14, 96
188.32, 96
188.50, 96
188.50, 96
188.66, 96
188.67, 96
188.67, 96
188.84, 96
188.84, 96
188.84, 96
188.91, 96
188.92, 96
189.08, 96
189.67, 96
189.67, 96
189.67, 96
189.67, 96
189.86, 96
189.86, 96
192.33, 96
192.33, 96
192.53, 96
193.43, 96
193.43, 96
193.43, 96
193.65, 96
193.65, 96
193.73, 96
193.76, 96
193.95, 96
193.95, 96
193.95, 96
193.95, 96
194.07, 96
194.07, 96
194.32, 96
195.03, 96
195.03, 96
196.00, 96
196.00, 96
196.46, 96
197.25, 96
197.44, 96
197.62, 96
197.62, 96
197.98, 96
197.99, 96
197.99, 96
198.02, 96
198.02, 96
198.02, 96
198.69, 96
198.69, 96
199.09, 96
200.25, 96
200.32, 96
200.32, 96
200.33, 96
200.33, 96
201.47, 96
201.88, 96
202.34, 96
202.34, 96
202.43, 96
202.43, 96
202.43, 96
203.38, 96
205.44, 96
205.44, 96
205.44, 96
205.44, 96
205.75, 96
205.76, 96
206.37, 96
206.69, 96
206.87, 96
207.07, 96
208.73, 96
208.73, 96
209.61, 96
209.94, 96
209.94, 96
209.94, 96
209.95, 96
210.05, 96
210.07, 96
210.43, 96
210.43, 96
210.43, 96
210.43, 96
210.43, 96
210.49, 96
210.49, 96
210.50, 96
210.77, 96
210.78, 96
210.78, 96
211.10, 96
211.59, 96
211.59, 96
212.27, 96
212.27, 96
212.27, 96
212.27, 96
212.39, 96
212.39, 96
212.39, 96
212.48, 96
212.48, 96
212.48, 96
212.48, 96
212.48, 96
212.91, 96
212.91, 96
212.91, 96
213.06, 96
213.06, 96
213.66, 96
213.86, 96
213.86, 96
213.86, 96
213.86, 96
214.08, 96
214.08, 96
214.09, 96
214.09, 96
215.55, 96
215.79, 96
215.80, 96
215.83, 96
215.83, 96
216.23, 96
216.83, 96
216.84, 96
216.85, 96
216.85, 96
216.85, 96
216.97, 96
216.97, 96
217.02, 96
217.27, 96
217.27, 96
217.47, 96
217.47, 96
217.47, 96
217.89, 96
218.31, 96
218.31, 96
218.46, 96
218.51, 96
218.55, 96
218.55, 96
218.55, 96
218.62, 96
218.62, 96
218.93, 96
218.93, 96
219.63, 96
219.63, 96
219.71, 96
220.20, 96
220.75, 96
220.79, 96
221.28, 96
221.28, 96
221.33, 96
222.13, 96
222.63, 96
222.88, 96
223.22, 96
223.42, 96
223.42, 96
224.80, 96
225.72, 96
226.09, 96
226.15, 96
226.15, 96
226.15, 96
226.30, 96
226.30, 96
226.67, 96
227.34, 96
227.63, 96
227.63, 96
228.12, 96
229.13, 96
229.13, 96
229.68, 96
229.68, 96
229.69, 96
229.75, 96
229.80, 96
230.06, 96
230.73, 96
231.36, 96
231.87, 96
232.33, 96
232.34, 96
232.37, 96
232.37, 96
232.88, 96
232.91, 96
232.91, 96
232.94, 96
233.22, 96
233.22, 96
233.34, 96
235.15, 96
235.34, 96
235.59, 96
235.89, 96
237.02, 96
237.02, 96
237.02, 96
237.94, 96
237.94, 96
237.94, 96
237.94, 96
237.95, 96
238.60, 96
238.73, 96
238.75, 96
241.06, 96
241.07, 96
241.24, 96
241.24, 96
241.41, 96
241.44, 96
241.95, 96
242.49, 96
242.49, 96
242.49, 96
243.75, 96
243.79, 96
243.79, 96
244.83, 96
244.83, 96
244.87, 96
245.06, 96
245.07, 96
245.57, 96
245.57, 96
245.57, 96
245.70, 96
246.04, 96
246.04, 96
247.20, 96
247.20, 96
247.24, 96
247.65, 96
247.94, 96
247.94, 96
248.00, 96
248.00, 96
248.46, 96
248.46, 96
248.46, 96
248.46, 96
248.46, 96
248.46, 96
248.60, 96
248.98, 96
249.66, 96
249.99, 96
249.99, 96
250.36, 96
250.70, 96
250.73, 96
251.09, 96
251.09, 96
251.17, 96
251.48, 96
252.10, 96
252.43, 96
252.44, 96
252.44, 96
252.99, 96
253.35, 96
253.54, 96
253.86, 96
253.86, 96
253.86, 96
253.87, 96
254.18, 96
254.29, 96
254.38, 96
254.38, 96
254.38, 96
254.74, 96
254.74, 96
254.75, 96
254.75, 96
254.75, 96
254.99, 96
254.99, 96
255.96, 96
255.96, 96
256.30, 96
256.33, 96
256.33, 96
256.42, 96
256.42, 96
256.49, 96
256.66, 96
257.56, 96
257.74, 96
258.24, 96
258.45, 96
258.70, 96
259.99, 96
259.99, 96
259.99, 96
259.99, 96
260.91, 96
260.91, 96
261.34, 96
261.47, 96
261.66, 96
262.25, 96
262.25, 96
262.25, 96
262.72, 96
264.16, 96
265.15, 96
265.30, 96
265.62, 96
265.62, 96
265.62, 96
265.95, 96
266.87, 96
266.97, 96
267.43, 96
267.86, 96
270.20, 96
270.82, 96
270.82, 96
270.82, 96
270.82, 96
270.82, 96
270.82, 96
270.83, 96
270.93, 96
271.00, 96
271.00, 96
271.00, 96
271.39, 96
271.44, 96
273.04, 96
273.05, 96
273.12, 96
273.12, 96
273.26, 96
273.70, 96
275.71, 96
276.10, 96
276.11, 96
276.58, 96
276.86, 96
277.24, 96
277.25, 96
277.25, 96
277.50, 96
277.68, 96
277.71, 96
277.73, 96
278.27, 96
278.27, 96
278.81, 96
279.28, 96
279.29, 96
279.33, 96
279.37, 96
279.37, 96
279.37, 96
279.37, 96
280.10, 96
280.10, 96
280.66, 96
280.66, 96
280.79, 96
281.91, 96
281.96, 96
281.97, 96
282.04, 96
282.53, 96
282.53, 96
282.77, 96
282.77, 96
282.77, 96
282.77, 96
283.51, 96
283.51, 96
283.51, 96
283.51, 96
283.51, 96
283.54, 96
283.54, 96
283.55, 96
284.67, 96
284.67, 96
284.88, 96
284.88, 96
285.82, 96
285.83, 96
285.83, 96
286.13, 96
286.93, 96
287.36, 96
287.37, 96
287.37, 96
288.17, 96
288.95, 96
288.98, 96
288.98, 96
289.28, 96
290.10, 96
290.10, 96
290.19, 96
290.83, 96
291.44, 96
291.59, 96
291.92, 96
292.68, 96
292.83, 96
293.46, 96
293.46, 96
293.46, 96
294.18, 96
294.31, 96
294.85, 96
294.85, 96
297.72, 96
298.30, 96
298.31, 96
298.31, 96
300.53, 96
300.53, 96
301.06, 96
302.19, 96
302.19, 96
302.64, 96
302.70, 96
302.71, 96
304.73, 96
305.79, 96
306.39, 96
306.59, 96
307.00, 96
307.32, 96
307.50, 96
307.50, 96
307.50, 96
307.50, 96
307.76, 96
308.01, 96
308.85, 96
309.64, 96
309.64, 96
309.64, 96
309.85, 96
310.35, 96
312.16, 96
312.26, 96
312.27, 96
312.99, 96
312.99, 96
312.99, 96
312.99, 96
312.99, 96
313.13, 96
313.13, 96
313.32, 96
313.32, 96
313.51, 96
314.16, 96
314.45, 96
315.78, 96
315.85, 96
316.85, 96
316.85, 96
316.86, 96
316.86, 96
316.99, 96
316.99, 96
317.03, 96
317.04, 96
317.04, 96
317.21, 96
317.70, 96
318.59, 96
318.68, 96
318.93, 96
320.07, 96
320.77, 96
321.18, 96
321.18, 96
321.26, 96
321.70, 96
322.13, 96
322.82, 96
323.81, 96
323.84, 96
323.84, 96
324.68, 96
324.76, 96
324.76, 96
325.28, 96
325.29, 96
325.29, 96
325.29, 96
325.29, 96
325.29, 96
325.29, 96
327.18, 96
327.18, 96
327.22, 96
327.58, 96
327.91, 96
327.91, 96
328.19, 96
328.19, 96
328.19, 96
328.19, 96
328.44, 96
329.04, 96
329.62, 96
329.68, 96
329.68, 96
329.68, 96
329.71, 96
329.72, 96
329.72, 96
330.98, 96
331.31, 96
331.32, 96
332.52, 96
333.24, 96
333.96, 96
333.96, 96
333.96, 96
334.08, 96
334.08, 96
334.59, 96
335.37, 96
335.38, 96
335.38, 96
335.38, 96
335.38, 96
335.69, 96
335.92, 96
336.45, 96
336.52, 96
336.55, 96
336.96, 96
337.67, 96
337.67, 96
338.06, 96
338.19, 96
339.28, 96
339.28, 96
339.68, 96
340.29, 96
340.97, 96
340.98, 96
341.05, 96
341.05, 96
341.44, 96
342.01, 96
342.01, 96
342.01, 96
342.36, 96
342.46, 96
342.46, 96
342.46, 96
343.63, 96
343.63, 96
343.63, 96
343.81, 96
343.92, 96
343.92, 96
343.92, 96
343.92, 96
343.92, 96
343.93, 96
343.93, 96
343.93, 96
343.93, 96
343.94, 96
344.79, 96
344.84, 96
345.06, 96
345.06, 96
345.27, 96
345.34, 96
346.35, 96
347.38, 96
347.42, 96
347.42, 96
347.82, 96
347.82, 96
349.18, 96
349.25, 96
349.26, 96
349.51, 96
349.95, 96
350.58, 96
351.22, 96
351.93, 96
353.94, 96
354.42, 96
356.31, 96
356.96, 96
357.98, 96
358.64, 96
358.64, 96
358.83, 96
359.07, 96
359.16, 96
360.22, 96
360.22, 96
360.22, 96
360.28, 96
360.67, 96
360.67, 96
360.82, 96
361.07, 96
361.69, 96
362.53, 96
362.56, 96
363.34, 96
363.79, 96
364.08, 96
364.08, 96
364.08, 96
364.08, 96
364.16, 96
364.17, 96
364.17, 96
364.17, 96
364.17, 96
364.17, 96
364.17, 96
364.81, 96
364.91, 96
364.99, 96
365.49, 96
365.49, 96
366.07, 96
366.07, 96
366.07, 96
367.03, 96
368.03, 96
368.03, 96
368.14, 96
368.14, 96
368.15, 96
369.01, 96
369.30, 96
369.56, 96
369.56, 96
370.22, 96
370.23, 96
370.23, 96
370.23, 96
370.40, 96
370.98, 96
370.98, 96
370.98, 96
371.32, 96
371.33, 96
371.35, 96
371.35, 96
371.44, 96
371.44, 96
371.44, 96
372.24, 96
373.12, 96
373.12, 96
373.63, 96
374.05, 96
374.05, 96
374.05, 96
374.05, 96
374.96, 96
374.96, 96
375.22, 96
375.80, 96
375.80, 96
375.80, 96
376.52, 96
376.52, 96
377.36, 96
377.36, 96
377.36, 96
377.36, 96
378.67, 96
378.87, 96
378.87, 96
379.78, 96
381.12, 96
381.39, 96
381.39, 96
381.39, 96
381.76, 96
382.42, 96
382.56, 96
382.84, 96
382.96, 96
382.96, 96
383.03, 96
383.20, 96
383.20, 96
383.39, 96
383.39, 96
384.02, 96
384.02, 96
384.22, 96
384.22, 96
384.31, 96
384.55, 96
384.92, 96
385.02, 96
385.02, 96
385.02, 96
385.02, 96
385.09, 96
385.29, 96
385.29, 96
385.66, 96
386.00, 96
387.87, 96
387.87, 96
387.94, 96
388.20, 96
388.20, 96
388.45, 96
388.72, 96
389.03, 96
389.15, 96
389.18, 96
389.97, 96
390.24, 96
390.24, 96
390.32, 96
390.32, 96
391.15, 96
391.38, 96
391.38, 96
391.38, 96
391.38, 96
391.38, 96
391.38, 96
391.41, 96
391.46, 96
391.59, 96
392.19, 96
392.44, 96
392.44, 96
392.44, 96
392.44, 96
392.44, 96
392.44, 96
392.46, 96
395.37, 96
395.38, 96
395.38, 96
395.38, 96
395.38, 96
395.62, 96
395.62, 96
395.62, 96
395.67, 96
395.67, 96
396.11, 96
396.53, 96
396.53, 96
396.73, 96
396.73, 96
396.73, 96
396.87, 96
396.99, 96
396.99, 96
397.00, 96
397.59, 96
399.35, 96
399.42, 96
399.96, 96
399.96, 96
400.64, 96
401.92, 96
402.13, 96
402.25, 96
402.85, 96
402.91, 96
402.91, 96
403.02, 96
403.03, 96
403.80, 96
403.80, 96
403.80, 96
404.75, 96
404.75, 96
405.85, 96
405.85, 96
405.86, 96
405.86, 96
405.86, 96
406.14, 96
406.14, 96
406.46, 96
406.66, 96
406.66, 96
406.66, 96
408.97, 96
409.60, 96
409.60, 96
409.60, 96
409.60, 96
409.61, 96
409.88, 96
409.88, 96
409.93, 96
410.03, 96
410.22, 96
410.56, 96
410.56, 96
410.56, 96
411.02, 96
411.45, 96
412.66, 96
412.66, 96
413.59, 96
414.54, 96
414.79, 96
415.42, 96
415.42, 96
415.82, 96
417.15, 96
417.15, 96
417.15, 96
417.21, 96
417.21, 96
417.21, 96
417.21, 96
417.21, 96
417.21, 96
417.21, 96
417.22, 96
417.22, 96
417.22, 96
417.47, 96
417.48, 96
417.48, 96
417.88, 96
418.29, 96
418.51, 96
418.87, 96
419.13, 96
419.13, 96
419.19, 96
419.85, 96
421.59, 96
421.78, 96
422.43, 96
422.43, 96
422.44, 96
422.44, 96
423.16, 96
423.16, 96
423.16, 96
423.16, 96
424.05, 96
424.05, 96
424.05, 96
424.16, 96
424.17, 96
424.17, 96
424.17, 96
424.20, 96
424.20, 96
424.36, 96
424.48, 96
424.48, 96
424.48, 96
424.63, 96
424.75, 96
425.71, 96
426.37, 96
426.67, 96
427.31, 96
427.31, 96
427.48, 96
427.58, 96
427.58, 96
428.59, 96
428.66, 96
428.66, 96
429.38, 96
431.05, 96
431.82, 96
431.82, 96
431.90, 96
432.75, 96
432.76, 96
432.76, 96
433.43, 96
433.43, 96
433.56, 96
433.56, 96
433.68, 96
433.68, 96
434.24, 96
434.24, 96
434.24, 96
434.24, 96
434.24, 96
434.25, 96
434.25, 96
434.58, 96
434.58, 96
435.12, 96
436.39, 96
436.87, 96
437.47, 96
437.60, 96
437.60, 96
438.28, 96
438.43, 96
438.43, 96
438.43, 96
438.43, 96
438.54, 96
438.54, 96
438.64, 96
438.66, 96
439.29, 96
439.29, 96
439.29, 96
439.35, 96
439.35, 96
439.44, 96
439.44, 96
440.28, 96
440.63, 96
441.17, 96
441.38, 96
441.82, 96
441.82, 96
441.89, 96
441.90, 96
441.91, 96
441.92, 96
442.11, 96
442.71, 96
444.01, 96
444.27, 96
444.27, 96
444.27, 96
444.44, 96
445.81, 96
446.35, 96
446.40, 96
446.40, 96
446.40, 96
446.41, 96
446.57, 96
446.70, 96
446.70, 96
446.85, 96
446.94, 96
447.36, 96
447.48, 96
447.48, 96
447.48, 96
447.48, 96
447.48, 96
447.48, 96
447.59, 96
447.90, 96
447.90, 96
447.90, 96
448.71, 96
449.35, 96
449.41, 96
449.47, 96
450.22, 96
451.12, 96
451.15, 96
451.50, 96
451.53, 96
451.53, 96
451.68, 96
451.68, 96
452.30, 96
452.51, 96
452.77, 96
453.95, 96
453.99, 96
454.06, 96
454.06, 96
454.58, 96
455.08, 96
455.08, 96
455.57, 96
455.57, 96
455.57, 96
455.57, 96
455.57, 96
455.57, 96
455.57, 96
455.57, 96
455.57, 96
455.86, 96
456.00, 96
456.13, 96
456.13, 96
456.86, 96
457.82, 96
457.82, 96
457.83, 96
457.83, 96
457.99, 96
458.50, 96
458.70, 96
458.70, 96
458.90, 96
458.90, 96
459.27, 96
460.15, 96
460.47, 96
460.47, 96
460.83, 96
460.83, 96
461.36, 96
461.36, 96
461.37, 96
461.37, 96
461.52, 96
461.52, 96
461.52, 96
461.52, 96
461.57, 96
461.78, 96
461.78, 96
461.78, 96
461.78, 96
462.65, 96
462.80, 96
462.80, 96
463.37, 96
463.37, 96
463.48, 96
463.48, 96
463.48, 96
463.49, 96
463.49, 96
465.24, 96
465.24, 96
465.28, 96
465.72, 96
465.72, 96
466.24, 96
466.24, 96
466.58, 96
466.97, 96
468.00, 96
468.76, 96
468.76, 96
470.15, 96
470.15, 96
470.37, 96
470.37, 96
470.61, 96
470.88, 96
470.88, 96
471.36, 96
471.44, 96
471.44, 96
471.44, 96
471.44, 96
471.62, 96
471.77, 96
472.23, 96
472.23, 96
472.23, 96
472.24, 96
472.45, 96
472.64, 96
472.97, 96
472.97, 96
473.87, 96
474.36, 96
475.26, 96
475.43, 96
475.43, 96
476.18, 96
476.36, 96
476.36, 96
476.36, 96
476.60, 96
477.49, 96
477.49, 96
477.49, 96
477.49, 96
477.49, 96
478.57, 96
479.02, 96
479.30, 96
479.30, 96
479.33, 96
480.63, 96
480.63, 96
480.63, 96
480.68, 96
482.77, 96
482.77, 96
482.77, 96
482.92, 96
483.47, 96
483.47, 96
483.47, 96
483.54, 96
483.89, 96
483.89, 96
483.89, 96
483.98, 96
484.00, 96
484.18, 96
484.64, 96
484.88, 96
484.88, 96
485.27, 96
485.96, 96
486.21, 96
486.47, 96
486.52, 96
487.13, 96
487.26, 96
487.26, 96
487.27, 96
487.49, 96
488.55, 96
488.57, 96
489.22, 96
489.23, 96
489.23, 96
489.23, 96
489.23, 96
489.23, 96
490.02, 96
490.70, 96
490.71, 96
492.09, 96
492.09, 96
492.10, 96
492.27, 96
492.38, 96
492.76, 96
494.28, 96
494.29, 96
494.83, 96
494.91, 96
495.53, 96
495.53, 96
496.10, 96
497.52, 96
497.52, 96
497.56, 96
497.68, 96
497.68, 96
497.68, 96
497.68, 96
497.68, 96
497.79, 96
497.93, 96
498.18, 96
498.28, 96
498.98, 96
499.00, 96
499.56, 96
499.83, 96
499.92, 96
499.92, 96
500.09, 96
500.61, 96
500.89, 96
501.14, 96
501.34, 96
501.34, 96
502.24, 96
502.24, 96
502.24, 96
502.25, 96
502.43, 96
502.74, 96
502.74, 96
503.34, 96
503.34, 96
503.70, 96
503.70, 96
504.84, 96
504.84, 96
505.27, 96
506.19, 96
506.19, 96
506.87, 96
506.87, 96
507.23, 96
507.26, 96
507.26, 96
507.31, 96
507.41, 96
508.98, 96
508.98, 96
508.98, 96
509.37, 96
509.74, 96
509.93, 96
509.98, 96
510.01, 96
510.02, 96
510.33, 96
510.42, 96
510.64, 96
511.22, 96
511.41, 96
511.41, 96
511.75, 96
511.99, 96
511.99, 96
512.05, 96
513.44, 96
513.44, 96
513.44, 96
513.57, 96
513.57, 96
514.37, 96
514.62, 96
514.72, 96
514.73, 96
515.93, 96
516.04, 96
516.35, 96
518.20, 96
518.85, 96
519.08, 96
519.08, 96
519.08, 96
519.16, 96
519.16, 96
519.39, 96
519.39, 96
519.40, 96
519.40, 96
519.42, 96
519.42, 96
519.66, 96
519.66, 96
519.75, 96
520.31, 96
521.26, 96
521.30, 96
521.36, 96
521.36, 96
521.95, 96
522.32, 96
522.32, 96
522.70, 96
522.70, 96
522.73, 96
524.66, 96
524.67, 96
524.67, 96
525.45, 96
525.77, 96
526.22, 96
526.41, 96
526.64, 96
526.64, 96
526.81, 96
526.99, 96
527.19, 96
527.19, 96
527.65, 96
527.65, 96
527.65, 96
527.79, 96
527.79, 96
528.15, 96
528.32, 96
528.36, 96
528.36, 96
528.59, 96
528.65, 96
528.70, 96
528.70, 96
528.70, 96
528.70, 96
528.71, 96
528.71, 96
529.30, 96
529.84, 96
529.84, 96
529.91, 96
529.91, 96
529.91, 96
530.15, 96
530.66, 96
531.62, 96
533.57, 96
533.64, 96
534.26, 96
534.76, 96
534.84, 96
538.18, 96
538.18, 96
538.40, 96
539.47, 96
539.47, 96
539.54, 96
539.89, 96
540.03, 96
540.37, 96
540.37, 96
540.37, 96
540.37, 96
541.00, 96
541.45, 96
541.46, 96
541.46, 96
541.76, 96
541.76, 96
541.89, 96
541.89, 96
541.89, 96
542.15, 96
543.03, 96
543.21, 96
543.21, 96
543.60, 96
543.60, 96
544.32, 96
544.32, 96
544.52, 96
544.59, 96
544.59, 96
545.27, 96
545.37, 96
545.37, 96
545.73, 96
545.74, 96
545.74, 96
545.74, 96
545.87, 96
545.91, 96
546.25, 96
546.33, 96
546.33, 96
546.33, 96
546.33, 96
546.38, 96
546.39, 96
546.39, 96
546.39, 96
546.86, 96
547.10, 96
547.20, 96
547.20, 96
547.32, 96
547.93, 96
548.13, 96
548.13, 96
548.14, 96
548.54, 96
548.54, 96
548.77, 96
548.77, 96
548.87, 96
548.87, 96
548.89, 96
548.89, 96
548.93, 96
548.94, 96
548.94, 96
549.29, 96
549.49, 96
550.43, 96
550.76, 96
551.31, 96
551.31, 96
551.36, 96
551.36, 96
551.62, 96
551.62, 96
551.62, 96
551.67, 96
553.31, 96
553.56, 96
553.65, 96
553.70, 96
553.84, 96
554.96, 96
556.22, 96
557.36, 96
557.36, 96
557.99, 96
557.99, 96
557.99, 96
558.02, 96
558.02, 96
558.05, 96
558.11, 96
558.11, 96
558.71, 96
558.93, 96
558.93, 96
558.93, 96
559.38, 96
559.38, 96
560.30, 96
560.30, 96
560.30, 96
560.30, 96
560.37, 96
560.58, 96
560.58, 96
560.66, 96
561.21, 96
561.21, 96
561.21, 96
561.21, 96
561.38, 96
562.66, 96
562.71, 96
563.46, 96
563.91, 96
564.22, 96
564.48, 96
564.80, 96
564.81, 96
564.86, 96
564.86, 96
564.87, 96
565.91, 96
566.03, 96
566.53, 96
566.61, 96
566.61, 96
567.00, 96
567.00, 96
567.17, 96
567.48, 96
567.71, 96
567.71, 96
568.49, 96
568.49, 96
568.55, 96
568.64, 96
568.64, 96
568.86, 96
569.77, 96
569.81, 96
569.81, 96
569.81, 96
570.46, 96
571.88, 96
572.66, 96
573.25, 96
573.75, 96
573.75, 96
573.98, 96
574.04, 96
574.04, 96
574.74, 96
574.74, 96
575.16, 96
575.73, 96
575.99, 96
575.99, 96
577.63, 96
578.46, 96
578.62, 96
579.31, 96
579.56, 96
580.48, 96
580.48, 96
580.67, 96
580.67, 96
580.70, 96
580.70, 96
581.69, 96
581.69, 96
581.92, 96
582.38, 96
582.38, 96
582.39, 96
582.81, 96
582.82, 96
582.92, 96
583.84, 96
583.84, 96
584.01, 96
584.55, 96
586.24, 96
586.43, 96
586.43, 96
586.59, 96
586.69, 96
586.69, 96
586.76, 96
586.77, 96
586.77, 96
586.91, 96
587.66, 96
588.10, 96
588.10, 96
589.09, 96
589.09, 96
589.22, 96
589.69, 96
589.69, 96
589.69, 96
589.69, 96
590.11, 96
590.11, 96
590.30, 96
590.31, 96
592.59, 96
593.29, 96
593.29, 96
593.29, 96
593.29, 96
594.36, 96
594.36, 96
594.41, 96
594.41, 96
594.41, 96
594.43, 96
594.43, 96
594.43, 96
594.48, 96
594.83, 96
596.10, 96
596.28, 96
596.28, 96
596.28, 96
596.85, 96
597.16, 96
597.16, 96
597.16, 96
597.16, 96
598.09, 96
598.09, 96
