0.00, 102
0.00, 99
0.00, 99
0.01, 99
0.01, 99
0.01, 98
0.01, 98
0.01, 98
0.01, 98
0.02, 98
0.02, 97
0.03, 97
0.04, 97
0.05, 97
0.08, 97
0.08, 97
0.10, 97
0.11, 97
0.11, 97
0.25, 97
0.26, 97
0.31, 97
0.32, 97
0.34, 97
0.34, 97
0.40, 97
0.40, 97
0.40, 97
0.49, 97
0.49, 97
0.49, 97
0.55, 97
0.59, 97
0.59, 97
0.64, 97
0.64, 97
0.64, 97
0.64, 97
0.64, 97
0.64, 97
0.64, 97
0.64, 97
0.69, 97
0.70, 97
0.70, 97
0.70, 96
1.57, 96
2.65, 96
2.76, 96
2.86, 96
2.86, 96
4.03, 96
6.77, 96
6.98, 96
7.73, 96
7.79, 96
7.97, 96
7.98, 96
8.43, 96
9.30, 96
9.33, 96
9.33, 96
9.49, 96
9.49, 96
10.76, 96
11.03, 96
11.03, 96
11.24, 96
11.92, 96
13.10, 96
13.22, 96
15.12, 96
15.13, 96
15.55, 96
15.56, 96
16.19, 96
16.36, 96
16.36, 96
16.80, 96
16.80, 96
17.23, 96
17.24, 96
17.24, 96
17.63, 96
17.72, 96
17.74, 96
17.78, 96
17.80, 96
18.95, 96
18.95, 96
19.03, 96
19.03, 96
19.21, 96
19.21, 96
19.40, 96
19.40, 96
19.40, 96
19.65, 96
19.65, 96
20.30, 96
20.30, 96
20.30, 96
20.30, 96
20.31, 96
20.31, 96
20.31, 96
21.23, 96
21.23, 96
21.24, 96
21.92, 96
22.15, 96
22.16, 96
22.16, 96
22.68, 96
23.89, 96
24.54, 96
24.54, 96
25.19, 96
27.63, 96
27.63, 96
27.83, 96
27.90, 96
27.90, 96
27.90, 96
28.50, 96
28.63, 96
29.04, 96
29.60, 96
29.98, 96
29.99, 96
30.33, 96
30.48, 96
30.59, 96
30.65, 96
30.68, 96
30.68, 96
30.77, 96
32.81, 96
33.11, 96
33.11, 96
33.12, 96
34.35, 96
35.58, 96
35.63, 96
35.63, 96
35.63, 96
35.63, 96
35.86, 96
36.21, 96
36.46, 96
36.47, 96
36.47, 96
36.95, 96
36.96, 96
37.14, 96
39.15, 96
39.23, 96
39.91, 96
39.91, 96
40.05, 96
40.59, 96
40.59, 96
40.59, 96
40.84, 96
41.02, 96
41.07, 96
41.95, 96
41.95, 96
41.95, 96
41.95, 96
41.95, 96
42.01, 96
43.53, 96
44.36, 96
44.36, 96
44.64, 96
44.79, 96
46.14, 96
46.14, 96
46.14, 96
46.14, 96
46.14, 96
46.20, 96
46.57, 96
46.66, 96
47.37, 96
47.37, 96
47.45, 96
48.36, 96
48.58, 96
48.58, 96
48.71, 96
48.96, 96
50.86, 96
51.88, 96
51.88, 96
52.04, 96
52.06, 96
52.11, 96
52.11, 96
52.62, 96
52.68, 96
52.68, 96
52.79, 96
52.79, 96
52.79, 96
52.85, 96
52.85, 96
52.85, 96
53.09, 96
53.11, 96
53.11, 96
53.33, 96
53.33, 96
53.87, 96
54.01, 96
54.45, 96
55.22, 96
55.25, 96
56.45, 96
57.88, 96
57.88, 96
58.22, 96
58.39, 96
59.02, 96
60.05, 96
60.05, 96
60.05, 96
60.36, 96
60.36, 96
60.52, 96
60.53, 96
60.53, 96
61.09, 96
61.09, 96
61.83, 96
61.94, 96
62.00, 96
62.60, 96
62.60, 96
62.75, 96
62.75, 96
63.80, 96
64.18, 96
64.18, 96
64.18, 96
64.19, 96
64.22, 96
64.37, 96
64.42, 96
64.42, 96
64.68, 96
64.68, 96
64.68, 96
64.68, 96
64.68, 96
64.68, 96
65.20, 96
65.20, 96
65.20, 96
66.00, 96
66.01, 96
66.67, 96
66.67, 96
67.38, 96
67.48, 96
67.48, 96
67.61, 96
67.61, 96
67.61, 96
67.61, 96
68.11, 96
68.11, 96
68.46, 96
68.46, 96
68.77, 96
68.77, 96
69.74, 96
69.75, 96
69.75, 96
69.75, 96
69.75, 96
70.04, 96
70.05, 96
71.11, 96
71.11, 96
71.53, 96
71.83, 96
71.83, 96
72.61, 96
72.92, 96
72.92, 96
73.28, 96
73.60, 96
74.81, 96
75.17, 96
75.17, 96
75.65, 96
75.82, 96
76.25, 96
76.25, 96
76.54, 96
77.15, 96
77.15, 96
77.15, 96
77.48, 96
78.27, 96
80.32, 96
80.38, 96
80.38, 96
80.85, 96
80.85, 96
81.19, 96
81.34, 96
81.34, 96
81.66, 96
82.13, 96
82.13, 96
82.13, 96
82.13, 96
83.50, 96
83.65, 96
84.00, 96
85.17, 96
85.70, 96
86.18, 96
86.67, 96
86.67, 96
87.00, 96
87.77, 96
87.77, 96
88.03, 96
88.03, 96
89.00, 96
89.00, 96
89.46, 96
89.60, 96
89.64, 96
89.64, 96
89.65, 96
89.89, 96
90.20, 96
91.04, 96
91.05, 96
91.05, 96
91.16, 96
91.16, 96
91.17, 96
91.17, 96
91.17, 96
91.18, 96
91.28, 96
91.28, 96
93.23, 96
93.24, 96
93.24, 96
93.24, 96
94.10, 96
94.38, 96
94.50, 96
95.38, 96
95.38, 96
95.73, 96
95.87, 96
96.15, 96
96.26, 96
96.42, 96
96.43, 96
96.86, 96
97.22, 96
97.41, 96
97.52, 96
97.76, 96
97.76, 96
98.74, 96
98.74, 96
98.77, 96
100.66, 96
100.66, 96
100.69, 96
101.58, 96
101.58, 96
101.58, 96
101.97, 96
102.41, 96
103.15, 96
103.15, 96
103.79, 96
105.23, 96
106.20, 96
106.20, 96
106.48, 96
106.98, 96
106.98, 96
109.45, 96
109.46, 96
109.46, 96
109.95, 96
110.25, 96
110.25, 96
110.26, 96
110.27, 96
110.34, 96
110.44, 96
110.44, 96
110.44, 96
112.08, 96
112.08, 96
112.28, 96
112.31, 96
112.31, 96
112.84, 96
113.50, 96
113.50, 96
113.61, 96
113.66, 96
113.66, 96
113.66, 96
113.66, 96
114.26, 96
116.32, 96
116.32, 96
117.03, 96
117.03, 96
117.04, 96
117.10, 96
117.10, 96
117.10, 96
117.19, 96
117.19, 96
117.49, 96
117.90, 96
118.01, 96
118.70, 96
118.84, 96
118.84, 96
118.84, 96
118.85, 96
118.85, 96
119.42, 96
119.42, 96
119.42, 96
119.42, 96
119.42, 96
119.92, 96
119.92, 96
121.32, 96
121.33, 96
122.18, 96
122.18, 96
122.53, 96
122.93, 96
124.69, 96
125.59, 96
125.59, 96
125.59, 96
125.59, 96
125.60, 96
125.60, 96
126.96, 96
126.97, 96
126.97, 96
127.23, 96
127.24, 96
127.24, 96
127.24, 96
127.37, 96
127.60, 96
127.61, 96
127.61, 96
127.61, 96
127.61, 96
127.61, 96
128.25, 96
128.26, 96
130.19, 96
130.19, 96
130.19, 96
131.79, 96
132.08, 96
132.30, 96
132.69, 96
132.69, 96
132.69, 96
132.88, 96
132.88, 96
132.89, 96
132.89, 96
132.92, 96
132.92, 96
133.60, 96
133.89, 96
134.23, 96
134.26, 96
134.26, 96
134.90, 96
135.15, 96
135.83, 96
136.21, 96
136.62, 96
136.69, 96
136.69, 96
136.69, 96
136.69, 96
137.08, 96
137.41, 96
137.43, 96
137.43, 96
137.43, 96
137.43, 96
137.44, 96
137.68, 96
137.68, 96
137.72, 96
137.77, 96
137.77, 96
137.78, 96
138.18, 96
138.58, 96
138.58, 96
138.88, 96
139.72, 96
139.72, 96
140.57, 96
140.68, 96
140.68, 96
140.84, 96
140.99, 96
141.00, 96
141.00, 96
141.93, 96
142.15, 96
142.83, 96
142.83, 96
143.03, 96
143.84, 96
143.84, 96
143.90, 96
144.38, 96
144.54, 96
144.54, 96
144.96, 96
144.96, 96
145.62, 96
145.62, 96
146.16, 96
146.64, 96
146.64, 96
146.64, 96
146.64, 96
148.15, 96
148.15, 96
148.59, 96
149.13, 96
149.71, 96
149.77, 96
149.77, 96
149.89, 96
150.04, 96
150.98, 96
151.72, 96
152.12, 96
152.12, 96
152.40, 96
153.32, 96
154.42, 96
154.42, 96
155.42, 96
155.79, 96
155.98, 96
156.38, 96
156.94, 96
156.95, 96
157.41, 96
157.86, 96
157.87, 96
157.96, 96
159.40, 96
159.53, 96
159.53, 96
160.26, 96
160.62, 96
160.62, 96
160.62, 96
160.73, 96
160.74, 96
160.84, 96
160.87, 96
160.87, 96
160.88, 96
161.42, 96
161.42, 96
162.17, 96
162.17, 96
162.37, 96
162.37, 96
162.37, 96
162.37, 96
163.01, 96
163.01, 96
163.01, 96
163.06, 96
163.09, 96
163.75, 96
163.75, 96
163.75, 96
163.75, 96
163.76, 96
163.78, 96
163.92, 96
163.92, 96
163.93, 96
163.93, 96
164.10, 96
164.64, 96
165.61, 96
165.61, 96
166.24, 96
166.24, 96
166.66, 96
166.66, 96
166.66, 96
166.70, 96
166.70, 96
166.70, 96
166.87, 96
167.12, 96
167.21, 96
167.81, 96
167.81, 96
167.89, 96
168.32, 96
168.44, 96
168.63, 96
169.37, 96
169.87, 96
170.16, 96
171.09, 96
171.16, 96
171.16, 96
171.51, 96
171.51, 96
171.51, 96
171.61, 96
171.72, 96
171.72, 96
171.86, 96
172.02, 96
172.02, 96
172.03, 96
172.04, 96
173.08, 96
173.08, 96
173.08, 96
173.11, 96
173.11, 96
173.11, 96
173.11, 96
174.83, 96
174.88, 96
174.88, 96
175.15, 96
176.40, 96
176.58, 96
176.82, 96
178.31, 96
178.58, 96
178.71, 96
179.41, 96
179.45, 96
179.45, 96
179.56, 96
180.67, 96
180.67, 96
180.93, 96
181.07, 96
182.05, 96
182.45, 96
182.45, 96
182.79, 96
183.18, 96
183.85, 96
183.85, 96
183.85, 96
183.86, 96
184.30, 96
184.30, 96
184.30, 96
184.30, 96
184.80, 96
185.21, 96
185.24, 96
185.24, 96
186.29, 96
186.50, 96
186.72, 96
186.97, 96
186.98, 96
186.98, 96
187.53, 96
187.53, 96
187.53, 96
188.16, 96
188.39, 96
188.39, 96
188.81, 96
189.09, 96
190.65, 96
190.69, 96
190.69, 96
190.98, 96
191.25, 96
191.91, 96
192.69, 96
192.69, 96
192.69, 96
192.69, 96
192.74, 96
192.74, 96
193.15, 96
193.77, 96
194.03, 96
194.77, 96
194.78, 96
195.29, 96
195.33, 96
195.89, 96
196.34, 96
196.34, 96
196.62, 96
196.62, 96
196.62, 96
197.16, 96
197.17, 96
197.26, 96
197.53, 96
197.96, 96
197.97, 96
197.97, 96
197.97, 96
198.02, 96
198.37, 96
198.60, 96
198.61, 96
198.74, 96
199.28, 96
199.28, 96
199.28, 96
199.28, 96
199.28, 96
199.87, 96
199.88, 96
200.00, 96
200.11, 96
200.12, 96
200.62, 96
200.63, 96
200.76, 96
200.76, 96
200.76, 96
200.77, 96
200.77, 96
201.08, 96
201.46, 96
201.46, 96
201.46, 96
201.46, 96
201.50, 96
201.78, 96
202.02, 96
202.56, 96
202.73, 96
202.94, 96
202.94, 96
203.09, 96
203.09, 96
203.09, 96
203.26, 96
203.26, 96
203.26, 96
203.32, 96
203.33, 96
203.51, 96
204.10, 96
204.10, 96
204.10, 96
204.10, 96
204.30, 96
204.30, 96
206.76, 96
206.76, 96
206.94, 96
207.80, 96
207.80, 96
207.80, 96
208.01, 96
208.01, 96
208.09, 96
208.11, 96
208.35, 96
208.36, 96
208.37, 96
208.37, 96
208.51, 96
208.51, 96
208.71, 96
209.41, 96
209.41, 96
210.40, 96
210.40, 96
210.87, 96
211.71, 96
211.92, 96
212.10, 96
212.10, 96
212.46, 96
212.46, 96
212.46, 96
212.48, 96
212.49, 96
212.49, 96
213.18, 96
213.18, 96
213.62, 96
214.89, 96
214.95, 96
214.95, 96
214.95, 96
214.95, 96
216.02, 96
216.44, 96
216.87, 96
216.87, 96
216.96, 96
216.96, 96
216.96, 96
217.95, 96
220.09, 96
220.09, 96
220.10, 96
220.10, 96
220.36, 96
220.36, 96
220.99, 96
221.29, 96
221.51, 96
221.72, 96
223.60, 96
223.60, 96
224.56, 96
224.89, 96
224.89, 96
224.89, 96
224.89, 96
225.02, 96
225.04, 96
225.41, 96
225.41, 96
225.41, 96
225.41, 96
225.41, 96
225.47, 96
225.47, 96
225.48, 96
225.76, 96
225.77, 96
225.78, 96
226.11, 96
226.63, 96
226.63, 96
227.44, 96
227.44, 96
227.44, 96
227.44, 96
227.54, 96
227.54, 96
227.54, 96
227.63, 96
227.63, 96
227.63, 96
227.63, 96
227.63, 96
228.04, 96
228.04, 96
228.04, 96
228.18, 96
228.18, 96
228.80, 96
228.97, 96
228.97, 96
228.97, 96
228.97, 96
229.21, 96
229.21, 96
229.21, 96
229.21, 96
230.68, 96
230.91, 96
230.91, 96
230.94, 96
230.94, 96
231.31, 96
231.87, 96
231.88, 96
231.88, 96
231.88, 96
231.88, 96
231.99, 96
231.99, 96
232.04, 96
232.29, 96
232.29, 96
232.50, 96
232.50, 96
232.50, 96
232.88, 96
233.40, 96
233.41, 96
233.58, 96
233.62, 96
233.66, 96
233.66, 96
233.66, 96
233.75, 96
233.75, 96
234.10, 96
234.10, 96
234.84, 96
234.84, 96
234.90, 96
235.40, 96
235.88, 96
235.92, 96
236.41, 96
236.41, 96
236.46, 96
237.26, 96
237.78, 96
238.04, 96
238.38, 96
238.60, 96
238.60, 96
240.01, 96
240.91, 96
241.23, 96
241.29, 96
241.29, 96
241.29, 96
241.45, 96
241.45, 96
241.84, 96
242.53, 96
242.86, 96
242.87, 96
243.41, 96
244.56, 96
244.56, 96
245.29, 96
245.29, 96
245.30, 96
245.43, 96
245.48, 96
245.87, 96
246.58, 96
247.22, 96
247.78, 96
248.26, 96
248.26, 96
248.30, 96
248.30, 96
248.88, 96
248.92, 96
248.92, 96
248.95, 96
249.25, 96
249.25, 96
249.37, 96
251.26, 96
251.44, 96
251.64, 96
251.92, 96
253.04, 96
253.04, 96
253.05, 96
254.09, 96
254.09, 96
254.09, 96
254.09, 96
254.12, 96
254.84, 96
254.98, 96
254.99, 96
257.30, 96
257.30, 96
257.50, 96
257.50, 96
257.67, 96
257.70, 96
258.24, 96
258.92, 96
258.92, 96
258.92, 96
260.33, 96
260.36, 96
260.36, 96
261.33, 96
261.33, 96
261.37, 96
261.55, 96
261.57, 96
262.07, 96
262.07, 96
262.07, 96
262.18, 96
262.48, 96
262.48, 96
263.80, 96
263.80, 96
263.84, 96
264.27, 96
264.59, 96
264.59, 96
264.65, 96
264.65, 96
265.16, 96
265.16, 96
265.16, 96
265.16, 96
265.16, 96
265.17, 96
265.32, 96
265.62, 96
266.44, 96
266.94, 96
266.94, 96
267.58, 96
268.12, 96
268.20, 96
268.72, 96
268.72, 96
268.90, 96
269.68, 96
270.61, 96
270.98, 96
270.98, 96
270.98, 96
271.63, 96
272.09, 96
272.30, 96
272.65, 96
272.66, 96
272.66, 96
272.66, 96
272.90, 96
273.00, 96
273.12, 96
273.12, 96
273.12, 96
273.58, 96
273.58, 96
273.58, 96
273.58, 96
273.58, 96
273.91, 96
273.91, 96
275.14, 96
275.15, 96
275.51, 96
275.55, 96
275.55, 96
275.63, 96
275.63, 96
275.71, 96
275.90, 96
276.81, 96
277.02, 96
277.57, 96
277.79, 96
278.07, 96
279.72, 96
279.72, 96
279.72, 96
279.72, 96
280.63, 96
280.63, 96
281.05, 96
281.18, 96
281.40, 96
281.99, 96
281.99, 96
281.99, 96
282.51, 96
283.95, 96
284.93, 96
285.09, 96
285.34, 96
285.34, 96
285.34, 96
285.57, 96
286.30, 96
286.38, 96
286.71, 96
287.06, 96
288.99, 96
289.43, 96
289.43, 96
289.43, 96
289.43, 96
289.43, 96
289.43, 96
289.43, 96
289.51, 96
289.56, 96
289.56, 96
289.56, 96
289.88, 96
289.94, 96
291.18, 96
291.18, 96
291.23, 96
291.23, 96
291.35, 96
291.73, 96
293.54, 96
293.93, 96
293.93, 96
294.39, 96
294.69, 96
295.09, 96
295.11, 96
295.11, 96
295.38, 96
295.61, 96
295.65, 96
295.67, 96
296.26, 96
296.26, 96
296.94, 96
297.61, 96
297.61, 96
297.69, 96
297.77, 96
297.77, 96
297.78, 96
297.78, 96
298.79, 96
298.80, 96
299.48, 96
299.49, 96
299.65, 96
301.16, 96
301.25, 96
301.26, 96
301.39, 96
302.07, 96
302.07, 96
302.39, 96
302.39, 96
302.39, 96
302.39, 96
303.39, 96
303.40, 96
303.41, 96
303.41, 96
303.41, 96
303.46, 96
303.46, 96
303.46, 96
304.95, 96
304.96, 96
305.21, 96
305.21, 96
306.24, 96
306.24, 96
306.25, 96
306.49, 96
307.12, 96
307.44, 96
307.44, 96
307.44, 96
308.00, 96
308.67, 96
308.69, 96
308.70, 96
308.93, 96
309.54, 96
309.54, 96
309.60, 96
310.08, 96
310.56, 96
310.66, 96
310.91, 96
311.47, 96
311.59, 96
312.05, 96
312.05, 96
312.05, 96
312.54, 96
312.60, 96
313.01, 96
313.01, 96
315.93, 96
316.59, 96
316.60, 96
316.60, 96
318.99, 96
319.01, 96
319.64, 96
320.86, 96
320.86, 96
321.40, 96
321.50, 96
321.50, 96
324.89, 96
326.29, 96
327.04, 96
327.35, 96
327.94, 96
328.43, 96
328.67, 96
328.67, 96
328.67, 96
328.68, 96
328.97, 96
329.25, 96
330.38, 96
331.33, 96
331.33, 96
331.33, 96
331.53, 96
332.10, 96
334.10, 96
334.20, 96
334.20, 96
334.93, 96
334.93, 96
334.93, 96
334.93, 96
334.93, 96
335.07, 96
335.08, 96
335.26, 96
335.26, 96
335.43, 96
336.10, 96
336.41, 96
337.77, 96
337.84, 96
339.28, 96
339.28, 96
339.29, 96
339.29, 96
339.54, 96
339.54, 96
339.60, 96
339.60, 96
339.60, 96
339.89, 96
340.51, 96
341.90, 96
342.02, 96
342.31, 96
343.77, 96
344.50, 96
344.87, 96
344.87, 96
344.98, 96
345.68, 96
346.63, 96
348.24, 96
350.61, 96
350.77, 96
350.78, 96
352.33, 96
352.45, 96
352.46, 96
353.36, 96
353.36, 96
353.37, 96
353.37, 96
353.37, 96
353.37, 96
353.37, 96
357.45, 96
357.51, 96
357.88, 96
358.92, 96
359.53, 96
359.53, 96
360.02, 96
360.02, 96
360.02, 96
360.02, 96
360.37, 96
361.16, 96
362.00, 96
362.06, 96
362.06, 96
362.06, 96
362.08, 96
362.08, 96
362.08, 96
363.52, 96
363.91, 96
363.92, 96
365.33, 96
366.34, 96
367.18, 96
367.18, 96
367.18, 96
367.32, 96
367.32, 96
367.89, 96
369.00, 96
369.01, 96
369.01, 96
369.01, 96
369.01, 96
369.38, 96
369.59, 96
370.19, 96
370.29, 96
370.33, 96
370.74, 96
371.56, 96
371.56, 96
372.00, 96
372.15, 96
373.54, 96
373.55, 96
374.19, 96
375.13, 96
375.92, 96
375.92, 96
375.98, 96
375.98, 96
376.44, 96
377.09, 96
377.09, 96
377.09, 96
377.46, 96
377.58, 96
377.58, 96
377.58, 96
378.96, 96
378.96, 96
378.96, 96
379.14, 96
379.26, 96
379.27, 96
379.27, 96
379.27, 96
379.27, 96
379.27, 96
379.27, 96
379.27, 96
379.28, 96
379.28, 96
380.25, 96
380.31, 96
380.53, 96
380.53, 96
380.76, 96
380.85, 96
381.83, 96
382.68, 96
382.73, 96
382.73, 96
383.05, 96
383.05, 96
384.58, 96
384.67, 96
384.68, 96
384.95, 96
385.48, 96
386.22, 96
386.86, 96
387.75, 96
390.09, 96
390.74, 96
392.84, 96
393.54, 96
394.76, 96
395.52, 96
395.53, 96
395.78, 96
396.13, 96
396.29, 96
397.90, 96
397.95, 96
397.95, 96
398.04, 96
398.77, 96
398.78, 96
399.07, 96
399.50, 96
400.48, 96
401.70, 96
401.70, 96
402.90, 96
403.61, 96
403.96, 96
403.96, 96
403.96, 96
403.96, 96
404.03, 96
404.03, 96
404.03, 96
404.03, 96
404.04, 96
404.04, 96
404.04, 96
404.75, 96
404.87, 96
404.95, 96
405.47, 96
405.47, 96
406.01, 96
406.01, 96
406.01, 96
407.13, 96
408.75, 96
408.75, 96
409.02, 96
409.02, 96
409.04, 96
410.70, 96
411.10, 96
411.43, 96
411.43, 96
412.18, 96
412.18, 96
412.18, 96
412.18, 96
412.36, 96
412.90, 96
412.90, 96
412.90, 96
413.22, 96
413.23, 96
413.25, 96
413.25, 96
413.34, 96
413.34, 96
413.34, 96
414.20, 96
415.09, 96
415.10, 96
415.71, 96
416.18, 96
416.18, 96
416.18, 96
416.18, 96
417.07, 96
417.07, 96
417.36, 96
417.94, 96
417.94, 96
417.94, 96
418.62, 96
418.63, 96
419.49, 96
419.50, 96
419.50, 96
419.51, 96
421.04, 96
421.26, 96
421.27, 96
422.18, 96
423.55, 96
423.84, 96
423.84, 96
423.84, 96
424.22, 96
424.99, 96
425.13, 96
425.46, 96
425.59, 96
425.59, 96
425.67, 96
425.84, 96
425.85, 96
426.04, 96
426.04, 96
426.69, 96
426.69, 96
426.83, 96
426.83, 96
426.93, 96
427.19, 96
427.68, 96
427.79, 96
427.79, 96
427.79, 96
427.79, 96
427.86, 96
428.09, 96
428.10, 96
428.53, 96
428.88, 96
430.96, 96
430.96, 96
431.04, 96
431.30, 96
431.30, 96
431.58, 96
431.85, 96
432.23, 96
432.37, 96
432.41, 96
433.29, 96
433.65, 96
433.66, 96
433.77, 96
433.77, 96
434.75, 96
435.02, 96
435.02, 96
435.02, 96
435.02, 96
435.02, 96
435.02, 96
435.08, 96
435.15, 96
435.31, 96
436.05, 96
436.36, 96
436.37, 96
436.37, 96
436.37, 96
436.37, 96
436.37, 96
436.40, 96
440.33, 96
440.33, 96
440.33, 96
440.33, 96
440.33, 96
440.63, 96
440.63, 96
440.63, 96
440.69, 96
440.69, 96
441.10, 96
441.53, 96
441.53, 96
441.75, 96
441.75, 96
441.75, 96
441.87, 96
442.01, 96
442.02, 96
442.03, 96
442.72, 96
444.73, 96
444.80, 96
445.34, 96
445.34, 96
446.03, 96
447.37, 96
447.61, 96
447.77, 96
448.47, 96
448.54, 96
448.54, 96
448.68, 96
448.68, 96
449.58, 96
449.58, 96
449.58, 96
450.56, 96
450.56, 96
451.62, 96
451.62, 96
451.62, 96
451.62, 96
451.63, 96
451.87, 96
451.87, 96
452.20, 96
452.41, 96
452.41, 96
452.42, 96
455.21, 96
455.96, 96
455.96, 96
455.96, 96
455.96, 96
455.96, 96
456.32, 96
456.33, 96
456.39, 96
456.57, 96
456.82, 96
457.23, 96
457.23, 96
457.23, 96
457.83, 96
458.39, 96
459.96, 96
459.96, 96
461.04, 96
462.04, 96
462.37, 96
463.11, 96
463.11, 96
463.63, 96
465.10, 96
465.10, 96
465.10, 96
465.17, 96
465.17, 96
465.17, 96
465.18, 96
465.18, 96
465.18, 96
465.18, 96
465.19, 96
465.19, 96
465.19, 96
465.53, 96
465.53, 96
465.54, 96
465.97, 96
466.42, 96
466.65, 96
466.99, 96
467.27, 96
467.27, 96
467.34, 96
468.07, 96
469.94, 96
470.14, 96
470.87, 96
470.87, 96
470.88, 96
470.88, 96
471.72, 96
471.72, 96
471.73, 96
471.73, 96
472.76, 96
472.77, 96
472.77, 96
472.83, 96
472.83, 96
472.83, 96
472.83, 96
472.86, 96
472.86, 96
473.06, 96
473.20, 96
473.21, 96
473.21, 96
473.39, 96
473.56, 96
474.63, 96
475.44, 96
475.83, 96
476.65, 96
476.65, 96
476.84, 96
476.95, 96
476.95, 96
477.98, 96
478.05, 96
478.05, 96
478.92, 96
480.57, 96
481.61, 96
481.61, 96
481.72, 96
482.70, 96
482.70, 96
482.70, 96
483.43, 96
483.43, 96
483.60, 96
483.62, 96
483.78, 96
483.78, 96
484.35, 96
484.35, 96
484.36, 96
484.36, 96
484.36, 96
484.38, 96
484.38, 96
484.74, 96
484.74, 96
485.29, 96
486.51, 96
487.01, 96
487.60, 96
487.74, 96
487.74, 96
488.41, 96
488.61, 96
488.62, 96
488.62, 96
488.62, 96
488.75, 96
488.75, 96
488.84, 96
488.86, 96
489.53, 96
489.53, 96
489.53, 96
489.58, 96
489.58, 96
489.68, 96
489.68, 96
490.89, 96
491.53, 96
492.12, 96
492.36, 96
492.84, 96
492.85, 96
492.92, 96
492.92, 96
492.94, 96
492.94, 96
493.15, 96
493.90, 96
495.30, 96
495.49, 96
495.49, 96
495.49, 96
495.66, 96
497.04, 96
497.55, 96
497.60, 96
497.60, 96
497.60, 96
497.61, 96
497.79, 96
497.94, 96
497.94, 96
498.14, 96
498.27, 96
498.89, 96
499.04, 96
499.04, 96
499.04, 96
499.04, 96
499.04, 96
499.04, 96
499.16, 96
499.55, 96
499.55, 96
499.55, 96
500.44, 96
501.15, 96
501.21, 96
501.27, 96
502.07, 96
502.91, 96
502.95, 96
503.36, 96
503.39, 96
503.39, 96
503.60, 96
503.60, 96
504.33, 96
504.52, 96
504.78, 96
505.96, 96
506.00, 96
506.06, 96
506.06, 96
506.58, 96
507.09, 96
507.09, 96
507.59, 96
507.59, 96
507.59, 96
507.59, 96
507.60, 96
507.60, 96
507.60, 96
507.60, 96
507.60, 96
507.85, 96
507.96, 96
508.07, 96
508.07, 96
509.05, 96
510.12, 96
510.12, 96
510.14, 96
510.14, 96
510.33, 96
510.87, 96
511.07, 96
511.07, 96
511.32, 96
511.33, 96
511.72, 96
512.67, 96
513.00, 96
513.00, 96
513.39, 96
513.39, 96
513.98, 96
513.98, 96
513.98, 96
513.98, 96
514.13, 96
514.13, 96
514.13, 96
514.13, 96
514.18, 96
514.41, 96
514.41, 96
514.41, 96
514.41, 96
515.37, 96
515.52, 96
515.52, 96
516.10, 96
516.10, 96
516.21, 96
516.21, 96
516.21, 96
516.21, 96
516.22, 96
517.99, 96
517.99, 96
518.03, 96
518.53, 96
518.54, 96
519.07, 96
519.07, 96
519.43, 96
519.87, 96
520.99, 96
521.77, 96
521.77, 96
523.19, 96
523.19, 96
523.44, 96
523.45, 96
523.73, 96
524.09, 96
524.10, 96
524.62, 96
524.71, 96
524.71, 96
524.71, 96
524.71, 96
524.91, 96
525.05, 96
525.53, 96
525.53, 96
525.53, 96
525.53, 96
525.76, 96
525.94, 96
526.31, 96
526.31, 96
527.14, 96
527.56, 96
528.58, 96
528.79, 96
528.79, 96
529.44, 96
529.60, 96
529.60, 96
529.60, 96
529.89, 96
530.77, 96
530.77, 96
530.77, 96
530.77, 96
530.77, 96
532.04, 96
532.54, 96
532.91, 96
532.91, 96
532.94, 96
534.39, 96
534.39, 96
534.39, 96
534.42, 96
536.86, 96
536.86, 96
536.86, 96
537.06, 96
537.73, 96
537.73, 96
537.73, 96
537.81, 96
538.48, 96
538.50, 96
538.50, 96
538.77, 96
538.98, 96
539.26, 96
540.13, 96
540.53, 96
540.53, 96
541.04, 96
541.79, 96
542.04, 96
542.33, 96
542.40, 96
543.30, 96
543.44, 96
543.44, 96
543.44, 96
543.66, 96
544.91, 96
544.92, 96
545.59, 96
545.59, 96
545.59, 96
545.59, 96
545.59, 96
545.59, 96
546.48, 96
547.21, 96
547.21, 96
548.67, 96
548.67, 96
548.67, 96
548.88, 96
548.99, 96
549.41, 96
551.17, 96
551.18, 96
551.72, 96
551.85, 96
552.47, 96
552.47, 96
552.97, 96
554.79, 96
554.80, 96
554.85, 96
555.00, 96
555.00, 96
555.00, 96
555.00, 96
555.01, 96
555.11, 96
555.25, 96
555.51, 96
555.59, 96
556.31, 96
556.32, 96
557.00, 96
557.32, 96
557.41, 96
557.41, 96
557.58, 96
558.27, 96
558.54, 96
558.75, 96
558.99, 96
558.99, 96
560.03, 96
560.04, 96
560.04, 96
560.04, 96
560.30, 96
560.68, 96
560.68, 96
561.43, 96
561.43, 96
561.80, 96
561.81, 96
563.12, 96
563.12, 96
563.75, 96
564.60, 96
564.61, 96
565.36, 96
565.37, 96
565.89, 96
565.92, 96
565.93, 96
566.05, 96
566.25, 96
567.92, 96
567.92, 96
567.93, 96
568.71, 96
569.30, 96
569.69, 96
569.79, 96
569.90, 96
569.90, 96
570.59, 96
570.80, 96
571.20, 96
571.93, 96
572.24, 96
572.24, 96
572.87, 96
573.34, 96
573.35, 96
573.44, 96
575.60, 96
575.61, 96
575.61, 96
575.75, 96
575.75, 96
576.48, 96
576.77, 96
576.87, 96
576.88, 96
578.37, 96
578.47, 96
578.77, 96
580.58, 96
581.19, 96
581.42, 96
581.42, 96
581.42, 96
581.49, 96
581.49, 96
581.71, 96
581.71, 96
581.71, 96
581.71, 96
581.73, 96
581.73, 96
581.96, 96
581.96, 96
582.06, 96
582.59, 96
583.53, 96
583.57, 96
583.62, 96
583.62, 96
584.18, 96
584.55, 96
584.55, 96
584.97, 96
584.97, 96
584.98, 96
586.80, 96
586.80, 96
586.80, 96
587.61, 96
587.91, 96
588.36, 96
588.54, 96
588.75, 96
588.75, 96
588.93, 96
589.12, 96
589.33, 96
589.33, 96
589.91, 96
589.91, 96
589.91, 96
590.06, 96
590.07, 96
590.59, 96
590.87, 96
590.93, 96
590.93, 96
591.18, 96
591.24, 96
591.28, 96
591.28, 96
591.29, 96
591.29, 96
591.29, 96
591.29, 96
591.94, 96
592.52, 96
592.52, 96
592.61, 96
592.61, 96
592.61, 96
592.86, 96
593.42, 96
594.56, 96
596.70, 96
596.79, 96
597.35, 96
597.91, 96
598.00, 96
