0.01, 102
0.01, 99
0.01, 99
0.01, 99
0.01, 99
0.02, 98
0.02, 98
0.02, 98
0.02, 98
0.04, 98
0.04, 97
0.05, 97
0.05, 97
0.06, 97
0.09, 97
0.09, 97
0.12, 97
0.13, 97
0.13, 97
0.26, 97
0.27, 97
0.32, 97
0.33, 97
0.33, 97
0.33, 97
0.39, 97
0.40, 97
0.40, 97
0.46, 97
0.46, 97
0.46, 97
0.50, 97
0.53, 97
0.53, 97
0.57, 97
0.57, 97
0.57, 97
0.57, 97
0.57, 97
0.57, 97
0.57, 97
0.57, 97
0.61, 97
0.62, 97
0.62, 97
0.62, 96
1.32, 96
2.45, 96
2.53, 96
2.58, 96
2.58, 96
3.61, 96
5.54, 96
5.79, 96
6.45, 96
6.51, 96
6.67, 96
6.67, 96
7.08, 96
7.83, 96
7.85, 96
7.85, 96
8.06, 96
8.06, 96
9.23, 96
9.50, 96
9.51, 96
9.71, 96
10.30, 96
11.30, 96
11.40, 96
12.78, 96
12.78, 96
13.05, 96
13.05, 96
13.51, 96
13.70, 96
13.70, 96
14.10, 96
14.10, 96
14.45, 96
14.46, 96
14.46, 96
14.81, 96
14.89, 96
14.92, 96
14.95, 96
14.97, 96
15.99, 96
15.99, 96
16.07, 96
16.07, 96
16.25, 96
16.25, 96
16.46, 96
16.46, 96
16.46, 96
16.73, 96
16.73, 96
17.38, 96
17.38, 96
17.38, 96
17.39, 96
17.39, 96
17.39, 96
17.39, 96
18.27, 96
18.27, 96
18.27, 96
18.87, 96
19.08, 96
19.08, 96
19.08, 96
19.57, 96
20.43, 96
21.00, 96
21.00, 96
21.60, 96
23.88, 96
23.88, 96
24.04, 96
24.09, 96
24.09, 96
24.09, 96
24.52, 96
24.62, 96
24.91, 96
25.40, 96
25.70, 96
25.70, 96
25.89, 96
25.99, 96
26.07, 96
26.12, 96
26.15, 96
26.15, 96
26.22, 96
27.80, 96
28.08, 96
28.08, 96
28.08, 96
28.97, 96
30.02, 96
30.06, 96
30.06, 96
30.06, 96
30.06, 96
30.26, 96
30.59, 96
30.81, 96
30.81, 96
30.81, 96
31.21, 96
31.21, 96
31.37, 96
33.11, 96
33.20, 96
33.68, 96
33.69, 96
33.83, 96
34.31, 96
34.31, 96
34.31, 96
34.52, 96
34.67, 96
34.71, 96
35.60, 96
35.60, 96
35.60, 96
35.60, 96
35.60, 96
35.64, 96
36.74, 96
37.42, 96
37.42, 96
37.66, 96
37.78, 96
39.02, 96
39.02, 96
39.02, 96
39.02, 96
39.02, 96
39.07, 96
39.35, 96
39.40, 96
40.03, 96
40.03, 96
40.12, 96
40.72, 96
40.89, 96
40.89, 96
41.00, 96
41.18, 96
42.74, 96
43.70, 96
43.70, 96
43.87, 96
43.88, 96
43.93, 96
43.93, 96
44.43, 96
44.48, 96
44.48, 96
44.58, 96
44.58, 96
44.58, 96
44.63, 96
44.64, 96
44.64, 96
44.86, 96
44.88, 96
44.88, 96
45.13, 96
45.13, 96
45.65, 96
45.79, 96
46.19, 96
46.88, 96
46.91, 96
48.07, 96
49.30, 96
49.30, 96
49.61, 96
49.79, 96
50.41, 96
51.30, 96
51.30, 96
51.31, 96
51.61, 96
51.61, 96
51.75, 96
51.75, 96
51.75, 96
52.27, 96
52.27, 96
52.93, 96
52.96, 96
52.99, 96
53.53, 96
53.53, 96
53.65, 96
53.65, 96
54.58, 96
54.94, 96
54.94, 96
54.95, 96
54.95, 96
54.99, 96
55.12, 96
55.16, 96
55.16, 96
55.39, 96
55.39, 96
55.39, 96
55.39, 96
55.39, 96
55.39, 96
55.86, 96
55.86, 96
55.86, 96
56.54, 96
56.54, 96
57.16, 96
57.17, 96
57.81, 96
57.97, 96
57.97, 96
58.08, 96
58.08, 96
58.09, 96
58.09, 96
58.58, 96
58.58, 96
58.86, 96
58.87, 96
59.15, 96
59.15, 96
60.11, 96
60.11, 96
60.11, 96
60.11, 96
60.11, 96
60.37, 96
60.37, 96
61.42, 96
61.42, 96
61.94, 96
62.29, 96
62.30, 96
63.07, 96
63.37, 96
63.37, 96
63.73, 96
64.05, 96
65.27, 96
65.60, 96
65.60, 96
66.11, 96
66.25, 96
66.67, 96
66.67, 96
67.02, 96
67.62, 96
67.62, 96
67.62, 96
67.96, 96
68.72, 96
71.22, 96
71.31, 96
71.31, 96
71.93, 96
71.93, 96
72.43, 96
72.60, 96
72.60, 96
73.02, 96
73.58, 96
73.59, 96
73.59, 96
73.59, 96
75.14, 96
75.41, 96
75.85, 96
77.30, 96
77.85, 96
78.33, 96
78.80, 96
78.80, 96
79.12, 96
79.80, 96
79.80, 96
80.03, 96
80.03, 96
80.94, 96
80.94, 96
81.41, 96
81.53, 96
81.56, 96
81.56, 96
81.56, 96
81.68, 96
82.05, 96
82.82, 96
82.82, 96
82.82, 96
82.93, 96
82.93, 96
82.93, 96
82.93, 96
82.93, 96
82.94, 96
83.04, 96
83.04, 96
84.74, 96
84.75, 96
84.75, 96
84.76, 96
85.51, 96
85.77, 96
85.89, 96
86.68, 96
86.68, 96
87.07, 96
87.22, 96
87.47, 96
87.53, 96
87.66, 96
87.66, 96
88.10, 96
88.44, 96
88.62, 96
88.73, 96
88.92, 96
88.92, 96
89.74, 96
89.74, 96
89.76, 96
91.29, 96
91.29, 96
91.32, 96
92.20, 96
92.20, 96
92.20, 96
92.60, 96
93.03, 96
93.75, 96
93.75, 96
94.30, 96
95.67, 96
96.56, 96
96.56, 96
96.86, 96
97.36, 96
97.36, 96
99.66, 96
99.68, 96
99.68, 96
100.12, 96
100.40, 96
100.40, 96
100.40, 96
100.41, 96
100.47, 96
100.56, 96
100.56, 96
100.56, 96
102.23, 96
102.24, 96
102.42, 96
102.42, 96
102.42, 96
102.92, 96
103.55, 96
103.55, 96
103.63, 96
103.68, 96
103.68, 96
103.68, 96
103.68, 96
104.27, 96
106.13, 96
106.13, 96
106.82, 96
106.82, 96
106.82, 96
106.88, 96
106.88, 96
106.88, 96
106.99, 96
106.99, 96
107.34, 96
107.73, 96
107.83, 96
108.53, 96
108.68, 96
108.68, 96
108.68, 96
108.68, 96
108.68, 96
109.24, 96
109.24, 96
109.24, 96
109.25, 96
109.25, 96
109.67, 96
109.67, 96
110.96, 96
110.96, 96
111.70, 96
111.71, 96
111.99, 96
112.32, 96
113.84, 96
114.68, 96
114.68, 96
114.68, 96
114.68, 96
114.68, 96
114.68, 96
115.93, 96
115.94, 96
115.94, 96
116.18, 96
116.18, 96
116.19, 96
116.19, 96
116.31, 96
116.52, 96
116.52, 96
116.52, 96
116.52, 96
116.52, 96
116.52, 96
117.15, 96
117.15, 96
118.90, 96
118.90, 96
118.90, 96
120.28, 96
120.48, 96
120.68, 96
121.05, 96
121.05, 96
121.05, 96
121.20, 96
121.20, 96
121.20, 96
121.20, 96
121.22, 96
121.22, 96
121.81, 96
122.12, 96
122.50, 96
122.55, 96
122.55, 96
123.12, 96
123.35, 96
123.94, 96
124.25, 96
124.64, 96
124.69, 96
124.69, 96
124.69, 96
124.69, 96
125.06, 96
125.36, 96
125.38, 96
125.38, 96
125.38, 96
125.38, 96
125.39, 96
125.63, 96
125.63, 96
125.66, 96
125.70, 96
125.70, 96
125.71, 96
126.09, 96
126.50, 96
126.51, 96
126.81, 96
127.66, 96
127.66, 96
128.50, 96
128.62, 96
128.62, 96
128.76, 96
128.89, 96
128.90, 96
128.91, 96
129.83, 96
130.07, 96
130.78, 96
130.78, 96
130.98, 96
131.73, 96
131.74, 96
131.82, 96
132.34, 96
132.50, 96
132.50, 96
132.87, 96
132.87, 96
133.52, 96
133.52, 96
134.04, 96
134.49, 96
134.49, 96
134.49, 96
134.49, 96
135.85, 96
135.85, 96
136.25, 96
136.78, 96
137.37, 96
137.41, 96
137.42, 96
137.49, 96
137.64, 96
138.43, 96
139.12, 96
139.56, 96
139.56, 96
139.81, 96
140.65, 96
141.58, 96
141.58, 96
142.65, 96
142.98, 96
143.19, 96
143.58, 96
144.10, 96
144.10, 96
144.57, 96
145.01, 96
145.02, 96
145.09, 96
146.18, 96
146.27, 96
146.27, 96
146.90, 96
147.30, 96
147.30, 96
147.30, 96
147.43, 96
147.44, 96
147.53, 96
147.56, 96
147.56, 96
147.56, 96
148.03, 96
148.04, 96
148.75, 96
148.75, 96
148.94, 96
148.94, 96
148.94, 96
148.94, 96
149.59, 96
149.60, 96
149.60, 96
149.63, 96
149.66, 96
150.26, 96
150.26, 96
150.26, 96
150.26, 96
150.26, 96
150.28, 96
150.41, 96
150.41, 96
150.41, 96
150.42, 96
150.57, 96
151.04, 96
151.97, 96
151.97, 96
152.61, 96
152.62, 96
153.03, 96
153.03, 96
153.03, 96
153.07, 96
153.07, 96
153.07, 96
153.24, 96
153.51, 96
153.58, 96
154.21, 96
154.21, 96
154.31, 96
154.78, 96
154.90, 96
155.08, 96
155.78, 96
156.22, 96
156.49, 96
157.46, 96
157.53, 96
157.54, 96
157.88, 96
157.88, 96
157.88, 96
158.02, 96
158.13, 96
158.13, 96
158.27, 96
158.41, 96
158.41, 96
158.41, 96
158.42, 96
159.43, 96
159.43, 96
159.43, 96
159.47, 96
159.47, 96
159.47, 96
159.47, 96
161.05, 96
161.11, 96
161.11, 96
161.37, 96
162.67, 96
162.83, 96
163.07, 96
164.54, 96
164.79, 96
164.91, 96
165.58, 96
165.63, 96
165.63, 96
165.71, 96
166.75, 96
166.75, 96
167.06, 96
167.21, 96
168.30, 96
168.65, 96
168.65, 96
168.92, 96
169.31, 96
169.92, 96
169.92, 96
169.92, 96
169.94, 96
170.37, 96
170.37, 96
170.37, 96
170.37, 96
170.87, 96
171.24, 96
171.26, 96
171.26, 96
172.36, 96
172.54, 96
172.75, 96
173.02, 96
173.02, 96
173.02, 96
173.54, 96
173.54, 96
173.54, 96
174.13, 96
174.35, 96
174.35, 96
174.80, 96
175.04, 96
176.53, 96
176.57, 96
176.57, 96
176.84, 96
177.17, 96
177.82, 96
178.62, 96
178.62, 96
178.62, 96
178.63, 96
178.67, 96
178.67, 96
179.04, 96
179.61, 96
179.87, 96
180.57, 96
180.58, 96
181.12, 96
181.16, 96
181.68, 96
182.19, 96
182.19, 96
182.48, 96
182.48, 96
182.48, 96
182.98, 96
182.98, 96
183.09, 96
183.36, 96
183.81, 96
183.82, 96
183.82, 96
183.82, 96
183.87, 96
184.24, 96
184.46, 96
184.47, 96
184.62, 96
185.14, 96
185.14, 96
185.14, 96
185.14, 96
185.14, 96
185.70, 96
185.70, 96
185.81, 96
185.91, 96
185.91, 96
186.41, 96
186.41, 96
186.55, 96
186.55, 96
186.55, 96
186.56, 96
186.56, 96
186.90, 96
187.32, 96
187.32, 96
187.32, 96
187.32, 96
187.38, 96
187.62, 96
187.85, 96
188.40, 96
188.59, 96
188.81, 96
188.81, 96
188.97, 96
188.97, 96
188.97, 96
189.14, 96
189.14, 96
189.14, 96
189.21, 96
189.22, 96
189.41, 96
189.97, 96
189.97, 96
189.97, 96
189.98, 96
190.17, 96
190.17, 96
192.65, 96
192.65, 96
192.85, 96
193.69, 96
193.69, 96
193.69, 96
193.91, 96
193.91, 96
193.98, 96
194.01, 96
194.18, 96
194.18, 96
194.18, 96
194.18, 96
194.30, 96
194.30, 96
194.50, 96
195.22, 96
195.22, 96
196.14, 96
196.14, 96
196.61, 96
197.50, 96
197.70, 96
197.86, 96
197.86, 96
198.24, 96
198.24, 96
198.24, 96
198.27, 96
198.27, 96
198.27, 96
198.93, 96
198.94, 96
199.31, 96
200.50, 96
200.56, 96
200.56, 96
200.56, 96
200.56, 96
201.59, 96
202.06, 96
202.55, 96
202.55, 96
202.65, 96
202.65, 96
202.66, 96
203.58, 96
205.52, 96
205.52, 96
205.53, 96
205.53, 96
205.79, 96
205.79, 96
206.39, 96
206.68, 96
206.89, 96
207.13, 96
208.87, 96
208.87, 96
209.74, 96
210.07, 96
210.07, 96
210.07, 96
210.07, 96
210.18, 96
210.20, 96
210.56, 96
210.57, 96
210.57, 96
210.57, 96
210.57, 96
210.62, 96
210.62, 96
210.62, 96
210.84, 96
210.85, 96
210.85, 96
211.14, 96
211.65, 96
211.65, 96
212.54, 96
212.54, 96
212.54, 96
212.54, 96
212.65, 96
212.65, 96
212.65, 96
212.73, 96
212.74, 96
212.74, 96
212.74, 96
212.74, 96
213.14, 96
213.14, 96
213.14, 96
213.28, 96
213.28, 96
213.89, 96
214.07, 96
214.07, 96
214.07, 96
214.07, 96
214.33, 96
214.33, 96
214.33, 96
214.33, 96
215.82, 96
216.02, 96
216.02, 96
216.05, 96
216.05, 96
216.44, 96
217.07, 96
217.07, 96
217.08, 96
217.08, 96
217.08, 96
217.20, 96
217.20, 96
217.27, 96
217.52, 96
217.52, 96
217.73, 96
217.74, 96
217.74, 96
218.14, 96
218.57, 96
218.58, 96
218.73, 96
218.79, 96
218.83, 96
218.83, 96
218.84, 96
218.92, 96
218.92, 96
219.24, 96
219.24, 96
219.95, 96
219.95, 96
220.02, 96
220.50, 96
220.99, 96
221.02, 96
221.48, 96
221.48, 96
221.52, 96
222.45, 96
222.96, 96
223.21, 96
223.55, 96
223.76, 96
223.76, 96
225.14, 96
226.00, 96
226.31, 96
226.37, 96
226.37, 96
226.37, 96
226.53, 96
226.53, 96
226.92, 96
227.65, 96
227.97, 96
227.98, 96
228.46, 96
229.48, 96
229.48, 96
230.08, 96
230.08, 96
230.08, 96
230.16, 96
230.20, 96
230.48, 96
231.12, 96
231.66, 96
232.29, 96
232.74, 96
232.74, 96
232.78, 96
232.78, 96
233.30, 96
233.34, 96
233.34, 96
233.37, 96
233.63, 96
233.63, 96
233.74, 96
235.50, 96
235.69, 96
235.88, 96
236.16, 96
237.28, 96
237.28, 96
237.28, 96
238.34, 96
238.34, 96
238.34, 96
238.34, 96
238.36, 96
239.07, 96
239.20, 96
239.21, 96
241.41, 96
241.41, 96
241.58, 96
241.58, 96
241.76, 96
241.81, 96
242.39, 96
243.11, 96
243.11, 96
243.12, 96
244.48, 96
244.51, 96
244.51, 96
245.57, 96
245.57, 96
245.61, 96
245.81, 96
245.82, 96
246.35, 96
246.37, 96
246.37, 96
246.49, 96
246.78, 96
246.78, 96
248.22, 96
248.22, 96
248.25, 96
248.69, 96
248.97, 96
248.97, 96
249.02, 96
249.03, 96
249.50, 96
249.50, 96
249.50, 96
249.50, 96
249.50, 96
249.51, 96
249.62, 96
249.87, 96
250.48, 96
250.78, 96
250.78, 96
251.14, 96
251.45, 96
251.48, 96
251.80, 96
251.80, 96
251.89, 96
252.23, 96
252.85, 96
253.14, 96
253.14, 96
253.14, 96
253.66, 96
254.00, 96
254.18, 96
254.49, 96
254.50, 96
254.50, 96
254.50, 96
254.74, 96
254.83, 96
254.89, 96
254.90, 96
254.90, 96
255.28, 96
255.29, 96
255.29, 96
255.29, 96
255.29, 96
255.52, 96
255.52, 96
256.38, 96
256.38, 96
256.67, 96
256.73, 96
256.73, 96
256.83, 96
256.83, 96
256.92, 96
257.13, 96
258.07, 96
258.26, 96
258.76, 96
259.00, 96
259.28, 96
261.08, 96
261.09, 96
261.09, 96
261.10, 96
262.21, 96
262.21, 96
262.70, 96
262.88, 96
263.14, 96
263.94, 96
263.95, 96
263.95, 96
264.60, 96
266.37, 96
267.66, 96
267.87, 96
268.25, 96
268.26, 96
268.26, 96
268.59, 96
269.53, 96
269.62, 96
270.08, 96
270.53, 96
272.70, 96
273.13, 96
273.13, 96
273.13, 96
273.13, 96
273.13, 96
273.13, 96
273.13, 96
273.21, 96
273.26, 96
273.26, 96
273.26, 96
273.55, 96
273.58, 96
274.76, 96
274.76, 96
274.80, 96
274.80, 96
274.91, 96
275.22, 96
276.68, 96
277.02, 96
277.02, 96
277.42, 96
277.65, 96
277.98, 96
277.99, 96
277.99, 96
278.17, 96
278.30, 96
278.33, 96
278.35, 96
278.80, 96
278.80, 96
279.31, 96
279.96, 96
279.96, 96
280.01, 96
280.10, 96
280.10, 96
280.10, 96
280.10, 96
281.09, 96
281.13, 96
281.79, 96
281.81, 96
281.98, 96
283.46, 96
283.54, 96
283.55, 96
283.66, 96
284.37, 96
284.38, 96
284.69, 96
284.73, 96
284.78, 96
284.79, 96
285.79, 96
285.79, 96
285.79, 96
285.79, 96
285.79, 96
285.85, 96
285.85, 96
285.86, 96
287.34, 96
287.34, 96
287.62, 96
287.62, 96
288.80, 96
288.81, 96
288.81, 96
289.09, 96
289.97, 96
290.44, 96
290.44, 96
290.44, 96
291.21, 96
291.97, 96
292.01, 96
292.01, 96
292.32, 96
293.10, 96
293.12, 96
293.21, 96
293.76, 96
294.32, 96
294.44, 96
294.73, 96
295.27, 96
295.37, 96
295.84, 96
295.84, 96
295.84, 96
296.33, 96
296.41, 96
296.86, 96
296.86, 96
299.11, 96
299.53, 96
299.53, 96
299.53, 96
301.22, 96
301.22, 96
301.65, 96
302.60, 96
302.60, 96
302.92, 96
302.97, 96
302.97, 96
304.87, 96
306.03, 96
306.59, 96
306.84, 96
307.35, 96
307.67, 96
307.84, 96
307.84, 96
307.84, 96
307.85, 96
308.15, 96
308.40, 96
309.25, 96
310.04, 96
310.04, 96
310.04, 96
310.27, 96
310.74, 96
312.54, 96
312.63, 96
312.63, 96
313.34, 96
313.34, 96
313.34, 96
313.34, 96
313.34, 96
313.48, 96
313.48, 96
313.64, 96
313.64, 96
313.82, 96
314.46, 96
314.72, 96
316.05, 96
316.10, 96
317.16, 96
317.16, 96
317.16, 96
317.16, 96
317.32, 96
317.32, 96
317.37, 96
317.37, 96
317.37, 96
317.56, 96
318.02, 96
318.78, 96
318.88, 96
319.16, 96
320.26, 96
320.91, 96
321.24, 96
321.24, 96
321.34, 96
321.74, 96
322.28, 96
322.95, 96
324.01, 96
324.04, 96
324.04, 96
324.80, 96
324.88, 96
324.88, 96
325.43, 96
325.43, 96
325.43, 96
325.43, 96
325.43, 96
325.43, 96
325.43, 96
327.30, 96
327.30, 96
327.34, 96
327.70, 96
328.04, 96
328.04, 96
328.32, 96
328.32, 96
328.32, 96
328.32, 96
328.57, 96
329.12, 96
329.70, 96
329.75, 96
329.75, 96
329.75, 96
329.77, 96
329.77, 96
329.77, 96
331.02, 96
331.35, 96
331.36, 96
332.67, 96
333.43, 96
334.11, 96
334.11, 96
334.11, 96
334.23, 96
334.23, 96
334.73, 96
335.54, 96
335.54, 96
335.54, 96
335.54, 96
335.54, 96
335.82, 96
335.99, 96
336.52, 96
336.60, 96
336.64, 96
337.05, 96
337.80, 96
337.80, 96
338.21, 96
338.34, 96
339.46, 96
339.46, 96
339.90, 96
340.48, 96
341.08, 96
341.08, 96
341.14, 96
341.14, 96
341.52, 96
342.20, 96
342.20, 96
342.20, 96
342.56, 96
342.67, 96
342.67, 96
342.67, 96
343.73, 96
343.73, 96
343.73, 96
343.91, 96
344.01, 96
344.01, 96
344.01, 96
344.01, 96
344.01, 96
344.02, 96
344.02, 96
344.02, 96
344.02, 96
344.02, 96
344.87, 96
344.93, 96
345.14, 96
345.14, 96
345.34, 96
345.41, 96
346.21, 96
347.05, 96
347.08, 96
347.09, 96
347.48, 96
347.48, 96
348.91, 96
349.00, 96
349.00, 96
349.25, 96
349.72, 96
350.34, 96
350.90, 96
351.61, 96
353.67, 96
354.10, 96
355.83, 96
356.46, 96
357.68, 96
358.41, 96
358.41, 96
358.59, 96
358.85, 96
358.97, 96
360.01, 96
360.01, 96
360.01, 96
360.07, 96
360.44, 96
360.44, 96
360.55, 96
360.75, 96
361.38, 96
362.28, 96
362.30, 96
363.12, 96
363.56, 96
363.84, 96
363.84, 96
363.84, 96
363.84, 96
363.88, 96
363.88, 96
363.88, 96
363.89, 96
363.89, 96
363.89, 96
363.89, 96
364.55, 96
364.64, 96
364.72, 96
365.20, 96
365.20, 96
365.68, 96
365.68, 96
365.68, 96
366.67, 96
367.66, 96
367.67, 96
367.77, 96
367.77, 96
367.78, 96
368.77, 96
369.04, 96
369.30, 96
369.30, 96
370.00, 96
370.00, 96
370.00, 96
370.00, 96
370.18, 96
370.69, 96
370.69, 96
370.69, 96
371.00, 96
371.00, 96
371.01, 96
371.02, 96
371.11, 96
371.11, 96
371.11, 96
371.94, 96
372.88, 96
372.88, 96
373.39, 96
373.81, 96
373.81, 96
373.81, 96
373.81, 96
374.64, 96
374.64, 96
374.90, 96
375.39, 96
375.39, 96
375.39, 96
376.03, 96
376.03, 96
376.90, 96
376.90, 96
376.90, 96
376.90, 96
378.33, 96
378.50, 96
378.50, 96
379.42, 96
380.68, 96
380.95, 96
380.95, 96
380.95, 96
381.34, 96
382.02, 96
382.18, 96
382.50, 96
382.61, 96
382.61, 96
382.68, 96
382.83, 96
382.83, 96
383.02, 96
383.02, 96
383.64, 96
383.64, 96
383.78, 96
383.78, 96
383.88, 96
384.12, 96
384.49, 96
384.60, 96
384.60, 96
384.60, 96
384.60, 96
384.67, 96
384.88, 96
384.88, 96
385.21, 96
385.51, 96
387.50, 96
387.50, 96
387.58, 96
387.83, 96
387.84, 96
388.15, 96
388.40, 96
388.73, 96
388.83, 96
388.87, 96
389.65, 96
389.89, 96
389.89, 96
389.98, 96
389.98, 96
390.68, 96
390.89, 96
390.89, 96
390.89, 96
390.89, 96
390.89, 96
390.90, 96
390.93, 96
391.00, 96
391.15, 96
391.78, 96
392.05, 96
392.05, 96
392.05, 96
392.05, 96
392.05, 96
392.05, 96
392.07, 96
395.13, 96
395.14, 96
395.14, 96
395.14, 96
395.14, 96
395.39, 96
395.39, 96
395.39, 96
395.44, 96
395.44, 96
395.82, 96
396.20, 96
396.20, 96
396.41, 96
396.41, 96
396.42, 96
396.54, 96
396.67, 96
396.67, 96
396.68, 96
397.37, 96
399.17, 96
399.23, 96
399.74, 96
399.74, 96
400.44, 96
401.68, 96
401.90, 96
402.05, 96
402.72, 96
402.76, 96
402.76, 96
402.87, 96
402.87, 96
403.68, 96
403.68, 96
403.68, 96
404.62, 96
404.63, 96
405.65, 96
405.66, 96
405.67, 96
405.67, 96
405.67, 96
405.91, 96
405.91, 96
406.22, 96
406.41, 96
406.41, 96
406.41, 96
408.87, 96
409.47, 96
409.47, 96
409.47, 96
409.47, 96
409.47, 96
409.76, 96
409.76, 96
409.82, 96
409.94, 96
410.13, 96
410.45, 96
410.45, 96
410.45, 96
410.84, 96
411.23, 96
412.59, 96
412.59, 96
413.62, 96
414.48, 96
414.76, 96
415.44, 96
415.44, 96
415.80, 96
417.08, 96
417.08, 96
417.08, 96
417.14, 96
417.14, 96
417.14, 96
417.14, 96
417.15, 96
417.15, 96
417.15, 96
417.15, 96
417.15, 96
417.16, 96
417.46, 96
417.46, 96
417.46, 96
417.82, 96
418.27, 96
418.48, 96
418.81, 96
419.10, 96
419.10, 96
419.15, 96
419.76, 96
421.41, 96
421.61, 96
422.35, 96
422.35, 96
422.35, 96
422.35, 96
423.13, 96
423.13, 96
423.13, 96
423.13, 96
424.04, 96
424.04, 96
424.04, 96
424.09, 96
424.09, 96
424.09, 96
424.09, 96
424.12, 96
424.12, 96
424.32, 96
424.42, 96
424.42, 96
424.42, 96
424.55, 96
424.67, 96
425.69, 96
426.33, 96
426.65, 96
427.37, 96
427.37, 96
427.56, 96
427.65, 96
427.65, 96
428.69, 96
428.77, 96
428.77, 96
429.49, 96
431.03, 96
431.77, 96
431.77, 96
431.84, 96
432.84, 96
432.85, 96
432.85, 96
433.44, 96
433.45, 96
433.59, 96
433.59, 96
433.71, 96
433.71, 96
434.25, 96
434.25, 96
434.25, 96
434.25, 96
434.25, 96
434.27, 96
434.27, 96
434.59, 96
434.59, 96
435.10, 96
436.28, 96
436.80, 96
437.47, 96
437.60, 96
437.61, 96
438.29, 96
438.43, 96
438.43, 96
438.43, 96
438.43, 96
438.53, 96
438.53, 96
438.62, 96
438.64, 96
439.26, 96
439.26, 96
439.26, 96
439.31, 96
439.31, 96
439.40, 96
439.40, 96
440.28, 96
440.69, 96
441.15, 96
441.35, 96
441.83, 96
441.83, 96
441.91, 96
441.91, 96
441.93, 96
441.93, 96
442.17, 96
442.82, 96
444.20, 96
444.41, 96
444.41, 96
444.41, 96
444.57, 96
445.94, 96
446.45, 96
446.50, 96
446.50, 96
446.50, 96
446.51, 96
446.66, 96
446.78, 96
446.78, 96
446.99, 96
447.10, 96
447.56, 96
447.68, 96
447.68, 96
447.68, 96
447.68, 96
447.68, 96
447.68, 96
447.79, 96
448.19, 96
448.19, 96
448.19, 96
448.98, 96
449.63, 96
449.69, 96
449.73, 96
450.49, 96
451.26, 96
451.28, 96
451.63, 96
451.65, 96
451.65, 96
451.82, 96
451.82, 96
452.54, 96
452.72, 96
453.00, 96
454.16, 96
454.19, 96
454.26, 96
454.26, 96
454.73, 96
455.22, 96
455.22, 96
455.70, 96
455.70, 96
455.70, 96
455.70, 96
455.70, 96
455.71, 96
455.71, 96
455.71, 96
455.71, 96
455.95, 96
456.06, 96
456.17, 96
456.17, 96
456.93, 96
458.04, 96
458.04, 96
458.05, 96
458.05, 96
458.23, 96
458.76, 96
458.93, 96
458.93, 96
459.14, 96
459.15, 96
459.54, 96
460.47, 96
460.77, 96
460.77, 96
461.10, 96
461.10, 96
461.61, 96
461.61, 96
461.61, 96
461.61, 96
461.77, 96
461.77, 96
461.77, 96
461.77, 96
461.82, 96
462.05, 96
462.05, 96
462.05, 96
462.06, 96
463.02, 96
463.16, 96
463.16, 96
463.75, 96
463.75, 96
463.85, 96
463.85, 96
463.85, 96
463.85, 96
463.86, 96
465.53, 96
465.53, 96
465.57, 96
465.97, 96
465.97, 96
466.41, 96
466.41, 96
466.76, 96
467.18, 96
468.33, 96
469.15, 96
469.15, 96
470.62, 96
470.62, 96
470.81, 96
470.81, 96
471.04, 96
471.26, 96
471.26, 96
471.70, 96
471.78, 96
471.78, 96
471.78, 96
471.78, 96
471.97, 96
472.15, 96
472.68, 96
472.68, 96
472.68, 96
472.68, 96
472.89, 96
473.09, 96
473.44, 96
473.44, 96
474.29, 96
474.71, 96
475.62, 96
475.77, 96
475.77, 96
476.42, 96
476.58, 96
476.58, 96
476.58, 96
476.85, 96
477.80, 96
477.80, 96
477.80, 96
477.81, 96
477.81, 96
478.98, 96
479.40, 96
479.65, 96
479.65, 96
479.68, 96
480.97, 96
480.97, 96
480.97, 96
481.01, 96
483.05, 96
483.05, 96
483.05, 96
483.22, 96
483.74, 96
483.74, 96
483.74, 96
483.81, 96
484.17, 96
484.17, 96
484.17, 96
484.29, 96
484.31, 96
484.45, 96
484.90, 96
485.14, 96
485.14, 96
485.54, 96
486.15, 96
486.37, 96
486.63, 96
486.67, 96
487.35, 96
487.49, 96
487.49, 96
487.49, 96
487.70, 96
488.74, 96
488.74, 96
489.43, 96
489.43, 96
489.44, 96
489.44, 96
489.44, 96
489.44, 96
490.20, 96
490.84, 96
490.84, 96
492.22, 96
492.22, 96
492.22, 96
492.43, 96
492.55, 96
492.93, 96
494.40, 96
494.41, 96
494.91, 96
495.00, 96
495.63, 96
495.63, 96
496.14, 96
497.62, 96
497.62, 96
497.66, 96
497.79, 96
497.79, 96
497.79, 96
497.79, 96
497.79, 96
497.88, 96
498.06, 96
498.28, 96
498.37, 96
499.05, 96
499.07, 96
499.61, 96
499.92, 96
500.01, 96
500.01, 96
500.16, 96
500.71, 96
500.93, 96
501.15, 96
501.33, 96
501.33, 96
502.26, 96
502.26, 96
502.26, 96
502.26, 96
502.49, 96
502.78, 96
502.78, 96
503.38, 96
503.38, 96
503.72, 96
503.72, 96
504.83, 96
504.83, 96
505.27, 96
506.04, 96
506.04, 96
506.78, 96
506.78, 96
507.19, 96
507.22, 96
507.22, 96
507.29, 96
507.42, 96
509.03, 96
509.03, 96
509.03, 96
509.41, 96
509.78, 96
509.96, 96
510.00, 96
510.03, 96
510.03, 96
510.33, 96
510.43, 96
510.62, 96
511.12, 96
511.29, 96
511.29, 96
511.64, 96
511.91, 96
511.91, 96
511.97, 96
513.52, 96
513.52, 96
513.52, 96
513.66, 96
513.66, 96
514.38, 96
514.61, 96
514.71, 96
514.72, 96
515.86, 96
515.97, 96
516.29, 96
518.11, 96
518.78, 96
519.03, 96
519.03, 96
519.03, 96
519.09, 96
519.09, 96
519.33, 96
519.33, 96
519.33, 96
519.33, 96
519.35, 96
519.35, 96
519.57, 96
519.57, 96
519.66, 96
520.18, 96
521.08, 96
521.12, 96
521.17, 96
521.17, 96
521.74, 96
522.13, 96
522.13, 96
522.58, 96
522.58, 96
522.60, 96
524.41, 96
524.41, 96
524.41, 96
525.24, 96
525.55, 96
525.97, 96
526.14, 96
526.37, 96
526.37, 96
526.52, 96
526.69, 96
526.93, 96
526.93, 96
527.48, 96
527.49, 96
527.49, 96
527.62, 96
527.62, 96
528.00, 96
528.18, 96
528.22, 96
528.22, 96
528.45, 96
528.52, 96
528.56, 96
528.56, 96
528.57, 96
528.57, 96
528.57, 96
528.57, 96
529.16, 96
529.68, 96
529.68, 96
529.75, 96
529.75, 96
529.75, 96
529.98, 96
530.51, 96
531.49, 96
533.58, 96
533.65, 96
534.14, 96
534.67, 96
534.75, 96
538.29, 96
538.29, 96
538.54, 96
539.60, 96
539.60, 96
539.68, 96
540.03, 96
540.14, 96
540.48, 96
540.48, 96
540.48, 96
540.48, 96
541.09, 96
541.51, 96
541.52, 96
541.52, 96
541.79, 96
541.80, 96
541.94, 96
541.94, 96
541.94, 96
542.23, 96
543.15, 96
543.31, 96
543.31, 96
543.69, 96
543.69, 96
544.35, 96
544.35, 96
544.54, 96
544.61, 96
544.61, 96
545.29, 96
545.38, 96
545.38, 96
545.71, 96
545.71, 96
545.71, 96
545.71, 96
545.86, 96
545.88, 96
546.21, 96
546.27, 96
546.27, 96
546.27, 96
546.27, 96
546.32, 96
546.32, 96
546.33, 96
546.33, 96
546.83, 96
547.09, 96
547.22, 96
547.22, 96
547.33, 96
548.02, 96
548.20, 96
548.20, 96
548.21, 96
548.61, 96
548.62, 96
548.84, 96
548.84, 96
548.94, 96
548.95, 96
548.97, 96
548.97, 96
549.02, 96
549.02, 96
549.02, 96
549.36, 96
549.53, 96
550.42, 96
550.76, 96
551.31, 96
551.31, 96
551.36, 96
551.36, 96
551.59, 96
551.59, 96
551.60, 96
551.63, 96
553.38, 96
553.64, 96
553.75, 96
553.80, 96
553.96, 96
555.12, 96
556.42, 96
557.67, 96
557.67, 96
558.35, 96
558.35, 96
558.35, 96
558.38, 96
558.38, 96
558.41, 96
558.47, 96
558.47, 96
559.05, 96
559.27, 96
559.27, 96
559.27, 96
559.73, 96
559.73, 96
560.65, 96
560.65, 96
560.65, 96
560.65, 96
560.72, 96
560.93, 96
560.93, 96
561.00, 96
561.56, 96
561.56, 96
561.56, 96
561.56, 96
561.71, 96
562.96, 96
563.01, 96
563.79, 96
564.20, 96
564.46, 96
564.73, 96
565.04, 96
565.04, 96
565.10, 96
565.10, 96
565.10, 96
566.12, 96
566.23, 96
566.70, 96
566.77, 96
566.77, 96
567.15, 96
567.15, 96
567.32, 96
567.65, 96
567.90, 96
567.96, 96
568.72, 96
568.72, 96
568.77, 96
568.86, 96
568.86, 96
569.09, 96
570.01, 96
570.05, 96
570.05, 96
570.05, 96
570.69, 96
571.96, 96
572.75, 96
573.35, 96
573.88, 96
573.88, 96
574.14, 96
574.19, 96
574.19, 96
574.78, 96
574.78, 96
575.17, 96
575.71, 96
575.92, 96
575.93, 96
577.57, 96
578.44, 96
578.57, 96
579.24, 96
579.45, 96
580.27, 96
580.27, 96
580.45, 96
580.45, 96
580.48, 96
580.48, 96
581.48, 96
581.48, 96
581.80, 96
582.39, 96
582.39, 96
582.39, 96
582.91, 96
582.92, 96
583.03, 96
583.97, 96
583.97, 96
584.14, 96
584.59, 96
586.19, 96
586.38, 96
586.38, 96
586.50, 96
586.60, 96
586.60, 96
586.67, 96
586.67, 96
586.67, 96
586.84, 96
587.47, 96
587.78, 96
587.78, 96
588.59, 96
588.60, 96
588.72, 96
589.21, 96
589.21, 96
589.21, 96
589.21, 96
589.60, 96
589.60, 96
589.80, 96
589.80, 96
592.01, 96
592.74, 96
592.74, 96
592.74, 96
592.74, 96
593.79, 96
593.79, 96
593.83, 96
593.83, 96
593.83, 96
593.85, 96
593.85, 96
593.85, 96
593.91, 96
594.25, 96
595.53, 96
595.68, 96
595.68, 96
595.69, 96
596.23, 96
596.55, 96
596.55, 96
596.55, 96
596.55, 96
597.46, 96
597.46, 96
