0.01, 102
0.02, 99
0.02, 99
0.02, 99
0.03, 99
0.03, 98
0.03, 98
0.03, 98
0.03, 98
0.04, 98
0.05, 97
0.06, 97
0.07, 97
0.10, 97
0.13, 97
0.13, 97
0.17, 97
0.17, 97
0.17, 97
0.36, 97
0.37, 97
0.42, 97
0.43, 97
0.43, 97
0.43, 97
0.50, 97
0.51, 97
0.51, 97
0.61, 97
0.63, 97
0.67, 97
0.73, 97
0.77, 97
0.78, 97
0.84, 97
0.84, 97
0.84, 97
0.84, 97
0.84, 97
0.85, 97
0.85, 97
0.85, 97
0.91, 97
0.92, 97
0.92, 97
0.92, 96
1.86, 96
2.85, 96
2.95, 96
3.01, 96
3.01, 96
4.11, 96
6.06, 96
6.30, 96
6.92, 96
6.98, 96
7.12, 96
7.12, 96
7.49, 96
8.23, 96
8.26, 96
8.26, 96
8.41, 96
8.41, 96
9.66, 96
9.91, 96
9.91, 96
10.11, 96
10.76, 96
11.81, 96
11.93, 96
13.22, 96
13.22, 96
13.48, 96
13.48, 96
13.99, 96
14.21, 96
14.21, 96
14.63, 96
14.63, 96
15.02, 96
15.02, 96
15.03, 96
15.39, 96
15.47, 96
15.50, 96
15.53, 96
15.55, 96
16.53, 96
16.53, 96
16.61, 96
16.61, 96
16.84, 96
16.84, 96
17.12, 96
17.13, 96
17.13, 96
17.46, 96
17.47, 96
18.06, 96
18.06, 96
18.06, 96
18.07, 96
18.07, 96
18.07, 96
18.07, 96
18.93, 96
18.94, 96
18.94, 96
19.51, 96
19.72, 96
19.72, 96
19.72, 96
20.19, 96
21.03, 96
21.57, 96
21.57, 96
22.14, 96
24.40, 96
24.40, 96
24.55, 96
24.61, 96
24.61, 96
24.61, 96
25.01, 96
25.12, 96
25.41, 96
25.90, 96
26.18, 96
26.18, 96
26.37, 96
26.46, 96
26.55, 96
26.60, 96
26.63, 96
26.63, 96
26.71, 96
28.37, 96
28.63, 96
28.63, 96
28.63, 96
29.47, 96
30.56, 96
30.61, 96
30.61, 96
30.61, 96
30.61, 96
30.84, 96
31.18, 96
31.41, 96
31.41, 96
31.42, 96
31.84, 96
31.84, 96
31.99, 96
33.73, 96
33.82, 96
34.34, 96
34.34, 96
34.45, 96
34.94, 96
34.94, 96
34.94, 96
35.12, 96
35.25, 96
35.30, 96
36.16, 96
36.16, 96
36.16, 96
36.16, 96
36.16, 96
36.21, 96
37.28, 96
37.94, 96
37.94, 96
38.20, 96
38.32, 96
39.50, 96
39.50, 96
39.50, 96
39.50, 96
39.50, 96
39.54, 96
39.83, 96
39.87, 96
40.49, 96
40.49, 96
40.59, 96
41.20, 96
41.38, 96
41.38, 96
41.48, 96
41.66, 96
43.21, 96
44.16, 96
44.16, 96
44.32, 96
44.33, 96
44.39, 96
44.39, 96
44.88, 96
44.96, 96
44.96, 96
45.05, 96
45.06, 96
45.06, 96
45.11, 96
45.11, 96
45.11, 96
45.32, 96
45.33, 96
45.33, 96
45.57, 96
45.58, 96
46.08, 96
46.22, 96
46.62, 96
47.34, 96
47.38, 96
48.45, 96
49.80, 96
49.80, 96
50.10, 96
50.27, 96
50.88, 96
51.76, 96
51.76, 96
51.76, 96
52.04, 96
52.04, 96
52.20, 96
52.20, 96
52.20, 96
52.74, 96
52.74, 96
53.39, 96
53.41, 96
53.44, 96
54.00, 96
54.00, 96
54.13, 96
54.13, 96
55.07, 96
55.45, 96
55.45, 96
55.45, 96
55.45, 96
55.48, 96
55.61, 96
55.65, 96
55.65, 96
55.88, 96
55.88, 96
55.89, 96
55.89, 96
55.89, 96
55.89, 96
56.34, 96
56.35, 96
56.35, 96
57.11, 96
57.11, 96
57.70, 96
57.70, 96
58.37, 96
58.46, 96
58.46, 96
58.59, 96
58.60, 96
58.60, 96
58.60, 96
59.08, 96
59.08, 96
59.35, 96
59.35, 96
59.61, 96
59.62, 96
60.61, 96
60.61, 96
60.61, 96
60.61, 96
60.61, 96
60.84, 96
60.84, 96
61.88, 96
61.88, 96
62.33, 96
62.61, 96
62.61, 96
63.43, 96
63.73, 96
63.73, 96
64.04, 96
64.36, 96
65.55, 96
65.87, 96
65.87, 96
66.33, 96
66.49, 96
66.90, 96
66.90, 96
67.22, 96
67.78, 96
67.78, 96
67.78, 96
68.10, 96
68.86, 96
70.81, 96
70.87, 96
70.88, 96
71.34, 96
71.34, 96
71.69, 96
71.81, 96
71.81, 96
72.14, 96
72.57, 96
72.57, 96
72.57, 96
72.57, 96
73.69, 96
73.82, 96
74.13, 96
75.29, 96
75.73, 96
76.15, 96
76.62, 96
76.62, 96
76.97, 96
77.61, 96
77.62, 96
77.85, 96
77.85, 96
78.77, 96
78.77, 96
79.24, 96
79.33, 96
79.34, 96
79.35, 96
79.35, 96
79.47, 96
79.77, 96
80.52, 96
80.52, 96
80.52, 96
80.65, 96
80.65, 96
80.65, 96
80.65, 96
80.65, 96
80.65, 96
80.76, 96
80.76, 96
82.45, 96
82.45, 96
82.45, 96
82.46, 96
83.21, 96
83.45, 96
83.57, 96
84.41, 96
84.41, 96
84.75, 96
84.87, 96
85.14, 96
85.21, 96
85.35, 96
85.35, 96
85.74, 96
86.10, 96
86.29, 96
86.40, 96
86.61, 96
86.62, 96
87.50, 96
87.50, 96
87.52, 96
89.13, 96
89.13, 96
89.15, 96
89.95, 96
89.95, 96
89.95, 96
90.30, 96
90.75, 96
91.47, 96
91.47, 96
92.04, 96
93.32, 96
94.20, 96
94.20, 96
94.46, 96
94.88, 96
94.89, 96
97.13, 96
97.15, 96
97.15, 96
97.56, 96
97.85, 96
97.85, 96
97.85, 96
97.86, 96
97.92, 96
98.01, 96
98.01, 96
98.01, 96
99.57, 96
99.57, 96
99.76, 96
99.76, 96
99.76, 96
100.31, 96
100.89, 96
100.89, 96
100.98, 96
101.01, 96
101.01, 96
101.01, 96
101.02, 96
101.59, 96
103.36, 96
103.36, 96
104.00, 96
104.00, 96
104.00, 96
104.04, 96
104.05, 96
104.05, 96
104.15, 96
104.15, 96
104.45, 96
104.83, 96
104.91, 96
105.58, 96
105.71, 96
105.71, 96
105.72, 96
105.72, 96
105.72, 96
106.28, 96
106.28, 96
106.28, 96
106.28, 96
106.29, 96
106.70, 96
106.70, 96
108.02, 96
108.02, 96
108.79, 96
108.79, 96
109.02, 96
109.33, 96
110.83, 96
111.69, 96
111.69, 96
111.69, 96
111.69, 96
111.69, 96
111.69, 96
113.02, 96
113.03, 96
113.03, 96
113.30, 96
113.30, 96
113.30, 96
113.30, 96
113.42, 96
113.64, 96
113.65, 96
113.65, 96
113.65, 96
113.65, 96
113.66, 96
114.21, 96
114.22, 96
115.88, 96
115.88, 96
115.88, 96
117.37, 96
117.59, 96
117.78, 96
118.16, 96
118.16, 96
118.16, 96
118.30, 96
118.30, 96
118.30, 96
118.30, 96
118.33, 96
118.33, 96
118.84, 96
119.12, 96
119.44, 96
119.47, 96
119.47, 96
120.06, 96
120.28, 96
120.90, 96
121.28, 96
121.69, 96
121.74, 96
121.74, 96
121.74, 96
121.74, 96
122.11, 96
122.43, 96
122.45, 96
122.45, 96
122.45, 96
122.45, 96
122.46, 96
122.69, 96
122.69, 96
122.71, 96
122.76, 96
122.76, 96
122.76, 96
123.15, 96
123.58, 96
123.58, 96
123.86, 96
124.59, 96
124.60, 96
125.39, 96
125.52, 96
125.52, 96
125.65, 96
125.78, 96
125.79, 96
125.79, 96
126.70, 96
126.95, 96
127.56, 96
127.56, 96
127.73, 96
128.47, 96
128.47, 96
128.54, 96
128.97, 96
129.16, 96
129.16, 96
129.60, 96
129.60, 96
130.22, 96
130.22, 96
130.74, 96
131.18, 96
131.18, 96
131.19, 96
131.19, 96
132.53, 96
132.53, 96
132.96, 96
133.47, 96
134.01, 96
134.06, 96
134.06, 96
134.16, 96
134.34, 96
135.05, 96
135.77, 96
136.17, 96
136.17, 96
136.47, 96
137.35, 96
138.29, 96
138.29, 96
139.31, 96
139.65, 96
139.81, 96
140.19, 96
140.71, 96
140.72, 96
141.19, 96
141.64, 96
141.64, 96
141.72, 96
142.73, 96
142.81, 96
142.81, 96
143.41, 96
143.76, 96
143.76, 96
143.76, 96
143.88, 96
143.89, 96
144.01, 96
144.05, 96
144.05, 96
144.05, 96
144.57, 96
144.57, 96
145.30, 96
145.30, 96
145.49, 96
145.49, 96
145.50, 96
145.50, 96
146.10, 96
146.11, 96
146.11, 96
146.15, 96
146.17, 96
146.88, 96
146.89, 96
146.89, 96
146.89, 96
146.89, 96
146.90, 96
147.02, 96
147.02, 96
147.03, 96
147.03, 96
147.18, 96
147.67, 96
148.58, 96
148.58, 96
149.24, 96
149.24, 96
149.67, 96
149.67, 96
149.67, 96
149.71, 96
149.71, 96
149.71, 96
149.87, 96
150.12, 96
150.21, 96
150.81, 96
150.81, 96
150.91, 96
151.38, 96
151.50, 96
151.72, 96
152.38, 96
152.78, 96
153.04, 96
153.97, 96
154.05, 96
154.05, 96
154.45, 96
154.45, 96
154.45, 96
154.54, 96
154.65, 96
154.65, 96
154.76, 96
154.91, 96
154.91, 96
154.91, 96
154.92, 96
155.93, 96
155.93, 96
155.93, 96
155.98, 96
155.98, 96
155.98, 96
155.98, 96
157.68, 96
157.74, 96
157.74, 96
158.03, 96
159.30, 96
159.48, 96
159.72, 96
161.16, 96
161.42, 96
161.55, 96
162.22, 96
162.25, 96
162.25, 96
162.35, 96
163.37, 96
163.37, 96
163.63, 96
163.77, 96
164.83, 96
165.18, 96
165.18, 96
165.46, 96
165.85, 96
166.51, 96
166.51, 96
166.51, 96
166.53, 96
166.96, 96
166.96, 96
166.96, 96
166.96, 96
167.45, 96
167.84, 96
167.86, 96
167.86, 96
168.83, 96
169.06, 96
169.30, 96
169.60, 96
169.60, 96
169.60, 96
170.12, 96
170.12, 96
170.12, 96
170.71, 96
170.93, 96
170.93, 96
171.35, 96
171.61, 96
173.16, 96
173.20, 96
173.20, 96
173.46, 96
173.75, 96
174.39, 96
175.16, 96
175.16, 96
175.16, 96
175.16, 96
175.21, 96
175.21, 96
175.58, 96
176.13, 96
176.42, 96
177.14, 96
177.14, 96
177.67, 96
177.70, 96
178.21, 96
178.62, 96
178.62, 96
178.88, 96
178.88, 96
178.88, 96
179.38, 96
179.38, 96
179.47, 96
179.78, 96
180.19, 96
180.19, 96
180.19, 96
180.19, 96
180.24, 96
180.58, 96
180.80, 96
180.81, 96
180.95, 96
181.47, 96
181.47, 96
181.47, 96
181.47, 96
181.48, 96
182.01, 96
182.02, 96
182.12, 96
182.24, 96
182.24, 96
182.73, 96
182.73, 96
182.85, 96
182.85, 96
182.86, 96
182.86, 96
182.86, 96
183.12, 96
183.49, 96
183.50, 96
183.50, 96
183.50, 96
183.54, 96
183.79, 96
184.00, 96
184.52, 96
184.72, 96
184.91, 96
184.91, 96
185.07, 96
185.08, 96
185.08, 96
185.26, 96
185.26, 96
185.26, 96
185.32, 96
185.33, 96
185.51, 96
186.08, 96
186.08, 96
186.08, 96
186.08, 96
186.26, 96
186.26, 96
188.55, 96
188.55, 96
188.74, 96
189.58, 96
189.58, 96
189.58, 96
189.82, 96
189.82, 96
189.89, 96
189.91, 96
190.10, 96
190.10, 96
190.10, 96
190.10, 96
190.23, 96
190.23, 96
190.41, 96
191.12, 96
191.12, 96
191.98, 96
191.98, 96
192.46, 96
193.27, 96
193.47, 96
193.63, 96
193.63, 96
193.99, 96
193.99, 96
193.99, 96
194.02, 96
194.02, 96
194.02, 96
194.69, 96
194.69, 96
195.06, 96
196.25, 96
196.32, 96
196.32, 96
196.32, 96
196.32, 96
197.45, 96
197.84, 96
198.33, 96
198.33, 96
198.41, 96
198.41, 96
198.41, 96
199.39, 96
201.42, 96
201.42, 96
201.42, 96
201.42, 96
201.67, 96
201.67, 96
202.25, 96
202.57, 96
202.78, 96
202.97, 96
204.65, 96
204.65, 96
205.51, 96
205.83, 96
205.83, 96
205.83, 96
205.83, 96
205.96, 96
205.97, 96
206.34, 96
206.34, 96
206.34, 96
206.34, 96
206.34, 96
206.39, 96
206.39, 96
206.39, 96
206.61, 96
206.61, 96
206.61, 96
206.92, 96
207.42, 96
207.42, 96
208.12, 96
208.12, 96
208.12, 96
208.12, 96
208.22, 96
208.22, 96
208.22, 96
208.31, 96
208.31, 96
208.31, 96
208.31, 96
208.31, 96
208.72, 96
208.72, 96
208.72, 96
208.87, 96
208.87, 96
209.49, 96
209.68, 96
209.68, 96
209.69, 96
209.69, 96
209.93, 96
209.93, 96
209.93, 96
209.93, 96
211.39, 96
211.59, 96
211.59, 96
211.62, 96
211.62, 96
211.97, 96
212.54, 96
212.54, 96
212.55, 96
212.55, 96
212.55, 96
212.64, 96
212.64, 96
212.70, 96
212.94, 96
212.94, 96
213.14, 96
213.14, 96
213.14, 96
213.48, 96
213.90, 96
213.90, 96
214.05, 96
214.10, 96
214.14, 96
214.14, 96
214.14, 96
214.24, 96
214.24, 96
214.58, 96
214.58, 96
215.26, 96
215.27, 96
215.32, 96
215.82, 96
216.31, 96
216.35, 96
216.84, 96
216.84, 96
216.89, 96
217.73, 96
218.23, 96
218.48, 96
218.82, 96
219.01, 96
219.01, 96
220.36, 96
221.21, 96
221.50, 96
221.56, 96
221.57, 96
221.57, 96
221.71, 96
221.71, 96
222.11, 96
222.78, 96
223.06, 96
223.06, 96
223.55, 96
224.61, 96
224.61, 96
225.24, 96
225.24, 96
225.24, 96
225.32, 96
225.36, 96
225.62, 96
226.27, 96
226.92, 96
227.49, 96
227.93, 96
227.93, 96
227.97, 96
227.97, 96
228.47, 96
228.51, 96
228.51, 96
228.54, 96
228.81, 96
228.81, 96
228.93, 96
230.72, 96
230.88, 96
231.09, 96
231.36, 96
232.44, 96
232.44, 96
232.44, 96
233.38, 96
233.39, 96
233.39, 96
233.39, 96
233.41, 96
234.09, 96
234.23, 96
234.25, 96
236.45, 96
236.45, 96
236.61, 96
236.61, 96
236.82, 96
236.87, 96
237.35, 96
237.94, 96
237.94, 96
237.94, 96
239.22, 96
239.25, 96
239.25, 96
240.25, 96
240.25, 96
240.30, 96
240.50, 96
240.52, 96
241.00, 96
241.00, 96
241.00, 96
241.12, 96
241.39, 96
241.39, 96
242.61, 96
242.61, 96
242.65, 96
243.08, 96
243.34, 96
243.34, 96
243.41, 96
243.41, 96
243.87, 96
243.87, 96
243.88, 96
243.88, 96
243.88, 96
243.88, 96
244.00, 96
244.25, 96
244.86, 96
245.19, 96
245.19, 96
245.55, 96
245.88, 96
245.91, 96
246.18, 96
246.18, 96
246.27, 96
246.55, 96
247.18, 96
247.46, 96
247.46, 96
247.46, 96
247.96, 96
248.28, 96
248.44, 96
248.73, 96
248.74, 96
248.74, 96
248.74, 96
248.99, 96
249.10, 96
249.19, 96
249.19, 96
249.19, 96
249.54, 96
249.54, 96
249.54, 96
249.54, 96
249.54, 96
249.77, 96
249.77, 96
250.63, 96
250.63, 96
250.93, 96
250.97, 96
250.97, 96
251.07, 96
251.07, 96
251.14, 96
251.31, 96
252.15, 96
252.34, 96
252.85, 96
253.06, 96
253.30, 96
254.69, 96
254.69, 96
254.69, 96
254.69, 96
255.53, 96
255.53, 96
255.92, 96
256.05, 96
256.23, 96
256.88, 96
256.88, 96
256.88, 96
257.37, 96
258.71, 96
259.69, 96
259.83, 96
260.09, 96
260.09, 96
260.09, 96
260.31, 96
261.01, 96
261.09, 96
261.47, 96
261.88, 96
263.72, 96
264.22, 96
264.22, 96
264.22, 96
264.22, 96
264.22, 96
264.22, 96
264.22, 96
264.32, 96
264.37, 96
264.38, 96
264.38, 96
264.70, 96
264.74, 96
265.98, 96
265.98, 96
266.02, 96
266.02, 96
266.13, 96
266.48, 96
267.96, 96
268.26, 96
268.26, 96
268.58, 96
268.80, 96
269.14, 96
269.15, 96
269.15, 96
269.40, 96
269.53, 96
269.56, 96
269.58, 96
270.03, 96
270.03, 96
270.49, 96
270.97, 96
270.97, 96
271.00, 96
271.07, 96
271.07, 96
271.07, 96
271.07, 96
271.78, 96
271.79, 96
272.27, 96
272.27, 96
272.40, 96
273.45, 96
273.51, 96
273.51, 96
273.58, 96
274.12, 96
274.12, 96
274.40, 96
274.41, 96
274.41, 96
274.41, 96
275.12, 96
275.12, 96
275.12, 96
275.12, 96
275.12, 96
275.15, 96
275.15, 96
275.15, 96
276.25, 96
276.25, 96
276.44, 96
276.45, 96
277.32, 96
277.32, 96
277.32, 96
277.53, 96
278.27, 96
278.69, 96
278.69, 96
278.69, 96
279.42, 96
280.16, 96
280.19, 96
280.19, 96
280.50, 96
281.29, 96
281.30, 96
281.39, 96
282.00, 96
282.59, 96
282.73, 96
283.06, 96
283.81, 96
283.95, 96
284.57, 96
284.57, 96
284.57, 96
285.20, 96
285.29, 96
285.81, 96
285.82, 96
288.66, 96
289.24, 96
289.25, 96
289.25, 96
291.25, 96
291.25, 96
291.67, 96
292.52, 96
292.52, 96
292.82, 96
292.87, 96
292.87, 96
294.83, 96
295.78, 96
296.34, 96
296.59, 96
297.03, 96
297.34, 96
297.52, 96
297.52, 96
297.52, 96
297.52, 96
297.80, 96
298.10, 96
299.22, 96
300.33, 96
300.39, 96
300.46, 96
300.71, 96
301.43, 96
303.74, 96
303.88, 96
303.88, 96
304.84, 96
304.84, 96
304.84, 96
304.84, 96
304.85, 96
305.03, 96
305.03, 96
305.27, 96
305.28, 96
305.53, 96
306.48, 96
306.93, 96
308.73, 96
308.81, 96
310.15, 96
310.15, 96
310.16, 96
310.16, 96
310.33, 96
310.33, 96
310.40, 96
310.41, 96
310.41, 96
310.63, 96
311.17, 96
312.17, 96
312.28, 96
312.61, 96
313.74, 96
314.52, 96
314.87, 96
314.87, 96
314.97, 96
315.42, 96
315.87, 96
316.51, 96
317.58, 96
317.61, 96
317.61, 96
318.35, 96
318.43, 96
318.43, 96
318.95, 96
318.95, 96
318.95, 96
318.95, 96
318.96, 96
318.96, 96
318.96, 96
320.90, 96
320.90, 96
320.93, 96
321.31, 96
321.68, 96
321.68, 96
321.98, 96
321.98, 96
321.98, 96
321.98, 96
322.23, 96
323.04, 96
323.71, 96
323.79, 96
323.79, 96
323.79, 96
323.81, 96
323.81, 96
323.81, 96
325.28, 96
325.67, 96
325.68, 96
327.03, 96
327.79, 96
328.49, 96
328.49, 96
328.49, 96
328.59, 96
328.59, 96
329.10, 96
329.99, 96
329.99, 96
329.99, 96
329.99, 96
329.99, 96
330.28, 96
330.46, 96
330.95, 96
331.03, 96
331.06, 96
331.42, 96
332.10, 96
332.10, 96
332.46, 96
332.58, 96
333.70, 96
333.71, 96
334.17, 96
334.80, 96
335.38, 96
335.38, 96
335.42, 96
335.42, 96
335.81, 96
336.46, 96
336.46, 96
336.46, 96
336.82, 96
336.93, 96
336.93, 96
336.93, 96
338.02, 96
338.04, 96
338.04, 96
338.18, 96
338.30, 96
338.30, 96
338.30, 96
338.30, 96
338.30, 96
338.30, 96
338.30, 96
338.30, 96
338.30, 96
338.30, 96
339.19, 96
339.26, 96
339.48, 96
339.48, 96
339.69, 96
339.76, 96
340.60, 96
341.43, 96
341.46, 96
341.46, 96
341.79, 96
341.79, 96
343.15, 96
343.24, 96
343.25, 96
343.48, 96
343.90, 96
344.60, 96
345.18, 96
345.89, 96
347.87, 96
348.33, 96
350.16, 96
350.80, 96
351.85, 96
352.49, 96
352.49, 96
352.66, 96
352.92, 96
353.03, 96
354.06, 96
354.06, 96
354.06, 96
354.14, 96
354.56, 96
354.56, 96
354.67, 96
354.85, 96
355.49, 96
356.26, 96
356.26, 96
357.02, 96
357.46, 96
357.71, 96
357.71, 96
357.71, 96
357.71, 96
357.77, 96
357.77, 96
357.77, 96
357.77, 96
357.78, 96
357.78, 96
357.78, 96
358.42, 96
358.50, 96
358.58, 96
359.13, 96
359.13, 96
359.70, 96
359.70, 96
359.70, 96
360.68, 96
361.53, 96
361.53, 96
361.64, 96
361.64, 96
361.64, 96
362.58, 96
362.86, 96
363.13, 96
363.13, 96
363.81, 96
363.81, 96
363.81, 96
363.81, 96
363.99, 96
364.56, 96
364.57, 96
364.57, 96
364.89, 96
364.89, 96
364.91, 96
364.91, 96
365.02, 96
365.02, 96
365.02, 96
365.79, 96
366.67, 96
366.67, 96
367.26, 96
367.66, 96
367.66, 96
367.66, 96
367.66, 96
368.49, 96
368.49, 96
368.74, 96
369.34, 96
369.34, 96
369.34, 96
370.00, 96
370.01, 96
370.81, 96
370.81, 96
370.81, 96
370.81, 96
372.12, 96
372.30, 96
372.30, 96
373.17, 96
374.49, 96
374.75, 96
374.75, 96
374.75, 96
375.19, 96
375.81, 96
375.96, 96
376.27, 96
376.39, 96
376.39, 96
376.48, 96
376.64, 96
376.64, 96
376.83, 96
376.83, 96
377.55, 96
377.55, 96
377.68, 96
377.69, 96
377.79, 96
378.02, 96
378.39, 96
378.49, 96
378.49, 96
378.49, 96
378.49, 96
378.57, 96
378.77, 96
378.77, 96
379.14, 96
379.50, 96
381.33, 96
381.34, 96
381.41, 96
381.63, 96
381.63, 96
381.87, 96
382.11, 96
382.45, 96
382.57, 96
382.61, 96
383.37, 96
383.65, 96
383.65, 96
383.73, 96
383.73, 96
384.53, 96
384.74, 96
384.74, 96
384.74, 96
384.75, 96
384.75, 96
384.75, 96
384.79, 96
384.84, 96
384.98, 96
385.59, 96
385.85, 96
385.85, 96
385.85, 96
385.86, 96
385.86, 96
385.86, 96
385.88, 96
388.91, 96
388.91, 96
388.91, 96
388.92, 96
388.92, 96
389.20, 96
389.20, 96
389.20, 96
389.25, 96
389.25, 96
389.65, 96
390.06, 96
390.06, 96
390.26, 96
390.26, 96
390.26, 96
390.36, 96
390.50, 96
390.50, 96
390.50, 96
391.15, 96
392.88, 96
392.95, 96
393.47, 96
393.47, 96
394.18, 96
395.45, 96
395.69, 96
395.83, 96
396.43, 96
396.47, 96
396.48, 96
396.61, 96
396.61, 96
397.44, 96
397.44, 96
397.44, 96
398.34, 96
398.34, 96
399.44, 96
399.44, 96
399.45, 96
399.45, 96
399.45, 96
399.69, 96
399.69, 96
400.00, 96
400.20, 96
400.20, 96
400.20, 96
402.51, 96
403.14, 96
403.14, 96
403.14, 96
403.14, 96
403.15, 96
403.43, 96
403.43, 96
403.48, 96
403.61, 96
403.78, 96
404.18, 96
404.18, 96
404.18, 96
404.60, 96
404.99, 96
406.22, 96
406.22, 96
407.24, 96
408.13, 96
408.40, 96
409.04, 96
409.04, 96
409.46, 96
410.73, 96
410.73, 96
410.73, 96
410.78, 96
410.78, 96
410.78, 96
410.78, 96
410.78, 96
410.78, 96
410.78, 96
410.79, 96
410.79, 96
410.79, 96
411.04, 96
411.04, 96
411.04, 96
411.40, 96
411.87, 96
412.13, 96
412.44, 96
412.69, 96
412.69, 96
412.75, 96
413.39, 96
415.14, 96
415.33, 96
415.96, 96
415.96, 96
415.96, 96
415.96, 96
416.67, 96
416.67, 96
416.67, 96
416.67, 96
417.59, 96
417.60, 96
417.60, 96
417.64, 96
417.64, 96
417.64, 96
417.64, 96
417.67, 96
417.67, 96
417.84, 96
417.95, 96
417.96, 96
417.96, 96
418.09, 96
418.22, 96
419.26, 96
419.89, 96
420.21, 96
420.85, 96
420.85, 96
421.01, 96
421.10, 96
421.10, 96
422.08, 96
422.15, 96
422.15, 96
422.91, 96
424.55, 96
425.27, 96
425.27, 96
425.34, 96
426.23, 96
426.24, 96
426.24, 96
426.92, 96
426.92, 96
427.06, 96
427.06, 96
427.19, 96
427.19, 96
427.75, 96
427.75, 96
427.75, 96
427.75, 96
427.75, 96
427.77, 96
427.77, 96
428.11, 96
428.11, 96
428.65, 96
429.87, 96
430.37, 96
430.97, 96
431.09, 96
431.09, 96
431.74, 96
431.88, 96
431.88, 96
431.88, 96
431.88, 96
432.00, 96
432.00, 96
432.10, 96
432.11, 96
432.73, 96
432.73, 96
432.73, 96
432.79, 96
432.79, 96
432.88, 96
432.88, 96
433.74, 96
434.14, 96
434.62, 96
434.83, 96
435.28, 96
435.28, 96
435.34, 96
435.34, 96
435.36, 96
435.36, 96
435.53, 96
436.13, 96
437.49, 96
437.69, 96
437.69, 96
437.69, 96
437.86, 96
439.24, 96
439.76, 96
439.82, 96
439.82, 96
439.83, 96
439.83, 96
439.99, 96
440.14, 96
440.14, 96
440.33, 96
440.42, 96
440.85, 96
440.96, 96
440.96, 96
440.96, 96
440.96, 96
440.96, 96
440.96, 96
441.09, 96
441.44, 96
441.44, 96
441.44, 96
442.28, 96
442.91, 96
442.96, 96
443.02, 96
443.73, 96
444.61, 96
444.65, 96
444.99, 96
445.01, 96
445.01, 96
445.19, 96
445.20, 96
445.84, 96
446.03, 96
446.31, 96
447.51, 96
447.55, 96
447.62, 96
447.62, 96
448.06, 96
448.52, 96
448.52, 96
449.06, 96
449.06, 96
449.07, 96
449.07, 96
449.07, 96
449.07, 96
449.07, 96
449.07, 96
449.07, 96
449.37, 96
449.51, 96
449.62, 96
449.62, 96
450.36, 96
451.30, 96
451.31, 96
451.32, 96
451.32, 96
451.48, 96
452.02, 96
452.21, 96
452.21, 96
452.39, 96
452.39, 96
452.77, 96
453.64, 96
453.96, 96
453.97, 96
454.35, 96
454.35, 96
454.87, 96
454.87, 96
454.87, 96
454.87, 96
455.03, 96
455.03, 96
455.03, 96
455.03, 96
455.08, 96
455.28, 96
455.28, 96
455.28, 96
455.28, 96
456.18, 96
456.32, 96
456.32, 96
456.94, 96
456.94, 96
457.06, 96
457.06, 96
457.06, 96
457.06, 96
457.06, 96
458.78, 96
458.78, 96
458.81, 96
459.23, 96
459.23, 96
459.69, 96
459.69, 96
460.07, 96
460.47, 96
461.57, 96
462.34, 96
462.34, 96
463.87, 96
463.87, 96
464.06, 96
464.06, 96
464.28, 96
464.51, 96
464.51, 96
464.94, 96
465.03, 96
465.03, 96
465.03, 96
465.03, 96
465.21, 96
465.38, 96
465.86, 96
465.86, 96
465.87, 96
465.87, 96
466.08, 96
466.27, 96
466.62, 96
466.62, 96
467.51, 96
467.95, 96
468.89, 96
469.08, 96
469.08, 96
469.69, 96
469.83, 96
469.84, 96
469.84, 96
470.10, 96
470.91, 96
470.91, 96
470.91, 96
470.91, 96
470.91, 96
472.01, 96
472.44, 96
472.70, 96
472.70, 96
472.73, 96
474.02, 96
474.02, 96
474.02, 96
474.06, 96
476.00, 96
476.00, 96
476.00, 96
476.17, 96
476.71, 96
476.71, 96
476.71, 96
476.82, 96
477.20, 96
477.20, 96
477.20, 96
477.31, 96
477.33, 96
477.46, 96
477.87, 96
478.13, 96
478.13, 96
478.51, 96
479.12, 96
479.36, 96
479.61, 96
479.66, 96
480.25, 96
480.38, 96
480.38, 96
480.38, 96
480.59, 96
481.65, 96
481.65, 96
482.27, 96
482.27, 96
482.27, 96
482.27, 96
482.28, 96
482.28, 96
483.03, 96
483.74, 96
483.74, 96
485.12, 96
485.12, 96
485.12, 96
485.29, 96
485.39, 96
485.76, 96
487.33, 96
487.34, 96
487.85, 96
487.93, 96
488.56, 96
488.56, 96
489.03, 96
490.41, 96
490.41, 96
490.45, 96
490.59, 96
490.59, 96
490.60, 96
490.60, 96
490.60, 96
490.71, 96
490.84, 96
491.09, 96
491.18, 96
491.89, 96
491.90, 96
492.46, 96
492.75, 96
492.82, 96
492.82, 96
492.98, 96
493.53, 96
493.77, 96
493.96, 96
494.14, 96
494.14, 96
495.02, 96
495.02, 96
495.02, 96
495.02, 96
495.21, 96
495.54, 96
495.54, 96
496.18, 96
496.18, 96
496.53, 96
496.53, 96
497.65, 96
497.65, 96
498.10, 96
498.90, 96
498.90, 96
499.65, 96
499.66, 96
500.01, 96
500.04, 96
500.04, 96
500.10, 96
500.22, 96
501.78, 96
501.79, 96
501.79, 96
502.22, 96
502.60, 96
502.80, 96
502.83, 96
502.86, 96
502.87, 96
503.18, 96
503.29, 96
503.50, 96
504.00, 96
504.21, 96
504.21, 96
504.59, 96
504.84, 96
504.84, 96
504.88, 96
506.29, 96
506.30, 96
506.30, 96
506.43, 96
506.43, 96
507.21, 96
507.45, 96
507.56, 96
507.57, 96
508.76, 96
508.85, 96
509.18, 96
510.97, 96
511.60, 96
511.85, 96
511.85, 96
511.85, 96
511.93, 96
511.93, 96
512.15, 96
512.15, 96
512.15, 96
512.15, 96
512.16, 96
512.16, 96
512.39, 96
512.39, 96
512.49, 96
513.02, 96
513.88, 96
513.92, 96
513.98, 96
513.98, 96
514.62, 96
514.94, 96
514.94, 96
515.35, 96
515.35, 96
515.38, 96
517.24, 96
517.24, 96
517.24, 96
518.03, 96
518.34, 96
518.79, 96
518.96, 96
519.24, 96
519.24, 96
519.43, 96
519.63, 96
519.82, 96
519.82, 96
520.28, 96
520.28, 96
520.28, 96
520.39, 96
520.39, 96
520.74, 96
520.92, 96
520.97, 96
520.97, 96
521.21, 96
521.27, 96
521.31, 96
521.31, 96
521.31, 96
521.31, 96
521.31, 96
521.32, 96
521.92, 96
522.40, 96
522.40, 96
522.46, 96
522.46, 96
522.46, 96
522.69, 96
523.24, 96
524.28, 96
526.37, 96
526.44, 96
527.00, 96
527.50, 96
527.59, 96
531.04, 96
531.04, 96
531.29, 96
532.36, 96
532.36, 96
532.43, 96
532.75, 96
532.88, 96
533.19, 96
533.20, 96
533.20, 96
533.20, 96
533.84, 96
534.37, 96
534.37, 96
534.37, 96
534.67, 96
534.67, 96
534.79, 96
534.79, 96
534.79, 96
535.05, 96
535.93, 96
536.12, 96
536.12, 96
536.50, 96
536.50, 96
537.22, 96
537.22, 96
537.42, 96
537.49, 96
537.50, 96
538.16, 96
538.25, 96
538.25, 96
538.57, 96
538.58, 96
538.58, 96
538.58, 96
538.71, 96
538.75, 96
539.10, 96
539.19, 96
539.20, 96
539.20, 96
539.20, 96
539.25, 96
539.26, 96
539.27, 96
539.27, 96
539.76, 96
540.00, 96
540.10, 96
540.10, 96
540.22, 96
540.84, 96
541.03, 96
541.03, 96
541.03, 96
541.47, 96
541.48, 96
541.71, 96
541.71, 96
541.81, 96
541.81, 96
541.83, 96
541.83, 96
541.88, 96
541.88, 96
541.88, 96
542.23, 96
542.42, 96
543.38, 96
543.69, 96
544.28, 96
544.28, 96
544.35, 96
544.35, 96
544.60, 96
544.60, 96
544.60, 96
544.64, 96
546.35, 96
546.59, 96
546.70, 96
546.80, 96
546.97, 96
548.10, 96
549.42, 96
550.57, 96
550.57, 96
551.21, 96
551.22, 96
551.22, 96
551.25, 96
551.25, 96
551.28, 96
551.34, 96
551.34, 96
551.95, 96
552.16, 96
552.16, 96
552.16, 96
552.62, 96
552.62, 96
553.44, 96
553.44, 96
553.44, 96
553.45, 96
553.51, 96
553.70, 96
553.70, 96
553.78, 96
554.38, 96
554.38, 96
554.38, 96
554.38, 96
554.56, 96
555.84, 96
555.90, 96
556.69, 96
557.16, 96
557.42, 96
557.72, 96
558.03, 96
558.04, 96
558.08, 96
558.08, 96
558.09, 96
559.12, 96
559.25, 96
559.77, 96
559.84, 96
559.85, 96
560.19, 96
560.19, 96
560.35, 96
560.64, 96
560.86, 96
560.86, 96
561.59, 96
561.59, 96
561.65, 96
561.73, 96
561.73, 96
561.94, 96
562.86, 96
562.89, 96
562.89, 96
562.89, 96
563.54, 96
564.97, 96
565.73, 96
566.36, 96
566.91, 96
566.91, 96
567.14, 96
567.20, 96
567.20, 96
567.81, 96
567.81, 96
568.23, 96
568.74, 96
568.97, 96
568.97, 96
570.68, 96
571.52, 96
571.67, 96
572.34, 96
572.55, 96
573.34, 96
573.34, 96
573.51, 96
573.52, 96
573.55, 96
573.55, 96
574.54, 96
574.55, 96
574.77, 96
575.21, 96
575.21, 96
575.21, 96
575.64, 96
575.64, 96
575.75, 96
576.63, 96
576.64, 96
576.83, 96
577.34, 96
578.93, 96
579.13, 96
579.13, 96
579.31, 96
579.44, 96
579.44, 96
579.53, 96
579.53, 96
579.53, 96
579.68, 96
580.31, 96
580.62, 96
580.62, 96
581.41, 96
581.42, 96
581.55, 96
582.00, 96
582.00, 96
582.00, 96
582.00, 96
582.41, 96
582.41, 96
582.60, 96
582.61, 96
584.84, 96
585.59, 96
585.59, 96
585.59, 96
585.59, 96
586.70, 96
586.71, 96
586.74, 96
586.75, 96
586.75, 96
586.82, 96
586.83, 96
586.83, 96
586.89, 96
587.24, 96
588.44, 96
588.60, 96
588.60, 96
588.61, 96
589.13, 96
589.51, 96
589.51, 96
589.51, 96
589.52, 96
590.37, 96
590.38, 96
592.70, 96
592.70, 96
593.13, 96
593.25, 96
593.26, 96
593.42, 96
593.42, 96
593.52, 96
593.54, 96
593.66, 96
593.66, 96
593.66, 96
593.66, 96
593.67, 96
594.58, 96
594.58, 96
594.92, 96
594.93, 96
594.93, 96
594.93, 96
594.93, 96
594.93, 96
595.25, 96
595.25, 96
596.35, 96
597.21, 96
597.21, 96
597.26, 96
597.85, 96
598.33, 96
598.53, 96
599.03, 96
599.18, 96
599.18, 96
599.84, 96
599.86, 96
