0.00, 102
0.00, 99
0.00, 99
0.01, 99
0.01, 99
0.01, 98
0.01, 98
0.01, 98
0.01, 98
0.02, 98
0.02, 97
0.04, 97
0.05, 97
0.06, 97
0.09, 97
0.09, 97
0.12, 97
0.12, 97
0.12, 97
0.26, 97
0.27, 97
0.31, 97
0.32, 97
0.32, 97
0.32, 97
0.38, 97
0.38, 97
0.38, 97
0.46, 97
0.46, 97
0.46, 97
0.51, 97
0.55, 97
0.55, 97
0.59, 97
0.59, 97
0.60, 97
0.60, 97
0.60, 97
0.60, 97
0.60, 97
0.60, 97
0.64, 97
0.64, 97
0.64, 97
0.64, 96
1.33, 96
2.32, 96
2.42, 96
2.49, 96
2.51, 96
3.73, 96
5.77, 96
6.08, 96
6.71, 96
6.77, 96
6.93, 96
6.93, 96
7.32, 96
8.24, 96
8.27, 96
8.28, 96
8.46, 96
8.46, 96
9.95, 96
10.22, 96
10.22, 96
10.45, 96
11.09, 96
12.16, 96
12.24, 96
13.60, 96
13.60, 96
13.87, 96
13.87, 96
14.32, 96
14.48, 96
14.48, 96
14.87, 96
14.87, 96
15.25, 96
15.25, 96
15.25, 96
15.61, 96
15.70, 96
15.72, 96
15.76, 96
15.79, 96
16.80, 96
16.80, 96
16.87, 96
16.87, 96
17.03, 96
17.03, 96
17.21, 96
17.21, 96
17.21, 96
17.46, 96
17.46, 96
18.20, 96
18.20, 96
18.20, 96
18.21, 96
18.21, 96
18.21, 96
18.21, 96
19.21, 96
19.21, 96
19.22, 96
19.83, 96
20.03, 96
20.03, 96
20.03, 96
20.53, 96
21.38, 96
21.93, 96
21.93, 96
22.52, 96
24.89, 96
24.89, 96
25.07, 96
25.13, 96
25.13, 96
25.13, 96
25.57, 96
25.68, 96
25.99, 96
26.48, 96
26.75, 96
26.75, 96
26.94, 96
27.04, 96
27.12, 96
27.17, 96
27.20, 96
27.20, 96
27.28, 96
28.94, 96
29.21, 96
29.21, 96
29.21, 96
30.06, 96
31.14, 96
31.20, 96
31.20, 96
31.20, 96
31.20, 96
31.42, 96
31.79, 96
32.02, 96
32.02, 96
32.02, 96
32.45, 96
32.45, 96
32.64, 96
34.35, 96
34.44, 96
34.95, 96
34.95, 96
35.08, 96
35.61, 96
35.61, 96
35.61, 96
35.81, 96
35.95, 96
36.00, 96
36.88, 96
36.88, 96
36.88, 96
36.88, 96
36.88, 96
36.93, 96
38.10, 96
38.77, 96
38.77, 96
39.02, 96
39.12, 96
40.31, 96
40.31, 96
40.31, 96
40.31, 96
40.31, 96
40.35, 96
40.63, 96
40.68, 96
41.32, 96
41.32, 96
41.42, 96
42.09, 96
42.27, 96
42.27, 96
42.36, 96
42.55, 96
44.20, 96
45.13, 96
45.13, 96
45.29, 96
45.30, 96
45.34, 96
45.34, 96
45.85, 96
45.92, 96
45.92, 96
46.01, 96
46.01, 96
46.01, 96
46.07, 96
46.07, 96
46.07, 96
46.30, 96
46.31, 96
46.32, 96
46.55, 96
46.55, 96
47.05, 96
47.18, 96
47.57, 96
48.36, 96
48.38, 96
49.55, 96
50.84, 96
50.84, 96
51.16, 96
51.32, 96
51.91, 96
52.86, 96
52.86, 96
52.86, 96
53.18, 96
53.18, 96
53.31, 96
53.31, 96
53.31, 96
53.83, 96
53.84, 96
54.49, 96
54.51, 96
54.54, 96
55.06, 96
55.06, 96
55.19, 96
55.19, 96
56.10, 96
56.45, 96
56.45, 96
56.45, 96
56.46, 96
56.48, 96
56.62, 96
56.66, 96
56.66, 96
56.86, 96
56.86, 96
56.86, 96
56.86, 96
56.86, 96
56.87, 96
57.35, 96
57.35, 96
57.35, 96
58.16, 96
58.16, 96
58.76, 96
58.76, 96
59.51, 96
59.62, 96
59.62, 96
59.72, 96
59.72, 96
59.72, 96
59.73, 96
60.19, 96
60.20, 96
60.48, 96
60.48, 96
60.76, 96
60.76, 96
61.75, 96
61.75, 96
61.75, 96
61.75, 96
61.75, 96
62.00, 96
62.00, 96
63.14, 96
63.14, 96
63.64, 96
63.91, 96
63.91, 96
64.70, 96
65.00, 96
65.00, 96
65.34, 96
65.67, 96
66.90, 96
67.23, 96
67.23, 96
67.75, 96
67.95, 96
68.37, 96
68.37, 96
68.68, 96
69.25, 96
69.25, 96
69.25, 96
69.62, 96
70.36, 96
72.33, 96
72.40, 96
72.40, 96
72.94, 96
72.94, 96
73.34, 96
73.45, 96
73.45, 96
73.77, 96
74.15, 96
74.15, 96
74.15, 96
74.16, 96
75.31, 96
75.45, 96
75.77, 96
76.85, 96
77.27, 96
77.74, 96
78.26, 96
78.26, 96
78.57, 96
79.22, 96
79.22, 96
79.54, 96
79.54, 96
80.41, 96
80.41, 96
80.84, 96
80.96, 96
80.99, 96
80.99, 96
80.99, 96
81.12, 96
81.41, 96
82.15, 96
82.15, 96
82.15, 96
82.28, 96
82.28, 96
82.28, 96
82.28, 96
82.28, 96
82.28, 96
82.38, 96
82.38, 96
84.19, 96
84.19, 96
84.19, 96
84.20, 96
84.96, 96
85.22, 96
85.34, 96
86.14, 96
86.14, 96
86.46, 96
86.58, 96
86.82, 96
86.89, 96
87.03, 96
87.04, 96
87.42, 96
87.81, 96
88.03, 96
88.14, 96
88.35, 96
88.35, 96
89.15, 96
89.15, 96
89.17, 96
90.74, 96
90.74, 96
90.77, 96
91.53, 96
91.53, 96
91.53, 96
91.91, 96
92.31, 96
93.14, 96
93.14, 96
93.73, 96
95.08, 96
95.96, 96
95.96, 96
96.25, 96
96.69, 96
96.69, 96
99.03, 96
99.06, 96
99.06, 96
99.53, 96
99.81, 96
99.82, 96
99.82, 96
99.82, 96
99.89, 96
99.99, 96
99.99, 96
100.00, 96
101.51, 96
101.51, 96
101.70, 96
101.70, 96
101.70, 96
102.20, 96
102.88, 96
102.88, 96
102.97, 96
103.03, 96
103.03, 96
103.03, 96
103.03, 96
103.62, 96
105.49, 96
105.49, 96
106.13, 96
106.13, 96
106.13, 96
106.17, 96
106.18, 96
106.18, 96
106.25, 96
106.25, 96
106.54, 96
106.96, 96
107.05, 96
107.77, 96
107.93, 96
107.93, 96
107.93, 96
107.93, 96
107.93, 96
108.52, 96
108.52, 96
108.52, 96
108.52, 96
108.52, 96
108.95, 96
108.95, 96
110.31, 96
110.31, 96
111.09, 96
111.09, 96
111.32, 96
111.63, 96
113.24, 96
114.12, 96
114.12, 96
114.12, 96
114.12, 96
114.12, 96
114.12, 96
115.43, 96
115.43, 96
115.43, 96
115.71, 96
115.72, 96
115.72, 96
115.72, 96
115.83, 96
116.06, 96
116.06, 96
116.06, 96
116.06, 96
116.06, 96
116.06, 96
116.60, 96
116.60, 96
118.39, 96
118.39, 96
118.39, 96
119.87, 96
120.09, 96
120.28, 96
120.66, 96
120.66, 96
120.66, 96
120.81, 96
120.81, 96
120.81, 96
120.81, 96
120.83, 96
120.83, 96
121.35, 96
121.61, 96
121.94, 96
121.97, 96
121.97, 96
122.57, 96
122.84, 96
123.54, 96
123.90, 96
124.26, 96
124.31, 96
124.31, 96
124.31, 96
124.31, 96
124.68, 96
124.99, 96
125.01, 96
125.01, 96
125.01, 96
125.01, 96
125.02, 96
125.26, 96
125.26, 96
125.29, 96
125.34, 96
125.34, 96
125.35, 96
125.72, 96
126.13, 96
126.13, 96
126.42, 96
127.17, 96
127.17, 96
128.03, 96
128.16, 96
128.16, 96
128.30, 96
128.45, 96
128.45, 96
128.45, 96
129.38, 96
129.61, 96
130.22, 96
130.22, 96
130.41, 96
131.15, 96
131.15, 96
131.21, 96
131.63, 96
131.78, 96
131.78, 96
132.13, 96
132.13, 96
132.81, 96
132.81, 96
133.43, 96
133.87, 96
133.87, 96
133.87, 96
133.87, 96
135.16, 96
135.16, 96
135.57, 96
136.04, 96
136.57, 96
136.62, 96
136.62, 96
136.70, 96
136.84, 96
137.58, 96
138.38, 96
138.78, 96
138.78, 96
139.03, 96
139.90, 96
140.82, 96
140.82, 96
141.78, 96
142.12, 96
142.32, 96
142.73, 96
143.34, 96
143.35, 96
143.83, 96
144.25, 96
144.25, 96
144.32, 96
145.32, 96
145.41, 96
145.41, 96
146.01, 96
146.36, 96
146.36, 96
146.36, 96
146.48, 96
146.48, 96
146.59, 96
146.62, 96
146.63, 96
146.63, 96
147.11, 96
147.11, 96
147.85, 96
147.86, 96
148.08, 96
148.08, 96
148.08, 96
148.08, 96
148.71, 96
148.71, 96
148.71, 96
148.75, 96
148.79, 96
149.48, 96
149.48, 96
149.48, 96
149.48, 96
149.48, 96
149.50, 96
149.63, 96
149.63, 96
149.64, 96
149.64, 96
149.79, 96
150.30, 96
151.17, 96
151.17, 96
151.79, 96
151.80, 96
152.22, 96
152.22, 96
152.22, 96
152.26, 96
152.26, 96
152.26, 96
152.45, 96
152.73, 96
152.83, 96
153.48, 96
153.48, 96
153.58, 96
153.99, 96
154.12, 96
154.31, 96
155.01, 96
155.43, 96
155.70, 96
156.61, 96
156.67, 96
156.67, 96
156.99, 96
156.99, 96
156.99, 96
157.09, 96
157.19, 96
157.19, 96
157.33, 96
157.47, 96
157.47, 96
157.47, 96
157.48, 96
158.62, 96
158.62, 96
158.62, 96
158.65, 96
158.65, 96
158.65, 96
158.65, 96
160.36, 96
160.42, 96
160.42, 96
160.69, 96
161.90, 96
162.04, 96
162.29, 96
163.78, 96
164.05, 96
164.17, 96
164.85, 96
164.90, 96
164.90, 96
165.01, 96
166.07, 96
166.07, 96
166.30, 96
166.44, 96
167.44, 96
167.86, 96
167.86, 96
168.19, 96
168.57, 96
169.19, 96
169.19, 96
169.19, 96
169.21, 96
169.66, 96
169.66, 96
169.67, 96
169.67, 96
170.14, 96
170.55, 96
170.58, 96
170.58, 96
171.54, 96
171.73, 96
171.92, 96
172.19, 96
172.20, 96
172.20, 96
172.74, 96
172.74, 96
172.74, 96
173.40, 96
173.61, 96
173.61, 96
174.03, 96
174.29, 96
175.81, 96
175.84, 96
175.84, 96
176.08, 96
176.35, 96
176.98, 96
177.75, 96
177.75, 96
177.75, 96
177.75, 96
177.80, 96
177.80, 96
178.24, 96
178.81, 96
179.07, 96
179.81, 96
179.81, 96
180.35, 96
180.39, 96
180.91, 96
181.34, 96
181.34, 96
181.62, 96
181.62, 96
181.62, 96
182.15, 96
182.16, 96
182.24, 96
182.51, 96
183.04, 96
183.04, 96
183.04, 96
183.04, 96
183.10, 96
183.46, 96
183.69, 96
183.69, 96
183.84, 96
184.39, 96
184.39, 96
184.39, 96
184.39, 96
184.39, 96
184.94, 96
184.94, 96
185.05, 96
185.15, 96
185.15, 96
185.62, 96
185.62, 96
185.76, 96
185.76, 96
185.76, 96
185.77, 96
185.77, 96
186.05, 96
186.42, 96
186.42, 96
186.42, 96
186.42, 96
186.47, 96
186.69, 96
186.93, 96
187.43, 96
187.63, 96
187.88, 96
187.88, 96
188.06, 96
188.06, 96
188.06, 96
188.24, 96
188.24, 96
188.24, 96
188.30, 96
188.31, 96
188.46, 96
189.05, 96
189.06, 96
189.06, 96
189.06, 96
189.24, 96
189.24, 96
191.56, 96
191.57, 96
191.74, 96
192.58, 96
192.59, 96
192.59, 96
192.85, 96
192.85, 96
192.95, 96
192.97, 96
193.22, 96
193.22, 96
193.22, 96
193.22, 96
193.35, 96
193.35, 96
193.54, 96
194.22, 96
194.22, 96
195.17, 96
195.17, 96
195.65, 96
196.45, 96
196.67, 96
196.84, 96
196.84, 96
197.18, 96
197.18, 96
197.19, 96
197.21, 96
197.21, 96
197.21, 96
197.92, 96
197.92, 96
198.35, 96
199.53, 96
199.59, 96
199.59, 96
199.59, 96
199.59, 96
200.62, 96
201.04, 96
201.49, 96
201.49, 96
201.59, 96
201.59, 96
201.59, 96
202.59, 96
204.67, 96
204.67, 96
204.68, 96
204.68, 96
204.93, 96
204.93, 96
205.51, 96
205.81, 96
205.99, 96
206.17, 96
207.88, 96
207.89, 96
208.79, 96
209.12, 96
209.12, 96
209.12, 96
209.13, 96
209.24, 96
209.26, 96
209.69, 96
209.70, 96
209.70, 96
209.70, 96
209.70, 96
209.75, 96
209.75, 96
209.76, 96
209.98, 96
209.99, 96
209.99, 96
210.27, 96
210.76, 96
210.76, 96
211.44, 96
211.44, 96
211.45, 96
211.45, 96
211.55, 96
211.55, 96
211.56, 96
211.65, 96
211.65, 96
211.65, 96
211.65, 96
211.65, 96
212.07, 96
212.07, 96
212.07, 96
212.21, 96
212.22, 96
212.82, 96
213.04, 96
213.04, 96
213.04, 96
213.04, 96
213.29, 96
213.29, 96
213.29, 96
213.29, 96
214.74, 96
214.96, 96
214.96, 96
214.99, 96
214.99, 96
215.37, 96
215.97, 96
215.97, 96
215.98, 96
215.98, 96
215.98, 96
216.09, 96
216.09, 96
216.14, 96
216.36, 96
216.36, 96
216.58, 96
216.59, 96
216.59, 96
216.97, 96
217.38, 96
217.38, 96
217.54, 96
217.59, 96
217.63, 96
217.63, 96
217.63, 96
217.74, 96
217.74, 96
218.12, 96
218.12, 96
218.82, 96
218.82, 96
218.90, 96
219.41, 96
219.88, 96
219.91, 96
220.35, 96
220.35, 96
220.39, 96
221.21, 96
221.73, 96
222.02, 96
222.34, 96
222.54, 96
222.54, 96
224.01, 96
224.85, 96
225.16, 96
225.22, 96
225.23, 96
225.23, 96
225.37, 96
225.37, 96
225.74, 96
226.41, 96
226.72, 96
226.72, 96
227.20, 96
228.35, 96
228.35, 96
228.91, 96
228.91, 96
228.92, 96
228.98, 96
229.02, 96
229.31, 96
229.97, 96
230.56, 96
231.06, 96
231.53, 96
231.53, 96
231.57, 96
231.57, 96
232.10, 96
232.14, 96
232.14, 96
232.17, 96
232.46, 96
232.46, 96
232.59, 96
234.42, 96
234.60, 96
234.79, 96
235.04, 96
236.12, 96
236.12, 96
236.12, 96
237.07, 96
237.07, 96
237.07, 96
237.07, 96
237.09, 96
237.81, 96
237.96, 96
237.98, 96
240.26, 96
240.26, 96
240.44, 96
240.44, 96
240.62, 96
240.65, 96
241.13, 96
241.69, 96
241.69, 96
241.69, 96
243.11, 96
243.15, 96
243.15, 96
244.30, 96
244.31, 96
244.37, 96
244.56, 96
244.57, 96
245.10, 96
245.10, 96
245.10, 96
245.21, 96
245.49, 96
245.49, 96
246.75, 96
246.77, 96
246.82, 96
247.26, 96
247.58, 96
247.58, 96
247.66, 96
247.66, 96
248.23, 96
248.23, 96
248.23, 96
248.23, 96
248.24, 96
248.24, 96
248.40, 96
248.64, 96
249.31, 96
249.67, 96
249.67, 96
250.05, 96
250.37, 96
250.39, 96
250.67, 96
250.67, 96
250.76, 96
251.07, 96
251.67, 96
251.95, 96
251.95, 96
251.95, 96
252.49, 96
252.87, 96
253.07, 96
253.40, 96
253.40, 96
253.40, 96
253.40, 96
253.62, 96
253.72, 96
253.80, 96
253.80, 96
253.80, 96
254.19, 96
254.19, 96
254.19, 96
254.19, 96
254.19, 96
254.41, 96
254.41, 96
255.26, 96
255.26, 96
255.57, 96
255.60, 96
255.60, 96
255.68, 96
255.68, 96
255.76, 96
255.95, 96
256.82, 96
256.98, 96
257.50, 96
257.75, 96
258.04, 96
259.46, 96
259.46, 96
259.46, 96
259.46, 96
260.31, 96
260.31, 96
260.72, 96
260.90, 96
261.16, 96
261.95, 96
261.95, 96
261.95, 96
262.59, 96
264.35, 96
265.64, 96
265.84, 96
266.17, 96
266.17, 96
266.17, 96
266.49, 96
267.42, 96
267.52, 96
267.99, 96
268.42, 96
270.84, 96
271.41, 96
271.41, 96
271.41, 96
271.41, 96
271.41, 96
271.41, 96
271.42, 96
271.53, 96
271.59, 96
271.60, 96
271.60, 96
271.99, 96
272.04, 96
273.53, 96
273.53, 96
273.58, 96
273.59, 96
273.71, 96
274.11, 96
275.56, 96
275.84, 96
275.84, 96
276.18, 96
276.39, 96
276.66, 96
276.67, 96
276.67, 96
276.88, 96
277.01, 96
277.04, 96
277.06, 96
277.49, 96
277.50, 96
278.05, 96
278.56, 96
278.56, 96
278.60, 96
278.67, 96
278.67, 96
278.67, 96
278.67, 96
279.40, 96
279.41, 96
279.90, 96
279.90, 96
280.02, 96
281.22, 96
281.31, 96
281.31, 96
281.41, 96
282.10, 96
282.10, 96
282.44, 96
282.45, 96
282.49, 96
282.49, 96
283.55, 96
283.55, 96
283.55, 96
283.55, 96
283.55, 96
283.63, 96
283.63, 96
283.64, 96
285.11, 96
285.11, 96
285.39, 96
285.40, 96
286.54, 96
286.54, 96
286.54, 96
286.85, 96
287.75, 96
288.15, 96
288.16, 96
288.17, 96
288.92, 96
289.74, 96
289.79, 96
289.79, 96
290.15, 96
291.09, 96
291.09, 96
291.18, 96
291.85, 96
292.45, 96
292.63, 96
292.95, 96
293.72, 96
293.87, 96
294.48, 96
294.49, 96
294.49, 96
295.13, 96
295.21, 96
295.70, 96
295.70, 96
298.08, 96
298.54, 96
298.54, 96
298.54, 96
300.37, 96
300.37, 96
300.78, 96
301.58, 96
301.58, 96
301.91, 96
301.95, 96
301.96, 96
303.90, 96
304.89, 96
305.42, 96
305.63, 96
306.08, 96
306.41, 96
306.60, 96
306.60, 96
306.60, 96
306.60, 96
306.90, 96
307.28, 96
308.27, 96
309.09, 96
309.11, 96
309.11, 96
309.30, 96
309.83, 96
311.50, 96
311.60, 96
311.60, 96
312.33, 96
312.33, 96
312.33, 96
312.33, 96
312.33, 96
312.47, 96
312.47, 96
312.62, 96
312.63, 96
312.84, 96
313.53, 96
313.77, 96
315.09, 96
315.15, 96
316.12, 96
316.12, 96
316.12, 96
316.12, 96
316.25, 96
316.25, 96
316.31, 96
316.31, 96
316.31, 96
316.48, 96
316.92, 96
317.71, 96
317.82, 96
318.13, 96
319.26, 96
319.96, 96
320.29, 96
320.29, 96
320.40, 96
320.82, 96
321.27, 96
321.91, 96
323.00, 96
323.03, 96
323.03, 96
323.83, 96
323.91, 96
323.91, 96
324.44, 96
324.44, 96
324.44, 96
324.45, 96
324.45, 96
324.45, 96
324.45, 96
326.24, 96
326.25, 96
326.28, 96
326.65, 96
326.98, 96
326.99, 96
327.25, 96
327.25, 96
327.25, 96
327.25, 96
327.47, 96
328.14, 96
328.71, 96
328.77, 96
328.77, 96
328.77, 96
328.78, 96
328.79, 96
328.79, 96
330.04, 96
330.36, 96
330.37, 96
331.57, 96
332.35, 96
333.13, 96
333.14, 96
333.14, 96
333.27, 96
333.28, 96
333.75, 96
334.55, 96
334.55, 96
334.55, 96
334.55, 96
334.55, 96
334.82, 96
335.01, 96
335.50, 96
335.59, 96
335.62, 96
335.98, 96
336.67, 96
336.67, 96
337.05, 96
337.17, 96
338.39, 96
338.40, 96
338.82, 96
339.46, 96
340.05, 96
340.05, 96
340.10, 96
340.10, 96
340.50, 96
341.12, 96
341.12, 96
341.12, 96
341.46, 96
341.56, 96
341.56, 96
341.57, 96
342.69, 96
342.69, 96
342.69, 96
342.90, 96
343.03, 96
343.03, 96
343.03, 96
343.03, 96
343.03, 96
343.04, 96
343.04, 96
343.04, 96
343.04, 96
343.05, 96
343.93, 96
343.99, 96
344.20, 96
344.20, 96
344.39, 96
344.46, 96
345.30, 96
346.12, 96
346.15, 96
346.15, 96
346.47, 96
346.47, 96
347.83, 96
347.92, 96
347.92, 96
348.21, 96
348.66, 96
349.26, 96
349.89, 96
350.57, 96
352.55, 96
353.03, 96
354.86, 96
355.45, 96
356.57, 96
357.21, 96
357.21, 96
357.40, 96
357.67, 96
357.79, 96
358.84, 96
358.85, 96
358.85, 96
358.90, 96
359.27, 96
359.27, 96
359.43, 96
359.65, 96
360.27, 96
361.05, 96
361.05, 96
361.81, 96
362.25, 96
362.50, 96
362.50, 96
362.50, 96
362.50, 96
362.56, 96
362.56, 96
362.56, 96
362.56, 96
362.57, 96
362.57, 96
362.57, 96
363.29, 96
363.38, 96
363.47, 96
364.04, 96
364.04, 96
364.53, 96
364.53, 96
364.53, 96
365.47, 96
366.42, 96
366.42, 96
366.54, 96
366.54, 96
366.55, 96
367.45, 96
367.73, 96
368.06, 96
368.06, 96
368.76, 96
368.76, 96
368.76, 96
368.77, 96
368.95, 96
369.49, 96
369.49, 96
369.49, 96
369.80, 96
369.80, 96
369.81, 96
369.81, 96
369.92, 96
369.92, 96
369.92, 96
370.73, 96
371.64, 96
371.64, 96
372.16, 96
372.60, 96
372.60, 96
372.60, 96
372.60, 96
373.51, 96
373.51, 96
373.76, 96
374.31, 96
374.31, 96
374.31, 96
374.97, 96
374.97, 96
375.83, 96
375.83, 96
375.83, 96
375.83, 96
377.14, 96
377.33, 96
377.33, 96
378.34, 96
379.62, 96
379.90, 96
379.90, 96
379.90, 96
380.29, 96
380.94, 96
381.06, 96
381.35, 96
381.48, 96
381.48, 96
381.58, 96
381.75, 96
381.75, 96
381.93, 96
381.93, 96
382.57, 96
382.57, 96
382.71, 96
382.71, 96
382.83, 96
383.11, 96
383.54, 96
383.64, 96
383.64, 96
383.64, 96
383.65, 96
383.72, 96
383.91, 96
383.91, 96
384.24, 96
384.55, 96
386.40, 96
386.40, 96
386.47, 96
386.73, 96
386.73, 96
386.99, 96
387.24, 96
387.56, 96
387.67, 96
387.70, 96
388.56, 96
388.82, 96
388.82, 96
388.90, 96
388.90, 96
389.65, 96
389.88, 96
389.88, 96
389.88, 96
389.88, 96
389.88, 96
389.89, 96
389.92, 96
389.98, 96
390.12, 96
390.70, 96
390.96, 96
390.96, 96
390.96, 96
390.96, 96
390.96, 96
390.96, 96
390.98, 96
394.04, 96
394.04, 96
394.04, 96
394.04, 96
394.04, 96
394.28, 96
394.28, 96
394.28, 96
394.32, 96
394.32, 96
394.72, 96
395.14, 96
395.14, 96
395.34, 96
395.35, 96
395.35, 96
395.46, 96
395.60, 96
395.60, 96
395.60, 96
396.22, 96
398.09, 96
398.17, 96
398.69, 96
398.69, 96
399.42, 96
400.62, 96
400.84, 96
400.96, 96
401.57, 96
401.61, 96
401.61, 96
401.74, 96
401.74, 96
402.52, 96
402.52, 96
402.52, 96
403.54, 96
403.54, 96
404.58, 96
404.58, 96
404.59, 96
404.59, 96
404.59, 96
404.82, 96
404.83, 96
405.14, 96
405.33, 96
405.33, 96
405.33, 96
407.59, 96
408.30, 96
408.30, 96
408.30, 96
408.31, 96
408.31, 96
408.60, 96
408.60, 96
408.64, 96
408.77, 96
408.95, 96
409.29, 96
409.29, 96
409.29, 96
409.70, 96
410.10, 96
411.33, 96
411.33, 96
412.28, 96
413.25, 96
413.53, 96
414.15, 96
414.15, 96
414.51, 96
415.75, 96
415.75, 96
415.75, 96
415.80, 96
415.80, 96
415.80, 96
415.80, 96
415.80, 96
415.80, 96
415.80, 96
415.81, 96
415.81, 96
415.81, 96
416.08, 96
416.08, 96
416.08, 96
416.44, 96
416.82, 96
417.04, 96
417.39, 96
417.65, 96
417.66, 96
417.74, 96
418.46, 96
420.11, 96
420.29, 96
420.96, 96
420.96, 96
420.96, 96
420.97, 96
421.70, 96
421.70, 96
421.70, 96
421.70, 96
422.60, 96
422.60, 96
422.60, 96
422.65, 96
422.65, 96
422.65, 96
422.66, 96
422.68, 96
422.68, 96
422.87, 96
423.01, 96
423.01, 96
423.01, 96
423.17, 96
423.32, 96
424.25, 96
424.81, 96
425.13, 96
425.75, 96
425.75, 96
425.91, 96
426.01, 96
426.01, 96
426.99, 96
427.07, 96
427.07, 96
427.83, 96
429.47, 96
430.21, 96
430.21, 96
430.30, 96
431.17, 96
431.17, 96
431.17, 96
431.80, 96
431.80, 96
431.92, 96
431.92, 96
432.06, 96
432.06, 96
432.57, 96
432.58, 96
432.58, 96
432.58, 96
432.58, 96
432.60, 96
432.60, 96
433.00, 96
433.00, 96
433.59, 96
434.78, 96
435.27, 96
435.84, 96
435.98, 96
435.98, 96
436.60, 96
436.74, 96
436.74, 96
436.74, 96
436.74, 96
436.84, 96
436.84, 96
436.95, 96
436.97, 96
437.60, 96
437.60, 96
437.61, 96
437.66, 96
437.66, 96
437.76, 96
437.76, 96
438.72, 96
439.11, 96
439.59, 96
439.80, 96
440.26, 96
440.26, 96
440.33, 96
440.33, 96
440.35, 96
440.35, 96
440.55, 96
441.18, 96
442.49, 96
442.70, 96
442.70, 96
442.70, 96
442.91, 96
444.36, 96
444.85, 96
444.90, 96
444.90, 96
444.90, 96
444.92, 96
445.08, 96
445.21, 96
445.21, 96
445.37, 96
445.46, 96
445.88, 96
446.00, 96
446.00, 96
446.00, 96
446.00, 96
446.00, 96
446.00, 96
446.12, 96
446.44, 96
446.44, 96
446.45, 96
447.27, 96
447.96, 96
448.03, 96
448.09, 96
448.88, 96
449.72, 96
449.76, 96
450.11, 96
450.14, 96
450.14, 96
450.33, 96
450.33, 96
450.94, 96
451.13, 96
451.38, 96
452.47, 96
452.51, 96
452.58, 96
452.58, 96
453.09, 96
453.58, 96
453.58, 96
454.02, 96
454.02, 96
454.02, 96
454.02, 96
454.02, 96
454.02, 96
454.02, 96
454.03, 96
454.03, 96
454.25, 96
454.37, 96
454.47, 96
454.47, 96
455.22, 96
456.17, 96
456.17, 96
456.18, 96
456.18, 96
456.33, 96
456.91, 96
457.09, 96
457.09, 96
457.31, 96
457.31, 96
457.71, 96
458.75, 96
459.09, 96
459.09, 96
459.45, 96
459.45, 96
459.94, 96
459.94, 96
459.95, 96
459.95, 96
460.10, 96
460.11, 96
460.11, 96
460.11, 96
460.16, 96
460.37, 96
460.37, 96
460.37, 96
460.37, 96
461.25, 96
461.39, 96
461.39, 96
461.95, 96
461.95, 96
462.08, 96
462.08, 96
462.08, 96
462.08, 96
462.08, 96
463.80, 96
463.80, 96
463.84, 96
464.24, 96
464.24, 96
464.68, 96
464.70, 96
465.06, 96
465.43, 96
466.46, 96
467.22, 96
467.22, 96
468.74, 96
468.74, 96
468.96, 96
468.96, 96
469.22, 96
469.48, 96
469.48, 96
469.91, 96
469.99, 96
469.99, 96
469.99, 96
469.99, 96
470.18, 96
470.30, 96
470.79, 96
470.79, 96
470.79, 96
470.80, 96
471.03, 96
471.23, 96
471.55, 96
471.56, 96
472.39, 96
472.82, 96
473.84, 96
474.01, 96
474.01, 96
474.63, 96
474.82, 96
474.82, 96
474.82, 96
475.08, 96
475.94, 96
475.95, 96
475.95, 96
475.95, 96
475.95, 96
477.08, 96
477.50, 96
477.75, 96
477.75, 96
477.78, 96
479.16, 96
479.16, 96
479.17, 96
479.21, 96
481.21, 96
481.22, 96
481.22, 96
481.36, 96
481.91, 96
481.91, 96
481.91, 96
481.98, 96
482.35, 96
482.35, 96
482.35, 96
482.45, 96
482.47, 96
482.59, 96
483.08, 96
483.37, 96
483.37, 96
483.75, 96
484.36, 96
484.58, 96
484.84, 96
484.88, 96
485.51, 96
485.64, 96
485.64, 96
485.65, 96
485.86, 96
486.89, 96
486.89, 96
487.53, 96
487.53, 96
487.53, 96
487.53, 96
487.53, 96
487.53, 96
488.40, 96
489.07, 96
489.07, 96
490.45, 96
490.46, 96
490.46, 96
490.62, 96
490.74, 96
491.10, 96
492.61, 96
492.62, 96
493.19, 96
493.30, 96
493.93, 96
493.93, 96
494.42, 96
495.82, 96
495.82, 96
495.86, 96
495.98, 96
495.98, 96
495.98, 96
495.98, 96
495.98, 96
496.09, 96
496.21, 96
496.46, 96
496.55, 96
497.23, 96
497.24, 96
497.79, 96
498.13, 96
498.23, 96
498.23, 96
498.40, 96
498.94, 96
499.15, 96
499.39, 96
499.59, 96
499.59, 96
500.45, 96
500.46, 96
500.46, 96
500.46, 96
500.65, 96
500.95, 96
500.95, 96
501.54, 96
501.55, 96
501.90, 96
501.90, 96
503.04, 96
503.04, 96
503.50, 96
504.28, 96
504.28, 96
505.00, 96
505.00, 96
505.34, 96
505.36, 96
505.36, 96
505.41, 96
505.50, 96
507.05, 96
507.05, 96
507.06, 96
507.44, 96
507.84, 96
508.07, 96
508.12, 96
508.16, 96
508.16, 96
508.52, 96
508.63, 96
508.82, 96
509.30, 96
509.49, 96
509.49, 96
509.84, 96
510.09, 96
510.09, 96
510.14, 96
511.49, 96
511.49, 96
511.49, 96
511.63, 96
511.63, 96
512.32, 96
512.57, 96
512.67, 96
512.68, 96
513.98, 96
514.06, 96
514.34, 96
516.08, 96
516.70, 96
516.93, 96
516.93, 96
516.93, 96
516.99, 96
516.99, 96
517.24, 96
517.24, 96
517.24, 96
517.24, 96
517.26, 96
517.26, 96
517.48, 96
517.48, 96
517.58, 96
518.19, 96
519.07, 96
519.11, 96
519.16, 96
519.16, 96
519.76, 96
520.10, 96
520.11, 96
520.49, 96
520.49, 96
520.51, 96
522.28, 96
522.29, 96
522.29, 96
523.19, 96
523.52, 96
523.94, 96
524.11, 96
524.32, 96
524.33, 96
524.50, 96
524.69, 96
524.90, 96
524.91, 96
525.33, 96
525.33, 96
525.34, 96
525.44, 96
525.46, 96
525.79, 96
525.95, 96
525.99, 96
525.99, 96
526.22, 96
526.28, 96
526.32, 96
526.32, 96
526.32, 96
526.32, 96
526.33, 96
526.33, 96
526.92, 96
527.44, 96
527.44, 96
527.52, 96
527.53, 96
527.53, 96
527.77, 96
528.38, 96
529.32, 96
531.36, 96
531.43, 96
531.91, 96
532.41, 96
532.49, 96
535.97, 96
535.97, 96
536.22, 96
537.25, 96
537.26, 96
537.34, 96
537.67, 96
537.83, 96
538.20, 96
538.20, 96
538.21, 96
538.21, 96
538.87, 96
539.38, 96
539.39, 96
539.39, 96
539.66, 96
539.66, 96
539.81, 96
539.81, 96
539.81, 96
540.07, 96
540.90, 96
541.08, 96
541.08, 96
541.46, 96
541.46, 96
542.13, 96
542.13, 96
542.32, 96
542.39, 96
542.39, 96
543.11, 96
543.22, 96
543.23, 96
543.57, 96
543.57, 96
543.57, 96
543.57, 96
543.71, 96
543.73, 96
544.09, 96
544.17, 96
544.17, 96
544.17, 96
544.17, 96
544.22, 96
544.23, 96
544.23, 96
544.23, 96
544.72, 96
544.94, 96
545.06, 96
545.06, 96
545.15, 96
545.79, 96
545.98, 96
545.98, 96
545.99, 96
546.41, 96
546.41, 96
546.65, 96
546.65, 96
546.76, 96
546.76, 96
546.79, 96
546.79, 96
546.83, 96
546.83, 96
546.83, 96
547.20, 96
547.38, 96
548.40, 96
548.76, 96
549.39, 96
549.40, 96
549.46, 96
549.46, 96
549.69, 96
549.69, 96
549.69, 96
549.72, 96
551.37, 96
551.62, 96
551.72, 96
551.78, 96
551.92, 96
553.07, 96
554.34, 96
555.46, 96
555.46, 96
556.07, 96
556.07, 96
556.07, 96
556.10, 96
556.10, 96
556.14, 96
556.19, 96
556.19, 96
556.77, 96
556.97, 96
556.97, 96
556.97, 96
557.45, 96
557.45, 96
558.29, 96
558.29, 96
558.30, 96
558.30, 96
558.36, 96
558.55, 96
558.55, 96
558.61, 96
559.15, 96
559.16, 96
559.16, 96
559.16, 96
559.38, 96
560.65, 96
560.70, 96
561.48, 96
561.90, 96
562.15, 96
562.44, 96
562.77, 96
562.78, 96
562.84, 96
562.84, 96
562.84, 96
563.81, 96
563.90, 96
564.37, 96
564.45, 96
564.45, 96
564.83, 96
564.83, 96
565.00, 96
565.31, 96
565.54, 96
565.54, 96
566.31, 96
566.31, 96
566.36, 96
566.44, 96
566.44, 96
566.67, 96
567.57, 96
567.62, 96
567.62, 96
567.62, 96
568.27, 96
569.56, 96
570.34, 96
570.97, 96
571.50, 96
571.50, 96
571.72, 96
571.77, 96
571.77, 96
572.37, 96
572.37, 96
572.78, 96
573.33, 96
573.55, 96
573.55, 96
575.18, 96
576.10, 96
576.29, 96
576.99, 96
577.20, 96
577.97, 96
577.97, 96
578.16, 96
578.16, 96
578.18, 96
578.18, 96
579.12, 96
579.12, 96
579.38, 96
579.83, 96
579.83, 96
579.83, 96
580.26, 96
580.27, 96
580.35, 96
581.25, 96
581.25, 96
581.43, 96
581.90, 96
583.87, 96
584.15, 96
584.15, 96
584.33, 96
584.43, 96
584.43, 96
584.51, 96
584.51, 96
584.51, 96
584.66, 96
585.28, 96
585.61, 96
585.61, 96
586.35, 96
586.36, 96
586.48, 96
586.93, 96
586.93, 96
586.93, 96
586.93, 96
587.34, 96
587.34, 96
587.54, 96
587.54, 96
589.71, 96
590.47, 96
590.47, 96
590.47, 96
590.47, 96
591.55, 96
591.55, 96
591.59, 96
591.60, 96
591.60, 96
591.61, 96
591.61, 96
591.61, 96
591.67, 96
591.99, 96
593.27, 96
593.43, 96
593.43, 96
593.43, 96
593.94, 96
594.23, 96
594.23, 96
594.23, 96
594.24, 96
595.13, 96
595.13, 96
597.39, 96
597.39, 96
597.86, 96
598.01, 96
598.01, 96
598.21, 96
598.21, 96
598.35, 96
598.36, 96
598.50, 96
598.51, 96
598.51, 96
598.51, 96
598.51, 96
599.44, 96
599.46, 96
599.95, 96
599.95, 96
599.95, 96
599.95, 96
599.96, 96
599.96, 96
