0.00, 102
0.00, 99
0.00, 99
0.01, 99
0.01, 99
0.01, 98
0.01, 98
0.01, 98
0.01, 98
0.02, 98
0.02, 97
0.04, 97
0.04, 97
0.06, 97
0.09, 97
0.09, 97
0.11, 97
0.12, 97
0.12, 97
0.26, 97
0.27, 97
0.32, 97
0.34, 97
0.34, 97
0.34, 97
0.39, 97
0.39, 97
0.39, 97
0.46, 97
0.46, 97
0.46, 97
0.50, 97
0.55, 97
0.55, 97
0.58, 97
0.58, 97
0.58, 97
0.58, 97
0.59, 97
0.59, 97
0.59, 97
0.59, 97
0.64, 97
0.64, 97
0.64, 97
0.64, 96
1.35, 96
2.40, 96
2.49, 96
2.57, 96
2.57, 96
3.55, 96
5.61, 96
5.92, 96
6.54, 96
6.60, 96
6.74, 96
6.75, 96
7.10, 96
7.86, 96
7.88, 96
7.88, 96
8.05, 96
8.05, 96
9.37, 96
9.68, 96
9.68, 96
9.90, 96
10.54, 96
11.60, 96
11.72, 96
13.06, 96
13.06, 96
13.36, 96
13.36, 96
13.86, 96
14.08, 96
14.08, 96
14.56, 96
14.56, 96
14.94, 96
14.95, 96
14.95, 96
15.38, 96
15.48, 96
15.50, 96
15.55, 96
15.57, 96
16.81, 96
16.81, 96
16.91, 96
16.91, 96
17.11, 96
17.11, 96
17.32, 96
17.32, 96
17.32, 96
17.56, 96
17.56, 96
18.17, 96
18.17, 96
18.17, 96
18.17, 96
18.17, 96
18.18, 96
18.18, 96
19.08, 96
19.09, 96
19.09, 96
19.71, 96
19.91, 96
19.92, 96
19.92, 96
20.38, 96
21.23, 96
21.84, 96
21.84, 96
22.56, 96
24.98, 96
24.98, 96
25.16, 96
25.21, 96
25.22, 96
25.22, 96
25.60, 96
25.73, 96
26.00, 96
26.49, 96
26.81, 96
26.81, 96
27.00, 96
27.10, 96
27.19, 96
27.23, 96
27.26, 96
27.27, 96
27.34, 96
28.97, 96
29.29, 96
29.29, 96
29.29, 96
30.19, 96
31.28, 96
31.31, 96
31.31, 96
31.32, 96
31.32, 96
31.52, 96
31.84, 96
32.10, 96
32.10, 96
32.10, 96
32.52, 96
32.52, 96
32.67, 96
34.41, 96
34.51, 96
35.02, 96
35.02, 96
35.14, 96
35.66, 96
35.66, 96
35.66, 96
35.87, 96
36.03, 96
36.07, 96
36.93, 96
36.93, 96
36.93, 96
36.93, 96
36.93, 96
36.98, 96
38.06, 96
38.71, 96
38.71, 96
39.00, 96
39.14, 96
40.41, 96
40.41, 96
40.41, 96
40.41, 96
40.41, 96
40.44, 96
40.74, 96
40.78, 96
41.41, 96
41.41, 96
41.50, 96
42.17, 96
42.34, 96
42.34, 96
42.45, 96
42.61, 96
44.25, 96
45.29, 96
45.29, 96
45.49, 96
45.52, 96
45.58, 96
45.58, 96
46.21, 96
46.31, 96
46.34, 96
46.50, 96
46.50, 96
46.50, 96
46.58, 96
46.58, 96
46.58, 96
46.92, 96
46.94, 96
46.94, 96
47.19, 96
47.19, 96
47.71, 96
47.85, 96
48.27, 96
49.01, 96
49.05, 96
50.23, 96
51.53, 96
51.53, 96
51.89, 96
52.05, 96
52.64, 96
53.52, 96
53.52, 96
53.52, 96
53.82, 96
53.82, 96
53.98, 96
53.99, 96
53.99, 96
54.61, 96
54.61, 96
55.29, 96
55.31, 96
55.34, 96
55.85, 96
55.85, 96
55.99, 96
55.99, 96
56.90, 96
57.26, 96
57.26, 96
57.26, 96
57.27, 96
57.30, 96
57.44, 96
57.48, 96
57.48, 96
57.72, 96
57.72, 96
57.72, 96
57.72, 96
57.72, 96
57.72, 96
58.19, 96
58.19, 96
58.19, 96
58.93, 96
58.93, 96
59.62, 96
59.62, 96
60.30, 96
60.42, 96
60.42, 96
60.55, 96
60.55, 96
60.55, 96
60.55, 96
61.02, 96
61.02, 96
61.31, 96
61.31, 96
61.58, 96
61.59, 96
62.81, 96
62.81, 96
62.81, 96
62.81, 96
62.82, 96
63.06, 96
63.06, 96
64.13, 96
64.13, 96
64.61, 96
64.91, 96
64.92, 96
65.71, 96
66.02, 96
66.02, 96
66.37, 96
66.69, 96
67.89, 96
68.21, 96
68.21, 96
68.67, 96
68.83, 96
69.30, 96
69.30, 96
69.61, 96
70.16, 96
70.17, 96
70.17, 96
70.46, 96
71.20, 96
73.22, 96
73.29, 96
73.29, 96
73.77, 96
73.77, 96
74.18, 96
74.34, 96
74.34, 96
74.68, 96
75.09, 96
75.09, 96
75.09, 96
75.09, 96
76.29, 96
76.41, 96
76.74, 96
77.82, 96
78.26, 96
78.68, 96
79.22, 96
79.22, 96
79.56, 96
80.18, 96
80.18, 96
80.40, 96
80.40, 96
81.28, 96
81.28, 96
81.75, 96
81.88, 96
81.91, 96
81.91, 96
81.91, 96
82.03, 96
82.32, 96
83.06, 96
83.06, 96
83.06, 96
83.16, 96
83.16, 96
83.16, 96
83.16, 96
83.16, 96
83.17, 96
83.27, 96
83.27, 96
85.04, 96
85.04, 96
85.04, 96
85.05, 96
85.82, 96
86.06, 96
86.17, 96
87.02, 96
87.02, 96
87.32, 96
87.46, 96
87.71, 96
87.78, 96
87.93, 96
87.93, 96
88.35, 96
88.69, 96
88.88, 96
89.01, 96
89.26, 96
89.26, 96
90.12, 96
90.12, 96
90.13, 96
91.68, 96
91.68, 96
91.72, 96
92.62, 96
92.62, 96
92.62, 96
92.98, 96
93.39, 96
94.18, 96
94.18, 96
94.78, 96
96.17, 96
97.06, 96
97.06, 96
97.33, 96
97.78, 96
97.79, 96
100.09, 96
100.10, 96
100.10, 96
100.52, 96
100.79, 96
100.79, 96
100.79, 96
100.80, 96
100.86, 96
100.95, 96
100.95, 96
100.95, 96
102.55, 96
102.56, 96
102.74, 96
102.74, 96
102.74, 96
103.27, 96
103.86, 96
103.86, 96
103.94, 96
104.00, 96
104.00, 96
104.00, 96
104.01, 96
104.63, 96
106.48, 96
106.49, 96
107.12, 96
107.12, 96
107.12, 96
107.17, 96
107.18, 96
107.18, 96
107.28, 96
107.28, 96
107.58, 96
107.98, 96
108.10, 96
108.79, 96
108.93, 96
108.93, 96
108.94, 96
108.94, 96
108.94, 96
109.59, 96
109.59, 96
109.59, 96
109.59, 96
109.59, 96
110.02, 96
110.02, 96
111.32, 96
111.32, 96
112.13, 96
112.13, 96
112.36, 96
112.65, 96
114.19, 96
115.12, 96
115.12, 96
115.12, 96
115.12, 96
115.13, 96
115.14, 96
116.49, 96
116.49, 96
116.49, 96
116.74, 96
116.74, 96
116.74, 96
116.74, 96
116.88, 96
117.11, 96
117.11, 96
117.11, 96
117.11, 96
117.11, 96
117.11, 96
117.68, 96
117.68, 96
119.42, 96
119.42, 96
119.42, 96
120.87, 96
121.09, 96
121.28, 96
121.66, 96
121.66, 96
121.66, 96
121.85, 96
121.85, 96
121.85, 96
121.85, 96
121.88, 96
121.88, 96
122.42, 96
122.69, 96
123.01, 96
123.05, 96
123.05, 96
123.62, 96
123.85, 96
124.58, 96
124.93, 96
125.30, 96
125.36, 96
125.36, 96
125.36, 96
125.36, 96
125.75, 96
126.04, 96
126.05, 96
126.05, 96
126.05, 96
126.05, 96
126.06, 96
126.30, 96
126.30, 96
126.33, 96
126.37, 96
126.37, 96
126.38, 96
126.73, 96
127.14, 96
127.15, 96
127.44, 96
128.22, 96
128.22, 96
128.96, 96
129.11, 96
129.11, 96
129.27, 96
129.44, 96
129.45, 96
129.45, 96
130.38, 96
130.63, 96
131.22, 96
131.22, 96
131.40, 96
132.21, 96
132.21, 96
132.27, 96
132.68, 96
132.84, 96
132.84, 96
133.22, 96
133.22, 96
133.82, 96
133.82, 96
134.51, 96
135.07, 96
135.07, 96
135.07, 96
135.07, 96
136.59, 96
136.60, 96
136.99, 96
137.50, 96
138.00, 96
138.04, 96
138.04, 96
138.12, 96
138.27, 96
139.02, 96
139.82, 96
140.21, 96
140.21, 96
140.46, 96
141.26, 96
142.24, 96
142.24, 96
143.14, 96
143.49, 96
143.68, 96
144.08, 96
144.71, 96
144.72, 96
145.16, 96
145.61, 96
145.61, 96
145.69, 96
146.77, 96
146.87, 96
146.87, 96
147.52, 96
147.84, 96
147.84, 96
147.84, 96
147.96, 96
147.96, 96
148.06, 96
148.10, 96
148.10, 96
148.10, 96
148.56, 96
148.56, 96
149.34, 96
149.34, 96
149.55, 96
149.55, 96
149.56, 96
149.56, 96
150.18, 96
150.18, 96
150.18, 96
150.22, 96
150.25, 96
150.90, 96
150.90, 96
150.90, 96
150.90, 96
150.91, 96
150.92, 96
151.05, 96
151.05, 96
151.06, 96
151.06, 96
151.18, 96
151.68, 96
152.56, 96
152.56, 96
153.13, 96
153.13, 96
153.56, 96
153.56, 96
153.56, 96
153.61, 96
153.61, 96
153.61, 96
153.79, 96
154.09, 96
154.19, 96
154.86, 96
154.86, 96
154.95, 96
155.40, 96
155.50, 96
155.70, 96
156.35, 96
156.76, 96
157.02, 96
157.90, 96
157.98, 96
157.98, 96
158.31, 96
158.31, 96
158.31, 96
158.41, 96
158.53, 96
158.53, 96
158.67, 96
158.81, 96
158.81, 96
158.81, 96
158.83, 96
159.95, 96
159.95, 96
159.95, 96
159.98, 96
159.98, 96
159.98, 96
159.98, 96
161.66, 96
161.70, 96
161.70, 96
162.01, 96
163.19, 96
163.36, 96
163.58, 96
165.11, 96
165.37, 96
165.49, 96
166.19, 96
166.24, 96
166.24, 96
166.34, 96
167.40, 96
167.40, 96
167.65, 96
167.79, 96
168.75, 96
169.15, 96
169.15, 96
169.49, 96
169.87, 96
170.53, 96
170.53, 96
170.53, 96
170.54, 96
170.96, 96
170.96, 96
170.97, 96
170.97, 96
171.49, 96
171.89, 96
171.91, 96
171.91, 96
172.97, 96
173.19, 96
173.38, 96
173.67, 96
173.67, 96
173.68, 96
174.23, 96
174.23, 96
174.23, 96
174.88, 96
175.09, 96
175.09, 96
175.54, 96
175.80, 96
177.32, 96
177.37, 96
177.37, 96
177.63, 96
177.89, 96
178.52, 96
179.30, 96
179.30, 96
179.30, 96
179.30, 96
179.35, 96
179.35, 96
179.77, 96
180.33, 96
180.58, 96
181.27, 96
181.27, 96
181.84, 96
181.89, 96
182.43, 96
182.84, 96
182.84, 96
183.10, 96
183.11, 96
183.11, 96
183.61, 96
183.62, 96
183.72, 96
184.02, 96
184.54, 96
184.54, 96
184.54, 96
184.54, 96
184.58, 96
184.90, 96
185.11, 96
185.12, 96
185.26, 96
185.79, 96
185.79, 96
185.79, 96
185.79, 96
185.79, 96
186.33, 96
186.33, 96
186.44, 96
186.56, 96
186.57, 96
187.05, 96
187.05, 96
187.18, 96
187.18, 96
187.18, 96
187.19, 96
187.19, 96
187.49, 96
187.88, 96
187.88, 96
187.88, 96
187.88, 96
187.92, 96
188.16, 96
188.39, 96
188.92, 96
189.14, 96
189.39, 96
189.39, 96
189.57, 96
189.57, 96
189.57, 96
189.73, 96
189.73, 96
189.73, 96
189.80, 96
189.81, 96
190.00, 96
190.57, 96
190.57, 96
190.58, 96
190.58, 96
190.76, 96
190.76, 96
193.11, 96
193.11, 96
193.32, 96
194.25, 96
194.26, 96
194.26, 96
194.51, 96
194.51, 96
194.59, 96
194.61, 96
194.82, 96
194.82, 96
194.82, 96
194.82, 96
194.94, 96
194.94, 96
195.14, 96
195.85, 96
195.85, 96
196.81, 96
196.82, 96
197.30, 96
198.07, 96
198.27, 96
198.44, 96
198.44, 96
198.80, 96
198.80, 96
198.80, 96
198.83, 96
198.83, 96
198.83, 96
199.60, 96
199.60, 96
199.99, 96
201.17, 96
201.24, 96
201.24, 96
201.24, 96
201.24, 96
202.36, 96
202.84, 96
203.35, 96
203.35, 96
203.43, 96
203.43, 96
203.43, 96
204.50, 96
206.52, 96
206.52, 96
206.52, 96
206.52, 96
206.80, 96
206.80, 96
207.40, 96
207.67, 96
207.86, 96
208.07, 96
209.85, 96
209.85, 96
210.69, 96
210.97, 96
210.97, 96
210.97, 96
210.97, 96
211.09, 96
211.11, 96
211.47, 96
211.47, 96
211.47, 96
211.47, 96
211.47, 96
211.53, 96
211.53, 96
211.53, 96
211.76, 96
211.80, 96
211.83, 96
212.13, 96
212.61, 96
212.62, 96
213.33, 96
213.33, 96
213.33, 96
213.33, 96
213.43, 96
213.43, 96
213.44, 96
213.53, 96
213.53, 96
213.53, 96
213.53, 96
213.53, 96
213.90, 96
213.90, 96
213.90, 96
214.06, 96
214.06, 96
214.72, 96
214.93, 96
214.93, 96
214.93, 96
214.93, 96
215.15, 96
215.15, 96
215.15, 96
215.15, 96
216.68, 96
216.87, 96
216.87, 96
216.90, 96
216.90, 96
217.28, 96
217.84, 96
217.84, 96
217.85, 96
217.85, 96
217.85, 96
217.95, 96
217.96, 96
218.03, 96
218.26, 96
218.26, 96
218.46, 96
218.46, 96
218.46, 96
218.80, 96
219.25, 96
219.25, 96
219.43, 96
219.50, 96
219.55, 96
219.55, 96
219.55, 96
219.63, 96
219.63, 96
219.95, 96
219.95, 96
220.63, 96
220.63, 96
220.70, 96
221.17, 96
221.62, 96
221.66, 96
222.14, 96
222.14, 96
222.18, 96
222.99, 96
223.50, 96
223.77, 96
224.13, 96
224.36, 96
224.37, 96
225.78, 96
226.61, 96
226.92, 96
226.98, 96
226.98, 96
226.98, 96
227.13, 96
227.14, 96
227.49, 96
228.14, 96
228.43, 96
228.43, 96
228.93, 96
230.06, 96
230.06, 96
230.65, 96
230.65, 96
230.65, 96
230.72, 96
230.75, 96
231.02, 96
231.67, 96
232.30, 96
232.85, 96
233.31, 96
233.31, 96
233.34, 96
233.34, 96
233.83, 96
233.87, 96
233.87, 96
233.89, 96
234.23, 96
234.23, 96
234.37, 96
236.19, 96
236.36, 96
236.56, 96
236.82, 96
237.87, 96
237.88, 96
237.88, 96
238.84, 96
238.84, 96
238.84, 96
238.84, 96
238.86, 96
239.65, 96
239.78, 96
239.80, 96
242.05, 96
242.05, 96
242.24, 96
242.24, 96
242.38, 96
242.41, 96
242.91, 96
243.53, 96
243.53, 96
243.53, 96
244.96, 96
245.00, 96
245.00, 96
245.99, 96
245.99, 96
246.02, 96
246.21, 96
246.22, 96
246.86, 96
246.86, 96
246.86, 96
246.98, 96
247.29, 96
247.29, 96
248.54, 96
248.54, 96
248.59, 96
249.04, 96
249.37, 96
249.39, 96
249.46, 96
249.46, 96
250.02, 96
250.02, 96
250.02, 96
250.03, 96
250.03, 96
250.03, 96
250.17, 96
250.44, 96
251.11, 96
251.48, 96
251.48, 96
251.90, 96
252.28, 96
252.30, 96
252.59, 96
252.59, 96
252.66, 96
252.97, 96
253.58, 96
253.84, 96
253.85, 96
253.85, 96
254.43, 96
254.79, 96
254.94, 96
255.23, 96
255.23, 96
255.24, 96
255.24, 96
255.47, 96
255.58, 96
255.64, 96
255.64, 96
255.64, 96
256.03, 96
256.04, 96
256.04, 96
256.04, 96
256.04, 96
256.30, 96
256.30, 96
257.14, 96
257.14, 96
257.44, 96
257.47, 96
257.47, 96
257.55, 96
257.55, 96
257.62, 96
257.81, 96
258.67, 96
258.85, 96
259.42, 96
259.66, 96
259.92, 96
261.34, 96
261.34, 96
261.34, 96
261.34, 96
262.25, 96
262.25, 96
262.61, 96
262.76, 96
262.95, 96
263.70, 96
263.70, 96
263.70, 96
264.35, 96
266.11, 96
267.41, 96
267.61, 96
267.92, 96
267.93, 96
267.93, 96
268.25, 96
269.20, 96
269.29, 96
269.76, 96
270.21, 96
272.62, 96
273.21, 96
273.21, 96
273.21, 96
273.21, 96
273.21, 96
273.21, 96
273.22, 96
273.33, 96
273.40, 96
273.42, 96
273.42, 96
273.80, 96
273.86, 96
275.44, 96
275.44, 96
275.49, 96
275.49, 96
275.61, 96
276.01, 96
277.61, 96
277.89, 96
277.89, 96
278.22, 96
278.42, 96
278.74, 96
278.75, 96
278.75, 96
278.95, 96
279.09, 96
279.12, 96
279.14, 96
279.66, 96
279.66, 96
280.14, 96
280.64, 96
280.64, 96
280.68, 96
280.73, 96
280.73, 96
280.73, 96
280.73, 96
281.45, 96
281.46, 96
282.01, 96
282.01, 96
282.11, 96
283.15, 96
283.20, 96
283.21, 96
283.28, 96
283.86, 96
283.86, 96
284.18, 96
284.18, 96
284.18, 96
284.18, 96
285.15, 96
285.15, 96
285.15, 96
285.15, 96
285.15, 96
285.21, 96
285.21, 96
285.21, 96
286.77, 96
286.78, 96
287.09, 96
287.12, 96
288.30, 96
288.30, 96
288.30, 96
288.69, 96
289.60, 96
290.03, 96
290.03, 96
290.03, 96
290.79, 96
291.56, 96
291.59, 96
291.59, 96
291.94, 96
292.75, 96
292.75, 96
292.84, 96
293.47, 96
294.07, 96
294.21, 96
294.55, 96
295.31, 96
295.46, 96
296.10, 96
296.10, 96
296.10, 96
296.76, 96
296.84, 96
297.39, 96
297.41, 96
299.94, 96
300.36, 96
300.36, 96
300.36, 96
302.03, 96
302.03, 96
302.44, 96
303.29, 96
303.29, 96
303.60, 96
303.65, 96
303.65, 96
305.83, 96
306.80, 96
307.32, 96
307.53, 96
307.94, 96
308.27, 96
308.44, 96
308.44, 96
308.44, 96
308.44, 96
308.71, 96
308.96, 96
309.89, 96
310.66, 96
310.67, 96
310.67, 96
310.86, 96
311.37, 96
313.11, 96
313.22, 96
313.22, 96
313.91, 96
313.91, 96
313.91, 96
313.91, 96
313.91, 96
314.08, 96
314.08, 96
314.29, 96
314.29, 96
314.49, 96
315.12, 96
315.37, 96
316.73, 96
316.79, 96
317.76, 96
317.76, 96
317.76, 96
317.76, 96
317.88, 96
317.88, 96
317.93, 96
317.93, 96
317.93, 96
318.10, 96
318.51, 96
319.36, 96
319.47, 96
319.75, 96
320.85, 96
321.48, 96
321.88, 96
321.88, 96
321.98, 96
322.44, 96
322.90, 96
323.52, 96
324.68, 96
324.71, 96
324.71, 96
325.48, 96
325.55, 96
325.55, 96
326.07, 96
326.07, 96
326.07, 96
326.07, 96
326.07, 96
326.07, 96
326.07, 96
327.90, 96
327.90, 96
327.92, 96
328.29, 96
328.63, 96
328.63, 96
328.89, 96
328.89, 96
328.89, 96
328.89, 96
329.13, 96
329.79, 96
330.35, 96
330.40, 96
330.40, 96
330.40, 96
330.41, 96
330.42, 96
330.42, 96
331.64, 96
331.99, 96
331.99, 96
333.24, 96
333.99, 96
334.81, 96
334.81, 96
334.81, 96
334.92, 96
334.92, 96
335.38, 96
336.19, 96
336.19, 96
336.19, 96
336.19, 96
336.19, 96
336.49, 96
336.66, 96
337.15, 96
337.25, 96
337.27, 96
337.63, 96
338.34, 96
338.34, 96
338.71, 96
338.86, 96
340.08, 96
340.08, 96
340.49, 96
341.08, 96
341.69, 96
341.69, 96
341.73, 96
341.74, 96
342.20, 96
342.81, 96
342.81, 96
342.81, 96
343.16, 96
343.24, 96
343.24, 96
343.24, 96
344.36, 96
344.37, 96
344.37, 96
344.57, 96
344.68, 96
344.68, 96
344.68, 96
344.68, 96
344.68, 96
344.69, 96
344.69, 96
344.69, 96
344.69, 96
344.69, 96
345.57, 96
345.63, 96
345.82, 96
345.82, 96
346.01, 96
346.07, 96
346.90, 96
347.74, 96
347.77, 96
347.77, 96
348.11, 96
348.11, 96
349.50, 96
349.59, 96
349.59, 96
349.83, 96
350.31, 96
350.94, 96
351.50, 96
352.26, 96
354.24, 96
354.74, 96
356.55, 96
357.17, 96
358.21, 96
358.88, 96
358.88, 96
359.05, 96
359.37, 96
359.49, 96
360.52, 96
360.52, 96
360.52, 96
360.58, 96
360.94, 96
360.94, 96
361.07, 96
361.26, 96
361.92, 96
362.66, 96
362.66, 96
363.35, 96
363.78, 96
364.06, 96
364.06, 96
364.06, 96
364.06, 96
364.12, 96
364.12, 96
364.12, 96
364.12, 96
364.12, 96
364.13, 96
364.13, 96
364.86, 96
364.95, 96
365.04, 96
365.55, 96
365.56, 96
366.12, 96
366.12, 96
366.12, 96
367.09, 96
367.99, 96
368.00, 96
368.10, 96
368.10, 96
368.11, 96
369.01, 96
369.31, 96
369.63, 96
369.63, 96
370.32, 96
370.32, 96
370.32, 96
370.32, 96
370.47, 96
370.99, 96
370.99, 96
370.99, 96
371.29, 96
371.29, 96
371.31, 96
371.31, 96
371.40, 96
371.40, 96
371.40, 96
372.27, 96
373.08, 96
373.08, 96
373.60, 96
374.00, 96
374.00, 96
374.00, 96
374.00, 96
374.92, 96
374.93, 96
375.19, 96
375.73, 96
375.73, 96
375.73, 96
376.40, 96
376.40, 96
377.23, 96
377.23, 96
377.23, 96
377.23, 96
378.54, 96
378.72, 96
378.72, 96
379.70, 96
380.92, 96
381.17, 96
381.17, 96
381.17, 96
381.55, 96
382.23, 96
382.36, 96
382.64, 96
382.75, 96
382.75, 96
382.82, 96
382.99, 96
382.99, 96
383.18, 96
383.18, 96
383.78, 96
383.78, 96
383.91, 96
383.91, 96
384.02, 96
384.29, 96
384.73, 96
384.83, 96
384.83, 96
384.83, 96
384.83, 96
384.90, 96
385.11, 96
385.11, 96
385.44, 96
385.76, 96
387.62, 96
387.62, 96
387.69, 96
387.93, 96
387.93, 96
388.17, 96
388.44, 96
388.76, 96
388.88, 96
388.92, 96
389.77, 96
390.03, 96
390.03, 96
390.10, 96
390.10, 96
390.82, 96
391.02, 96
391.02, 96
391.02, 96
391.02, 96
391.03, 96
391.03, 96
391.06, 96
391.11, 96
391.25, 96
391.89, 96
392.15, 96
392.15, 96
392.15, 96
392.15, 96
392.15, 96
392.15, 96
392.17, 96
395.16, 96
395.16, 96
395.17, 96
395.17, 96
395.17, 96
395.42, 96
395.42, 96
395.42, 96
395.46, 96
395.46, 96
395.83, 96
396.23, 96
396.23, 96
396.43, 96
396.43, 96
396.43, 96
396.56, 96
396.70, 96
396.70, 96
396.70, 96
397.31, 96
399.07, 96
399.15, 96
399.77, 96
399.77, 96
400.45, 96
401.70, 96
401.98, 96
402.10, 96
402.70, 96
402.76, 96
402.76, 96
402.86, 96
402.86, 96
403.71, 96
403.71, 96
403.71, 96
404.72, 96
404.73, 96
405.77, 96
405.77, 96
405.78, 96
405.78, 96
405.78, 96
406.01, 96
406.01, 96
406.35, 96
406.57, 96
406.57, 96
406.57, 96
408.92, 96
409.61, 96
409.61, 96
409.61, 96
409.62, 96
409.62, 96
409.93, 96
409.93, 96
409.98, 96
410.13, 96
410.32, 96
410.66, 96
410.66, 96
410.66, 96
411.05, 96
411.42, 96
412.70, 96
412.70, 96
413.65, 96
414.60, 96
414.88, 96
415.52, 96
415.52, 96
415.86, 96
417.12, 96
417.12, 96
417.12, 96
417.17, 96
417.17, 96
417.17, 96
417.17, 96
417.17, 96
417.17, 96
417.17, 96
417.18, 96
417.18, 96
417.18, 96
417.43, 96
417.43, 96
417.43, 96
417.79, 96
418.18, 96
418.40, 96
418.71, 96
418.98, 96
418.98, 96
419.05, 96
419.76, 96
421.32, 96
421.53, 96
422.20, 96
422.20, 96
422.20, 96
422.20, 96
422.92, 96
422.93, 96
422.93, 96
422.93, 96
423.83, 96
423.83, 96
423.83, 96
423.88, 96
423.88, 96
423.89, 96
423.89, 96
423.91, 96
423.91, 96
424.08, 96
424.21, 96
424.21, 96
424.21, 96
424.38, 96
424.53, 96
425.52, 96
426.11, 96
426.44, 96
427.05, 96
427.05, 96
427.24, 96
427.34, 96
427.34, 96
428.33, 96
428.40, 96
428.40, 96
429.14, 96
430.78, 96
431.48, 96
431.48, 96
431.55, 96
432.40, 96
432.40, 96
432.40, 96
433.01, 96
433.01, 96
433.13, 96
433.13, 96
433.24, 96
433.24, 96
433.79, 96
433.79, 96
433.79, 96
433.80, 96
433.80, 96
433.81, 96
433.81, 96
434.15, 96
434.15, 96
434.79, 96
435.96, 96
436.45, 96
437.03, 96
437.15, 96
437.15, 96
437.77, 96
437.89, 96
437.89, 96
437.89, 96
437.89, 96
438.01, 96
438.01, 96
438.09, 96
438.11, 96
438.74, 96
438.75, 96
438.75, 96
438.80, 96
438.80, 96
438.89, 96
438.89, 96
439.86, 96
440.21, 96
440.65, 96
440.85, 96
441.27, 96
441.27, 96
441.35, 96
441.35, 96
441.37, 96
441.38, 96
441.58, 96
442.24, 96
443.59, 96
443.77, 96
443.77, 96
443.77, 96
443.95, 96
445.38, 96
445.86, 96
445.92, 96
445.92, 96
445.92, 96
445.94, 96
446.10, 96
446.22, 96
446.22, 96
446.39, 96
446.49, 96
446.88, 96
447.01, 96
447.01, 96
447.01, 96
447.01, 96
447.01, 96
447.01, 96
447.12, 96
447.45, 96
447.45, 96
447.45, 96
448.28, 96
448.92, 96
448.97, 96
449.05, 96
449.88, 96
450.67, 96
450.70, 96
451.04, 96
451.08, 96
451.09, 96
451.24, 96
451.24, 96
451.87, 96
452.06, 96
452.33, 96
453.46, 96
453.50, 96
453.57, 96
453.57, 96
454.03, 96
454.58, 96
454.58, 96
455.10, 96
455.10, 96
455.10, 96
455.10, 96
455.10, 96
455.10, 96
455.10, 96
455.10, 96
455.10, 96
455.35, 96
455.47, 96
455.57, 96
455.57, 96
456.29, 96
457.24, 96
457.24, 96
457.25, 96
457.25, 96
457.42, 96
457.98, 96
458.18, 96
458.18, 96
458.43, 96
458.43, 96
458.82, 96
459.83, 96
460.13, 96
460.13, 96
460.45, 96
460.45, 96
460.94, 96
460.94, 96
460.94, 96
460.94, 96
461.10, 96
461.10, 96
461.10, 96
461.10, 96
461.14, 96
461.32, 96
461.33, 96
461.33, 96
461.34, 96
462.24, 96
462.38, 96
462.38, 96
462.97, 96
462.97, 96
463.10, 96
463.10, 96
463.10, 96
463.10, 96
463.10, 96
464.84, 96
464.84, 96
464.88, 96
465.30, 96
465.31, 96
465.77, 96
465.78, 96
466.09, 96
466.48, 96
467.49, 96
468.30, 96
468.30, 96
469.82, 96
469.82, 96
470.02, 96
470.02, 96
470.25, 96
470.47, 96
470.47, 96
470.90, 96
470.99, 96
470.99, 96
470.99, 96
470.99, 96
471.20, 96
471.35, 96
471.86, 96
471.87, 96
471.87, 96
471.87, 96
472.12, 96
472.29, 96
472.62, 96
472.62, 96
473.45, 96
473.88, 96
474.91, 96
475.07, 96
475.07, 96
475.70, 96
475.88, 96
475.88, 96
475.88, 96
476.13, 96
476.97, 96
476.97, 96
476.97, 96
476.97, 96
476.97, 96
478.01, 96
478.44, 96
478.69, 96
478.69, 96
478.72, 96
480.10, 96
480.10, 96
480.10, 96
480.15, 96
482.10, 96
482.10, 96
482.10, 96
482.25, 96
482.79, 96
482.79, 96
482.79, 96
482.88, 96
483.24, 96
483.24, 96
483.24, 96
483.36, 96
483.38, 96
483.50, 96
483.95, 96
484.21, 96
484.21, 96
484.69, 96
485.33, 96
485.54, 96
485.78, 96
485.82, 96
486.43, 96
486.55, 96
486.55, 96
486.55, 96
486.75, 96
487.74, 96
487.75, 96
488.39, 96
488.39, 96
488.39, 96
488.40, 96
488.40, 96
488.40, 96
489.16, 96
489.90, 96
489.91, 96
491.18, 96
491.18, 96
491.19, 96
491.37, 96
491.48, 96
491.87, 96
493.41, 96
493.42, 96
493.93, 96
494.01, 96
494.73, 96
494.73, 96
495.25, 96
496.62, 96
496.63, 96
496.66, 96
496.78, 96
496.78, 96
496.78, 96
496.78, 96
496.78, 96
496.89, 96
497.02, 96
497.26, 96
497.34, 96
498.05, 96
498.07, 96
498.57, 96
498.88, 96
498.96, 96
498.96, 96
499.11, 96
499.76, 96
499.97, 96
500.18, 96
500.35, 96
500.35, 96
501.24, 96
501.25, 96
501.25, 96
501.25, 96
501.45, 96
501.74, 96
501.75, 96
502.45, 96
502.46, 96
502.85, 96
502.85, 96
503.92, 96
503.92, 96
504.37, 96
505.19, 96
505.19, 96
505.87, 96
505.87, 96
506.24, 96
506.26, 96
506.26, 96
506.32, 96
506.41, 96
507.97, 96
507.97, 96
507.98, 96
508.38, 96
508.75, 96
508.95, 96
508.99, 96
509.02, 96
509.02, 96
509.38, 96
509.50, 96
509.73, 96
510.21, 96
510.38, 96
510.39, 96
510.73, 96
510.99, 96
510.99, 96
511.04, 96
512.33, 96
512.34, 96
512.34, 96
512.46, 96
512.46, 96
513.19, 96
513.43, 96
513.53, 96
513.54, 96
514.80, 96
514.88, 96
515.16, 96
517.00, 96
517.63, 96
517.87, 96
517.88, 96
517.88, 96
517.96, 96
517.96, 96
518.21, 96
518.21, 96
518.21, 96
518.22, 96
518.25, 96
518.25, 96
518.49, 96
518.49, 96
518.59, 96
519.14, 96
520.11, 96
520.16, 96
520.21, 96
520.21, 96
520.74, 96
521.12, 96
521.12, 96
521.50, 96
521.50, 96
521.52, 96
523.40, 96
523.40, 96
523.40, 96
524.21, 96
524.58, 96
525.04, 96
525.20, 96
525.42, 96
525.42, 96
525.57, 96
525.76, 96
525.95, 96
525.95, 96
526.38, 96
526.38, 96
526.38, 96
526.50, 96
526.50, 96
526.84, 96
527.01, 96
527.05, 96
527.06, 96
527.27, 96
527.34, 96
527.39, 96
527.39, 96
527.39, 96
527.39, 96
527.39, 96
527.40, 96
527.95, 96
528.43, 96
528.43, 96
528.50, 96
528.50, 96
528.50, 96
528.73, 96
529.30, 96
530.28, 96
532.34, 96
532.41, 96
532.95, 96
533.48, 96
533.57, 96
537.12, 96
537.12, 96
537.35, 96
538.42, 96
538.42, 96
538.49, 96
538.81, 96
538.93, 96
539.28, 96
539.28, 96
539.28, 96
539.28, 96
539.91, 96
540.35, 96
540.35, 96
540.35, 96
540.59, 96
540.59, 96
540.73, 96
540.73, 96
540.73, 96
540.99, 96
541.89, 96
542.07, 96
542.07, 96
542.46, 96
542.46, 96
543.15, 96
543.15, 96
543.35, 96
543.42, 96
543.42, 96
544.13, 96
544.23, 96
544.24, 96
544.58, 96
544.59, 96
544.59, 96
544.59, 96
544.70, 96
544.72, 96
545.07, 96
545.14, 96
545.14, 96
545.15, 96
545.15, 96
545.19, 96
545.20, 96
545.20, 96
545.20, 96
545.67, 96
545.89, 96
546.01, 96
546.01, 96
546.12, 96
546.73, 96
546.90, 96
546.90, 96
546.91, 96
547.32, 96
547.32, 96
547.54, 96
547.54, 96
547.64, 96
547.64, 96
547.66, 96
547.66, 96
547.71, 96
547.71, 96
547.71, 96
548.06, 96
548.25, 96
549.14, 96
549.48, 96
550.03, 96
550.03, 96
550.09, 96
550.10, 96
550.35, 96
550.35, 96
550.35, 96
550.39, 96
552.09, 96
552.34, 96
552.47, 96
552.53, 96
552.69, 96
553.83, 96
555.10, 96
556.26, 96
556.26, 96
556.87, 96
556.87, 96
556.87, 96
556.90, 96
556.90, 96
556.94, 96
557.01, 96
557.01, 96
557.59, 96
557.85, 96
557.85, 96
557.85, 96
558.31, 96
558.31, 96
559.24, 96
559.24, 96
559.24, 96
559.24, 96
559.30, 96
559.49, 96
559.49, 96
559.56, 96
560.12, 96
560.12, 96
560.12, 96
560.12, 96
560.28, 96
561.59, 96
561.66, 96
562.50, 96
562.92, 96
563.19, 96
563.45, 96
563.76, 96
563.76, 96
563.80, 96
563.80, 96
563.80, 96
564.86, 96
564.96, 96
565.45, 96
565.54, 96
565.54, 96
565.92, 96
565.92, 96
566.09, 96
566.44, 96
566.69, 96
566.69, 96
567.47, 96
567.47, 96
567.52, 96
567.61, 96
567.61, 96
567.82, 96
568.82, 96
568.85, 96
568.86, 96
568.86, 96
569.52, 96
570.85, 96
571.59, 96
572.22, 96
572.72, 96
572.72, 96
572.98, 96
573.04, 96
573.04, 96
573.66, 96
573.66, 96
574.08, 96
574.59, 96
574.82, 96
574.82, 96
576.52, 96
577.38, 96
577.51, 96
578.16, 96
578.36, 96
579.20, 96
579.20, 96
579.40, 96
579.40, 96
579.43, 96
579.43, 96
580.41, 96
580.41, 96
580.64, 96
581.13, 96
581.13, 96
581.13, 96
581.55, 96
581.56, 96
581.66, 96
582.62, 96
582.62, 96
582.78, 96
583.22, 96
584.86, 96
585.12, 96
585.12, 96
585.32, 96
585.46, 96
585.46, 96
585.55, 96
585.55, 96
585.55, 96
585.80, 96
586.68, 96
587.10, 96
587.11, 96
587.87, 96
587.88, 96
588.01, 96
588.46, 96
588.46, 96
588.46, 96
588.46, 96
588.84, 96
588.84, 96
589.03, 96
589.04, 96
591.29, 96
592.05, 96
592.05, 96
592.06, 96
592.06, 96
593.14, 96
593.14, 96
593.18, 96
593.18, 96
593.18, 96
593.19, 96
593.19, 96
593.19, 96
593.26, 96
593.58, 96
594.86, 96
595.00, 96
595.00, 96
595.00, 96
595.54, 96
595.85, 96
595.85, 96
595.85, 96
595.85, 96
596.72, 96
596.72, 96
599.00, 96
599.01, 96
599.47, 96
599.63, 96
599.63, 96
599.82, 96
599.82, 96
599.93, 96
599.94, 96
