0.01, 102
0.01, 99
0.01, 99
0.01, 99
0.01, 99
0.01, 98
0.01, 98
0.01, 98
0.02, 98
0.03, 98
0.03, 97
0.05, 97
0.05, 97
0.07, 97
0.09, 97
0.09, 97
0.12, 97
0.13, 97
0.13, 97
0.30, 97
0.31, 97
0.36, 97
0.37, 97
0.37, 97
0.37, 97
0.44, 97
0.44, 97
0.44, 97
0.53, 97
0.53, 97
0.53, 97
0.60, 97
0.63, 97
0.63, 97
0.68, 97
0.68, 97
0.68, 97
0.69, 97
0.69, 97
0.69, 97
0.69, 97
0.69, 97
0.74, 97
0.74, 97
0.75, 97
0.75, 96
1.52, 96
2.99, 96
3.09, 96
3.15, 96
3.15, 96
4.47, 96
6.75, 96
6.98, 96
7.80, 96
7.86, 96
8.04, 96
8.04, 96
8.58, 96
9.78, 96
9.81, 96
9.81, 96
10.03, 96
10.03, 96
12.06, 96
12.32, 96
12.32, 96
12.55, 96
13.46, 96
14.77, 96
14.86, 96
16.25, 96
16.25, 96
16.52, 96
16.52, 96
17.20, 96
17.44, 96
17.44, 96
17.82, 96
17.83, 96
18.25, 96
18.25, 96
18.25, 96
18.63, 96
18.72, 96
18.75, 96
18.79, 96
18.81, 96
20.00, 96
20.00, 96
20.09, 96
20.11, 96
20.30, 96
20.30, 96
20.51, 96
20.51, 96
20.51, 96
20.76, 96
20.77, 96
21.39, 96
21.39, 96
21.39, 96
21.40, 96
21.40, 96
21.40, 96
21.40, 96
22.53, 96
22.54, 96
22.54, 96
23.30, 96
23.63, 96
23.63, 96
23.63, 96
24.65, 96
25.99, 96
26.72, 96
26.72, 96
27.53, 96
31.27, 96
31.27, 96
31.46, 96
31.54, 96
31.54, 96
31.54, 96
32.24, 96
32.42, 96
32.75, 96
33.28, 96
33.59, 96
33.59, 96
33.79, 96
33.91, 96
34.03, 96
34.09, 96
34.13, 96
34.20, 96
34.30, 96
36.00, 96
36.28, 96
36.28, 96
36.28, 96
37.28, 96
38.39, 96
38.45, 96
38.45, 96
38.45, 96
38.45, 96
38.68, 96
39.08, 96
39.38, 96
39.39, 96
39.39, 96
39.87, 96
39.87, 96
40.04, 96
41.81, 96
41.90, 96
42.40, 96
42.40, 96
42.55, 96
43.07, 96
43.07, 96
43.07, 96
43.26, 96
43.41, 96
43.45, 96
44.45, 96
44.46, 96
44.46, 96
44.46, 96
44.46, 96
44.52, 96
45.62, 96
46.26, 96
46.26, 96
46.54, 96
46.64, 96
47.83, 96
47.83, 96
47.83, 96
47.84, 96
47.84, 96
47.88, 96
48.17, 96
48.23, 96
48.88, 96
48.88, 96
48.99, 96
49.77, 96
49.95, 96
49.95, 96
50.04, 96
50.22, 96
51.80, 96
52.74, 96
52.74, 96
52.91, 96
52.92, 96
52.99, 96
52.99, 96
53.53, 96
53.60, 96
53.60, 96
53.69, 96
53.69, 96
53.69, 96
53.75, 96
53.75, 96
53.75, 96
54.03, 96
54.06, 96
54.06, 96
54.35, 96
54.37, 96
54.91, 96
55.06, 96
55.47, 96
56.17, 96
56.21, 96
57.38, 96
58.74, 96
58.74, 96
59.14, 96
59.36, 96
60.14, 96
61.13, 96
61.13, 96
61.13, 96
61.45, 96
61.45, 96
61.68, 96
61.68, 96
61.68, 96
62.36, 96
62.36, 96
63.06, 96
63.09, 96
63.11, 96
63.72, 96
63.73, 96
63.93, 96
63.93, 96
65.23, 96
65.80, 96
65.80, 96
65.81, 96
65.81, 96
65.89, 96
66.16, 96
66.26, 96
66.26, 96
66.59, 96
66.59, 96
66.59, 96
66.59, 96
66.59, 96
66.59, 96
67.19, 96
67.19, 96
67.19, 96
68.22, 96
68.22, 96
69.13, 96
69.14, 96
70.18, 96
70.29, 96
70.30, 96
70.43, 96
70.43, 96
70.43, 96
70.43, 96
70.93, 96
70.93, 96
71.30, 96
71.30, 96
71.59, 96
71.59, 96
72.80, 96
72.80, 96
72.80, 96
72.80, 96
72.80, 96
73.10, 96
73.10, 96
74.56, 96
74.56, 96
75.05, 96
75.51, 96
75.51, 96
76.39, 96
76.72, 96
76.72, 96
77.12, 96
77.51, 96
78.90, 96
79.47, 96
79.48, 96
79.98, 96
80.16, 96
80.57, 96
80.58, 96
80.88, 96
81.53, 96
81.54, 96
81.55, 96
81.86, 96
82.67, 96
85.03, 96
85.12, 96
85.12, 96
85.74, 96
85.74, 96
86.31, 96
86.43, 96
86.43, 96
86.79, 96
87.29, 96
87.29, 96
87.29, 96
87.29, 96
88.59, 96
88.74, 96
89.16, 96
90.81, 96
91.35, 96
91.84, 96
92.45, 96
92.46, 96
92.91, 96
93.74, 96
93.74, 96
94.06, 96
94.07, 96
95.40, 96
95.40, 96
95.96, 96
96.14, 96
96.16, 96
96.17, 96
96.17, 96
96.30, 96
96.70, 96
97.64, 96
97.65, 96
97.65, 96
97.74, 96
97.74, 96
97.75, 96
97.75, 96
97.75, 96
97.75, 96
97.87, 96
97.87, 96
100.38, 96
100.38, 96
100.38, 96
100.38, 96
101.20, 96
101.45, 96
101.57, 96
102.44, 96
102.44, 96
102.78, 96
102.92, 96
103.16, 96
103.23, 96
103.38, 96
103.39, 96
103.82, 96
104.23, 96
104.50, 96
104.61, 96
104.85, 96
104.86, 96
105.78, 96
105.78, 96
105.80, 96
108.27, 96
108.27, 96
108.31, 96
109.59, 96
109.59, 96
109.60, 96
110.15, 96
110.74, 96
111.58, 96
111.58, 96
112.15, 96
113.63, 96
115.09, 96
115.09, 96
115.40, 96
115.89, 96
115.89, 96
118.66, 96
118.68, 96
118.69, 96
119.32, 96
119.69, 96
119.69, 96
119.69, 96
119.70, 96
119.79, 96
119.93, 96
119.93, 96
119.94, 96
121.89, 96
121.89, 96
122.09, 96
122.09, 96
122.09, 96
122.66, 96
123.42, 96
123.42, 96
123.52, 96
123.57, 96
123.57, 96
123.57, 96
123.57, 96
124.31, 96
126.30, 96
126.31, 96
127.00, 96
127.00, 96
127.00, 96
127.05, 96
127.05, 96
127.05, 96
127.16, 96
127.18, 96
127.53, 96
127.96, 96
128.07, 96
128.82, 96
129.04, 96
129.04, 96
129.04, 96
129.04, 96
129.04, 96
129.84, 96
129.84, 96
129.84, 96
129.85, 96
129.85, 96
130.41, 96
130.41, 96
131.87, 96
131.87, 96
132.74, 96
132.75, 96
133.03, 96
133.53, 96
135.39, 96
136.50, 96
136.51, 96
136.51, 96
136.51, 96
136.51, 96
136.51, 96
138.13, 96
138.13, 96
138.13, 96
138.45, 96
138.45, 96
138.45, 96
138.46, 96
138.59, 96
138.88, 96
138.88, 96
138.88, 96
138.88, 96
138.88, 96
138.88, 96
139.59, 96
139.59, 96
141.45, 96
141.45, 96
141.45, 96
143.23, 96
143.47, 96
143.64, 96
144.09, 96
144.09, 96
144.09, 96
144.28, 96
144.29, 96
144.29, 96
144.29, 96
144.32, 96
144.33, 96
145.05, 96
145.33, 96
145.67, 96
145.70, 96
145.70, 96
146.37, 96
146.63, 96
147.32, 96
147.67, 96
148.07, 96
148.14, 96
148.14, 96
148.14, 96
148.14, 96
148.52, 96
148.84, 96
148.86, 96
148.87, 96
148.87, 96
148.87, 96
148.88, 96
149.18, 96
149.18, 96
149.21, 96
149.27, 96
149.27, 96
149.28, 96
149.72, 96
150.20, 96
150.20, 96
150.51, 96
151.43, 96
151.44, 96
152.32, 96
152.46, 96
152.46, 96
152.60, 96
152.74, 96
152.75, 96
152.75, 96
153.92, 96
154.17, 96
154.92, 96
154.92, 96
155.12, 96
155.89, 96
155.89, 96
155.96, 96
156.48, 96
156.81, 96
156.81, 96
157.27, 96
157.27, 96
157.93, 96
157.94, 96
158.59, 96
159.19, 96
159.19, 96
159.19, 96
159.19, 96
160.78, 96
160.78, 96
161.22, 96
161.77, 96
162.44, 96
162.48, 96
162.48, 96
162.58, 96
162.74, 96
163.61, 96
164.57, 96
164.99, 96
164.99, 96
165.31, 96
166.30, 96
167.30, 96
167.31, 96
168.27, 96
168.61, 96
168.82, 96
169.23, 96
169.76, 96
169.77, 96
170.27, 96
170.76, 96
170.77, 96
170.84, 96
171.94, 96
172.03, 96
172.03, 96
172.67, 96
173.02, 96
173.02, 96
173.02, 96
173.16, 96
173.18, 96
173.28, 96
173.30, 96
173.30, 96
173.30, 96
173.77, 96
173.77, 96
174.54, 96
174.54, 96
174.73, 96
174.73, 96
174.73, 96
174.73, 96
175.39, 96
175.40, 96
175.40, 96
175.46, 96
175.49, 96
176.42, 96
176.45, 96
176.46, 96
176.46, 96
176.46, 96
176.51, 96
176.68, 96
176.69, 96
176.70, 96
176.70, 96
176.91, 96
177.51, 96
178.52, 96
178.53, 96
179.27, 96
179.27, 96
179.95, 96
179.95, 96
179.95, 96
180.01, 96
180.01, 96
180.01, 96
180.19, 96
180.47, 96
180.54, 96
181.37, 96
181.37, 96
181.49, 96
182.00, 96
182.18, 96
182.40, 96
183.34, 96
184.07, 96
184.51, 96
185.66, 96
185.75, 96
185.75, 96
186.10, 96
186.10, 96
186.10, 96
186.20, 96
186.33, 96
186.33, 96
186.49, 96
186.67, 96
186.67, 96
186.67, 96
186.69, 96
187.84, 96
187.84, 96
187.84, 96
187.88, 96
187.88, 96
187.88, 96
187.88, 96
190.01, 96
190.08, 96
190.08, 96
190.44, 96
192.02, 96
192.21, 96
192.53, 96
194.43, 96
194.77, 96
194.94, 96
195.84, 96
195.88, 96
195.89, 96
196.00, 96
197.18, 96
197.18, 96
197.48, 96
197.63, 96
198.96, 96
199.62, 96
199.63, 96
200.15, 96
200.87, 96
202.16, 96
202.17, 96
202.17, 96
202.19, 96
202.77, 96
202.77, 96
202.78, 96
202.78, 96
203.36, 96
203.82, 96
203.84, 96
203.84, 96
205.13, 96
205.38, 96
205.62, 96
205.92, 96
205.92, 96
205.92, 96
206.55, 96
206.55, 96
206.55, 96
207.25, 96
207.55, 96
207.56, 96
208.11, 96
208.48, 96
210.32, 96
210.36, 96
210.37, 96
210.67, 96
210.96, 96
211.70, 96
212.52, 96
212.53, 96
212.53, 96
212.53, 96
212.57, 96
212.57, 96
212.98, 96
213.59, 96
213.87, 96
214.88, 96
214.92, 96
215.66, 96
215.70, 96
216.29, 96
216.76, 96
216.76, 96
217.05, 96
217.05, 96
217.05, 96
217.62, 96
217.63, 96
217.74, 96
218.05, 96
218.54, 96
218.54, 96
218.55, 96
218.55, 96
218.60, 96
218.97, 96
219.26, 96
219.27, 96
219.47, 96
220.09, 96
220.09, 96
220.09, 96
220.09, 96
220.10, 96
220.74, 96
220.74, 96
220.87, 96
221.00, 96
221.00, 96
221.53, 96
221.53, 96
221.68, 96
221.68, 96
221.68, 96
221.68, 96
221.69, 96
222.02, 96
222.44, 96
222.44, 96
222.44, 96
222.44, 96
222.50, 96
222.77, 96
223.03, 96
223.58, 96
223.77, 96
224.02, 96
224.03, 96
224.22, 96
224.22, 96
224.22, 96
224.43, 96
224.43, 96
224.43, 96
224.52, 96
224.54, 96
224.79, 96
225.46, 96
225.46, 96
225.46, 96
225.46, 96
225.68, 96
225.68, 96
228.30, 96
228.30, 96
228.52, 96
229.52, 96
229.52, 96
229.52, 96
229.79, 96
229.80, 96
229.90, 96
229.92, 96
230.15, 96
230.15, 96
230.15, 96
230.15, 96
230.28, 96
230.28, 96
230.50, 96
231.28, 96
231.28, 96
232.25, 96
232.25, 96
232.74, 96
233.67, 96
233.94, 96
234.18, 96
234.18, 96
234.68, 96
234.68, 96
234.68, 96
234.73, 96
234.73, 96
234.73, 96
235.49, 96
235.49, 96
235.93, 96
237.22, 96
237.34, 96
237.34, 96
237.34, 96
237.34, 96
238.53, 96
238.96, 96
239.58, 96
239.58, 96
239.69, 96
239.70, 96
239.70, 96
240.73, 96
242.97, 96
242.97, 96
242.97, 96
242.97, 96
243.26, 96
243.26, 96
243.91, 96
244.28, 96
244.53, 96
244.79, 96
246.97, 96
246.97, 96
247.93, 96
248.28, 96
248.29, 96
248.29, 96
248.29, 96
248.40, 96
248.42, 96
248.81, 96
248.81, 96
248.82, 96
248.82, 96
248.82, 96
248.88, 96
248.88, 96
248.88, 96
249.17, 96
249.17, 96
249.17, 96
249.56, 96
250.14, 96
250.14, 96
250.95, 96
250.95, 96
250.95, 96
250.95, 96
251.07, 96
251.07, 96
251.08, 96
251.18, 96
251.18, 96
251.18, 96
251.18, 96
251.18, 96
251.63, 96
251.63, 96
251.63, 96
251.78, 96
251.78, 96
252.41, 96
252.63, 96
252.63, 96
252.63, 96
252.63, 96
252.89, 96
252.89, 96
252.89, 96
252.89, 96
254.70, 96
255.02, 96
255.03, 96
255.08, 96
255.08, 96
255.62, 96
256.28, 96
256.28, 96
256.29, 96
256.29, 96
256.29, 96
256.39, 96
256.39, 96
256.45, 96
256.74, 96
256.74, 96
256.97, 96
256.97, 96
256.97, 96
257.38, 96
257.86, 96
257.86, 96
258.01, 96
258.08, 96
258.13, 96
258.14, 96
258.14, 96
258.24, 96
258.24, 96
258.58, 96
258.58, 96
259.41, 96
259.41, 96
259.51, 96
260.08, 96
260.59, 96
260.63, 96
261.13, 96
261.13, 96
261.19, 96
262.08, 96
262.63, 96
262.92, 96
263.28, 96
263.51, 96
263.51, 96
265.11, 96
266.06, 96
266.40, 96
266.48, 96
266.48, 96
266.48, 96
266.66, 96
266.66, 96
267.07, 96
267.83, 96
268.15, 96
268.15, 96
268.71, 96
269.97, 96
269.97, 96
270.56, 96
270.57, 96
270.57, 96
270.66, 96
270.70, 96
271.02, 96
271.76, 96
272.37, 96
272.96, 96
273.48, 96
273.48, 96
273.52, 96
273.52, 96
274.13, 96
274.17, 96
274.17, 96
274.21, 96
274.59, 96
274.60, 96
274.76, 96
277.20, 96
277.43, 96
277.67, 96
277.98, 96
279.26, 96
279.26, 96
279.26, 96
280.43, 96
280.44, 96
280.44, 96
280.44, 96
280.46, 96
281.26, 96
281.40, 96
281.42, 96
283.89, 96
283.89, 96
284.13, 96
284.13, 96
284.34, 96
284.38, 96
284.99, 96
285.64, 96
285.65, 96
285.65, 96
287.11, 96
287.16, 96
287.16, 96
288.33, 96
288.34, 96
288.39, 96
288.60, 96
288.62, 96
289.20, 96
289.20, 96
289.20, 96
289.34, 96
289.72, 96
289.72, 96
291.05, 96
291.05, 96
291.10, 96
291.59, 96
291.90, 96
291.90, 96
291.97, 96
291.97, 96
292.50, 96
292.50, 96
292.50, 96
292.50, 96
292.50, 96
292.51, 96
292.65, 96
292.95, 96
293.72, 96
294.20, 96
294.20, 96
294.74, 96
295.24, 96
295.27, 96
295.72, 96
295.72, 96
295.83, 96
296.29, 96
297.18, 96
297.62, 96
297.62, 96
297.62, 96
298.38, 96
298.89, 96
299.16, 96
299.62, 96
299.63, 96
299.63, 96
299.63, 96
299.98, 96
300.15, 96
300.28, 96
300.28, 96
300.28, 96
300.85, 96
300.86, 96
300.86, 96
300.86, 96
300.86, 96
301.24, 96
301.25, 96
302.52, 96
302.53, 96
303.00, 96
303.08, 96
303.08, 96
303.23, 96
303.23, 96
303.35, 96
303.64, 96
304.92, 96
305.20, 96
305.96, 96
306.29, 96
306.68, 96
308.79, 96
308.79, 96
308.79, 96
308.80, 96
309.90, 96
309.90, 96
310.40, 96
310.60, 96
310.81, 96
311.51, 96
311.52, 96
311.52, 96
312.05, 96
313.51, 96
314.67, 96
314.85, 96
315.12, 96
315.12, 96
315.12, 96
315.38, 96
316.15, 96
316.23, 96
316.72, 96
317.22, 96
320.46, 96
321.44, 96
321.50, 96
321.52, 96
321.52, 96
321.52, 96
321.52, 96
321.53, 96
321.65, 96
321.72, 96
321.72, 96
321.73, 96
322.17, 96
322.25, 96
324.55, 96
324.60, 96
324.68, 96
324.72, 96
324.89, 96
325.57, 96
327.92, 96
328.39, 96
328.39, 96
328.94, 96
329.28, 96
329.76, 96
329.77, 96
329.77, 96
330.11, 96
330.32, 96
330.37, 96
330.39, 96
331.19, 96
331.19, 96
331.92, 96
332.69, 96
332.70, 96
332.77, 96
332.86, 96
332.86, 96
332.86, 96
332.86, 96
334.13, 96
334.20, 96
335.00, 96
335.01, 96
335.15, 96
336.59, 96
336.66, 96
336.68, 96
336.79, 96
337.48, 96
337.49, 96
337.83, 96
337.84, 96
337.84, 96
337.84, 96
338.85, 96
338.85, 96
338.87, 96
338.87, 96
338.87, 96
338.92, 96
338.92, 96
338.92, 96
340.38, 96
340.38, 96
340.67, 96
340.67, 96
341.85, 96
341.86, 96
341.87, 96
342.19, 96
342.89, 96
343.22, 96
343.22, 96
343.22, 96
343.81, 96
344.43, 96
344.45, 96
344.45, 96
344.74, 96
345.37, 96
345.37, 96
345.45, 96
345.98, 96
346.52, 96
346.61, 96
346.84, 96
347.48, 96
347.59, 96
348.09, 96
348.09, 96
348.09, 96
348.59, 96
348.66, 96
349.11, 96
349.11, 96
351.60, 96
352.04, 96
352.04, 96
352.04, 96
353.77, 96
353.77, 96
354.23, 96
355.17, 96
355.17, 96
355.49, 96
355.56, 96
355.57, 96
357.50, 96
358.54, 96
359.62, 96
359.92, 96
360.50, 96
360.97, 96
361.17, 96
361.17, 96
361.17, 96
361.17, 96
361.49, 96
361.77, 96
362.65, 96
363.49, 96
363.49, 96
363.49, 96
363.70, 96
364.32, 96
366.30, 96
366.42, 96
366.42, 96
367.19, 96
367.19, 96
367.19, 96
367.19, 96
367.19, 96
367.36, 96
367.36, 96
367.54, 96
367.54, 96
367.71, 96
368.38, 96
368.64, 96
370.16, 96
370.23, 96
371.32, 96
371.33, 96
371.33, 96
371.33, 96
371.47, 96
371.47, 96
371.52, 96
371.52, 96
371.52, 96
371.69, 96
372.12, 96
372.92, 96
373.04, 96
373.34, 96
374.56, 96
375.36, 96
375.77, 96
375.77, 96
375.91, 96
376.53, 96
377.00, 96
377.78, 96
378.91, 96
378.94, 96
378.94, 96
379.75, 96
379.84, 96
379.84, 96
380.60, 96
380.60, 96
380.60, 96
380.60, 96
380.60, 96
380.60, 96
380.61, 96
382.48, 96
382.48, 96
382.52, 96
382.92, 96
383.29, 96
383.29, 96
383.59, 96
383.59, 96
383.59, 96
383.59, 96
383.92, 96
384.54, 96
385.11, 96
385.17, 96
385.17, 96
385.17, 96
385.19, 96
385.19, 96
385.19, 96
386.60, 96
386.98, 96
386.99, 96
388.47, 96
389.29, 96
390.28, 96
390.28, 96
390.28, 96
390.39, 96
390.39, 96
391.05, 96
392.28, 96
392.28, 96
392.29, 96
392.29, 96
392.29, 96
392.63, 96
392.80, 96
393.35, 96
393.44, 96
393.49, 96
393.95, 96
394.87, 96
394.87, 96
395.29, 96
395.42, 96
396.66, 96
396.66, 96
397.10, 96
397.70, 96
398.35, 96
398.35, 96
398.40, 96
398.40, 96
398.78, 96
399.42, 96
399.42, 96
399.42, 96
399.77, 96
399.86, 96
399.87, 96
399.87, 96
401.10, 96
401.10, 96
401.10, 96
401.29, 96
401.41, 96
401.41, 96
401.41, 96
401.41, 96
401.41, 96
401.42, 96
401.42, 96
401.42, 96
401.42, 96
401.42, 96
402.39, 96
402.45, 96
402.64, 96
402.64, 96
402.81, 96
402.86, 96
403.71, 96
404.56, 96
404.60, 96
404.60, 96
405.07, 96
405.07, 96
406.55, 96
406.61, 96
406.62, 96
406.90, 96
407.39, 96
408.06, 96
408.61, 96
409.42, 96
411.80, 96
412.24, 96
414.18, 96
414.85, 96
416.06, 96
416.74, 96
416.74, 96
416.97, 96
417.28, 96
417.38, 96
418.55, 96
418.55, 96
418.56, 96
418.65, 96
419.11, 96
419.11, 96
419.26, 96
419.55, 96
420.19, 96
421.11, 96
421.11, 96
421.89, 96
422.34, 96
422.62, 96
422.63, 96
422.63, 96
422.63, 96
422.70, 96
422.71, 96
422.71, 96
422.71, 96
422.72, 96
422.72, 96
422.72, 96
423.41, 96
423.50, 96
423.59, 96
424.31, 96
424.31, 96
425.00, 96
425.00, 96
425.00, 96
426.13, 96
427.18, 96
427.18, 96
427.30, 96
427.30, 96
427.31, 96
428.26, 96
428.55, 96
428.82, 96
428.83, 96
429.53, 96
429.53, 96
429.53, 96
429.53, 96
429.69, 96
430.09, 96
430.09, 96
430.09, 96
430.33, 96
430.33, 96
430.34, 96
430.35, 96
430.44, 96
430.44, 96
430.44, 96
431.15, 96
431.89, 96
431.89, 96
432.36, 96
432.76, 96
432.76, 96
432.76, 96
432.76, 96
433.42, 96
433.42, 96
433.63, 96
434.06, 96
434.07, 96
434.07, 96
434.74, 96
434.75, 96
435.67, 96
435.67, 96
435.68, 96
435.68, 96
437.27, 96
437.54, 96
437.54, 96
438.66, 96
440.43, 96
440.72, 96
440.72, 96
440.72, 96
441.27, 96
442.32, 96
442.49, 96
442.99, 96
443.17, 96
443.17, 96
443.28, 96
443.54, 96
443.54, 96
443.89, 96
443.89, 96
444.74, 96
444.74, 96
444.88, 96
444.89, 96
444.98, 96
445.21, 96
445.61, 96
445.71, 96
445.71, 96
445.71, 96
445.72, 96
445.78, 96
445.99, 96
445.99, 96
446.33, 96
446.65, 96
448.55, 96
448.55, 96
448.62, 96
448.87, 96
448.87, 96
449.15, 96
449.40, 96
449.72, 96
449.85, 96
449.97, 96
450.85, 96
451.18, 96
451.18, 96
451.28, 96
451.28, 96
452.26, 96
452.53, 96
452.53, 96
452.53, 96
452.54, 96
452.54, 96
452.54, 96
452.57, 96
452.63, 96
452.77, 96
453.37, 96
453.60, 96
453.60, 96
453.61, 96
453.61, 96
453.61, 96
453.61, 96
453.62, 96
456.66, 96
456.67, 96
456.67, 96
456.67, 96
456.67, 96
456.91, 96
456.92, 96
456.92, 96
456.97, 96
456.97, 96
457.32, 96
457.78, 96
457.79, 96
458.01, 96
458.01, 96
458.01, 96
458.13, 96
458.28, 96
458.29, 96
458.29, 96
458.94, 96
460.92, 96
461.05, 96
461.63, 96
461.64, 96
462.48, 96
463.80, 96
464.03, 96
464.15, 96
464.74, 96
464.79, 96
464.79, 96
464.91, 96
464.91, 96
465.76, 96
465.77, 96
465.77, 96
466.71, 96
466.71, 96
467.79, 96
467.79, 96
467.79, 96
467.79, 96
467.80, 96
468.06, 96
468.06, 96
468.38, 96
468.60, 96
468.60, 96
468.60, 96
471.22, 96
471.86, 96
471.86, 96
471.86, 96
471.86, 96
471.86, 96
472.16, 96
472.16, 96
472.21, 96
472.35, 96
472.68, 96
473.06, 96
473.07, 96
473.07, 96
473.44, 96
473.85, 96
475.27, 96
475.27, 96
476.39, 96
477.34, 96
477.61, 96
478.28, 96
478.28, 96
478.64, 96
480.15, 96
480.15, 96
480.15, 96
480.20, 96
480.20, 96
480.20, 96
480.21, 96
480.21, 96
480.21, 96
480.21, 96
480.21, 96
480.21, 96
480.21, 96
480.50, 96
480.50, 96
480.50, 96
480.90, 96
481.37, 96
481.58, 96
481.96, 96
482.29, 96
482.29, 96
482.36, 96
483.01, 96
484.82, 96
485.05, 96
485.75, 96
485.75, 96
485.75, 96
485.75, 96
486.56, 96
486.56, 96
486.56, 96
486.57, 96
487.56, 96
487.56, 96
487.56, 96
487.61, 96
487.61, 96
487.61, 96
487.61, 96
487.63, 96
487.63, 96
487.83, 96
487.99, 96
487.99, 96
487.99, 96
488.15, 96
488.31, 96
489.32, 96
489.94, 96
490.26, 96
490.92, 96
490.92, 96
491.11, 96
491.21, 96
491.21, 96
492.23, 96
492.30, 96
492.30, 96
493.01, 96
494.59, 96
495.32, 96
495.32, 96
495.40, 96
496.29, 96
496.29, 96
496.29, 96
497.19, 96
497.20, 96
497.40, 96
497.40, 96
497.59, 96
497.59, 96
498.37, 96
498.37, 96
498.37, 96
498.37, 96
498.37, 96
498.40, 96
498.42, 96
499.01, 96
499.01, 96
500.02, 96
501.99, 96
502.61, 96
503.22, 96
503.36, 96
503.36, 96
504.11, 96
504.30, 96
504.31, 96
504.31, 96
504.31, 96
504.44, 96
504.44, 96
504.57, 96
504.58, 96
505.45, 96
505.45, 96
505.45, 96
505.51, 96
505.51, 96
505.64, 96
505.64, 96
506.57, 96
506.97, 96
507.41, 96
507.66, 96
508.16, 96
508.16, 96
508.26, 96
508.26, 96
508.28, 96
508.28, 96
508.52, 96
509.18, 96
511.29, 96
511.56, 96
511.56, 96
511.56, 96
511.75, 96
513.29, 96
513.81, 96
513.86, 96
513.86, 96
513.86, 96
513.87, 96
514.03, 96
514.20, 96
514.20, 96
514.41, 96
514.54, 96
514.98, 96
515.10, 96
515.10, 96
515.10, 96
515.10, 96
515.11, 96
515.11, 96
515.24, 96
515.58, 96
515.58, 96
515.58, 96
516.39, 96
517.09, 96
517.15, 96
517.20, 96
517.95, 96
518.85, 96
518.88, 96
519.35, 96
519.38, 96
519.38, 96
519.58, 96
519.58, 96
520.36, 96
520.64, 96
521.11, 96
522.54, 96
522.59, 96
522.67, 96
522.67, 96
523.28, 96
523.77, 96
523.78, 96
524.35, 96
524.35, 96
524.35, 96
524.35, 96
524.35, 96
524.35, 96
524.35, 96
524.35, 96
524.35, 96
524.62, 96
524.74, 96
524.86, 96
524.86, 96
525.67, 96
526.80, 96
526.80, 96
526.81, 96
526.82, 96
527.01, 96
527.62, 96
527.86, 96
527.86, 96
528.13, 96
528.14, 96
528.74, 96
530.13, 96
530.57, 96
530.57, 96
531.12, 96
531.13, 96
531.64, 96
531.64, 96
531.64, 96
531.64, 96
531.79, 96
531.80, 96
531.80, 96
531.80, 96
531.85, 96
532.07, 96
532.07, 96
532.08, 96
532.08, 96
533.00, 96
533.13, 96
533.13, 96
533.75, 96
533.76, 96
533.89, 96
533.89, 96
533.89, 96
533.89, 96
533.89, 96
535.76, 96
535.76, 96
535.80, 96
536.23, 96
536.23, 96
536.80, 96
536.80, 96
537.16, 96
537.57, 96
538.67, 96
539.56, 96
539.56, 96
541.04, 96
541.07, 96
541.29, 96
541.30, 96
541.51, 96
541.74, 96
541.74, 96
542.20, 96
542.28, 96
542.29, 96
542.29, 96
542.29, 96
542.48, 96
542.62, 96
543.10, 96
543.10, 96
543.10, 96
543.10, 96
543.32, 96
543.50, 96
543.85, 96
543.85, 96
544.70, 96
545.09, 96
546.02, 96
546.18, 96
546.18, 96
546.83, 96
547.00, 96
547.00, 96
547.00, 96
547.25, 96
548.13, 96
548.13, 96
548.13, 96
548.13, 96
548.13, 96
549.24, 96
549.68, 96
549.96, 96
549.96, 96
549.99, 96
551.24, 96
551.24, 96
551.24, 96
551.27, 96
553.32, 96
553.32, 96
553.33, 96
553.49, 96
554.11, 96
554.11, 96
554.11, 96
554.19, 96
554.57, 96
554.57, 96
554.57, 96
554.67, 96
554.69, 96
554.83, 96
555.27, 96
555.58, 96
555.58, 96
556.11, 96
556.82, 96
557.03, 96
557.39, 96
557.47, 96
558.27, 96
558.41, 96
558.41, 96
558.41, 96
558.64, 96
559.80, 96
559.80, 96
560.84, 96
560.84, 96
560.85, 96
560.85, 96
560.85, 96
560.85, 96
562.09, 96
563.20, 96
563.20, 96
565.54, 96
565.56, 96
565.56, 96
565.80, 96
565.91, 96
566.40, 96
568.22, 96
568.24, 96
568.79, 96
568.88, 96
569.63, 96
569.63, 96
570.37, 96
572.28, 96
572.29, 96
572.33, 96
572.45, 96
572.45, 96
572.45, 96
572.45, 96
572.45, 96
572.57, 96
572.71, 96
572.98, 96
573.07, 96
573.85, 96
573.86, 96
574.89, 96
575.19, 96
575.27, 96
575.27, 96
575.58, 96
576.31, 96
576.55, 96
576.79, 96
576.98, 96
576.98, 96
578.03, 96
578.03, 96
578.03, 96
578.03, 96
578.23, 96
578.55, 96
578.56, 96
579.30, 96
579.30, 96
579.81, 96
579.81, 96
581.27, 96
581.27, 96
581.66, 96
582.47, 96
582.47, 96
583.18, 96
583.18, 96
583.53, 96
583.55, 96
583.55, 96
583.65, 96
583.81, 96
585.75, 96
585.75, 96
585.75, 96
586.25, 96
586.68, 96
586.95, 96
587.02, 96
587.06, 96
587.07, 96
587.39, 96
587.50, 96
587.70, 96
588.20, 96
588.40, 96
588.40, 96
588.85, 96
589.24, 96
589.25, 96
589.32, 96
590.88, 96
590.88, 96
590.89, 96
591.08, 96
591.08, 96
591.89, 96
592.18, 96
592.30, 96
592.31, 96
593.60, 96
593.70, 96
594.02, 96
596.06, 96
596.81, 96
597.07, 96
597.07, 96
597.08, 96
597.15, 96
597.15, 96
597.40, 96
597.41, 96
597.41, 96
597.41, 96
597.44, 96
597.44, 96
597.69, 96
597.69, 96
597.78, 96
598.35, 96
599.26, 96
599.31, 96
599.36, 96
599.36, 96
599.97, 96
