0.00, 102
0.00, 99
0.00, 99
0.01, 99
0.01, 99
0.01, 98
0.01, 98
0.01, 98
0.01, 98
0.02, 98
0.02, 97
0.03, 97
0.03, 97
0.05, 97
0.08, 97
0.08, 97
0.11, 97
0.11, 97
0.11, 97
0.25, 97
0.26, 97
0.32, 97
0.33, 97
0.33, 97
0.33, 97
0.39, 97
0.39, 97
0.39, 97
0.46, 97
0.46, 97
0.46, 97
0.50, 97
0.54, 97
0.54, 97
0.60, 97
0.60, 97
0.60, 97
0.60, 97
0.60, 97
0.61, 97
0.61, 97
0.61, 97
0.66, 97
0.66, 97
0.67, 97
0.67, 96
1.33, 96
2.47, 96
2.56, 96
2.66, 96
2.66, 96
3.73, 96
5.66, 96
5.88, 96
6.49, 96
6.53, 96
6.68, 96
6.69, 96
7.10, 96
7.86, 96
7.88, 96
7.89, 96
8.04, 96
8.04, 96
9.23, 96
9.48, 96
9.48, 96
9.69, 96
10.33, 96
11.35, 96
11.44, 96
12.80, 96
12.80, 96
13.06, 96
13.06, 96
13.53, 96
13.70, 96
13.70, 96
14.11, 96
14.11, 96
14.47, 96
14.47, 96
14.47, 96
14.86, 96
14.94, 96
14.95, 96
14.99, 96
15.02, 96
15.99, 96
15.99, 96
16.09, 96
16.09, 96
16.24, 96
16.24, 96
16.44, 96
16.44, 96
16.44, 96
16.72, 96
16.72, 96
17.34, 96
17.34, 96
17.34, 96
17.34, 96
17.34, 96
17.34, 96
17.34, 96
18.24, 96
18.24, 96
18.24, 96
18.80, 96
18.99, 96
18.99, 96
18.99, 96
19.48, 96
20.29, 96
20.83, 96
20.84, 96
21.41, 96
23.77, 96
23.77, 96
23.94, 96
24.00, 96
24.01, 96
24.01, 96
24.45, 96
24.57, 96
24.88, 96
25.37, 96
25.66, 96
25.66, 96
25.86, 96
25.96, 96
26.04, 96
26.09, 96
26.12, 96
26.12, 96
26.20, 96
27.88, 96
28.14, 96
28.14, 96
28.14, 96
29.02, 96
30.09, 96
30.14, 96
30.14, 96
30.14, 96
30.14, 96
30.35, 96
30.70, 96
30.97, 96
30.97, 96
30.97, 96
31.40, 96
31.40, 96
31.58, 96
33.36, 96
33.48, 96
34.00, 96
34.00, 96
34.12, 96
34.60, 96
34.60, 96
34.60, 96
34.79, 96
34.94, 96
34.97, 96
35.83, 96
35.83, 96
35.83, 96
35.83, 96
35.83, 96
35.88, 96
36.92, 96
37.56, 96
37.56, 96
37.83, 96
37.92, 96
39.10, 96
39.10, 96
39.10, 96
39.10, 96
39.10, 96
39.14, 96
39.43, 96
39.49, 96
40.12, 96
40.12, 96
40.21, 96
40.84, 96
41.00, 96
41.00, 96
41.10, 96
41.28, 96
42.84, 96
43.75, 96
43.75, 96
43.93, 96
43.94, 96
43.98, 96
43.99, 96
44.46, 96
44.51, 96
44.51, 96
44.61, 96
44.61, 96
44.61, 96
44.67, 96
44.67, 96
44.67, 96
44.91, 96
44.93, 96
44.93, 96
45.17, 96
45.17, 96
45.69, 96
45.81, 96
46.21, 96
46.91, 96
46.95, 96
48.05, 96
49.35, 96
49.35, 96
49.65, 96
49.80, 96
50.44, 96
51.33, 96
51.33, 96
51.33, 96
51.64, 96
51.64, 96
51.78, 96
51.78, 96
51.78, 96
52.30, 96
52.30, 96
52.93, 96
52.96, 96
52.99, 96
53.56, 96
53.56, 96
53.69, 96
53.69, 96
54.63, 96
54.95, 96
54.96, 96
54.96, 96
54.96, 96
54.98, 96
55.12, 96
55.16, 96
55.16, 96
55.40, 96
55.41, 96
55.41, 96
55.41, 96
55.41, 96
55.41, 96
55.85, 96
55.85, 96
55.85, 96
56.60, 96
56.60, 96
57.34, 96
57.34, 96
58.21, 96
58.36, 96
58.38, 96
58.56, 96
58.56, 96
58.56, 96
58.56, 96
59.06, 96
59.06, 96
59.37, 96
59.37, 96
59.65, 96
59.65, 96
60.65, 96
60.65, 96
60.65, 96
60.65, 96
60.65, 96
60.87, 96
60.87, 96
61.97, 96
61.97, 96
62.42, 96
62.70, 96
62.70, 96
63.55, 96
63.84, 96
63.84, 96
64.19, 96
64.49, 96
65.68, 96
66.02, 96
66.02, 96
66.49, 96
66.68, 96
67.14, 96
67.14, 96
67.42, 96
67.98, 96
67.98, 96
67.99, 96
68.29, 96
69.09, 96
71.07, 96
71.14, 96
71.14, 96
71.61, 96
71.62, 96
72.04, 96
72.19, 96
72.19, 96
72.50, 96
72.90, 96
72.90, 96
72.90, 96
72.90, 96
74.27, 96
74.43, 96
74.76, 96
75.94, 96
76.37, 96
76.85, 96
77.37, 96
77.37, 96
77.68, 96
78.33, 96
78.33, 96
78.54, 96
78.54, 96
79.42, 96
79.42, 96
79.90, 96
80.04, 96
80.06, 96
80.07, 96
80.07, 96
80.18, 96
80.48, 96
81.25, 96
81.25, 96
81.25, 96
81.35, 96
81.35, 96
81.35, 96
81.35, 96
81.35, 96
81.35, 96
81.44, 96
81.44, 96
83.24, 96
83.24, 96
83.24, 96
83.25, 96
84.02, 96
84.27, 96
84.39, 96
85.21, 96
85.21, 96
85.55, 96
85.67, 96
85.91, 96
85.99, 96
86.13, 96
86.13, 96
86.54, 96
86.92, 96
87.14, 96
87.26, 96
87.46, 96
87.46, 96
88.33, 96
88.33, 96
88.35, 96
89.92, 96
89.92, 96
89.94, 96
90.76, 96
90.76, 96
90.76, 96
91.11, 96
91.56, 96
92.42, 96
92.42, 96
92.98, 96
94.40, 96
95.32, 96
95.32, 96
95.57, 96
96.05, 96
96.05, 96
98.35, 96
98.38, 96
98.38, 96
98.80, 96
99.10, 96
99.10, 96
99.10, 96
99.11, 96
99.19, 96
99.27, 96
99.27, 96
99.27, 96
100.85, 96
100.85, 96
101.03, 96
101.03, 96
101.03, 96
101.57, 96
102.26, 96
102.27, 96
102.36, 96
102.41, 96
102.41, 96
102.41, 96
102.41, 96
102.96, 96
104.87, 96
104.87, 96
105.52, 96
105.52, 96
105.52, 96
105.58, 96
105.58, 96
105.58, 96
105.68, 96
105.68, 96
105.98, 96
106.38, 96
106.48, 96
107.25, 96
107.39, 96
107.39, 96
107.39, 96
107.39, 96
107.39, 96
107.97, 96
107.97, 96
107.97, 96
107.97, 96
107.97, 96
108.37, 96
108.37, 96
109.66, 96
109.66, 96
110.46, 96
110.46, 96
110.67, 96
110.97, 96
112.61, 96
113.48, 96
113.48, 96
113.48, 96
113.49, 96
113.49, 96
113.49, 96
114.87, 96
114.87, 96
114.88, 96
115.15, 96
115.16, 96
115.16, 96
115.17, 96
115.27, 96
115.50, 96
115.50, 96
115.50, 96
115.50, 96
115.51, 96
115.51, 96
116.08, 96
116.08, 96
117.82, 96
117.82, 96
117.82, 96
119.25, 96
119.46, 96
119.65, 96
120.01, 96
120.01, 96
120.01, 96
120.14, 96
120.14, 96
120.14, 96
120.14, 96
120.16, 96
120.16, 96
120.71, 96
120.98, 96
121.32, 96
121.36, 96
121.37, 96
122.01, 96
122.27, 96
122.88, 96
123.19, 96
123.58, 96
123.63, 96
123.63, 96
123.63, 96
123.63, 96
124.02, 96
124.34, 96
124.35, 96
124.35, 96
124.35, 96
124.35, 96
124.38, 96
124.64, 96
124.65, 96
124.67, 96
124.72, 96
124.72, 96
124.73, 96
125.10, 96
125.53, 96
125.53, 96
125.84, 96
126.55, 96
126.55, 96
127.39, 96
127.52, 96
127.52, 96
127.65, 96
127.79, 96
127.80, 96
127.80, 96
128.68, 96
128.90, 96
129.48, 96
129.49, 96
129.69, 96
130.40, 96
130.40, 96
130.47, 96
130.90, 96
131.07, 96
131.07, 96
131.45, 96
131.45, 96
132.17, 96
132.17, 96
132.70, 96
133.14, 96
133.14, 96
133.14, 96
133.14, 96
134.52, 96
134.52, 96
134.97, 96
135.48, 96
135.99, 96
136.02, 96
136.02, 96
136.10, 96
136.24, 96
137.07, 96
137.78, 96
138.19, 96
138.19, 96
138.45, 96
139.22, 96
140.13, 96
140.13, 96
141.11, 96
141.40, 96
141.58, 96
142.04, 96
142.62, 96
142.62, 96
143.09, 96
143.56, 96
143.57, 96
143.64, 96
144.68, 96
144.77, 96
144.77, 96
145.37, 96
145.71, 96
145.71, 96
145.71, 96
145.83, 96
145.84, 96
145.92, 96
145.95, 96
145.95, 96
145.95, 96
146.42, 96
146.42, 96
147.23, 96
147.23, 96
147.41, 96
147.41, 96
147.41, 96
147.41, 96
148.01, 96
148.01, 96
148.01, 96
148.05, 96
148.09, 96
148.70, 96
148.71, 96
148.71, 96
148.71, 96
148.71, 96
148.73, 96
148.86, 96
148.86, 96
148.86, 96
148.87, 96
149.02, 96
149.48, 96
150.37, 96
150.37, 96
150.95, 96
150.96, 96
151.40, 96
151.41, 96
151.41, 96
151.45, 96
151.45, 96
151.45, 96
151.64, 96
151.95, 96
152.05, 96
152.65, 96
152.65, 96
152.74, 96
153.19, 96
153.31, 96
153.54, 96
154.25, 96
154.70, 96
154.96, 96
155.82, 96
155.90, 96
155.90, 96
156.22, 96
156.22, 96
156.22, 96
156.33, 96
156.44, 96
156.44, 96
156.56, 96
156.74, 96
156.74, 96
156.74, 96
156.76, 96
157.81, 96
157.82, 96
157.82, 96
157.85, 96
157.85, 96
157.85, 96
157.85, 96
159.47, 96
159.52, 96
159.52, 96
159.79, 96
161.02, 96
161.18, 96
161.43, 96
162.97, 96
163.22, 96
163.34, 96
164.07, 96
164.11, 96
164.11, 96
164.22, 96
165.24, 96
165.24, 96
165.50, 96
165.63, 96
166.61, 96
167.06, 96
167.06, 96
167.37, 96
167.74, 96
168.40, 96
168.40, 96
168.41, 96
168.42, 96
168.84, 96
168.84, 96
168.84, 96
168.84, 96
169.30, 96
169.67, 96
169.70, 96
169.71, 96
170.73, 96
170.92, 96
171.12, 96
171.40, 96
171.41, 96
171.41, 96
171.96, 96
171.96, 96
171.96, 96
172.61, 96
172.83, 96
172.83, 96
173.27, 96
173.58, 96
175.08, 96
175.11, 96
175.11, 96
175.36, 96
175.65, 96
176.33, 96
177.15, 96
177.16, 96
177.16, 96
177.16, 96
177.20, 96
177.20, 96
177.57, 96
178.12, 96
178.37, 96
179.06, 96
179.06, 96
179.59, 96
179.63, 96
180.16, 96
180.57, 96
180.58, 96
180.84, 96
180.84, 96
180.84, 96
181.35, 96
181.35, 96
181.45, 96
181.76, 96
182.26, 96
182.26, 96
182.26, 96
182.26, 96
182.31, 96
182.65, 96
182.88, 96
182.89, 96
183.05, 96
183.65, 96
183.65, 96
183.65, 96
183.65, 96
183.65, 96
184.19, 96
184.19, 96
184.29, 96
184.39, 96
184.39, 96
184.87, 96
184.87, 96
184.98, 96
184.98, 96
184.98, 96
184.98, 96
184.99, 96
185.29, 96
185.65, 96
185.65, 96
185.65, 96
185.65, 96
185.70, 96
185.94, 96
186.18, 96
186.73, 96
186.96, 96
187.21, 96
187.22, 96
187.37, 96
187.37, 96
187.38, 96
187.53, 96
187.54, 96
187.54, 96
187.60, 96
187.61, 96
187.78, 96
188.33, 96
188.33, 96
188.34, 96
188.34, 96
188.53, 96
188.53, 96
190.85, 96
190.85, 96
191.03, 96
191.96, 96
191.96, 96
191.96, 96
192.19, 96
192.19, 96
192.27, 96
192.30, 96
192.49, 96
192.49, 96
192.49, 96
192.49, 96
192.62, 96
192.62, 96
192.83, 96
193.59, 96
193.59, 96
194.47, 96
194.47, 96
194.95, 96
195.76, 96
195.98, 96
196.14, 96
196.14, 96
196.49, 96
196.49, 96
196.49, 96
196.51, 96
196.51, 96
196.51, 96
197.27, 96
197.27, 96
197.67, 96
198.88, 96
198.95, 96
198.95, 96
198.95, 96
198.95, 96
200.01, 96
200.43, 96
200.88, 96
200.88, 96
200.97, 96
200.97, 96
200.97, 96
201.99, 96
204.00, 96
204.00, 96
204.00, 96
204.01, 96
204.25, 96
204.25, 96
204.85, 96
205.16, 96
205.34, 96
205.53, 96
207.28, 96
207.28, 96
208.14, 96
208.45, 96
208.45, 96
208.45, 96
208.45, 96
208.55, 96
208.57, 96
208.94, 96
208.94, 96
208.94, 96
208.94, 96
208.94, 96
209.00, 96
209.00, 96
209.00, 96
209.21, 96
209.22, 96
209.22, 96
209.50, 96
209.98, 96
209.98, 96
210.69, 96
210.69, 96
210.69, 96
210.69, 96
210.80, 96
210.80, 96
210.80, 96
210.90, 96
210.90, 96
210.90, 96
210.90, 96
210.90, 96
211.33, 96
211.33, 96
211.34, 96
211.47, 96
211.47, 96
212.14, 96
212.34, 96
212.34, 96
212.34, 96
212.34, 96
212.57, 96
212.57, 96
212.57, 96
212.57, 96
214.08, 96
214.29, 96
214.29, 96
214.32, 96
214.32, 96
214.68, 96
215.25, 96
215.25, 96
215.26, 96
215.26, 96
215.26, 96
215.34, 96
215.34, 96
215.39, 96
215.64, 96
215.64, 96
215.84, 96
215.84, 96
215.84, 96
216.22, 96
216.67, 96
216.68, 96
216.86, 96
216.93, 96
216.98, 96
216.98, 96
216.98, 96
217.08, 96
217.08, 96
217.40, 96
217.40, 96
218.07, 96
218.07, 96
218.15, 96
218.63, 96
219.13, 96
219.18, 96
219.62, 96
219.62, 96
219.67, 96
220.47, 96
220.99, 96
221.26, 96
221.58, 96
221.80, 96
221.80, 96
223.23, 96
224.16, 96
224.47, 96
224.53, 96
224.53, 96
224.53, 96
224.70, 96
224.70, 96
225.06, 96
225.84, 96
226.15, 96
226.15, 96
226.64, 96
227.75, 96
227.76, 96
228.32, 96
228.32, 96
228.32, 96
228.37, 96
228.41, 96
228.69, 96
229.34, 96
229.93, 96
230.49, 96
230.95, 96
230.95, 96
230.98, 96
230.98, 96
231.49, 96
231.52, 96
231.52, 96
231.56, 96
231.89, 96
231.89, 96
232.03, 96
233.89, 96
234.08, 96
234.28, 96
234.53, 96
235.59, 96
235.59, 96
235.59, 96
236.56, 96
236.56, 96
236.56, 96
236.56, 96
236.58, 96
237.37, 96
237.48, 96
237.49, 96
239.71, 96
239.71, 96
239.90, 96
239.90, 96
240.05, 96
240.08, 96
240.59, 96
241.19, 96
241.19, 96
241.19, 96
242.57, 96
242.61, 96
242.61, 96
243.68, 96
243.68, 96
243.72, 96
243.92, 96
243.94, 96
244.42, 96
244.42, 96
244.42, 96
244.52, 96
244.80, 96
244.80, 96
246.01, 96
246.01, 96
246.06, 96
246.50, 96
246.79, 96
246.79, 96
246.87, 96
246.87, 96
247.41, 96
247.41, 96
247.42, 96
247.42, 96
247.42, 96
247.42, 96
247.56, 96
247.82, 96
248.46, 96
248.76, 96
248.76, 96
249.14, 96
249.47, 96
249.49, 96
249.76, 96
249.76, 96
249.84, 96
250.14, 96
250.75, 96
251.04, 96
251.04, 96
251.04, 96
251.54, 96
251.91, 96
252.11, 96
252.44, 96
252.45, 96
252.45, 96
252.45, 96
252.69, 96
252.79, 96
252.87, 96
252.87, 96
252.87, 96
253.25, 96
253.25, 96
253.25, 96
253.25, 96
253.25, 96
253.56, 96
253.56, 96
254.42, 96
254.42, 96
254.72, 96
254.76, 96
254.76, 96
254.85, 96
254.85, 96
254.92, 96
255.10, 96
255.99, 96
256.17, 96
256.68, 96
256.93, 96
257.22, 96
258.70, 96
258.70, 96
258.70, 96
258.70, 96
259.54, 96
259.54, 96
259.92, 96
260.06, 96
260.24, 96
260.86, 96
260.86, 96
260.86, 96
261.34, 96
262.85, 96
263.90, 96
264.04, 96
264.28, 96
264.28, 96
264.28, 96
264.50, 96
265.21, 96
265.27, 96
265.59, 96
265.93, 96
267.76, 96
268.17, 96
268.17, 96
268.17, 96
268.17, 96
268.17, 96
268.17, 96
268.17, 96
268.25, 96
268.29, 96
268.29, 96
268.29, 96
268.54, 96
268.58, 96
269.76, 96
269.76, 96
269.80, 96
269.80, 96
269.91, 96
270.23, 96
271.71, 96
272.07, 96
272.07, 96
272.45, 96
272.66, 96
272.97, 96
272.98, 96
272.98, 96
273.16, 96
273.29, 96
273.32, 96
273.33, 96
273.82, 96
273.82, 96
274.31, 96
274.93, 96
274.93, 96
274.98, 96
275.07, 96
275.08, 96
275.08, 96
275.08, 96
276.04, 96
276.05, 96
276.69, 96
276.70, 96
276.84, 96
278.29, 96
278.38, 96
278.39, 96
278.52, 96
279.19, 96
279.19, 96
279.50, 96
279.51, 96
279.51, 96
279.51, 96
280.49, 96
280.49, 96
280.49, 96
280.49, 96
280.50, 96
280.54, 96
280.55, 96
280.55, 96
282.03, 96
282.04, 96
282.33, 96
282.33, 96
283.49, 96
283.49, 96
283.49, 96
283.78, 96
284.59, 96
285.00, 96
285.00, 96
285.00, 96
285.77, 96
286.50, 96
286.54, 96
286.54, 96
286.83, 96
287.54, 96
287.54, 96
287.63, 96
288.09, 96
288.58, 96
288.68, 96
288.91, 96
289.47, 96
289.58, 96
290.04, 96
290.04, 96
290.04, 96
290.53, 96
290.59, 96
291.00, 96
291.00, 96
293.24, 96
293.73, 96
293.73, 96
293.73, 96
295.71, 96
295.72, 96
296.27, 96
297.46, 96
297.48, 96
297.91, 96
297.99, 96
297.99, 96
300.51, 96
301.83, 96
302.53, 96
302.85, 96
303.47, 96
303.98, 96
304.22, 96
304.23, 96
304.23, 96
304.23, 96
304.58, 96
304.92, 96
306.04, 96
307.09, 96
307.09, 96
307.09, 96
307.37, 96
308.04, 96
310.07, 96
310.15, 96
310.16, 96
310.90, 96
310.90, 96
310.90, 96
310.90, 96
310.90, 96
311.04, 96
311.04, 96
311.22, 96
311.22, 96
311.39, 96
312.06, 96
312.36, 96
313.73, 96
313.79, 96
314.73, 96
314.73, 96
314.73, 96
314.73, 96
314.86, 96
314.86, 96
314.90, 96
314.90, 96
314.90, 96
315.06, 96
315.45, 96
316.20, 96
316.29, 96
316.55, 96
317.79, 96
318.44, 96
318.81, 96
318.82, 96
318.92, 96
319.52, 96
320.02, 96
320.65, 96
321.70, 96
321.72, 96
321.73, 96
322.56, 96
322.64, 96
322.65, 96
323.17, 96
323.17, 96
323.17, 96
323.17, 96
323.17, 96
323.17, 96
323.17, 96
325.02, 96
325.02, 96
325.05, 96
325.41, 96
325.76, 96
325.76, 96
326.01, 96
326.01, 96
326.01, 96
326.01, 96
326.24, 96
326.85, 96
327.51, 96
327.57, 96
327.57, 96
327.57, 96
327.59, 96
327.59, 96
327.59, 96
328.80, 96
329.11, 96
329.12, 96
330.35, 96
331.11, 96
331.79, 96
331.79, 96
331.79, 96
331.93, 96
331.93, 96
332.43, 96
333.29, 96
333.29, 96
333.29, 96
333.29, 96
333.29, 96
333.63, 96
333.80, 96
334.30, 96
334.38, 96
334.40, 96
334.78, 96
335.48, 96
335.48, 96
335.86, 96
336.01, 96
337.20, 96
337.20, 96
337.66, 96
338.22, 96
338.81, 96
338.82, 96
338.86, 96
338.86, 96
339.26, 96
339.87, 96
339.88, 96
339.88, 96
340.20, 96
340.30, 96
340.30, 96
340.30, 96
341.40, 96
341.40, 96
341.40, 96
341.58, 96
341.70, 96
341.70, 96
341.70, 96
341.70, 96
341.70, 96
341.71, 96
341.71, 96
341.71, 96
341.71, 96
341.71, 96
342.63, 96
342.69, 96
342.88, 96
342.88, 96
343.06, 96
343.13, 96
344.03, 96
344.86, 96
344.89, 96
344.89, 96
345.20, 96
345.20, 96
346.58, 96
346.66, 96
346.66, 96
346.93, 96
347.42, 96
348.02, 96
348.64, 96
349.34, 96
351.30, 96
351.75, 96
353.65, 96
354.27, 96
355.33, 96
356.03, 96
356.03, 96
356.19, 96
356.46, 96
356.55, 96
357.64, 96
357.64, 96
357.64, 96
357.70, 96
358.08, 96
358.08, 96
358.21, 96
358.42, 96
359.05, 96
359.83, 96
359.83, 96
360.56, 96
361.02, 96
361.27, 96
361.28, 96
361.28, 96
361.28, 96
361.33, 96
361.33, 96
361.33, 96
361.33, 96
361.34, 96
361.34, 96
361.34, 96
362.01, 96
362.12, 96
362.22, 96
362.70, 96
362.71, 96
363.19, 96
363.19, 96
363.19, 96
364.21, 96
365.10, 96
365.10, 96
365.21, 96
365.21, 96
365.22, 96
366.12, 96
366.40, 96
366.66, 96
366.66, 96
367.40, 96
367.40, 96
367.40, 96
367.41, 96
367.58, 96
368.12, 96
368.12, 96
368.12, 96
368.45, 96
368.46, 96
368.47, 96
368.47, 96
368.56, 96
368.56, 96
368.56, 96
369.38, 96
370.20, 96
370.20, 96
370.74, 96
371.15, 96
371.15, 96
371.15, 96
371.16, 96
372.06, 96
372.06, 96
372.35, 96
372.88, 96
372.88, 96
372.88, 96
373.58, 96
373.58, 96
374.42, 96
374.43, 96
374.43, 96
374.43, 96
375.83, 96
376.02, 96
376.03, 96
376.94, 96
378.26, 96
378.53, 96
378.53, 96
378.53, 96
378.92, 96
379.57, 96
379.70, 96
379.99, 96
380.12, 96
380.12, 96
380.21, 96
380.37, 96
380.37, 96
380.55, 96
380.56, 96
381.17, 96
381.17, 96
381.31, 96
381.31, 96
381.41, 96
381.64, 96
382.09, 96
382.21, 96
382.21, 96
382.21, 96
382.21, 96
382.28, 96
382.51, 96
382.51, 96
382.84, 96
383.12, 96
385.08, 96
385.08, 96
385.16, 96
385.38, 96
385.39, 96
385.60, 96
385.86, 96
386.19, 96
386.31, 96
386.35, 96
387.20, 96
387.49, 96
387.49, 96
387.56, 96
387.56, 96
388.28, 96
388.50, 96
388.50, 96
388.51, 96
388.51, 96
388.51, 96
388.51, 96
388.54, 96
388.62, 96
388.76, 96
389.36, 96
389.62, 96
389.62, 96
389.62, 96
389.63, 96
389.63, 96
389.63, 96
389.65, 96
392.64, 96
392.65, 96
392.65, 96
392.65, 96
392.65, 96
392.87, 96
392.87, 96
392.87, 96
392.93, 96
392.93, 96
393.27, 96
393.72, 96
393.72, 96
393.92, 96
393.92, 96
393.92, 96
394.06, 96
394.21, 96
394.21, 96
394.22, 96
394.84, 96
396.61, 96
396.69, 96
397.29, 96
397.29, 96
397.97, 96
399.18, 96
399.40, 96
399.52, 96
400.13, 96
400.18, 96
400.18, 96
400.30, 96
400.30, 96
401.09, 96
401.10, 96
401.10, 96
402.04, 96
402.04, 96
403.11, 96
403.11, 96
403.12, 96
403.12, 96
403.12, 96
403.36, 96
403.36, 96
403.71, 96
403.92, 96
403.92, 96
403.92, 96
406.19, 96
406.86, 96
406.86, 96
406.86, 96
406.86, 96
406.86, 96
407.21, 96
407.21, 96
407.27, 96
407.42, 96
407.62, 96
407.98, 96
407.98, 96
407.98, 96
408.37, 96
408.75, 96
409.94, 96
409.94, 96
410.86, 96
411.74, 96
412.06, 96
412.73, 96
412.73, 96
413.08, 96
414.37, 96
414.37, 96
414.37, 96
414.43, 96
414.43, 96
414.43, 96
414.43, 96
414.43, 96
414.43, 96
414.43, 96
414.44, 96
414.44, 96
414.44, 96
414.69, 96
414.70, 96
414.70, 96
415.06, 96
415.44, 96
415.67, 96
416.00, 96
416.27, 96
416.27, 96
416.34, 96
417.00, 96
418.72, 96
418.90, 96
419.49, 96
419.49, 96
419.49, 96
419.49, 96
420.16, 96
420.16, 96
420.16, 96
420.16, 96
421.03, 96
421.03, 96
421.03, 96
421.09, 96
421.09, 96
421.09, 96
421.09, 96
421.11, 96
421.11, 96
421.28, 96
421.39, 96
421.39, 96
421.40, 96
421.53, 96
421.67, 96
422.72, 96
423.31, 96
423.65, 96
424.33, 96
424.33, 96
424.48, 96
424.58, 96
424.58, 96
425.58, 96
425.67, 96
425.67, 96
426.38, 96
428.07, 96
428.78, 96
428.79, 96
428.85, 96
429.66, 96
429.66, 96
429.67, 96
430.29, 96
430.29, 96
430.42, 96
430.42, 96
430.53, 96
430.53, 96
431.06, 96
431.06, 96
431.06, 96
431.06, 96
431.06, 96
431.08, 96
431.08, 96
431.42, 96
431.43, 96
432.03, 96
433.22, 96
433.76, 96
434.31, 96
434.43, 96
434.43, 96
435.07, 96
435.20, 96
435.21, 96
435.21, 96
435.21, 96
435.32, 96
435.32, 96
435.42, 96
435.44, 96
436.05, 96
436.05, 96
436.05, 96
436.09, 96
436.10, 96
436.20, 96
436.20, 96
437.11, 96
437.53, 96
437.99, 96
438.20, 96
438.67, 96
438.67, 96
438.74, 96
438.75, 96
438.76, 96
438.77, 96
438.97, 96
439.56, 96
440.96, 96
441.17, 96
441.17, 96
441.17, 96
441.36, 96
442.84, 96
443.28, 96
443.34, 96
443.34, 96
443.34, 96
443.35, 96
443.56, 96
443.68, 96
443.68, 96
443.85, 96
443.94, 96
444.33, 96
444.45, 96
444.46, 96
444.46, 96
444.46, 96
444.46, 96
444.46, 96
444.57, 96
444.91, 96
444.91, 96
444.91, 96
445.73, 96
446.34, 96
446.39, 96
446.46, 96
447.31, 96
448.14, 96
448.16, 96
448.52, 96
448.54, 96
448.54, 96
448.72, 96
448.72, 96
449.37, 96
449.55, 96
449.82, 96
450.91, 96
450.95, 96
451.03, 96
451.03, 96
451.50, 96
452.00, 96
452.00, 96
452.53, 96
452.53, 96
452.53, 96
452.53, 96
452.53, 96
452.53, 96
452.53, 96
452.53, 96
452.53, 96
452.79, 96
452.90, 96
453.00, 96
453.00, 96
453.77, 96
454.69, 96
454.69, 96
454.70, 96
454.70, 96
454.87, 96
455.42, 96
455.61, 96
455.62, 96
455.84, 96
455.84, 96
456.22, 96
457.19, 96
457.52, 96
457.52, 96
457.85, 96
457.85, 96
458.31, 96
458.31, 96
458.31, 96
458.31, 96
458.47, 96
458.47, 96
458.47, 96
458.47, 96
458.51, 96
458.70, 96
458.70, 96
458.71, 96
458.71, 96
459.59, 96
459.74, 96
459.74, 96
460.35, 96
460.35, 96
460.47, 96
460.48, 96
460.48, 96
460.48, 96
460.48, 96
462.29, 96
462.29, 96
462.34, 96
462.75, 96
462.76, 96
463.17, 96
463.17, 96
463.52, 96
463.88, 96
464.90, 96
465.70, 96
465.70, 96
467.15, 96
467.15, 96
467.40, 96
467.40, 96
467.64, 96
467.89, 96
467.89, 96
468.31, 96
468.40, 96
468.40, 96
468.40, 96
468.40, 96
468.60, 96
468.76, 96
469.22, 96
469.22, 96
469.22, 96
469.22, 96
469.44, 96
469.62, 96
469.98, 96
469.98, 96
470.80, 96
471.23, 96
472.20, 96
472.40, 96
472.40, 96
473.01, 96
473.16, 96
473.16, 96
473.16, 96
473.47, 96
474.34, 96
474.34, 96
474.34, 96
474.35, 96
474.35, 96
475.48, 96
475.93, 96
476.19, 96
476.19, 96
476.22, 96
477.56, 96
477.56, 96
477.56, 96
477.60, 96
479.68, 96
479.68, 96
479.68, 96
479.82, 96
480.36, 96
480.36, 96
480.36, 96
480.44, 96
480.79, 96
480.79, 96
480.79, 96
480.89, 96
480.92, 96
481.05, 96
481.48, 96
481.76, 96
481.76, 96
482.17, 96
482.79, 96
483.00, 96
483.26, 96
483.30, 96
483.97, 96
484.11, 96
484.11, 96
484.12, 96
484.34, 96
485.35, 96
485.35, 96
485.99, 96
485.99, 96
485.99, 96
485.99, 96
485.99, 96
485.99, 96
486.76, 96
487.41, 96
487.41, 96
488.78, 96
488.78, 96
488.78, 96
488.96, 96
489.06, 96
489.44, 96
490.98, 96
490.99, 96
491.50, 96
491.59, 96
492.22, 96
492.22, 96
492.72, 96
494.14, 96
494.14, 96
494.19, 96
494.31, 96
494.31, 96
494.31, 96
494.31, 96
494.31, 96
494.41, 96
494.55, 96
494.80, 96
494.89, 96
495.62, 96
495.64, 96
496.17, 96
496.46, 96
496.54, 96
496.54, 96
496.72, 96
497.25, 96
497.48, 96
497.67, 96
497.85, 96
497.85, 96
498.76, 96
498.76, 96
498.76, 96
498.76, 96
498.93, 96
499.25, 96
499.25, 96
499.88, 96
499.88, 96
500.25, 96
500.25, 96
501.33, 96
501.33, 96
501.76, 96
502.54, 96
502.54, 96
503.28, 96
503.28, 96
503.68, 96
503.70, 96
503.70, 96
503.77, 96
503.88, 96
505.43, 96
505.43, 96
505.43, 96
505.84, 96
506.21, 96
506.40, 96
506.43, 96
506.47, 96
506.47, 96
506.77, 96
506.87, 96
507.08, 96
507.59, 96
507.76, 96
507.77, 96
508.10, 96
508.37, 96
508.37, 96
508.43, 96
509.79, 96
509.79, 96
509.79, 96
509.93, 96
509.93, 96
510.64, 96
510.90, 96
511.00, 96
511.01, 96
512.18, 96
512.27, 96
512.58, 96
514.37, 96
514.98, 96
515.21, 96
515.21, 96
515.22, 96
515.29, 96
515.29, 96
515.53, 96
515.54, 96
515.54, 96
515.54, 96
515.56, 96
515.56, 96
515.81, 96
515.82, 96
515.92, 96
516.44, 96
517.36, 96
517.40, 96
517.45, 96
517.45, 96
518.01, 96
518.34, 96
518.34, 96
518.73, 96
518.73, 96
518.75, 96
520.61, 96
520.61, 96
520.61, 96
521.40, 96
521.70, 96
522.24, 96
522.45, 96
522.66, 96
522.67, 96
522.84, 96
523.04, 96
523.25, 96
523.25, 96
523.72, 96
523.72, 96
523.72, 96
523.84, 96
523.84, 96
524.19, 96
524.37, 96
524.41, 96
524.42, 96
524.63, 96
524.69, 96
524.73, 96
524.73, 96
524.73, 96
524.73, 96
524.74, 96
524.74, 96
525.33, 96
525.93, 96
525.93, 96
526.00, 96
526.00, 96
526.00, 96
526.22, 96
526.75, 96
527.81, 96
529.73, 96
529.79, 96
530.30, 96
530.79, 96
530.86, 96
534.36, 96
534.36, 96
534.59, 96
535.67, 96
535.67, 96
535.74, 96
536.06, 96
536.19, 96
536.53, 96
536.53, 96
536.53, 96
536.53, 96
537.23, 96
537.71, 96
537.71, 96
537.71, 96
537.99, 96
537.99, 96
538.13, 96
538.13, 96
538.13, 96
538.39, 96
539.24, 96
539.42, 96
539.42, 96
539.82, 96
539.82, 96
540.47, 96
540.47, 96
540.67, 96
540.75, 96
540.75, 96
541.40, 96
541.49, 96
541.50, 96
541.83, 96
541.83, 96
541.83, 96
541.83, 96
541.99, 96
542.03, 96
542.41, 96
542.49, 96
542.49, 96
542.49, 96
542.49, 96
542.54, 96
542.54, 96
542.54, 96
542.54, 96
543.03, 96
543.27, 96
543.39, 96
543.40, 96
543.56, 96
544.14, 96
544.34, 96
544.34, 96
544.35, 96
544.76, 96
544.76, 96
544.99, 96
544.99, 96
545.09, 96
545.10, 96
545.11, 96
545.11, 96
545.15, 96
545.15, 96
545.15, 96
545.50, 96
545.70, 96
546.64, 96
547.02, 96
547.60, 96
547.60, 96
547.66, 96
547.66, 96
547.87, 96
547.87, 96
547.87, 96
547.91, 96
549.53, 96
549.78, 96
549.88, 96
549.94, 96
550.11, 96
551.22, 96
552.56, 96
553.74, 96
553.75, 96
554.36, 96
554.36, 96
554.36, 96
554.40, 96
554.40, 96
554.43, 96
554.49, 96
554.49, 96
555.03, 96
555.24, 96
555.24, 96
555.24, 96
555.69, 96
555.69, 96
556.56, 96
556.56, 96
556.56, 96
556.56, 96
556.63, 96
556.82, 96
556.83, 96
556.91, 96
557.51, 96
557.51, 96
557.51, 96
557.51, 96
557.67, 96
558.95, 96
559.01, 96
559.78, 96
560.23, 96
560.51, 96
560.79, 96
561.12, 96
561.12, 96
561.17, 96
561.17, 96
561.17, 96
562.24, 96
562.37, 96
562.85, 96
562.96, 96
562.96, 96
563.33, 96
563.33, 96
563.53, 96
563.86, 96
564.11, 96
564.11, 96
564.88, 96
564.88, 96
564.92, 96
565.02, 96
565.03, 96
565.25, 96
566.15, 96
566.19, 96
566.19, 96
566.19, 96
566.80, 96
568.22, 96
569.02, 96
569.64, 96
570.18, 96
570.19, 96
570.42, 96
570.47, 96
570.47, 96
571.09, 96
571.09, 96
571.50, 96
572.11, 96
572.38, 96
572.38, 96
574.06, 96
574.93, 96
575.07, 96
575.75, 96
575.94, 96
576.79, 96
576.79, 96
576.99, 96
577.00, 96
577.03, 96
577.03, 96
577.99, 96
577.99, 96
578.21, 96
578.64, 96
578.64, 96
578.64, 96
579.04, 96
579.06, 96
579.15, 96
580.08, 96
580.08, 96
580.24, 96
580.73, 96
582.44, 96
582.65, 96
582.65, 96
582.78, 96
582.88, 96
582.88, 96
582.95, 96
582.95, 96
582.95, 96
583.09, 96
583.81, 96
584.14, 96
584.14, 96
584.90, 96
584.90, 96
585.03, 96
585.47, 96
585.48, 96
585.48, 96
585.48, 96
585.90, 96
585.90, 96
586.09, 96
586.09, 96
588.32, 96
589.07, 96
589.07, 96
589.07, 96
589.07, 96
590.16, 96
590.16, 96
590.21, 96
590.21, 96
590.21, 96
590.22, 96
590.22, 96
590.22, 96
590.27, 96
590.60, 96
591.77, 96
591.95, 96
591.95, 96
591.95, 96
592.54, 96
592.87, 96
592.88, 96
592.88, 96
592.88, 96
593.78, 96
593.78, 96
596.09, 96
596.10, 96
596.54, 96
596.69, 96
596.69, 96
596.86, 96
596.86, 96
597.00, 96
597.01, 96
597.18, 96
597.18, 96
597.18, 96
597.18, 96
597.18, 96
598.04, 96
598.04, 96
598.37, 96
598.37, 96
598.37, 96
598.37, 96
598.38, 96
598.38, 96
598.73, 96
598.73, 96
599.81, 96
