0.00, 102
0.00, 99
0.01, 99
0.01, 99
0.01, 99
0.01, 98
0.01, 98
0.01, 98
0.01, 98
0.02, 98
0.02, 97
0.04, 97
0.05, 97
0.07, 97
0.10, 97
0.10, 97
0.13, 97
0.13, 97
0.13, 97
0.27, 97
0.29, 97
0.34, 97
0.35, 97
0.35, 97
0.36, 97
0.41, 97
0.42, 97
0.42, 97
0.50, 97
0.50, 97
0.50, 97
0.54, 97
0.57, 97
0.57, 97
0.62, 97
0.62, 97
0.62, 97
0.62, 97
0.63, 97
0.63, 97
0.63, 97
0.63, 97
0.67, 97
0.67, 97
0.67, 97
0.68, 96
1.37, 96
2.42, 96
2.53, 96
2.61, 96
2.61, 96
3.71, 96
5.91, 96
6.19, 96
6.95, 96
6.99, 96
7.13, 96
7.13, 96
7.47, 96
8.31, 96
8.34, 96
8.34, 96
8.51, 96
8.51, 96
9.64, 96
9.90, 96
9.90, 96
10.13, 96
10.74, 96
11.78, 96
11.89, 96
13.35, 96
13.35, 96
13.59, 96
13.59, 96
14.06, 96
14.25, 96
14.26, 96
14.65, 96
14.65, 96
15.03, 96
15.03, 96
15.03, 96
15.40, 96
15.50, 96
15.52, 96
15.55, 96
15.57, 96
16.55, 96
16.55, 96
16.63, 96
16.63, 96
16.78, 96
16.78, 96
16.99, 96
16.99, 96
16.99, 96
17.22, 96
17.23, 96
17.84, 96
17.84, 96
17.84, 96
17.85, 96
17.85, 96
17.85, 96
17.86, 96
18.79, 96
18.79, 96
18.79, 96
19.39, 96
19.58, 96
19.58, 96
19.58, 96
20.07, 96
20.92, 96
21.51, 96
21.51, 96
22.31, 96
24.76, 96
24.76, 96
24.94, 96
25.00, 96
25.00, 96
25.00, 96
25.44, 96
25.54, 96
25.85, 96
26.42, 96
26.73, 96
26.73, 96
26.93, 96
27.02, 96
27.11, 96
27.16, 96
27.19, 96
27.19, 96
27.28, 96
29.06, 96
29.34, 96
29.34, 96
29.34, 96
30.28, 96
31.62, 96
31.67, 96
31.67, 96
31.68, 96
31.68, 96
31.94, 96
32.34, 96
32.60, 96
32.60, 96
32.60, 96
33.09, 96
33.09, 96
33.26, 96
34.96, 96
35.05, 96
35.55, 96
35.55, 96
35.69, 96
36.16, 96
36.16, 96
36.16, 96
36.37, 96
36.50, 96
36.55, 96
37.41, 96
37.41, 96
37.41, 96
37.42, 96
37.42, 96
37.46, 96
38.60, 96
39.25, 96
39.25, 96
39.51, 96
39.62, 96
40.84, 96
40.84, 96
40.84, 96
40.84, 96
40.84, 96
40.88, 96
41.15, 96
41.19, 96
41.83, 96
41.83, 96
41.91, 96
42.61, 96
42.82, 96
42.82, 96
42.94, 96
43.13, 96
44.67, 96
45.57, 96
45.57, 96
45.74, 96
45.75, 96
45.79, 96
45.79, 96
46.30, 96
46.35, 96
46.35, 96
46.44, 96
46.44, 96
46.44, 96
46.50, 96
46.50, 96
46.50, 96
46.73, 96
46.74, 96
46.74, 96
46.99, 96
46.99, 96
47.47, 96
47.62, 96
48.07, 96
48.78, 96
48.82, 96
49.93, 96
51.23, 96
51.23, 96
51.52, 96
51.69, 96
52.34, 96
53.34, 96
53.34, 96
53.34, 96
53.64, 96
53.64, 96
53.76, 96
53.76, 96
53.76, 96
54.27, 96
54.27, 96
54.93, 96
54.96, 96
54.99, 96
55.50, 96
55.50, 96
55.62, 96
55.63, 96
56.53, 96
56.87, 96
56.88, 96
56.88, 96
56.88, 96
56.91, 96
57.05, 96
57.08, 96
57.08, 96
57.32, 96
57.32, 96
57.32, 96
57.32, 96
57.32, 96
57.32, 96
57.86, 96
57.86, 96
57.86, 96
58.60, 96
58.60, 96
59.17, 96
59.17, 96
59.85, 96
59.95, 96
59.95, 96
60.07, 96
60.07, 96
60.07, 96
60.07, 96
60.54, 96
60.54, 96
60.82, 96
60.82, 96
61.10, 96
61.10, 96
62.11, 96
62.11, 96
62.11, 96
62.11, 96
62.12, 96
62.35, 96
62.35, 96
63.50, 96
63.50, 96
63.93, 96
64.21, 96
64.21, 96
64.99, 96
65.29, 96
65.29, 96
65.64, 96
65.98, 96
67.22, 96
67.57, 96
67.58, 96
68.13, 96
68.30, 96
68.69, 96
68.70, 96
68.98, 96
69.53, 96
69.53, 96
69.53, 96
69.84, 96
70.58, 96
72.58, 96
72.66, 96
72.66, 96
73.20, 96
73.20, 96
73.56, 96
73.69, 96
73.69, 96
74.01, 96
74.41, 96
74.41, 96
74.41, 96
74.41, 96
75.60, 96
75.72, 96
76.07, 96
77.17, 96
77.63, 96
78.14, 96
78.69, 96
78.69, 96
78.99, 96
79.65, 96
79.65, 96
79.88, 96
79.88, 96
80.77, 96
80.77, 96
81.23, 96
81.33, 96
81.36, 96
81.37, 96
81.37, 96
81.48, 96
81.79, 96
82.59, 96
82.59, 96
82.59, 96
82.72, 96
82.72, 96
82.72, 96
82.72, 96
82.72, 96
82.72, 96
82.85, 96
82.85, 96
84.65, 96
84.65, 96
84.65, 96
84.65, 96
85.43, 96
85.65, 96
85.76, 96
86.56, 96
86.56, 96
86.89, 96
87.00, 96
87.25, 96
87.31, 96
87.44, 96
87.44, 96
87.91, 96
88.28, 96
88.47, 96
88.56, 96
88.78, 96
88.78, 96
89.59, 96
89.59, 96
89.60, 96
91.18, 96
91.18, 96
91.21, 96
91.97, 96
91.97, 96
91.97, 96
92.41, 96
92.89, 96
93.71, 96
93.71, 96
94.27, 96
95.64, 96
96.49, 96
96.49, 96
96.76, 96
97.20, 96
97.20, 96
99.54, 96
99.57, 96
99.57, 96
100.02, 96
100.30, 96
100.30, 96
100.30, 96
100.31, 96
100.39, 96
100.48, 96
100.48, 96
100.48, 96
102.01, 96
102.01, 96
102.23, 96
102.23, 96
102.23, 96
102.80, 96
103.47, 96
103.47, 96
103.55, 96
103.60, 96
103.60, 96
103.60, 96
103.60, 96
104.15, 96
105.98, 96
105.98, 96
106.61, 96
106.61, 96
106.62, 96
106.66, 96
106.67, 96
106.67, 96
106.77, 96
106.77, 96
107.06, 96
107.46, 96
107.56, 96
108.32, 96
108.46, 96
108.46, 96
108.46, 96
108.46, 96
108.46, 96
109.03, 96
109.04, 96
109.04, 96
109.04, 96
109.04, 96
109.48, 96
109.48, 96
110.76, 96
110.76, 96
111.58, 96
111.58, 96
111.83, 96
112.17, 96
113.82, 96
114.64, 96
114.64, 96
114.64, 96
114.64, 96
114.64, 96
114.64, 96
115.98, 96
115.99, 96
115.99, 96
116.26, 96
116.26, 96
116.27, 96
116.27, 96
116.37, 96
116.60, 96
116.60, 96
116.60, 96
116.60, 96
116.60, 96
116.60, 96
117.17, 96
117.17, 96
118.96, 96
118.96, 96
118.96, 96
120.44, 96
120.68, 96
120.87, 96
121.25, 96
121.25, 96
121.25, 96
121.40, 96
121.41, 96
121.41, 96
121.41, 96
121.43, 96
121.43, 96
121.97, 96
122.28, 96
122.63, 96
122.67, 96
122.67, 96
123.30, 96
123.56, 96
124.19, 96
124.54, 96
124.89, 96
124.96, 96
124.96, 96
124.96, 96
124.96, 96
125.31, 96
125.61, 96
125.63, 96
125.63, 96
125.63, 96
125.63, 96
125.63, 96
125.88, 96
125.88, 96
125.91, 96
125.95, 96
125.95, 96
125.96, 96
126.33, 96
126.76, 96
126.76, 96
127.05, 96
127.82, 96
127.82, 96
128.62, 96
128.75, 96
128.75, 96
128.88, 96
129.04, 96
129.05, 96
129.05, 96
129.95, 96
130.19, 96
130.78, 96
130.78, 96
130.96, 96
131.69, 96
131.70, 96
131.75, 96
132.20, 96
132.36, 96
132.36, 96
132.78, 96
132.78, 96
133.47, 96
133.47, 96
133.99, 96
134.42, 96
134.42, 96
134.42, 96
134.42, 96
135.79, 96
135.79, 96
136.20, 96
136.73, 96
137.25, 96
137.29, 96
137.29, 96
137.38, 96
137.53, 96
138.36, 96
139.07, 96
139.45, 96
139.45, 96
139.71, 96
140.51, 96
141.41, 96
141.41, 96
142.43, 96
142.81, 96
143.04, 96
143.45, 96
144.00, 96
144.01, 96
144.48, 96
144.92, 96
144.92, 96
145.00, 96
146.02, 96
146.11, 96
146.11, 96
146.72, 96
147.06, 96
147.06, 96
147.06, 96
147.18, 96
147.19, 96
147.30, 96
147.32, 96
147.32, 96
147.32, 96
147.82, 96
147.83, 96
148.60, 96
148.60, 96
148.77, 96
148.77, 96
148.77, 96
148.77, 96
149.37, 96
149.37, 96
149.37, 96
149.42, 96
149.44, 96
150.10, 96
150.10, 96
150.10, 96
150.10, 96
150.10, 96
150.12, 96
150.24, 96
150.24, 96
150.25, 96
150.25, 96
150.39, 96
150.88, 96
151.75, 96
151.75, 96
152.39, 96
152.39, 96
152.87, 96
152.87, 96
152.87, 96
152.92, 96
152.92, 96
152.92, 96
153.12, 96
153.40, 96
153.49, 96
154.14, 96
154.14, 96
154.25, 96
154.68, 96
154.81, 96
154.97, 96
155.68, 96
156.10, 96
156.37, 96
157.25, 96
157.32, 96
157.32, 96
157.65, 96
157.65, 96
157.65, 96
157.77, 96
157.91, 96
157.91, 96
158.07, 96
158.23, 96
158.23, 96
158.23, 96
158.24, 96
159.26, 96
159.26, 96
159.26, 96
159.32, 96
159.32, 96
159.32, 96
159.32, 96
160.95, 96
161.00, 96
161.00, 96
161.27, 96
162.50, 96
162.66, 96
162.95, 96
164.41, 96
164.66, 96
164.79, 96
165.50, 96
165.54, 96
165.54, 96
165.64, 96
166.67, 96
166.67, 96
166.91, 96
167.04, 96
168.10, 96
168.48, 96
168.48, 96
168.79, 96
169.20, 96
169.83, 96
169.83, 96
169.83, 96
169.85, 96
170.26, 96
170.26, 96
170.26, 96
170.26, 96
170.77, 96
171.16, 96
171.18, 96
171.18, 96
172.22, 96
172.43, 96
172.62, 96
172.94, 96
172.95, 96
172.96, 96
173.48, 96
173.48, 96
173.48, 96
174.12, 96
174.35, 96
174.35, 96
174.79, 96
175.04, 96
176.54, 96
176.58, 96
176.58, 96
176.84, 96
177.11, 96
177.81, 96
178.65, 96
178.65, 96
178.65, 96
178.65, 96
178.69, 96
178.69, 96
179.09, 96
179.69, 96
179.96, 96
180.65, 96
180.65, 96
181.19, 96
181.24, 96
181.78, 96
182.30, 96
182.30, 96
182.55, 96
182.55, 96
182.55, 96
183.16, 96
183.16, 96
183.26, 96
183.55, 96
183.98, 96
183.99, 96
183.99, 96
183.99, 96
184.04, 96
184.37, 96
184.57, 96
184.58, 96
184.73, 96
185.28, 96
185.28, 96
185.28, 96
185.28, 96
185.28, 96
185.84, 96
185.84, 96
185.95, 96
186.06, 96
186.07, 96
186.51, 96
186.51, 96
186.64, 96
186.64, 96
186.64, 96
186.64, 96
186.64, 96
186.93, 96
187.32, 96
187.32, 96
187.32, 96
187.32, 96
187.36, 96
187.61, 96
187.89, 96
188.46, 96
188.66, 96
188.88, 96
188.88, 96
189.02, 96
189.02, 96
189.02, 96
189.19, 96
189.19, 96
189.19, 96
189.25, 96
189.27, 96
189.44, 96
190.00, 96
190.00, 96
190.01, 96
190.01, 96
190.22, 96
190.22, 96
192.62, 96
192.62, 96
192.85, 96
193.76, 96
193.76, 96
193.77, 96
193.98, 96
193.98, 96
194.07, 96
194.09, 96
194.30, 96
194.30, 96
194.30, 96
194.30, 96
194.43, 96
194.43, 96
194.65, 96
195.35, 96
195.36, 96
196.24, 96
196.24, 96
196.73, 96
197.53, 96
197.75, 96
197.97, 96
197.97, 96
198.35, 96
198.36, 96
198.36, 96
198.39, 96
198.39, 96
198.39, 96
199.05, 96
199.05, 96
199.42, 96
200.62, 96
200.69, 96
200.70, 96
200.70, 96
200.70, 96
201.74, 96
202.21, 96
202.69, 96
202.70, 96
202.80, 96
202.80, 96
202.80, 96
203.81, 96
205.80, 96
205.80, 96
205.80, 96
205.80, 96
206.07, 96
206.07, 96
206.65, 96
206.95, 96
207.15, 96
207.34, 96
209.10, 96
209.10, 96
209.92, 96
210.28, 96
210.28, 96
210.28, 96
210.29, 96
210.41, 96
210.43, 96
210.78, 96
210.78, 96
210.78, 96
210.78, 96
210.78, 96
210.85, 96
210.85, 96
210.85, 96
211.07, 96
211.07, 96
211.07, 96
211.35, 96
211.86, 96
211.86, 96
212.60, 96
212.60, 96
212.60, 96
212.60, 96
212.72, 96
212.72, 96
212.72, 96
212.83, 96
212.83, 96
212.83, 96
212.83, 96
212.83, 96
213.30, 96
213.30, 96
213.30, 96
213.43, 96
213.43, 96
214.03, 96
214.20, 96
214.20, 96
214.20, 96
214.20, 96
214.43, 96
214.43, 96
214.43, 96
214.43, 96
215.88, 96
216.09, 96
216.09, 96
216.12, 96
216.12, 96
216.49, 96
217.08, 96
217.09, 96
217.09, 96
217.09, 96
217.09, 96
217.20, 96
217.20, 96
217.26, 96
217.51, 96
217.51, 96
217.73, 96
217.73, 96
217.73, 96
218.16, 96
218.62, 96
218.62, 96
218.77, 96
218.83, 96
218.86, 96
218.86, 96
218.86, 96
218.94, 96
218.94, 96
219.26, 96
219.26, 96
219.94, 96
219.94, 96
220.01, 96
220.50, 96
221.01, 96
221.04, 96
221.52, 96
221.52, 96
221.57, 96
222.42, 96
223.02, 96
223.30, 96
223.61, 96
223.81, 96
223.81, 96
225.13, 96
226.01, 96
226.34, 96
226.40, 96
226.40, 96
226.40, 96
226.56, 96
226.56, 96
226.91, 96
227.57, 96
227.93, 96
227.93, 96
228.47, 96
229.58, 96
229.58, 96
230.17, 96
230.17, 96
230.17, 96
230.23, 96
230.27, 96
230.55, 96
231.17, 96
231.75, 96
232.30, 96
232.81, 96
232.81, 96
232.85, 96
232.86, 96
233.41, 96
233.43, 96
233.43, 96
233.47, 96
233.75, 96
233.75, 96
233.89, 96
235.62, 96
235.80, 96
236.02, 96
236.30, 96
237.33, 96
237.33, 96
237.33, 96
238.34, 96
238.34, 96
238.34, 96
238.34, 96
238.36, 96
239.06, 96
239.18, 96
239.20, 96
241.39, 96
241.39, 96
241.56, 96
241.57, 96
241.75, 96
241.78, 96
242.31, 96
242.96, 96
242.96, 96
242.97, 96
244.32, 96
244.36, 96
244.36, 96
245.34, 96
245.34, 96
245.38, 96
245.56, 96
245.58, 96
246.07, 96
246.07, 96
246.07, 96
246.18, 96
246.47, 96
246.47, 96
247.74, 96
247.74, 96
247.80, 96
248.29, 96
248.58, 96
248.58, 96
248.64, 96
248.64, 96
249.13, 96
249.14, 96
249.14, 96
249.14, 96
249.14, 96
249.14, 96
249.25, 96
249.51, 96
250.13, 96
250.44, 96
250.44, 96
250.78, 96
251.11, 96
251.14, 96
251.42, 96
251.42, 96
251.50, 96
251.77, 96
252.40, 96
252.69, 96
252.69, 96
252.69, 96
253.29, 96
253.62, 96
253.79, 96
254.09, 96
254.10, 96
254.10, 96
254.10, 96
254.34, 96
254.44, 96
254.52, 96
254.52, 96
254.52, 96
254.91, 96
254.91, 96
254.91, 96
254.91, 96
254.91, 96
255.18, 96
255.18, 96
256.03, 96
256.03, 96
256.36, 96
256.40, 96
256.40, 96
256.50, 96
256.50, 96
256.57, 96
256.75, 96
257.62, 96
257.84, 96
258.42, 96
258.61, 96
258.84, 96
260.21, 96
260.21, 96
260.22, 96
260.22, 96
261.02, 96
261.02, 96
261.40, 96
261.54, 96
261.71, 96
262.35, 96
262.35, 96
262.35, 96
262.87, 96
264.24, 96
265.27, 96
265.42, 96
265.65, 96
265.65, 96
265.65, 96
265.89, 96
266.57, 96
266.64, 96
267.12, 96
267.44, 96
269.31, 96
269.73, 96
269.74, 96
269.74, 96
269.74, 96
269.74, 96
269.74, 96
269.74, 96
269.82, 96
269.88, 96
269.88, 96
269.88, 96
270.17, 96
270.23, 96
271.51, 96
271.51, 96
271.55, 96
271.55, 96
271.65, 96
272.01, 96
273.65, 96
273.94, 96
273.94, 96
274.28, 96
274.49, 96
274.80, 96
274.81, 96
274.81, 96
275.00, 96
275.14, 96
275.17, 96
275.19, 96
275.63, 96
275.63, 96
276.10, 96
276.59, 96
276.59, 96
276.62, 96
276.68, 96
276.68, 96
276.68, 96
276.68, 96
277.46, 96
277.47, 96
278.03, 96
278.03, 96
278.16, 96
279.27, 96
279.32, 96
279.32, 96
279.40, 96
279.88, 96
279.88, 96
280.11, 96
280.11, 96
280.11, 96
280.11, 96
280.79, 96
280.80, 96
280.80, 96
280.80, 96
280.80, 96
280.83, 96
280.83, 96
280.84, 96
281.96, 96
281.96, 96
282.22, 96
282.22, 96
283.17, 96
283.17, 96
283.17, 96
283.44, 96
284.23, 96
284.63, 96
284.63, 96
284.63, 96
285.39, 96
286.14, 96
286.17, 96
286.18, 96
286.47, 96
287.26, 96
287.26, 96
287.35, 96
287.94, 96
288.55, 96
288.68, 96
288.99, 96
289.73, 96
289.88, 96
290.50, 96
290.50, 96
290.50, 96
291.14, 96
291.24, 96
291.79, 96
291.80, 96
294.67, 96
295.22, 96
295.22, 96
295.22, 96
297.16, 96
297.16, 96
297.58, 96
298.51, 96
298.51, 96
298.81, 96
298.86, 96
298.86, 96
300.75, 96
301.68, 96
302.27, 96
302.50, 96
302.97, 96
303.38, 96
303.60, 96
303.61, 96
303.61, 96
303.61, 96
303.94, 96
304.28, 96
305.46, 96
306.60, 96
306.61, 96
306.61, 96
306.88, 96
307.65, 96
309.99, 96
310.12, 96
310.13, 96
311.12, 96
311.13, 96
311.13, 96
311.14, 96
311.14, 96
311.33, 96
311.33, 96
311.70, 96
311.74, 96
312.08, 96
313.15, 96
313.51, 96
315.33, 96
315.43, 96
316.78, 96
316.78, 96
316.78, 96
316.78, 96
316.95, 96
316.95, 96
317.02, 96
317.02, 96
317.02, 96
317.28, 96
317.80, 96
318.79, 96
318.89, 96
319.15, 96
320.36, 96
321.03, 96
321.39, 96
321.39, 96
321.49, 96
321.94, 96
322.45, 96
323.18, 96
324.20, 96
324.23, 96
324.23, 96
325.05, 96
325.12, 96
325.12, 96
325.66, 96
325.66, 96
325.66, 96
325.66, 96
325.66, 96
325.66, 96
325.66, 96
327.38, 96
327.38, 96
327.42, 96
327.81, 96
328.21, 96
328.21, 96
328.57, 96
328.57, 96
328.58, 96
328.58, 96
328.86, 96
329.39, 96
329.96, 96
330.01, 96
330.01, 96
330.01, 96
330.03, 96
330.03, 96
330.03, 96
331.28, 96
331.56, 96
331.57, 96
332.82, 96
333.68, 96
334.38, 96
334.38, 96
334.38, 96
334.49, 96
334.49, 96
334.96, 96
335.79, 96
335.79, 96
335.79, 96
335.79, 96
335.79, 96
336.09, 96
336.27, 96
336.74, 96
336.82, 96
336.85, 96
337.24, 96
337.96, 96
337.96, 96
338.42, 96
338.55, 96
339.68, 96
339.68, 96
340.06, 96
340.68, 96
341.29, 96
341.29, 96
341.34, 96
341.34, 96
341.72, 96
342.38, 96
342.39, 96
342.39, 96
342.71, 96
342.84, 96
342.84, 96
342.84, 96
344.04, 96
344.04, 96
344.05, 96
344.23, 96
344.34, 96
344.35, 96
344.35, 96
344.35, 96
344.35, 96
344.35, 96
344.35, 96
344.35, 96
344.36, 96
344.36, 96
345.18, 96
345.24, 96
345.46, 96
345.47, 96
345.66, 96
345.72, 96
346.60, 96
347.45, 96
347.48, 96
347.48, 96
347.78, 96
347.78, 96
349.25, 96
349.33, 96
349.33, 96
349.59, 96
350.07, 96
350.72, 96
351.27, 96
351.95, 96
354.09, 96
354.52, 96
356.31, 96
356.96, 96
358.19, 96
358.84, 96
358.84, 96
359.01, 96
359.28, 96
359.38, 96
360.39, 96
360.39, 96
360.39, 96
360.45, 96
360.83, 96
360.83, 96
360.96, 96
361.16, 96
361.76, 96
362.54, 96
362.54, 96
363.37, 96
363.81, 96
364.07, 96
364.08, 96
364.08, 96
364.08, 96
364.14, 96
364.14, 96
364.15, 96
364.15, 96
364.15, 96
364.15, 96
364.15, 96
364.85, 96
364.95, 96
365.03, 96
365.52, 96
365.52, 96
366.03, 96
366.03, 96
366.04, 96
367.05, 96
368.01, 96
368.01, 96
368.14, 96
368.14, 96
368.15, 96
369.09, 96
369.37, 96
369.66, 96
369.66, 96
370.32, 96
370.32, 96
370.32, 96
370.32, 96
370.51, 96
371.06, 96
371.06, 96
371.07, 96
371.35, 96
371.36, 96
371.38, 96
371.38, 96
371.48, 96
371.48, 96
371.49, 96
372.41, 96
373.39, 96
373.40, 96
373.96, 96
374.40, 96
374.40, 96
374.41, 96
374.41, 96
375.26, 96
375.26, 96
375.53, 96
376.03, 96
376.03, 96
376.03, 96
376.71, 96
376.72, 96
377.57, 96
377.57, 96
377.57, 96
377.57, 96
379.05, 96
379.23, 96
379.23, 96
380.09, 96
381.32, 96
381.59, 96
381.59, 96
381.59, 96
381.95, 96
382.63, 96
382.80, 96
383.16, 96
383.31, 96
383.31, 96
383.41, 96
383.60, 96
383.60, 96
383.79, 96
383.79, 96
384.41, 96
384.41, 96
384.54, 96
384.54, 96
384.64, 96
384.87, 96
385.24, 96
385.33, 96
385.34, 96
385.34, 96
385.34, 96
385.41, 96
385.62, 96
385.62, 96
385.98, 96
386.27, 96
388.28, 96
388.28, 96
388.35, 96
388.56, 96
388.56, 96
388.78, 96
389.01, 96
389.35, 96
389.47, 96
389.50, 96
390.33, 96
390.62, 96
390.62, 96
390.70, 96
390.70, 96
391.42, 96
391.65, 96
391.66, 96
391.66, 96
391.66, 96
391.66, 96
391.66, 96
391.69, 96
391.76, 96
391.91, 96
392.57, 96
392.85, 96
392.86, 96
392.86, 96
392.86, 96
392.86, 96
392.86, 96
392.88, 96
395.91, 96
395.92, 96
395.92, 96
395.92, 96
395.92, 96
396.14, 96
396.15, 96
396.15, 96
396.19, 96
396.19, 96
396.56, 96
396.98, 96
396.98, 96
397.20, 96
397.20, 96
397.20, 96
397.32, 96
397.45, 96
397.45, 96
397.46, 96
398.14, 96
399.96, 96
400.03, 96
400.54, 96
400.54, 96
401.23, 96
402.53, 96
402.76, 96
402.91, 96
403.58, 96
403.63, 96
403.63, 96
403.75, 96
403.75, 96
404.55, 96
404.55, 96
404.56, 96
405.52, 96
405.52, 96
406.54, 96
406.54, 96
406.55, 96
406.55, 96
406.55, 96
406.79, 96
406.79, 96
407.10, 96
407.31, 96
407.31, 96
407.31, 96
409.70, 96
410.33, 96
410.33, 96
410.33, 96
410.33, 96
410.33, 96
410.58, 96
410.58, 96
410.64, 96
410.78, 96
410.95, 96
411.28, 96
411.29, 96
411.29, 96
411.67, 96
412.11, 96
413.41, 96
413.41, 96
414.41, 96
415.29, 96
415.57, 96
416.24, 96
416.24, 96
416.61, 96
417.94, 96
417.94, 96
417.94, 96
418.00, 96
418.00, 96
418.00, 96
418.00, 96
418.01, 96
418.01, 96
418.01, 96
418.01, 96
418.01, 96
418.01, 96
418.30, 96
418.31, 96
418.31, 96
418.70, 96
419.08, 96
419.30, 96
419.63, 96
419.90, 96
419.90, 96
419.96, 96
420.59, 96
422.29, 96
422.48, 96
423.20, 96
423.20, 96
423.20, 96
423.20, 96
423.93, 96
423.93, 96
423.93, 96
423.93, 96
424.82, 96
424.82, 96
424.82, 96
424.86, 96
424.86, 96
424.86, 96
424.86, 96
424.89, 96
424.89, 96
425.08, 96
425.19, 96
425.19, 96
425.19, 96
425.34, 96
425.48, 96
426.47, 96
427.08, 96
427.39, 96
428.07, 96
428.07, 96
428.24, 96
428.34, 96
428.34, 96
429.44, 96
429.52, 96
429.52, 96
430.29, 96
431.93, 96
432.72, 96
432.72, 96
432.80, 96
433.63, 96
433.63, 96
433.63, 96
434.28, 96
434.28, 96
434.41, 96
434.41, 96
434.55, 96
434.55, 96
435.04, 96
435.05, 96
435.05, 96
435.05, 96
435.05, 96
435.06, 96
435.06, 96
435.40, 96
435.40, 96
435.93, 96
437.12, 96
437.62, 96
438.21, 96
438.34, 96
438.34, 96
438.97, 96
439.11, 96
439.11, 96
439.11, 96
439.11, 96
439.23, 96
439.23, 96
439.33, 96
439.35, 96
439.96, 96
439.96, 96
439.96, 96
440.01, 96
440.01, 96
440.11, 96
440.12, 96
441.01, 96
441.42, 96
441.89, 96
442.14, 96
442.62, 96
442.62, 96
442.69, 96
442.69, 96
442.71, 96
442.71, 96
442.92, 96
443.56, 96
444.92, 96
445.12, 96
445.13, 96
445.13, 96
445.29, 96
446.72, 96
447.20, 96
447.27, 96
447.28, 96
447.28, 96
447.29, 96
447.45, 96
447.57, 96
447.57, 96
447.74, 96
447.84, 96
448.25, 96
448.39, 96
448.39, 96
448.39, 96
448.39, 96
448.39, 96
448.39, 96
448.50, 96
448.86, 96
448.86, 96
448.86, 96
449.69, 96
450.37, 96
450.43, 96
450.49, 96
451.26, 96
452.11, 96
452.14, 96
452.53, 96
452.55, 96
452.56, 96
452.73, 96
452.73, 96
453.39, 96
453.60, 96
453.86, 96
455.01, 96
455.06, 96
455.12, 96
455.13, 96
455.60, 96
456.12, 96
456.12, 96
456.60, 96
456.60, 96
456.61, 96
456.61, 96
456.61, 96
456.61, 96
456.61, 96
456.61, 96
456.62, 96
456.87, 96
456.98, 96
457.09, 96
457.09, 96
457.85, 96
458.83, 96
458.84, 96
458.85, 96
458.85, 96
459.00, 96
459.51, 96
459.70, 96
459.70, 96
459.92, 96
459.92, 96
460.34, 96
461.25, 96
461.58, 96
461.58, 96
461.91, 96
461.91, 96
462.43, 96
462.43, 96
462.43, 96
462.43, 96
462.59, 96
462.59, 96
462.59, 96
462.59, 96
462.64, 96
462.85, 96
462.85, 96
462.85, 96
462.85, 96
463.74, 96
463.89, 96
463.90, 96
464.47, 96
464.48, 96
464.61, 96
464.61, 96
464.61, 96
464.61, 96
464.61, 96
466.38, 96
466.38, 96
466.42, 96
466.82, 96
466.82, 96
467.27, 96
467.27, 96
467.59, 96
467.97, 96
469.04, 96
469.83, 96
469.83, 96
471.29, 96
471.29, 96
471.50, 96
471.50, 96
471.72, 96
471.93, 96
471.93, 96
472.41, 96
472.50, 96
472.50, 96
472.50, 96
472.50, 96
472.72, 96
472.89, 96
473.45, 96
473.45, 96
473.45, 96
473.45, 96
473.69, 96
473.88, 96
474.24, 96
474.24, 96
475.06, 96
475.50, 96
476.44, 96
476.60, 96
476.60, 96
477.22, 96
477.38, 96
477.38, 96
477.38, 96
477.64, 96
478.59, 96
478.59, 96
478.59, 96
478.59, 96
478.59, 96
479.67, 96
480.09, 96
480.38, 96
480.38, 96
480.41, 96
481.70, 96
481.70, 96
481.70, 96
481.74, 96
483.88, 96
483.88, 96
483.88, 96
484.04, 96
484.60, 96
484.60, 96
484.60, 96
484.67, 96
485.02, 96
485.02, 96
485.02, 96
485.13, 96
485.15, 96
485.27, 96
485.69, 96
485.93, 96
485.93, 96
486.34, 96
486.95, 96
487.16, 96
487.42, 96
487.47, 96
488.14, 96
488.30, 96
488.30, 96
488.30, 96
488.50, 96
489.52, 96
489.53, 96
490.16, 96
490.16, 96
490.16, 96
490.16, 96
490.16, 96
490.16, 96
490.92, 96
491.57, 96
491.57, 96
492.99, 96
492.99, 96
492.99, 96
493.20, 96
493.32, 96
493.68, 96
495.18, 96
495.19, 96
495.69, 96
495.80, 96
496.40, 96
496.40, 96
496.89, 96
498.37, 96
498.37, 96
498.42, 96
498.54, 96
498.55, 96
498.55, 96
498.55, 96
498.55, 96
498.67, 96
498.80, 96
499.04, 96
499.12, 96
499.80, 96
499.82, 96
500.37, 96
500.65, 96
500.72, 96
500.72, 96
500.89, 96
501.43, 96
501.66, 96
501.86, 96
502.10, 96
502.12, 96
503.05, 96
503.05, 96
503.06, 96
503.06, 96
503.28, 96
503.58, 96
503.58, 96
504.18, 96
504.18, 96
504.53, 96
504.53, 96
505.61, 96
505.61, 96
506.01, 96
506.81, 96
506.81, 96
507.50, 96
507.50, 96
507.87, 96
507.90, 96
507.90, 96
507.97, 96
508.10, 96
509.72, 96
509.72, 96
509.73, 96
510.15, 96
510.52, 96
510.69, 96
510.74, 96
510.77, 96
510.77, 96
511.08, 96
511.20, 96
511.40, 96
511.89, 96
512.04, 96
512.04, 96
512.43, 96
512.70, 96
512.70, 96
512.76, 96
514.17, 96
514.17, 96
514.17, 96
514.34, 96
514.34, 96
515.06, 96
515.32, 96
515.44, 96
515.45, 96
516.58, 96
516.67, 96
516.98, 96
518.83, 96
519.49, 96
519.71, 96
519.71, 96
519.71, 96
519.79, 96
519.79, 96
520.00, 96
520.00, 96
520.00, 96
520.00, 96
520.03, 96
520.03, 96
520.24, 96
520.24, 96
520.34, 96
520.88, 96
521.77, 96
521.80, 96
521.84, 96
521.84, 96
522.43, 96
522.77, 96
522.77, 96
523.24, 96
523.24, 96
523.26, 96
525.06, 96
525.06, 96
525.06, 96
525.88, 96
526.17, 96
526.64, 96
526.81, 96
527.03, 96
527.03, 96
527.19, 96
527.38, 96
527.59, 96
527.60, 96
528.13, 96
528.13, 96
528.13, 96
528.28, 96
528.28, 96
528.66, 96
528.85, 96
528.89, 96
528.89, 96
529.15, 96
529.22, 96
529.26, 96
529.26, 96
529.26, 96
529.26, 96
529.27, 96
529.27, 96
529.85, 96
530.32, 96
530.32, 96
530.40, 96
530.40, 96
530.40, 96
530.62, 96
531.15, 96
532.10, 96
534.19, 96
534.25, 96
534.78, 96
535.27, 96
535.35, 96
538.73, 96
538.73, 96
538.98, 96
540.06, 96
540.07, 96
540.13, 96
540.49, 96
540.61, 96
540.92, 96
540.92, 96
540.92, 96
540.92, 96
541.55, 96
542.00, 96
542.00, 96
542.00, 96
542.32, 96
542.32, 96
542.45, 96
542.45, 96
542.45, 96
542.69, 96
543.64, 96
543.80, 96
543.80, 96
544.19, 96
544.20, 96
544.83, 96
544.83, 96
545.04, 96
545.12, 96
545.12, 96
545.77, 96
545.86, 96
545.86, 96
546.17, 96
546.17, 96
546.17, 96
546.17, 96
546.32, 96
546.34, 96
546.69, 96
546.76, 96
546.76, 96
546.76, 96
546.76, 96
546.81, 96
546.81, 96
546.81, 96
546.81, 96
547.28, 96
547.52, 96
547.63, 96
547.63, 96
547.73, 96
548.42, 96
548.62, 96
548.62, 96
548.63, 96
549.04, 96
549.04, 96
549.25, 96
549.25, 96
549.36, 96
549.36, 96
549.39, 96
549.39, 96
549.42, 96
549.42, 96
549.43, 96
549.75, 96
549.94, 96
550.91, 96
551.25, 96
551.77, 96
551.77, 96
551.82, 96
551.82, 96
552.10, 96
552.11, 96
552.11, 96
552.16, 96
553.87, 96
554.11, 96
554.23, 96
554.29, 96
554.43, 96
555.60, 96
556.89, 96
558.12, 96
558.12, 96
558.78, 96
558.78, 96
558.78, 96
558.81, 96
558.81, 96
558.84, 96
558.89, 96
558.90, 96
559.46, 96
559.69, 96
559.69, 96
559.69, 96
560.12, 96
560.12, 96
561.01, 96
561.01, 96
561.01, 96
561.01, 96
561.06, 96
561.25, 96
561.25, 96
561.31, 96
561.88, 96
561.88, 96
561.88, 96
561.88, 96
562.03, 96
563.45, 96
563.51, 96
564.25, 96
564.70, 96
564.94, 96
565.21, 96
565.50, 96
565.50, 96
565.55, 96
565.55, 96
565.55, 96
566.55, 96
566.66, 96
567.12, 96
567.22, 96
567.23, 96
567.59, 96
567.59, 96
567.75, 96
568.13, 96
568.39, 96
568.39, 96
569.17, 96
569.18, 96
569.23, 96
569.32, 96
569.32, 96
569.54, 96
570.44, 96
570.48, 96
570.48, 96
570.48, 96
571.10, 96
572.49, 96
573.34, 96
573.92, 96
574.46, 96
574.46, 96
574.69, 96
574.75, 96
574.75, 96
575.34, 96
575.34, 96
575.73, 96
576.29, 96
576.51, 96
576.51, 96
578.22, 96
579.09, 96
579.23, 96
579.93, 96
580.17, 96
580.98, 96
580.98, 96
581.17, 96
581.17, 96
581.20, 96
581.20, 96
582.21, 96
582.21, 96
582.44, 96
582.86, 96
582.86, 96
582.86, 96
583.38, 96
583.39, 96
583.49, 96
584.43, 96
584.43, 96
584.59, 96
585.06, 96
586.65, 96
586.84, 96
586.84, 96
586.96, 96
587.06, 96
587.06, 96
587.14, 96
587.14, 96
587.14, 96
587.29, 96
587.94, 96
588.35, 96
588.35, 96
589.10, 96
589.11, 96
589.24, 96
589.69, 96
589.69, 96
589.69, 96
589.69, 96
590.05, 96
590.05, 96
590.24, 96
590.24, 96
592.48, 96
593.28, 96
593.28, 96
593.28, 96
593.28, 96
594.37, 96
594.37, 96
594.41, 96
594.41, 96
594.41, 96
594.43, 96
594.43, 96
594.43, 96
594.48, 96
594.80, 96
596.00, 96
596.17, 96
596.17, 96
596.17, 96
596.67, 96
596.99, 96
596.99, 96
596.99, 96
596.99, 96
597.89, 96
597.89, 96
