0.00, 102
0.01, 99
0.01, 99
0.01, 99
0.01, 99
0.02, 98
0.03, 98
0.10, 98
0.10, 98
0.12, 98
0.13, 97
0.17, 97
0.17, 97
0.20, 97
0.25, 97
0.26, 97
0.33, 97
0.34, 97
0.39, 97
0.72, 97
0.73, 97
0.81, 97
0.83, 97
0.83, 97
0.83, 97
0.91, 97
0.91, 97
0.91, 97
1.00, 97
1.00, 97
1.00, 97
1.07, 97
1.12, 97
1.12, 97
1.18, 97
1.18, 97
1.18, 97
1.18, 97
1.18, 97
1.19, 97
1.19, 97
1.19, 97
1.33, 97
1.35, 97
1.35, 97
1.35, 96
2.32, 96
3.54, 96
3.65, 96
3.72, 96
3.72, 96
5.16, 96
7.35, 96
7.64, 96
8.33, 96
8.40, 96
8.54, 96
8.54, 96
8.90, 96
9.80, 96
9.85, 96
9.85, 96
10.12, 96
10.12, 96
11.42, 96
11.66, 96
11.66, 96
11.87, 96
12.54, 96
13.68, 96
13.79, 96
15.29, 96
15.29, 96
15.59, 96
15.59, 96
16.09, 96
16.30, 96
16.31, 96
16.71, 96
16.71, 96
17.10, 96
17.10, 96
17.10, 96
17.50, 96
17.59, 96
17.61, 96
17.66, 96
17.68, 96
18.74, 96
18.74, 96
18.84, 96
18.84, 96
19.03, 96
19.03, 96
19.26, 96
19.26, 96
19.26, 96
19.55, 96
19.55, 96
20.29, 96
20.29, 96
20.30, 96
20.30, 96
20.31, 96
20.31, 96
20.31, 96
21.23, 96
21.24, 96
21.24, 96
21.90, 96
22.12, 96
22.12, 96
22.12, 96
22.64, 96
23.54, 96
24.09, 96
24.09, 96
24.70, 96
27.18, 96
27.18, 96
27.35, 96
27.41, 96
27.42, 96
27.42, 96
27.86, 96
27.99, 96
28.32, 96
28.83, 96
29.12, 96
29.12, 96
29.32, 96
29.44, 96
29.54, 96
29.59, 96
29.63, 96
29.63, 96
29.70, 96
31.49, 96
31.77, 96
31.77, 96
31.77, 96
32.72, 96
33.85, 96
33.91, 96
33.91, 96
33.91, 96
33.91, 96
34.12, 96
34.47, 96
34.71, 96
34.71, 96
34.71, 96
35.24, 96
35.25, 96
35.45, 96
37.19, 96
37.28, 96
37.80, 96
37.80, 96
37.93, 96
38.47, 96
38.47, 96
38.47, 96
38.68, 96
38.83, 96
38.87, 96
39.76, 96
39.76, 96
39.76, 96
39.76, 96
39.76, 96
39.83, 96
41.33, 96
42.03, 96
42.03, 96
42.36, 96
42.47, 96
43.70, 96
43.71, 96
43.71, 96
43.71, 96
43.71, 96
43.74, 96
44.05, 96
44.10, 96
44.82, 96
44.83, 96
44.95, 96
45.69, 96
45.88, 96
45.88, 96
45.97, 96
46.15, 96
47.84, 96
48.90, 96
48.90, 96
49.11, 96
49.12, 96
49.18, 96
49.18, 96
49.69, 96
49.77, 96
49.79, 96
49.92, 96
49.93, 96
49.93, 96
50.01, 96
50.02, 96
50.02, 96
50.32, 96
50.34, 96
50.34, 96
50.62, 96
50.62, 96
51.15, 96
51.30, 96
51.75, 96
52.59, 96
52.63, 96
53.79, 96
55.26, 96
55.27, 96
55.66, 96
55.84, 96
56.50, 96
57.42, 96
57.42, 96
57.42, 96
57.74, 96
57.74, 96
57.90, 96
57.90, 96
57.90, 96
58.45, 96
58.45, 96
59.14, 96
59.17, 96
59.20, 96
59.74, 96
59.74, 96
59.91, 96
59.91, 96
60.96, 96
61.33, 96
61.34, 96
61.34, 96
61.35, 96
61.39, 96
61.52, 96
61.57, 96
61.57, 96
61.81, 96
61.81, 96
61.81, 96
61.81, 96
61.81, 96
61.81, 96
62.34, 96
62.34, 96
62.34, 96
63.07, 96
63.08, 96
63.66, 96
63.66, 96
64.34, 96
64.45, 96
64.45, 96
64.60, 96
64.61, 96
64.61, 96
64.61, 96
65.18, 96
65.18, 96
65.51, 96
65.51, 96
65.84, 96
65.84, 96
66.89, 96
66.89, 96
66.89, 96
66.89, 96
66.89, 96
67.15, 96
67.15, 96
68.26, 96
68.27, 96
68.75, 96
69.10, 96
69.10, 96
69.99, 96
70.36, 96
70.36, 96
70.73, 96
71.10, 96
72.39, 96
72.75, 96
72.75, 96
73.26, 96
73.43, 96
73.82, 96
73.83, 96
74.12, 96
74.69, 96
74.69, 96
74.69, 96
75.06, 96
75.91, 96
77.98, 96
78.04, 96
78.04, 96
78.54, 96
78.54, 96
78.91, 96
79.04, 96
79.04, 96
79.37, 96
79.83, 96
79.83, 96
79.83, 96
79.83, 96
81.17, 96
81.30, 96
81.65, 96
82.76, 96
83.21, 96
83.69, 96
84.18, 96
84.18, 96
84.53, 96
85.36, 96
85.36, 96
85.68, 96
85.68, 96
86.60, 96
86.60, 96
87.08, 96
87.18, 96
87.21, 96
87.21, 96
87.21, 96
87.35, 96
87.68, 96
88.50, 96
88.50, 96
88.50, 96
88.61, 96
88.61, 96
88.61, 96
88.61, 96
88.62, 96
88.62, 96
88.73, 96
88.73, 96
90.65, 96
90.65, 96
90.65, 96
90.65, 96
91.43, 96
91.70, 96
91.84, 96
92.66, 96
92.66, 96
92.99, 96
93.11, 96
93.37, 96
93.45, 96
93.59, 96
93.59, 96
94.01, 96
94.32, 96
94.53, 96
94.63, 96
94.89, 96
94.89, 96
95.80, 96
95.81, 96
95.82, 96
97.37, 96
97.37, 96
97.39, 96
98.23, 96
98.23, 96
98.23, 96
98.61, 96
99.05, 96
99.82, 96
99.82, 96
100.52, 96
101.92, 96
102.82, 96
102.83, 96
103.09, 96
103.54, 96
103.54, 96
106.02, 96
106.04, 96
106.04, 96
106.47, 96
106.76, 96
106.77, 96
106.77, 96
106.78, 96
106.85, 96
106.94, 96
106.94, 96
106.94, 96
108.56, 96
108.56, 96
108.76, 96
108.76, 96
108.76, 96
109.30, 96
110.01, 96
110.01, 96
110.11, 96
110.17, 96
110.17, 96
110.17, 96
110.17, 96
110.81, 96
112.67, 96
112.67, 96
113.33, 96
113.33, 96
113.33, 96
113.38, 96
113.38, 96
113.39, 96
113.49, 96
113.50, 96
113.78, 96
114.18, 96
114.27, 96
115.03, 96
115.20, 96
115.20, 96
115.20, 96
115.20, 96
115.20, 96
115.83, 96
115.83, 96
115.83, 96
115.84, 96
115.85, 96
116.27, 96
116.27, 96
117.59, 96
117.61, 96
118.40, 96
118.41, 96
118.67, 96
118.97, 96
120.67, 96
121.56, 96
121.56, 96
121.56, 96
121.56, 96
121.56, 96
121.56, 96
123.01, 96
123.01, 96
123.01, 96
123.27, 96
123.27, 96
123.27, 96
123.27, 96
123.40, 96
123.64, 96
123.64, 96
123.64, 96
123.64, 96
123.64, 96
123.64, 96
124.21, 96
124.21, 96
126.04, 96
126.04, 96
126.04, 96
127.47, 96
127.70, 96
127.89, 96
128.25, 96
128.26, 96
128.26, 96
128.40, 96
128.41, 96
128.41, 96
128.41, 96
128.43, 96
128.43, 96
128.99, 96
129.26, 96
129.62, 96
129.65, 96
129.65, 96
130.35, 96
130.64, 96
131.26, 96
131.63, 96
132.00, 96
132.06, 96
132.06, 96
132.06, 96
132.07, 96
132.45, 96
132.83, 96
132.85, 96
132.85, 96
132.85, 96
132.85, 96
132.86, 96
133.24, 96
133.24, 96
133.26, 96
133.31, 96
133.31, 96
133.32, 96
133.75, 96
134.23, 96
134.23, 96
134.55, 96
135.50, 96
135.50, 96
136.42, 96
136.56, 96
136.56, 96
136.71, 96
136.86, 96
136.87, 96
136.87, 96
137.86, 96
138.08, 96
138.75, 96
138.76, 96
138.97, 96
139.86, 96
139.86, 96
139.94, 96
140.48, 96
140.67, 96
140.67, 96
141.06, 96
141.06, 96
141.73, 96
141.73, 96
142.29, 96
142.94, 96
142.95, 96
142.95, 96
142.95, 96
144.42, 96
144.42, 96
144.93, 96
145.65, 96
146.21, 96
146.25, 96
146.26, 96
146.35, 96
146.49, 96
147.36, 96
148.22, 96
148.66, 96
148.66, 96
148.96, 96
149.98, 96
151.22, 96
151.22, 96
152.33, 96
152.67, 96
152.88, 96
153.26, 96
153.86, 96
153.87, 96
154.33, 96
154.80, 96
154.80, 96
154.90, 96
156.07, 96
156.17, 96
156.17, 96
156.78, 96
157.14, 96
157.14, 96
157.14, 96
157.27, 96
157.28, 96
157.40, 96
157.43, 96
157.43, 96
157.43, 96
157.91, 96
157.91, 96
158.66, 96
158.66, 96
158.84, 96
158.84, 96
158.85, 96
158.85, 96
159.51, 96
159.52, 96
159.52, 96
159.57, 96
159.60, 96
160.37, 96
160.37, 96
160.37, 96
160.37, 96
160.37, 96
160.39, 96
160.54, 96
160.54, 96
160.55, 96
160.55, 96
160.69, 96
161.17, 96
162.10, 96
162.11, 96
162.72, 96
162.72, 96
163.16, 96
163.16, 96
163.16, 96
163.21, 96
163.21, 96
163.21, 96
163.37, 96
163.64, 96
163.72, 96
164.33, 96
164.34, 96
164.42, 96
164.90, 96
165.05, 96
165.28, 96
166.06, 96
166.51, 96
166.81, 96
167.72, 96
167.80, 96
167.80, 96
168.13, 96
168.13, 96
168.13, 96
168.23, 96
168.35, 96
168.35, 96
168.51, 96
168.64, 96
168.64, 96
168.64, 96
168.66, 96
169.74, 96
169.74, 96
169.74, 96
169.78, 96
169.78, 96
169.78, 96
169.78, 96
171.63, 96
171.70, 96
171.70, 96
171.97, 96
173.20, 96
173.34, 96
173.60, 96
175.12, 96
175.43, 96
175.56, 96
176.25, 96
176.28, 96
176.28, 96
176.38, 96
177.45, 96
177.45, 96
177.73, 96
177.87, 96
178.93, 96
179.30, 96
179.30, 96
179.59, 96
180.05, 96
180.80, 96
180.81, 96
180.81, 96
180.82, 96
181.27, 96
181.27, 96
181.27, 96
181.27, 96
181.82, 96
182.25, 96
182.27, 96
182.27, 96
183.31, 96
183.52, 96
183.73, 96
184.01, 96
184.02, 96
184.02, 96
184.54, 96
184.54, 96
184.54, 96
185.29, 96
185.55, 96
185.55, 96
185.99, 96
186.23, 96
187.78, 96
187.83, 96
187.83, 96
188.10, 96
188.35, 96
189.02, 96
189.79, 96
189.79, 96
189.80, 96
189.80, 96
189.85, 96
189.85, 96
190.32, 96
190.94, 96
191.23, 96
191.90, 96
191.90, 96
192.45, 96
192.50, 96
193.03, 96
193.45, 96
193.45, 96
193.73, 96
193.73, 96
193.74, 96
194.25, 96
194.25, 96
194.36, 96
194.66, 96
195.19, 96
195.19, 96
195.20, 96
195.20, 96
195.25, 96
195.65, 96
195.89, 96
195.90, 96
196.06, 96
196.63, 96
196.63, 96
196.63, 96
196.63, 96
196.63, 96
197.18, 96
197.18, 96
197.31, 96
197.42, 96
197.42, 96
197.91, 96
197.91, 96
198.04, 96
198.05, 96
198.05, 96
198.05, 96
198.05, 96
198.36, 96
198.76, 96
198.76, 96
198.76, 96
198.76, 96
198.82, 96
199.06, 96
199.30, 96
199.78, 96
200.02, 96
200.28, 96
200.29, 96
200.49, 96
200.49, 96
200.49, 96
200.67, 96
200.67, 96
200.67, 96
200.74, 96
200.74, 96
200.94, 96
201.55, 96
201.55, 96
201.55, 96
201.55, 96
201.74, 96
201.74, 96
204.26, 96
204.26, 96
204.45, 96
205.45, 96
205.45, 96
205.45, 96
205.70, 96
205.70, 96
205.79, 96
205.82, 96
206.03, 96
206.03, 96
206.04, 96
206.04, 96
206.18, 96
206.18, 96
206.38, 96
207.07, 96
207.07, 96
208.00, 96
208.00, 96
208.53, 96
209.35, 96
209.53, 96
209.72, 96
209.72, 96
210.16, 96
210.16, 96
210.17, 96
210.20, 96
210.21, 96
210.21, 96
210.94, 96
210.94, 96
211.34, 96
212.57, 96
212.63, 96
212.63, 96
212.63, 96
212.63, 96
213.70, 96
214.12, 96
214.59, 96
214.59, 96
214.68, 96
214.68, 96
214.68, 96
215.81, 96
217.87, 96
217.87, 96
217.87, 96
217.88, 96
218.17, 96
218.18, 96
218.84, 96
219.14, 96
219.33, 96
219.53, 96
221.41, 96
221.41, 96
222.32, 96
222.63, 96
222.64, 96
222.64, 96
222.64, 96
222.75, 96
222.76, 96
223.13, 96
223.13, 96
223.13, 96
223.13, 96
223.13, 96
223.18, 96
223.18, 96
223.18, 96
223.42, 96
223.43, 96
223.43, 96
223.75, 96
224.26, 96
224.26, 96
225.03, 96
225.04, 96
225.04, 96
225.04, 96
225.16, 96
225.16, 96
225.17, 96
225.28, 96
225.28, 96
225.28, 96
225.28, 96
225.28, 96
225.74, 96
225.74, 96
225.74, 96
225.89, 96
225.89, 96
226.49, 96
226.69, 96
226.69, 96
226.69, 96
226.69, 96
226.94, 96
226.94, 96
226.94, 96
226.94, 96
228.44, 96
228.66, 96
228.66, 96
228.68, 96
228.69, 96
229.17, 96
229.75, 96
229.75, 96
229.76, 96
229.76, 96
229.76, 96
229.88, 96
229.89, 96
229.96, 96
230.29, 96
230.29, 96
230.58, 96
230.58, 96
230.58, 96
231.05, 96
231.54, 96
231.54, 96
231.70, 96
231.76, 96
231.80, 96
231.80, 96
231.80, 96
231.91, 96
231.91, 96
232.26, 96
232.26, 96
233.06, 96
233.06, 96
233.14, 96
233.70, 96
234.23, 96
234.27, 96
234.85, 96
234.85, 96
234.91, 96
236.00, 96
236.59, 96
236.87, 96
237.19, 96
237.40, 96
237.40, 96
238.95, 96
239.94, 96
240.33, 96
240.41, 96
240.41, 96
240.41, 96
240.62, 96
240.62, 96
240.99, 96
241.74, 96
242.07, 96
242.08, 96
242.63, 96
244.03, 96
244.03, 96
244.65, 96
244.66, 96
244.66, 96
244.73, 96
244.77, 96
245.10, 96
245.85, 96
246.49, 96
247.03, 96
247.51, 96
247.52, 96
247.58, 96
247.58, 96
248.19, 96
248.23, 96
248.23, 96
248.26, 96
248.59, 96
248.59, 96
248.72, 96
250.79, 96
250.99, 96
251.21, 96
251.46, 96
252.59, 96
252.60, 96
252.60, 96
253.56, 96
253.56, 96
253.56, 96
253.56, 96
253.58, 96
254.23, 96
254.35, 96
254.36, 96
256.80, 96
256.80, 96
256.96, 96
256.96, 96
257.15, 96
257.17, 96
257.70, 96
258.28, 96
258.28, 96
258.29, 96
259.67, 96
259.72, 96
259.72, 96
260.91, 96
260.91, 96
260.95, 96
261.15, 96
261.17, 96
261.69, 96
261.69, 96
261.69, 96
261.81, 96
262.10, 96
262.11, 96
263.37, 96
263.37, 96
263.41, 96
263.84, 96
264.15, 96
264.15, 96
264.20, 96
264.20, 96
264.67, 96
264.68, 96
264.68, 96
264.68, 96
264.68, 96
264.68, 96
264.82, 96
265.14, 96
265.88, 96
266.21, 96
266.21, 96
266.59, 96
266.92, 96
266.95, 96
267.25, 96
267.25, 96
267.33, 96
267.64, 96
268.26, 96
268.59, 96
268.59, 96
268.59, 96
269.19, 96
269.56, 96
269.74, 96
270.08, 96
270.09, 96
270.09, 96
270.09, 96
270.38, 96
270.52, 96
270.67, 96
270.67, 96
270.67, 96
271.12, 96
271.12, 96
271.12, 96
271.12, 96
271.12, 96
271.37, 96
271.37, 96
272.29, 96
272.29, 96
272.60, 96
272.65, 96
272.65, 96
272.74, 96
272.74, 96
272.82, 96
272.99, 96
273.93, 96
274.10, 96
274.62, 96
274.87, 96
275.18, 96
276.76, 96
276.76, 96
276.76, 96
276.77, 96
277.79, 96
277.79, 96
278.21, 96
278.37, 96
278.60, 96
279.28, 96
279.28, 96
279.28, 96
279.79, 96
281.41, 96
282.53, 96
282.68, 96
282.93, 96
282.93, 96
282.93, 96
283.26, 96
284.11, 96
284.18, 96
284.55, 96
284.99, 96
287.14, 96
287.67, 96
287.67, 96
287.67, 96
287.67, 96
287.67, 96
287.67, 96
287.67, 96
287.77, 96
287.82, 96
287.82, 96
287.82, 96
288.11, 96
288.15, 96
289.52, 96
289.52, 96
289.57, 96
289.57, 96
289.68, 96
290.09, 96
291.74, 96
292.06, 96
292.06, 96
292.45, 96
292.67, 96
292.98, 96
292.99, 96
292.99, 96
293.18, 96
293.35, 96
293.37, 96
293.39, 96
293.89, 96
293.89, 96
294.46, 96
295.01, 96
295.01, 96
295.06, 96
295.15, 96
295.16, 96
295.17, 96
295.19, 96
296.21, 96
296.28, 96
296.98, 96
296.99, 96
297.13, 96
298.68, 96
298.78, 96
298.78, 96
298.90, 96
299.58, 96
299.58, 96
299.91, 96
299.92, 96
299.92, 96
299.92, 96
300.93, 96
300.95, 96
300.95, 96
300.95, 96
300.95, 96
301.00, 96
301.00, 96
301.01, 96
302.66, 96
302.66, 96
303.12, 96
303.20, 96
304.81, 96
304.91, 96
305.03, 96
305.48, 96
306.42, 96
307.03, 96
307.04, 96
307.10, 96
308.47, 96
309.66, 96
309.82, 96
309.96, 96
310.41, 96
311.36, 96
311.37, 96
311.47, 96
312.23, 96
312.97, 96
313.38, 96
313.77, 96
314.66, 96
314.82, 96
315.75, 96
315.77, 96
315.77, 96
316.47, 96
316.59, 96
317.17, 96
317.18, 96
320.23, 96
320.68, 96
320.69, 96
320.69, 96
322.88, 96
322.89, 96
323.49, 96
324.97, 96
324.97, 96
325.39, 96
325.48, 96
325.51, 96
328.21, 96
329.78, 96
330.64, 96
330.98, 96
331.59, 96
332.13, 96
332.45, 96
332.50, 96
332.52, 96
332.53, 96
332.96, 96
333.36, 96
334.68, 96
335.79, 96
335.80, 96
335.80, 96
336.04, 96
336.62, 96
338.55, 96
338.69, 96
338.70, 96
339.60, 96
339.60, 96
339.60, 96
339.60, 96
339.60, 96
339.77, 96
339.78, 96
340.00, 96
340.00, 96
340.23, 96
340.94, 96
341.43, 96
343.49, 96
343.59, 96
345.18, 96
345.18, 96
345.18, 96
345.19, 96
345.40, 96
345.40, 96
345.48, 96
345.50, 96
345.51, 96
345.80, 96
346.71, 96
347.87, 96
347.96, 96
348.22, 96
349.67, 96
350.39, 96
350.94, 96
350.94, 96
351.04, 96
351.60, 96
352.14, 96
352.84, 96
354.09, 96
354.12, 96
354.12, 96
355.03, 96
355.12, 96
355.12, 96
355.68, 96
355.68, 96
355.69, 96
355.69, 96
355.69, 96
355.69, 96
355.69, 96
357.93, 96
357.93, 96
357.96, 96
358.33, 96
358.69, 96
358.69, 96
358.92, 96
358.92, 96
358.92, 96
358.92, 96
359.19, 96
359.83, 96
360.44, 96
360.50, 96
360.50, 96
360.50, 96
360.52, 96
360.52, 96
360.52, 96
362.04, 96
362.38, 96
362.39, 96
363.61, 96
364.38, 96
365.27, 96
365.29, 96
365.29, 96
365.46, 96
365.46, 96
365.96, 96
366.84, 96
366.84, 96
366.84, 96
366.84, 96
366.84, 96
367.10, 96
367.35, 96
367.79, 96
367.88, 96
367.91, 96
368.31, 96
369.07, 96
369.07, 96
369.63, 96
369.77, 96
371.04, 96
371.04, 96
371.50, 96
372.17, 96
372.76, 96
372.76, 96
372.82, 96
372.82, 96
373.22, 96
373.92, 96
373.92, 96
373.93, 96
374.26, 96
374.37, 96
374.37, 96
374.37, 96
375.64, 96
375.64, 96
375.64, 96
375.82, 96
375.98, 96
375.98, 96
375.98, 96
375.98, 96
375.98, 96
375.99, 96
375.99, 96
375.99, 96
375.99, 96
375.99, 96
376.91, 96
376.98, 96
377.24, 96
377.24, 96
377.45, 96
377.52, 96
378.64, 96
379.50, 96
379.54, 96
379.54, 96
379.98, 96
379.98, 96
381.80, 96
381.89, 96
381.91, 96
382.27, 96
382.75, 96
383.42, 96
384.08, 96
384.81, 96
387.10, 96
387.53, 96
390.26, 96
390.91, 96
392.09, 96
392.75, 96
392.76, 96
392.95, 96
393.21, 96
393.36, 96
394.61, 96
394.62, 96
394.62, 96
394.71, 96
395.13, 96
395.13, 96
395.24, 96
395.45, 96
396.12, 96
396.96, 96
397.01, 96
398.23, 96
399.03, 96
399.42, 96
399.42, 96
399.42, 96
399.42, 96
399.50, 96
399.51, 96
399.52, 96
399.52, 96
399.53, 96
399.53, 96
399.53, 96
400.41, 96
400.53, 96
400.64, 96
401.39, 96
401.44, 96
402.42, 96
402.44, 96
402.45, 96
403.75, 96
404.72, 96
404.73, 96
404.85, 96
404.85, 96
404.86, 96
405.80, 96
406.08, 96
406.36, 96
406.36, 96
407.12, 96
407.12, 96
407.12, 96
407.13, 96
407.34, 96
407.95, 96
407.95, 96
407.95, 96
408.35, 96
408.36, 96
408.38, 96
408.40, 96
408.51, 96
408.51, 96
408.51, 96
409.46, 96
410.47, 96
410.47, 96
411.23, 96
411.77, 96
411.77, 96
411.77, 96
411.77, 96
412.75, 96
412.75, 96
412.99, 96
413.57, 96
413.58, 96
413.58, 96
414.27, 96
414.27, 96
415.40, 96
415.40, 96
415.40, 96
415.40, 96
416.80, 96
416.99, 96
417.00, 96
417.97, 96
419.32, 96
419.61, 96
419.61, 96
419.61, 96
419.99, 96
420.70, 96
420.85, 96
421.16, 96
421.34, 96
421.34, 96
421.44, 96
421.61, 96
421.61, 96
421.80, 96
421.80, 96
422.48, 96
422.48, 96
422.63, 96
422.63, 96
422.74, 96
423.03, 96
423.46, 96
423.58, 96
423.58, 96
423.58, 96
423.58, 96
423.65, 96
423.85, 96
423.85, 96
424.21, 96
424.50, 96
426.81, 96
426.81, 96
426.89, 96
427.14, 96
427.15, 96
427.40, 96
427.75, 96
428.19, 96
428.41, 96
428.51, 96
429.72, 96
430.10, 96
430.10, 96
430.22, 96
430.22, 96
431.04, 96
431.27, 96
431.27, 96
431.27, 96
431.27, 96
431.27, 96
431.27, 96
431.31, 96
431.37, 96
431.58, 96
432.27, 96
432.61, 96
432.61, 96
432.61, 96
432.61, 96
432.61, 96
432.61, 96
432.63, 96
435.82, 96
435.83, 96
435.83, 96
435.83, 96
435.83, 96
436.07, 96
436.07, 96
436.07, 96
436.12, 96
436.12, 96
436.48, 96
436.90, 96
436.90, 96
437.10, 96
437.10, 96
437.10, 96
437.22, 96
437.34, 96
437.34, 96
437.35, 96
438.00, 96
439.93, 96
440.01, 96
440.60, 96
440.60, 96
441.38, 96
443.10, 96
443.37, 96
443.48, 96
444.15, 96
444.21, 96
444.21, 96
444.33, 96
444.33, 96
445.33, 96
445.33, 96
445.33, 96
446.47, 96
446.47, 96
447.81, 96
447.81, 96
447.82, 96
447.82, 96
447.82, 96
448.24, 96
448.24, 96
448.74, 96
449.11, 96
449.11, 96
449.11, 96
452.25, 96
453.19, 96
453.20, 96
453.20, 96
453.20, 96
453.20, 96
453.59, 96
453.59, 96
453.66, 96
453.86, 96
454.16, 96
454.69, 96
454.69, 96
454.69, 96
455.12, 96
455.55, 96
456.82, 96
456.82, 96
458.13, 96
459.22, 96
459.49, 96
460.33, 96
460.33, 96
460.68, 96
462.03, 96
462.03, 96
462.03, 96
462.10, 96
462.11, 96
462.11, 96
462.11, 96
462.11, 96
462.11, 96
462.11, 96
462.12, 96
462.12, 96
462.12, 96
462.36, 96
462.36, 96
462.36, 96
462.74, 96
463.12, 96
463.34, 96
463.71, 96
464.01, 96
464.01, 96
464.06, 96
464.94, 96
467.53, 96
467.75, 96
468.49, 96
468.49, 96
468.49, 96
468.49, 96
469.32, 96
469.32, 96
469.32, 96
469.32, 96
470.47, 96
470.47, 96
470.48, 96
470.53, 96
470.53, 96
470.54, 96
470.54, 96
470.56, 96
470.56, 96
470.88, 96
471.11, 96
471.11, 96
471.12, 96
471.31, 96
471.45, 96
472.72, 96
473.34, 96
473.69, 96
474.37, 96
474.37, 96
474.53, 96
474.66, 96
474.66, 96
475.94, 96
476.01, 96
476.01, 96
476.91, 96
478.60, 96
479.47, 96
479.48, 96
479.61, 96
480.57, 96
480.57, 96
480.57, 96
481.23, 96
481.23, 96
481.37, 96
481.37, 96
481.50, 96
481.50, 96
482.14, 96
482.14, 96
482.14, 96
482.14, 96
482.14, 96
482.16, 96
482.16, 96
482.52, 96
482.52, 96
483.05, 96
484.40, 96
484.95, 96
485.61, 96
485.74, 96
485.74, 96
486.43, 96
486.56, 96
486.56, 96
486.56, 96
486.56, 96
486.69, 96
486.69, 96
486.79, 96
486.81, 96
487.45, 96
487.46, 96
487.46, 96
487.51, 96
487.52, 96
487.66, 96
487.67, 96
488.63, 96
489.06, 96
489.73, 96
489.96, 96
490.40, 96
490.40, 96
490.47, 96
490.47, 96
490.49, 96
490.49, 96
490.70, 96
491.32, 96
492.75, 96
492.96, 96
492.96, 96
492.96, 96
493.14, 96
494.53, 96
495.04, 96
495.11, 96
495.11, 96
495.11, 96
495.12, 96
495.28, 96
495.40, 96
495.40, 96
495.56, 96
495.67, 96
496.09, 96
496.23, 96
496.23, 96
496.23, 96
496.23, 96
496.23, 96
496.23, 96
496.35, 96
496.78, 96
496.78, 96
496.78, 96
497.76, 96
498.56, 96
498.64, 96
498.70, 96
499.96, 96
501.37, 96
501.44, 96
502.10, 96
502.16, 96
502.16, 96
502.40, 96
502.40, 96
503.15, 96
503.39, 96
503.69, 96
505.15, 96
505.31, 96
505.44, 96
505.44, 96
506.26, 96
507.01, 96
507.01, 96
507.95, 96
507.95, 96
507.95, 96
507.96, 96
507.96, 96
507.96, 96
507.96, 96
507.96, 96
507.96, 96
508.51, 96
508.70, 96
508.89, 96
508.89, 96
510.02, 96
511.23, 96
511.24, 96
511.25, 96
511.25, 96
511.42, 96
512.07, 96
512.29, 96
512.29, 96
512.51, 96
512.51, 96
513.08, 96
514.31, 96
514.89, 96
514.98, 96
515.62, 96
515.63, 96
516.13, 96
516.13, 96
516.13, 96
516.14, 96
516.32, 96
516.33, 96
516.33, 96
516.33, 96
516.39, 96
516.65, 96
516.65, 96
516.65, 96
516.65, 96
517.70, 96
517.87, 96
517.89, 96
518.63, 96
518.63, 96
518.80, 96
518.81, 96
518.81, 96
518.81, 96
518.81, 96
521.38, 96
521.38, 96
521.42, 96
521.98, 96
521.98, 96
522.65, 96
522.65, 96
523.23, 96
524.13, 96
526.06, 96
527.52, 96
527.54, 96
529.79, 96
529.79, 96
530.13, 96
530.14, 96
530.59, 96
530.93, 96
530.93, 96
531.56, 96
531.69, 96
531.69, 96
531.69, 96
531.69, 96
532.01, 96
532.22, 96
532.94, 96
532.94, 96
532.94, 96
532.94, 96
533.27, 96
533.53, 96
534.04, 96
534.04, 96
535.53, 96
536.15, 96
537.90, 96
538.17, 96
538.20, 96
539.16, 96
539.43, 96
539.43, 96
539.43, 96
539.83, 96
541.10, 96
541.11, 96
541.11, 96
541.11, 96
541.11, 96
542.32, 96
542.77, 96
543.07, 96
543.08, 96
543.10, 96
544.40, 96
544.41, 96
544.41, 96
544.44, 96
546.75, 96
546.75, 96
546.75, 96
546.92, 96
547.55, 96
547.55, 96
547.56, 96
547.65, 96
548.16, 96
548.16, 96
548.16, 96
548.27, 96
548.30, 96
548.49, 96
549.00, 96
549.27, 96
549.27, 96
549.82, 96
550.60, 96
550.80, 96
551.06, 96
551.10, 96
551.73, 96
551.96, 96
551.97, 96
551.97, 96
552.35, 96
553.45, 96
553.45, 96
554.16, 96
554.16, 96
554.16, 96
554.16, 96
554.16, 96
554.16, 96
555.06, 96
555.82, 96
555.82, 96
557.27, 96
557.27, 96
557.27, 96
557.45, 96
557.57, 96
558.00, 96
559.64, 96
559.65, 96
560.34, 96
560.45, 96
561.17, 96
561.17, 96
561.66, 96
563.26, 96
563.27, 96
563.31, 96
563.44, 96
563.44, 96
563.45, 96
563.45, 96
563.45, 96
563.56, 96
563.71, 96
563.96, 96
564.04, 96
565.05, 96
565.07, 96
566.32, 96
566.76, 96
566.88, 96
566.88, 96
567.11, 96
568.05, 96
568.50, 96
568.80, 96
569.17, 96
569.17, 96
570.93, 96
571.11, 96
571.17, 96
571.17, 96
571.44, 96
572.00, 96
572.00, 96
572.72, 96
572.72, 96
573.07, 96
573.07, 96
574.19, 96
574.19, 96
574.65, 96
575.55, 96
575.56, 96
576.29, 96
576.29, 96
576.69, 96
576.72, 96
576.72, 96
576.78, 96
576.90, 96
578.73, 96
578.73, 96
578.74, 96
579.14, 96
579.51, 96
579.71, 96
579.75, 96
579.78, 96
579.78, 96
580.18, 96
580.31, 96
580.56, 96
581.07, 96
581.23, 96
581.23, 96
581.59, 96
581.86, 96
581.86, 96
581.91, 96
583.20, 96
583.20, 96
583.20, 96
583.34, 96
583.34, 96
584.08, 96
584.33, 96
584.43, 96
584.44, 96
585.72, 96
585.81, 96
586.10, 96
587.91, 96
588.59, 96
588.83, 96
588.83, 96
588.83, 96
588.92, 96
588.93, 96
589.17, 96
589.17, 96
589.17, 96
589.18, 96
589.20, 96
589.20, 96
589.43, 96
589.43, 96
589.54, 96
590.14, 96
591.05, 96
591.09, 96
591.13, 96
591.13, 96
591.72, 96
592.08, 96
592.08, 96
592.50, 96
592.50, 96
592.52, 96
594.36, 96
594.36, 96
594.36, 96
595.29, 96
595.65, 96
596.10, 96
596.28, 96
596.50, 96
596.50, 96
596.66, 96
596.85, 96
597.07, 96
597.07, 96
597.52, 96
597.52, 96
597.52, 96
597.65, 96
597.65, 96
597.99, 96
598.17, 96
598.22, 96
598.23, 96
598.52, 96
598.59, 96
598.63, 96
598.64, 96
598.64, 96
598.64, 96
598.64, 96
598.64, 96
599.48, 96
