0.00, 102
0.00, 99
0.01, 99
0.01, 99
0.01, 99
0.01, 98
0.01, 98
0.01, 98
0.01, 98
0.02, 98
0.02, 97
0.04, 97
0.04, 97
0.05, 97
0.08, 97
0.08, 97
0.11, 97
0.11, 97
0.12, 97
0.26, 97
0.27, 97
0.32, 97
0.33, 97
0.33, 97
0.33, 97
0.39, 97
0.39, 97
0.39, 97
0.45, 97
0.45, 97
0.45, 97
0.50, 97
0.54, 97
0.54, 97
0.58, 97
0.58, 97
0.58, 97
0.58, 97
0.58, 97
0.58, 97
0.58, 97
0.59, 97
0.64, 97
0.65, 97
0.65, 97
0.65, 96
1.42, 96
2.43, 96
2.51, 96
2.57, 96
2.57, 96
3.84, 96
6.45, 96
6.74, 96
7.54, 96
7.61, 96
7.74, 96
7.74, 96
8.09, 96
8.84, 96
8.86, 96
8.86, 96
9.01, 96
9.01, 96
10.20, 96
10.45, 96
10.45, 96
10.67, 96
11.40, 96
12.50, 96
12.59, 96
13.89, 96
13.89, 96
14.17, 96
14.17, 96
14.61, 96
14.77, 96
14.77, 96
15.17, 96
15.17, 96
15.53, 96
15.53, 96
15.53, 96
15.88, 96
15.96, 96
15.99, 96
16.03, 96
16.05, 96
17.16, 96
17.16, 96
17.24, 96
17.24, 96
17.40, 96
17.40, 96
17.62, 96
17.62, 96
17.62, 96
17.87, 96
17.88, 96
18.45, 96
18.45, 96
18.45, 96
18.46, 96
18.46, 96
18.46, 96
18.46, 96
19.32, 96
19.33, 96
19.33, 96
19.93, 96
20.13, 96
20.13, 96
20.13, 96
20.62, 96
21.56, 96
22.17, 96
22.17, 96
22.86, 96
25.26, 96
25.26, 96
25.43, 96
25.50, 96
25.51, 96
25.52, 96
25.94, 96
26.05, 96
26.40, 96
26.94, 96
27.23, 96
27.23, 96
27.45, 96
27.56, 96
27.64, 96
27.69, 96
27.72, 96
27.72, 96
27.82, 96
29.52, 96
29.89, 96
29.89, 96
29.89, 96
31.06, 96
32.31, 96
32.36, 96
32.36, 96
32.36, 96
32.36, 96
32.58, 96
32.96, 96
33.21, 96
33.21, 96
33.21, 96
33.63, 96
33.64, 96
33.82, 96
35.51, 96
35.61, 96
36.11, 96
36.11, 96
36.26, 96
36.81, 96
36.81, 96
36.81, 96
37.02, 96
37.17, 96
37.21, 96
38.10, 96
38.10, 96
38.10, 96
38.10, 96
38.10, 96
38.15, 96
39.18, 96
39.88, 96
39.89, 96
40.15, 96
40.26, 96
41.50, 96
41.50, 96
41.50, 96
41.50, 96
41.50, 96
41.55, 96
41.84, 96
41.89, 96
42.48, 96
42.49, 96
42.57, 96
43.23, 96
43.40, 96
43.40, 96
43.51, 96
43.70, 96
45.25, 96
46.12, 96
46.12, 96
46.32, 96
46.34, 96
46.40, 96
46.40, 96
46.94, 96
47.01, 96
47.01, 96
47.11, 96
47.11, 96
47.11, 96
47.17, 96
47.18, 96
47.18, 96
47.40, 96
47.42, 96
47.42, 96
47.65, 96
47.65, 96
48.14, 96
48.28, 96
48.66, 96
49.37, 96
49.40, 96
50.54, 96
51.93, 96
51.93, 96
52.23, 96
52.40, 96
52.97, 96
53.89, 96
53.89, 96
53.89, 96
54.21, 96
54.21, 96
54.37, 96
54.37, 96
54.37, 96
54.91, 96
54.91, 96
55.54, 96
55.56, 96
55.59, 96
56.11, 96
56.11, 96
56.26, 96
56.26, 96
57.28, 96
57.63, 96
57.63, 96
57.63, 96
57.63, 96
57.67, 96
57.81, 96
57.84, 96
57.85, 96
58.07, 96
58.07, 96
58.07, 96
58.07, 96
58.07, 96
58.07, 96
58.55, 96
58.55, 96
58.55, 96
59.25, 96
59.25, 96
59.90, 96
59.90, 96
60.59, 96
60.68, 96
60.68, 96
60.80, 96
60.80, 96
60.80, 96
60.80, 96
61.31, 96
61.31, 96
61.66, 96
61.66, 96
61.93, 96
61.94, 96
62.94, 96
62.94, 96
62.94, 96
62.94, 96
62.94, 96
63.17, 96
63.18, 96
64.22, 96
64.22, 96
64.66, 96
64.97, 96
64.97, 96
65.85, 96
66.13, 96
66.13, 96
66.55, 96
66.88, 96
68.06, 96
68.41, 96
68.41, 96
68.86, 96
69.03, 96
69.40, 96
69.41, 96
69.69, 96
70.26, 96
70.27, 96
70.27, 96
70.58, 96
71.42, 96
73.41, 96
73.47, 96
73.47, 96
73.94, 96
73.94, 96
74.28, 96
74.41, 96
74.41, 96
74.72, 96
75.14, 96
75.14, 96
75.14, 96
75.14, 96
76.40, 96
76.56, 96
76.93, 96
78.03, 96
78.49, 96
78.91, 96
79.38, 96
79.38, 96
79.69, 96
80.38, 96
80.38, 96
80.62, 96
80.62, 96
81.61, 96
81.61, 96
82.14, 96
82.26, 96
82.29, 96
82.29, 96
82.29, 96
82.42, 96
82.73, 96
83.50, 96
83.50, 96
83.50, 96
83.61, 96
83.61, 96
83.61, 96
83.61, 96
83.61, 96
83.61, 96
83.70, 96
83.70, 96
85.39, 96
85.39, 96
85.39, 96
85.39, 96
86.17, 96
86.46, 96
86.61, 96
87.42, 96
87.42, 96
87.74, 96
87.89, 96
88.13, 96
88.20, 96
88.36, 96
88.36, 96
88.77, 96
89.12, 96
89.29, 96
89.38, 96
89.59, 96
89.59, 96
90.45, 96
90.45, 96
90.47, 96
92.14, 96
92.14, 96
92.16, 96
92.97, 96
92.97, 96
92.97, 96
93.37, 96
93.80, 96
94.53, 96
94.53, 96
95.09, 96
96.48, 96
97.40, 96
97.40, 96
97.67, 96
98.10, 96
98.10, 96
100.38, 96
100.40, 96
100.40, 96
100.83, 96
101.11, 96
101.11, 96
101.11, 96
101.12, 96
101.20, 96
101.31, 96
101.32, 96
101.32, 96
102.95, 96
102.96, 96
103.12, 96
103.12, 96
103.12, 96
103.65, 96
104.26, 96
104.26, 96
104.34, 96
104.40, 96
104.40, 96
104.40, 96
104.40, 96
105.00, 96
106.92, 96
106.94, 96
107.59, 96
107.59, 96
107.59, 96
107.64, 96
107.64, 96
107.64, 96
107.73, 96
107.73, 96
108.01, 96
108.40, 96
108.49, 96
109.16, 96
109.31, 96
109.31, 96
109.31, 96
109.31, 96
109.31, 96
109.90, 96
109.91, 96
109.91, 96
109.91, 96
109.91, 96
110.33, 96
110.34, 96
111.74, 96
111.74, 96
112.50, 96
112.50, 96
112.74, 96
113.01, 96
114.53, 96
115.35, 96
115.35, 96
115.35, 96
115.35, 96
115.35, 96
115.35, 96
116.79, 96
116.80, 96
116.80, 96
117.07, 96
117.07, 96
117.07, 96
117.07, 96
117.20, 96
117.45, 96
117.45, 96
117.45, 96
117.45, 96
117.45, 96
117.45, 96
118.05, 96
118.05, 96
119.68, 96
119.68, 96
119.68, 96
121.11, 96
121.38, 96
121.60, 96
122.00, 96
122.00, 96
122.00, 96
122.14, 96
122.14, 96
122.14, 96
122.14, 96
122.17, 96
122.17, 96
122.67, 96
122.91, 96
123.24, 96
123.27, 96
123.27, 96
123.86, 96
124.11, 96
124.75, 96
125.06, 96
125.41, 96
125.47, 96
125.47, 96
125.47, 96
125.47, 96
125.87, 96
126.20, 96
126.22, 96
126.22, 96
126.22, 96
126.22, 96
126.23, 96
126.52, 96
126.52, 96
126.55, 96
126.61, 96
126.61, 96
126.62, 96
127.01, 96
127.44, 96
127.44, 96
127.74, 96
128.47, 96
128.48, 96
129.26, 96
129.38, 96
129.38, 96
129.51, 96
129.66, 96
129.67, 96
129.67, 96
130.55, 96
130.78, 96
131.42, 96
131.42, 96
131.65, 96
132.37, 96
132.37, 96
132.44, 96
132.87, 96
133.03, 96
133.03, 96
133.40, 96
133.40, 96
134.04, 96
134.04, 96
134.59, 96
135.06, 96
135.06, 96
135.06, 96
135.06, 96
136.42, 96
136.42, 96
136.88, 96
137.35, 96
137.86, 96
137.90, 96
137.90, 96
137.99, 96
138.12, 96
138.85, 96
139.57, 96
140.03, 96
140.03, 96
140.29, 96
141.12, 96
142.14, 96
142.14, 96
143.11, 96
143.41, 96
143.59, 96
143.96, 96
144.48, 96
144.48, 96
144.93, 96
145.38, 96
145.38, 96
145.46, 96
146.53, 96
146.65, 96
146.65, 96
147.26, 96
147.57, 96
147.57, 96
147.58, 96
147.69, 96
147.70, 96
147.80, 96
147.84, 96
147.84, 96
147.84, 96
148.30, 96
148.31, 96
149.01, 96
149.01, 96
149.20, 96
149.20, 96
149.21, 96
149.21, 96
149.85, 96
149.86, 96
149.86, 96
149.90, 96
149.94, 96
150.64, 96
150.64, 96
150.64, 96
150.64, 96
150.64, 96
150.66, 96
150.77, 96
150.77, 96
150.78, 96
150.78, 96
150.92, 96
151.45, 96
152.36, 96
152.36, 96
152.94, 96
152.94, 96
153.35, 96
153.35, 96
153.35, 96
153.39, 96
153.40, 96
153.40, 96
153.58, 96
153.84, 96
153.94, 96
154.59, 96
154.59, 96
154.68, 96
155.11, 96
155.23, 96
155.41, 96
156.08, 96
156.57, 96
156.86, 96
157.78, 96
157.85, 96
157.85, 96
158.17, 96
158.18, 96
158.18, 96
158.26, 96
158.38, 96
158.38, 96
158.52, 96
158.68, 96
158.69, 96
158.69, 96
158.70, 96
159.69, 96
159.69, 96
159.69, 96
159.73, 96
159.74, 96
159.74, 96
159.74, 96
161.41, 96
161.48, 96
161.48, 96
161.78, 96
162.91, 96
163.08, 96
163.30, 96
164.68, 96
164.93, 96
165.06, 96
165.74, 96
165.78, 96
165.78, 96
165.86, 96
166.95, 96
166.95, 96
167.20, 96
167.33, 96
168.32, 96
168.68, 96
168.68, 96
169.00, 96
169.36, 96
170.06, 96
170.06, 96
170.06, 96
170.07, 96
170.49, 96
170.49, 96
170.49, 96
170.49, 96
170.98, 96
171.40, 96
171.42, 96
171.42, 96
172.43, 96
172.60, 96
172.80, 96
173.07, 96
173.07, 96
173.08, 96
173.56, 96
173.56, 96
173.56, 96
174.13, 96
174.34, 96
174.34, 96
174.75, 96
175.01, 96
176.57, 96
176.61, 96
176.62, 96
176.87, 96
177.15, 96
177.78, 96
178.54, 96
178.54, 96
178.55, 96
178.55, 96
178.59, 96
178.59, 96
178.98, 96
179.59, 96
179.87, 96
180.58, 96
180.58, 96
181.10, 96
181.14, 96
181.76, 96
182.19, 96
182.20, 96
182.48, 96
182.48, 96
182.48, 96
182.98, 96
182.98, 96
183.09, 96
183.36, 96
183.80, 96
183.80, 96
183.80, 96
183.80, 96
183.84, 96
184.17, 96
184.40, 96
184.41, 96
184.57, 96
185.11, 96
185.11, 96
185.12, 96
185.12, 96
185.12, 96
185.67, 96
185.67, 96
185.78, 96
185.88, 96
185.89, 96
186.42, 96
186.42, 96
186.56, 96
186.56, 96
186.57, 96
186.57, 96
186.57, 96
186.89, 96
187.24, 96
187.24, 96
187.24, 96
187.24, 96
187.28, 96
187.53, 96
187.76, 96
188.27, 96
188.47, 96
188.66, 96
188.66, 96
188.81, 96
188.81, 96
188.82, 96
188.97, 96
188.97, 96
188.97, 96
189.03, 96
189.04, 96
189.22, 96
189.81, 96
189.81, 96
189.82, 96
189.82, 96
190.01, 96
190.01, 96
192.38, 96
192.38, 96
192.57, 96
193.44, 96
193.44, 96
193.45, 96
193.68, 96
193.68, 96
193.77, 96
193.79, 96
193.98, 96
193.98, 96
193.98, 96
193.98, 96
194.11, 96
194.11, 96
194.30, 96
195.00, 96
195.00, 96
195.85, 96
195.85, 96
196.37, 96
197.25, 96
197.45, 96
197.63, 96
197.63, 96
198.00, 96
198.00, 96
198.00, 96
198.02, 96
198.02, 96
198.02, 96
198.66, 96
198.66, 96
199.09, 96
200.31, 96
200.38, 96
200.38, 96
200.38, 96
200.38, 96
201.51, 96
202.00, 96
202.44, 96
202.44, 96
202.54, 96
202.54, 96
202.54, 96
203.51, 96
205.52, 96
205.52, 96
205.52, 96
205.53, 96
205.77, 96
205.77, 96
206.38, 96
206.72, 96
206.93, 96
207.13, 96
208.77, 96
208.78, 96
209.66, 96
210.04, 96
210.04, 96
210.04, 96
210.04, 96
210.18, 96
210.19, 96
210.53, 96
210.53, 96
210.53, 96
210.53, 96
210.53, 96
210.59, 96
210.59, 96
210.59, 96
210.80, 96
210.81, 96
210.81, 96
211.08, 96
211.64, 96
211.64, 96
212.34, 96
212.34, 96
212.34, 96
212.34, 96
212.41, 96
212.42, 96
212.42, 96
212.51, 96
212.51, 96
212.51, 96
212.52, 96
212.52, 96
212.93, 96
212.93, 96
212.93, 96
213.07, 96
213.07, 96
213.67, 96
213.86, 96
213.86, 96
213.86, 96
213.86, 96
214.10, 96
214.10, 96
214.10, 96
214.10, 96
215.55, 96
215.75, 96
215.75, 96
215.78, 96
215.78, 96
216.14, 96
216.78, 96
216.78, 96
216.79, 96
216.79, 96
216.79, 96
216.87, 96
216.87, 96
216.93, 96
217.16, 96
217.16, 96
217.37, 96
217.37, 96
217.37, 96
217.72, 96
218.14, 96
218.14, 96
218.29, 96
218.35, 96
218.38, 96
218.39, 96
218.39, 96
218.46, 96
218.46, 96
218.75, 96
218.75, 96
219.43, 96
219.43, 96
219.50, 96
220.06, 96
220.54, 96
220.58, 96
221.02, 96
221.03, 96
221.06, 96
221.97, 96
222.45, 96
222.72, 96
223.05, 96
223.25, 96
223.25, 96
224.56, 96
225.41, 96
225.75, 96
225.80, 96
225.80, 96
225.81, 96
225.98, 96
225.98, 96
226.32, 96
227.12, 96
227.41, 96
227.41, 96
227.92, 96
228.96, 96
228.96, 96
229.48, 96
229.48, 96
229.48, 96
229.54, 96
229.58, 96
229.88, 96
230.50, 96
231.09, 96
231.72, 96
232.18, 96
232.18, 96
232.22, 96
232.22, 96
232.75, 96
232.78, 96
232.78, 96
232.81, 96
233.11, 96
233.12, 96
233.23, 96
234.98, 96
235.18, 96
235.37, 96
235.59, 96
236.75, 96
236.75, 96
236.75, 96
237.67, 96
237.67, 96
237.67, 96
237.67, 96
237.69, 96
238.38, 96
238.51, 96
238.53, 96
240.73, 96
240.73, 96
240.91, 96
240.91, 96
241.07, 96
241.10, 96
241.65, 96
242.26, 96
242.26, 96
242.26, 96
243.55, 96
243.59, 96
243.59, 96
244.62, 96
244.62, 96
244.67, 96
244.87, 96
244.88, 96
245.38, 96
245.38, 96
245.38, 96
245.49, 96
245.77, 96
245.77, 96
247.07, 96
247.07, 96
247.12, 96
247.56, 96
247.82, 96
247.82, 96
247.88, 96
247.88, 96
248.34, 96
248.35, 96
248.35, 96
248.35, 96
248.35, 96
248.35, 96
248.48, 96
248.72, 96
249.36, 96
249.66, 96
249.66, 96
250.06, 96
250.37, 96
250.40, 96
250.69, 96
250.69, 96
250.76, 96
251.05, 96
251.73, 96
252.01, 96
252.02, 96
252.02, 96
252.54, 96
252.87, 96
253.05, 96
253.34, 96
253.35, 96
253.35, 96
253.35, 96
253.59, 96
253.69, 96
253.76, 96
253.76, 96
253.76, 96
254.11, 96
254.11, 96
254.11, 96
254.12, 96
254.12, 96
254.37, 96
254.37, 96
255.22, 96
255.22, 96
255.54, 96
255.57, 96
255.57, 96
255.65, 96
255.65, 96
255.71, 96
255.89, 96
256.83, 96
257.01, 96
257.53, 96
257.76, 96
258.00, 96
259.31, 96
259.31, 96
259.31, 96
259.32, 96
260.18, 96
260.18, 96
260.54, 96
260.67, 96
260.84, 96
261.50, 96
261.50, 96
261.50, 96
262.02, 96
263.32, 96
264.32, 96
264.53, 96
264.85, 96
264.85, 96
264.85, 96
265.07, 96
265.79, 96
265.86, 96
266.19, 96
266.56, 96
268.47, 96
268.95, 96
268.96, 96
268.96, 96
268.96, 96
268.96, 96
268.96, 96
268.96, 96
269.04, 96
269.10, 96
269.10, 96
269.10, 96
269.40, 96
269.45, 96
270.71, 96
270.71, 96
270.76, 96
270.76, 96
270.88, 96
271.22, 96
272.81, 96
273.10, 96
273.10, 96
273.46, 96
273.67, 96
273.95, 96
273.97, 96
273.97, 96
274.16, 96
274.30, 96
274.33, 96
274.34, 96
274.81, 96
274.81, 96
275.29, 96
275.77, 96
275.77, 96
275.81, 96
275.86, 96
275.87, 96
275.87, 96
275.87, 96
276.66, 96
276.66, 96
277.20, 96
277.20, 96
277.30, 96
278.39, 96
278.45, 96
278.46, 96
278.52, 96
279.01, 96
279.01, 96
279.27, 96
279.27, 96
279.27, 96
279.27, 96
280.00, 96
280.00, 96
280.00, 96
280.00, 96
280.00, 96
280.03, 96
280.03, 96
280.03, 96
281.26, 96
281.27, 96
281.55, 96
281.55, 96
282.67, 96
282.67, 96
282.67, 96
282.96, 96
283.76, 96
284.16, 96
284.16, 96
284.16, 96
284.93, 96
285.68, 96
285.72, 96
285.73, 96
286.03, 96
286.82, 96
286.82, 96
286.91, 96
287.51, 96
288.11, 96
288.24, 96
288.55, 96
289.31, 96
289.45, 96
290.06, 96
290.06, 96
290.06, 96
290.70, 96
290.79, 96
291.32, 96
291.32, 96
294.04, 96
294.43, 96
294.43, 96
294.43, 96
296.03, 96
296.03, 96
296.50, 96
297.37, 96
297.37, 96
297.68, 96
297.74, 96
297.75, 96
299.61, 96
300.64, 96
301.27, 96
301.57, 96
302.12, 96
302.55, 96
302.79, 96
302.80, 96
302.80, 96
302.80, 96
303.18, 96
303.51, 96
304.72, 96
305.78, 96
305.79, 96
305.79, 96
306.07, 96
306.76, 96
309.05, 96
309.20, 96
309.20, 96
310.21, 96
310.22, 96
310.22, 96
310.23, 96
310.23, 96
310.44, 96
310.44, 96
310.69, 96
310.69, 96
310.93, 96
311.77, 96
312.11, 96
313.88, 96
313.96, 96
315.20, 96
315.20, 96
315.20, 96
315.21, 96
315.38, 96
315.39, 96
315.46, 96
315.46, 96
315.46, 96
315.73, 96
316.37, 96
317.49, 96
317.60, 96
317.92, 96
319.01, 96
319.66, 96
320.09, 96
320.09, 96
320.19, 96
320.63, 96
321.10, 96
321.85, 96
322.84, 96
322.88, 96
322.88, 96
323.69, 96
323.77, 96
323.77, 96
324.29, 96
324.29, 96
324.29, 96
324.29, 96
324.29, 96
324.29, 96
324.29, 96
326.03, 96
326.03, 96
326.06, 96
326.48, 96
326.88, 96
326.88, 96
327.17, 96
327.17, 96
327.17, 96
327.17, 96
327.40, 96
327.97, 96
328.54, 96
328.61, 96
328.61, 96
328.61, 96
328.63, 96
328.63, 96
328.63, 96
329.89, 96
330.22, 96
330.22, 96
331.48, 96
332.34, 96
333.08, 96
333.08, 96
333.08, 96
333.19, 96
333.19, 96
333.68, 96
334.48, 96
334.48, 96
334.48, 96
334.48, 96
334.48, 96
334.75, 96
334.94, 96
335.42, 96
335.49, 96
335.52, 96
335.90, 96
336.64, 96
336.64, 96
337.06, 96
337.19, 96
338.31, 96
338.31, 96
338.75, 96
339.35, 96
339.95, 96
339.95, 96
340.00, 96
340.00, 96
340.37, 96
340.98, 96
340.98, 96
340.98, 96
341.34, 96
341.45, 96
341.45, 96
341.46, 96
342.60, 96
342.60, 96
342.60, 96
342.78, 96
342.88, 96
342.88, 96
342.88, 96
342.89, 96
342.89, 96
342.90, 96
342.90, 96
342.90, 96
342.90, 96
342.90, 96
343.75, 96
343.82, 96
344.03, 96
344.03, 96
344.23, 96
344.30, 96
345.15, 96
345.96, 96
346.00, 96
346.00, 96
346.32, 96
346.32, 96
347.73, 96
347.79, 96
347.80, 96
348.05, 96
348.49, 96
349.15, 96
349.68, 96
350.49, 96
352.54, 96
352.98, 96
354.78, 96
355.41, 96
356.47, 96
357.17, 96
357.17, 96
357.35, 96
357.62, 96
357.73, 96
358.72, 96
358.72, 96
358.72, 96
358.78, 96
359.15, 96
359.15, 96
359.28, 96
359.48, 96
360.11, 96
360.86, 96
360.86, 96
361.66, 96
362.12, 96
362.40, 96
362.40, 96
362.41, 96
362.41, 96
362.46, 96
362.46, 96
362.46, 96
362.46, 96
362.47, 96
362.47, 96
362.47, 96
363.09, 96
363.17, 96
363.25, 96
363.75, 96
363.75, 96
364.24, 96
364.24, 96
364.24, 96
365.21, 96
366.11, 96
366.11, 96
366.22, 96
366.22, 96
366.23, 96
367.22, 96
367.49, 96
367.76, 96
367.76, 96
368.40, 96
368.40, 96
368.40, 96
368.40, 96
368.59, 96
369.12, 96
369.12, 96
369.12, 96
369.44, 96
369.45, 96
369.46, 96
369.46, 96
369.57, 96
369.57, 96
369.57, 96
370.45, 96
371.31, 96
371.31, 96
371.95, 96
372.35, 96
372.35, 96
372.35, 96
372.35, 96
373.17, 96
373.17, 96
373.43, 96
373.92, 96
373.92, 96
373.92, 96
374.56, 96
374.56, 96
375.39, 96
375.40, 96
375.40, 96
375.40, 96
376.93, 96
377.17, 96
377.17, 96
378.12, 96
379.37, 96
379.63, 96
379.63, 96
379.63, 96
380.06, 96
380.69, 96
380.83, 96
381.15, 96
381.28, 96
381.28, 96
381.36, 96
381.56, 96
381.56, 96
381.78, 96
381.78, 96
382.38, 96
382.38, 96
382.54, 96
382.54, 96
382.64, 96
382.87, 96
383.27, 96
383.37, 96
383.37, 96
383.37, 96
383.37, 96
383.43, 96
383.64, 96
383.64, 96
384.00, 96
384.30, 96
386.20, 96
386.20, 96
386.28, 96
386.57, 96
386.57, 96
386.85, 96
387.10, 96
387.42, 96
387.54, 96
387.57, 96
388.38, 96
388.65, 96
388.65, 96
388.73, 96
388.73, 96
389.44, 96
389.63, 96
389.63, 96
389.64, 96
389.64, 96
389.64, 96
389.64, 96
389.67, 96
389.74, 96
389.92, 96
390.54, 96
390.77, 96
390.78, 96
390.78, 96
390.78, 96
390.78, 96
390.78, 96
390.79, 96
393.79, 96
393.80, 96
393.80, 96
393.80, 96
393.80, 96
394.01, 96
394.01, 96
394.01, 96
394.04, 96
394.04, 96
394.42, 96
394.82, 96
394.82, 96
395.02, 96
395.02, 96
395.02, 96
395.15, 96
395.28, 96
395.28, 96
395.29, 96
395.90, 96
397.77, 96
397.84, 96
398.35, 96
398.35, 96
399.04, 96
400.32, 96
400.54, 96
400.66, 96
401.27, 96
401.33, 96
401.33, 96
401.48, 96
401.48, 96
402.32, 96
402.32, 96
402.32, 96
403.22, 96
403.22, 96
404.29, 96
404.30, 96
404.31, 96
404.31, 96
404.31, 96
404.51, 96
404.51, 96
404.81, 96
405.01, 96
405.01, 96
405.02, 96
407.43, 96
408.07, 96
408.07, 96
408.07, 96
408.07, 96
408.07, 96
408.37, 96
408.37, 96
408.41, 96
408.53, 96
408.71, 96
409.05, 96
409.05, 96
409.05, 96
409.42, 96
409.83, 96
411.04, 96
411.04, 96
412.13, 96
413.04, 96
413.33, 96
413.97, 96
413.97, 96
414.32, 96
415.56, 96
415.56, 96
415.56, 96
415.62, 96
415.62, 96
415.62, 96
415.63, 96
415.63, 96
415.63, 96
415.63, 96
415.64, 96
415.64, 96
415.64, 96
415.90, 96
415.92, 96
415.92, 96
416.28, 96
416.74, 96
416.98, 96
417.29, 96
417.54, 96
417.55, 96
417.62, 96
418.25, 96
419.99, 96
420.19, 96
420.82, 96
420.82, 96
420.82, 96
420.82, 96
421.62, 96
421.62, 96
421.62, 96
421.62, 96
422.57, 96
422.57, 96
422.57, 96
422.62, 96
422.62, 96
422.62, 96
422.62, 96
422.65, 96
422.65, 96
422.81, 96
422.93, 96
422.93, 96
422.93, 96
423.06, 96
423.21, 96
424.12, 96
424.69, 96
424.98, 96
425.60, 96
425.60, 96
425.76, 96
425.84, 96
425.84, 96
426.93, 96
427.01, 96
427.01, 96
427.71, 96
429.22, 96
429.99, 96
429.99, 96
430.07, 96
430.89, 96
430.89, 96
430.89, 96
431.56, 96
431.56, 96
431.73, 96
431.74, 96
431.88, 96
431.88, 96
432.42, 96
432.42, 96
432.42, 96
432.42, 96
432.42, 96
432.44, 96
432.44, 96
432.79, 96
432.79, 96
433.35, 96
434.47, 96
434.93, 96
435.54, 96
435.66, 96
435.66, 96
436.31, 96
436.48, 96
436.48, 96
436.48, 96
436.48, 96
436.61, 96
436.61, 96
436.72, 96
436.74, 96
437.41, 96
437.42, 96
437.42, 96
437.47, 96
437.47, 96
437.59, 96
437.59, 96
438.45, 96
438.81, 96
439.23, 96
439.45, 96
439.96, 96
439.96, 96
440.04, 96
440.04, 96
440.05, 96
440.05, 96
440.28, 96
440.89, 96
442.31, 96
442.53, 96
442.53, 96
442.53, 96
442.74, 96
444.19, 96
444.67, 96
444.73, 96
444.73, 96
444.73, 96
444.75, 96
444.92, 96
445.06, 96
445.06, 96
445.21, 96
445.31, 96
445.70, 96
445.82, 96
445.82, 96
445.82, 96
445.82, 96
445.82, 96
445.82, 96
445.93, 96
446.24, 96
446.24, 96
446.24, 96
447.07, 96
447.75, 96
447.80, 96
447.87, 96
448.63, 96
449.39, 96
449.42, 96
449.80, 96
449.84, 96
449.84, 96
450.04, 96
450.04, 96
450.69, 96
450.87, 96
451.15, 96
452.31, 96
452.35, 96
452.42, 96
452.42, 96
452.87, 96
453.35, 96
453.36, 96
453.86, 96
453.86, 96
453.86, 96
453.86, 96
453.86, 96
453.86, 96
453.86, 96
453.86, 96
453.86, 96
454.10, 96
454.22, 96
454.35, 96
454.35, 96
455.11, 96
456.05, 96
456.05, 96
456.06, 96
456.06, 96
456.24, 96
456.79, 96
456.97, 96
456.97, 96
457.18, 96
457.18, 96
457.56, 96
458.45, 96
458.77, 96
458.77, 96
459.07, 96
459.07, 96
459.56, 96
459.56, 96
459.56, 96
459.56, 96
459.70, 96
459.70, 96
459.70, 96
459.70, 96
459.80, 96
460.03, 96
460.03, 96
460.03, 96
460.03, 96
460.92, 96
461.06, 96
461.06, 96
461.62, 96
461.62, 96
461.75, 96
461.75, 96
461.75, 96
461.75, 96
461.75, 96
463.39, 96
463.39, 96
463.43, 96
463.82, 96
463.82, 96
464.23, 96
464.23, 96
464.59, 96
464.95, 96
465.98, 96
466.74, 96
466.74, 96
468.14, 96
468.14, 96
468.34, 96
468.34, 96
468.57, 96
468.80, 96
468.80, 96
469.25, 96
469.34, 96
469.34, 96
469.34, 96
469.34, 96
469.53, 96
469.69, 96
470.19, 96
470.20, 96
470.20, 96
470.20, 96
470.40, 96
470.59, 96
470.93, 96
470.93, 96
471.76, 96
472.17, 96
473.08, 96
473.23, 96
473.23, 96
473.88, 96
474.04, 96
474.04, 96
474.04, 96
474.28, 96
475.14, 96
475.14, 96
475.14, 96
475.14, 96
475.14, 96
476.22, 96
476.64, 96
476.89, 96
476.90, 96
476.92, 96
478.23, 96
478.23, 96
478.23, 96
478.28, 96
480.29, 96
480.29, 96
480.29, 96
480.45, 96
481.00, 96
481.00, 96
481.00, 96
481.07, 96
481.44, 96
481.44, 96
481.44, 96
481.55, 96
481.58, 96
481.72, 96
482.16, 96
482.40, 96
482.40, 96
482.79, 96
483.40, 96
483.61, 96
483.85, 96
483.89, 96
484.52, 96
484.65, 96
484.65, 96
484.65, 96
484.85, 96
485.92, 96
485.92, 96
486.62, 96
486.62, 96
486.62, 96
486.62, 96
486.62, 96
486.62, 96
487.49, 96
488.16, 96
488.16, 96
489.53, 96
489.53, 96
489.53, 96
489.68, 96
489.80, 96
490.20, 96
491.77, 96
491.79, 96
492.31, 96
492.39, 96
493.01, 96
493.01, 96
493.50, 96
494.93, 96
494.93, 96
494.98, 96
495.10, 96
495.10, 96
495.10, 96
495.10, 96
495.10, 96
495.21, 96
495.34, 96
495.59, 96
495.66, 96
496.37, 96
496.39, 96
497.02, 96
497.32, 96
497.41, 96
497.41, 96
497.58, 96
498.12, 96
498.34, 96
498.54, 96
498.73, 96
498.73, 96
499.61, 96
499.61, 96
499.61, 96
499.61, 96
499.82, 96
500.12, 96
500.12, 96
500.72, 96
500.72, 96
501.06, 96
501.06, 96
502.25, 96
502.25, 96
502.70, 96
503.47, 96
503.48, 96
504.19, 96
504.19, 96
504.55, 96
504.57, 96
504.57, 96
504.62, 96
504.73, 96
506.23, 96
506.23, 96
506.23, 96
506.70, 96
507.10, 96
507.27, 96
507.31, 96
507.34, 96
507.34, 96
507.66, 96
507.75, 96
507.95, 96
508.46, 96
508.63, 96
508.63, 96
509.01, 96
509.26, 96
509.26, 96
509.31, 96
510.68, 96
510.68, 96
510.68, 96
510.83, 96
510.83, 96
511.61, 96
511.90, 96
512.00, 96
512.01, 96
513.20, 96
513.30, 96
513.58, 96
515.35, 96
515.95, 96
516.19, 96
516.19, 96
516.19, 96
516.27, 96
516.27, 96
516.53, 96
516.53, 96
516.53, 96
516.53, 96
516.55, 96
516.55, 96
516.82, 96
516.83, 96
516.95, 96
517.49, 96
518.35, 96
518.39, 96
518.43, 96
518.43, 96
518.93, 96
519.28, 96
519.28, 96
519.69, 96
519.69, 96
519.71, 96
521.60, 96
521.60, 96
521.60, 96
522.46, 96
522.77, 96
523.22, 96
523.40, 96
523.63, 96
523.63, 96
523.79, 96
523.97, 96
524.20, 96
524.20, 96
524.65, 96
524.65, 96
524.65, 96
524.77, 96
524.77, 96
525.12, 96
525.31, 96
525.35, 96
525.35, 96
525.57, 96
525.63, 96
525.67, 96
525.67, 96
525.67, 96
525.67, 96
525.68, 96
525.68, 96
526.25, 96
526.83, 96
526.83, 96
526.91, 96
526.91, 96
526.91, 96
527.23, 96
527.73, 96
528.66, 96
530.67, 96
530.76, 96
531.25, 96
531.83, 96
531.93, 96
535.17, 96
535.17, 96
535.42, 96
536.54, 96
536.54, 96
536.62, 96
537.00, 96
537.15, 96
537.45, 96
537.45, 96
537.45, 96
537.45, 96
538.05, 96
538.50, 96
538.50, 96
538.50, 96
538.77, 96
538.77, 96
538.89, 96
538.89, 96
538.89, 96
539.12, 96
540.03, 96
540.19, 96
540.19, 96
540.56, 96
540.56, 96
541.23, 96
541.23, 96
541.45, 96
541.53, 96
541.54, 96
542.27, 96
542.36, 96
542.37, 96
542.68, 96
542.68, 96
542.68, 96
542.68, 96
542.80, 96
542.83, 96
543.15, 96
543.23, 96
543.23, 96
543.23, 96
543.23, 96
543.27, 96
543.27, 96
543.28, 96
543.28, 96
543.76, 96
543.99, 96
544.08, 96
544.09, 96
544.17, 96
544.76, 96
544.94, 96
544.94, 96
544.95, 96
545.36, 96
545.36, 96
545.59, 96
545.59, 96
545.69, 96
545.69, 96
545.71, 96
545.71, 96
545.77, 96
545.77, 96
545.77, 96
546.12, 96
546.29, 96
547.28, 96
547.61, 96
548.14, 96
548.14, 96
548.19, 96
548.19, 96
548.43, 96
548.43, 96
548.43, 96
548.47, 96
550.16, 96
550.37, 96
550.47, 96
550.53, 96
550.67, 96
551.86, 96
553.10, 96
554.25, 96
554.25, 96
554.88, 96
554.88, 96
554.88, 96
554.91, 96
554.91, 96
554.95, 96
555.02, 96
555.02, 96
555.60, 96
555.81, 96
555.81, 96
555.81, 96
556.26, 96
556.26, 96
557.25, 96
557.25, 96
557.25, 96
557.26, 96
557.32, 96
557.52, 96
557.52, 96
557.58, 96
558.12, 96
558.12, 96
558.12, 96
558.12, 96
558.28, 96
559.53, 96
559.59, 96
560.39, 96
560.83, 96
561.10, 96
561.39, 96
561.75, 96
561.75, 96
561.82, 96
561.82, 96
561.82, 96
562.88, 96
562.98, 96
563.44, 96
563.52, 96
563.53, 96
563.90, 96
563.90, 96
564.06, 96
564.40, 96
564.63, 96
564.63, 96
565.37, 96
565.37, 96
565.41, 96
565.50, 96
565.50, 96
565.73, 96
566.70, 96
566.74, 96
566.74, 96
566.74, 96
567.40, 96
568.69, 96
569.44, 96
570.07, 96
570.60, 96
570.60, 96
570.83, 96
570.89, 96
570.89, 96
571.53, 96
571.53, 96
572.00, 96
572.50, 96
572.70, 96
572.71, 96
574.40, 96
575.22, 96
575.35, 96
576.01, 96
576.20, 96
577.10, 96
577.10, 96
577.27, 96
577.27, 96
577.29, 96
577.29, 96
578.17, 96
578.17, 96
578.39, 96
578.85, 96
578.86, 96
578.86, 96
579.28, 96
579.29, 96
579.38, 96
580.34, 96
580.34, 96
580.50, 96
580.96, 96
582.64, 96
582.83, 96
582.83, 96
582.96, 96
583.06, 96
583.06, 96
583.14, 96
583.14, 96
583.14, 96
583.30, 96
583.97, 96
584.31, 96
584.31, 96
585.08, 96
585.08, 96
585.21, 96
585.61, 96
585.61, 96
585.61, 96
585.61, 96
586.03, 96
586.03, 96
586.22, 96
586.23, 96
588.43, 96
589.18, 96
589.18, 96
589.18, 96
589.18, 96
590.31, 96
590.31, 96
590.35, 96
590.35, 96
590.36, 96
590.37, 96
590.37, 96
590.37, 96
590.43, 96
590.75, 96
592.05, 96
592.19, 96
592.19, 96
592.20, 96
592.74, 96
593.16, 96
593.16, 96
593.16, 96
593.16, 96
594.07, 96
594.07, 96
596.30, 96
596.31, 96
596.77, 96
596.91, 96
596.91, 96
597.07, 96
597.07, 96
597.19, 96
597.20, 96
597.34, 96
597.34, 96
597.34, 96
597.34, 96
597.34, 96
598.19, 96
598.19, 96
598.50, 96
598.50, 96
598.50, 96
598.50, 96
598.51, 96
598.51, 96
598.84, 96
598.84, 96
599.96, 96
