0.132834911346, 2
0.296121835709, 4
0.410243034363, 6
0.521687984467, 8
0.67275094986, 10
0.78938293457, 12
0.90681385994, 14
1.06268692017, 16
1.17966198921, 18
1.30286502838, 20
1.46177887917, 22
1.5802989006, 24
1.70652794838, 26
1.85537099838, 28
1.96711993217, 30
2.07276797295, 32
2.18560290337, 34
2.3166270256, 36
2.42792797089, 38
2.53248095512, 40
2.64925599098, 42
2.76115703583, 44
2.90349793434, 46
3.00607204437, 48
3.10831284523, 50
3.21601700783, 52
3.31736183167, 54
3.41589188576, 56
3.54602789879, 58
3.65919303894, 60
3.75056481361, 62
3.84770202637, 64
3.95567393303, 66
4.04905390739, 68
4.15311098099, 70
4.29890203476, 72
4.40353798866, 74
4.5023419857, 76
4.60624504089, 78
4.704818964, 80
4.80175495148, 82
4.90106081963, 84
5.00414800644, 86
5.1007668972, 88
5.20134401321, 90
5.29333686829, 92
5.42859601974, 94
5.52889490128, 96
5.62694191933, 98
5.72445082664, 100
5.82810091972, 102
5.93226885796, 104
6.02670502663, 106
6.12543082237, 108
6.2223379612, 110
6.32221198082, 112
6.41554999352, 114
6.51164102554, 116
6.60702395439, 118
6.70860695839, 120
6.79716897011, 122
6.8873770237, 124
6.97302389145, 126
7.02716302872, 128
7.11594796181, 130
7.20516991615, 132
7.29729986191, 134
7.38829994202, 136
7.47886300087, 138
7.57647204399, 140
7.67643499374, 142
7.77105498314, 144
7.86219787598, 146
7.95127892494, 148
8.04985189438, 150
8.14658594131, 152
8.24982094765, 154
8.34106087685, 156
8.43572688103, 158
8.53796291351, 160
8.64173102379, 162
8.72441983223, 164
8.81393194199, 166
8.90299701691, 168
8.99249100685, 170
9.0873939991, 172
9.17080783844, 174
9.25878691673, 176
9.34678602219, 178
9.43663287163, 180
9.4863319397, 182
9.56204390526, 184
9.6489648819, 186
9.72683000565, 188
9.80379796028, 190
9.88152289391, 192
9.966796875, 194
10.0524158478, 196
10.1351509094, 198
10.2212269306, 200
10.2965209484, 202
10.3842949867, 204
10.4744570255, 206
10.5619859695, 208
10.6185748577, 210
10.7008600235, 212
10.7810788155, 214
10.8669848442, 216
10.9577360153, 218
11.0473518372, 220
11.1334009171, 222
11.2088630199, 224
11.28439188, 226
11.3606858253, 228
11.4386498928, 230
11.5249869823, 232
11.576390028, 234
11.6557049751, 236
11.7368910313, 238
11.8168079853, 240
11.9088590145, 242
11.9941558838, 244
12.0733249187, 246
12.1486430168, 248
12.2245008945, 250
12.29941082, 252
12.3737289906, 254
12.458313942, 256
12.5142250061, 258
12.5947108269, 260
12.6750879288, 262
12.7617788315, 264
12.8473570347, 266
12.9348008633, 268
13.0150339603, 270
13.0898268223, 272
13.1641960144, 274
13.2383649349, 276
13.3142018318, 278
13.3601028919, 280
13.4390909672, 282
13.5221760273, 284
13.5988309383, 286
13.6787149906, 288
13.7595009804, 290
13.8445768356, 292
13.9243628979, 294
14.0031299591, 296
14.050896883, 298
14.1238558292, 300
14.1989388466, 302
14.2745029926, 304
14.3540809155, 306
14.4289150238, 308
14.5151879787, 310
14.6043720245, 312
14.6920039654, 314
14.7391879559, 316
14.8121349812, 318
14.8869988918, 320
14.9608030319, 322
15.0391058922, 324
15.1121358871, 326
15.1860058308, 328
15.2600739002, 330
15.3381500244, 332
15.3851869106, 334
15.4583158493, 336
15.5323548317, 338
15.6064839363, 340
15.6848978996, 342
15.7580509186, 344
15.8323719501, 346
15.905591011, 348
15.9826538563, 350
16.0298938751, 352
16.1074209213, 354
16.1873779297, 356
16.2612309456, 358
16.3391640186, 360
16.4129719734, 362
16.4874768257, 364
16.5628089905, 366
16.6393778324, 368
16.6863288879, 370
16.7613279819, 372
16.8353118896, 374
16.9134800434, 376
16.9929869175, 378
17.0774629116, 380
17.1593289375, 382
17.2435219288, 384
17.297492981, 386
17.3766448498, 388
17.4544868469, 390
17.5281839371, 392
17.6011059284, 394
17.6818518639, 396
17.7611339092, 398
17.8439350128, 400
17.8949990273, 402
17.9736738205, 404
18.0594308376, 406
18.1506738663, 408
18.2335569859, 410
18.3111448288, 412
18.3840830326, 414
18.460518837, 416
18.5067720413, 418
18.5785160065, 420
18.6526248455, 422
18.7301459312, 424
18.8027069569, 426
18.8752520084, 428
18.9500288963, 430
19.0295729637, 432
19.0751378536, 434
19.1559698582, 436
19.2405099869, 438
19.3244478703, 440
19.4034528732, 442
19.4833729267, 444
19.5689258575, 446
19.6230158806, 448
19.6976909637, 450
19.7709438801, 452
19.8442900181, 454
19.921754837, 456
19.9944558144, 458
20.0676758289, 460
20.1406269073, 462
20.1858639717, 464
20.2596240044, 466
20.332420826, 468
20.4044518471, 470
20.4806640148, 472
20.553164959, 474
20.6267318726, 476
20.7035629749, 478
20.750440836, 480
20.8259630203, 482
20.9032390118, 484
20.9907889366, 486
21.0652179718, 488
21.1432359219, 490
21.2284300327, 492
21.2776458263, 494
21.3529520035, 496
21.425508976, 498
21.5040919781, 500
21.5805568695, 502
21.6592929363, 504
21.7318899632, 506
21.778028965, 508
21.8572628498, 510
21.9366788864, 512
22.0207760334, 514
22.0930049419, 516
22.1657509804, 518
22.2462968826, 520
22.2926499844, 522
22.3658268452, 524
22.4369359016, 526
22.5195968151, 528
22.6066219807, 530
22.6851289272, 532
22.7682769299, 534
22.8163650036, 536
22.8885159492, 538
22.9596898556, 540
23.0376679897, 542
23.1094489098, 544
23.1816539764, 546
23.2539768219, 548
23.3001439571, 550
23.3727548122, 552
23.4444088936, 554
23.5179419518, 556
23.589594841, 558
23.6689219475, 560
23.754005909, 562
23.8010959625, 564
23.8811278343, 566
23.9664969444, 568
24.0507388115, 570
24.128921032, 572
24.2027468681, 574
24.2804448605, 576
24.3281459808, 578
24.4053769112, 580
24.4841308594, 582
24.568048954, 584
24.6445469856, 586
24.7222540379, 588
24.8052220345, 590
24.8569469452, 592
24.9352400303, 594
25.014302969, 596
25.0961699486, 598
25.1673648357, 600
25.2396118641, 602
25.3104548454, 604
25.3557548523, 606
25.4300169945, 608
25.5109279156, 610
25.5890569687, 612
25.6607630253, 614
25.732765913, 616
25.8079328537, 618
25.8550870419, 620
25.9261059761, 622
25.998456955, 624
26.0745010376, 626
26.1527140141, 628
26.2367258072, 630
26.2848308086, 632
26.3626298904, 634
26.4415199757, 636
26.5169219971, 638
26.5876238346, 640
26.65868783, 642
26.702960968, 644
26.7811980247, 646
26.8587779999, 648
26.9430298805, 650
27.0207238197, 652
27.0979268551, 654
27.1795220375, 656
27.2266499996, 658
27.2973489761, 660
27.3811738491, 662
27.4590158463, 664
27.5349228382, 666
27.6060979366, 668
27.651309967, 670
27.7268619537, 672
27.8045778275, 674
27.8838818073, 676
27.9548728466, 678
28.0299589634, 680
28.073666811, 682
28.1439490318, 684
28.2132940292, 686
28.2878608704, 688
28.3577008247, 690
28.4421508312, 692
28.4889428616, 694
28.5658838749, 696
28.6357588768, 698
28.7077548504, 700
28.7770190239, 702
28.846752882, 704
28.8927528858, 706
28.9658899307, 708
29.0355489254, 710
29.1035809517, 712
29.177489996, 714
29.2528419495, 716
29.2962768078, 718
29.3655869961, 720
29.4353189468, 722
29.5044658184, 724
29.5751748085, 726
29.6179859638, 728
29.6881458759, 730
29.7662010193, 732
29.83462286, 734
29.9038460255, 736
29.9479148388, 738
30.0170378685, 740
30.0860459805, 742
30.159154892, 744
30.2290918827, 746
30.3026750088, 748
30.3456118107, 750
30.4146058559, 752
30.4883248806, 754
30.5577278137, 756
30.6271448135, 758
30.6707758904, 760
30.7459988594, 762
30.8359818459, 764
30.9052639008, 766
30.973968029, 768
31.0166959763, 770
31.0837240219, 772
31.1518518925, 774
31.2234508991, 776
31.2919728756, 778
31.3647239208, 780
31.4079449177, 782
31.6405599117, 784
31.7551460266, 786
31.8353970051, 788
31.9066359997, 790
31.9563310146, 792
32.0274488926, 794
32.107405901, 796
32.188325882, 798
32.2665798664, 800
32.3130369186, 802
32.3872590065, 804
32.4587738514, 806
32.532738924, 808
32.6075088978, 810
32.6864140034, 812
32.7321360111, 814
32.8065488338, 816
32.8871059418, 818
32.9567680359, 820
33.0322208405, 822
33.0752878189, 824
33.1506009102, 826
33.2360908985, 828
33.317139864, 830
33.3889658451, 832
33.4330599308, 834
33.5002169609, 836
33.5828039646, 838
33.6565580368, 840
33.7345209122, 842
33.8127818108, 844
33.8583638668, 846
33.9276938438, 848
34.0013179779, 850
34.0696809292, 852
34.137955904, 854
34.1801748276, 856
34.2482428551, 858
34.3165829182, 860
34.3847138882, 862
34.4604959488, 864
34.5034079552, 866
34.5783619881, 868
34.6577618122, 870
34.7329180241, 872
34.8118548393, 874
34.8585948944, 876
34.932710886, 878
35.0121428967, 880
35.0797278881, 882
35.1525130272, 884
35.1948409081, 886
35.262264967, 888
35.335007906, 890
35.4088368416, 892
35.4833350182, 894
35.525457859, 896
35.5971598625, 898
35.6685190201, 900
35.7360608578, 902
35.80626297, 904
35.8485379219, 906
35.9151129723, 908
35.9818518162, 910
36.0493278503, 912
36.0910630226, 914
36.1578519344, 916
36.2283549309, 918
36.3049240112, 920
36.3782119751, 922
36.4260249138, 924
36.4925320148, 926
36.5619678497, 928
36.6291599274, 930
36.6980638504, 932
36.7401239872, 934
36.8089869022, 936
36.8893959522, 938
36.9583039284, 940
37.03469491, 942
37.0814409256, 944
37.1504559517, 946
37.2222099304, 948
37.2899568081, 950
37.3576338291, 952
37.4011769295, 954
37.4691150188, 956
37.5370919704, 958
37.6046550274, 960
37.6722810268, 962
37.7140238285, 964
37.781594038, 966
37.8494808674, 968
37.9233388901, 970
37.9970769882, 972
38.039801836, 974
38.1120479107, 976
38.189620018, 978
38.2573709488, 980
38.2980499268, 982
38.3638348579, 984
38.4317920208, 986
38.5063109398, 988
38.5782718658, 990
38.6203370094, 992
38.6867170334, 994
38.7580869198, 996
38.8303079605, 998
38.902132988, 1000
38.9435398579, 1002
39.0096318722, 1004
39.0747468472, 1006
39.1420519352, 1008
39.1828188896, 1010
39.2480900288, 1012
39.3193349838, 1014
39.3867619038, 1016
39.4336688519, 1018
39.5000779629, 1020
39.5670008659, 1022
39.6386549473, 1024
39.7131788731, 1026
39.7556018829, 1028
39.8243689537, 1030
39.891685009, 1032
39.9580199718, 1034
39.998762846, 1036
40.0643370152, 1038
40.133867979, 1040
40.2063260078, 1042
40.2467279434, 1044
40.3124928474, 1046
40.3832058907, 1048
40.4502558708, 1050
40.4898619652, 1052
40.555202961, 1054
40.6215128899, 1056
40.6862018108, 1058
40.7565169334, 1060
40.7965860367, 1062
40.8627698421, 1064
40.9346818924, 1066
41.0068149567, 1068
41.0506179333, 1070
41.1219258308, 1072
41.1954278946, 1074
41.2618470192, 1076
41.3010959625, 1078
41.3658659458, 1080
41.4421758652, 1082
41.5085699558, 1084
41.550055027, 1086
41.6148078442, 1088
41.6848490238, 1090
41.7551078796, 1092
41.7953338623, 1094
41.8664078712, 1096
41.943420887, 1098
42.0112550259, 1100
42.0506849289, 1102
42.1148059368, 1104
42.1853899956, 1106
42.2569079399, 1108
42.3027029037, 1110
42.3721129894, 1112
42.4421439171, 1114
42.5131158829, 1116
42.5557868481, 1118
42.6270699501, 1120
42.7077429295, 1122
42.7860529423, 1124
42.8290679455, 1126
42.9003448486, 1128
42.9686729908, 1130
43.0338280201, 1132
43.0729308128, 1134
43.1369829178, 1136
43.2021899223, 1138
43.2715480328, 1140
43.3103430271, 1142
43.3759980202, 1144
43.4408290386, 1146
43.479765892, 1148
43.5442910194, 1150
43.6105999947, 1152
43.686234951, 1154
43.7260949612, 1156
43.7941269875, 1158
43.8630058765, 1160
43.9283928871, 1162
43.9715130329, 1164
44.0373950005, 1166
44.1032738686, 1168
44.1705138683, 1170
44.2089748383, 1172
44.2748289108, 1174
44.3461639881, 1176
44.421859026, 1178
44.4621829987, 1180
44.5285890102, 1182
44.5924859047, 1184
44.6311500072, 1186
44.6940829754, 1188
44.7629468441, 1190
44.8290848732, 1192
44.8680708408, 1194
44.9319779873, 1196
44.9972169399, 1198
45.0359809399, 1200
45.1073048115, 1202
45.1824278831, 1204
45.2465598583, 1206
45.2842810154, 1208
45.3473799229, 1210
45.4105379581, 1212
45.4902348518, 1214
45.5348238945, 1216
45.6036248207, 1218
45.667498827, 1220
45.7055659294, 1222
45.7709829807, 1224
45.8403220177, 1226
45.9052789211, 1228
45.9438488483, 1230
46.0157790184, 1232
46.081964016, 1234
46.1199178696, 1236
46.1889350414, 1238
46.2661259174, 1240
46.336386919, 1242
46.3764560223, 1244
46.4480068684, 1246
46.5189180374, 1248
46.5945370197, 1250
46.6364939213, 1252
46.7072060108, 1254
46.7768959999, 1256
46.8162879944, 1258
46.8870308399, 1260
46.9586949348, 1262
47.0330748558, 1264
47.0835390091, 1266
47.1534059048, 1268
47.2240598202, 1270
47.2670218945, 1272
47.3372149467, 1274
47.4115288258, 1276
47.4768218994, 1278
47.5145759583, 1280
47.5781388283, 1282
47.6501908302, 1284
47.7237489223, 1286
47.7677688599, 1288
47.8478279114, 1290
47.9187068939, 1292
47.957036972, 1294
48.0195789337, 1296
48.084939003, 1298
48.1482799053, 1300
48.1862838268, 1302
48.2489750385, 1304
48.3118088245, 1306
48.3493778706, 1308
48.4109048843, 1310
48.4795498848, 1312
48.5490198135, 1314
48.5895829201, 1316
48.6619319916, 1318
48.7298099995, 1320
48.7981948853, 1322
48.8370959759, 1324
48.9007828236, 1326
48.9645318985, 1328
49.0016648769, 1330
49.0655369759, 1332
49.1285228729, 1334
49.2019000053, 1336
49.2390289307, 1338
49.3069489002, 1340
49.3755600452, 1342
49.4183218479, 1344
49.4888398647, 1346
49.559262991, 1348
49.5963509083, 1350
49.6596899033, 1352
49.726888895, 1354
49.7905199528, 1356
49.8279080391, 1358
49.8935248852, 1360
49.9616999626, 1362
50.0013518333, 1364
50.0655038357, 1366
50.1290369034, 1368
50.1983299255, 1370
50.2355058193, 1372
50.3007848263, 1374
50.3659620285, 1376
50.4030258656, 1378
50.4673218727, 1380
50.5324590206, 1382
50.5696868896, 1384
50.6313598156, 1386
50.6983969212, 1388
50.7623720169, 1390
50.7991068363, 1392
50.862653017, 1394
50.9287278652, 1396
50.9663739204, 1398
51.0375599861, 1400
51.1073629856, 1402
51.1846249104, 1404
51.2246909142, 1406
51.295003891, 1408
51.3660168648, 1410
51.4058508873, 1412
51.476295948, 1414
51.5462098122, 1416
51.5860028267, 1418
51.6568319798, 1420
51.7317569256, 1422
51.7962069511, 1424
51.8336858749, 1426
51.8959898949, 1428
51.9583480358, 1430
51.9994950294, 1432
52.0609459877, 1434
52.1249768734, 1436
52.2004458904, 1438
52.2387528419, 1440
52.3089079857, 1442
52.3802118301, 1444
52.4225599766, 1446
52.4870579243, 1448
52.5562319756, 1450
52.5927219391, 1452
52.6556138992, 1454
52.7232408524, 1456
52.786329031, 1458
52.8237428665, 1460
52.8899948597, 1462
52.9526770115, 1464
52.9891729355, 1466
53.0516209602, 1468
53.1134848595, 1470
53.1497449875, 1472
53.2123029232, 1474
53.27917099, 1476
53.3420379162, 1478
53.3781659603, 1480
53.4444899559, 1482
53.5110349655, 1484
53.5500679016, 1486
53.619841814, 1488
53.6892199516, 1490
53.7282998562, 1492
53.7879579067, 1494
53.8524949551, 1496
53.8959298134, 1498
53.9605009556, 1500
54.0271039009, 1502
54.1023819447, 1504
54.1465129852, 1506
54.2105278969, 1508
54.2745230198, 1510
54.3118259907, 1512
54.3742280006, 1514
54.4406678677, 1516
54.483191967, 1518
54.5451328754, 1520
54.6081638336, 1522
54.6472640038, 1524
54.7077360153, 1526
54.7704248428, 1528
54.8057289124, 1530
54.8680889606, 1532
54.9290559292, 1534
54.9645209312, 1536
55.0263249874, 1538
55.091780901, 1540
55.157269001, 1542
55.1931209564, 1544
55.256529808, 1546
55.3184168339, 1548
55.354626894, 1550
55.4168429375, 1552
55.4798598289, 1554
55.5220329762, 1556
55.5853059292, 1558
55.6483459473, 1560
55.6840269566, 1562
55.7471518517, 1564
55.8134558201, 1566
55.8559789658, 1568
55.9163570404, 1570
55.9777169228, 1572
56.0176839828, 1574
56.0843539238, 1576
56.1509478092, 1578
56.1880998611, 1580
56.2540538311, 1582
56.3155369759, 1584
56.3507869244, 1586
56.4109489918, 1588
56.4742488861, 1590
56.5091300011, 1592
56.5701179504, 1594
56.6307899952, 1596
56.6659309864, 1598
56.7261059284, 1600
56.7900998592, 1602
56.8262639046, 1604
56.8921279907, 1606
56.9571239948, 1608
56.9947919846, 1610
57.0664668083, 1612
57.1333129406, 1614
57.1785700321, 1616
57.2435488701, 1618
57.3040449619, 1620
57.3428528309, 1622
57.4067869186, 1624
57.4678938389, 1626
57.5063769817, 1628
57.5668399334, 1630
57.631937027, 1632
57.6657938957, 1634
57.726020813, 1636
57.787113905, 1638
57.8221669197, 1640
57.8819198608, 1642
57.9422209263, 1644
57.9776678085, 1646
58.0379269123, 1648
58.0981149673, 1650
58.1337900162, 1652
58.1937408447, 1654
58.254338026, 1656
58.2884979248, 1658
58.3483028412, 1660
58.4086380005, 1662
58.448390007, 1664
58.5115849972, 1666
58.5721929073, 1668
58.6063768864, 1670
58.6663529873, 1672
58.7267718315, 1674
58.7590548992, 1676
58.8223240376, 1678
58.8565788269, 1680
58.9160308838, 1682
58.9760868549, 1684
59.0103478432, 1686
59.0690310001, 1688
59.13169384, 1690
59.165555954, 1692
59.2245268822, 1694
59.2885830402, 1696
59.3229029179, 1698
59.3823368549, 1700
59.4436869621, 1702
59.4822850227, 1704
59.5427320004, 1706
59.6038258076, 1708
59.6363379955, 1710
59.6957018375, 1712
59.7296538353, 1714
59.7883298397, 1716
59.8484418392, 1718
59.8818199635, 1720
59.9407248497, 1722
60.0000288486, 1724
60.0338740349, 1726
60.0933358669, 1728
60.153470993, 1730
60.1869859695, 1732
60.2462999821, 1734
60.3063600063, 1736
60.3393638134, 1738
60.3987929821, 1740
60.464058876, 1742
60.4981799126, 1744
60.5640318394, 1746
60.6019439697, 1748
60.6647469997, 1750
60.7284448147, 1752
60.7633168697, 1754
60.8280529976, 1756
60.8891859055, 1758
60.9228959084, 1760
60.981607914, 1762
61.0150668621, 1764
61.0737299919, 1766
61.1329379082, 1768
61.1706008911, 1770
61.2310159206, 1772
61.2917919159, 1774
61.325316906, 1776
61.3910639286, 1778
61.4553518295, 1780
61.4908969402, 1782
61.5523810387, 1784
61.5858409405, 1786
61.6451499462, 1788
61.7042608261, 1790
61.7376270294, 1792
61.7962698936, 1794
61.8565900326, 1796
61.8894150257, 1798
61.9478390217, 1800
61.9809029102, 1802
62.0467250347, 1804
62.1170048714, 1806
62.1536109447, 1808
62.2180390358, 1810
62.2783269882, 1812
62.3109309673, 1814
62.3698909283, 1816
62.4295668602, 1818
62.4667048454, 1820
62.5257198811, 1822
62.5599398613, 1824
62.6200809479, 1826
62.6795678139, 1828
62.7123990059, 1830
62.7716839314, 1832
62.8318538666, 1834
62.8641450405, 1836
62.922385931, 1838
62.9553909302, 1840
63.014508009, 1842
63.0746369362, 1844
63.107446909, 1846
63.1660749912, 1848
63.225620985, 1850
63.2587969303, 1852
63.3173449039, 1854
63.3891730309, 1856
63.4270238876, 1858
63.4899368286, 1860
63.5277619362, 1862
63.5874679089, 1864
63.6468000412, 1866
63.6793658733, 1868
63.7384138107, 1870
63.7717189789, 1872
63.831485033, 1874
63.8908519745, 1876
63.9240128994, 1878
63.985904932, 1880
64.0512049198, 1882
64.0871460438, 1884
64.1476290226, 1886
64.1818318367, 1888
64.2401518822, 1890
64.3002319336, 1892
64.3333268166, 1894
64.3920419216, 1896
64.4264748096, 1898
64.4907329082, 1900
64.5486319065, 1902
64.5819938183, 1904
64.6439509392, 1906
64.7049489021, 1908
64.7376668453, 1910
64.8012208939, 1912
64.836014986, 1914
64.8934099674, 1916
64.9523768425, 1918
64.9854078293, 1920
65.0455520153, 1922
65.1063909531, 1924
65.1399018764, 1926
65.2028479576, 1928
65.2370100021, 1930
65.2945530415, 1932
65.353787899, 1934
65.3868339062, 1936
65.4456009865, 1938
65.4788138866, 1940
65.5386149883, 1942
65.6031470299, 1944
65.6376428604, 1946
65.7007379532, 1948
65.7606468201, 1950
65.7917888165, 1952
65.8513319492, 1954
65.8874788284, 1956
65.9493479729, 1958
66.010010004, 1960
66.0433068275, 1962
66.1017169952, 1964
66.1333129406, 1966
66.1910350323, 1968
66.2501358986, 1970
66.2821259499, 1972
66.3396279812, 1974
66.3966128826, 1976
66.4277908802, 1978
66.4833378792, 1980
66.5161619186, 1982
66.5746238232, 1984
66.6333899498, 1986
66.6650149822, 1988
66.7227888107, 1990
66.7542889118, 1992
66.8117129803, 1994
66.8732089996, 1996
66.9118688107, 1998
66.9744830132, 2000
67.0110080242, 2002
67.072234869, 2004
67.1347749233, 2006
67.1684930325, 2008
67.2302238941, 2010
67.2637639046, 2012
67.3193588257, 2014
67.3707618713, 2016
67.4015338421, 2018
67.464509964, 2020
67.4999380112, 2022
67.5641069412, 2024
67.6307559013, 2026
67.6641418934, 2028
67.7265949249, 2030
67.7612910271, 2032
67.8251328468, 2034
67.8849298954, 2036
67.9166200161, 2038
67.9741740227, 2040
68.0073750019, 2042
68.0606119633, 2044
68.1158218384, 2046
68.1459958553, 2048
68.2021818161, 2050
68.2338719368, 2052
68.2907738686, 2054
68.3482549191, 2056
68.3801698685, 2058
68.4431848526, 2060
68.4756569862, 2062
68.5404858589, 2064
68.6035318375, 2066
68.6367518902, 2068
68.6973569393, 2070
68.7312459946, 2072
68.7925729752, 2074
68.8514020443, 2076
68.880656004, 2078
68.9311778545, 2080
68.9615008831, 2082
69.0151720047, 2084
69.0702238083, 2086
69.1001079082, 2088
69.1551668644, 2090
69.2159450054, 2092
69.2455859184, 2094
69.3003070354, 2096
69.3302378654, 2098
69.3850479126, 2100
69.4393570423, 2102
69.468818903, 2104
69.5275759697, 2106
69.5586409569, 2108
69.6128239632, 2110
69.673719883, 2112
69.7061448097, 2114
69.7619748116, 2116
69.7915439606, 2118
69.8451328278, 2120
69.8779819012, 2122
69.9384219646, 2124
69.9991118908, 2126
70.0293228626, 2128
70.089206934, 2130
70.1202099323, 2132
70.1773729324, 2134
70.2357759476, 2136
70.2672150135, 2138
70.3240089417, 2140
70.3539118767, 2142
70.4077079296, 2144
70.4383308887, 2146
70.4918348789, 2148
70.547672987, 2150
70.5771698952, 2152
70.6321530342, 2154
70.6625688076, 2156
70.7161998749, 2158
70.771394968, 2160
70.8006420135, 2162
70.8604619503, 2164
70.8898909092, 2166
70.9442148209, 2168
71.0109069347, 2170
71.0441839695, 2172
71.1058628559, 2174
71.1383240223, 2176
71.2033779621, 2178
71.235491991, 2180
71.2894029617, 2182
71.3392598629, 2184
71.3678839207, 2186
71.4218449593, 2188
71.4544718266, 2190
71.5152568817, 2192
71.5778698921, 2194
71.6093969345, 2196
71.6671710014, 2198
71.6968250275, 2200
71.7514178753, 2202
71.7803428173, 2204
71.8347449303, 2206
71.8939568996, 2208
71.922372818, 2210
71.9740250111, 2212
72.007778883, 2214
72.0628528595, 2216
72.1172158718, 2218
72.1468379498, 2220
72.1959249973, 2222
72.225083828, 2224
72.2741789818, 2226
72.3250939846, 2228
72.3537728786, 2230
72.403044939, 2232
72.4323468208, 2234
72.4823248386, 2236
72.5118370056, 2238
72.5616018772, 2240
72.6127729416, 2242
72.642510891, 2244
72.6947698593, 2246
72.728194952, 2248
72.7847659588, 2250
72.8492820263, 2252
72.8805449009, 2254
72.9345669746, 2256
72.9626019001, 2258
73.0125079155, 2260
73.0628778934, 2262
73.0914678574, 2264
73.1408250332, 2266
73.169041872, 2268
73.2200798988, 2270
73.2482988834, 2272
73.297492981, 2274
73.3468968868, 2276
73.3755660057, 2278
73.4309778214, 2280
73.4629268646, 2282
73.5261240005, 2284
73.5891048908, 2286
73.6218028069, 2288
73.6759560108, 2290
73.7045738697, 2292
73.7545180321, 2294
73.784735918, 2296
73.8418989182, 2298
73.898829937, 2300
73.9279530048, 2302
73.9808039665, 2304
74.0096700191, 2306
74.0603299141, 2308
74.1145098209, 2310
74.1488828659, 2312
74.2091970444, 2314
74.2411768436, 2316
74.2967398167, 2318
74.3246388435, 2320
74.3739378452, 2322
74.4248569012, 2324
74.4532129765, 2326
74.5020170212, 2328
74.5304739475, 2330
74.5817408562, 2332
74.6093068123, 2334
74.6622059345, 2336
74.7128059864, 2338
74.7413458824, 2340
74.7941749096, 2342
74.8274078369, 2344
74.8892118931, 2346
74.9225590229, 2348
74.9802598953, 2350
75.0362620354, 2352
75.0654478073, 2354
75.1218488216, 2356
75.150703907, 2358
75.2022249699, 2360
75.2310318947, 2362
75.2816510201, 2364
75.3362419605, 2366
75.3672988415, 2368
75.4307219982, 2370
75.4635100365, 2372
75.5251619816, 2374
75.5548968315, 2376
75.6076090336, 2378
75.6595759392, 2380
75.6881039143, 2382
75.7403469086, 2384
75.7700300217, 2386
75.8220808506, 2388
75.8535649776, 2390
75.9119939804, 2392
75.9743418694, 2394
76.0036239624, 2396
76.053552866, 2398
76.082244873, 2400
76.1332588196, 2402
76.162268877, 2404
76.2200808525, 2406
76.2712078094, 2408
76.2987618446, 2410
76.3470540047, 2412
76.3761880398, 2414
76.4275448322, 2416
76.4554579258, 2418
76.5047638416, 2420
76.5555918217, 2422
76.5832359791, 2424
76.6327338219, 2426
76.6611208916, 2428
76.7123618126, 2430
76.7424328327, 2432
76.7926769257, 2434
76.8460588455, 2436
76.8759260178, 2438
76.9303648472, 2440
76.9607079029, 2442
77.0284600258, 2444
77.059417963, 2446
77.1137850285, 2448
77.1660988331, 2450
77.1944499016, 2452
77.2458050251, 2454
77.2810249329, 2456
77.3423810005, 2458
77.3769898415, 2460
77.4402940273, 2462
77.5034108162, 2464
77.5365738869, 2466
77.5968289375, 2468
77.6296210289, 2470
77.6860580444, 2472
77.7134268284, 2474
77.7640149593, 2476
77.8159730434, 2478
77.8445949554, 2480
77.8983089924, 2482
77.9288918972, 2484
77.998860836, 2486
78.0316109657, 2488
78.0881009102, 2490
78.1388459206, 2492
78.1712138653, 2494
78.2282948494, 2496
78.2560830116, 2498
78.307571888, 2500
78.3357410431, 2502
78.3860089779, 2504
78.4375970364, 2506
78.4659278393, 2508
78.5155110359, 2510
78.5490908623, 2512
78.6168520451, 2514
78.6527798176, 2516
78.7104918957, 2518
78.7671508789, 2520
78.7952229977, 2522
78.8447499275, 2524
78.8748998642, 2526
78.9310309887, 2528
78.9632399082, 2530
79.0230679512, 2532
79.0903558731, 2534
79.1202938557, 2536
79.1746599674, 2538
79.202477932, 2540
79.2525959015, 2542
79.2800769806, 2544
79.328291893, 2546
79.3783659935, 2548
79.4059479237, 2550
79.455591917, 2552
79.4836130142, 2554
79.5336568356, 2556
79.5609838963, 2558
79.6094539165, 2560
79.6597838402, 2562
79.6873128414, 2564
79.7353458405, 2566
79.7634439468, 2568
79.8189530373, 2570
79.8468208313, 2572
79.8973479271, 2574
79.95333004, 2576
79.9816060066, 2578
80.0310499668, 2580
80.0591719151, 2582
80.1090400219, 2584
80.1366360188, 2586
80.1851139069, 2588
80.2356898785, 2590
80.26324296, 2592
80.3164248466, 2594
80.3448078632, 2596
80.3961238861, 2598
80.4243369102, 2600
80.4729850292, 2602
80.5230569839, 2604
80.5519280434, 2606
80.600564003, 2608
80.6285429001, 2610
80.6763269901, 2612
80.7040669918, 2614
80.7527320385, 2616
80.7805988789, 2618
80.8300549984, 2620
80.8830230236, 2622
80.9120469093, 2624
80.9707658291, 2626
81.0015249252, 2628
81.0590479374, 2630
81.0860528946, 2632
81.1341760159, 2634
81.1619119644, 2636
81.2105100155, 2638
81.2603578568, 2640
81.2877190113, 2642
81.3361279964, 2644
81.3632919788, 2646
81.4108188152, 2648
81.438726902, 2650
81.486951828, 2652
81.5147128105, 2654
81.5630860329, 2656
81.6125159264, 2658
81.6400728226, 2660
81.6880249977, 2662
81.7154288292, 2664
81.762887001, 2666
81.7902929783, 2668
81.839247942, 2670
81.8670988083, 2672
81.9149329662, 2674
81.9710309505, 2676
82.0003418922, 2678
82.0516250134, 2680
82.0802819729, 2682
82.1391248703, 2684
82.1698899269, 2686
82.222826004, 2688
82.2500939369, 2690
82.2979910374, 2692
82.3470790386, 2694
82.3742249012, 2696
82.4250669479, 2698
82.4538810253, 2700
82.5071229935, 2702
82.5364780426, 2704
82.5928390026, 2706
82.6234178543, 2708
82.6802449226, 2710
82.7301459312, 2712
82.7637310028, 2714
82.8163409233, 2716
82.8443038464, 2718
82.8941819668, 2720
82.921533823, 2722
82.9699928761, 2724
82.9973618984, 2726
83.0448000431, 2728
83.0923478603, 2730
83.1189908981, 2732
83.1672689915, 2734
83.194685936, 2736
83.2444438934, 2738
83.2718539238, 2740
83.3198440075, 2742
83.3472440243, 2744
83.3946988583, 2746
83.4463648796, 2748
83.4734828472, 2750
83.5213868618, 2752
83.5490269661, 2754
83.5983338356, 2756
83.6298718452, 2758
83.6830608845, 2760
83.7129259109, 2762
83.7619478703, 2764
83.8106210232, 2766
83.8403298855, 2768
83.8887820244, 2770
83.9168009758, 2772
83.9677219391, 2774
83.9954059124, 2776
84.0437510014, 2778
84.0712769032, 2780
84.1187489033, 2782
84.1670808792, 2784
84.2026348114, 2786
84.2556710243, 2788
84.282930851, 2790
84.3324928284, 2792
84.359910965, 2794
84.4073050022, 2796
84.4351069927, 2798
84.4860630035, 2800
84.5482668877, 2802
84.5757260323, 2804
84.629019022, 2806
84.6580038071, 2808
84.7085609436, 2810
84.7364039421, 2812
84.7881770134, 2814
84.817802906, 2816
84.8761789799, 2818
84.9350919724, 2820
84.9656479359, 2822
85.0188980103, 2824
85.0460639, 2826
85.0951738358, 2828
85.1279728413, 2830
85.1868219376, 2832
85.24751091, 2834
85.2764680386, 2836
85.3325548172, 2838
85.3623318672, 2840
85.4200708866, 2842
85.4489908218, 2844
85.5064299107, 2846
85.5329418182, 2848
85.5806958675, 2850
85.6293888092, 2852
85.657171011, 2854
85.7056770325, 2856
85.7329969406, 2858
85.7806608677, 2860
85.8076138496, 2862
85.8559708595, 2864
85.8828690052, 2866
85.9301040173, 2868
85.9950349331, 2870
86.0245709419, 2872
86.0795898438, 2874
86.1066739559, 2876
86.1545078754, 2878
86.1818919182, 2880
86.2305660248, 2882
86.2577698231, 2884
86.3060219288, 2886
86.3605818748, 2888
86.3890340328, 2890
86.4403629303, 2892
86.4685809612, 2894
86.5192718506, 2896
86.5457069874, 2898
86.5933020115, 2900
86.6202130318, 2902
86.6673698425, 2904
86.7232768536, 2906
86.7519128323, 2908
86.8065600395, 2910
86.8391540051, 2912
86.8927688599, 2914
86.9193708897, 2916
86.9673788548, 2918
86.9996500015, 2920
87.0503280163, 2922
87.0993509293, 2924
87.1262948513, 2926
87.1784119606, 2928
87.2060279846, 2930
87.2524290085, 2932
87.285351038, 2934
87.3435809612, 2936
87.3757038116, 2938
87.4330639839, 2940
87.4834890366, 2942
87.5112669468, 2944
87.5639498234, 2946
87.5923609734, 2948
87.6500489712, 2950
87.6800229549, 2952
87.7424278259, 2954
87.7718639374, 2956
87.8276028633, 2958
87.8833830357, 2960
87.9100768566, 2962
87.9577929974, 2964
87.9843559265, 2966
88.0342268944, 2968
88.0614929199, 2970
88.1095979214, 2972
88.1368010044, 2974
88.1849458218, 2976
88.2332129478, 2978
88.2597219944, 2980
88.3067350388, 2982
88.3335280418, 2984
88.3824429512, 2986
88.409528017, 2988
88.4581959248, 2990
88.4853959084, 2992
88.532230854, 2994
88.5805130005, 2996
88.6067278385, 2998
88.6540718079, 3000
88.6808288097, 3002
88.7303068638, 3004
88.7574489117, 3006
88.80519104, 3008
88.8328959942, 3010
88.8797128201, 3012
88.9272379875, 3014
88.9536778927, 3016
89.0010998249, 3018
89.0285899639, 3020
89.0779368877, 3022
89.104804039, 3024
89.1524708271, 3026
89.1788928509, 3028
89.2289149761, 3030
89.2756099701, 3032
89.302312851, 3034
89.349462986, 3036
89.3761940002, 3038
89.4257588387, 3040
89.4527900219, 3042
89.5097470284, 3044
89.5416238308, 3046
89.5964698792, 3048
89.6552109718, 3050
89.684581995, 3052
89.7406070232, 3054
89.7671070099, 3056
89.8139588833, 3058
89.8411819935, 3060
89.8935258389, 3062
89.9263088703, 3064
89.982049942, 3066
90.0107300282, 3068
90.0611319542, 3070
90.1128418446, 3072
90.1408369541, 3074
90.1911120415, 3076
90.2198929787, 3078
90.269589901, 3080
90.2985570431, 3082
90.3612108231, 3084
90.3922908306, 3086
90.4483869076, 3088
90.4743099213, 3090
90.5260279179, 3092
90.554587841, 3094
90.602260828, 3096
90.6494998932, 3098
90.675798893, 3100
90.7225039005, 3102
90.7493538857, 3104
90.7962079048, 3106
90.8236570358, 3108
90.8726868629, 3110
90.9048728943, 3112
90.960162878, 3114
90.9899718761, 3116
91.0478818417, 3118
91.106844902, 3120
91.1354949474, 3122
91.1945769787, 3124
91.224050045, 3126
91.2812418938, 3128
91.3096928596, 3130
91.3681528568, 3132
91.3983368874, 3134
91.4545090199, 3136
91.4822108746, 3138
91.5369708538, 3140
91.5670008659, 3142
91.621049881, 3144
91.6729609966, 3146
91.6991298199, 3148
91.7467558384, 3150
91.7740318775, 3152
91.8213429451, 3154
91.8484809399, 3156
91.8971698284, 3158
91.9237389565, 3160
91.9710948467, 3162
91.9976768494, 3164
92.0441818237, 3166
92.093075037, 3168
92.1197059155, 3170
92.1668059826, 3172
92.1937389374, 3174
92.2405128479, 3176
92.2662789822, 3178
92.3158938885, 3180
92.3418970108, 3182
92.3898530006, 3184
92.4167668819, 3186
92.464206934, 3188
92.4901118279, 3190
92.5365278721, 3192
92.5850520134, 3194
92.6116008759, 3196
92.6592600346, 3198
92.6860318184, 3200
92.7331190109, 3202
92.7599089146, 3204
92.8083870411, 3206
92.8361048698, 3208
92.883797884, 3210
92.9102759361, 3212
92.9571099281, 3214
93.0055708885, 3216
93.0320298672, 3218
93.078868866, 3220
93.10450387, 3222
93.1505069733, 3224
93.1817009449, 3226
93.2357020378, 3228
93.2616820335, 3230
93.3090279102, 3232
93.3351819515, 3234
93.3823759556, 3236
93.4084370136, 3238
93.4558119774, 3240
93.5042510033, 3242
93.5307438374, 3244
93.5786678791, 3246
93.6055829525, 3248
93.6521840096, 3250
93.6792750359, 3252
93.7296040058, 3254
93.7566440105, 3256
93.8046770096, 3258
93.8317248821, 3260
93.8799629211, 3262
93.9108040333, 3264
93.95707798, 3266
94.0055208206, 3268
94.0329449177, 3270
94.0810449123, 3272
94.1077070236, 3274
94.1548278332, 3276
94.1831278801, 3278
94.2318298817, 3280
94.2615978718, 3282
94.3111820221, 3284
94.3376629353, 3286
94.3862299919, 3288
94.4394769669, 3290
94.467386961, 3292
94.5220899582, 3294
94.5484309196, 3296
94.6090788841, 3298
94.6365568638, 3300
94.6911418438, 3302
94.7188389301, 3304
94.7729029655, 3306
94.8012368679, 3308
94.8507649899, 3310
94.8785018921, 3312
94.9315729141, 3314
94.9807078838, 3316
95.0086028576, 3318
95.0576658249, 3320
95.0846428871, 3322
95.1338880062, 3324
95.1601958275, 3326
95.211607933, 3328
95.2382979393, 3330
95.2850170135, 3332
95.3114299774, 3334
95.3576908112, 3336
95.4056839943, 3338
95.4343848228, 3340
95.4852628708, 3342
95.5135610104, 3344
95.5675299168, 3346
95.5958549976, 3348
95.6475360394, 3350
95.6739909649, 3352
95.7212748528, 3354
95.7474329472, 3356
95.7942509651, 3358
95.8209068775, 3360
95.8702659607, 3362
95.9220049381, 3364
95.9489889145, 3366
96.0096399784, 3368
96.0391969681, 3370
96.1032600403, 3372
96.1340279579, 3374
96.1965038776, 3376
96.2273118496, 3378
96.2805228233, 3380
96.3071110249, 3382
96.3532500267, 3384
96.4008319378, 3386
96.4277009964, 3388
96.4803369045, 3390
96.5112199783, 3392
96.5698878765, 3394
96.5992588997, 3396
96.6542518139, 3398
96.6798930168, 3400
96.7263469696, 3402
96.7525420189, 3404
96.7986190319, 3406
96.8257780075, 3408
96.8755569458, 3410
96.9251179695, 3412
96.9522778988, 3414
97.0080549717, 3416
97.0356760025, 3418
97.0906968117, 3420
97.1180419922, 3422
97.169770956, 3424
97.1979658604, 3426
97.2531559467, 3428
97.2807400227, 3430
97.3298380375, 3432
97.3812429905, 3434
97.4163329601, 3436
97.4752910137, 3438
97.5080280304, 3440
97.5666408539, 3442
97.5955958366, 3444
97.6515510082, 3446
97.6790959835, 3448
97.7337839603, 3450
97.7599208355, 3452
97.805907011, 3454
97.8384058475, 3456
97.8936388493, 3458
97.9511499405, 3460
97.9803938866, 3462
98.0345878601, 3464
98.0607788563, 3466
98.1063218117, 3468
98.132545948, 3470
98.1787610054, 3472
98.2043249607, 3474
98.2497439384, 3476
98.2755389214, 3478
98.3231058121, 3480
98.3495409489, 3482
98.3949079514, 3484
98.421391964, 3486
98.4712839127, 3488
98.498415947, 3490
98.5476410389, 3492
98.5736198425, 3494
98.6187589169, 3496
98.6659648418, 3498
98.6917889118, 3500
98.7387189865, 3502
98.7644848824, 3504
98.8106908798, 3506
98.8374419212, 3508
98.8857858181, 3510
98.9117929935, 3512
98.9572899342, 3514
98.9829659462, 3516
99.0308790207, 3518
99.0572419167, 3520
99.1031990051, 3522
99.1282470226, 3524
99.1745569706, 3526
99.2005748749, 3528
99.2465898991, 3530
99.2790248394, 3532
99.3336570263, 3534
99.3926548958, 3536
99.4245829582, 3538
99.4797809124, 3540
99.5048439503, 3542
99.5509560108, 3544
99.5771389008, 3546
99.6229720116, 3548
99.648362875, 3550
99.6930339336, 3552
99.7182910442, 3554
99.7662880421, 3556
99.7927160263, 3558
99.8411939144, 3560
99.8681340218, 3562
99.9169149399, 3564
99.9501030445, 3566
100.005573988, 3568
100.032007933, 3570
100.08012104, 3572
100.129904985, 3574
100.157084942, 3576
100.20687604, 3578
100.233202934, 3580
100.287322998, 3582
100.314275026, 3584
100.363512039, 3586
100.390213013, 3588
100.439947844, 3590
100.465018034, 3592
100.514184952, 3594
100.539810896, 3596
100.58672595, 3598
100.611884832, 3600
100.658740997, 3602
100.689925909, 3604
100.743276834, 3606
100.769312859, 3608
100.81492281, 3610
100.862833977, 3612
100.889008999, 3614
100.934777975, 3616
100.959944963, 3618
101.005482912, 3620
101.03136301, 3622
101.077337027, 3624
101.10343194, 3626
101.156076908, 3628
101.181421995, 3630
101.228961945, 3632
101.254379034, 3634
101.299657822, 3636
101.324437857, 3638
101.369890928, 3640
101.395623922, 3642
101.445420027, 3644
101.47070384, 3646
101.51599884, 3648
101.563661814, 3650
101.589771032, 3652
101.635656834, 3654
101.661041975, 3656
101.706343889, 3658
101.732074976, 3660
101.778312922, 3662
101.803580999, 3664
101.848666906, 3666
101.87507987, 3668
101.921780825, 3670
101.947379827, 3672
101.992825985, 3674
102.017932892, 3676
102.06359601, 3678
102.08927393, 3680
102.134439945, 3682
102.159809828, 3684
102.204618931, 3686
102.251266003, 3688
102.276196957, 3690
102.322930813, 3692
102.348160982, 3694
102.39321804, 3696
102.419215918, 3698
102.464776039, 3700
102.489449024, 3702
102.534945011, 3704
102.559597969, 3706
102.605850935, 3708
102.630945921, 3710
102.675611019, 3712
102.700693846, 3714
102.748073816, 3716
102.773442984, 3718
102.831248999, 3720
102.857924938, 3722
102.907387972, 3724
102.932466984, 3726
102.981035948, 3728
103.008200884, 3730
103.055634022, 3732
103.081740856, 3734
103.131772995, 3736
103.157441854, 3738
103.206295013, 3740
103.231348991, 3742
103.27599597, 3744
103.3010149, 3746
103.345916033, 3748
103.37044692, 3750
103.415895939, 3752
103.441386938, 3754
103.489941835, 3756
103.516211033, 3758
103.563725948, 3760
103.590976, 3762
103.638062, 3764
103.663813829, 3766
103.712894917, 3768
103.73791194, 3770
103.790732861, 3772
103.816632032, 3774
103.864472866, 3776
103.915853024, 3778
103.941387892, 3780
103.993470907, 3782
104.025243998, 3784
104.07960701, 3786
104.105562925, 3788
104.156818867, 3790
104.18263793, 3792
104.230871916, 3794
104.256242037, 3796
104.303544998, 3798
104.329660892, 3800
104.376709938, 3802
104.402308941, 3804
104.450379848, 3806
104.476012945, 3808
104.523342848, 3810
104.548394918, 3812
104.592758894, 3814
104.617540836, 3816
104.661741972, 3818
104.686362982, 3820
104.732692957, 3822
104.75722599, 3824
104.803264856, 3826
104.827646971, 3828
104.873947859, 3830
104.899986029, 3832
104.94945693, 3834
104.975348949, 3836
105.025250912, 3838
105.05087781, 3840
105.101816893, 3842
105.127014875, 3844
105.174487829, 3846
105.200820923, 3848
105.248106003, 3850
105.273634911, 3852
105.320454836, 3854
105.345752954, 3856
105.393079996, 3858
105.418795824, 3860
105.463856936, 3862
105.488809824, 3864
105.537636995, 3866
105.602967978, 3868
105.63071084, 3870
105.690236807, 3872
105.716712952, 3874
105.765913963, 3876
105.79171896, 3878
105.837781906, 3880
105.862690926, 3882
105.908211946, 3884
105.932725906, 3886
105.990078926, 3888
106.015974998, 3890
106.061862946, 3892
106.086738825, 3894
106.131196976, 3896
106.155670881, 3898
106.20055294, 3900
106.225955009, 3902
106.269830942, 3904
106.294718027, 3906
106.344082832, 3908
106.370378017, 3910
106.420791864, 3912
106.444994926, 3914
106.491994858, 3916
106.516726971, 3918
106.562407017, 3920
106.587005854, 3922
106.633070946, 3924
106.657032967, 3926
106.702778816, 3928
106.726966858, 3930
106.774050951, 3932
106.798048019, 3934
106.845378876, 3936
106.872645855, 3938
106.921512842, 3940
106.94686389, 3942
106.995340824, 3944
107.019614935, 3946
107.063166857, 3948
107.087702036, 3950
107.130937815, 3952
107.155092955, 3954
107.198817015, 3956
107.223513842, 3958
107.266669989, 3960
107.291050911, 3962
107.334717989, 3964
107.359869003, 3966
107.403489828, 3968
107.431754827, 3970
107.480113983, 3972
107.505316019, 3974
107.553673029, 3976
107.578965902, 3978
107.629709959, 3980
107.656090021, 3982
107.707348824, 3984
107.736753941, 3986
107.791560888, 3988
107.816574812, 3990
107.860816002, 3992
107.885515928, 3994
107.929530859, 3996
107.954063892, 3998
107.998037815, 4000
108.022619009, 4002
108.066519022, 4004
108.094480991, 4006
108.141489983, 4008
108.16678381, 4010
108.210968018, 4012
108.235221863, 4014
108.278869867, 4016
108.303794861, 4018
108.348137856, 4020
108.372105837, 4022
108.41734004, 4024
108.441839933, 4026
108.485766888, 4028
108.510071039, 4030
108.554255962, 4032
108.579568863, 4034
108.623853922, 4036
108.647980928, 4038
108.691999912, 4040
108.716301918, 4042
108.76059103, 4044
108.784706831, 4046
108.829797983, 4048
108.854282856, 4050
108.91286993, 4052
108.944845915, 4054
108.996326923, 4056
109.020654917, 4058
109.064837933, 4060
109.088941813, 4062
109.134516001, 4064
109.158844948, 4066
109.204408884, 4068
109.22823, 4070
109.273290873, 4072
109.297503948, 4074
109.34284091, 4076
109.367255926, 4078
109.391814947, 4080
109.435983896, 4082
109.460076809, 4084
109.503851891, 4086
109.527864933, 4088
109.571627855, 4090
109.596009016, 4092
109.639931917, 4094
109.663570881, 4096
109.707285881, 4098
109.731310844, 4100
109.77491498, 4102
109.798660994, 4104
109.846648932, 4106
109.870452881, 4108
109.917177916, 4110
109.941162825, 4112
109.990620852, 4114
110.016038895, 4116
110.061812878, 4118
110.086987019, 4120
110.133236885, 4122
110.158370018, 4124
110.204428911, 4126
110.230332851, 4128
110.276381016, 4130
110.30150485, 4132
110.347033978, 4134
110.371189833, 4136
110.417131901, 4138
110.441910028, 4140
110.486268044, 4142
110.510313988, 4144
110.554132938, 4146
110.578460932, 4148
110.622432947, 4150
110.646159887, 4152
110.689754963, 4154
110.713557005, 4156
110.757514, 4158
110.781405926, 4160
110.826157808, 4162
110.851853848, 4164
110.897608042, 4166
110.921981812, 4168
110.966370821, 4170
110.990434885, 4172
111.034654856, 4174
111.059039831, 4176
111.102797985, 4178
111.127513885, 4180
111.177662849, 4182
111.203271866, 4184
111.251641035, 4186
111.276576996, 4188
111.325246811, 4190
111.350591898, 4192
111.398784876, 4194
111.42401886, 4196
111.477466822, 4198
111.502516031, 4200
111.550429821, 4202
111.574975967, 4204
111.622833967, 4206
111.647511005, 4208
111.695253849, 4210
111.719766855, 4212
111.770138025, 4214
111.800964832, 4216
111.849318027, 4218
111.87431097, 4220
111.917467833, 4222
111.941777945, 4224
111.984731913, 4226
112.00868392, 4228
112.05200696, 4230
112.075906992, 4232
112.118813992, 4234
112.142740011, 4236
112.186630011, 4238
112.210129023, 4240
112.253310919, 4242
112.276609898, 4244
112.319835901, 4246
112.343945026, 4248
112.386960983, 4250
112.410831928, 4252
112.459767818, 4254
112.484143019, 4256
112.530102015, 4258
112.554884911, 4260
112.601788044, 4262
112.626569033, 4264
112.672219038, 4266
112.696905851, 4268
112.742563009, 4270
112.766767025, 4272
112.809892893, 4274
112.835708857, 4276
112.882233858, 4278
112.905742884, 4280
112.950248003, 4282
112.974380016, 4284
113.017995834, 4286
113.041733027, 4288
113.085906029, 4290
113.109500885, 4292
113.15298295, 4294
113.176990032, 4296
113.22171402, 4298
113.248126984, 4300
113.294955969, 4302
113.319344997, 4304
113.365828991, 4306
113.389482021, 4308
113.433552027, 4310
113.457505941, 4312
113.500841856, 4314
113.524456978, 4316
113.567930937, 4318
113.591802835, 4320
113.635262966, 4322
113.658917904, 4324
113.702028036, 4326
113.725594044, 4328
113.749269009, 4330
113.791940928, 4332
113.817054987, 4334
113.864601851, 4336
113.888415813, 4338
113.932785988, 4340
113.95658803, 4342
114.00166893, 4344
114.03026104, 4346
114.073755026, 4348
114.097445965, 4350
114.144412994, 4352
114.168992996, 4354
114.214442968, 4356
114.23853302, 4358
114.281435966, 4360
114.305140972, 4362
114.347990036, 4364
114.371620893, 4366
114.414705992, 4368
114.438414812, 4370
114.481467962, 4372
114.50482893, 4374
114.548825979, 4376
114.573211908, 4378
114.616410017, 4380
114.639803886, 4382
114.663331032, 4384
114.70647192, 4386
114.73032403, 4388
114.774228811, 4390
114.797916889, 4392
114.845468044, 4394
114.870335817, 4396
114.913594007, 4398
114.936975002, 4400
114.980319977, 4402
115.003880978, 4404
115.047591925, 4406
115.070914984, 4408
115.115829945, 4410
115.139336824, 4412
115.182399988, 4414
115.205766916, 4416
115.248972893, 4418
115.27270484, 4420
115.315483809, 4422
115.339303017, 4424
115.387624025, 4426
115.412554026, 4428
115.457677841, 4430
115.481102943, 4432
115.526743889, 4434
115.550060987, 4436
115.574180841, 4438
115.618108988, 4440
115.64691782, 4442
115.69718194, 4444
115.721666813, 4446
115.767246008, 4448
115.791354895, 4450
115.837719917, 4452
115.862489939, 4454
115.9054389, 4456
115.92888093, 4458
115.972683907, 4460
115.996105909, 4462
116.038591862, 4464
116.061656952, 4466
116.104274035, 4468
116.127421856, 4470
116.170516014, 4472
116.194377899, 4474
116.237373829, 4476
116.260917902, 4478
116.307829857, 4480
116.331869841, 4482
116.380223036, 4484
116.405691862, 4486
116.454552889, 4488
116.478518963, 4490
116.503290892, 4492
116.546103001, 4494
116.569141865, 4496
116.611501932, 4498
116.634608984, 4500
116.676952839, 4502
116.699908018, 4504
116.742882013, 4506
116.766379833, 4508
116.809629917, 4510
116.833997011, 4512
116.877617836, 4514
116.90109396, 4516
116.946622849, 4518
116.970031023, 4520
117.012661934, 4522
117.035791874, 4524
117.081336975, 4526
117.105908871, 4528
117.151422977, 4530
117.175384045, 4532
117.221133947, 4534
117.245267868, 4536
117.291224957, 4538
117.315668821, 4540
117.362753868, 4542
117.386862993, 4544
117.414574862, 4546
117.462777853, 4548
117.487044811, 4550
117.534396887, 4552
117.557929039, 4554
117.600911856, 4556
117.624065876, 4558
117.667228937, 4560
117.690279007, 4562
117.733084917, 4564
117.756088018, 4566
117.799839973, 4568
117.823956013, 4570
117.868826866, 4572
117.892292023, 4574
117.934748888, 4576
117.95759201, 4578
117.999954939, 4580
118.02310586, 4582
118.065364838, 4584
118.088727951, 4586
118.13820982, 4588
118.164422989, 4590
118.21566987, 4592
118.241562843, 4594
118.266706944, 4596
118.313364983, 4598
118.338348866, 4600
118.392387867, 4602
118.421319008, 4604
118.478089809, 4606
118.505692005, 4608
118.557401896, 4610
118.58906889, 4612
118.640267849, 4614
118.66718483, 4616
118.716408014, 4618
118.741119862, 4620
118.789892912, 4622
118.814203978, 4624
118.864231825, 4626
118.88915801, 4628
118.937748909, 4630
118.962144852, 4632
119.007740021, 4634
119.033869028, 4636
119.080942869, 4638
119.105110884, 4640
119.15475893, 4642
119.178560019, 4644
119.222054005, 4646
119.244983912, 4648
119.267863989, 4650
119.30990386, 4652
119.332895994, 4654
119.375516891, 4656
119.39872098, 4658
119.442032814, 4660
119.464934826, 4662
119.507477999, 4664
119.530100822, 4666
119.572847843, 4668
119.596065044, 4670
119.639174938, 4672
119.661868811, 4674
119.705535889, 4676
119.728845835, 4678
119.771409035, 4680
119.794147015, 4682
119.83679986, 4684
119.86024785, 4686
119.902618885, 4688
119.925537825, 4690
119.96863699, 4692
119.99137187, 4694
120.034559011, 4696
120.057390928, 4698
120.103132963, 4700
120.129518032, 4702
120.154021978, 4704
120.199281931, 4706
120.223855019, 4708
120.269670963, 4710
120.294049025, 4712
120.339318991, 4714
120.363132954, 4716
120.409421921, 4718
120.432963848, 4720
120.475807905, 4722
120.498744011, 4724
120.548686981, 4726
120.576259851, 4728
120.630134821, 4730
120.653795004, 4732
120.698395967, 4734
120.721961975, 4736
120.767918825, 4738
120.792647839, 4740
120.838080883, 4742
120.863093853, 4744
120.908349037, 4746
120.931917906, 4748
120.978984833, 4750
121.00303793, 4752
121.027014971, 4754
121.071818829, 4756
121.095932961, 4758
121.141481876, 4760
121.165513992, 4762
121.210808039, 4764
121.23484993, 4766
121.279501915, 4768
121.302847862, 4770
121.347347975, 4772
121.37203002, 4774
121.423584938, 4776
121.446633816, 4778
121.469534874, 4780
121.511576891, 4782
121.534019947, 4784
121.576845884, 4786
121.599412918, 4788
121.641844034, 4790
121.664821863, 4792
121.706954002, 4794
121.73022604, 4796
121.78369689, 4798
121.806915998, 4800
121.85266304, 4802
121.876531839, 4804
121.924902916, 4806
121.948877811, 4808
121.972353935, 4810
122.018560886, 4812
122.042165995, 4814
122.09510684, 4816
122.12153101, 4818
122.171489954, 4820
122.195297003, 4822
122.240445852, 4824
122.263586998, 4826
122.308343887, 4828
122.331476927, 4830
122.373216867, 4832
122.396450043, 4834
122.442004919, 4836
122.465632915, 4838
122.489001036, 4840
122.532907963, 4842
122.556357861, 4844
122.60097599, 4846
122.623327017, 4848
122.665453911, 4850
122.688724041, 4852
122.731904984, 4854
122.754415035, 4856
122.795701027, 4858
122.818862915, 4860
122.864921808, 4862
122.891397953, 4864
122.936229944, 4866
122.96011281, 4868
122.983580828, 4870
123.028072834, 4872
123.051832914, 4874
123.097198009, 4876
123.120373964, 4878
123.168422937, 4880
123.192939997, 4882
123.239748955, 4884
123.263015985, 4886
123.307039976, 4888
123.330760002, 4890
123.375794888, 4892
123.399785042, 4894
123.445255041, 4896
123.468592882, 4898
123.493213892, 4900
123.537660837, 4902
123.560443878, 4904
123.602576971, 4906
123.625262976, 4908
123.667255878, 4910
123.689532995, 4912
123.731225967, 4914
123.753803015, 4916
123.795935869, 4918
123.819015026, 4920
123.861667871, 4922
123.884253979, 4924
123.926254988, 4926
123.948444843, 4928
123.971607924, 4930
124.013538837, 4932
124.035840034, 4934
124.077283859, 4936
124.100076914, 4938
124.14158392, 4940
124.163832903, 4942
124.204879999, 4944
124.227905035, 4946
124.26925993, 4948
124.291604996, 4950
124.33749795, 4952
124.360116959, 4954
124.402052879, 4956
124.424691916, 4958
124.447173834, 4960
124.48897481, 4962
124.511855841, 4964
124.553333044, 4966
124.577138901, 4968
124.620100021, 4970
124.642784834, 4972
124.683738947, 4974
124.705842972, 4976
124.748019934, 4978
124.770231962, 4980
124.812170982, 4982
124.834839821, 4984
124.878074884, 4986
124.900354862, 4988
124.926394939, 4990
124.970111847, 4992
124.993463039, 4994
125.037739038, 4996
125.060698032, 4998
125.10603404, 5000
125.128891945, 5002
125.170147896, 5004
125.192274809, 5006
125.234334946, 5008
125.256393909, 5010
125.298120975, 5012
125.320195913, 5014
125.363415003, 5016
125.385547876, 5018
125.408020973, 5020
125.449586868, 5022
125.472271919, 5024
125.514453888, 5026
125.53776288, 5028
125.584213972, 5030
125.60647893, 5032
125.650883913, 5034
125.673022985, 5036
125.719363928, 5038
125.742425919, 5040
125.784304857, 5042
125.80624795, 5044
125.829741955, 5046
125.873854876, 5048
125.8959589, 5050
125.937908888, 5052
125.960218906, 5054
126.002449989, 5056
126.024955034, 5058
126.067188978, 5060
126.089967966, 5062
126.131456852, 5064
126.153699875, 5066
126.207396984, 5068
126.230413914, 5070
126.275305033, 5072
126.29823494, 5074
126.32089901, 5076
126.367257833, 5078
126.390067816, 5080
126.437970877, 5082
126.460945845, 5084
126.505751848, 5086
126.529536963, 5088
126.57488203, 5090
126.597476959, 5092
126.638818026, 5094
126.660921812, 5096
126.702481031, 5098
126.724609852, 5100
126.76618886, 5102
126.788738966, 5104
126.810953856, 5106
126.856637001, 5108
126.878976822, 5110
126.920943022, 5112
126.945627928, 5114
126.9877069, 5116
127.010335922, 5118
127.053515911, 5120
127.075738907, 5122
127.116840839, 5124
127.139214993, 5126
127.180713892, 5128
127.202864885, 5130
127.244388819, 5132
127.266642809, 5134
127.288480997, 5136
127.329663038, 5138
127.352129936, 5140
127.395036936, 5142
127.419534922, 5144
127.46604991, 5146
127.488153934, 5148
127.531742811, 5150
127.554103851, 5152
127.594986916, 5154
127.617311001, 5156
127.659152985, 5158
127.681154013, 5160
127.722350836, 5162
127.74465704, 5164
127.766736984, 5166
127.807497978, 5168
127.830821037, 5170
127.873733997, 5172
127.900671005, 5174
127.946395874, 5176
127.968127966, 5178
128.009032965, 5180
128.031205893, 5182
128.071925879, 5184
128.09391284, 5186
128.135553837, 5188
128.157608032, 5190
128.199297905, 5192
128.221148014, 5194
128.243021965, 5196
128.284098864, 5198
128.305614948, 5200
128.346472025, 5202
128.36865592, 5204
128.409927845, 5206
128.432190895, 5208
128.47326684, 5210
128.495216846, 5212
128.536360979, 5214
128.558578968, 5216
128.6020329, 5218
128.62648201, 5220
128.648581982, 5222
128.696712971, 5224
128.719604969, 5226
128.764870882, 5228
128.7875669, 5230
128.837337971, 5232
128.860790968, 5234
128.903635025, 5236
128.925606012, 5238
128.970404863, 5240
128.99327302, 5242
129.016058922, 5244
129.060216904, 5246
129.083045006, 5248
129.126713037, 5250
129.149016857, 5252
129.190122843, 5254
129.212203026, 5256
129.25342083, 5258
129.275465012, 5260
129.297523975, 5262
129.337288857, 5264
129.358918905, 5266
129.399720907, 5268
129.421653986, 5270
129.463359833, 5272
129.485065937, 5274
129.525789022, 5276
129.547565937, 5278
129.589118958, 5280
129.610766888, 5282
129.632562876, 5284
129.676695824, 5286
129.699573994, 5288
129.744125843, 5290
129.766755819, 5292
129.811479807, 5294
129.836800814, 5296
129.878157854, 5298
129.899829865, 5300
129.941161871, 5302
129.96318388, 5304
129.985034943, 5306
130.025969028, 5308
130.047822952, 5310
130.089244843, 5312
130.111066818, 5314
130.151307821, 5316
130.173126936, 5318
130.214085817, 5320
130.235705853, 5322
130.256923914, 5324
130.297057867, 5326
130.318264008, 5328
130.359177828, 5330
130.380936861, 5332
130.422430992, 5334
130.444198847, 5336
130.484624863, 5338
130.511499882, 5340
130.55755496, 5342
130.580341816, 5344
130.602982998, 5346
130.647836924, 5348
130.670863867, 5350
130.718158007, 5352
130.740739822, 5354
130.783952951, 5356
130.80657196, 5358
130.851409912, 5360
130.874037981, 5362
130.919415951, 5364
130.942373037, 5366
130.965461969, 5368
131.006381035, 5370
131.027755976, 5372
131.068358898, 5374
131.090209961, 5376
131.130134821, 5378
131.151515961, 5380
131.192670822, 5382
131.214588881, 5384
131.236097813, 5386
131.276136875, 5388
131.297881842, 5390
131.33869791, 5392
131.361538887, 5394
131.401791811, 5396
131.423493862, 5398
131.468449831, 5400
131.495088816, 5402
131.536525011, 5404
131.56077981, 5406
131.585250854, 5408
131.629606962, 5410
131.651036024, 5412
131.692201853, 5414
131.713704824, 5416
131.75464201, 5418
131.776321888, 5420
131.817497969, 5422
131.839593887, 5424
131.861508846, 5426
131.908277988, 5428
131.930655003, 5430
131.974294901, 5432
131.996631861, 5434
132.038043976, 5436
132.059958935, 5438
132.100325823, 5440
132.121827841, 5442
132.163105965, 5444
132.185153961, 5446
132.207392931, 5448
132.247874022, 5450
132.268915892, 5452
132.309758902, 5454
132.331156015, 5456
132.371294022, 5458
132.39707303, 5460
132.443001986, 5462
132.465086937, 5464
132.505990028, 5466
132.527511835, 5468
132.54912591, 5470
132.595624924, 5472
132.618649006, 5474
132.662631035, 5476
132.684650898, 5478
132.727380037, 5480
132.749636889, 5482
132.793068886, 5484
132.817759037, 5486
132.841400862, 5488
132.88278985, 5490
132.907281876, 5492
132.960464001, 5494
132.994407892, 5496
133.053575039, 5498
133.081475019, 5500
133.1372509, 5502
133.164992809, 5504
133.221366882, 5506
133.249457836, 5508
133.272524834, 5510
133.32980299, 5512
133.353830814, 5514
133.411971807, 5516
133.439693928, 5518
133.498086929, 5520
133.527307034, 5522
133.592437029, 5524
133.614701033, 5526
133.63993001, 5528
133.681377888, 5530
133.704823971, 5532
133.751606941, 5534
133.773175001, 5536
133.814877987, 5538
133.838068008, 5540
133.883589983, 5542
133.905125856, 5544
133.946341038, 5546
133.968091011, 5548
133.989732027, 5550
134.037801027, 5552
134.062491894, 5554
134.115145922, 5556
134.140743017, 5558
134.191975832, 5560
134.217768908, 5562
134.26926899, 5564
134.29557085, 5566
134.344612837, 5568
134.372479916, 5570
134.396569967, 5572
134.442148924, 5574
134.468427896, 5576
134.522362947, 5578
134.550781965, 5580
134.602617979, 5582
134.630594015, 5584
134.682754993, 5586
134.708094835, 5588
134.73455286, 5590
134.789557934, 5592
134.817425013, 5594
134.874615908, 5596
134.902638912, 5598
134.957975864, 5600
134.985334873, 5602
135.040691853, 5604
135.068707943, 5606
135.118400812, 5608
135.143540859, 5610
135.169064999, 5612
135.215922832, 5614
135.241660833, 5616
135.287636042, 5618
135.31128788, 5620
135.360234022, 5622
135.384148836, 5624
135.433686972, 5626
135.458369017, 5628
135.509478807, 5630
135.534624815, 5632
135.557765007, 5634
135.60490489, 5636
135.631165028, 5638
135.682648897, 5640
135.709829807, 5642
135.764411926, 5644
135.793538809, 5646
135.853621006, 5648
135.877687931, 5650
135.900732994, 5652
135.951556921, 5654
135.974581957, 5656
136.023370981, 5658
136.049899817, 5660
136.099577904, 5662
136.126642942, 5664
136.180130959, 5666
136.204679966, 5668
136.257251978, 5670
136.286917925, 5672
136.314513922, 5674
136.367141962, 5676
136.389786959, 5678
136.43915081, 5680
136.466332912, 5682
136.513705969, 5684
136.536260843, 5686
136.579819918, 5688
136.604305983, 5690
136.625780821, 5692
136.669126987, 5694
136.695165873, 5696
136.752470016, 5698
136.775828838, 5700
136.820979834, 5702
136.845659971, 5704
136.893213987, 5706
136.916121006, 5708
136.966864824, 5710
136.993396997, 5712
137.020145893, 5714
137.06908083, 5716
137.093334913, 5718
137.137277842, 5720
137.159461021, 5722
137.206219912, 5724
137.231598854, 5726
137.286494017, 5728
137.309446812, 5730
137.358074903, 5732
137.380867958, 5734
137.407209873, 5736
137.454476833, 5738
137.478662014, 5740
137.527423859, 5742
137.554109812, 5744
137.598405838, 5746
137.621134996, 5748
137.669064999, 5750
137.692606926, 5752
137.717464924, 5754
137.763105869, 5756
137.785143852, 5758
137.828897953, 5760
137.85480094, 5762
137.902019024, 5764
137.925683975, 5766
137.973115921, 5768
137.999054909, 5770
138.046798944, 5772
138.070444822, 5774
138.093461037, 5776
138.136495829, 5778
138.159971952, 5780
138.211910009, 5782
138.236619949, 5784
138.287204981, 5786
138.314713955, 5788
138.363651037, 5790
138.391083956, 5792
138.413415909, 5794
138.45686388, 5796
138.479573011, 5798
138.5203619, 5800
138.546341896, 5802
138.594014883, 5804
138.616187811, 5806
138.661722898, 5808
138.687693834, 5810
138.733369827, 5812
138.759850979, 5814
138.782043934, 5816
138.826349974, 5818
138.853243828, 5820
138.897197962, 5822
138.918849945, 5824
138.962455988, 5826
138.989533901, 5828
139.031550884, 5830
139.056056976, 5832
139.101943016, 5834
139.126556873, 5836
139.150074959, 5838
139.19469595, 5840
139.217190981, 5842
139.261646986, 5844
139.283939838, 5846
139.326216936, 5848
139.347877026, 5850
139.394371986, 5852
139.422113895, 5854
139.451465845, 5856
139.512814999, 5858
139.536350012, 5860
139.58653903, 5862
139.614404917, 5864
139.666862011, 5866
139.692776918, 5868
139.746856928, 5870
139.771610975, 5872
139.824151993, 5874
139.850646973, 5876
139.876502991, 5878
139.933374882, 5880
139.960304976, 5882
140.014883995, 5884
140.040696859, 5886
140.096635818, 5888
140.124454975, 5890
140.17608881, 5892
140.204402924, 5894
140.255658865, 5896
140.279420853, 5898
140.302465916, 5900
140.345587015, 5902
140.366643906, 5904
140.412904024, 5906
140.437211037, 5908
140.487987995, 5910
140.512863874, 5912
140.562780857, 5914
140.5881989, 5916
140.615561008, 5918
140.658944845, 5920
140.681169033, 5922
140.726630926, 5924
140.752914906, 5926
140.802440882, 5928
140.827937841, 5930
140.853619814, 5932
140.905696869, 5934
140.928125858, 5936
140.973264933, 5938
140.997674942, 5940
141.041736841, 5942
141.063756943, 5944
141.111083984, 5946
141.134111881, 5948
141.155563831, 5950
141.204938889, 5952
141.228472948, 5954
141.275840044, 5956
141.30149889, 5958
141.356858969, 5960
141.382496834, 5962
141.407460928, 5964
141.461876869, 5966
141.487542868, 5968
141.539438009, 5970
141.56394887, 5972
141.610101938, 5974
141.631508827, 5976
141.652696848, 5978
141.697422981, 5980
141.721452951, 5982
141.765399933, 5984
141.79012084, 5986
141.842521906, 5988
141.865829945, 5990
141.90967989, 5992
141.934442997, 5994
141.956449032, 5996
142.001003981, 5998
142.026415825, 6000
142.072793961, 6002
142.096253872, 6004
142.145714045, 6006
142.171931982, 6008
142.196485996, 6010
142.242151976, 6012
142.265722036, 6014
142.314740896, 6016
142.339128017, 6018
142.384824038, 6020
142.413928986, 6022
142.468302965, 6024
142.495159864, 6026
