0.00545310974121, 2
0.0104990005493, 4
0.0144400596619, 6
0.0179982185364, 8
0.0216250419617, 10
0.0251441001892, 12
0.0287411212921, 14
0.0322930812836, 16
0.0446381568909, 18
0.0481250286102, 20
0.0518131256104, 22
0.0556812286377, 24
0.0591931343079, 26
0.0627710819244, 28
0.0673911571503, 30
0.0730152130127, 32
0.0774350166321, 34
0.081151008606, 36
0.0845491886139, 38
0.0879361629486, 40
0.0913600921631, 42
0.0947341918945, 44
0.0980989933014, 46
0.101515054703, 48
0.104866027832, 50
0.108314037323, 52
0.1116502285, 54
0.115108013153, 56
0.11841917038, 58
0.121779203415, 60
0.12517118454, 62
0.128462076187, 64
0.131745100021, 66
0.135103225708, 68
0.138404130936, 70
0.141928195953, 72
0.145442008972, 74
0.150577068329, 76
0.154786109924, 78
0.158366203308, 80
0.161806106567, 82
0.175765037537, 84
0.179468154907, 86
0.182924032211, 88
0.186275005341, 90
0.189481019974, 92
0.192642211914, 94
0.195996046066, 96
0.199219226837, 98
0.202398061752, 100
0.205590009689, 102
0.208950042725, 104
0.21217417717, 106
0.215563058853, 108
0.218848228455, 110
0.222041130066, 112
0.225140094757, 114
0.229291200638, 116
0.234544992447, 118
0.238763093948, 120
0.242271184921, 122
0.24550318718, 124
0.249951124191, 126
0.254206180573, 128
0.257825136185, 130
0.261033058167, 132
0.264043092728, 134
0.26708817482, 136
0.272279024124, 138
0.276515007019, 140
0.28022813797, 142
0.283668994904, 144
0.286707162857, 146
0.289651155472, 148
0.292595148087, 150
0.295577049255, 152
0.300025224686, 154
0.304751157761, 156
0.308523178101, 158
0.311805009842, 160
0.314645051956, 162
0.317530155182, 164
0.320447206497, 166
0.323301076889, 168
0.335471153259, 170
0.338302135468, 172
0.341249227524, 174
0.344099998474, 176
0.348518133163, 178
0.35288310051, 180
0.356523036957, 182
0.359760046005, 184
0.36266708374, 186
0.365593194962, 188
0.36837220192, 190
0.371187210083, 192
0.37396812439, 194
0.376741170883, 196
0.37953710556, 198
0.382301092148, 200
0.385018110275, 202
0.387892007828, 204
0.390682220459, 206
0.393377065659, 208
0.396096229553, 210
0.398800134659, 212
0.401464223862, 214
0.404162168503, 216
0.406815052032, 218
0.409557104111, 220
0.412232160568, 222
0.414957046509, 224
0.417703151703, 226
0.42042517662, 228
0.423032045364, 230
0.425621032715, 232
0.428206205368, 234
0.432489156723, 236
0.436724185944, 238
0.440258026123, 240
0.443306207657, 242
0.445978164673, 244
0.448814153671, 246
0.451364994049, 248
0.453905105591, 250
0.456443071365, 252
0.458989143372, 254
0.461807012558, 256
0.464560031891, 258
0.467139005661, 260
0.469700098038, 262
0.472306013107, 264
0.475038051605, 266
0.477669000626, 268
0.480463027954, 270
0.48299908638, 272
0.485616207123, 274
0.488214015961, 276
0.490706205368, 278
0.493144035339, 280
0.495778083801, 282
0.49817609787, 284
0.50061416626, 286
0.503076076508, 288
0.50546503067, 290
0.508369207382, 292
0.510968208313, 294
0.514149188995, 296
0.517116069794, 298
0.519767045975, 300
0.52214217186, 302
0.524253129959, 304
0.526460170746, 306
0.528562068939, 308
0.530651092529, 310
0.532790184021, 312
0.534867048264, 314
0.537532091141, 316
0.541414022446, 318
0.544470071793, 320
0.547287225723, 322
0.549718141556, 324
0.551841020584, 326
0.553907155991, 328
0.556001186371, 330
0.558046102524, 332
0.560089111328, 334
0.562168121338, 336
0.564234018326, 338
0.566205024719, 340
0.56839799881, 342
0.570385217667, 344
0.572342157364, 346
0.574392080307, 348
0.57640004158, 350
0.57834815979, 352
0.581401109695, 354
0.58479809761, 356
0.587604999542, 358
0.590134143829, 360
0.592410087585, 362
0.594457149506, 364
0.596369028091, 366
0.598662137985, 368
0.600669145584, 370
0.602623224258, 372
0.604641199112, 374
0.606597185135, 376
0.608542203903, 378
0.610409021378, 380
0.612272024155, 382
0.614163160324, 384
0.616003036499, 386
0.617920160294, 388
0.619738101959, 390
0.621548175812, 392
0.623398065567, 394
0.625196218491, 396
0.626986026764, 398
0.629056215286, 400
0.630831003189, 402
0.632592201233, 404
0.634371995926, 406
0.636140108109, 408
0.637991189957, 410
0.639806032181, 412
0.641535997391, 414
0.643254995346, 416
0.64502620697, 418
0.648333072662, 420
0.651148080826, 422
0.65360212326, 424
0.655852079391, 426
0.657930135727, 428
0.659741163254, 430
0.661846160889, 432
0.664243221283, 434
0.666204214096, 436
0.667993068695, 438
0.669684171677, 440
0.671413183212, 442
0.673107147217, 444
0.674835205078, 446
0.676557064056, 448
0.679164171219, 450
0.682154178619, 452
0.684634208679, 454
0.686846017838, 456
0.688920021057, 458
0.690827131271, 460
0.692583084106, 462
0.694238185883, 464
0.696310997009, 466
0.698968172073, 468
0.701349020004, 470
0.703519105911, 472
0.705462217331, 474
0.707286119461, 476
0.708908081055, 478
0.710507154465, 480
0.712158203125, 482
0.713769197464, 484
0.715373039246, 486
0.716955184937, 488
0.720237016678, 490
0.722894191742, 492
0.725223064423, 494
0.727313041687, 496
0.729240179062, 498
0.731030225754, 500
0.732734203339, 502
0.734430074692, 504
0.735965013504, 506
0.737498044968, 508
0.739023208618, 510
0.740550994873, 512
0.742121219635, 514
0.74363899231, 516
0.745247125626, 518
0.746796131134, 520
0.74849319458, 522
0.750185012817, 524
0.751785039902, 526
0.753327131271, 528
0.754830121994, 530
0.756325006485, 532
0.757867097855, 534
0.759351015091, 536
0.760843992233, 538
0.762892007828, 540
0.765899181366, 542
0.76815700531, 544
0.770270109177, 546
0.772248029709, 548
0.774019002914, 550
0.775692224503, 552
0.777544021606, 554
0.779192209244, 556
0.780946016312, 558
0.782707214355, 560
0.784679174423, 562
0.786446094513, 564
0.788576126099, 566
0.790453195572, 568
0.792017221451, 570
0.793470144272, 572
0.794951200485, 574
0.796709060669, 576
0.798420190811, 578
0.800067186356, 580
0.801531076431, 582
0.80299115181, 584
0.804486036301, 586
0.806002140045, 588
0.807519197464, 590
0.809127092361, 592
0.810566186905, 594
0.8120200634, 596
0.813623189926, 598
0.815149068832, 600
0.816662073135, 602
0.818210124969, 604
0.819675207138, 606
0.82134103775, 608
0.822748184204, 610
0.824148178101, 612
0.82554602623, 614
0.826941013336, 616
0.829340219498, 618
0.831983089447, 620
0.834021091461, 622
0.835948228836, 624
0.837742090225, 626
0.839392185211, 628
0.840964078903, 630
0.842391014099, 632
0.843772172928, 634
0.845081090927, 636
0.846388101578, 638
0.847694158554, 640
0.848994016647, 642
0.850292205811, 644
0.851591110229, 646
0.852881193161, 648
0.854207992554, 650
0.855497121811, 652
0.856810092926, 654
0.858090162277, 656
0.859363079071, 658
0.860635042191, 660
0.861898183823, 662
0.863200187683, 664
0.864631175995, 666
0.865966081619, 668
0.867322206497, 670
0.868723154068, 672
0.870035171509, 674
0.871275186539, 676
0.872513055801, 678
0.873795032501, 680
0.875021219254, 682
0.876247167587, 684
0.877467155457, 686
0.878761053085, 688
0.880232095718, 690
0.881620168686, 692
0.882907152176, 694
0.884117126465, 696
0.885326147079, 698
0.886535167694, 700
0.887742042542, 702
0.888939142227, 704
0.890143156052, 706
0.891386032104, 708
0.892582178116, 710
0.893777132034, 712
0.895043134689, 714
0.896230220795, 716
0.897520065308, 718
0.898824214935, 720
0.900046110153, 722
0.901212215424, 724
0.902372121811, 726
0.903526067734, 728
0.904672145844, 730
0.905860185623, 732
0.907132148743, 734
0.908270120621, 736
0.909464120865, 738
0.910603046417, 740
0.911737203598, 742
0.913047075272, 744
0.914244174957, 746
0.915413141251, 748
0.916578054428, 750
0.917726993561, 752
0.918852090836, 754
0.919968128204, 756
0.921070098877, 758
0.922175168991, 760
0.923272132874, 762
0.924362182617, 764
0.925449132919, 766
0.926531076431, 768
0.927723169327, 770
0.92889213562, 772
0.929975032806, 774
0.931048154831, 776
0.932157993317, 778
0.933222055435, 780
0.934287071228, 782
0.935347080231, 784
0.93644618988, 786
0.93762922287, 788
0.938720226288, 790
0.939818143845, 792
0.940869092941, 794
0.941961050034, 796
0.943005084991, 798
0.944048166275, 800
0.945122003555, 802
0.946220159531, 804
0.947255134583, 806
0.948283195496, 808
0.949314117432, 810
0.95034122467, 812
0.951435089111, 814
0.952498197556, 816
0.953505992889, 818
0.954506158829, 820
0.955502033234, 822
0.956495046616, 824
0.957609176636, 826
0.958710193634, 828
0.959697008133, 830
0.960685014725, 832
0.961693048477, 834
0.962742090225, 836
0.96474814415, 838
0.966750144958, 840
0.968257188797, 842
0.96972322464, 844
0.971101999283, 846
0.972398042679, 848
0.973661184311, 850
0.974806070328, 852
0.975947141647, 854
0.97697520256, 856
0.97801399231, 858
0.978956222534, 860
0.979942083359, 862
0.980893135071, 864
0.981819152832, 866
0.982742071152, 868
0.984519004822, 870
0.986403226852, 872
0.987995147705, 874
0.989383220673, 876
0.990709066391, 878
0.991927146912, 880
0.993145227432, 882
0.994238138199, 884
0.99530506134, 886
0.996379137039, 888
0.99739408493, 890
0.99826002121, 892
0.99911904335, 894
0.999975204468, 896
1.00086808205, 898
1.00171422958, 900
1.00255799294, 902
1.00339913368, 904
1.00423312187, 906
1.00505709648, 908
1.00593018532, 910
1.0067460537, 912
1.00760602951, 914
1.0085041523, 916
1.0093100071, 918
1.01016521454, 920
1.01103019714, 922
1.0118830204, 924
1.0126709938, 926
1.01346111298, 928
1.01424717903, 930
1.01503205299, 932
1.01581501961, 934
1.0165951252, 936
1.01749014854, 938
1.01837706566, 940
1.01916503906, 942
1.01993322372, 944
1.02069401741, 946
1.0214509964, 948
1.02220511436, 950
1.022960186, 952
1.02370500565, 954
1.02444911003, 956
1.02529001236, 958
1.02603316307, 960
