0.00674700737, 2
0.0126039981842, 4
0.0270340442657, 6
0.0328240394592, 8
0.038526058197, 10
0.0444211959839, 12
0.0502781867981, 14
0.0559320449829, 16
0.0616290569305, 18
0.0671911239624, 20
0.0728950500488, 22
0.0785050392151, 24
0.084034204483, 26
0.0983581542969, 28
0.103891134262, 30
0.109279155731, 32
0.116844177246, 34
0.123032093048, 36
0.128617048264, 38
0.134850025177, 40
0.140278100967, 42
0.145925045013, 44
0.152026176453, 46
0.158173084259, 48
0.163363218307, 50
0.168575048447, 52
0.18533205986, 54
0.192731142044, 56
0.198364019394, 58
0.203683137894, 60
0.209073066711, 62
0.214284181595, 64
0.222048997879, 66
0.228458166122, 68
0.23340010643, 70
0.239370107651, 72
0.246330022812, 74
0.251803159714, 76
0.256515026093, 78
0.261296033859, 80
0.2670981884, 82
0.272322177887, 84
0.286696195602, 86
0.291504144669, 88
0.297123193741, 90
0.303157091141, 92
0.308709144592, 94
0.315031051636, 96
0.320462226868, 98
0.326146125793, 100
0.33305811882, 102
0.338557004929, 104
0.343315124512, 106
0.347900152206, 108
0.352339029312, 110
0.356733083725, 112
0.361150026321, 114
0.365461111069, 116
0.36983704567, 118
0.374152183533, 120
0.387783050537, 122
0.391963005066, 124
0.396181106567, 126
0.401675224304, 128
0.408037185669, 130
0.412943124771, 132
0.4185090065, 134
0.423691034317, 136
0.427928209305, 138
0.43200302124, 140
0.436326026917, 142
0.440288066864, 144
0.44441318512, 146
0.448520183563, 148
0.452825069427, 150
0.45676112175, 152
0.46094918251, 154
0.464882135391, 156
0.468776226044, 158
0.472635030746, 160
0.47779917717, 162
0.483349084854, 164
0.488046169281, 166
0.501214027405, 168
0.505294084549, 170
0.509090185165, 172
0.512881040573, 174
0.517413139343, 176
0.522594213486, 178
0.527233123779, 180
0.531191110611, 182
0.534934043884, 184
0.538549184799, 186
0.542144060135, 188
0.545639038086, 190
0.54953622818, 192
0.555766105652, 194
0.560433149338, 196
0.564414024353, 198
0.567910194397, 200
0.571438074112, 202
0.574841022491, 204
0.578357219696, 206
0.58175110817, 208
0.58519411087, 210
0.588575124741, 212
0.591996192932, 214
0.596992015839, 216
0.602498054504, 218
0.606813192368, 220
0.610443115234, 222
0.613740205765, 224
0.617097139359, 226
0.620490074158, 228
0.633886098862, 230
0.637318134308, 232
0.640528202057, 234
0.643793106079, 236
0.647009134293, 238
0.650358200073, 240
0.653711080551, 242
0.657102108002, 244
0.660311222076, 246
0.663490056992, 248
0.666908025742, 250
0.670033216476, 252
0.673188209534, 254
0.67640209198, 256
0.679504156113, 258
0.682562112808, 260
0.685626029968, 262
0.68861913681, 264
0.691673994064, 266
0.694727182388, 268
0.697769165039, 270
0.700775146484, 272
0.703728199005, 274
0.706758022308, 276
0.709654092789, 278
0.712592124939, 280
0.715726137161, 282
0.71869301796, 284
0.721724033356, 286
0.724674224854, 288
0.727553129196, 290
0.730377197266, 292
0.734775066376, 294
0.739291191101, 296
0.742974042892, 298
0.746370077133, 300
0.74972319603, 302
0.753657102585, 304
0.757099151611, 306
0.76008105278, 308
0.762773036957, 310
0.765520095825, 312
0.768207073212, 314
0.771126031876, 316
0.77385020256, 318
0.776627063751, 320
0.779354095459, 322
0.781984090805, 324
0.78478717804, 326
0.787377119064, 328
0.78995513916, 330
0.792641162872, 332
0.804814100266, 334
0.807413101196, 336
0.809977054596, 338
0.812570095062, 340
0.815262079239, 342
0.817892074585, 344
0.820564031601, 346
0.823166131973, 348
0.825691223145, 350
0.828220129013, 352
0.830726146698, 354
0.833300113678, 356
0.835916042328, 358
0.838348150253, 360
0.840827226639, 362
0.843032121658, 364
0.845262050629, 366
0.847440004349, 368
0.849750041962, 370
0.85201215744, 372
0.854151010513, 374
0.85632109642, 376
0.858483076096, 378
0.860586166382, 380
0.862782001495, 382
0.8652780056, 384
0.867550134659, 386
0.869742155075, 388
0.871824026108, 390
0.87390422821, 392
0.875929117203, 394
0.877990007401, 396
0.880030155182, 398
0.88204908371, 400
0.883993148804, 402
0.885949134827, 404
0.887996196747, 406
0.889913082123, 408
0.891898155212, 410
0.893930196762, 412
0.895828008652, 414
0.897714138031, 416
0.899704217911, 418
0.901823043823, 420
0.903681993484, 422
0.905522108078, 424
0.90736413002, 426
0.909186124802, 428
0.911002159119, 430
0.912862062454, 432
0.914717197418, 434
0.916728019714, 436
0.918814182281, 438
0.920611143112, 440
0.922399997711, 442
0.924326181412, 444
0.926221132278, 446
0.927992105484, 448
0.929780006409, 450
0.931548118591, 452
0.933433055878, 454
0.93520116806, 456
0.936899185181, 458
0.938629150391, 460
0.94037604332, 462
0.942161083221, 464
0.943840026855, 466
0.945535182953, 468
0.947187185287, 470
0.949129104614, 472
0.950843095779, 474
0.95245718956, 476
0.954198122025, 478
0.955918073654, 480
0.957524061203, 482
0.959201097488, 484
0.960804224014, 486
0.962428092957, 488
0.96400308609, 490
0.965756177902, 492
0.967396020889, 494
0.968971014023, 496
0.970526218414, 498
0.972082138062, 500
0.973632097244, 502
0.97527718544, 504
0.976846218109, 506
0.978409051895, 508
0.980010032654, 510
0.981610059738, 512
0.983117103577, 514
0.984827041626, 516
0.986410140991, 518
0.987895011902, 520
0.989495038986, 522
0.991060018539, 524
0.992624998093, 526
0.994127035141, 528
0.995598077774, 530
0.997048139572, 532
0.998578071594, 534
1.00021505356, 536
1.00180315971, 538
1.00323200226, 540
1.00468206406, 542
1.00618314743, 544
1.00762701035, 546
1.00906515121, 548
1.01049518585, 550
1.0119240284, 552
1.01339411736, 554
1.01485204697, 556
1.0162332058, 558
1.01761221886, 560
1.01901221275, 562
1.02035903931, 564
1.02170801163, 566
1.02303504944, 568
1.02435302734, 570
1.02573800087, 572
1.0270781517, 574
1.02836704254, 576
1.02972102165, 578
1.03103613853, 580
1.03229999542, 582
1.03357100487, 584
1.03485512733, 586
1.03613114357, 588
1.03745222092, 590
1.03874707222, 592
1.0399620533, 594
1.04117012024, 596
1.04237413406, 598
1.04357719421, 600
1.04500317574, 602
1.04621315002, 604
1.04741120338, 606
1.0486562252, 608
1.05007314682, 610
1.05133414268, 612
1.05251002312, 614
1.05367803574, 616
1.05488204956, 618
1.05604219437, 620
1.05725312233, 622
1.05845022202, 624
1.05960917473, 626
1.06083011627, 628
1.06210017204, 630
1.06323814392, 632
1.0644261837, 634
1.06556415558, 636
1.06670022011, 638
1.06784200668, 640
1.06897211075, 642
1.07033109665, 644
1.07172417641, 646
1.07321000099, 648
1.07452607155, 650
1.0757420063, 652
1.07700419426, 654
1.07814407349, 656
1.07923102379, 658
1.08035206795, 660
1.08149504662, 662
1.08267307281, 664
1.08384919167, 666
1.08491015434, 668
1.0860080719, 670
1.0870552063, 672
1.08809900284, 674
1.0891392231, 676
1.09018707275, 678
1.0912270546, 680
1.09230303764, 682
1.09337306023, 684
1.09440016747, 686
1.09542608261, 688
1.09645009041, 690
1.09791207314, 692
1.10003209114, 694
1.10196399689, 696
1.10351204872, 698
1.10504722595, 700
1.10639810562, 702
1.10773921013, 704
1.1089720726, 706
1.11019611359, 708
1.11134505272, 710
1.11239600182, 712
1.11346507072, 714
1.11451816559, 716
1.11554408073, 718
1.11656808853, 720
1.11754703522, 722
1.11854910851, 724
1.11952400208, 726
1.12048411369, 728
1.12143921852, 730
1.12244200706, 732
1.12339520454, 734
1.12439012527, 736
1.12538599968, 738
1.12633299828, 740
1.1272752285, 742
1.12837004662, 744
1.12935519218, 746
1.13032603264, 748
1.13126301765, 750
1.132199049, 752
1.13313508034, 754
1.13420915604, 756
1.13524913788, 758
1.13622117043, 760
1.13715100288, 762
1.13808107376, 764
1.13899707794, 766
1.13991117477, 768
1.14082121849, 770
1.14173722267, 772
1.14263916016, 774
1.14357614517, 776
1.14458203316, 778
1.14554405212, 780
1.14656710625, 782
1.14754509926, 784
1.14845013618, 786
1.14998722076, 788
1.15185904503, 790
1.15348410606, 792
1.15482521057, 794
1.15616416931, 796
1.15738415718, 798
1.15856719017, 800
1.15972208977, 802
1.16078400612, 804
1.16183805466, 806
1.16280317307, 808
1.16382718086, 810
1.16484713554, 812
1.16584205627, 814
1.16681218147, 816
1.16769313812, 818
1.16857099533, 820
1.16944718361, 822
1.17032313347, 824
1.17119717598, 826
1.17207217216, 828
1.17294406891, 830
1.17382001877, 832
1.17471003532, 834
