0.000837802886963, 2
0.00150895118713, 4
0.00219392776489, 6
0.00275087356567, 8
0.00328183174133, 10
0.00379776954651, 12
0.00429797172546, 14
0.00478076934814, 16
0.00524878501892, 18
0.00569677352905, 20
0.00618886947632, 22
0.00665998458862, 24
0.00707793235779, 26
0.00747895240784, 28
0.00787997245789, 30
0.00826096534729, 32
0.00862884521484, 34
0.00898480415344, 36
0.00937581062317, 38
0.00970196723938, 40
0.0100197792053, 42
0.0103278160095, 44
0.0106868743896, 46
0.0109758377075, 48
0.0112488269806, 50
0.0115149021149, 52
0.0117659568787, 54
0.0120139122009, 56
0.0122528076172, 58
0.0124838352203, 60
0.0127129554749, 62
0.012925863266, 64
0.0131418704987, 66
0.0133438110352, 68
0.0135397911072, 70
0.0137288570404, 72
0.013897895813, 74
0.0140709877014, 76
0.0142388343811, 78
0.014396905899, 80
0.0145499706268, 82
0.0147008895874, 84
0.0148448944092, 86
0.0149779319763, 88
0.0151197910309, 90
0.01527094841, 92
0.0153918266296, 94
0.0155069828033, 96
0.0156199932098, 98
0.0157318115234, 100
0.015832901001, 102
0.0159289836884, 104
0.0160238742828, 106
0.0161159038544, 108
0.01624584198, 110
