0.0341091156006, 2
0.0769131183624, 4
0.105492115021, 6
0.149842023849, 8
0.174589157104, 10
0.218477964401, 12
0.248690128326, 14
0.277249097824, 16
0.320634126663, 18
0.349444150925, 20
0.394302129745, 22
0.419862985611, 24
0.468780994415, 26
0.494987010956, 28
0.538392066956, 30
0.564056158066, 32
0.591896057129, 34
0.635178089142, 36
0.660796165466, 38
0.704144001007, 40
0.732107162476, 42
0.776272058487, 44
0.804849147797, 46
0.847429037094, 48
0.876199007034, 50
0.901973009109, 52
0.945389032364, 54
0.97004699707, 56
1.01749110222, 58
1.04639816284, 60
1.08815598488, 62
1.11098599434, 64
1.15286707878, 66
1.17786097527, 68
1.20156598091, 70
1.24643516541, 72
1.27298402786, 74
1.31844496727, 76
1.34526610374, 78
1.3907430172, 80
1.4164750576, 82
1.44102096558, 84
1.48240399361, 86
1.51111602783, 88
1.55928897858, 90
1.5835750103, 92
1.63370394707, 94
1.66096615791, 96
1.70725798607, 98
1.73469805717, 100
1.76565504074, 102
1.80996417999, 104
1.83797717094, 106
1.88491296768, 108
1.91267299652, 110
1.95916008949, 112
1.98322105408, 114
2.01198506355, 116
2.05744194984, 118
2.08784604073, 120
2.13228797913, 122
2.16162610054, 124
2.20635104179, 126
2.23530817032, 128
2.28763198853, 130
2.31531095505, 132
2.33864116669, 134
2.3809671402, 136
2.41056609154, 138
2.45276498795, 140
2.48083496094, 142
2.50930809975, 144
2.55203914642, 146
2.58026099205, 148
2.62101697922, 150
2.6471581459, 152
2.69440412521, 154
2.72162699699, 156
2.74435210228, 158
2.78924512863, 160
2.81323218346, 162
2.85532808304, 164
2.88280916214, 166
2.92209100723, 168
2.94438505173, 170
2.96690511703, 172
3.00715303421, 174
3.03696894646, 176
3.07586598396, 178
3.09999108315, 180
3.12792897224, 182
3.16877508163, 184
3.19536113739, 186
3.23892712593, 188
3.26674413681, 190
3.31129598618, 192
3.33547306061, 194
3.3623239994, 196
3.40679502487, 198
3.42921805382, 200
3.47065711021, 202
3.49257707596, 204
3.53760504723, 206
3.56607413292, 208
3.59300804138, 210
3.63576102257, 212
3.6618039608, 214
3.70164704323, 216
3.72496294975, 218
3.75380802155, 220
3.79842114449, 222
3.82076907158, 224
3.8625421524, 226
3.88953399658, 228
3.93001794815, 230
3.95624804497, 232
3.98382306099, 234
4.02663016319, 236
4.05356502533, 238
4.09314703941, 240
4.11509013176, 242
4.13738012314, 244
4.18174099922, 246
4.20786714554, 248
4.24864315987, 250
4.27182197571, 252
4.29971218109, 254
4.34549307823, 256
4.36911296844, 258
4.41353607178, 260
4.43840813637, 262
4.47093200684, 264
4.51632595062, 266
4.54214596748, 268
4.58450913429, 270
4.61573505402, 272
4.64022517204, 274
4.68346500397, 276
4.70753216743, 278
4.74986600876, 280
4.77409505844, 282
4.81701803207, 284
4.84473395348, 286
4.86893796921, 288
4.91213703156, 290
4.93597412109, 292
4.97669315338, 294
5.00367307663, 296
5.03140902519, 298
5.0844950676, 300
5.10879802704, 302
5.15174102783, 304
5.17555809021, 306
5.19884800911, 308
5.23740005493, 310
5.26257514954, 312
5.29983115196, 314
5.32519316673, 316
5.35124897957, 318
5.39160609245, 320
5.41420006752, 322
5.45534396172, 324
5.48243713379, 326
5.51084899902, 328
5.55039095879, 330
5.57660007477, 332
5.62436199188, 334
5.65052008629, 336
5.67594408989, 338
5.71633005142, 340
5.73978900909, 342
5.77718710899, 344
5.80308508873, 346
5.8257291317, 348
5.86865401268, 350
5.89260697365, 352
5.91839599609, 354
5.95850610733, 356
5.98236298561, 358
6.02504301071, 360
6.04908704758, 362
6.07317304611, 364
6.11446213722, 366
6.1388361454, 368
6.17882013321, 370
6.20365095139, 372
6.2279920578, 374
6.26827216148, 376
6.29239916801, 378
6.33190917969, 380
6.35425209999, 382
6.37808012962, 384
6.41558098793, 386
6.43821406364, 388
6.46172213554, 390
6.49963307381, 392
6.5233039856, 394
6.56000494957, 396
6.58694410324, 398
6.61460995674, 400
6.65660715103, 402
6.6789021492, 404
6.71918296814, 406
6.74511599541, 408
6.76681995392, 410
6.80529999733, 412
6.82916498184, 414
6.87093496323, 416
6.89743900299, 418
6.92216205597, 420
6.96551203728, 422
6.98826003075, 424
7.02796006203, 426
7.05341410637, 428
7.07731103897, 430
7.12280201912, 432
7.14676713943, 434
7.17310595512, 436
7.21469712257, 438
7.24042701721, 440
7.28457117081, 442
7.30800008774, 444
7.3317489624, 446
7.37169599533, 448
7.39602303505, 450
7.44295310974, 452
7.46818709373, 454
7.49508094788, 456
7.53642201424, 458
7.56236004829, 460
7.60563015938, 462
7.63205504417, 464
7.65652704239, 466
7.69814705849, 468
7.72552204132, 470
7.75209617615, 472
7.79264903069, 474
7.83517503738, 476
7.87865996361, 478
7.9016661644, 480
7.92750811577, 482
7.97527503967, 484
8.00286102295, 486
8.02962899208, 488
8.0690510273, 490
8.09315609932, 492
8.14092803001, 494
8.16443014145, 496
8.18835997581, 498
8.23271203041, 500
8.26437211037, 502
8.29017210007, 504
8.33137917519, 506
8.37068605423, 508
8.42782616615, 510
8.45079398155, 512
8.47654700279, 514
8.51916694641, 516
8.54553318024, 518
8.56831216812, 520
8.60450816154, 522
8.62823700905, 524
8.66615104675, 526
8.68934416771, 528
8.71117401123, 530
8.74963307381, 532
8.77406311035, 534
8.79837012291, 536
8.83320498466, 538
8.85767412186, 540
8.89711713791, 542
8.91807317734, 544
8.93925404549, 546
8.9790661335, 548
9.00182795525, 550
9.02344512939, 552
9.05782008171, 554
9.08225607872, 556
9.11912417412, 558
9.14096713066, 560
9.16423916817, 562
9.2010819912, 564
9.22654294968, 566
9.25365400314, 568
9.29293417931, 570
9.31402802467, 572
9.35202217102, 574
9.37404799461, 576
9.39737915993, 578
9.43472599983, 580
9.45687699318, 582
9.48134708405, 584
9.52209210396, 586
9.54736304283, 588
9.57422494888, 590
9.61445713043, 592
9.63474202156, 594
9.67452907562, 596
9.6939971447, 598
9.71399712563, 600
9.75184798241, 602
9.77246809006, 604
9.79270815849, 606
9.82942008972, 608
9.85372209549, 610
9.87422204018, 612
9.91138005257, 614
9.93354415894, 616
9.97421598434, 618
9.99543714523, 620
10.0161070824, 622
10.0553641319, 624
10.0794141293, 626
10.1010601521, 628
10.1373929977, 630
10.1568441391, 632
10.1780321598, 634
10.214056015, 636
10.2343809605, 638
10.2718551159, 640
10.2968759537, 642
10.316876173, 644
10.3522441387, 646
10.3715701103, 648
10.3972990513, 650
10.4329531193, 652
10.4528839588, 654
10.475851059, 656
10.513051033, 658
10.5353770256, 660
10.5581769943, 662
10.5978620052, 664
10.6260211468, 666
10.6680619717, 668
10.6898570061, 670
10.7124171257, 672
10.7543880939, 674
10.7771389484, 676
10.8000621796, 678
10.8442339897, 680
10.864839077, 682
10.88499403, 684
10.9263091087, 686
10.949103117, 688
10.9889800549, 690
11.0108671188, 692
11.0323760509, 694
11.0709881783, 696
11.0918650627, 698
11.1127951145, 700
11.1544179916, 702
11.1793441772, 704
11.1993830204, 706
11.2365560532, 708
11.2601130009, 710
11.2803089619, 712
11.3166060448, 714
11.3376369476, 716
11.3605790138, 718
11.3988070488, 720
11.4192759991, 722
11.443418026, 724
11.481637001, 726
11.5014021397, 728
11.5399651527, 730
11.5630071163, 732
11.585930109, 734
11.6232759953, 736
11.6432781219, 738
11.6707391739, 740
11.7065060139, 742
11.7275080681, 744
11.7488811016, 746
11.785681963, 748
11.8086221218, 750
11.8320810795, 752
11.8711719513, 754
11.8918671608, 756
11.914675951, 758
11.9532501698, 760
11.9738349915, 762
11.9984810352, 764
12.0350370407, 766
12.0575799942, 768
12.0801801682, 770
12.1162631512, 772
12.135821104, 774
12.154747963, 776
12.1880290508, 778
12.2066590786, 780
12.2407591343, 782
12.2592720985, 784
12.278067112, 786
12.3117191792, 788
12.3300521374, 790
12.3486831188, 792
12.382889986, 794
12.4076390266, 796
12.4322590828, 798
12.4695119858, 800
12.4928231239, 802
12.5125591755, 804
12.5489230156, 806
12.5685510635, 808
12.588602066, 810
12.6245040894, 812
12.6466071606, 814
12.6659121513, 816
12.7028470039, 818
12.7208371162, 820
12.739741087, 822
12.7732350826, 824
12.7981221676, 826
12.8170230389, 828
12.8544001579, 830
12.874461174, 832
12.9094541073, 834
12.9276971817, 836
12.9461491108, 838
12.9797160625, 840
12.9990730286, 842
13.0180661678, 844
13.0549590588, 846
13.0734901428, 848
13.098441124, 850
13.1515209675, 852
13.1733310223, 854
13.194329977, 856
13.2298910618, 858
13.2531950474, 860
13.2783901691, 862
13.3158931732, 864
13.3398740292, 866
13.363202095, 868
13.4016520977, 870
13.4243869781, 872
13.4446620941, 874
13.4837701321, 876
13.5048880577, 878
13.5300300121, 880
13.5691251755, 882
13.5941131115, 884
13.614880085, 886
13.6567649841, 888
13.676887989, 890
13.6967630386, 892
13.7315690517, 894
13.7530350685, 896
13.7758231163, 898
13.8146970272, 900
13.8321020603, 902
13.8545019627, 904
13.894356966, 906
13.9135620594, 908
13.9374260902, 910
13.9791631699, 912
13.999819994, 914
14.0210189819, 916
14.0595149994, 918
14.0791420937, 920
14.1035239697, 922
14.1473581791, 924
14.1696510315, 926
14.1888310909, 928
14.2260451317, 930
14.2459690571, 932
14.2663929462, 934
14.3062520027, 936
14.3250310421, 938
14.3464710712, 940
14.3667681217, 942
14.4039421082, 944
14.4240579605, 946
14.4431631565, 948
14.4775390625, 950
14.4954819679, 952
14.5139920712, 954
14.549487114, 956
14.5671610832, 958
14.5871150494, 960
14.6245729923, 962
14.6426770687, 964
14.6605100632, 966
14.6978499889, 968
14.7177510262, 970
14.7381570339, 972
14.7713611126, 974
14.7939031124, 976
14.8152160645, 978
14.8480870724, 980
14.8675310612, 982
14.8881671429, 984
14.9249191284, 986
14.9448571205, 988
14.9632489681, 990
14.9999260902, 992
15.018985033, 994
15.0390119553, 996
15.0744421482, 998
15.0950760841, 1000
15.1180930138, 1002
15.1542031765, 1004
15.1756680012, 1006
15.1956651211, 1008
15.2305819988, 1010
15.2496950626, 1012
15.2723071575, 1014
15.3080611229, 1016
15.3286440372, 1018
15.3473620415, 1020
15.3841891289, 1022
15.4027099609, 1024
15.4217560291, 1026
15.4601421356, 1028
15.4773981571, 1030
15.4959921837, 1032
15.5151751041, 1034
15.5526299477, 1036
15.5729231834, 1038
15.5928051472, 1040
15.6284489632, 1042
15.6465611458, 1044
15.6674561501, 1046
15.7069420815, 1048
15.7278270721, 1050
15.7478339672, 1052
15.7838401794, 1054
15.8027670383, 1056
15.8242800236, 1058
15.8632311821, 1060
15.8817470074, 1062
15.9031150341, 1064
15.9375121593, 1066
15.959608078, 1068
15.9778110981, 1070
15.999890089, 1072
16.0428049564, 1074
16.0624480247, 1076
16.0832300186, 1078
16.1212849617, 1080
16.1434621811, 1082
16.1647741795, 1084
16.2004210949, 1086
16.2214810848, 1088
16.2447500229, 1090
16.2795231342, 1092
16.2982580662, 1094
16.3182740211, 1096
16.3584070206, 1098
16.3794531822, 1100
16.401556015, 1102
16.4376621246, 1104
16.4570219517, 1106
16.4754149914, 1108
16.4974160194, 1110
16.5324101448, 1112
16.5534250736, 1114
16.5720181465, 1116
16.6073269844, 1118
16.6263041496, 1120
16.6458790302, 1122
16.6821670532, 1124
16.7020411491, 1126
16.7202131748, 1128
16.7542030811, 1130
16.7738981247, 1132
16.799172163, 1134
16.8377139568, 1136
16.8569600582, 1138
16.8763439655, 1140
16.9082300663, 1142
16.9273490906, 1144
16.9468331337, 1146
16.9661970139, 1148
16.9992041588, 1150
17.0183119774, 1152
17.0363490582, 1154
17.068969965, 1156
17.0936470032, 1158
17.1126410961, 1160
17.1461851597, 1162
17.1644799709, 1164
17.182749033, 1166
17.2148661613, 1168
17.2337369919, 1170
17.2529261112, 1172
17.2896201611, 1174
17.3094530106, 1176
17.3284380436, 1178
17.3485319614, 1180
17.3821871281, 1182
17.4013171196, 1184
17.4201080799, 1186
17.452447176, 1188
17.4709720612, 1190
17.4892261028, 1192
17.5202350616, 1194
17.5377750397, 1196
17.556743145, 1198
17.5762450695, 1200
17.6087360382, 1202
17.629199028, 1204
17.6488480568, 1206
17.685585022, 1208
17.7064449787, 1210
17.7290079594, 1212
17.7645471096, 1214
17.7845549583, 1216
17.8044471741, 1218
17.825314045, 1220
17.8618500233, 1222
17.8797490597, 1224
17.8997340202, 1226
17.9368970394, 1228
17.9567010403, 1230
17.9760460854, 1232
18.0142800808, 1234
18.0332231522, 1236
18.0526030064, 1238
18.0715899467, 1240
18.1062340736, 1242
18.12530303, 1244
18.1443021297, 1246
18.1780359745, 1248
18.1962351799, 1250
18.2147819996, 1252
18.2596111298, 1254
18.2819290161, 1256
18.304461956, 1258
18.3254780769, 1260
18.3617310524, 1262
18.3825941086, 1264
18.4030151367, 1266
18.4376120567, 1268
18.4576840401, 1270
18.4775600433, 1272
18.510969162, 1274
18.5303709507, 1276
18.5499680042, 1278
18.5809969902, 1280
18.6157870293, 1282
18.6354551315, 1284
18.6549270153, 1286
18.6938049793, 1288
18.7184920311, 1290
18.7397091389, 1292
18.7775859833, 1294
18.7957849503, 1296
18.8142709732, 1298
18.8372671604, 1300
18.8730139732, 1302
18.8903801441, 1304
18.911123991, 1306
18.9425840378, 1308
18.9626750946, 1310
18.9829349518, 1312
19.0188450813, 1314
19.0369870663, 1316
19.0544559956, 1318
19.0939021111, 1320
19.1116740704, 1322
19.1292221546, 1324
19.1469869614, 1326
19.1859200001, 1328
19.2050139904, 1330
19.2249829769, 1332
19.2606749535, 1334
19.2809500694, 1336
19.3018090725, 1338
19.3207480907, 1340
19.3546061516, 1342
19.3719010353, 1344
19.3904459476, 1346
19.4248511791, 1348
19.4422981739, 1350
19.459813118, 1352
19.4769439697, 1354
19.5140051842, 1356
19.5313751698, 1358
19.5484790802, 1360
19.5924830437, 1362
19.6124069691, 1364
19.6308701038, 1366
19.64797616, 1368
19.681730032, 1370
19.7024610043, 1372
19.7208461761, 1374
19.7546191216, 1376
19.773537159, 1378
19.7900500298, 1380
19.8085520267, 1382
19.8395290375, 1384
19.8563411236, 1386
19.8774271011, 1388
19.9103600979, 1390
19.927270174, 1392
19.9441831112, 1394
19.9640049934, 1396
19.9976291656, 1398
20.0149691105, 1400
20.0350580215, 1402
20.0704891682, 1404
20.0884041786, 1406
20.1054410934, 1408
20.1264009476, 1410
20.1619181633, 1412
20.1793961525, 1414
20.1962449551, 1416
20.2309851646, 1418
20.249268055, 1420
20.2656340599, 1422
20.2829461098, 1424
20.3176929951, 1426
20.3345999718, 1428
20.3545751572, 1430
20.3890349865, 1432
20.4056539536, 1434
20.4232070446, 1436
20.4405310154, 1438
20.4713220596, 1440
20.4926021099, 1442
20.5090150833, 1444
20.5395150185, 1446
20.5604290962, 1448
20.5776150227, 1450
20.5951731205, 1452
20.6298310757, 1454
20.6490631104, 1456
20.6657090187, 1458
20.6959040165, 1460
20.7137620449, 1462
20.7294111252, 1464
20.7451601028, 1466
20.7758581638, 1468
20.7933690548, 1470
20.8097281456, 1472
20.8402881622, 1474
20.8606340885, 1476
20.8780181408, 1478
20.8969240189, 1480
20.9273810387, 1482
20.9437429905, 1484
20.959731102, 1486
20.9936430454, 1488
21.0111069679, 1490
21.0290880203, 1492
21.0489940643, 1494
21.083837986, 1496
21.1013391018, 1498
21.1183049679, 1500
21.1507301331, 1502
21.1712889671, 1504
21.1895551682, 1506
21.2066049576, 1508
21.2402861118, 1510
21.2571070194, 1512
21.273170948, 1514
21.3078131676, 1516
21.3275330067, 1518
21.3439061642, 1520
21.359511137, 1522
21.3906619549, 1524
21.4099011421, 1526
21.4305050373, 1528
21.4687120914, 1530
21.487183094, 1532
21.5056769848, 1534
21.5233449936, 1536
21.5578951836, 1538
21.5785009861, 1540
21.5966320038, 1542
21.614068985, 1544
21.6481339931, 1546
21.6670410633, 1548
21.6842010021, 1550
21.7163350582, 1552
21.7311179638, 1554
21.7488629818, 1556
21.7641050816, 1558
21.7949130535, 1560
21.8122551441, 1562
21.8279819489, 1564
21.8435339928, 1566
21.8755400181, 1568
21.8912680149, 1570
21.9081189632, 1572
21.9402849674, 1574
21.9563951492, 1576
21.9767670631, 1578
21.995898962, 1580
22.0291061401, 1582
22.0503320694, 1584
22.0728571415, 1586
22.0960741043, 1588
22.134552002, 1590
22.1547210217, 1592
22.1740231514, 1594
22.1933701038, 1596
22.2308599949, 1598
22.2499251366, 1600
22.2684650421, 1602
22.3042089939, 1604
22.3210661411, 1606
22.3386080265, 1608
22.3555600643, 1610
22.3917920589, 1612
22.4105601311, 1614
22.4270131588, 1616
22.4462001324, 1618
22.478413105, 1620
22.4972090721, 1622
22.5142531395, 1624
22.5469191074, 1626
22.5634789467, 1628
22.5813770294, 1630
22.5990800858, 1632
22.6330900192, 1634
22.6506149769, 1636
22.667714119, 1638
22.6850950718, 1640
22.7153651714, 1642
22.7326490879, 1644
22.7491061687, 1646
22.7795190811, 1648
22.7970831394, 1650
22.8131661415, 1652
22.8357851505, 1654
22.8705701828, 1656
22.8873820305, 1658
22.9046690464, 1660
22.9218661785, 1662
22.9536781311, 1664
22.9713461399, 1666
22.9898681641, 1668
23.0239241123, 1670
23.0401010513, 1672
23.0574820042, 1674
23.0746810436, 1676
23.109552145, 1678
23.1311860085, 1680
23.1509251595, 1682
23.1692950726, 1684
23.2030220032, 1686
23.2209880352, 1688
23.2391090393, 1690
23.257117033, 1692
23.2887151241, 1694
23.3047430515, 1696
23.3214991093, 1698
23.3556110859, 1700
23.3720049858, 1702
23.3892760277, 1704
23.4048740864, 1706
23.4356150627, 1708
23.4532411098, 1710
23.468239069, 1712
23.4851169586, 1714
23.5165841579, 1716
23.5327341557, 1718
23.5481991768, 1720
23.5802621841, 1722
23.5961639881, 1724
23.6116681099, 1726
23.6312530041, 1728
23.6606750488, 1730
23.6755940914, 1732
23.6904959679, 1734
23.7057471275, 1736
23.7393460274, 1738
23.7565820217, 1740
23.777064085, 1742
23.8128261566, 1744
23.8296091557, 1746
23.8457050323, 1748
23.8620281219, 1750
23.897436142, 1752
23.9137589931, 1754
23.9301381111, 1756
23.9511229992, 1758
23.9844100475, 1760
24.0029489994, 1762
24.0203561783, 1764
24.0386650562, 1766
24.0730271339, 1768
24.0898580551, 1770
24.1060991287, 1772
24.1226260662, 1774
24.1551771164, 1776
24.1704390049, 1778
24.1867280006, 1780
24.2032420635, 1782
24.2369360924, 1784
24.2537641525, 1786
24.270401001, 1788
24.2901110649, 1790
24.32320714, 1792
24.3407821655, 1794
24.3569340706, 1796
24.3921911716, 1798
24.4070460796, 1800
24.4224610329, 1802
24.4402580261, 1804
24.4730551243, 1806
24.4881370068, 1808
24.5061759949, 1810
24.5211400986, 1812
24.5562431812, 1814
24.5703670979, 1816
24.586163044, 1818
24.6054711342, 1820
24.6464180946, 1822
24.6729280949, 1824
24.6909630299, 1826
24.7074580193, 1828
24.7408981323, 1830
24.7563421726, 1832
24.7734911442, 1834
24.7904760838, 1836
24.8207120895, 1838
24.8369431496, 1840
24.8540370464, 1842
24.8720200062, 1844
24.9042201042, 1846
24.920317173, 1848
24.9370090961, 1850
24.9536790848, 1852
24.9879841805, 1854
25.0061161518, 1856
25.0223650932, 1858
25.0391559601, 1860
25.0714199543, 1862
25.0904481411, 1864
25.1089639664, 1866
25.1270210743, 1868
25.1588611603, 1870
25.1773531437, 1872
25.1939861774, 1874
25.2108721733, 1876
25.2424621582, 1878
25.2586941719, 1880
25.2743029594, 1882
25.2924129963, 1884
25.3279089928, 1886
25.3452210426, 1888
25.3610901833, 1890
25.3915030956, 1892
25.4076700211, 1894
25.4234759808, 1896
25.43978405, 1898
25.4688420296, 1900
25.4834911823, 1902
25.500672102, 1904
25.5186550617, 1906
25.5499191284, 1908
25.5653719902, 1910
25.5802049637, 1912
25.5950269699, 1914
25.623924017, 1916
25.6383180618, 1918
25.6551361084, 1920
25.6718611717, 1922
25.7011771202, 1924
25.7165000439, 1926
25.732614994, 1928
25.7494289875, 1930
25.7802841663, 1932
25.7964820862, 1934
25.8199031353, 1936
25.8360071182, 1938
25.8695991039, 1940
25.8873720169, 1942
25.9036421776, 1944
25.9227261543, 1946
25.9705860615, 1948
25.9867260456, 1950
26.0056390762, 1952
26.0213961601, 1954
26.0550191402, 1956
26.0724849701, 1958
26.0906071663, 1960
26.108549118, 1962
26.1412751675, 1964
26.1555919647, 1966
26.1708040237, 1968
26.1896259785, 1970
26.2213921547, 1972
26.2355680466, 1974
26.249587059, 1976
26.2673540115, 1978
26.2997720242, 1980
26.3147311211, 1982
26.3311450481, 1984
26.3465311527, 1986
26.3784601688, 1988
26.3957080841, 1990
26.4114501476, 1992
26.4253041744, 1994
26.457873106, 1996
26.4756131172, 1998
26.490997076, 2000
26.5049500465, 2002
26.5189831257, 2004
26.5563321114, 2006
26.5739750862, 2008
26.5896680355, 2010
26.6075761318, 2012
26.6430571079, 2014
26.6579511166, 2016
26.6718430519, 2018
26.6903829575, 2020
26.720056057, 2022
26.7337350845, 2024
26.7485280037, 2026
26.7627000809, 2028
26.7920310497, 2030
26.8066160679, 2032
26.8211491108, 2034
26.8348519802, 2036
26.8636369705, 2038
26.8824031353, 2040
26.8993551731, 2042
26.9135899544, 2044
26.9445149899, 2046
26.9585411549, 2048
26.9740791321, 2050
26.9894931316, 2052
27.0047559738, 2054
27.0325889587, 2056
27.0508100986, 2058
27.0687179565, 2060
27.0842900276, 2062
27.1135890484, 2064
27.131870985, 2066
27.1476681232, 2068
27.1644790173, 2070
27.1984591484, 2072
27.2138531208, 2074
27.227230072, 2076
27.2453491688, 2078
27.2722551823, 2080
27.2872800827, 2082
27.3021249771, 2084
27.3170771599, 2086
27.350728035, 2088
27.3676991463, 2090
27.3834941387, 2092
27.4000320435, 2094
27.4288959503, 2096
27.4421000481, 2098
27.4554851055, 2100
27.4729990959, 2102
27.4987971783, 2104
27.5121979713, 2106
27.5258049965, 2108
27.539741993, 2110
27.557336092, 2112
27.5849690437, 2114
27.5987401009, 2116
27.6139090061, 2118
27.629981041, 2120
27.6609811783, 2122
27.6786410809, 2124
27.694327116, 2126
27.7187261581, 2128
27.7539491653, 2130
27.768501997, 2132
27.7859699726, 2134
27.8025701046, 2136
27.8318719864, 2138
27.8473961353, 2140
27.8644931316, 2142
27.8796889782, 2144
27.9116370678, 2146
27.9289259911, 2148
27.9431819916, 2150
27.9579241276, 2152
27.9861321449, 2154
27.9997291565, 2156
28.0179071426, 2158
28.0313131809, 2160
28.0457811356, 2162
28.0746481419, 2164
28.0892870426, 2166
28.1030421257, 2168
28.1161739826, 2170
28.1427731514, 2172
28.1561410427, 2174
28.1692321301, 2176
28.1862220764, 2178
28.2180371284, 2180
28.2361731529, 2182
28.2516601086, 2184
28.267539978, 2186
28.2990541458, 2188
28.3127729893, 2190
28.3267259598, 2192
28.3403041363, 2194
28.3696911335, 2196
28.3832061291, 2198
28.3980300426, 2200
28.4117159843, 2202
28.4257621765, 2204
28.4551081657, 2206
28.4687111378, 2208
28.4820740223, 2210
28.4963681698, 2212
28.5259380341, 2214
28.5397951603, 2216
28.5532341003, 2218
28.5666971207, 2220
28.5801911354, 2222
28.6097171307, 2224
28.6231429577, 2226
28.6361320019, 2228
28.649502039, 2230
28.6783561707, 2232
28.6920650005, 2234
28.7054829597, 2236
28.7206721306, 2238
28.7517471313, 2240
28.7659399509, 2242
28.7792971134, 2244
28.7933621407, 2246
28.8065941334, 2248
28.8378181458, 2250
28.8510630131, 2252
28.8642711639, 2254
28.8770689964, 2256
28.9059891701, 2258
28.9190571308, 2260
28.9325380325, 2262
28.9453861713, 2264
28.9588880539, 2266
28.9881911278, 2268
29.0030629635, 2270
29.0165779591, 2272
29.0299220085, 2274
29.0584571362, 2276
29.0755021572, 2278
29.0897769928, 2280
29.1036081314, 2282
29.1171691418, 2284
29.1451129913, 2286
29.1587691307, 2288
29.1715111732, 2290
29.1848299503, 2292
29.2151560783, 2294
29.2311811447, 2296
29.2467780113, 2298
29.2612090111, 2300
29.2746040821, 2302
29.3036351204, 2304
29.3168430328, 2306
29.3304159641, 2308
29.3435139656, 2310
29.3708901405, 2312
29.3830330372, 2314
29.3974740505, 2316
29.4102871418, 2318
29.4392790794, 2320
29.4517259598, 2322
29.4655120373, 2324
29.478276968, 2326
29.4911551476, 2328
29.5181241035, 2330
29.5306580067, 2332
29.5434269905, 2334
29.55550313, 2336
29.582545042, 2338
29.5950431824, 2340
29.6085920334, 2342
29.6209480762, 2344
29.6337351799, 2346
29.660200119, 2348
29.6732740402, 2350
29.6859481335, 2352
29.6988530159, 2354
29.7274551392, 2356
29.7406921387, 2358
29.757750988, 2360
29.7716319561, 2362
29.78470397, 2364
29.8169300556, 2366
29.829668045, 2368
29.8427450657, 2370
29.8549971581, 2372
29.881909132, 2374
29.8943200111, 2376
29.9080090523, 2378
29.9253489971, 2380
29.9556000233, 2382
29.9685671329, 2384
29.9812850952, 2386
29.9979400635, 2388
30.0107710361, 2390
30.0410580635, 2392
30.0550410748, 2394
30.0680580139, 2396
30.0843391418, 2398
30.1168880463, 2400
30.1311480999, 2402
30.1447131634, 2404
30.1581830978, 2406
30.1716980934, 2408
30.2027420998, 2410
30.2209730148, 2412
30.2364220619, 2414
30.2500600815, 2416
30.2790160179, 2418
30.2927081585, 2420
30.3072521687, 2422
30.3240990639, 2424
30.3382329941, 2426
30.3683290482, 2428
30.383067131, 2430
30.3984060287, 2432
30.4123530388, 2434
30.4391710758, 2436
30.45276618, 2438
30.4656410217, 2440
30.478577137, 2442
30.5065171719, 2444
30.5202810764, 2446
30.5332551003, 2448
30.5463171005, 2450
30.558660984, 2452
30.587277174, 2454
30.6001040936, 2456
30.6133639812, 2458
30.6300370693, 2460
30.6570420265, 2462
30.6688921452, 2464
30.681112051, 2466
30.6929371357, 2468
30.7065520287, 2470
30.7418031693, 2472
30.7548100948, 2474
30.7673411369, 2476
30.780023098, 2478
30.807019949, 2480
30.8214771748, 2482
30.8361961842, 2484
30.8491179943, 2486
30.8612439632, 2488
30.886590004, 2490
30.9032371044, 2492
30.9151520729, 2494
30.9285891056, 2496
30.9553930759, 2498
30.9670290947, 2500
30.9795660973, 2502
30.9928970337, 2504
31.0052871704, 2506
31.0368840694, 2508
31.0501389503, 2510
31.0660560131, 2512
31.0793800354, 2514
31.0912811756, 2516
31.1182210445, 2518
31.1318941116, 2520
31.1442370415, 2522
31.1570141315, 2524
31.1841599941, 2526
31.1966331005, 2528
31.2087199688, 2530
31.2210280895, 2532
31.2367069721, 2534
31.2639551163, 2536
31.2755701542, 2538
31.2878639698, 2540
31.300276041, 2542
31.3118190765, 2544
31.3389940262, 2546
31.3510830402, 2548
31.3630001545, 2550
31.3799049854, 2552
31.3930590153, 2554
31.4203650951, 2556
31.4330511093, 2558
31.4459471703, 2560
31.457529068, 2562
31.4832179546, 2564
31.4954071045, 2566
31.5073621273, 2568
31.5191669464, 2570
31.531785965, 2572
31.5574100018, 2574
31.5689210892, 2576
31.5812571049, 2578
31.5931911469, 2580
31.6047739983, 2582
31.6309640408, 2584
31.6429400444, 2586
31.6547570229, 2588
31.666795969, 2590
31.6788589954, 2592
31.704349041, 2594
31.7164471149, 2596
31.7335650921, 2598
31.7460720539, 2600
31.7739961147, 2602
31.7869920731, 2604
31.7992770672, 2606
31.811604023, 2608
31.824146986, 2610
31.8512990475, 2612
31.8634421825, 2614
31.8758420944, 2616
31.8882341385, 2618
31.900810957, 2620
31.9315450191, 2622
31.9445791245, 2624
31.9568011761, 2626
31.9697930813, 2628
31.9825921059, 2630
32.0101561546, 2632
32.0219349861, 2634
32.034512043, 2636
32.0468780994, 2638
32.0725650787, 2640
32.0844509602, 2642
32.0959451199, 2644
32.1076180935, 2646
32.1198570728, 2648
32.1452410221, 2650
32.1570370197, 2652
32.1692321301, 2654
32.1810109615, 2656
32.1924800873, 2658
32.2238869667, 2660
32.2406289577, 2662
32.2521011829, 2664
32.2644040585, 2666
32.2770521641, 2668
32.3040449619, 2670
32.3162760735, 2672
32.3290650845, 2674
32.3411209583, 2676
32.3672759533, 2678
32.3790221214, 2680
32.3912780285, 2682
32.4031820297, 2684
32.4156310558, 2686
32.4416129589, 2688
32.4533979893, 2690
32.4657549858, 2692
32.4777619839, 2694
32.4893510342, 2696
32.5155889988, 2698
32.5271821022, 2700
32.5387670994, 2702
32.5512850285, 2704
32.5634450912, 2706
32.5884940624, 2708
32.6002659798, 2710
32.6125171185, 2712
32.6236891747, 2714
32.6497631073, 2716
32.6617741585, 2718
32.6732640266, 2720
32.6853079796, 2722
32.6972460747, 2724
32.7241580486, 2726
32.738407135, 2728
32.7521090508, 2730
32.7648379803, 2732
32.7771711349, 2734
32.8074560165, 2736
32.8195950985, 2738
32.8321681023, 2740
32.8449921608, 2742
32.8579759598, 2744
32.8827440739, 2746
32.8941500187, 2748
32.9063510895, 2750
32.9179749489, 2752
32.9437329769, 2754
32.9556601048, 2756
32.9670259953, 2758
32.9785060883, 2760
32.9915790558, 2762
33.0170600414, 2764
33.0281879902, 2766
33.0402650833, 2768
33.0522360802, 2770
33.0669419765, 2772
33.0941359997, 2774
33.1056201458, 2776
33.1172530651, 2778
33.1288080215, 2780
33.1405661106, 2782
33.1667940617, 2784
33.1782341003, 2786
33.1900990009, 2788
33.2016119957, 2790
33.2290260792, 2792
33.2429790497, 2794
33.2546031475, 2796
33.2661790848, 2798
33.278181076, 2800
33.3031721115, 2802
33.3140180111, 2804
33.3256239891, 2806
33.3372671604, 2808
33.3489420414, 2810
33.3737931252, 2812
33.3870689869, 2814
33.4002971649, 2816
33.4129121304, 2818
33.426651001, 2820
33.4527511597, 2822
33.46402812, 2824
33.4755420685, 2826
33.4868180752, 2828
33.4985861778, 2830
33.5247709751, 2832
33.5372560024, 2834
33.5491821766, 2836
33.5609741211, 2838
33.5727319717, 2840
33.5844240189, 2842
33.6110560894, 2844
33.6232841015, 2846
33.6349899769, 2848
33.646600008, 2850
33.6581029892, 2852
33.6847319603, 2854
33.6968481541, 2856
33.7090220451, 2858
33.7210321426, 2860
33.7368810177, 2862
33.7619991302, 2864
33.7737519741, 2866
33.7895519733, 2868
33.8017590046, 2870
33.8139560223, 2872
33.8411791325, 2874
33.8528211117, 2876
33.8643171787, 2878
33.8755161762, 2880
33.8865480423, 2882
33.9121751785, 2884
33.9235329628, 2886
33.9349441528, 2888
33.945882082, 2890
33.9567210674, 2892
33.9812350273, 2894
33.9924471378, 2896
34.0046169758, 2898
34.0161600113, 2900
34.0271911621, 2902
34.0515229702, 2904
34.0625700951, 2906
34.0739021301, 2908
34.0857191086, 2910
34.0972561836, 2912
34.1225910187, 2914
34.1334021091, 2916
34.1446089745, 2918
34.1557011604, 2920
34.1670300961, 2922
34.1923849583, 2924
34.2037920952, 2926
34.2152440548, 2928
34.2299351692, 2930
34.2418751717, 2932
34.2532019615, 2934
34.2805230618, 2936
34.2932240963, 2938
34.3053281307, 2940
34.3166821003, 2942
34.3282010555, 2944
34.3554601669, 2946
34.3703989983, 2948
34.3839330673, 2950
34.3982131481, 2952
34.4117641449, 2954
34.438657999, 2956
34.4499280453, 2958
34.4615809917, 2960
34.4730751514, 2962
34.4852910042, 2964
34.5110900402, 2966
34.5221841335, 2968
34.5331511497, 2970
34.5439140797, 2972
34.554705143, 2974
34.5791361332, 2976
34.5909190178, 2978
34.6027650833, 2980
34.6137609482, 2982
34.6243281364, 2984
34.6489031315, 2986
34.6612379551, 2988
34.6751110554, 2990
34.6884200573, 2992
34.6995201111, 2994
34.7253520489, 2996
34.737967968, 2998
34.7499580383, 3000
34.7617020607, 3002
34.7742581367, 3004
34.8026561737, 3006
34.8158650398, 3008
34.8277840614, 3010
34.840170145, 3012
34.8510301113, 3014
34.8774840832, 3016
34.8888070583, 3018
34.9002850056, 3020
34.9110059738, 3022
34.9217941761, 3024
34.9325101376, 3026
34.9565770626, 3028
34.9678990841, 3030
34.9795491695, 3032
34.994961977, 3034
35.0078959465, 3036
35.0328950882, 3038
35.0441870689, 3040
35.0553610325, 3042
35.0675861835, 3044
35.08122015, 3046
35.1060581207, 3048
35.1177110672, 3050
35.1290769577, 3052
35.1403090954, 3054
35.1514761448, 3056
35.1744000912, 3058
35.1860289574, 3060
35.1967000961, 3062
35.2077901363, 3064
35.2184960842, 3066
35.2428660393, 3068
35.2537901402, 3070
35.2655119896, 3072
35.2767691612, 3074
35.2883000374, 3076
35.3115141392, 3078
35.321928978, 3080
35.3334410191, 3082
35.3446750641, 3084
35.3559751511, 3086
35.3794481754, 3088
35.3906900883, 3090
35.4010629654, 3092
35.411839962, 3094
35.4233310223, 3096
35.4487819672, 3098
35.4597170353, 3100
35.4706699848, 3102
35.4812719822, 3104
35.4922800064, 3106
35.5030529499, 3108
35.5269451141, 3110
35.5381221771, 3112
35.5490431786, 3114
35.5600960255, 3116
35.5705749989, 3118
35.5942480564, 3120
35.6049470901, 3122
35.6162209511, 3124
35.6272749901, 3126
35.6378669739, 3128
35.6617341042, 3130
35.6728830338, 3132
35.6835999489, 3134
35.6953041553, 3136
35.7065870762, 3138
35.7316131592, 3140
35.7423770428, 3142
35.7581119537, 3144
35.7689990997, 3146
35.7801070213, 3148
35.8074159622, 3150
35.8200891018, 3152
35.8357851505, 3154
35.8463420868, 3156
35.8569641113, 3158
35.882142067, 3160
35.892524004, 3162
35.9042150974, 3164
35.91573596, 3166
35.9262709618, 3168
35.9504151344, 3170
35.9607920647, 3172
35.9713330269, 3174
35.9819741249, 3176
35.9935131073, 3178
36.0048861504, 3180
36.0285561085, 3182
36.038985014, 3184
36.0496020317, 3186
36.06021595, 3188
36.0709719658, 3190
36.0952131748, 3192
36.1061799526, 3194
36.1174981594, 3196
36.1288700104, 3198
36.1398210526, 3200
36.1507630348, 3202
36.1755871773, 3204
36.1865210533, 3206
36.1983821392, 3208
36.2145450115, 3210
36.2267351151, 3212
36.2585501671, 3214
36.2745471001, 3216
36.2861480713, 3218
36.2982151508, 3220
36.3099989891, 3222
36.3213469982, 3224
36.3512151241, 3226
36.3630530834, 3228
36.3748810291, 3230
36.3861429691, 3232
36.3982210159, 3234
36.4103190899, 3236
36.4349031448, 3238
36.4452209473, 3240
36.4563829899, 3242
36.4674770832, 3244
36.4777100086, 3246
36.5012991428, 3248
36.5115971565, 3250
36.521998167, 3252
36.532597065, 3254
36.5429210663, 3256
36.5530869961, 3258
36.5773031712, 3260
36.5875821114, 3262
36.5980291367, 3264
36.609151125, 3266
36.619382143, 3268
36.6432421207, 3270
36.6532931328, 3272
36.6637351513, 3274
36.6739859581, 3276
36.6844391823, 3278
36.6947720051, 3280
36.7189030647, 3282
36.7310330868, 3284
36.7453591824, 3286
36.7595720291, 3288
36.769878149, 3290
36.7936761379, 3292
36.8037619591, 3294
36.8146760464, 3296
36.8250670433, 3298
36.8354921341, 3300
36.8462059498, 3302
36.8699250221, 3304
36.8805980682, 3306
36.8910081387, 3308
36.9013531208, 3310
36.9134659767, 3312
36.9391701221, 3314
36.9500131607, 3316
36.9607920647, 3318
36.9715120792, 3320
36.9821469784, 3322
36.9939920902, 3324
37.0207560062, 3326
37.0320620537, 3328
37.0435020924, 3330
37.0547599792, 3332
37.0659430027, 3334
37.0910451412, 3336
37.1017301083, 3338
37.1131811142, 3340
37.1243350506, 3342
37.1351850033, 3344
37.1458501816, 3346
37.1705679893, 3348
37.1812319756, 3350
37.1920599937, 3352
37.2039380074, 3354
37.2154080868, 3356
37.2400221825, 3358
37.2512061596, 3360
37.2629830837, 3362
37.2765181065, 3364
37.2874290943, 3366
37.2985780239, 3368
37.3252930641, 3370
37.3355081081, 3372
37.3454990387, 3374
37.3557159901, 3376
37.365432024, 3378
37.3758399487, 3380
37.4001719952, 3382
37.4112250805, 3384
37.4228329659, 3386
37.4333319664, 3388
37.4434449673, 3390
37.4668340683, 3392
37.4765119553, 3394
37.4867300987, 3396
37.4967901707, 3398
37.5066871643, 3400
37.5170631409, 3402
37.5403020382, 3404
37.5503230095, 3406
37.5603270531, 3408
37.5703799725, 3410
37.5806050301, 3412
37.6043381691, 3414
37.6140751839, 3416
37.6245410442, 3418
37.6347150803, 3420
37.6448121071, 3422
37.6547739506, 3424
37.6781849861, 3426
37.6883940697, 3428
37.6985521317, 3430
37.7087609768, 3432
37.7189171314, 3434
37.7458500862, 3436
37.756747961, 3438
37.7672309875, 3440
37.7775120735, 3442
37.7876901627, 3444
37.8002951145, 3446
37.8266670704, 3448
37.8376381397, 3450
37.8482871056, 3452
37.8588790894, 3454
37.8695700169, 3456
37.8939371109, 3458
37.9046390057, 3460
37.9200129509, 3462
37.9325151443, 3464
37.9431071281, 3466
37.9542169571, 3468
37.9800989628, 3470
37.9924051762, 3472
38.0077240467, 3474
38.0187921524, 3476
38.0315201283, 3478
38.0610370636, 3480
38.1819751263, 3482
38.2069220543, 3484
38.2279381752, 3486
38.2466750145, 3488
38.2672109604, 3490
38.3014471531, 3492
38.3151330948, 3494
38.3277080059, 3496
38.3403799534, 3498
38.3530330658, 3500
38.3656909466, 3502
38.3918001652, 3504
38.4027161598, 3506
38.4148199558, 3508
38.4257340431, 3510
38.4404129982, 3512
38.4663009644, 3514
38.4777159691, 3516
38.4918529987, 3518
38.5047881603, 3520
38.5163600445, 3522
38.5290641785, 3524
38.5592181683, 3526
38.5699751377, 3528
38.5806820393, 3530
38.591094017, 3532
38.6051490307, 3534
38.6338741779, 3536
38.6452109814, 3538
38.6587600708, 3540
38.6713440418, 3542
38.6838340759, 3544
38.6968650818, 3546
38.7228910923, 3548
38.7341229916, 3550
38.7472519875, 3552
38.7582249641, 3554
38.7717280388, 3556
38.7983059883, 3558
38.8088040352, 3560
38.819494009, 3562
38.8299810886, 3564
38.8412129879, 3566
38.8520030975, 3568
38.8756070137, 3570
38.8857059479, 3572
38.8959619999, 3574
38.9059679508, 3576
38.9161000252, 3578
38.9395070076, 3580
38.9493019581, 3582
38.9598560333, 3584
38.9698770046, 3586
38.9800219536, 3588
38.9938671589, 3590
39.020647049, 3592
39.0320789814, 3594
39.0439860821, 3596
39.0551540852, 3598
39.0677740574, 3600
39.0970070362, 3602
39.1074609756, 3604
39.1180930138, 3606
39.1285731792, 3608
39.1390099525, 3610
39.1498091221, 3612
39.1753091812, 3614
39.1853971481, 3616
39.1958420277, 3618
39.2077801228, 3620
39.2211470604, 3622
39.2320120335, 3624
39.2617890835, 3626
39.2712521553, 3628
39.2811920643, 3630
39.2911219597, 3632
39.3015840054, 3634
39.3121011257, 3636
39.334936142, 3638
39.3447711468, 3640
39.3552770615, 3642
39.3647990227, 3644
39.375259161, 3646
39.3857221603, 3648
39.4117860794, 3650
39.4214849472, 3652
39.4319491386, 3654
39.4426810741, 3656
39.4541630745, 3658
39.4643340111, 3660
39.4880130291, 3662
39.4988501072, 3664
39.5121781826, 3666
39.5231940746, 3668
39.5335531235, 3670
39.543446064, 3672
39.5686941147, 3674
39.5793941021, 3676
39.5905489922, 3678
39.601744175, 3680
39.611593008, 3682
39.6218099594, 3684
39.6470441818, 3686
39.6577751637, 3688
39.6690399647, 3690
39.6799190044, 3692
39.6897480488, 3694
39.6997740269, 3696
39.7247781754, 3698
39.7360701561, 3700
39.7513260841, 3702
39.7608890533, 3704
39.770950079, 3706
39.7816519737, 3708
39.8067650795, 3710
39.8175640106, 3712
39.8281230927, 3714
39.837872982, 3716
39.8474459648, 3718
39.8575451374, 3720
39.880548954, 3722
39.8907670975, 3724
39.9001400471, 3726
39.9095721245, 3728
39.9192070961, 3730
39.9290790558, 3732
39.9525749683, 3734
39.9623479843, 3736
39.9715800285, 3738
39.9809720516, 3740
39.9915931225, 3742
40.0016839504, 3744
40.025316, 3746
40.0345680714, 3748
40.0440671444, 3750
40.0535440445, 3752
40.0637090206, 3754
40.0737981796, 3756
40.0842480659, 3758
40.1062209606, 3760
40.1157360077, 3762
40.1254131794, 3764
40.1350960732, 3766
40.145179987, 3768
40.1551671028, 3770
40.1821420193, 3772
40.1923570633, 3774
40.2026591301, 3776
40.2141070366, 3778
40.2287700176, 3780
40.2411971092, 3782
40.2666430473, 3784
40.276045084, 3786
40.2863490582, 3788
40.2975680828, 3790
40.3106169701, 3792
40.3202321529, 3794
40.3429961205, 3796
40.3554799557, 3798
40.3662791252, 3800
40.3786790371, 3802
40.3910701275, 3804
40.4009981155, 3806
40.4237179756, 3808
40.4334771633, 3810
40.4438791275, 3812
40.4535980225, 3814
40.4634230137, 3816
40.473031044, 3818
40.4997820854, 3820
40.510684967, 3822
40.5250589848, 3824
40.5347480774, 3826
40.5444259644, 3828
40.5542521477, 3830
40.5816481113, 3832
40.5923271179, 3834
40.6022350788, 3836
40.6117379665, 3838
40.621088028, 3840
40.6306221485, 3842
40.6536331177, 3844
40.6638929844, 3846
40.6738750935, 3848
40.6842901707, 3850
40.6975400448, 3852
40.7072639465, 3854
40.7321600914, 3856
40.7435340881, 3858
40.7572891712, 3860
40.7677609921, 3862
40.7784149647, 3864
40.7887630463, 3866
40.814535141, 3868
40.8243200779, 3870
40.834400177, 3872
40.8441410065, 3874
40.8543150425, 3876
40.8641610146, 3878
40.8871650696, 3880
40.8960020542, 3882
40.9055640697, 3884
40.9149711132, 3886
40.924628973, 3888
40.9349210262, 3890
40.9573311806, 3892
40.9670441151, 3894
40.9771740437, 3896
40.9888679981, 3898
41.0008499622, 3900
41.0119440556, 3902
41.0339889526, 3904
41.0455400944, 3906
41.057600975, 3908
41.0712430477, 3910
41.0825409889, 3912
41.0921411514, 3914
41.1144001484, 3916
41.1234750748, 3918
41.1332950592, 3920
41.143404007, 3922
41.1537959576, 3924
41.1631851196, 3926
41.1902270317, 3928
41.2002191544, 3930
41.213176012, 3932
41.2240509987, 3934
41.2337081432, 3936
41.2482020855, 3938
41.2736330032, 3940
41.2831730843, 3942
41.2939629555, 3944
41.3070800304, 3946
41.3188681602, 3948
41.328963995, 3950
41.3535380363, 3952
41.3635981083, 3954
41.3739430904, 3956
41.3851950169, 3958
41.3975219727, 3960
41.4111499786, 3962
41.436273098, 3964
41.4457771778, 3966
41.4561719894, 3968
41.4656209946, 3970
41.4751629829, 3972
41.4873709679, 3974
41.5119991302, 3976
41.5220291615, 3978
41.5324189663, 3980
41.5421881676, 3982
41.5560779572, 3984
41.5660171509, 3986
41.5910019875, 3988
41.6015851498, 3990
41.6112020016, 3992
41.6208741665, 3994
41.6306750774, 3996
41.6404321194, 3998
41.6669070721, 4000
41.6788060665, 4002
41.689592123, 4004
41.6995480061, 4006
41.7132301331, 4008
41.7235729694, 4010
41.7508599758, 4012
41.7623491287, 4014
41.7727489471, 4016
41.7827999592, 4018
41.7932760715, 4020
41.8035061359, 4022
41.814040184, 4024
41.8375320435, 4026
41.8475711346, 4028
41.8573510647, 4030
41.8672499657, 4032
41.8775520325, 4034
41.8879101276, 4036
41.9153881073, 4038
41.9254109859, 4040
41.9351780415, 4042
41.9464349747, 4044
41.9591929913, 4046
41.9685389996, 4048
41.9932711124, 4050
42.0074930191, 4052
42.0178060532, 4054
42.0283811092, 4056
42.0382170677, 4058
42.0476901531, 4060
42.071721077, 4062
42.0819909573, 4064
42.092867136, 4066
42.1064319611, 4068
42.1160161495, 4070
42.1254060268, 4072
42.1475989819, 4074
42.1569960117, 4076
42.1669690609, 4078
42.1764690876, 4080
42.1855900288, 4082
42.1951601505, 4084
42.2177870274, 4086
42.2311561108, 4088
42.2451770306, 4090
42.2550430298, 4092
42.2643451691, 4094
42.2743680477, 4096
42.2974481583, 4098
42.3106930256, 4100
42.3208220005, 4102
42.3335859776, 4104
42.3429861069, 4106
42.3522760868, 4108
42.3753240108, 4110
42.3838741779, 4112
42.3940560818, 4114
42.4031310081, 4116
42.4127721786, 4118
42.4227700233, 4120
42.4321491718, 4122
42.4582240582, 4124
42.471323967, 4126
42.4821841717, 4128
42.4922311306, 4130
42.5027360916, 4132
42.5122251511, 4134
42.5352721214, 4136
42.5447411537, 4138
42.5538730621, 4140
42.5630950928, 4142
42.5727319717, 4144
42.5819530487, 4146
42.5937011242, 4148
42.6170301437, 4150
42.6264369488, 4152
42.6391479969, 4154
42.6487531662, 4156
42.6580960751, 4158
42.6694200039, 4160
42.6814250946, 4162
42.7066111565, 4164
42.7196640968, 4166
42.7332651615, 4168
42.7438361645, 4170
42.75466609, 4172
42.7661790848, 4174
42.7911169529, 4176
42.8034520149, 4178
42.8156721592, 4180
42.8266000748, 4182
42.8365180492, 4184
42.8460261822, 4186
42.8594059944, 4188
42.8822171688, 4190
42.8910911083, 4192
42.9048910141, 4194
42.9154081345, 4196
42.9271390438, 4198
42.9380021095, 4200
42.948043108, 4202
42.9762940407, 4204
42.9879021645, 4206
42.9993700981, 4208
43.0088701248, 4210
43.0218851566, 4212
43.0316669941, 4214
43.0597140789, 4216
43.0695090294, 4218
43.0796060562, 4220
43.0910429955, 4222
43.1014590263, 4224
43.1136431694, 4226
43.1239011288, 4228
43.1503820419, 4230
43.1626560688, 4232
43.1732120514, 4234
43.186122179, 4236
43.1980390549, 4238
43.2102940083, 4240
43.2360739708, 4242
43.2482581139, 4244
43.2599711418, 4246
43.272685051, 4248
43.2833461761, 4250
43.2923259735, 4252
43.3043849468, 4254
43.329775095, 4256
43.3392391205, 4258
43.3524830341, 4260
43.3620979786, 4262
43.371530056, 4264
43.3811471462, 4266
43.3932540417, 4268
43.4174230099, 4270
43.4265480042, 4272
43.4356429577, 4274
43.4448571205, 4276
43.4540469646, 4278
43.4632360935, 4280
43.485886097, 4282
43.4946451187, 4284
43.5032901764, 4286
43.5161371231, 4288
43.526250124, 4290
43.5354030132, 4292
43.5459239483, 4294
43.5712320805, 4296
43.5826401711, 4298
43.5934281349, 4300
43.6065130234, 4302
43.6179070473, 4304
43.6269979477, 4306
43.6359450817, 4308
43.6616170406, 4310
43.6739761829, 4312
43.6842720509, 4314
43.6934611797, 4316
43.7026071548, 4318
43.7135720253, 4320
43.742882967, 4322
43.7547600269, 4324
43.7657129765, 4326
43.7747070789, 4328
43.7842969894, 4330
43.7932491302, 4332
43.8022191525, 4334
43.8269791603, 4336
43.837968111, 4338
43.8479120731, 4340
43.8570671082, 4342
43.8663539886, 4344
43.8795120716, 4346
43.8886079788, 4348
43.9102461338, 4350
43.9197831154, 4352
43.9285860062, 4354
43.9369280338, 4356
43.9462890625, 4358
43.9555020332, 4360
43.9784681797, 4362
43.9900569916, 4364
44.0002691746, 4366
44.0098609924, 4368
44.0197060108, 4370
44.0294861794, 4372
44.0390160084, 4374
44.0658180714, 4376
44.0773291588, 4378
44.0873579979, 4380
44.0989031792, 4382
44.1077561378, 4384
44.116754055, 4386
44.1261560917, 4388
44.1481211185, 4390
44.157143116, 4392
44.1656131744, 4394
44.1744940281, 4396
44.1879971027, 4398
44.1971480846, 4400
44.2189381123, 4402
44.2282071114, 4404
44.2398359776, 4406
44.2500641346, 4408
44.2599079609, 4410
44.2701749802, 4412
44.2792060375, 4414
44.3025870323, 4416
44.3107099533, 4418
44.3197419643, 4420
44.3291809559, 4422
44.3416609764, 4424
44.3524000645, 4426
44.3620390892, 4428
44.3851881027, 4430
44.396061182, 4432
44.4053251743, 4434
44.4147770405, 4436
44.4260730743, 4438
44.4359471798, 4440
44.4575440884, 4442
44.4663801193, 4444
44.4750621319, 4446
44.4838211536, 4448
44.4931850433, 4450
44.501513958, 4452
44.51039505, 4454
44.5363881588, 4456
44.5448729992, 4458
44.5541470051, 4460
44.5635111332, 4462
44.5726630688, 4464
44.5820600986, 4466
44.5917110443, 4468
44.6153521538, 4470
44.6248250008, 4472
44.6356401443, 4474
44.6467030048, 4476
44.6560809612, 4478
44.6654729843, 4480
44.6886279583, 4482
44.6977870464, 4484
44.7073321342, 4486
44.7198250294, 4488
44.7297501564, 4490
44.7395861149, 4492
44.7519841194, 4494
44.7739679813, 4496
44.7819240093, 4498
44.7908279896, 4500
44.7999260426, 4502
44.8104879856, 4504
44.8218619823, 4506
44.8470931053, 4508
44.8556101322, 4510
44.8644590378, 4512
44.8741819859, 4514
44.8829820156, 4516
44.8917269707, 4518
44.900837183, 4520
44.9225020409, 4522
44.9308669567, 4524
44.9398741722, 4526
44.9523971081, 4528
44.9618310928, 4530
44.9711961746, 4532
44.9799101353, 4534
45.0032660961, 4536
45.0151650906, 4538
45.0248270035, 4540
45.0336389542, 4542
45.0439989567, 4544
45.0541651249, 4546
45.078181982, 4548
45.0896749496, 4550
45.0988349915, 4552
45.1085581779, 4554
45.11738801, 4556
45.1262230873, 4558
45.1358351707, 4560
45.1591150761, 4562
45.16822505, 4564
45.177765131, 4566
45.1865401268, 4568
45.1954271793, 4570
45.2048859596, 4572
45.213973999, 4574
45.2368981838, 4576
45.2490401268, 4578
45.2583091259, 4580
45.2709441185, 4582
45.2804811001, 4584
45.2890510559, 4586
45.3151350021, 4588
45.3249871731, 4590
45.3339500427, 4592
45.3431420326, 4594
45.3529241085, 4596
45.3617300987, 4598
45.370470047, 4600
45.3940479755, 4602
45.4029459953, 4604
45.4126219749, 4606
45.4215450287, 4608
45.4304080009, 4610
45.4397001266, 4612
45.4482450485, 4614
45.4690871239, 4616
45.4780490398, 4618
45.4863600731, 4620
45.4949159622, 4622
45.5082161427, 4624
45.5170199871, 4626
45.5412540436, 4628
45.5537500381, 4630
45.5631511211, 4632
45.571762085, 4634
45.5805521011, 4636
45.5888659954, 4638
45.5976271629, 4640
45.6196761131, 4642
45.6276190281, 4644
45.636218071, 4646
45.6449551582, 4648
45.6539959908, 4650
45.6670060158, 4652
45.6762549877, 4654
45.7004730701, 4656
45.7100291252, 4658
45.7186009884, 4660
45.7273571491, 4662
45.7366161346, 4664
45.7472701073, 4666
45.7689881325, 4668
45.7780580521, 4670
45.7865979671, 4672
45.7954061031, 4674
45.8044481277, 4676
45.8130099773, 4678
45.8216869831, 4680
45.845044136, 4682
45.8539180756, 4684
45.8645219803, 4686
45.8757181168, 4688
45.8844079971, 4690
45.8928210735, 4692
45.9014971256, 4694
45.9261431694, 4696
45.9368669987, 4698
45.9459280968, 4700
45.9551711082, 4702
45.9640800953, 4704
45.9726650715, 4706
45.9818789959, 4708
45.9919941425, 4710
46.0125281811, 4712
46.0207381248, 4714
46.0294201374, 4716
46.0381109715, 4718
46.0465400219, 4720
46.055863142, 4722
46.0645091534, 4724
46.0862390995, 4726
46.0941519737, 4728
46.1028931141, 4730
46.1114630699, 4732
46.1198551655, 4734
46.1283559799, 4736
46.1363899708, 4738
46.1577091217, 4740
46.1658241749, 4742
46.1742970943, 4744
46.1826930046, 4746
46.1910610199, 4748
46.1995170116, 4750
46.2080149651, 4752
46.2169661522, 4754
46.238255024, 4756
46.2506530285, 4758
46.2604980469, 4760
46.2681751251, 4762
46.2762329578, 4764
46.2842540741, 4766
46.2929580212, 4768
46.3147521019, 4770
46.3226220608, 4772
46.3309631348, 4774
46.3433940411, 4776
46.3523340225, 4778
46.361303091, 4780
46.3699541092, 4782
46.3784580231, 4784
46.4002420902, 4786
46.4084780216, 4788
46.4170379639, 4790
46.4253900051, 4792
46.4339830875, 4794
46.4420721531, 4796
46.4502780437, 4798
46.4717490673, 4800
46.4796140194, 4802
46.488022089, 4804
46.4961869717, 4806
46.5047900677, 4808
46.5128409863, 4810
46.521187067, 4812
46.5424170494, 4814
46.5500690937, 4816
46.5586690903, 4818
46.5697760582, 4820
46.5796601772, 4822
46.5875210762, 4824
46.5954179764, 4826
46.6035301685, 4828
46.6253020763, 4830
46.6330881119, 4832
46.6414721012, 4834
46.6495029926, 4836
46.6576440334, 4838
46.6663360596, 4840
46.6752049923, 4842
46.6975681782, 4844
46.7066290379, 4846
46.715195179, 4848
46.724148035, 4850
46.7323241234, 4852
46.7414250374, 4854
46.7529799938, 4856
46.7615971565, 4858
46.7854561806, 4860
46.7941009998, 4862
46.8025391102, 4864
46.8109250069, 4866
46.8195540905, 4868
46.8278501034, 4870
46.8359069824, 4872
46.8583731651, 4874
46.867577076, 4876
46.8763079643, 4878
46.8851089478, 4880
46.8938481808, 4882
46.9022550583, 4884
46.910859108, 4886
46.935983181, 4888
46.9438040257, 4890
46.9520320892, 4892
46.960381031, 4894
46.9685909748, 4896
46.9769439697, 4898
46.9855821133, 4900
46.9943060875, 4902
47.0145061016, 4904
47.0218400955, 4906
47.0300030708, 4908
47.0378921032, 4910
47.0459501743, 4912
47.0536019802, 4914
47.0615150928, 4916
47.0820980072, 4918
47.0897459984, 4920
47.0977730751, 4922
47.1061871052, 4924
47.1140220165, 4926
47.1219940186, 4928
47.129899025, 4930
47.1510400772, 4932
47.1587569714, 4934
47.1668951511, 4936
47.1750631332, 4938
47.1836099625, 4940
47.1912500858, 4942
47.1994249821, 4944
47.2072679996, 4946
47.228374958, 4948
47.2356951237, 4950
47.2449250221, 4952
47.2565951347, 4954
47.2679481506, 4956
47.277556181, 4958
47.2859959602, 4960
47.3090150356, 4962
47.3173620701, 4964
47.326020956, 4966
47.3344759941, 4968
47.3430430889, 4970
47.3514330387, 4972
47.3596229553, 4974
47.3677921295, 4976
47.3931930065, 4978
47.4028041363, 4980
47.4108500481, 4982
47.4194660187, 4984
47.4275660515, 4986
47.4359681606, 4988
47.4442529678, 4990
47.4654281139, 4992
47.4729139805, 4994
47.4811830521, 4996
47.4918341637, 4998
47.5010070801, 5000
47.5088641644, 5002
47.5167610645, 5004
47.5387029648, 5006
47.5460929871, 5008
47.5542190075, 5010
47.5620381832, 5012
47.5728671551, 5014
47.5823540688, 5016
47.5908780098, 5018
47.5987939835, 5020
47.6196660995, 5022
47.6270439625, 5024
47.6355991364, 5026
47.6432030201, 5028
47.6515080929, 5030
47.6595711708, 5032
47.6679019928, 5034
47.6887180805, 5036
47.6961531639, 5038
47.703797102, 5040
47.7120599747, 5042
47.7199580669, 5044
47.7277200222, 5046
47.7356879711, 5048
47.7444350719, 5050
47.7670409679, 5052
47.7748441696, 5054
47.783301115, 5056
47.7914140224, 5058
47.8000471592, 5060
47.8078119755, 5062
47.8155200481, 5064
47.8362901211, 5066
47.8438191414, 5068
47.8519740105, 5070
47.8597819805, 5072
47.8677811623, 5074
47.8757960796, 5076
47.8843770027, 5078
47.9073441029, 5080
47.9149420261, 5082
47.9234349728, 5084
47.9316439629, 5086
47.9400169849, 5088
47.9480910301, 5090
47.9561829567, 5092
47.9641959667, 5094
47.9869840145, 5096
47.9944169521, 5098
48.0037901402, 5100
48.0140919685, 5102
48.0225980282, 5104
48.0305781364, 5106
48.0389370918, 5108
48.0610411167, 5110
48.069614172, 5112
48.0776100159, 5114
48.0862181187, 5116
48.0940890312, 5118
48.102558136, 5120
48.1100440025, 5122
48.1182999611, 5124
48.1383609772, 5126
48.1457569599, 5128
48.1536660194, 5130
48.1614940166, 5132
48.1691980362, 5134
48.1768670082, 5136
48.1845340729, 5138
48.2048041821, 5140
48.2160899639, 5142
48.2251341343, 5144
48.2333660126, 5146
48.2415361404, 5148
48.2532069683, 5150
48.2626121044, 5152
48.2861609459, 5154
48.2945971489, 5156
48.3026330471, 5158
48.3112521172, 5160
48.3193571568, 5162
48.3279190063, 5164
48.3362300396, 5166
48.3446781635, 5168
48.3668570518, 5170
48.3748660088, 5172
48.3832371235, 5174
48.3921961784, 5176
48.4008769989, 5178
48.4089889526, 5180
48.4174289703, 5182
48.4384801388, 5184
48.4460000992, 5186
48.4533400536, 5188
48.4622399807, 5190
48.4733800888, 5192
48.4817380905, 5194
48.4897460938, 5196
48.5132679939, 5198
48.5217859745, 5200
48.5301971436, 5202
48.5384471416, 5204
48.5471820831, 5206
48.5549931526, 5208
48.5634951591, 5210
48.5718519688, 5212
48.5948460102, 5214
48.6028549671, 5216
48.6107640266, 5218
48.619038105, 5220
48.6271810532, 5222
48.6350991726, 5224
48.6434509754, 5226
48.6654970646, 5228
48.6728310585, 5230
48.6805160046, 5232
48.6883351803, 5234
48.6965019703, 5236
48.7044110298, 5238
48.7123479843, 5240
48.7201600075, 5242
48.7401521206, 5244
48.7504200935, 5246
48.7597141266, 5248
48.7715389729, 5250
48.7810440063, 5252
48.7912831306, 5254
48.7999210358, 5256
48.8217430115, 5258
48.8292250633, 5260
48.8370611668, 5262
48.8451499939, 5264
48.8525021076, 5266
48.8603651524, 5268
48.8677649498, 5270
48.8885390759, 5272
48.8959100246, 5274
48.9036290646, 5276
48.9113891125, 5278
48.9191219807, 5280
48.9266750813, 5282
48.9383661747, 5284
48.9469921589, 5286
48.9673409462, 5288
48.9743089676, 5290
48.9819979668, 5292
48.9902670383, 5294
48.9978189468, 5296
49.0064151287, 5298
49.0145699978, 5300
49.0229041576, 5302
49.0307481289, 5304
49.0524861813, 5306
49.0600001812, 5308
49.068169117, 5310
49.0766711235, 5312
49.0842871666, 5314
49.0919311047, 5316
49.0997021198, 5318
49.1080739498, 5320
49.1293251514, 5322
49.1370580196, 5324
49.1450440884, 5326
49.1530840397, 5328
49.1608281136, 5330
49.1686470509, 5332
49.1761870384, 5334
49.1839020252, 5336
49.2056791782, 5338
49.214495182, 5340
49.2224550247, 5342
49.2302160263, 5344
49.2377851009, 5346
49.2465510368, 5348
49.2572660446, 5350
49.2670960426, 5352
49.2743711472, 5354
49.2944681644, 5356
49.3017120361, 5358
49.3100790977, 5360
49.3180270195, 5362
49.3256809711, 5364
49.3334400654, 5366
49.3412661552, 5368
49.3487100601, 5370
49.3705770969, 5372
49.3783330917, 5374
49.3865511417, 5376
49.3946630955, 5378
49.4026141167, 5380
49.4107849598, 5382
49.4189369678, 5384
49.4268939495, 5386
49.4467229843, 5388
49.4537639618, 5390
49.4611060619, 5392
49.4688150883, 5394
49.4760801792, 5396
49.4838011265, 5398
49.4910421371, 5400
49.4983170033, 5402
49.5056700706, 5404
49.5248451233, 5406
49.5315630436, 5408
49.5387260914, 5410
49.5460600853, 5412
49.5531251431, 5414
49.5602929592, 5416
49.5675580502, 5418
49.5746431351, 5420
49.5941281319, 5422
49.6012780666, 5424
49.608602047, 5426
49.6163239479, 5428
49.6238701344, 5430
49.6310720444, 5432
49.6383571625, 5434
49.6456980705, 5436
49.6656601429, 5438
49.6726269722, 5440
49.6799030304, 5442
49.6871340275, 5444
49.6945879459, 5446
49.7019309998, 5448
49.709100008, 5450
49.7167961597, 5452
49.7366831303, 5454
49.7438659668, 5456
49.7509591579, 5458
49.7585630417, 5460
49.7666461468, 5462
49.7735891342, 5464
49.7838640213, 5466
49.7923440933, 5468
49.7999169827, 5470
49.8214771748, 5472
49.8289761543, 5474
49.8365490437, 5476
49.8442511559, 5478
49.851785183, 5480
49.8590800762, 5482
49.8666760921, 5484
49.8741440773, 5486
49.8951029778, 5488
49.9022531509, 5490
49.9099869728, 5492
49.9177041054, 5494
49.9249629974, 5496
49.9323129654, 5498
49.939440012, 5500
49.9469530582, 5502
49.9666991234, 5504
49.9733550549, 5506
49.9802379608, 5508
49.9884829521, 5510
49.9952380657, 5512
50.0019619465, 5514
50.0093159676, 5516
50.0168039799, 5518
50.0242509842, 5520
50.0434000492, 5522
50.0500819683, 5524
50.0574331284, 5526
50.0648751259, 5528
50.0723309517, 5530
50.0797221661, 5532
50.0870640278, 5534
50.0942130089, 5536
50.1137771606, 5538
50.1208770275, 5540
50.1275320053, 5542
50.1345281601, 5544
50.1416661739, 5546
50.1489441395, 5548
50.1559860706, 5550
50.1629970074, 5552
50.182986021, 5554
50.1896851063, 5556
50.196573019, 5558
50.2041740417, 5560
50.2113039494, 5562
50.218542099, 5564
50.2266840935, 5566
50.2338271141, 5568
50.241079092, 5570
50.2632789612, 5572
50.2702481747, 5574
50.2778701782, 5576
50.2850489616, 5578
50.2916970253, 5580
50.2983951569, 5582
50.3054351807, 5584
50.3122420311, 5586
50.3367619514, 5588
50.3448250294, 5590
50.3525190353, 5592
50.3599960804, 5594
50.3675661087, 5596
50.3750021458, 5598
50.3822340965, 5600
50.3930790424, 5602
50.4153859615, 5604
50.4253480434, 5606
50.4330000877, 5608
50.4402780533, 5610
50.4473111629, 5612
50.4566221237, 5614
50.464867115, 5616
50.4718019962, 5618
50.4789271355, 5620
50.4983210564, 5622
50.504846096, 5624
50.5121951103, 5626
50.5195691586, 5628
50.5271260738, 5630
50.5345311165, 5632
50.5418219566, 5634
50.5489110947, 5636
50.5687470436, 5638
50.5771610737, 5640
50.5873279572, 5642
50.594905138, 5644
50.6024580002, 5646
50.6098389626, 5648
50.6171340942, 5650
50.6244680882, 5652
50.6459071636, 5654
50.6531531811, 5656
50.6609871387, 5658
50.6684291363, 5660
50.6758179665, 5662
50.6831569672, 5664
50.6901390553, 5666
50.6972401142, 5668
50.7044229507, 5670
50.7238969803, 5672
50.730643034, 5674
50.7391011715, 5676
50.7465701103, 5678
50.7566490173, 5680
50.7665760517, 5682
50.7737319469, 5684
50.7805011272, 5686
50.8016300201, 5688
50.8085970879, 5690
50.8156840801, 5692
50.8230249882, 5694
50.8307909966, 5696
50.8381540775, 5698
50.8455190659, 5700
50.8529641628, 5702
50.8726129532, 5704
50.8792500496, 5706
50.8857951164, 5708
50.8927731514, 5710
50.9025630951, 5712
50.9113690853, 5714
50.9186000824, 5716
50.9256870747, 5718
50.9456291199, 5720
50.9524700642, 5722
50.9590799809, 5724
50.9664549828, 5726
50.9736561775, 5728
50.9806909561, 5730
50.9887189865, 5732
50.9960520267, 5734
51.0032451153, 5736
51.0219171047, 5738
51.0284459591, 5740
51.0360360146, 5742
51.0439810753, 5744
51.0514671803, 5746
51.0583729744, 5748
51.0655231476, 5750
51.0725419521, 5752
51.091422081, 5754
51.0979809761, 5756
51.1045501232, 5758
51.1115100384, 5760
51.1186950207, 5762
51.1262559891, 5764
51.1334300041, 5766
51.1412010193, 5768
51.1607820988, 5770
51.1673250198, 5772
51.1736960411, 5774
51.1807820797, 5776
51.1878070831, 5778
51.1948101521, 5780
51.2018170357, 5782
51.2088301182, 5784
