0.00303387641907, 2
0.00550484657288, 4
0.00800585746765, 6
0.0105218887329, 8
0.0130870342255, 10
0.015547990799, 12
0.0178179740906, 14
0.0199949741364, 16
0.0220408439636, 18
0.024111032486, 20
0.0261108875275, 22
0.0281119346619, 24
0.0300629138947, 26
0.031975030899, 28
0.0338230133057, 30
0.0355939865112, 32
0.0373518466949, 34
0.0389590263367, 36
0.0405638217926, 38
0.0421059131622, 40
0.043673992157, 42
0.0452148914337, 44
0.0468020439148, 46
0.0482528209686, 48
0.0496578216553, 50
0.0511028766632, 52
0.0526008605957, 54
0.0540070533752, 56
0.0554778575897, 58
0.0567629337311, 60
0.0580039024353, 62
0.0592029094696, 64
0.0603928565979, 66
0.0616199970245, 68
0.0628609657288, 70
0.0639820098877, 72
0.0650880336761, 74
0.066223859787, 76
0.0673198699951, 78
0.0684309005737, 80
0.0694990158081, 82
0.0705568790436, 84
0.0715639591217, 86
0.0725519657135, 88
0.073499917984, 90
0.0744638442993, 92
0.0754098892212, 94
0.0762350559235, 96
0.0770478248596, 98
0.0778188705444, 100
0.0785849094391, 102
0.0793619155884, 104
0.0800278186798, 106
0.0806798934937, 108
0.0813338756561, 110
0.0820729732513, 112
0.0826349258423, 114
0.083240032196, 116
0.0837800502777, 118
0.0843119621277, 120
0.0848789215088, 122
0.0854079723358, 124
0.0859169960022, 126
0.0863859653473, 128
0.0868308544159, 130
0.0873098373413, 132
0.0877358913422, 134
0.088143825531, 136
0.0885448455811, 138
0.0889208316803, 140
0.0892989635468, 142
0.0896558761597, 144
0.09001994133, 146
0.0903220176697, 148
0.0906159877777, 150
0.0909600257874, 152
0.0912189483643, 154
0.0914628505707, 156
0.0917019844055, 158
0.0919280052185, 160
0.0921409130096, 162
0.0923528671265, 164
0.0925538539886, 166
0.0927469730377, 168
0.0929419994354, 170
0.0931339263916, 172
0.0933248996735, 174
0.0935089588165, 176
0.0936908721924, 178
0.0938940048218, 180
0.0940868854523, 182
0.0942759513855, 184
0.0944709777832, 186
