0.0040431022644, 2
0.00785899162292, 4
0.0116260051727, 6
0.015331029892, 8
0.0192449092865, 10
0.0318961143494, 12
0.0355000495911, 14
0.0392138957977, 16
0.0428810119629, 18
0.0466499328613, 20
0.0503931045532, 22
0.0540571212769, 24
0.0577330589294, 26
0.0615041255951, 28
0.0652151107788, 30
0.0688660144806, 32
0.0723819732666, 34
0.0759100914001, 36
0.0794579982758, 38
0.0830678939819, 40
0.0865421295166, 42
0.0901279449463, 44
0.0935769081116, 46
0.0970981121063, 48
0.100656986237, 50
0.104165077209, 52
0.107674121857, 54
0.111207962036, 56
0.114710092545, 58
0.118245124817, 60
0.121901988983, 62
0.125385046005, 64
0.128756999969, 66
0.140988111496, 68
0.144418001175, 70
0.147881031036, 72
0.152328968048, 74
0.155822992325, 76
0.159297943115, 78
0.162802934647, 80
0.166141986847, 82
0.169677019119, 84
0.173042058945, 86
0.176477909088, 88
0.179790019989, 90
0.183435916901, 92
0.186762094498, 94
0.190040111542, 96
0.19328212738, 98
0.196554899216, 100
0.20007109642, 102
0.203382015228, 104
0.206690073013, 106
0.210052013397, 108
0.213488101959, 110
0.216982126236, 112
0.220256090164, 114
0.223630905151, 116
0.226973056793, 118
0.230416059494, 120
0.234117984772, 122
0.23744392395, 124
0.240674972534, 126
0.243995904922, 128
0.247308969498, 130
0.250699043274, 132
0.263283967972, 134
0.266798019409, 136
0.270090103149, 138
0.273479938507, 140
0.276706933975, 142
0.279937028885, 144
0.283178091049, 146
0.286427021027, 148
0.28964304924, 150
0.292831897736, 152
0.296010017395, 154
0.299247026443, 156
0.302447080612, 158
0.305711984634, 160
0.308938980103, 162
0.312186956406, 164
0.315318107605, 166
0.318587064743, 168
0.321865081787, 170
0.324980974197, 172
0.328151941299, 174
0.331950902939, 176
0.336182117462, 178
0.340640068054, 180
0.34454202652, 182
0.347856044769, 184
0.351164102554, 186
0.354296922684, 188
0.35750412941, 190
0.360631942749, 192
0.363851070404, 194
0.367203950882, 196
0.370249032974, 198
0.373451948166, 200
0.385651111603, 202
0.388884067535, 204
0.391969919205, 206
0.395354986191, 208
0.398494005203, 210
0.401578903198, 212
0.40470790863, 214
0.407845973969, 216
0.413350105286, 218
0.418034076691, 220
0.421947002411, 222
0.425331115723, 224
0.428450107574, 226
0.431519985199, 228
0.434521913528, 230
0.437613964081, 232
0.4408659935, 234
0.443907022476, 236
0.447016954422, 238
0.450252056122, 240
0.453371047974, 242
0.456346035004, 244
0.45938205719, 246
0.462382078171, 248
0.465502023697, 250
0.46904706955, 252
0.474167108536, 254
0.478210926056, 256
0.481684923172, 258
0.484653949738, 260
0.487540960312, 262
0.490447044373, 264
0.493453025818, 266
0.496527910233, 268
0.501743078232, 270
0.505985975266, 272
0.509660005569, 274
0.512820005417, 276
0.515748023987, 278
0.518950939178, 280
0.521970033646, 282
0.536123991013, 284
0.539746999741, 286
0.542781114578, 288
0.545620918274, 290
0.548713922501, 292
0.551665067673, 294
0.554568052292, 296
0.557343006134, 298
0.560370922089, 300
0.563229084015, 302
0.567925930023, 304
0.57203412056, 306
0.575589895248, 308
0.578677892685, 310
0.581779003143, 312
0.584618091583, 314
0.587425947189, 316
0.59034705162, 318
0.593137025833, 320
0.59593296051, 322
0.598695039749, 324
0.601401090622, 326
0.604187965393, 328
0.606928110123, 330
0.609633922577, 332
0.612476110458, 334
0.615510940552, 336
0.618537902832, 338
0.621359109879, 340
0.624166965485, 342
0.626847028732, 344
0.62965297699, 346
0.632617950439, 348
0.635251998901, 350
0.637869119644, 352
0.640486955643, 354
0.643237113953, 356
0.645893096924, 358
0.648767948151, 360
0.651463031769, 362
0.654187917709, 364
0.65679192543, 366
0.659389972687, 368
0.661972999573, 370
0.664747953415, 372
0.66761803627, 374
0.670233011246, 376
0.672806024551, 378
0.675374031067, 380
0.678213119507, 382
0.680922985077, 384
0.685669898987, 386
0.689465999603, 388
0.692775964737, 390
0.695727109909, 392
0.698405981064, 394
0.701033115387, 396
0.703772068024, 398
0.706480979919, 400
0.709207057953, 402
0.711870908737, 404
0.714592933655, 406
0.717271089554, 408
0.719944953918, 410
0.722604990005, 412
0.725229978561, 414
0.727951049805, 416
0.739924907684, 418
0.742568016052, 420
0.745166063309, 422
0.747828006744, 424
0.750678062439, 426
0.753226995468, 428
0.755818128586, 430
0.758481025696, 432
0.761011123657, 434
0.763583898544, 436
0.766160011292, 438
0.768893003464, 440
0.771446943283, 442
0.774042129517, 444
0.776536941528, 446
0.779031991959, 448
0.781767129898, 450
0.784395933151, 452
0.786977052689, 454
0.789674043655, 456
0.792196035385, 458
0.794742107391, 460
0.797337055206, 462
0.800009965897, 464
0.802473068237, 466
0.804919958115, 468
0.807500123978, 470
0.810036897659, 472
0.812529087067, 474
0.815545082092, 476
0.818115949631, 478
0.820693969727, 480
0.823262929916, 482
0.825725078583, 484
0.8282289505, 486
0.830796003342, 488
0.833312034607, 490
0.835750102997, 492
0.83832192421, 494
0.84081697464, 496
0.84321308136, 498
0.845709085464, 500
0.848154067993, 502
0.850541114807, 504
0.852972984314, 506
0.855356931686, 508
0.857971906662, 510
0.860424995422, 512
0.862946033478, 514
0.865659952164, 516
0.868412017822, 518
0.87087893486, 520
0.873297929764, 522
0.875715017319, 524
0.878138065338, 526
0.880609989166, 528
0.883192062378, 530
0.885823965073, 532
0.888744115829, 534
0.892961978912, 536
0.896366119385, 538
0.899470090866, 540
0.902086019516, 542
0.904541015625, 544
0.906969070435, 546
0.909390926361, 548
0.920475006104, 550
0.92298412323, 552
0.925332069397, 554
0.927721977234, 556
0.930066108704, 558
0.932564020157, 560
0.935003042221, 562
0.937357902527, 564
0.939956903458, 566
0.942281007767, 568
0.944612026215, 570
0.94708609581, 572
0.95144200325, 574
0.95495891571, 576
0.958064079285, 578
0.960823059082, 580
0.96323299408, 582
0.966442108154, 584
0.970096111298, 586
0.973089933395, 588
0.975764989853, 590
0.978240013123, 592
0.980402946472, 594
0.982724905014, 596
0.984909057617, 598
0.987019062042, 600
0.989049911499, 602
0.9910800457, 604
0.993145942688, 606
0.995214939117, 608
0.997278928757, 610
0.999392032623, 612
1.00140094757, 614
1.00341105461, 616
1.0054090023, 618
1.00744795799, 620
1.00972795486, 622
1.0117559433, 624
1.01374292374, 626
1.01605606079, 628
1.01815700531, 630
1.02017307281, 632
1.02217006683, 634
1.02418112755, 636
1.02620601654, 638
1.02822208405, 640
1.03032803535, 642
1.03242301941, 644
1.03448700905, 646
1.03858590126, 648
1.04160499573, 650
1.04434704781, 652
1.04681301117, 654
1.04903292656, 656
1.05098795891, 658
1.05292606354, 660
1.05486512184, 662
1.05684494972, 664
1.05882310867, 666
1.06083703041, 668
1.06281590462, 670
1.06515908241, 672
1.06708312035, 674
1.06972002983, 676
1.07168698311, 678
1.0746409893, 680
1.07733607292, 682
1.07979011536, 684
1.08210802078, 686
1.08408212662, 688
1.08604192734, 690
1.08805799484, 692
1.08997392654, 694
1.09192299843, 696
1.09385108948, 698
1.0957710743, 700
1.09783196449, 702
1.09987401962, 704
1.10176897049, 706
1.10376405716, 708
1.10572695732, 710
1.10763907433, 712
1.10954189301, 714
1.11142301559, 716
1.11335492134, 718
1.11553502083, 720
1.11777997017, 722
1.12048411369, 724
1.1231200695, 726
1.12551403046, 728
1.12769198418, 730
1.12961912155, 732
1.13148093224, 734
1.13329195976, 736
1.13510608673, 738
1.13696098328, 740
1.13881707191, 742
1.14065694809, 744
1.14245510101, 746
1.14434695244, 748
1.14614295959, 750
1.14793395996, 752
1.14971590042, 754
1.1515378952, 756
1.15331912041, 758
1.15509700775, 760
1.15695691109, 762
1.15895795822, 764
1.16074109077, 766
1.16254091263, 768
1.16451692581, 770
1.1664121151, 772
1.16895699501, 774
1.17160606384, 776
1.17398405075, 778
1.17611503601, 780
1.1780591011, 782
1.17984700203, 784
1.18156290054, 786
1.1832690239, 788
1.18500208855, 790
1.18670105934, 792
1.18865704536, 794
1.19040393829, 796
1.19210195541, 798
1.1937930584, 800
1.19548797607, 802
1.19717311859, 804
1.19935393333, 806
1.20168805122, 808
1.20427703857, 810
1.20668196678, 812
1.20890808105, 814
1.21093702316, 816
1.21274089813, 818
1.21451807022, 820
1.2161989212, 822
1.21804690361, 824
1.21983909607, 826
1.22161412239, 828
1.22330498695, 830
1.22503399849, 832
1.226790905, 834
1.22851109505, 836
1.23017597198, 838
1.23206710815, 840
1.23548412323, 842
1.23801612854, 844
1.24035596848, 846
1.24251508713, 848
1.24450397491, 850
1.24628210068, 852
1.24810290337, 854
1.24986505508, 856
1.25156211853, 858
1.25318312645, 860
1.25480103493, 862
1.25641107559, 864
1.25810098648, 866
1.25970411301, 868
1.26130795479, 870
1.26291012764, 872
1.2645509243, 874
1.26623797417, 876
1.2678360939, 878
1.26942801476, 880
1.27110505104, 882
1.27276110649, 884
1.27440404892, 886
1.276045084, 888
1.27791810036, 890
1.2795419693, 892
1.28117489815, 894
1.28289294243, 896
1.28445601463, 898
1.28621602058, 900
1.28792095184, 902
1.28969407082, 904
1.2913339138, 906
1.2929019928, 908
1.29451489449, 910
1.29615211487, 912
1.29921507835, 914
1.3018579483, 916
1.30417490005, 918
1.30622696877, 920
1.30814504623, 922
1.30991697311, 924
1.31166696548, 926
1.31330704689, 928
1.31506204605, 930
1.31714391708, 932
1.31877493858, 934
1.32031798363, 936
1.32195591927, 938
1.32355499268, 940
1.32509899139, 942
1.32663798332, 944
1.32818412781, 946
1.32972693443, 948
1.33129811287, 950
1.33285307884, 952
1.33432507515, 954
1.33578491211, 956
1.33725190163, 958
1.33989191055, 960
1.34186911583, 962
1.34404802322, 964
1.34611797333, 966
1.34805607796, 968
1.34980297089, 970
1.35145401955, 972
1.35294508934, 974
1.35436701775, 976
1.35578608513, 978
1.35720300674, 980
1.35861301422, 982
1.36004900932, 984
1.36150193214, 986
1.36290502548, 988
1.3644759655, 990
1.36591100693, 992
1.36732697487, 994
1.36895608902, 996
1.37042593956, 998
1.37181901932, 1000
1.37325906754, 1002
1.3746509552, 1004
1.37603998184, 1006
1.37742900848, 1008
1.37881708145, 1010
1.38029098511, 1012
1.38200497627, 1014
1.38494801521, 1016
1.38712000847, 1018
1.38918805122, 1020
1.39107012749, 1022
1.39282107353, 1024
1.39449000359, 1026
1.39603304863, 1028
1.39829206467, 1030
1.40045595169, 1032
1.40249800682, 1034
1.40435600281, 1036
1.40609908104, 1038
1.40773892403, 1040
1.40921902657, 1042
1.4105861187, 1044
1.41195011139, 1046
1.4133439064, 1048
1.41477704048, 1050
1.41693806648, 1052
1.41945505142, 1054
1.42152810097, 1056
1.42347407341, 1058
1.42533397675, 1060
1.42695999146, 1062
1.42856812477, 1064
1.43004202843, 1066
1.4315469265, 1068
1.43299102783, 1070
1.43436789513, 1072
1.43575406075, 1074
1.43713998795, 1076
1.43852710724, 1078
1.43990802765, 1080
1.44134902954, 1082
1.44279503822, 1084
1.44413304329, 1086
1.44545412064, 1088
1.44682097435, 1090
1.4481420517, 1092
1.44954395294, 1094
1.45090603828, 1096
1.45222806931, 1098
1.45354390144, 1100
1.45485091209, 1102
1.45620512962, 1104
1.45751595497, 1106
1.4589099884, 1108
1.46020007133, 1110
1.46149206161, 1112
1.46282505989, 1114
1.46418404579, 1116
1.46547007561, 1118
1.46677207947, 1120
1.46804904938, 1122
1.46934700012, 1124
1.47054195404, 1126
1.47172403336, 1128
1.47289395332, 1130
1.47406196594, 1132
1.47523403168, 1134
1.47645497322, 1136
1.47762298584, 1138
1.47877907753, 1140
1.4799759388, 1142
1.48116993904, 1144
1.48232603073, 1146
1.48348093033, 1148
1.48463392258, 1150
1.48578596115, 1152
1.4869389534, 1154
1.48822593689, 1156
1.48946094513, 1158
1.49065113068, 1160
1.49186897278, 1162
1.4930229187, 1164
1.49417591095, 1166
1.49534010887, 1168
1.49649500847, 1170
1.49788093567, 1172
1.49982094765, 1174
1.50124192238, 1176
1.50292301178, 1178
1.50459194183, 1180
1.50607705116, 1182
1.50755405426, 1184
1.50888705254, 1186
1.51019597054, 1188
1.51139307022, 1190
1.51250100136, 1192
1.51362800598, 1194
1.5148460865, 1196
1.51598000526, 1198
1.51720309258, 1200
1.5183930397, 1202
1.51952505112, 1204
1.52073407173, 1206
1.52184796333, 1208
1.52295804024, 1210
1.52402997017, 1212
1.52514410019, 1214
1.52623510361, 1216
1.52729392052, 1218
1.52835512161, 1220
1.52941298485, 1222
1.5304710865, 1224
