0.0238540172577, 2
0.0345189571381, 4
0.0450389385223, 6
0.0554440021515, 8
0.0661699771881, 10
0.0875461101532, 12
0.101150035858, 14
0.11310505867, 16
0.123685121536, 18
0.134959936142, 20
0.158281087875, 22
0.169255018234, 24
0.181041955948, 26
0.193403959274, 28
0.204145908356, 30
0.227596998215, 32
0.238146066666, 34
0.248922109604, 36
0.258944988251, 38
0.269515991211, 40
0.292973041534, 42
0.303070068359, 44
0.315654993057, 46
0.328365087509, 48
0.339276075363, 50
0.365138053894, 52
0.376970052719, 54
0.391822099686, 56
0.406713008881, 58
0.417635917664, 60
0.441481113434, 62
0.451592922211, 64
0.463495016098, 66
0.476355075836, 68
0.487258911133, 70
0.510397911072, 72
0.520844936371, 74
0.531634092331, 76
0.542026042938, 78
0.552370071411, 80
0.577749967575, 82
0.588267087936, 84
0.59849691391, 86
0.609045028687, 88
0.620026111603, 90
0.633374929428, 92
0.657061100006, 94
0.667684078217, 96
0.681740999222, 98
0.69394493103, 100
0.707498073578, 102
0.732995986938, 104
0.74485707283, 106
0.756397008896, 108
0.769757986069, 110
0.77981710434, 112
0.805439949036, 114
0.816249132156, 116
0.82626414299, 118
0.840698003769, 120
0.851295948029, 122
0.873930931091, 124
0.884776115417, 126
0.897346019745, 128
0.909730911255, 130
0.920289993286, 132
0.942039966583, 134
0.952631950378, 136
0.963464021683, 138
0.976107120514, 140
0.986387968063, 142
1.01215195656, 144
1.02459692955, 146
1.03875803947, 148
1.04930591583, 150
1.05930495262, 152
1.08070397377, 154
1.09092402458, 156
1.10467791557, 158
1.11537599564, 160
1.12550401688, 162
1.15249490738, 164
1.16714096069, 166
1.17983913422, 168
1.19157505035, 170
1.20142507553, 172
1.22673201561, 174
1.23743796349, 176
1.24873399734, 178
1.2586619854, 180
1.26916694641, 182
1.27909803391, 184
1.30126094818, 186
1.31188607216, 188
1.32533407211, 190
1.33921194077, 192
1.34992313385, 194
1.37715601921, 196
1.39013504982, 198
1.39989995956, 200
1.40996408463, 202
1.42036795616, 204
1.4462211132, 206
1.45688009262, 208
1.47077894211, 210
1.48179411888, 212
1.49234414101, 214
1.51424503326, 216
1.52419400215, 218
1.53459191322, 220
1.54598402977, 222
1.55952191353, 224
1.58089494705, 226
1.59066510201, 228
1.60065102577, 230
1.61051297188, 232
1.62050008774, 234
1.63126707077, 236
1.65285491943, 238
1.66442012787, 240
1.67717909813, 242
1.68708491325, 244
1.69902896881, 246
1.72257709503, 248
1.73590993881, 250
1.74677205086, 252
1.7567191124, 254
1.77020597458, 256
1.78168201447, 258
1.80705213547, 260
1.81981897354, 262
1.83082509041, 264
1.8409371376, 266
1.85431313515, 268
1.87630391121, 270
1.89027905464, 272
1.90028810501, 274
1.90990304947, 276
1.92022109032, 278
1.93020701408, 280
1.95281100273, 282
1.96408295631, 284
1.97453999519, 286
1.98444890976, 288
1.99490094185, 290
2.01828408241, 292
2.0286989212, 294
2.03916811943, 296
2.05338311195, 298
2.0655901432, 300
2.07991600037, 302
2.10217905045, 304
2.11266708374, 306
2.12240695953, 308
2.13631701469, 310
2.14690494537, 312
2.1701669693, 314
2.18158698082, 316
2.19154691696, 318
2.20615696907, 320
2.21667599678, 322
2.22786808014, 324
2.25130105019, 326
2.26148605347, 328
2.27159309387, 330
2.28152894974, 332
2.29187607765, 334
2.31449198723, 336
2.32467198372, 338
2.33867812157, 340
2.34905910492, 342
2.3590130806, 344
2.36893105507, 346
2.39347910881, 348
2.40389108658, 350
2.4144449234, 352
2.42449498177, 354
2.4345600605, 356
2.45644402504, 358
2.46677303314, 360
2.47679805756, 362
2.48651099205, 364
2.49678707123, 366
2.50655198097, 368
2.53133511543, 370
2.54104709625, 372
2.5545899868, 374
2.56415510178, 376
2.57370305061, 378
2.58288598061, 380
2.60935211182, 382
2.62213492393, 384
2.63273596764, 386
2.64232397079, 388
2.65233492851, 390
2.67804503441, 392
2.6890130043, 394
2.69849991798, 396
2.70818591118, 398
2.72026109695, 400
2.73047614098, 402
2.75187397003, 404
2.76158905029, 406
2.77135491371, 408
2.78100013733, 410
2.79044413567, 412
2.8135869503, 414
2.82347893715, 416
2.83743691444, 418
2.84764504433, 420
2.85789203644, 422
2.87216997147, 424
2.89535498619, 426
2.90510010719, 428
2.91516304016, 430
2.92485499382, 432
2.93662214279, 434
2.96382594109, 436
2.97660303116, 438
2.98711109161, 440
2.99709010124, 442
3.00755310059, 444
3.0179309845, 446
3.04362392426, 448
3.05684304237, 450
3.06694102287, 452
3.08073711395, 454
3.09176898003, 456
3.11509609222, 458
3.12502503395, 460
3.13545894623, 462
3.14586210251, 464
3.15836501122, 466
3.17192792892, 468
3.19709610939, 470
3.20690608025, 472
3.21662306786, 474
3.22602391243, 476
3.23547697067, 478
3.25638508797, 480
3.26630806923, 482
3.27618193626, 484
3.29004192352, 486
3.29992794991, 488
3.30960798264, 490
3.33132505417, 492
3.34171509743, 494
3.35572695732, 496
3.36605191231, 498
3.37585997581, 500
3.39021110535, 502
3.41267800331, 504
3.42469906807, 506
3.43397092819, 508
3.44300293922, 510
3.45200896263, 512
3.47370910645, 514
3.48725795746, 516
3.49728894234, 518
3.50672912598, 520
3.51612496376, 522
3.52539491653, 524
3.54702997208, 526
3.55634903908, 528
3.56599497795, 530
3.57548499107, 532
3.5888979435, 534
3.60996294022, 536
3.62336301804, 538
3.63293409348, 540
3.64205908775, 542
3.65108394623, 544
3.66026496887, 546
3.68430113792, 548
3.69542193413, 550
3.70486497879, 552
3.71483898163, 554
3.72452092171, 556
3.74754905701, 558
3.75735807419, 560
3.76741790771, 562
3.77708792686, 564
3.78854608536, 566
3.80076694489, 568
3.82302308083, 570
3.83271503448, 572
3.84204912186, 574
3.85164499283, 576
3.86105394363, 578
3.88482403755, 580
3.89825510979, 582
3.90986394882, 584
3.91987013817, 586
3.92932391167, 588
3.93908309937, 590
3.96376609802, 592
3.97795391083, 594
3.98791909218, 596
3.99808907509, 598
4.00782299042, 600
4.03034901619, 602
4.04019808769, 604
4.04977011681, 606
4.05929207802, 608
4.06887197495, 610
4.07840514183, 612
4.10270905495, 614
4.11491894722, 616
4.12496399879, 618
4.13463711739, 620
4.14434313774, 622
4.16764998436, 624
4.17839694023, 626
4.18728113174, 628
4.1968331337, 630
4.20691013336, 632
4.21951699257, 634
4.22893500328, 636
4.25402498245, 638
4.26395201683, 640
4.27368807793, 642
4.28311991692, 644
4.29263305664, 646
4.30250597, 648
4.32365202904, 650
4.33752298355, 652
4.34749007225, 654
4.35730195045, 656
4.367000103, 658
4.37572813034, 660
4.3971619606, 662
4.40646791458, 664
4.41677713394, 666
4.42928791046, 668
4.43852305412, 670
4.44779801369, 672
4.46954107285, 674
4.47905111313, 676
4.48839402199, 678
4.49828290939, 680
4.50749111176, 682
4.51933312416, 684
4.54187202454, 686
4.55196213722, 688
4.56140804291, 690
4.57123303413, 692
4.5827600956, 694
4.59383010864, 696
4.61567592621, 698
4.62520813942, 700
4.63861012459, 702
4.64961910248, 704
4.65907907486, 706
4.67253804207, 708
4.69649195671, 710
4.70902013779, 712
4.72252511978, 714
4.73142910004, 716
4.74042510986, 718
4.74990296364, 720
4.77238607407, 722
4.78527998924, 724
4.79526495934, 726
4.80467391014, 728
4.81408405304, 730
4.82328391075, 732
4.84517908096, 734
4.85788106918, 736
4.87085103989, 738
4.88272404671, 740
4.89429593086, 742
4.90404105186, 744
4.9259250164, 746
4.93457603455, 748
4.94316005707, 750
4.9520111084, 752
4.96281599998, 754
4.97582411766, 756
4.99793696404, 758
5.00699210167, 760
5.0163500309, 762
5.02558612823, 764
5.03511500359, 766
5.04623007774, 768
5.07279801369, 770
5.0825150013, 772
5.09177613258, 774
5.10111093521, 776
5.11098694801, 778
5.12070393562, 780
5.14477992058, 782
5.15360593796, 784
5.16269612312, 786
5.17619991302, 788
5.18643212318, 790
5.19736909866, 792
5.22172093391, 794
5.23471498489, 796
5.24436497688, 798
5.25351405144, 800
5.26523900032, 802
5.27607893944, 804
5.30183792114, 806
5.31232309341, 808
5.32190108299, 810
5.33137893677, 812
5.34055113792, 814
5.34947299957, 816
5.37030792236, 818
5.38168096542, 820
5.39317512512, 822
5.40203905106, 824
5.41104197502, 826
5.42023706436, 828
5.44107508659, 830
5.4503800869, 832
5.45943307877, 834
5.47270512581, 836
5.48136901855, 838
5.49021410942, 840
5.51212501526, 842
5.52334308624, 844
5.53465414047, 846
5.54339003563, 848
5.55218410492, 850
5.56122803688, 852
5.58237600327, 854
5.59183597565, 856
5.60092401505, 858
5.60962891579, 860
5.61890506744, 862
5.62811207771, 864
5.64944005013, 866
5.65852713585, 868
5.67058801651, 870
5.68031597137, 872
5.68914103508, 874
5.69829106331, 876
5.72010493279, 878
5.72923898697, 880
5.73827409744, 882
5.74951004982, 884
5.76081609726, 886
5.77012491226, 888
5.79075813293, 890
5.79952597618, 892
5.8083319664, 894
5.81793212891, 896
5.82744312286, 898
5.84049606323, 900
5.84951591492, 902
5.86963200569, 904
5.87983107567, 906
5.89160895348, 908
5.90050005913, 910
5.9092669487, 912
5.91845393181, 914
5.93875312805, 916
5.95048999786, 918
5.96053314209, 920
5.96981501579, 922
5.97998905182, 924
5.98867702484, 926
6.00976109505, 928
6.01939797401, 930
6.03043699265, 932
6.04205107689, 934
6.0529589653, 936
6.06172013283, 938
6.0860581398, 940
6.09797906876, 942
6.10909509659, 944
6.11802601814, 946
6.12660813332, 948
6.13900208473, 950
6.16006612778, 952
6.1723151207, 954
6.18150401115, 956
6.19046401978, 958
6.20169091225, 960
6.21197891235, 962
6.23187708855, 964
6.24002814293, 966
6.24886608124, 968
6.25776600838, 970
6.26651000977, 972
6.27555298805, 974
6.28824210167, 976
6.31330394745, 978
6.32309103012, 980
6.33174800873, 982
6.34030103683, 984
6.35212993622, 986
6.36185002327, 988
6.37020492554, 990
6.39014291763, 992
6.39898204803, 994
6.4073369503, 996
6.41647791862, 998
6.42517399788, 1000
6.43747711182, 1002
6.45951604843, 1004
6.47164511681, 1006
6.48087406158, 1008
6.48991894722, 1010
6.50147509575, 1012
6.51170611382, 1014
6.5205681324, 1016
6.53964996338, 1018
6.54848909378, 1020
6.55690908432, 1022
6.56548213959, 1024
6.57421302795, 1026
6.5863199234, 1028
6.59510493279, 1030
6.61747193336, 1032
6.62592101097, 1034
6.63413405418, 1036
6.64258503914, 1038
6.65079712868, 1040
6.65879893303, 1042
6.6790189743, 1044
6.68735599518, 1046
6.69783806801, 1048
6.70875811577, 1050
6.72009396553, 1052
6.72985911369, 1054
6.7388689518, 1056
6.76320314407, 1058
6.77212691307, 1060
6.78047800064, 1062
6.78854203224, 1064
6.79901695251, 1066
6.81026911736, 1068
6.82080698013, 1070
6.84072494507, 1072
6.85027003288, 1074
6.85872793198, 1076
6.86742305756, 1078
6.87652802467, 1080
6.88499403, 1082
6.90375614166, 1084
6.91256308556, 1086
6.9212770462, 1088
6.93035793304, 1090
6.9392991066, 1092
6.94819712639, 1094
6.95681095123, 1096
6.9755089283, 1098
6.98381400108, 1100
6.99256801605, 1102
7.00509810448, 1104
7.01393604279, 1106
7.02245903015, 1108
7.03075695038, 1110
7.05077910423, 1112
7.05931997299, 1114
7.06786108017, 1116
7.07624411583, 1118
7.08485507965, 1120
7.09669804573, 1122
7.11745095253, 1124
7.12582802773, 1126
7.13796901703, 1128
7.14732408524, 1130
7.15610909462, 1132
7.16407704353, 1134
7.17225599289, 1136
7.19715499878, 1138
7.20766592026, 1140
7.21629405022, 1142
7.22417211533, 1144
7.23311209679, 1146
7.24326491356, 1148
7.25131392479, 1150
7.27193498611, 1152
7.28040003777, 1154
7.28847813606, 1156
7.29925513268, 1158
7.30944800377, 1160
7.32122707367, 1162
7.34305810928, 1164
7.35169696808, 1166
7.35971307755, 1168
7.36783003807, 1170
7.37596297264, 1172
7.38385009766, 1174
7.39214301109, 1176
7.41408610344, 1178
7.42448711395, 1180
7.43580508232, 1182
7.44653391838, 1184
7.45479893684, 1186
7.46299505234, 1188
7.47579693794, 1190
7.49827599525, 1192
7.50888204575, 1194
7.51990795135, 1196
7.52920007706, 1198
7.53801512718, 1200
7.54840898514, 1202
7.57371807098, 1204
7.58232808113, 1206
7.59064006805, 1208
7.59894704819, 1210
7.60725092888, 1212
7.61672091484, 1214
7.62596106529, 1216
7.64725995064, 1218
7.65522694588, 1220
7.6644179821, 1222
7.67313814163, 1224
7.68099212646, 1226
7.68953299522, 1228
7.7106859684, 1230
7.72235202789, 1232
7.73123502731, 1234
7.7397480011, 1236
7.75063991547, 1238
7.76026797295, 1240
7.77278995514, 1242
7.7923719883, 1244
7.80059695244, 1246
7.80864691734, 1248
7.81880903244, 1250
7.82868909836, 1252
7.83686304092, 1254
7.84482693672, 1256
7.86724805832, 1258
7.87514710426, 1260
7.88625693321, 1262
7.89574599266, 1264
7.90377497673, 1266
7.91161799431, 1268
7.93237996101, 1270
7.93996691704, 1272
7.94808197021, 1274
7.95651006699, 1276
7.96448898315, 1278
7.97233700752, 1280
7.98045492172, 1282
7.99951601028, 1284
8.00759100914, 1286
8.01599192619, 1288
8.02355003357, 1290
8.034263134, 1292
8.04474592209, 1294
8.05276608467, 1296
8.07236003876, 1298
8.08238506317, 1300
8.09025502205, 1302
8.09884309769, 1304
8.10720396042, 1306
8.11495900154, 1308
8.13499999046, 1310
8.14750909805, 1312
8.15613603592, 1314
8.164716959, 1316
8.17296910286, 1318
8.1811029911, 1320
8.18928813934, 1322
8.21033596992, 1324
8.21808195114, 1326
8.22676491737, 1328
8.23465895653, 1330
8.24248504639, 1332
8.25125908852, 1334
8.25921106339, 1336
8.2814450264, 1338
8.28950095177, 1340
8.29762005806, 1342
8.30644798279, 1344
8.31446409225, 1346
8.3224170208, 1348
8.33037590981, 1350
8.3528470993, 1352
8.3607571125, 1354
8.37272191048, 1356
8.38157606125, 1358
8.38939905167, 1360
8.3974199295, 1362
8.40512800217, 1364
8.42391300201, 1366
8.43120908737, 1368
8.43920302391, 1370
8.44810891151, 1372
8.45936393738, 1374
8.46732497215, 1376
8.47540092468, 1378
8.48656892776, 1380
8.50714302063, 1382
8.51706790924, 1384
8.52724409103, 1386
8.5351960659, 1388
8.54329299927, 1390
8.55092000961, 1392
8.56300091743, 1394
8.583796978, 1396
8.5954079628, 1398
8.60355901718, 1400
8.61158013344, 1402
8.6195089817, 1404
8.62762999535, 1406
8.6395149231, 1408
8.64802098274, 1410
8.66699695587, 1412
8.67526102066, 1414
8.68607211113, 1416
8.69497394562, 1418
8.7024679184, 1420
8.71059393883, 1422
8.71866607666, 1424
8.73911690712, 1426
8.74677395821, 1428
8.75466895103, 1430
8.76247096062, 1432
8.77055191994, 1434
8.77839803696, 1436
8.7901661396, 1438
8.80972409248, 1440
8.81961202621, 1442
8.82938909531, 1444
8.83961200714, 1446
8.85015296936, 1448
8.85929608345, 1450
8.86733198166, 1452
8.87531614304, 1454
8.89460110664, 1456
8.90245199203, 1458
8.91043305397, 1460
8.92185592651, 1462
8.9304599762, 1464
8.93787407875, 1466
8.94817209244, 1468
8.96870398521, 1470
8.97681307793, 1472
8.98484611511, 1474
8.99292302132, 1476
9.00042390823, 1478
9.00870394707, 1480
9.01925611496, 1482
9.03986907005, 1484
9.0477809906, 1486
9.05592012405, 1488
9.06374311447, 1490
9.07204914093, 1492
9.07963895798, 1494
9.08762097359, 1496
9.09662795067, 1498
9.11832714081, 1500
9.1259059906, 1502
9.13494992256, 1504
9.142359972, 1506
9.15409612656, 1508
9.16283297539, 1510
9.17063999176, 1512
9.19027709961, 1514
9.20031499863, 1516
9.20992994308, 1518
9.21795392036, 1520
9.22568392754, 1522
9.23466992378, 1524
9.24268007278, 1526
9.25173211098, 1528
9.27197194099, 1530
9.28013896942, 1532
9.28815293312, 1534
9.29655814171, 1536
9.30485391617, 1538
9.31368207932, 1540
9.32524108887, 1542
9.34393310547, 1544
9.35186195374, 1546
9.3595559597, 1548
9.36765193939, 1550
9.374792099, 1552
9.38274407387, 1554
9.38981699944, 1556
9.41119003296, 1558
9.41992807388, 1560
9.43090701103, 1562
9.43999695778, 1564
9.44803595543, 1566
9.45572805405, 1568
9.46549701691, 1570
9.47555613518, 1572
9.49626803398, 1574
9.50385499001, 1576
9.51180291176, 1578
9.51994109154, 1580
9.52789902687, 1582
9.53934812546, 1584
9.54786801338, 1586
9.56676697731, 1588
9.57435703278, 1590
9.58458900452, 1592
9.5938129425, 1594
9.60123610497, 1596
9.60875511169, 1598
9.61617994308, 1600
9.62373209, 1602
9.64306998253, 1604
9.65407299995, 1606
9.66248512268, 1608
9.67069506645, 1610
9.6813659668, 1612
9.6899061203, 1614
9.69861006737, 1616
9.71732401848, 1618
9.72501802444, 1620
9.73581004143, 1622
9.74497795105, 1624
9.75256800652, 1626
9.76047110558, 1628
9.77003097534, 1630
9.79046106339, 1632
9.79776406288, 1634
9.80541110039, 1636
9.81497192383, 1638
9.82462596893, 1640
9.83173799515, 1642
9.83910512924, 1644
9.84637093544, 1646
9.86742210388, 1648
9.87690997124, 1650
9.88680696487, 1652
9.89576601982, 1654
9.90339398384, 1656
9.91055798531, 1658
9.91806292534, 1660
9.93641114235, 1662
9.94430208206, 1664
9.95558214188, 1666
9.96394109726, 1668
9.97166013718, 1670
9.97974991798, 1672
9.98732304573, 1674
9.99627304077, 1676
10.0186440945, 1678
10.027312994, 1680
10.0346479416, 1682
10.0422439575, 1684
10.0497090816, 1686
10.0572779179, 1688
10.0673120022, 1690
10.0884170532, 1692
10.0961489677, 1694
10.1036539078, 1696
10.1112310886, 1698
10.1187651157, 1700
10.1264131069, 1702
10.1337001324, 1704
10.1526720524, 1706
10.1601159573, 1708
10.1678309441, 1710
10.1755890846, 1712
10.1831641197, 1714
10.1907651424, 1716
10.1983070374, 1718
10.2056391239, 1720
10.2245910168, 1722
10.231785059, 1724
10.2393169403, 1726
10.2464361191, 1728
10.2538781166, 1730
10.2610270977, 1732
10.2686059475, 1734
10.2872760296, 1736
10.2950489521, 1738
10.3021011353, 1740
10.312319994, 1742
10.3214919567, 1744
10.3305621147, 1746
10.3392910957, 1748
10.3589389324, 1750
10.366300106, 1752
10.3739221096, 1754
10.3813691139, 1756
10.3889391422, 1758
10.3961241245, 1760
10.4042379856, 1762
10.411673069, 1764
10.4309649467, 1766
10.4381430149, 1768
10.4461920261, 1770
10.457036972, 1772
10.4646320343, 1774
10.4717650414, 1776
10.4791750908, 1778
10.4982221127, 1780
10.5055909157, 1782
10.5129699707, 1784
10.5202660561, 1786
10.5275440216, 1788
10.5351309776, 1790
10.5426409245, 1792
10.5500400066, 1794
10.5689890385, 1796
10.5763239861, 1798
10.5837759972, 1800
10.5949759483, 1802
10.6029961109, 1804
10.6102349758, 1806
10.6175580025, 1808
10.6374249458, 1810
10.6447930336, 1812
10.6517090797, 1814
10.6591169834, 1816
10.6661911011, 1818
10.6758089066, 1820
10.6844980717, 1822
10.7037329674, 1824
10.7108421326, 1826
10.7185389996, 1828
10.7256309986, 1830
10.733328104, 1832
10.7404949665, 1834
10.7480049133, 1836
10.7550311089, 1838
10.7735230923, 1840
10.7807641029, 1842
10.7878379822, 1844
10.7949829102, 1846
10.8021321297, 1848
10.8089740276, 1850
10.8159351349, 1852
10.8229980469, 1854
10.8405981064, 1856
10.8473520279, 1858
10.8543181419, 1860
10.8612980843, 1862
10.8679831028, 1864
10.8749461174, 1866
10.8818390369, 1868
10.8888840675, 1870
10.8957970142, 1872
10.9132709503, 1874
10.9200029373, 1876
10.9268600941, 1878
10.9339799881, 1880
10.9407999516, 1882
10.9479370117, 1884
10.9549689293, 1886
10.961771965, 1888
10.9793150425, 1890
10.9862949848, 1892
10.9933791161, 1894
11.0003259182, 1896
11.0075061321, 1898
11.0141921043, 1900
11.0211400986, 1902
11.0283770561, 1904
11.0456740856, 1906
11.0526559353, 1908
11.0601110458, 1910
11.0669169426, 1912
11.0738720894, 1914
11.0809760094, 1916
11.087706089, 1918
11.0948629379, 1920
11.1019001007, 1922
11.1192500591, 1924
11.1258540154, 1926
11.1327121258, 1928
11.1395680904, 1930
11.1462180614, 1932
11.1533789635, 1934
11.1603770256, 1936
11.1669740677, 1938
11.1845870018, 1940
11.1916611195, 1942
11.1985909939, 1944
11.2055239677, 1946
11.2125029564, 1948
11.219233036, 1950
11.2262279987, 1952
11.2332010269, 1954
11.2511241436, 1956
11.2578821182, 1958
11.2648921013, 1960
11.2716739178, 1962
11.2785210609, 1964
11.2854149342, 1966
11.2923090458, 1968
11.299118042, 1970
11.3174431324, 1972
11.3244020939, 1974
11.3313260078, 1976
11.3382060528, 1978
11.3452920914, 1980
11.3521530628, 1982
11.3590159416, 1984
11.365696907, 1986
11.3728260994, 1988
11.3925509453, 1990
11.3994650841, 1992
11.4062540531, 1994
11.4133520126, 1996
11.4203391075, 1998
11.4268460274, 2000
11.433604002, 2002
11.4405460358, 2004
11.4575691223, 2006
11.4645199776, 2008
11.4714550972, 2010
11.4780580997, 2012
11.4851930141, 2014
11.492002964, 2016
11.4987699986, 2018
11.5054700375, 2020
11.523526907, 2022
11.530039072, 2024
11.5370640755, 2026
11.5438599586, 2028
11.5503621101, 2030
11.5575349331, 2032
11.5644221306, 2034
11.5709249973, 2036
11.5775449276, 2038
11.5950469971, 2040
11.6016831398, 2042
11.6087670326, 2044
11.6157019138, 2046
11.6223220825, 2048
11.6295180321, 2050
11.636343956, 2052
11.6428759098, 2054
11.6601309776, 2056
11.6671459675, 2058
11.6743209362, 2060
11.6811101437, 2062
11.6878480911, 2064
11.6946320534, 2066
11.7015769482, 2068
11.708286047, 2070
11.7256469727, 2072
11.7323279381, 2074
11.738920927, 2076
11.7456490993, 2078
11.7521541119, 2080
11.7587249279, 2082
11.7655191422, 2084
11.7719800472, 2086
11.7784490585, 2088
11.7956449986, 2090
11.80220294, 2092
11.8088700771, 2094
11.8155939579, 2096
11.8220510483, 2098
11.8289511204, 2100
11.8355751038, 2102
11.84197402, 2104
11.859087944, 2106
11.8657300472, 2108
11.8722131252, 2110
11.8787999153, 2112
11.8853330612, 2114
11.8918480873, 2116
11.8984000683, 2118
11.9052379131, 2120
11.9221630096, 2122
11.9283149242, 2124
11.9348990917, 2126
11.9416999817, 2128
11.947879076, 2130
11.9544610977, 2132
11.9610381126, 2134
11.9674479961, 2136
11.9740009308, 2138
11.9911179543, 2140
11.9974400997, 2142
12.0042209625, 2144
12.0108931065, 2146
12.0173461437, 2148
12.023458004, 2150
12.0297899246, 2152
12.0361189842, 2154
12.0425789356, 2156
12.0598909855, 2158
12.0662751198, 2160
12.0726180077, 2162
12.0790801048, 2164
12.0857670307, 2166
12.0918409824, 2168
12.0980510712, 2170
12.1045670509, 2172
12.1108999252, 2174
12.1174309254, 2176
12.1353600025, 2178
12.1415200233, 2180
12.148029089, 2182
12.1544570923, 2184
12.1607711315, 2186
12.1668851376, 2188
12.173306942, 2190
12.1794929504, 2192
12.1859519482, 2194
12.2037110329, 2196
12.2100701332, 2198
12.2162439823, 2200
12.2225151062, 2202
12.2288551331, 2204
12.2350780964, 2206
12.241435051, 2208
12.2475240231, 2210
12.2537140846, 2212
12.2599489689, 2214
12.2777540684, 2216
12.2839050293, 2218
12.2903470993, 2220
12.2968919277, 2222
12.3029999733, 2224
12.3091540337, 2226
12.3154449463, 2228
12.3216280937, 2230
12.3282220364, 2232
12.3459849358, 2234
12.3523390293, 2236
12.358727932, 2238
12.3651130199, 2240
12.3714230061, 2242
12.377491951, 2244
12.3837311268, 2246
12.3898789883, 2248
12.3959319592, 2250
12.4021649361, 2252
12.4200739861, 2254
12.4262099266, 2256
12.4325249195, 2258
12.4386780262, 2260
12.4449019432, 2262
12.4507830143, 2264
12.4571540356, 2266
12.4631941319, 2268
12.4696240425, 2270
12.4869589806, 2272
12.4932940006, 2274
12.4992420673, 2276
12.505480051, 2278
12.5118989944, 2280
12.5182249546, 2282
12.5244889259, 2284
12.5305240154, 2286
12.5365519524, 2288
12.5427200794, 2290
12.5601770878, 2292
12.5662999153, 2294
12.5727329254, 2296
12.5789279938, 2298
12.5848641396, 2300
12.5910460949, 2302
12.5973141193, 2304
12.6031589508, 2306
12.6094179153, 2308
12.6270880699, 2310
12.6332199574, 2312
12.639220953, 2314
12.6454219818, 2316
12.6515851021, 2318
12.6576659679, 2320
12.6650631428, 2322
12.6713430882, 2324
12.6776070595, 2326
12.6838870049, 2328
12.7004449368, 2330
12.7065899372, 2332
12.7132959366, 2334
12.7195529938, 2336
12.7256300449, 2338
12.7316229343, 2340
12.7377071381, 2342
12.7436549664, 2344
12.7498300076, 2346
12.766726017, 2348
12.7728171349, 2350
12.7785820961, 2352
12.7847349644, 2354
12.7915890217, 2356
12.7982020378, 2358
12.8049180508, 2360
12.8111870289, 2362
12.8173370361, 2364
12.8245029449, 2366
12.8426339626, 2368
12.8487679958, 2370
12.8551211357, 2372
12.8611860275, 2374
12.8670480251, 2376
12.8727440834, 2378
12.8790719509, 2380
12.8848919868, 2382
12.8909800053, 2384
12.9076061249, 2386
12.9136049747, 2388
12.9194509983, 2390
12.9256060123, 2392
12.9316790104, 2394
12.9374520779, 2396
12.9433310032, 2398
12.9495890141, 2400
12.95550704, 2402
12.9616339207, 2404
12.9782309532, 2406
12.9839940071, 2408
12.9900419712, 2410
12.9961659908, 2412
13.0019550323, 2414
13.0077610016, 2416
13.0137131214, 2418
13.0197970867, 2420
13.025769949, 2422
13.0423691273, 2424
13.0482549667, 2426
13.0540440083, 2428
13.0600259304, 2430
13.0659689903, 2432
13.0720710754, 2434
13.0781259537, 2436
13.0839750767, 2438
13.0896749496, 2440
13.0960991383, 2442
13.1125891209, 2444
13.1186060905, 2446
13.1247141361, 2448
13.1305830479, 2450
13.1362431049, 2452
13.1420121193, 2454
13.1480350494, 2456
13.1537349224, 2458
13.1600511074, 2460
13.1791939735, 2462
13.1864309311, 2464
13.1921510696, 2466
13.1981401443, 2468
13.2041089535, 2470
13.2097539902, 2472
13.2155981064, 2474
13.2214949131, 2476
13.2272849083, 2478
13.2331850529, 2480
13.2496190071, 2482
13.2552380562, 2484
13.2611470222, 2486
13.2670841217, 2488
13.272808075, 2490
13.2783780098, 2492
13.2841620445, 2494
13.2898459435, 2496
13.2958500385, 2498
13.3122000694, 2500
13.3179619312, 2502
13.3238060474, 2504
13.3297491074, 2506
13.3356471062, 2508
13.3415091038, 2510
13.347381115, 2512
13.3531370163, 2514
13.3588769436, 2516
13.3647899628, 2518
13.3810429573, 2520
13.3868141174, 2522
13.3926539421, 2524
13.3984811306, 2526
13.404145956, 2528
13.4099969864, 2530
13.4159219265, 2532
13.4216201305, 2534
13.4276690483, 2536
13.4438340664, 2538
13.4495930672, 2540
13.4552769661, 2542
13.4611201286, 2544
13.4668989182, 2546
13.4725499153, 2548
13.4783890247, 2550
13.4840610027, 2552
13.4896919727, 2554
13.4954659939, 2556
13.5118370056, 2558
13.517647028, 2560
13.5235819817, 2562
13.5295641422, 2564
13.535187006, 2566
13.5407090187, 2568
13.5465531349, 2570
13.5522840023, 2572
13.5588431358, 2574
13.5753059387, 2576
13.5809321404, 2578
13.5865790844, 2580
13.5927670002, 2582
13.5984659195, 2584
13.6041660309, 2586
13.6098971367, 2588
13.6156001091, 2590
13.6211640835, 2592
13.6272130013, 2594
13.6435890198, 2596
13.6493759155, 2598
13.6552619934, 2600
13.6609330177, 2602
13.6666269302, 2604
13.6727800369, 2606
13.6786000729, 2608
13.6843969822, 2610
13.6900980473, 2612
13.6959331036, 2614
13.701515913, 2616
13.7171099186, 2618
13.7225089073, 2620
13.7281019688, 2622
13.7338140011, 2624
13.7391850948, 2626
13.7447190285, 2628
13.7501449585, 2630
13.7556951046, 2632
13.7611920834, 2634
13.7667479515, 2636
13.7723550797, 2638
13.788752079, 2640
13.7943439484, 2642
13.8001029491, 2644
13.8057720661, 2646
13.8113939762, 2648
13.8171820641, 2650
13.822783947, 2652
13.8282849789, 2654
13.8343119621, 2656
13.8399529457, 2658
13.8455810547, 2660
13.8622529507, 2662
13.8678479195, 2664
13.873636961, 2666
13.8792130947, 2668
13.8848121166, 2670
13.890458107, 2672
13.8960649967, 2674
13.9014759064, 2676
13.90696311, 2678
13.9125339985, 2680
13.9181129932, 2682
13.9348680973, 2684
13.9407401085, 2686
13.9465949535, 2688
13.9522111416, 2690
13.957736969, 2692
13.963488102, 2694
13.9689619541, 2696
13.9743289948, 2698
13.9797289371, 2700
13.9850869179, 2702
13.9906899929, 2704
14.0076889992, 2706
14.0133709908, 2708
14.0190601349, 2710
14.0246899128, 2712
14.0301790237, 2714
14.0360319614, 2716
14.0417809486, 2718
14.0472419262, 2720
14.0527291298, 2722
14.0582740307, 2724
14.0639929771, 2726
14.0806181431, 2728
14.0861649513, 2730
14.091725111, 2732
14.097356081, 2734
14.1030249596, 2736
14.1088011265, 2738
14.1142549515, 2740
14.1197910309, 2742
14.1254239082, 2744
14.1308560371, 2746
14.1364169121, 2748
14.152146101, 2750
14.1574509144, 2752
14.1626341343, 2754
14.1677849293, 2756
14.1730661392, 2758
14.1782550812, 2760
14.1833839417, 2762
14.1884920597, 2764
14.1936011314, 2766
14.1987559795, 2768
14.2038760185, 2770
14.2193479538, 2772
14.2246549129, 2774
14.2298460007, 2776
14.235172987, 2778
14.240598917, 2780
14.2458660603, 2782
14.2511210442, 2784
14.2564759254, 2786
14.261785984, 2788
14.2671871185, 2790
14.2724459171, 2792
14.2888009548, 2794
14.2940049171, 2796
14.2992470264, 2798
14.3045120239, 2800
14.3099999428, 2802
14.3153591156, 2804
14.3205680847, 2806
14.3259401321, 2808
14.3311970234, 2810
14.336384058, 2812
14.3422451019, 2814
14.3579950333, 2816
14.363243103, 2818
14.3685269356, 2820
14.3738429546, 2822
14.3790080547, 2824
14.3841180801, 2826
14.3896310329, 2828
14.3949229717, 2830
14.4003429413, 2832
14.4055380821, 2834
14.4107301235, 2836
14.426240921, 2838
14.4316079617, 2840
14.4368419647, 2842
14.4424059391, 2844
14.4477031231, 2846
14.4529731274, 2848
14.45855093, 2850
14.4638230801, 2852
14.4699170589, 2854
14.4784770012, 2856
14.4845600128, 2858
14.5013210773, 2860
14.5072140694, 2862
14.5127699375, 2864
14.5184760094, 2866
14.5241029263, 2868
14.5296640396, 2870
14.5351669788, 2872
14.5407891273, 2874
14.5464179516, 2876
14.5519049168, 2878
14.5572080612, 2880
14.5626270771, 2882
14.578635931, 2884
14.583892107, 2886
14.5891580582, 2888
14.5946009159, 2890
14.5998089314, 2892
14.604886055, 2894
14.6100449562, 2896
14.6153171062, 2898
14.6203780174, 2900
14.6263999939, 2902
14.6315920353, 2904
14.6483390331, 2906
14.6554689407, 2908
14.6613750458, 2910
14.6692240238, 2912
14.6755440235, 2914
14.6807091236, 2916
14.6859579086, 2918
14.6913430691, 2920
14.6964440346, 2922
14.7014329433, 2924
14.7064740658, 2926
14.721818924, 2928
14.7269060612, 2930
14.732063055, 2932
14.7372860909, 2934
14.7425000668, 2936
14.7477049828, 2938
14.7528419495, 2940
14.757930994, 2942
14.7630910873, 2944
14.7682349682, 2946
14.7732839584, 2948
14.7890169621, 2950
14.7940781116, 2952
14.7991039753, 2954
14.8041510582, 2956
14.8092420101, 2958
14.814234972, 2960
14.8193240166, 2962
14.8243119717, 2964
14.8292880058, 2966
14.834321022, 2968
14.8394210339, 2970
14.8555710316, 2972
14.8607559204, 2974
14.8659141064, 2976
14.8710150719, 2978
14.8761019707, 2980
14.8815479279, 2982
14.8866341114, 2984
14.8917450905, 2986
14.8967981339, 2988
14.9019749165, 2990
14.9074070454, 2992
14.9238219261, 2994
14.9290120602, 2996
14.9340569973, 2998
14.939109087, 3000
14.9442110062, 3002
14.9522769451, 3004
14.9586439133, 3006
14.9635090828, 3008
14.9684281349, 3010
14.973402977, 3012
14.9782221317, 3014
14.9830560684, 3016
14.9986231327, 3018
15.0035469532, 3020
15.0084350109, 3022
15.0132660866, 3024
15.0180220604, 3026
15.0228180885, 3028
15.027821064, 3030
15.0325911045, 3032
15.0374660492, 3034
15.0423390865, 3036
15.047219038, 3038
15.0521731377, 3040
15.0590889454, 3042
15.0774419308, 3044
15.0837070942, 3046
15.0903110504, 3048
15.0955510139, 3050
15.1004841328, 3052
15.1052350998, 3054
15.1101670265, 3056
15.1151950359, 3058
15.1199851036, 3060
15.1249520779, 3062
15.1297681332, 3064
15.1344931126, 3066
15.1392869949, 3068
15.1442780495, 3070
15.1593799591, 3072
15.1642150879, 3074
15.1693351269, 3076
15.174093008, 3078
15.1790139675, 3080
15.1837580204, 3082
15.1885130405, 3084
15.1933960915, 3086
15.1983430386, 3088
15.2030529976, 3090
15.2079129219, 3092
15.2127709389, 3094
15.2174580097, 3096
15.2321779728, 3098
15.2368841171, 3100
15.2416620255, 3102
15.2466440201, 3104
15.2514460087, 3106
15.2562789917, 3108
15.2610619068, 3110
15.2660000324, 3112
15.2707719803, 3114
15.2756659985, 3116
15.2803061008, 3118
15.2849709988, 3120
15.2897751331, 3122
15.3041939735, 3124
15.3089489937, 3126
15.3135700226, 3128
15.3183879852, 3130
15.3231289387, 3132
15.3279969692, 3134
15.3326830864, 3136
15.3374660015, 3138
15.342345953, 3140
15.3469660282, 3142
15.3519361019, 3144
15.3568799496, 3146
15.3616559505, 3148
15.3764429092, 3150
15.381114006, 3152
15.3857579231, 3154
15.3904130459, 3156
15.3949561119, 3158
15.3995759487, 3160
15.4046070576, 3162
15.4092891216, 3164
15.4140770435, 3166
15.4187629223, 3168
15.423402071, 3170
15.4281179905, 3172
15.4329390526, 3174
15.4377980232, 3176
15.4527659416, 3178
15.4608650208, 3180
15.4666991234, 3182
15.4716339111, 3184
15.4763159752, 3186
15.4809811115, 3188
15.4858820438, 3190
15.4909660816, 3192
15.4956469536, 3194
15.5003480911, 3196
15.5049879551, 3198
15.5096211433, 3200
15.5154421329, 3202
15.5333631039, 3204
15.5382521152, 3206
15.543307066, 3208
15.5480730534, 3210
15.553082943, 3212
15.5582530499, 3214
15.5629880428, 3216
15.5678079128, 3218
15.5728490353, 3220
15.578140974, 3222
15.5828719139, 3224
15.5877070427, 3226
15.5923409462, 3228
15.6073000431, 3230
15.6118581295, 3232
15.61642313, 3234
15.6210870743, 3236
15.6267011166, 3238
15.6316449642, 3240
15.6363799572, 3242
15.6408729553, 3244
15.645357132, 3246
15.6500229836, 3248
15.6548540592, 3250
15.6597549915, 3252
15.6643049717, 3254
15.6687750816, 3256
15.6834840775, 3258
15.6880319118, 3260
15.6925070286, 3262
15.6995530128, 3264
15.7061629295, 3266
15.7110359669, 3268
15.7156569958, 3270
15.720361948, 3272
15.7249040604, 3274
15.7294950485, 3276
15.7343850136, 3278
15.7389130592, 3280
15.7434709072, 3282
15.7591490746, 3284
15.7637200356, 3286
15.7682619095, 3288
15.7728910446, 3290
15.777354002, 3292
15.7818510532, 3294
15.7864849567, 3296
15.7908780575, 3298
15.7955510616, 3300
15.7998759747, 3302
15.8041920662, 3304
15.8086540699, 3306
15.8132069111, 3308
15.8304860592, 3310
15.8368060589, 3312
15.8417260647, 3314
15.846198082, 3316
15.8508341312, 3318
15.8552780151, 3320
15.8600449562, 3322
15.8649070263, 3324
15.8692760468, 3326
15.873842001, 3328
15.8783290386, 3330
15.8828220367, 3332
15.88727808, 3334
15.8919949532, 3336
15.9070661068, 3338
15.9115381241, 3340
15.9163551331, 3342
15.9207940102, 3344
15.9252851009, 3346
15.9296069145, 3348
15.9340519905, 3350
15.9387869835, 3352
15.9433860779, 3354
15.9477779865, 3356
15.9522430897, 3358
15.956594944, 3360
15.9613940716, 3362
15.976541996, 3364
15.9808409214, 3366
15.9853889942, 3368
15.9901130199, 3370
15.9944350719, 3372
15.998814106, 3374
16.0031809807, 3376
16.0075290203, 3378
16.0120499134, 3380
16.0165510178, 3382
16.0207719803, 3384
16.0250730515, 3386
16.0296449661, 3388
16.0446469784, 3390
16.0491609573, 3392
16.0532960892, 3394
16.057737112, 3396
16.0622150898, 3398
16.0666069984, 3400
16.0709180832, 3402
16.0754361153, 3404
16.0796060562, 3406
16.0840749741, 3408
16.0883190632, 3410
16.0925939083, 3412
16.096873045, 3414
16.1011199951, 3416
16.1053180695, 3418
16.1094660759, 3420
16.1238229275, 3422
16.1279199123, 3424
16.1320610046, 3426
16.1363201141, 3428
16.1403720379, 3430
16.1446630955, 3432
16.1488809586, 3434
16.1530089378, 3436
16.1572310925, 3438
16.1614189148, 3440
16.1657259464, 3442
16.1698760986, 3444
16.1741831303, 3446
16.1783559322, 3448
16.1826510429, 3450
16.1871840954, 3452
16.1912410259, 3454
16.2050759792, 3456
16.2090699673, 3458
16.2130410671, 3460
16.217042923, 3462
16.2211949825, 3464
16.2252449989, 3466
16.2292339802, 3468
16.2332060337, 3470
16.2372851372, 3472
16.2412641048, 3474
16.2453241348, 3476
16.249341011, 3478
16.2534029484, 3480
16.2573580742, 3482
16.261318922, 3484
16.2655749321, 3486
16.2695689201, 3488
16.2836070061, 3490
16.2876601219, 3492
16.2916340828, 3494
16.2957041264, 3496
16.2999250889, 3498
16.3038611412, 3500
16.3078651428, 3502
16.3118610382, 3504
16.3157770634, 3506
16.3198161125, 3508
16.3238220215, 3510
16.3278849125, 3512
16.3318650723, 3514
16.3358960152, 3516
16.3399119377, 3518
16.34435606, 3520
16.3582649231, 3522
16.3622770309, 3524
16.3663971424, 3526
16.3705480099, 3528
16.3745319843, 3530
16.3785560131, 3532
16.3825700283, 3534
16.3864409924, 3536
16.3905110359, 3538
16.3945810795, 3540
16.3984429836, 3542
16.4024939537, 3544
16.4064490795, 3546
16.4103491306, 3548
16.4143350124, 3550
16.4184260368, 3552
16.422344923, 3554
16.436248064, 3556
16.4402859211, 3558
16.4442560673, 3560
16.4482679367, 3562
16.4523179531, 3564
16.4561550617, 3566
16.4602940083, 3568
16.4643559456, 3570
16.4684519768, 3572
16.4725210667, 3574
16.4764609337, 3576
16.4802749157, 3578
16.4842019081, 3580
16.4882800579, 3582
16.492166996, 3584
16.4961900711, 3586
16.5001020432, 3588
16.5138249397, 3590
16.5177140236, 3592
16.5217061043, 3594
16.5255770683, 3596
16.5293791294, 3598
16.5332629681, 3600
16.5371260643, 3602
16.5409350395, 3604
16.5447671413, 3606
16.5485639572, 3608
16.5524249077, 3610
16.5562479496, 3612
16.5600850582, 3614
16.5639169216, 3616
16.5677540302, 3618
16.5718340874, 3620
16.5862569809, 3622
16.5902769566, 3624
16.5943570137, 3626
16.5983541012, 3628
16.6022410393, 3630
16.6060941219, 3632
16.6101810932, 3634
16.6140730381, 3636
16.6180419922, 3638
16.6218731403, 3640
16.6258749962, 3642
16.6297740936, 3644
16.6338300705, 3646
16.6376619339, 3648
16.6414959431, 3650
16.6453211308, 3652
16.6492640972, 3654
16.6634171009, 3656
16.6673691273, 3658
16.6714920998, 3660
16.6754860878, 3662
16.6794240475, 3664
16.683412075, 3666
16.6872730255, 3668
16.6913309097, 3670
16.6951739788, 3672
16.6990060806, 3674
16.7028141022, 3676
16.7069449425, 3678
16.7108929157, 3680
16.7148470879, 3682
16.7186191082, 3684
16.7226331234, 3686
16.7367520332, 3688
16.7405481339, 3690
16.7443361282, 3692
16.7481579781, 3694
16.7519469261, 3696
16.7560660839, 3698
16.7599301338, 3700
16.7637870312, 3702
16.7677350044, 3704
16.7718200684, 3706
16.7755529881, 3708
16.7795901299, 3710
16.7835130692, 3712
16.7873690128, 3714
16.7911679745, 3716
16.7951250076, 3718
16.7989039421, 3720
16.8124880791, 3722
16.8162999153, 3724
16.819986105, 3726
16.8237121105, 3728
16.8275859356, 3730
16.8314170837, 3732
16.8351130486, 3734
16.8388729095, 3736
16.8426780701, 3738
16.8463480473, 3740
16.8501560688, 3742
16.8538200855, 3744
16.8574810028, 3746
16.8612809181, 3748
16.8650040627, 3750
16.8686649799, 3752
16.8725669384, 3754
16.8859159946, 3756
16.8896300793, 3758
16.8932960033, 3760
16.8974599838, 3762
16.9011831284, 3764
16.9048650265, 3766
16.9085841179, 3768
16.9123461246, 3770
16.9160199165, 3772
16.9197990894, 3774
16.9236710072, 3776
16.9273860455, 3778
16.9311690331, 3780
16.9350390434, 3782
16.9386620522, 3784
16.9423530102, 3786
16.9560329914, 3788
