0.242798089981, 2
0.427228927612, 4
0.657436132431, 6
0.834834098816, 8
1.01638913155, 10
1.24422502518, 12
1.42315292358, 14
1.60721802711, 16
1.84163594246, 18
2.02027606964, 20
2.20033597946, 22
2.42436790466, 24
2.60756707191, 26
2.78387904167, 28
3.01508498192, 30
3.2000939846, 32
3.39468407631, 34
3.62930798531, 36
3.81697106361, 38
3.99745202065, 40
4.22436690331, 42
4.39682912827, 44
4.57942891121, 46
4.81037402153, 48
4.97593998909, 50
5.18468809128, 52
5.3566160202, 54
5.58187103271, 56
5.75253105164, 58
5.93441009521, 60
6.16632390022, 62
6.3386080265, 64
6.51259493828, 66
6.73452401161, 68
6.94994807243, 70
7.1176199913, 72
7.29393911362, 74
7.50745797157, 76
7.6916270256, 78
7.88124895096, 80
8.09292507172, 82
8.27168393135, 84
8.50336790085, 86
8.68100905418, 88
8.91012907028, 90
9.07565999031, 92
9.25797891617, 94
9.48924803734, 96
9.67160797119, 98
9.84455299377, 100
10.052464962, 102
10.2622470856, 104
10.4468710423, 106
10.6298549175, 108
10.8650810719, 110
11.0441129208, 112
11.230713129, 114
11.4595489502, 116
11.6340649128, 118
11.8403599262, 120
12.0176560879, 122
12.2339730263, 124
12.4514780045, 126
12.6271181107, 128
12.8632380962, 130
13.052560091, 132
13.3006880283, 134
13.4963629246, 136
13.6862270832, 138
13.9175360203, 140
14.1092460155, 142
14.3563981056, 144
14.544148922, 146
14.7810549736, 148
14.9679009914, 150
15.1422049999, 152
15.3547050953, 154
15.5310659409, 156
15.7759430408, 158
15.9757130146, 160
16.2805469036, 162
16.5093090534, 164
16.7377738953, 166
16.995609045, 168
17.1969530582, 170
17.44105196, 172
17.6242229939, 174
17.8662850857, 176
18.0526659489, 178
18.2414541245, 180
18.4746069908, 182
18.6525540352, 184
18.8830430508, 186
19.0545790195, 188
19.2906019688, 190
19.478924036, 192
19.6858370304, 194
19.925962925, 196
20.1144161224, 198
20.3463609219, 200
20.5230109692, 202
20.7608859539, 204
20.9542810917, 206
21.1371850967, 208
21.3650341034, 210
21.555421114, 212
21.7960960865, 214
22.0525460243, 216
22.2494199276, 218
22.4881179333, 220
22.6825690269, 222
22.9267780781, 224
23.1770219803, 226
23.3868820667, 228
23.6282269955, 230
23.8207440376, 232
24.0712199211, 234
24.2691030502, 236
24.5093729496, 238
24.7116858959, 240
24.9586899281, 242
25.1521959305, 244
25.3932271004, 246
25.5941040516, 248
25.8518579006, 250
26.0825819969, 252
26.2693810463, 254
26.4989180565, 256
26.6758079529, 258
26.9049339294, 260
27.0805780888, 262
27.3022310734, 264
27.487306118, 266
27.707750082, 268
27.8915410042, 270
28.1003010273, 272
28.2897439003, 274
28.5185809135, 276
28.6914160252, 278
28.9148790836, 280
29.0819439888, 282
29.2889900208, 284
29.4641170502, 286
29.6383590698, 288
29.8453040123, 290
30.0156450272, 292
30.1778171062, 294
30.3997979164, 296
30.5767021179, 298
30.7867310047, 300
30.9590780735, 302
31.1220929623, 304
31.3550770283, 306
31.5247690678, 308
31.7492721081, 310
31.9140861034, 312
32.0747890472, 314
32.2788889408, 316
32.4449510574, 318
32.6079559326, 320
32.8181600571, 322
32.9878489971, 324
33.2123980522, 326
33.3912990093, 328
33.5718579292, 330
33.7815330029, 332
33.9440550804, 334
34.1567680836, 336
34.3179380894, 338
34.4784030914, 340
34.6829481125, 342
34.8527510166, 344
35.0198059082, 346
35.2465829849, 348
35.4250750542, 350
35.6412100792, 352
35.8167181015, 354
36.0371611118, 356
36.2617719173, 358
36.4415950775, 360
36.6648340225, 362
36.841203928, 364
37.0489730835, 366
37.2503180504, 368
37.4104568958, 370
37.6122000217, 372
37.7857739925, 374
37.9932830334, 376
38.1990060806, 378
38.3675019741, 380
38.5895531178, 382
38.7631881237, 384
38.9732480049, 386
39.1760389805, 388
39.345441103, 390
39.5693659782, 392
39.7426359653, 394
39.9649090767, 396
40.1743090153, 398
40.3337819576, 400
40.5354161263, 402
40.6949911118, 404
40.9021959305, 406
41.1237931252, 408
41.2965199947, 410
41.4993219376, 412
41.6644051075, 414
41.8844819069, 416
42.1172320843, 418
42.2954668999, 420
42.507338047, 422
42.6675269604, 424
42.8776628971, 426
43.0396981239, 428
43.2483160496, 430
43.4184110165, 432
43.6197290421, 434
43.7795629501, 436
43.9814629555, 438
44.1400170326, 440
44.3468260765, 442
44.5148761272, 444
44.7204580307, 446
44.8896279335, 448
45.0906689167, 450
45.3063130379, 452
45.4650690556, 454
45.6768260002, 456
45.8588039875, 458
46.0876910686, 460
46.2682619095, 462
46.4842460155, 464
46.6565189362, 466
46.8785040379, 468
47.0392730236, 470
47.240940094, 472
47.4113230705, 474
47.6245830059, 476
47.7852270603, 478
47.9898090363, 480
48.1516959667, 482
48.3558928967, 484
48.5365331173, 486
48.7445690632, 488
48.909236908, 490
49.1331939697, 492
49.3105509281, 494
49.5141599178, 496
49.6758708954, 498
49.888502121, 500
50.0579359531, 502
50.2612400055, 504
50.4194419384, 506
50.6268699169, 508
50.788173914, 510
50.9489879608, 512
51.1515300274, 514
51.3160619736, 516
51.5281479359, 518
51.6933789253, 520
51.9191861153, 522
52.0849010944, 524
52.2525451183, 526
52.4763729572, 528
52.65477705, 530
52.8736159801, 532
53.0438919067, 534
53.265859127, 536
53.4390630722, 538
53.6550860405, 540
53.8243329525, 542
53.993242979, 544
54.2089409828, 546
54.3788719177, 548
54.5993800163, 550
54.7653999329, 552
54.9872660637, 554
55.1535561085, 556
55.3612830639, 558
55.5332019329, 560
55.6936058998, 562
55.9030621052, 564
56.0776600838, 566
56.2870130539, 568
56.4585750103, 570
56.6924071312, 572
56.8681540489, 574
57.048705101, 576
57.265599966, 578
57.4576919079, 580
57.6863119602, 582
57.85510993, 584
58.0648829937, 586
58.2251651287, 588
58.3963520527, 590
58.607022047, 592
58.7648670673, 594
58.9252519608, 596
59.1265759468, 598
59.2920739651, 600
59.47220397, 602
59.6838049889, 604
59.8534789085, 606
60.0542869568, 608
60.2116959095, 610
60.3730270863, 612
60.5871560574, 614
60.7564380169, 616
60.9170970917, 618
61.1166410446, 620
61.279417038, 622
61.4472141266, 624
61.665982008, 626
61.8366339207, 628
62.0379579067, 630
62.1956579685, 632
62.3589339256, 634
62.5830299854, 636
62.763158083, 638
62.9478299618, 640
63.1527369022, 642
63.3257219791, 644
63.4943449497, 646
63.7065889835, 648
63.8799540997, 650
64.0526430607, 652
64.2731170654, 654
64.4554069042, 656
64.6872091293, 658
64.887994051, 660
65.0674269199, 662
65.2913689613, 664
65.4720740318, 666
65.6544659138, 668
65.8801350594, 670
66.0592229366, 672
66.2284760475, 674
66.4501891136, 676
66.6112411022, 678
66.7954690456, 680
67.0149309635, 682
67.183754921, 684
67.3589470387, 686
67.5761721134, 688
67.7570281029, 690
67.9800519943, 692
68.1554179192, 694
68.3980269432, 696
68.582638979, 698
68.7650740147, 700
68.9954369068, 702
69.1520841122, 704
69.3712069988, 706
69.538918972, 708
69.7780339718, 710
69.9584259987, 712
70.1797759533, 714
70.3578410149, 716
70.5790851116, 718
70.7554459572, 720
70.9340469837, 722
71.1492619514, 724
71.3222160339, 726
71.5414469242, 728
71.7217869759, 730
71.9361200333, 732
72.1086959839, 734
72.3313109875, 736
72.4937319756, 738
72.7029049397, 740
72.8850541115, 742
73.0620570183, 744
73.2849581242, 746
73.458646059, 748
73.6684889793, 750
73.8383710384, 752
74.0400989056, 754
74.205270052, 756
74.3592751026, 758
74.55945611, 760
74.7209670544, 762
74.8901469707, 764
75.0905470848, 766
75.2602128983, 768
75.4756910801, 770
75.6464409828, 772
75.8256459236, 774
76.0649518967, 776
76.2577159405, 778
76.5192129612, 780
76.7172310352, 782
76.9067919254, 784
77.1217670441, 786
77.2994699478, 788
77.4834430218, 790
77.7001900673, 792
77.8685979843, 794
78.1157300472, 796
78.2954549789, 798
78.4790570736, 800
78.6979260445, 802
78.8738589287, 804
79.0923681259, 806
79.2586541176, 808
79.4403700829, 810
79.6582291126, 812
79.8295550346, 814
80.0061399937, 816
80.2248311043, 818
80.3937449455, 820
80.5617349148, 822
80.7929420471, 824
80.964673996, 826
81.1320979595, 828
81.3397490978, 830
81.5099909306, 832
81.6738839149, 834
81.8854160309, 836
82.0571029186, 838
82.2286970615, 840
82.448321104, 842
82.6667490005, 844
82.8416910172, 846
83.0120909214, 848
83.2380568981, 850
83.4096999168, 852
83.5806779861, 854
83.8095040321, 856
83.9964139462, 858
84.220911026, 860
84.3949029446, 862
84.6103169918, 864
84.7843000889, 866
84.9568200111, 868
85.1654620171, 870
85.3208310604, 872
85.4759891033, 874
85.6843390465, 876
85.9014749527, 878
86.0626089573, 880
86.2245070934, 882
86.4409630299, 884
86.59841609, 886
86.7589330673, 888
86.9826369286, 890
87.1489551067, 892
87.365844965, 894
87.5332090855, 896
87.7535541058, 898
87.9187269211, 900
88.0871129036, 902
88.2861540318, 904
88.4554839134, 906
88.6262450218, 908
88.8320519924, 910
89.0399260521, 912
89.197355032, 914
89.3552660942, 916
89.5854051113, 918
89.749737978, 920
89.9118471146, 922
90.1274979115, 924
90.3296859264, 926
90.495839119, 928
90.6930809021, 930
90.8958439827, 932
91.0622138977, 934
91.2660880089, 936
91.4712159634, 938
91.6352610588, 940
91.8430719376, 942
92.0458860397, 944
92.2680819035, 946
92.4344799519, 948
92.6476430893, 950
92.8565459251, 952
93.019974947, 954
93.2324650288, 956
93.4598829746, 958
93.6302781105, 960
93.8779981136, 962
94.0767769814, 964
94.2475790977, 966
94.4478890896, 968
94.6493608952, 970
94.8660759926, 972
95.0239610672, 974
95.2241721153, 976
95.4521689415, 978
95.6138110161, 980
95.8175749779, 982
96.0134410858, 984
96.1668879986, 986
96.3798120022, 988
96.5878391266, 990
96.7435090542, 992
96.9570860863, 994
97.1808769703, 996
97.3931879997, 998
97.5716590881, 1000
97.8079941273, 1002
98.0406141281, 1004
98.2194230556, 1006
98.4544579983, 1008
98.6804070473, 1010
98.8723049164, 1012
99.0797359943, 1014
99.2851400375, 1016
99.4844179153, 1018
99.6379239559, 1020
99.8402769566, 1022
100.008913994, 1024
100.226642132, 1026
100.404071093, 1028
100.639490128, 1030
100.822016001, 1032
101.065843105, 1034
101.256115913, 1036
101.474817991, 1038
101.695372105, 1040
101.851505995, 1042
102.073569059, 1044
102.234129906, 1046
102.437169075, 1048
102.610456944, 1050
102.820338011, 1052
102.982176065, 1054
103.181782007, 1056
103.351947069, 1058
103.562108994, 1060
103.722312927, 1062
103.922953129, 1064
104.132457018, 1066
104.285072088, 1068
104.480267048, 1070
104.633898973, 1072
104.829822063, 1074
104.983268976, 1076
105.178615093, 1078
105.334393978, 1080
105.534920931, 1082
105.699398994, 1084
105.895539999, 1086
106.053463936, 1088
106.247467995, 1090
106.462203026, 1092
106.616089106, 1094
106.813668966, 1096
106.968985081, 1098
107.161556959, 1100
107.313251019, 1102
107.46462512, 1104
107.671370029, 1106
107.832925081, 1108
108.049691916, 1110
108.209930897, 1112
108.368695021, 1114
108.571517944, 1116
108.739901066, 1118
108.96263504, 1120
109.123893976, 1122
109.284603119, 1124
109.493061066, 1126
109.653880119, 1128
109.809179068, 1130
110.002815008, 1132
110.160875082, 1134
110.365353107, 1136
110.521904945, 1138
110.679747105, 1140
110.892307043, 1142
111.049391031, 1144
111.243250132, 1146
111.395498037, 1148
111.547993898, 1150
111.741342068, 1152
111.896554947, 1154
112.048130989, 1156
112.240624905, 1158
112.397531986, 1160
112.605231047, 1162
112.756438971, 1164
112.906878948, 1166
113.109116077, 1168
113.275936127, 1170
113.470176935, 1172
113.632566929, 1174
113.785387039, 1176
113.999392033, 1178
114.164309025, 1180
114.326858997, 1182
114.53636694, 1184
114.703165054, 1186
114.876954079, 1188
115.07407403, 1190
115.276627064, 1192
115.431936979, 1194
115.64944005, 1196
115.815539122, 1198
116.031698942, 1200
116.241905928, 1202
116.420604944, 1204
116.645626068, 1206
116.812837124, 1208
117.032449961, 1210
117.251934052, 1212
117.412154913, 1214
117.616189957, 1216
117.78147912, 1218
117.988855124, 1220
118.200969934, 1222
118.367522955, 1224
118.582576036, 1226
118.748203039, 1228
118.961103916, 1230
119.169824123, 1232
119.330208063, 1234
119.552685976, 1236
119.700524092, 1238
119.898096085, 1240
120.105430126, 1242
120.263637066, 1244
120.468629122, 1246
120.621877909, 1248
120.830167055, 1250
121.039458036, 1252
121.210925102, 1254
121.421119928, 1256
121.590982914, 1258
121.80873394, 1260
122.039663076, 1262
122.208122969, 1264
122.435293913, 1266
122.605715036, 1268
122.818955898, 1270
123.035555124, 1272
123.186190128, 1274
123.383682966, 1276
123.542047977, 1278
123.733135939, 1280
123.886389017, 1282
124.076406956, 1284
124.22439599, 1286
124.441411972, 1288
124.599946022, 1290
124.792352915, 1292
124.95519805, 1294
125.154865026, 1296
125.307641029, 1298
125.517219067, 1300
125.66633296, 1302
125.870781898, 1304
126.020745993, 1306
126.210763931, 1308
126.360008001, 1310
126.5531919, 1312
126.755387068, 1314
126.924173117, 1316
127.141707897, 1318
127.307159901, 1320
127.533217907, 1322
127.683902979, 1324
127.87618804, 1326
128.026076078, 1328
128.230186939, 1330
128.381155014, 1332
128.58554697, 1334
128.739351034, 1336
128.939023018, 1338
129.100328922, 1340
129.315717936, 1342
129.468790054, 1344
129.677506924, 1346
129.843029022, 1348
130.059458017, 1350
130.209461927, 1352
130.40774703, 1354
130.566993952, 1356
130.783145905, 1358
130.934363127, 1360
131.124309063, 1362
131.272633076, 1364
131.481534958, 1366
131.645353079, 1368
131.846862078, 1370
131.996897936, 1372
132.191397905, 1374
132.345257998, 1376
132.537528992, 1378
132.686000109, 1380
132.834739923, 1382
133.026165962, 1384
133.177082062, 1386
133.368017912, 1388
133.518918037, 1390
133.709615946, 1392
133.863415956, 1394
134.073195934, 1396
134.229478121, 1398
134.391535997, 1400
134.591834068, 1402
134.741485119, 1404
134.933315039, 1406
135.082215071, 1408
135.286904097, 1410
135.455855131, 1412
135.624138117, 1414
135.835458994, 1416
135.996295929, 1418
136.2061131, 1420
136.492867947, 1422
136.708173037, 1424
136.861139059, 1426
137.05747509, 1428
137.205063105, 1430
137.357582092, 1432
137.557636023, 1434
137.718729973, 1436
137.921195984, 1438
138.080899, 1440
138.285721064, 1442
138.449606895, 1444
138.641276121, 1446
138.789966106, 1448
138.952449083, 1450
139.137623072, 1452
139.292663097, 1454
139.508652925, 1456
139.6657269, 1458
139.828876019, 1460
140.040477991, 1462
140.204690933, 1464
140.354124069, 1466
140.543833017, 1468
140.691821098, 1470
140.8878901, 1472
141.042855978, 1474
141.194756031, 1476
141.395613909, 1478
141.554908037, 1480
141.718204975, 1482
141.936695099, 1484
142.084402084, 1486
142.239547014, 1488
142.440089941, 1490
142.589164019, 1492
142.750366926, 1494
142.967039108, 1496
143.139672995, 1498
143.347914934, 1500
143.499437094, 1502
143.647277117, 1504
143.836174965, 1506
143.982851028, 1508
144.130829096, 1510
144.319109917, 1512
144.472599983, 1514
144.6202631, 1516
144.80864501, 1518
144.958400965, 1520
145.14706111, 1522
145.30110693, 1524
145.466412067, 1526
145.657247066, 1528
145.805001974, 1530
145.953762054, 1532
146.143038988, 1534
146.294361115, 1536
146.449285984, 1538
146.63934207, 1540
146.794712067, 1542
146.952148914, 1544
147.16663599, 1546
147.332737923, 1548
147.536916018, 1550
147.69503808, 1552
147.905117035, 1554
148.060408115, 1556
148.264513969, 1558
148.415885925, 1560
148.575685978, 1562
148.768748045, 1564
148.92782712, 1566
149.124176025, 1568
149.273761034, 1570
149.473109961, 1572
149.62391305, 1574
149.814167023, 1576
149.975739956, 1578
150.19040513, 1580
150.340107918, 1582
150.504241943, 1584
150.698513031, 1586
150.861933947, 1588
151.066181898, 1590
151.225699902, 1592
151.42811203, 1594
151.574681997, 1596
151.764815092, 1598
151.911293983, 1600
152.114360094, 1602
152.262830973, 1604
152.410013914, 1606
152.610816956, 1608
152.768484116, 1610
152.966551065, 1612
153.124196053, 1614
153.322777033, 1616
153.474312067, 1618
153.681836128, 1620
153.829214096, 1622
154.028831005, 1624
154.190304995, 1626
154.361145973, 1628
154.561846972, 1630
154.720432043, 1632
154.916013002, 1634
155.068470001, 1636
155.272861958, 1638
155.430285931, 1640
155.623593092, 1642
155.769022942, 1644
155.971410036, 1646
156.127470016, 1648
156.335154057, 1650
156.493189096, 1652
156.640814066, 1654
156.843863964, 1656
156.998486996, 1658
157.154448986, 1660
157.361995935, 1662
157.510765076, 1664
157.699799061, 1666
157.846849918, 1668
157.998439074, 1670
158.188399076, 1672
158.334589005, 1674
158.523207903, 1676
158.68089509, 1678
158.842608929, 1680
159.047945023, 1682
159.201242924, 1684
159.356652975, 1686
159.547110081, 1688
159.693495989, 1690
159.891624928, 1692
160.045131922, 1694
160.196017027, 1696
160.401341915, 1698
160.569791079, 1700
160.775213003, 1702
160.934228897, 1704
161.087973118, 1706
161.290653944, 1708
161.446641922, 1710
161.597837925, 1712
161.798406124, 1714
161.946391106, 1716
162.138000011, 1718
162.295264959, 1720
162.440335035, 1722
162.627456903, 1724
162.769639969, 1726
162.969841957, 1728
163.116585016, 1730
163.262149096, 1732
163.464666128, 1734
163.622862101, 1736
163.782500029, 1738
163.97617507, 1740
164.121475935, 1742
164.27276206, 1744
164.481122971, 1746
164.630271912, 1748
164.793919086, 1750
164.980880022, 1752
165.133882046, 1754
165.291445017, 1756
165.492851973, 1758
165.646342993, 1760
165.815308094, 1762
166.0170331, 1764
166.159181118, 1766
166.34889102, 1768
166.508065939, 1770
166.681811094, 1772
166.877658129, 1774
167.066215992, 1776
167.224260092, 1778
167.418021917, 1780
167.575880051, 1782
167.734368086, 1784
167.936192036, 1786
168.090858936, 1788
168.290205956, 1790
168.492168903, 1792
168.653870106, 1794
168.857459068, 1796
169.01779604, 1798
169.197829962, 1800
169.410460949, 1802
169.564218998, 1804
169.760855913, 1806
169.972374916, 1808
170.132385015, 1810
170.335824013, 1812
170.495187044, 1814
170.654233932, 1816
170.847423077, 1818
171.007018089, 1820
171.202656031, 1822
171.408056021, 1824
171.621215105, 1826
171.795809031, 1828
172.016433954, 1830
172.234328985, 1832
172.38916111, 1834
172.577002048, 1836
172.82468009, 1838
173.06426096, 1840
173.217817068, 1842
173.414158106, 1844
173.638075113, 1846
173.797359943, 1848
173.997991085, 1850
174.243344069, 1852
174.406831026, 1854
174.606808901, 1856
174.808524132, 1858
174.952111959, 1860
175.140353918, 1862
175.336885929, 1864
175.542855978, 1866
175.70093298, 1868
175.908607006, 1870
176.107906103, 1872
176.263904095, 1874
176.465563059, 1876
176.648904085, 1878
176.793327093, 1880
176.98231101, 1882
177.139627934, 1884
177.360085011, 1886
177.576834917, 1888
177.74448204, 1890
177.952529907, 1892
178.117209911, 1894
178.31187892, 1896
178.470856905, 1898
178.660829067, 1900
178.802817106, 1902
178.985142946, 1904
179.138047934, 1906
179.3287251, 1908
179.486453056, 1910
179.680560112, 1912
179.900305986, 1914
180.05745101, 1916
180.250468016, 1918
180.398845911, 1920
180.593513012, 1922
180.746807098, 1924
180.936460972, 1926
181.081339121, 1928
181.272603035, 1930
181.422570944, 1932
181.615886927, 1934
181.766056061, 1936
181.965322018, 1938
182.150424004, 1940
182.311563015, 1942
182.502547026, 1944
182.64999795, 1946
182.832374096, 1948
182.98804903, 1950
183.1657269, 1952
183.309567928, 1954
183.4517169, 1956
183.654508114, 1958
183.809261084, 1960
184.012486935, 1962
184.207181931, 1964
184.361243963, 1966
184.558672905, 1968
184.7126019, 1970
184.8748281, 1972
185.074451923, 1974
185.231993914, 1976
185.438864946, 1978
185.632848024, 1980
185.794909954, 1982
185.990072012, 1984
186.141760111, 1986
186.300566912, 1988
186.497738123, 1990
186.64604497, 1992
186.853590965, 1994
187.050354958, 1996
187.225315094, 1998
187.408014059, 2000
187.574641943, 2002
187.721307039, 2004
187.90715313, 2006
188.065815926, 2008
188.265645027, 2010
188.460168123, 2012
188.602272034, 2014
188.798557043, 2016
188.957821131, 2018
189.102816105, 2020
189.282601118, 2022
189.422992945, 2024
189.615015984, 2026
189.809344053, 2028
189.957293987, 2030
190.14586091, 2032
190.291584969, 2034
190.449671984, 2036
190.634239912, 2038
190.782115936, 2040
190.975588083, 2042
191.11521697, 2044
191.295762062, 2046
191.496398926, 2048
191.644333124, 2050
191.833732128, 2052
191.98389101, 2054
192.197227001, 2056
192.395035028, 2058
192.534653902, 2060
192.715008974, 2062
192.874141932, 2064
193.065545082, 2066
193.261048079, 2068
193.413687944, 2070
193.600065947, 2072
193.749386072, 2074
193.927915096, 2076
194.106946945, 2078
194.24525094, 2080
194.442152977, 2082
194.592875004, 2084
194.770735025, 2086
194.933311939, 2088
195.160630941, 2090
195.331146955, 2092
195.543714046, 2094
195.688282013, 2096
195.875873089, 2098
196.02631402, 2100
196.215132952, 2102
196.400959969, 2104
196.544671059, 2106
196.738446951, 2108
196.885442972, 2110
197.069142103, 2112
197.223824978, 2114
197.412231922, 2116
197.554443121, 2118
197.734229088, 2120
197.877104998, 2122
198.086126089, 2124
198.225999117, 2126
198.404940128, 2128
198.545004129, 2130
198.743185997, 2132
198.921598911, 2134
199.143289089, 2136
199.317941904, 2138
199.507824898, 2140
199.659641981, 2142
199.874737978, 2144
200.019907951, 2146
200.208660126, 2148
200.356950998, 2150
200.544797897, 2152
200.71698308, 2154
200.903418064, 2156
201.057965994, 2158
201.24624896, 2160
201.394053936, 2162
201.550328016, 2164
201.74456501, 2166
201.901410103, 2168
202.107568026, 2170
202.259042978, 2172
202.448357105, 2174
202.600208998, 2176
202.795957088, 2178
202.94271493, 2180
203.080384016, 2182
203.272212982, 2184
203.413484097, 2186
203.603545904, 2188
203.741780043, 2190
203.933599949, 2192
204.08011198, 2194
204.274796963, 2196
204.441736937, 2198
204.600213051, 2200
204.806181908, 2202
204.949223042, 2204
205.140541077, 2206
205.297454119, 2208
205.499745131, 2210
205.647329092, 2212
205.801171064, 2214
206.001198053, 2216
206.154793978, 2218
206.347876072, 2220
206.511168003, 2222
206.701498985, 2224
206.853070974, 2226
207.034147024, 2228
207.210865021, 2230
207.372853041, 2232
207.581157923, 2234
207.728372097, 2236
207.930272102, 2238
208.083086967, 2240
208.280663967, 2242
208.427489996, 2244
208.620393038, 2246
208.793307066, 2248
208.943511009, 2250
209.126334906, 2252
209.269380093, 2254
209.471154928, 2256
209.623668909, 2258
209.821132898, 2260
209.971614122, 2262
210.122849941, 2264
210.304975033, 2266
210.451903105, 2268
210.645879984, 2270
210.784009933, 2272
210.961739063, 2274
211.092952013, 2276
211.229362011, 2278
211.413790941, 2280
211.550326109, 2282
211.727900982, 2284
211.859385967, 2286
212.032110929, 2288
212.179479122, 2290
212.336019039, 2292
212.538516045, 2294
212.68939805, 2296
212.878179073, 2298
213.013777971, 2300
213.196132898, 2302
213.337101936, 2304
213.474517107, 2306
213.662951946, 2308
213.795674086, 2310
213.990214109, 2312
214.134630919, 2314
214.332816124, 2316
214.480747938, 2318
214.634073019, 2320
214.818264008, 2322
214.968738079, 2324
215.157783031, 2326
215.298296928, 2328
215.476327896, 2330
215.607885122, 2332
215.780216932, 2334
215.927917957, 2336
216.109266043, 2338
216.259866953, 2340
216.45331192, 2342
216.596071959, 2344
216.743446112, 2346
216.929512978, 2348
217.076503038, 2350
217.256379128, 2352
217.404544115, 2354
217.589574099, 2356
217.733999968, 2358
217.934801102, 2360
218.08050704, 2362
218.257071018, 2364
218.390320063, 2366
218.532895088, 2368
218.726850986, 2370
218.872189045, 2372
219.049329996, 2374
219.185940981, 2376
219.357372046, 2378
219.493858099, 2380
219.663331032, 2382
219.805408955, 2384
219.94144702, 2386
220.105093002, 2388
220.246973991, 2390
220.421791077, 2392
220.568315029, 2394
220.714005947, 2396
220.910484076, 2398
221.061544895, 2400
221.240051031, 2402
221.382316113, 2404
221.519462109, 2406
221.694036961, 2408
221.828999043, 2410
221.965809107, 2412
222.13063693, 2414
222.278707027, 2416
222.44907403, 2418
222.582116127, 2420
222.717658997, 2422
222.911092043, 2424
223.055821896, 2426
223.2470541, 2428
223.390718937, 2430
223.536149979, 2432
223.710405111, 2434
223.850263119, 2436
223.986401081, 2438
224.154597044, 2440
224.290995121, 2442
224.460192919, 2444
224.595803022, 2446
224.729980946, 2448
224.90012598, 2450
225.035020113, 2452
225.21014595, 2454
225.353991032, 2456
225.545701027, 2458
225.68324995, 2460
225.827214003, 2462
226.020621061, 2464
226.170609951, 2466
226.322634935, 2468
226.498064995, 2470
226.636281013, 2472
226.774496078, 2474
226.963860035, 2476
227.105919123, 2478
227.250224113, 2480
227.426050901, 2482
227.560697079, 2484
227.700968981, 2486
227.875286102, 2488
228.017009974, 2490
228.159187078, 2492
228.355698109, 2494
228.493648052, 2496
228.633273125, 2498
228.801525116, 2500
228.935534, 2502
229.071263075, 2504
229.24585104, 2506
229.389494896, 2508
229.524461985, 2510
229.698606014, 2512
229.827219009, 2514
229.961987019, 2516
230.123878956, 2518
230.252042055, 2520
230.410479069, 2522
230.612589121, 2524
230.745741129, 2526
230.878432989, 2528
231.06093502, 2530
231.196762085, 2532
231.348625898, 2534
231.525887012, 2536
231.67028904, 2538
231.817431927, 2540
232.009967089, 2542
232.155306101, 2544
232.300709009, 2546
232.486158133, 2548
232.629396915, 2550
232.774507999, 2552
232.944113016, 2554
233.072770119, 2556
233.206418037, 2558
233.375770092, 2560
233.510814905, 2562
233.64755106, 2564
233.829643965, 2566
233.972741127, 2568
234.157773018, 2570
234.302326918, 2572
234.477634907, 2574
234.608300924, 2576
234.74315691, 2578
234.912804127, 2580
235.042117119, 2582
235.176861048, 2584
235.353374004, 2586
235.481775999, 2588
235.61687398, 2590
235.78631711, 2592
235.922420025, 2594
236.068280935, 2596
236.251548052, 2598
236.389753103, 2600
236.530097961, 2602
236.697758913, 2604
236.832082033, 2606
237.017457962, 2608
237.161699057, 2610
237.344213009, 2612
237.479650974, 2614
237.615937948, 2616
237.79033494, 2618
237.923984051, 2620
238.058406115, 2622
238.22684598, 2624
238.370671034, 2626
238.519392014, 2628
238.715891123, 2630
238.860588074, 2632
238.997869968, 2634
239.164279938, 2636
239.290344954, 2638
239.431334019, 2640
239.610028982, 2642
239.736834049, 2644
239.870258093, 2646
240.037760019, 2648
240.182327032, 2650
240.337779045, 2652
240.531569004, 2654
240.670253992, 2656
240.806788921, 2658
240.991542101, 2660
241.130331039, 2662
241.297261953, 2664
241.47675395, 2666
241.608895063, 2668
241.745450974, 2670
241.950171947, 2672
242.082403898, 2674
242.224415064, 2676
242.410439968, 2678
242.548994064, 2680
242.680144072, 2682
242.846735001, 2684
242.980785131, 2686
243.109951019, 2688
243.297714949, 2690
243.431514978, 2692
243.576189995, 2694
243.763938904, 2696
243.923646927, 2698
244.066302061, 2700
244.247379065, 2702
244.385730028, 2704
244.52088809, 2706
244.690711975, 2708
244.830270052, 2710
244.963556051, 2712
245.129391909, 2714
245.256511927, 2716
245.388138056, 2718
245.554275036, 2720
245.685496092, 2722
245.823193073, 2724
245.997695923, 2726
246.134443998, 2728
246.285625935, 2730
246.477438927, 2732
246.604012966, 2734
246.742161989, 2736
246.919548035, 2738
247.064480066, 2740
247.214513063, 2742
247.39597702, 2744
247.522592068, 2746
247.663008928, 2748
247.876914024, 2750
248.022527933, 2752
248.171468019, 2754
248.353012085, 2756
248.500057936, 2758
248.654129028, 2760
248.825534105, 2762
248.951407909, 2764
249.081957102, 2766
249.270951986, 2768
249.408801079, 2770
249.548501968, 2772
249.734661102, 2774
249.882643938, 2776
250.02710104, 2778
250.209089041, 2780
250.346910954, 2782
250.489233971, 2784
250.663398981, 2786
250.803293943, 2788
250.944776058, 2790
251.128802061, 2792
251.265787125, 2794
251.407463074, 2796
251.588119984, 2798
251.741102934, 2800
251.881453037, 2802
252.055258989, 2804
252.203016996, 2806
252.341619015, 2808
252.512056112, 2810
252.636330128, 2812
252.767357111, 2814
252.933604956, 2816
253.05833292, 2818
253.188869953, 2820
253.353502989, 2822
253.480087996, 2824
253.609852076, 2826
253.789519072, 2828
253.930191994, 2830
254.073936939, 2832
254.256407022, 2834
254.390178919, 2836
254.520592928, 2838
254.696267128, 2840
254.829267025, 2842
254.967592001, 2844
255.139667034, 2846
255.265115976, 2848
255.404622078, 2850
255.589987993, 2852
255.727554083, 2854
255.863559008, 2856
256.055023909, 2858
256.201265097, 2860
256.348956108, 2862
256.532922983, 2864
256.662082911, 2866
256.799292088, 2868
256.970382929, 2870
257.111061096, 2872
257.240972042, 2874
257.43009901, 2876
257.566966057, 2878
257.696994066, 2880
257.868469954, 2882
258.003791094, 2884
258.136414051, 2886
258.309478998, 2888
258.456330061, 2890
258.60574007, 2892
258.793755054, 2894
258.922504902, 2896
259.052751064, 2898
259.23239994, 2900
259.378960133, 2902
259.525969982, 2904
259.723701, 2906
259.862714052, 2908
260.00079608, 2910
260.168951988, 2912
260.293417931, 2914
260.426876068, 2916
260.591362953, 2918
260.714797974, 2920
260.844599962, 2922
261.041158915, 2924
261.185578108, 2926
261.331031084, 2928
261.518166065, 2930
261.645514965, 2932
261.789420128, 2934
261.959823132, 2936
262.089246035, 2938
262.226521969, 2940
262.418002129, 2942
262.554651976, 2944
262.69946599, 2946
262.887149096, 2948
263.015841007, 2950
263.144560099, 2952
263.311798096, 2954
263.435487032, 2956
263.566802979, 2958
263.746453047, 2960
263.878340006, 2962
264.007776022, 2964
264.188453913, 2966
264.324732065, 2968
264.462990046, 2970
264.639668941, 2972
264.763262033, 2974
264.898663044, 2976
265.080526114, 2978
265.209783077, 2980
265.360775948, 2982
265.524980068, 2984
265.651216984, 2986
265.779681921, 2988
265.944118977, 2990
266.081542015, 2992
266.22587204, 2994
266.401247025, 2996
266.53046608, 2998
266.655484915, 3000
266.822474957, 3002
266.9460361, 3004
267.095524073, 3006
267.270710945, 3008
267.406985044, 3010
267.544363022, 3012
267.72706604, 3014
267.857456923, 3016
267.997098923, 3018
268.174124002, 3020
268.303625107, 3022
268.434087992, 3024
268.624576092, 3026
268.764499903, 3028
268.90741396, 3030
269.088215113, 3032
269.213905096, 3034
269.342389107, 3036
269.519226074, 3038
269.656065941, 3040
269.802467108, 3042
269.991993904, 3044
270.134045124, 3046
270.26798296, 3048
270.441406012, 3050
270.57745409, 3052
270.713382959, 3054
270.876811028, 3056
271.014373064, 3058
271.164657116, 3060
271.337321997, 3062
271.475605011, 3064
271.612745047, 3066
271.793674946, 3068
271.928574085, 3070
272.070540905, 3072
272.243837118, 3074
272.366050005, 3076
272.501559973, 3078
272.674335003, 3080
272.827480078, 3082
272.969718933, 3084
273.160733938, 3086
273.288882971, 3088
273.41770792, 3090
273.580089092, 3092
273.702030897, 3094
273.829735041, 3096
273.992092133, 3098
274.124552965, 3100
274.257879019, 3102
274.440002918, 3104
274.574635983, 3106
274.723459005, 3108
274.913398027, 3110
275.048128128, 3112
275.176187038, 3114
275.338496923, 3116
275.460119963, 3118
275.595850945, 3120
275.767355919, 3122
275.89071393, 3124
276.019237995, 3126
276.181032896, 3128
276.304160118, 3130
276.433501005, 3132
276.60128212, 3134
276.739022017, 3136
276.875900984, 3138
277.042037964, 3140
277.18660593, 3142
277.326781034, 3144
277.499174118, 3146
277.629038095, 3148
277.761503935, 3150
277.936120033, 3152
278.070111036, 3154
278.208482981, 3156
278.390927076, 3158
278.532157898, 3160
278.675213099, 3162
278.850429058, 3164
278.987842083, 3166
279.133125067, 3168
279.313776016, 3170
279.447659016, 3172
279.597841024, 3174
279.801906109, 3176
279.950948, 3178
280.092380047, 3180
280.285670996, 3182
280.424783945, 3184
280.565840006, 3186
280.751219034, 3188
280.890239, 3190
281.032166004, 3192
281.21668005, 3194
281.359679937, 3196
281.494368076, 3198
281.664537907, 3200
281.800915003, 3202
281.936430931, 3204
282.117866039, 3206
282.25386405, 3208
282.390964031, 3210
282.567301035, 3212
282.688694, 3214
282.815824032, 3216
282.989493132, 3218
283.122286081, 3220
283.266308069, 3222
283.461575985, 3224
283.591099977, 3226
283.721719027, 3228
283.899230003, 3230
284.033927917, 3232
284.169924974, 3234
284.337614059, 3236
284.464015961, 3238
284.591893911, 3240
284.754436016, 3242
284.880824089, 3244
285.009294033, 3246
285.190751076, 3248
285.318105936, 3250
285.444613934, 3252
285.605746984, 3254
285.725965023, 3256
285.857247114, 3258
286.03914094, 3260
286.165360928, 3262
286.293570995, 3264
286.455708981, 3266
286.577598095, 3268
286.705157995, 3270
286.866926908, 3272
286.988904953, 3274
287.115736008, 3276
287.284137964, 3278
287.419459105, 3280
287.55806303, 3282
287.73766613, 3284
287.863982916, 3286
287.992568016, 3288
288.155606985, 3290
288.2911551, 3292
288.420900106, 3294
288.602382898, 3296
288.743319988, 3298
288.893721104, 3300
289.07278204, 3302
289.2063241, 3304
289.345653057, 3306
289.520425081, 3308
289.649271011, 3310
289.775327921, 3312
289.936775923, 3314
290.056219101, 3316
290.193776131, 3318
290.377487898, 3320
290.510736942, 3322
290.642154932, 3324
290.823128939, 3326
290.952755928, 3328
291.08048892, 3330
291.248770952, 3332
291.386287928, 3334
291.519978046, 3336
291.680784941, 3338
291.808861017, 3340
291.952775002, 3342
292.136692047, 3344
292.271794081, 3346
292.411343098, 3348
292.594783068, 3350
292.735023975, 3352
292.875144005, 3354
293.035394907, 3356
293.156424046, 3358
293.297181129, 3360
293.459055901, 3362
293.583246946, 3364
293.709630966, 3366
293.873956919, 3368
293.993711948, 3370
294.121640921, 3372
294.282789946, 3374
294.403193951, 3376
294.534429073, 3378
294.711748123, 3380
294.838643074, 3382
294.97617197, 3384
295.167860031, 3386
295.313735962, 3388
295.469860077, 3390
295.680933952, 3392
295.808705091, 3394
295.935095072, 3396
296.097696066, 3398
296.235702991, 3400
296.368602991, 3402
296.53868103, 3404
296.668936968, 3406
296.803735971, 3408
296.972258091, 3410
297.091130018, 3412
297.216032028, 3414
297.382203102, 3416
297.514779091, 3418
297.647814989, 3420
297.826163054, 3422
297.961231947, 3424
298.093344927, 3426
298.277668953, 3428
298.414177895, 3430
298.5541749, 3432
298.733447075, 3434
298.862643003, 3436
298.995844126, 3438
299.159740925, 3440
299.279659986, 3442
299.404319048, 3444
299.563520908, 3446
299.68255496, 3448
299.807704926, 3450
299.967545033, 3452
300.093394995, 3454
300.230345011, 3456
300.405347109, 3458
300.537900925, 3460
300.66793704, 3462
300.827440977, 3464
300.950752974, 3466
301.08770299, 3468
301.258665085, 3470
301.377569914, 3472
301.502816916, 3474
301.672290087, 3476
301.806576967, 3478
301.951591015, 3480
302.129381895, 3482
302.261506081, 3484
302.399359941, 3486
302.586543083, 3488
302.705739021, 3490
302.829602003, 3492
302.988279104, 3494
303.107229948, 3496
303.231782913, 3498
303.402430058, 3500
303.540705919, 3502
303.679445028, 3504
303.86315608, 3506
303.990274906, 3508
304.125628948, 3510
304.296289921, 3512
304.414601088, 3514
304.543776035, 3516
304.725431919, 3518
304.858669996, 3520
304.996468067, 3522
305.162235022, 3524
305.281826973, 3526
305.406277895, 3528
305.565608978, 3530
305.685400963, 3532
305.810564995, 3534
305.967736959, 3536
306.085880041, 3538
306.211013079, 3540
306.374104977, 3542
306.491858006, 3544
306.616692066, 3546
306.783586979, 3548
306.91645813, 3550
307.050261974, 3552
307.222146988, 3554
307.341131926, 3556
307.464473963, 3558
307.632663012, 3560
307.765510082, 3562
307.899307013, 3564
308.071830988, 3566
308.201397896, 3568
308.338093996, 3570
308.511115074, 3572
308.634906054, 3574
308.772696018, 3576
308.946958065, 3578
309.076733112, 3580
309.211182117, 3582
309.385685921, 3584
309.519776106, 3586
309.64903307, 3588
309.827374935, 3590
309.959845066, 3592
310.092138052, 3594
310.26661396, 3596
310.389420986, 3598
310.522254944, 3600
310.690928936, 3602
310.811333895, 3604
310.94095993, 3606
311.097583055, 3608
311.215193987, 3610
311.339558125, 3612
311.521483898, 3614
311.640090942, 3616
311.765810013, 3618
311.92334199, 3620
312.042156935, 3622
312.165312052, 3624
312.333795071, 3626
312.467657089, 3628
312.597928047, 3630
312.760669947, 3632
312.883512974, 3634
313.006817102, 3636
313.163584948, 3638
313.282037973, 3640
313.412578106, 3642
313.578457117, 3644
313.715653896, 3646
313.85145402, 3648
314.025499105, 3650
314.159262896, 3652
314.293540001, 3654
314.457185984, 3656
314.579581976, 3658
314.707217932, 3660
314.883122921, 3662
315.013148069, 3664
315.144397974, 3666
315.318154097, 3668
315.443488121, 3670
315.567578077, 3672
315.729598045, 3674
315.846214056, 3676
315.9794209, 3678
316.151358128, 3680
316.281796932, 3682
316.414904118, 3684
316.597106934, 3686
316.730062008, 3688
316.862395048, 3690
317.035697937, 3692
317.164635897, 3694
317.297353029, 3696
317.471076965, 3698
317.590621948, 3700
317.719743967, 3702
317.891391039, 3704
318.009923935, 3706
318.13330102, 3708
318.290708065, 3710
318.408597946, 3712
318.532731056, 3714
318.689232111, 3716
318.810619116, 3718
318.94145298, 3720
319.096888065, 3722
319.213947058, 3724
319.335719109, 3726
319.49166894, 3728
319.608546019, 3730
319.739398003, 3732
319.899053097, 3734
320.021622896, 3736
320.144586086, 3738
320.305402994, 3740
320.438582897, 3742
320.568674088, 3744
320.725136995, 3746
320.842606068, 3748
320.967291117, 3750
321.143994093, 3752
321.273154974, 3754
321.405795097, 3756
321.569480896, 3758
321.686686993, 3760
321.808357954, 3762
321.97429204, 3764
322.105459929, 3766
322.227333069, 3768
322.404223919, 3770
322.533282042, 3772
322.666162014, 3774
322.835886955, 3776
322.966452122, 3778
323.097500086, 3780
323.254194975, 3782
323.371479988, 3784
323.495126963, 3786
323.652363062, 3788
323.779978037, 3790
323.911960125, 3792
324.084387064, 3794
324.200172901, 3796
324.328707933, 3798
324.493736982, 3800
324.610747099, 3802
324.733639956, 3804
324.90080595, 3806
325.023119926, 3808
325.144491911, 3810
325.309551954, 3812
325.439515114, 3814
325.561465979, 3816
325.721677065, 3818
325.838973999, 3820
325.961317062, 3822
326.134836912, 3824
326.266074896, 3826
326.396588087, 3828
326.561255932, 3830
326.689131021, 3832
326.813546896, 3834
326.97379899, 3836
327.101581097, 3838
327.227479935, 3840
327.389678955, 3842
327.50979805, 3844
327.638962984, 3846
327.794868946, 3848
327.924108982, 3850
328.06060195, 3852
328.23330307, 3854
328.365454912, 3856
328.499849081, 3858
328.683892012, 3860
328.816818953, 3862
328.949477911, 3864
329.108717918, 3866
329.243103981, 3868
329.385422945, 3870
329.556804895, 3872
329.685482979, 3874
329.817353964, 3876
329.989634037, 3878
330.105852127, 3880
330.227303028, 3882
330.386012077, 3884
330.509433985, 3886
330.629951954, 3888
330.785036087, 3890
330.911077976, 3892
331.038366079, 3894
331.193915129, 3896
331.30964303, 3898
331.431067944, 3900
331.590330124, 3902
331.719733, 3904
331.85217309, 3906
332.01791501, 3908
332.134967089, 3910
332.266386986, 3912
332.420548916, 3914
332.553205967, 3916
332.680323124, 3918
332.834316969, 3920
332.951496124, 3922
333.071846962, 3924
333.226793051, 3926
333.343130112, 3928
333.463956118, 3930
333.619100094, 3932
333.741313934, 3934
333.857877016, 3936
334.014847994, 3938
334.142520905, 3940
334.272681952, 3942
334.435540915, 3944
334.550673962, 3946
334.676619053, 3948
334.831231117, 3950
334.950542927, 3952
335.082365036, 3954
335.256304979, 3956
335.378603935, 3958
335.504275084, 3960
335.669127941, 3962
335.798382998, 3964
335.930156946, 3966
336.093135118, 3968
336.210151911, 3970
336.332269907, 3972
336.489425898, 3974
336.607275009, 3976
336.730518103, 3978
336.886805058, 3980
337.009081125, 3982
337.138890982, 3984
337.296364069, 3986
337.411287069, 3988
337.532258034, 3990
337.685841084, 3992
337.800396919, 3994
337.921699047, 3996
338.075697899, 3998
338.190519094, 4000
338.313771009, 4002
338.467670918, 4004
338.58337903, 4006
338.708405018, 4008
338.871643066, 4010
338.986687899, 4012
339.105886936, 4014
339.259933949, 4016
339.374591112, 4018
339.494807005, 4020
339.64863205, 4022
339.763055086, 4024
339.890520096, 4026
340.051623106, 4028
340.17838192, 4030
340.307281017, 4032
340.459391117, 4034
340.585797071, 4036
340.710330009, 4038
340.863315105, 4040
340.978272915, 4042
341.096935987, 4044
341.248744011, 4046
341.362004995, 4048
341.482191086, 4050
341.633719921, 4052
341.747159958, 4054
341.865257978, 4056
342.017543077, 4058
342.131150007, 4060
342.249749899, 4062
342.400223017, 4064
342.514569998, 4066
342.633697987, 4068
342.784357071, 4070
342.897989035, 4072
343.01710391, 4074
343.169085026, 4076
343.28699708, 4078
343.415210009, 4080
343.570437908, 4082
343.683135986, 4084
343.800807953, 4086
343.96518302, 4088
344.07850194, 4090
344.196305037, 4092
344.347309113, 4094
344.473727942, 4096
344.595001936, 4098
344.76219511, 4100
344.874794006, 4102
344.992408037, 4104
345.142709017, 4106
345.26831913, 4108
345.393422127, 4110
345.545278072, 4112
345.658312082, 4114
345.777368069, 4116
345.928750992, 4118
346.04608202, 4120
346.165091038, 4122
346.316803932, 4124
346.431371927, 4126
346.558243036, 4128
346.723993063, 4130
346.83812809, 4132
346.955367088, 4134
347.114782095, 4136
347.242113113, 4138
347.360202074, 4140
347.51128006, 4142
347.635761976, 4144
347.766195059, 4146
347.943397999, 4148
348.06704402, 4150
348.186264038, 4152
348.356656075, 4154
348.4750669, 4156
348.602000952, 4158
348.771749973, 4160
348.891825914, 4162
349.017772913, 4164
349.182048082, 4166
349.295831919, 4168
349.427374125, 4170
349.598583937, 4172
349.710880041, 4174
349.82842207, 4176
349.97962594, 4178
350.097892046, 4180
350.225809097, 4182
350.395205975, 4184
350.522203922, 4186
350.645725012, 4188
350.806039095, 4190
350.921788931, 4192
351.039783001, 4194
351.190099001, 4196
351.318768024, 4198
351.449525118, 4200
351.601341963, 4202
351.729367018, 4204
351.857656956, 4206
352.022350073, 4208
352.146174908, 4210
352.281996012, 4212
352.453820944, 4214
352.583534956, 4216
352.714417934, 4218
352.881467104, 4220
353.005944014, 4222
353.125459909, 4224
353.277527094, 4226
353.391129971, 4228
353.508990049, 4230
353.669130087, 4232
353.79302001, 4234
353.916085958, 4236
354.087713003, 4238
354.203334093, 4240
354.319442987, 4242
354.469971895, 4244
354.58277297, 4246
354.700768948, 4248
354.855644941, 4250
354.97299695, 4252
355.091216087, 4254
355.242227077, 4256
355.35461092, 4258
355.473330975, 4260
355.637511969, 4262
355.749417067, 4264
355.867166996, 4266
356.018286943, 4268
356.130162001, 4270
356.247318029, 4272
356.411118984, 4274
356.528079033, 4276
356.648766994, 4278
356.812685013, 4280
356.935763121, 4282
357.062350988, 4284
357.211671114, 4286
357.334378958, 4288
357.45938611, 4290
357.61996913, 4292
357.732269049, 4294
357.851438999, 4296
358.009841919, 4298
358.120553017, 4300
358.237711906, 4302
358.575987101, 4304
358.709012985, 4306
358.840421915, 4308
359.011363983, 4310
359.141186953, 4312
359.264857054, 4314
359.424602032, 4316
359.538311958, 4318
359.65697813, 4320
359.806222916, 4322
359.917902946, 4324
360.033868074, 4326
360.182408094, 4328
360.295820951, 4330
360.421164036, 4332
360.578959942, 4334
360.702817917, 4336
360.830028057, 4338
360.998932123, 4340
361.122121096, 4342
361.247812033, 4344
361.403523922, 4346
361.530685902, 4348
361.657071114, 4350
361.8275249, 4352
361.957128048, 4354
362.095022917, 4356
362.245142937, 4358
362.364118099, 4360
362.480607033, 4362
362.63104105, 4364
362.742676973, 4366
362.862275124, 4368
363.020690918, 4370
363.13619709, 4372
363.259581089, 4374
363.407638073, 4376
363.518278122, 4378
363.634052992, 4380
363.788118124, 4382
363.910412073, 4384
364.036158085, 4386
364.1963799, 4388
364.310138941, 4390
364.434298038, 4392
364.582289934, 4394
364.708504915, 4396
364.834477901, 4398
365.014338017, 4400
365.140897989, 4402
365.260103941, 4404
365.409833908, 4406
365.521397114, 4408
365.638655901, 4410
365.788777113, 4412
365.911502123, 4414
366.037203074, 4416
366.192802906, 4418
366.304066896, 4420
366.418534994, 4422
366.584350109, 4424
366.696260929, 4426
366.812592983, 4428
366.985635042, 4430
367.105976105, 4432
367.221844912, 4434
367.390876055, 4436
367.51255393, 4438
367.631709099, 4440
367.793872118, 4442
367.915493011, 4444
368.042175055, 4446
368.19900012, 4448
368.328289032, 4450
368.4580791, 4452
368.625967026, 4454
368.749300957, 4456
368.879750013, 4458
369.045301914, 4460
369.16645813, 4462
369.282169104, 4464
369.44271493, 4466
369.563158989, 4468
369.689091921, 4470
369.847065926, 4472
369.96912694, 4474
370.084532022, 4476
370.233489037, 4478
370.349342108, 4480
370.46668911, 4482
370.627516031, 4484
370.739563942, 4486
370.856621027, 4488
371.009325027, 4490
371.119420052, 4492
371.240180969, 4494
371.407351017, 4496
371.523205042, 4498
371.639488935, 4500
371.80430603, 4502
371.934008121, 4504
372.058735132, 4506
372.217592001, 4508
372.327734947, 4510
372.442625046, 4512
372.590451956, 4514
372.701492071, 4516
372.817271948, 4518
372.965964079, 4520
373.080513954, 4522
373.195451021, 4524
373.342824936, 4526
373.451986074, 4528
373.567601919, 4530
373.715626001, 4532
373.830025911, 4534
373.952333927, 4536
374.099637985, 4538
374.208899021, 4540
374.323995113, 4542
374.471916914, 4544
374.583861113, 4546
374.710967064, 4548
374.866046906, 4550
374.978924036, 4552
375.099988937, 4554
375.256557941, 4556
375.368555069, 4558
375.486313105, 4560
375.653537989, 4562
375.774461031, 4564
375.904757977, 4566
376.058296919, 4568
376.167992115, 4570
376.28251195, 4572
376.445837975, 4574
376.555299997, 4576
376.671159029, 4578
376.838500023, 4580
376.96232605, 4582
377.092097998, 4584
377.265166044, 4586
377.381527901, 4588
377.505543947, 4590
377.670038939, 4592
377.780838966, 4594
377.905939102, 4596
378.074764013, 4598
378.185336113, 4600
378.305207014, 4602
378.467628956, 4604
378.587685108, 4606
378.712520123, 4608
378.877331972, 4610
378.991905928, 4612
379.119830132, 4614
379.281852007, 4616
379.407202005, 4618
379.528176069, 4620
379.686480045, 4622
379.802258968, 4624
379.918334007, 4626
380.068799973, 4628
380.188446045, 4630
380.304493904, 4632
380.453459024, 4634
380.580682039, 4636
380.705543995, 4638
380.86066699, 4640
380.970269918, 4642
381.094839096, 4644
381.264497995, 4646
381.393023014, 4648
381.518403053, 4650
381.666805029, 4652
381.779247999, 4654
381.899399042, 4656
382.061162949, 4658
382.175877094, 4660
382.290900946, 4662
382.438992023, 4664
382.549145937, 4666
382.664742947, 4668
382.812952995, 4670
382.922607899, 4672
383.037127018, 4674
383.184313059, 4676
383.29854393, 4678
383.424659967, 4680
383.59149909, 4682
383.713757992, 4684
383.829261065, 4686
383.978213072, 4688
384.087376118, 4690
384.201581955, 4692
384.348953962, 4694
384.459654093, 4696
384.573110104, 4698
384.721336126, 4700
384.832348108, 4702
384.948194981, 4704
385.096853971, 4706
385.207514048, 4708
385.322232008, 4710
385.46965909, 4712
385.579231024, 4714
385.692807913, 4716
385.840784073, 4718
385.967607975, 4720
386.093238115, 4722
386.25921607, 4724
386.380418062, 4726
386.510540009, 4728
386.656457901, 4730
386.765294075, 4732
386.883434057, 4734
387.054569006, 4736
387.174952984, 4738
387.29994297, 4740
387.466670036, 4742
387.576920986, 4744
387.690885067, 4746
387.836821079, 4748
387.94598794, 4750
388.058954954, 4752
388.204798937, 4754
388.313827038, 4756
388.427654028, 4758
388.572997093, 4760
388.681720972, 4762
388.794800997, 4764
388.949938059, 4766
389.059570074, 4768
389.180263996, 4770
389.348233938, 4772
389.469269037, 4774
389.593981028, 4776
389.742249966, 4778
389.854370117, 4780
389.975450993, 4782
390.131349087, 4784
390.24120307, 4786
390.355113983, 4788
390.500987053, 4790
390.610285997, 4792
390.725238085, 4794
390.873867989, 4796
390.992675066, 4798
391.115171909, 4800
391.268388033, 4802
391.376245975, 4804
391.489250898, 4806
391.643095016, 4808
391.754082918, 4810
391.875831127, 4812
392.030929089, 4814
392.153381109, 4816
392.280421019, 4818
392.431607008, 4820
392.542740107, 4822
392.660522938, 4824
392.809535027, 4826
392.923224926, 4828
393.039102077, 4830
393.189304113, 4832
393.303611994, 4834
393.425489902, 4836
393.581763983, 4838
393.697179079, 4840
393.829236031, 4842
393.985110998, 4844
394.093086958, 4846
394.207732916, 4848
394.353763103, 4850
394.464113951, 4852
394.577500105, 4854
394.742123127, 4856
394.868999004, 4858
394.996138096, 4860
395.164187908, 4862
395.287745953, 4864
395.412975073, 4866
395.573585987, 4868
395.698329926, 4870
395.823041916, 4872
395.990602016, 4874
396.102194071, 4876
396.216972113, 4878
396.365196943, 4880
396.474261045, 4882
396.599088907, 4884
396.762722969, 4886
396.880846977, 4888
396.998616934, 4890
397.155905008, 4892
397.26654911, 4894
397.383424997, 4896
397.540831089, 4898
397.651659012, 4900
397.765718937, 4902
397.914029121, 4904
398.025130033, 4906
398.139027119, 4908
398.294565916, 4910
398.418792009, 4912
398.541801929, 4914
398.689390898, 4916
398.798069, 4918
398.914029121, 4920
399.060920954, 4922
399.169996023, 4924
399.285567999, 4926
399.443339109, 4928
399.553781986, 4930
399.673491955, 4932
399.81914711, 4934
399.937210083, 4936
400.050791979, 4938
400.22043395, 4940
400.343496084, 4942
400.469105005, 4944
400.638499975, 4946
400.758659124, 4948
400.882815123, 4950
401.035566092, 4952
401.143788099, 4954
401.258888006, 4956
401.420694113, 4958
401.541381121, 4960
401.661840916, 4962
401.817869902, 4964
401.945888042, 4966
402.07070303, 4968
402.234237909, 4970
402.352361917, 4972
402.465166092, 4974
402.614363909, 4976
402.723572016, 4978
402.837280989, 4980
402.990466118, 4982
403.098740101, 4984
403.211142063, 4986
403.355751991, 4988
403.46313405, 4990
403.575756073, 4992
403.720839977, 4994
403.828514099, 4996
403.941380978, 4998
404.085710049, 5000
404.193386078, 5002
404.305622101, 5004
404.450697899, 5006
404.5591259, 5008
404.671473026, 5010
404.816461086, 5012
404.927755117, 5014
405.050056934, 5016
405.205718994, 5018
405.314223051, 5020
405.427376032, 5022
405.593013048, 5024
405.702409029, 5026
405.815881014, 5028
405.965511084, 5030
406.084829092, 5032
406.207835913, 5034
406.372164011, 5036
406.480561972, 5038
406.593770981, 5040
406.743262053, 5042
406.854604006, 5044
406.973001957, 5046
407.116930962, 5048
407.224041939, 5050
407.345277071, 5052
407.506345987, 5054
407.613524914, 5056
407.725937128, 5058
407.883373022, 5060
407.991738081, 5062
408.103909016, 5064
408.248034954, 5066
408.354953051, 5068
408.466452122, 5070
408.611689091, 5072
408.731945992, 5074
408.852276087, 5076
409.00028491, 5078
409.107132912, 5080
409.219794035, 5082
409.36480093, 5084
409.472233057, 5086
409.583503962, 5088
409.741138935, 5090
409.862504959, 5092
409.982927084, 5094
410.136851072, 5096
410.251362085, 5098
410.376368999, 5100
410.531126022, 5102
410.639003038, 5104
410.75050211, 5106
410.896402121, 5108
411.004283905, 5110
411.115796089, 5112
411.260349035, 5114
411.366593122, 5116
411.481076956, 5118
411.637237072, 5120
411.745430946, 5122
411.857342958, 5124
412.006187916, 5126
412.128796101, 5128
412.251939058, 5130
412.396104097, 5132
412.50308609, 5134
412.615257025, 5136
412.760075092, 5138
412.871244907, 5140
412.983604908, 5142
413.139462948, 5144
413.251928091, 5146
413.364382982, 5148
413.508138895, 5150
413.615648985, 5152
413.72835803, 5154
413.874042988, 5156
413.982791901, 5158
414.103792906, 5160
414.253909111, 5162
414.360723019, 5164
414.477417946, 5166
414.648013115, 5168
414.766217947, 5170
414.889353991, 5172
415.040380955, 5174
415.166474104, 5176
415.287436008, 5178
415.432024956, 5180
415.538938046, 5182
415.653369904, 5184
415.798909903, 5186
415.90724206, 5188
416.024291992, 5190
416.169085979, 5192
416.276721001, 5194
416.389527082, 5196
416.533848047, 5198
416.640806913, 5200
416.752923965, 5202
416.896714926, 5204
417.002819061, 5206
417.123152018, 5208
417.286689997, 5210
417.392758131, 5212
417.510586023, 5214
417.659184933, 5216
417.764924049, 5218
417.875528097, 5220
418.018285036, 5222
418.124282122, 5224
418.234605074, 5226
418.382098913, 5228
418.493710995, 5230
418.613091946, 5232
418.776845932, 5234
418.894537926, 5236
419.006748915, 5238
419.149168968, 5240
419.255700111, 5242
419.365974903, 5244
419.510273933, 5246
419.615257978, 5248
419.73191309, 5250
419.892199993, 5252
420.007931948, 5254
420.118937969, 5256
420.262298107, 5258
420.382720947, 5260
420.491599083, 5262
420.643148899, 5264
420.748184919, 5266
420.858664989, 5268
421.001055002, 5270
421.105363131, 5272
421.215601921, 5274
421.37473011, 5276
421.490096092, 5278
421.600560904, 5280
421.742962122, 5282
421.848493099, 5284
421.959096909, 5286
422.110549927, 5288
422.225623131, 5290
422.346261978, 5292
422.501866102, 5294
422.619216919, 5296
422.738701105, 5298
422.89846611, 5300
423.014625072, 5302
423.133620977, 5304
423.291903019, 5306
423.396449089, 5308
423.507128, 5310
423.650363922, 5312
423.755151033, 5314
423.866339922, 5316
424.008198023, 5318
424.113290071, 5320
424.224014044, 5322
424.365885973, 5324
424.471338034, 5326
424.581504107, 5328
424.724759102, 5330
424.844551086, 5332
424.962512016, 5334
425.112641096, 5336
425.232095003, 5338
425.34830308, 5340
425.489227057, 5342
425.594887018, 5344
425.705154896, 5346
425.846241951, 5348
425.955729008, 5350
426.066245079, 5352
426.209124088, 5354
426.314757109, 5356
426.425223112, 5358
426.579054117, 5360
426.693949938, 5362
426.803095102, 5364
426.945621014, 5366
427.050662994, 5368
427.160584927, 5370
427.302117109, 5372
427.407920122, 5374
427.526959896, 5376
427.68842411, 5378
427.794127941, 5380
427.912957907, 5382
428.072796106, 5384
428.19106698, 5386
428.316539049, 5388
428.466794968, 5390
428.573082924, 5392
428.691191912, 5394
428.832926035, 5396
428.955554962, 5398
429.079232931, 5400
429.22191906, 5402
429.338470936, 5404
429.455058098, 5406
429.603871107, 5408
429.709608078, 5410
429.831257105, 5412
429.989008904, 5414
430.103240013, 5416
430.213345051, 5418
430.36115098, 5420
430.47822094, 5422
430.59436202, 5424
430.757266045, 5426
430.864141941, 5428
430.979285955, 5430
431.123204947, 5432
431.229382992, 5434
431.349997997, 5436
431.499228001, 5438
431.612070084, 5440
431.733602047, 5442
431.882973909, 5444
431.995007992, 5446
432.116640091, 5448
432.260514975, 5450
432.371232986, 5452
432.493324995, 5454
432.64767313, 5456
432.754219055, 5458
432.868629932, 5460
433.026859999, 5462
433.14457798, 5464
433.261955023, 5466
433.406696081, 5468
433.513206959, 5470
433.629786968, 5472
433.794752121, 5474
433.912750959, 5476
434.024820089, 5478
434.176084042, 5480
434.28176713, 5482
434.397017956, 5484
434.539128065, 5486
434.644490004, 5488
434.754450083, 5490
434.906466007, 5492
435.023077965, 5494
435.142623901, 5496
435.292458057, 5498
435.398543119, 5500
435.520626068, 5502
435.674097061, 5504
435.78421998, 5506
435.899168015, 5508
436.049633026, 5510
436.163547993, 5512
436.28428793, 5514
436.438704967, 5516
436.544521093, 5518
436.654690027, 5520
436.795578003, 5522
436.902503967, 5524
437.024864912, 5526
437.180882931, 5528
437.295538902, 5530
437.413159132, 5532
437.57013011, 5534
437.678076982, 5536
437.787444115, 5538
437.941953897, 5540
438.05497694, 5542
438.176567078, 5544
438.344331026, 5546
438.454648972, 5548
438.574575901, 5550
438.734025955, 5552
438.848510981, 5554
438.968254089, 5556
439.116454124, 5558
439.220979929, 5560
439.341165066, 5562
439.480875015, 5564
439.584578037, 5566
439.694973946, 5568
439.847543001, 5570
439.951689959, 5572
440.059010029, 5574
440.198060989, 5576
440.30353713, 5578
440.423643112, 5580
440.584320068, 5582
440.698631048, 5584
440.820837975, 5586
440.968435049, 5588
441.071362972, 5590
441.179126978, 5592
441.323765993, 5594
441.438662052, 5596
441.554634094, 5598
441.700190067, 5600
441.809745073, 5602
441.928046942, 5604
442.077842951, 5606
442.197236061, 5608
442.306623936, 5610
442.454967022, 5612
442.561196089, 5614
442.671911955, 5616
442.811705112, 5618
442.914355993, 5620
443.023463011, 5622
443.164412022, 5624
443.267518997, 5626
443.375066042, 5628
443.515127897, 5630
443.62105298, 5632
443.737937927, 5634
443.889616013, 5636
443.992743015, 5638
444.099566936, 5640
444.239897013, 5642
444.342904091, 5644
444.45053196, 5646
444.590503931, 5648
444.693943977, 5650
444.800848007, 5652
444.957688093, 5654
445.060925961, 5656
445.16960597, 5658
445.30844593, 5660
445.410906076, 5662
445.519412041, 5664
445.660068035, 5666
445.762986898, 5668
445.876894951, 5670
446.032685041, 5672
446.14607811, 5674
446.266443014, 5676
446.418193102, 5678
446.521450996, 5680
446.631062031, 5682
446.771136045, 5684
446.875057936, 5686
446.99310708, 5688
447.153348923, 5690
447.270807981, 5692
447.378999949, 5694
447.518341064, 5696
447.620712042, 5698
447.727572918, 5700
447.86598897, 5702
447.968656063, 5704
448.074661016, 5706
448.212664127, 5708
448.314673901, 5710
448.421206951, 5712
448.560492039, 5714
448.663248062, 5716
448.782676935, 5718
448.922903061, 5720
449.02601099, 5722
449.133207083, 5724
449.298304081, 5726
449.412858963, 5728
449.52889204, 5730
449.669621944, 5732
449.773413897, 5734
449.888983965, 5736
450.027669907, 5738
450.13963604, 5740
450.25099206, 5742
450.408410072, 5744
450.521860123, 5746
450.6380651, 5748
450.777134895, 5750
450.880980968, 5752
450.988348961, 5754
451.127046108, 5756
451.230087042, 5758
451.345549107, 5760
451.499870062, 5762
451.60848093, 5764
451.717098951, 5766
451.855658054, 5768
451.958379984, 5770
452.069235086, 5772
452.220128059, 5774
452.322524071, 5776
452.439529896, 5778
452.593967915, 5780
452.696763039, 5782
452.804497004, 5784
452.954926968, 5786
453.066638947, 5788
453.173393011, 5790
453.321388006, 5792
453.423520088, 5794
453.530122042, 5796
453.670023918, 5798
453.771970987, 5800
453.879055977, 5802
454.029022932, 5804
454.13329196, 5806
454.238735914, 5808
454.378662109, 5810
454.481436014, 5812
454.587327003, 5814
454.72906208, 5816
454.829972982, 5818
454.937664986, 5820
455.076241016, 5822
455.179372072, 5824
455.28599, 5826
455.424024105, 5828
455.534408092, 5830
455.64337492, 5832
455.781605005, 5834
455.889853954, 5836
456.006393909, 5838
456.165173054, 5840
456.276329041, 5842
456.382350922, 5844
456.521799088, 5846
456.623264074, 5848
456.730689049, 5850
456.868240118, 5852
456.971280098, 5854
457.077421904, 5856
457.215694904, 5858
457.317893028, 5860
457.423775911, 5862
457.561110973, 5864
457.664197922, 5866
457.770818949, 5868
457.909557104, 5870
458.012078047, 5872
458.118217945, 5874
458.255922079, 5876
458.361294985, 5878
458.474015951, 5880
458.630125046, 5882
458.732989073, 5884
458.841984034, 5886
459.006410122, 5888
459.12382412, 5890
459.243391037, 5892
459.3910501, 5894
459.492615938, 5896
459.603863955, 5898
459.762099028, 5900
459.866761923, 5902
459.97319293, 5904
460.110577106, 5906
460.211786032, 5908
460.317243099, 5910
460.45401597, 5912
460.554929972, 5914
460.662440062, 5916
460.798892021, 5918
460.901174068, 5920
461.012172937, 5922
461.165640116, 5924
461.277153969, 5926
461.391947031, 5928
461.538198948, 5930
461.639493942, 5932
461.745296955, 5934
461.896136045, 5936
462.00593996, 5938
462.114617109, 5940
462.256866932, 5942
462.369591951, 5944
462.484548092, 5946
462.622112989, 5948
462.72577095, 5950
462.832648039, 5952
462.98310709, 5954
463.084154129, 5956
463.189827919, 5958
463.337862015, 5960
463.449480057, 5962
463.563138962, 5964
463.717509031, 5966
463.828629971, 5968
463.942986012, 5970
464.079618931, 5972
464.180721045, 5974
464.285659075, 5976
464.4222579, 5978
464.522959948, 5980
464.627566099, 5982
464.764295101, 5984
464.870085001, 5986
464.988434076, 5988
465.134064913, 5990
465.235104084, 5992
465.340779066, 5994
465.477381945, 5996
465.578587055, 5998
465.684561968, 6000
465.821898937, 6002
465.923039913, 6004
466.041172028, 6006
466.197456121, 6008
466.29974103, 6010
466.40516901, 6012
466.551337957, 6014
466.657731056, 6016
466.771461964, 6018
466.929316044, 6020
467.030477047, 6022
467.136054039, 6024
467.281340122, 6026
467.382129908, 6028
467.487257957, 6030
467.624171019, 6032
467.725516081, 6034
467.836308956, 6036
467.989102125, 6038
468.099704027, 6040
468.215992928, 6042
468.370904922, 6044
468.479619026, 6046
468.58634305, 6048
468.728979111, 6050
468.844226122, 6052
468.959122896, 6054
469.096890926, 6056
469.198189974, 6058
469.31536603, 6060
469.452753067, 6062
469.554049015, 6064
469.660680056, 6066
469.797208071, 6068
469.900581121, 6070
470.014249086, 6072
470.170234919, 6074
470.273087025, 6076
470.377912998, 6078
470.513963938, 6080
470.618437052, 6082
470.72479701, 6084
470.862612963, 6086
470.964389086, 6088
471.070291996, 6090
471.219779968, 6092
471.330073118, 6094
471.439188004, 6096
471.57665205, 6098
471.681519032, 6100
471.786586046, 6102
471.927352905, 6104
472.027580023, 6106
472.134514093, 6108
472.289038897, 6110
472.389550924, 6112
472.495311022, 6114
472.634248018, 6116
472.744977951, 6118
472.849841118, 6120
472.987195015, 6122
473.0868361, 6124
473.191075087, 6126
473.33532095, 6128
473.435959101, 6130
473.539750099, 6132
473.675688028, 6134
473.775196075, 6136
473.879233122, 6138
474.014827013, 6140
474.114432096, 6142
474.22813797, 6144
474.363936901, 6146
474.464426041, 6148
474.571444988, 6150
474.707780123, 6152
474.807996988, 6154
474.911806107, 6156
475.072640896, 6158
475.185410976, 6160
475.289242983, 6162
475.425302029, 6164
475.526195049, 6166
475.63142705, 6168
475.766746998, 6170
475.867031097, 6172
475.970624924, 6174
476.11499095, 6176
476.215692043, 6178
476.333732128, 6180
476.487488031, 6182
476.587778091, 6184
476.693063021, 6186
476.829693079, 6188
476.941555977, 6190
477.053625107, 6192
477.202147961, 6194
477.313539982, 6196
477.427518129, 6198
477.572933912, 6200
477.673964024, 6202
477.777846098, 6204
477.924079895, 6206
478.033988953, 6208
478.147186041, 6210
478.292037964, 6212
478.39132905, 6214
478.509697914, 6216
478.66186595, 6218
478.764184952, 6220
478.878957033, 6222
479.014457941, 6224
479.114851952, 6226
479.218274117, 6228
479.355257034, 6230
479.454555035, 6232
479.55824995, 6234
479.694231033, 6236
479.79324913, 6238
479.89772892, 6240
480.033126116, 6242
480.134499073, 6244
480.245733023, 6246
480.387957096, 6248
480.48826313, 6250
480.599550009, 6252
480.753876925, 6254
480.856832981, 6256
480.961556911, 6258
481.09720993, 6260
481.197252035, 6262
481.300475121, 6264
481.434926987, 6266
481.533689976, 6268
481.637495041, 6270
481.774002075, 6272
481.87400198, 6274
481.977284908, 6276
482.111344099, 6278
482.224626064, 6280
482.336892128, 6282
482.489372969, 6284
482.60018301, 6286
482.710901022, 6288
482.86226511, 6290
482.967190027, 6292
483.070519924, 6294
483.183357954, 6296
483.318520069, 6298
483.416805029, 6300
483.518656015, 6302
483.616292953, 6304
483.750780106, 6306
483.850028038, 6308
483.949201107, 6310
484.051407099, 6312
484.152070045, 6314
484.285838127, 6316
484.385059118, 6318
484.484167099, 6320
484.591058969, 6322
484.701151133, 6324
484.853837013, 6326
484.952762127, 6328
485.05075407, 6330
485.153635025, 6332
485.252725124, 6334
485.390911102, 6336
485.506989956, 6338
485.618984938, 6340
485.730147123, 6342
485.838577032, 6344
485.990515947, 6346
486.098736048, 6348
486.205329895, 6350
486.308658123, 6352
486.412498951, 6354
486.546448946, 6356
486.645363092, 6358
486.748344898, 6360
486.853589058, 6362
487.009916067, 6364
487.109242916, 6366
487.211072922, 6368
487.316047907, 6370
487.450551987, 6372
487.546989918, 6374
487.64772296, 6376
487.751486063, 6378
487.885822058, 6380
487.99220705, 6382
488.091403961, 6384
488.19548893, 6386
488.327389956, 6388
488.435209036, 6390
488.543811083, 6392
488.653280973, 6394
488.798510075, 6396
488.907280922, 6398
489.017153025, 6400
489.126940966, 6402
489.277148008, 6404
489.393106937, 6406
489.491223097, 6408
489.592405081, 6410
489.730258942, 6412
489.829258919, 6414
489.927135944, 6416
490.027554035, 6418
490.168376923, 6420
490.281832933, 6422
490.384422064, 6424
490.487848997, 6426
490.63074398, 6428
490.740155935, 6430
490.844485998, 6432
490.955329895, 6434
491.097741127, 6436
491.201714993, 6438
491.300370932, 6440
491.401403904, 6442
491.548309088, 6444
491.662178993, 6446
491.770294905, 6448
491.881150007, 6450
492.021584988, 6452
492.125103951, 6454
492.227744102, 6456
492.329272032, 6458
492.426824093, 6460
492.559268951, 6462
492.658800125, 6464
492.761418104, 6466
492.865320921, 6468
492.997565031, 6470
493.093902111, 6472
493.204926968, 6474
493.311216116, 6476
493.443841934, 6478
493.541202068, 6480
493.642441034, 6482
493.746655941, 6484
493.880162954, 6486
493.977118015, 6488
494.077567101, 6490
494.180821896, 6492
494.316189051, 6494
494.417145967, 6496
494.517759085, 6498
494.620703936, 6500
494.753818989, 6502
494.857261896, 6504
494.95994997, 6506
495.069745064, 6508
495.178563118, 6510
495.327579021, 6512
495.430030107, 6514
495.530805111, 6516
495.641235113, 6518
495.791852951, 6520
495.903207064, 6522
496.011380911, 6524
496.121529102, 6526
496.253148079, 6528
496.363661051, 6530
496.460993052, 6532
496.561604977, 6534
496.664113045, 6536
496.795825958, 6538
496.898920059, 6540
497.010881901, 6542
497.124602079, 6544
497.238299131, 6546
497.379420042, 6548
497.482177973, 6550
497.591356039, 6552
497.698441982, 6554
497.831360102, 6556
497.927578926, 6558
498.027513981, 6560
498.129295111, 6562
498.261361122, 6564
498.363626003, 6566
498.461237907, 6568
498.562124968, 6570
498.668330908, 6572
498.809710026, 6574
498.920620918, 6576
499.017055988, 6578
499.117563009, 6580
499.248358011, 6582
499.350063086, 6584
499.447005987, 6586
499.548321962, 6588
499.680191994, 6590
499.782378912, 6592
499.880141973, 6594
499.981846094, 6596
500.091300964, 6598
500.240775108, 6600
500.347995043, 6602
500.452805996, 6604
500.553342104, 6606
500.654894114, 6608
500.785767078, 6610
500.882651091, 6612
500.981168032, 6614
501.083777905, 6616
501.216072083, 6618
501.31259799, 6620
501.412696123, 6622
501.515976906, 6624
501.660028934, 6626
501.763632059, 6628
501.864816904, 6630
501.971902132, 6632
502.079921007, 6634
502.229170084, 6636
502.337891102, 6638
502.437881947, 6640
502.540184021, 6642
502.676191092, 6644
502.77978611, 6646
502.878756046, 6648
502.984055042, 6650
503.13154006, 6652
503.238567114, 6654
503.343869925, 6656
503.452801943, 6658
503.562858105, 6660
503.71311903, 6662
503.818677902, 6664
503.929246902, 6666
504.038038015, 6668
504.140028, 6670
504.269695997, 6672
504.371243, 6674
504.467262983, 6676
504.578941107, 6678
504.685691118, 6680
504.818221092, 6682
504.92504096, 6684
505.022397995, 6686
505.12193203, 6688
505.224621058, 6690
505.354504108, 6692
505.456245899, 6694
505.552019119, 6696
505.651597023, 6698
505.754332066, 6700
505.886518002, 6702
505.988121986, 6704
506.081991911, 6706
506.177885056, 6708
506.281354904, 6710
506.413239956, 6712
506.504949093, 6714
506.598047018, 6716
506.692698956, 6718
506.783839941, 6720
506.874763012, 6722
506.964173079, 6724
507.051455021, 6726
507.138279915, 6728
507.221751928, 6730
507.303020954, 6732
507.349339962, 6734
507.425648928, 6736
507.507760048, 6738
507.580020905, 6740
507.657573938, 6742
507.702452898, 6744
507.780087948, 6746
507.848418951, 6748
507.888211966, 6750
507.952332973, 6752
508.017172098, 6754
508.048130989, 6756
508.103389025, 6758
508.132509947, 6760
508.184910059, 6762
508.236414909, 6764
508.261898994, 6766
508.29244113, 6768
508.351648092, 6770
508.375049114, 6772
508.423895121, 6774
508.445043087, 6776
508.465104103, 6778
508.509526968, 6780
508.52778101, 6782
508.54518199, 6784
508.585135937, 6786
