0.01, 102
0.01, 99
0.01, 99
0.01, 99
0.01, 99
0.01, 98
0.02, 98
0.03, 98
0.03, 98
0.04, 98
0.04, 97
0.06, 97
0.06, 97
0.08, 97
0.13, 97
0.13, 97
0.15, 97
0.15, 97
0.15, 97
0.28, 97
0.29, 97
0.34, 97
0.36, 97
0.36, 97
0.36, 97
0.41, 97
0.41, 97
0.41, 97
0.48, 97
0.48, 97
0.48, 97
0.52, 97
0.56, 97
0.56, 97
0.60, 97
0.60, 97
0.60, 97
0.60, 97
0.60, 97
0.60, 97
0.60, 97
0.60, 97
0.65, 97
0.65, 97
0.65, 97
0.65, 96
1.38, 96
2.46, 96
2.55, 96
2.62, 96
2.62, 96
3.62, 96
5.57, 96
5.82, 96
6.47, 96
6.53, 96
6.69, 96
6.69, 96
7.04, 96
7.80, 96
7.82, 96
7.82, 96
7.97, 96
7.97, 96
9.20, 96
9.46, 96
9.46, 96
9.66, 96
10.33, 96
11.39, 96
11.51, 96
12.88, 96
12.88, 96
13.17, 96
13.17, 96
13.67, 96
13.86, 96
13.86, 96
14.23, 96
14.23, 96
14.59, 96
14.59, 96
14.59, 96
14.98, 96
15.06, 96
15.09, 96
15.12, 96
15.14, 96
16.17, 96
16.18, 96
16.27, 96
16.27, 96
16.47, 96
16.47, 96
16.72, 96
16.74, 96
16.74, 96
17.00, 96
17.00, 96
17.58, 96
17.58, 96
17.58, 96
17.59, 96
17.59, 96
17.59, 96
17.59, 96
18.46, 96
18.47, 96
18.47, 96
19.08, 96
19.29, 96
19.29, 96
19.29, 96
19.78, 96
20.63, 96
21.15, 96
21.15, 96
21.84, 96
24.14, 96
24.15, 96
24.32, 96
24.39, 96
24.39, 96
24.39, 96
24.80, 96
24.91, 96
25.21, 96
25.73, 96
26.01, 96
26.01, 96
26.21, 96
26.33, 96
26.43, 96
26.49, 96
26.53, 96
26.53, 96
26.62, 96
28.25, 96
28.49, 96
28.49, 96
28.49, 96
29.38, 96
30.50, 96
30.54, 96
30.54, 96
30.54, 96
30.54, 96
30.75, 96
31.12, 96
31.39, 96
31.40, 96
31.40, 96
31.88, 96
31.88, 96
32.04, 96
33.76, 96
33.86, 96
34.34, 96
34.34, 96
34.46, 96
34.94, 96
34.95, 96
34.95, 96
35.15, 96
35.30, 96
35.34, 96
36.25, 96
36.25, 96
36.25, 96
36.25, 96
36.26, 96
36.32, 96
37.41, 96
38.07, 96
38.07, 96
38.34, 96
38.44, 96
39.67, 96
39.67, 96
39.67, 96
39.67, 96
39.67, 96
39.72, 96
40.02, 96
40.07, 96
40.67, 96
40.67, 96
40.75, 96
41.40, 96
41.60, 96
41.60, 96
41.72, 96
41.90, 96
43.50, 96
44.39, 96
44.40, 96
44.54, 96
44.55, 96
44.61, 96
44.61, 96
45.10, 96
45.15, 96
45.15, 96
45.26, 96
45.26, 96
45.26, 96
45.32, 96
45.32, 96
45.33, 96
45.54, 96
45.56, 96
45.56, 96
45.84, 96
45.84, 96
46.37, 96
46.53, 96
46.99, 96
47.72, 96
47.76, 96
48.96, 96
50.67, 96
50.67, 96
51.02, 96
51.17, 96
51.90, 96
52.81, 96
52.81, 96
52.81, 96
53.10, 96
53.10, 96
53.23, 96
53.24, 96
53.24, 96
53.74, 96
53.74, 96
54.41, 96
54.43, 96
54.46, 96
54.99, 96
54.99, 96
55.12, 96
55.12, 96
56.10, 96
56.50, 96
56.51, 96
56.51, 96
56.51, 96
56.55, 96
56.71, 96
56.75, 96
56.75, 96
56.99, 96
56.99, 96
56.99, 96
56.99, 96
57.00, 96
57.00, 96
57.47, 96
57.47, 96
57.47, 96
58.20, 96
58.21, 96
58.76, 96
58.76, 96
59.40, 96
59.50, 96
59.50, 96
59.60, 96
59.61, 96
59.61, 96
59.61, 96
60.09, 96
60.09, 96
60.40, 96
60.40, 96
60.69, 96
60.69, 96
61.77, 96
61.77, 96
61.77, 96
61.77, 96
61.77, 96
62.03, 96
62.04, 96
63.03, 96
63.03, 96
63.42, 96
63.72, 96
63.72, 96
64.49, 96
64.77, 96
64.77, 96
65.15, 96
65.49, 96
66.93, 96
67.28, 96
67.28, 96
67.75, 96
67.92, 96
68.32, 96
68.32, 96
68.61, 96
69.18, 96
69.18, 96
69.18, 96
69.58, 96
70.39, 96
72.45, 96
72.51, 96
72.52, 96
72.97, 96
72.97, 96
73.33, 96
73.48, 96
73.48, 96
73.79, 96
74.21, 96
74.21, 96
74.21, 96
74.21, 96
75.37, 96
75.49, 96
75.84, 96
77.03, 96
77.44, 96
77.87, 96
78.33, 96
78.33, 96
78.64, 96
79.27, 96
79.27, 96
79.52, 96
79.52, 96
80.41, 96
80.41, 96
80.88, 96
80.98, 96
81.00, 96
81.00, 96
81.00, 96
81.12, 96
81.47, 96
82.29, 96
82.29, 96
82.29, 96
82.40, 96
82.40, 96
82.40, 96
82.40, 96
82.40, 96
82.40, 96
82.50, 96
82.50, 96
84.16, 96
84.16, 96
84.16, 96
84.16, 96
84.92, 96
85.15, 96
85.27, 96
86.11, 96
86.11, 96
86.46, 96
86.62, 96
86.90, 96
86.97, 96
87.11, 96
87.11, 96
87.56, 96
87.88, 96
88.07, 96
88.16, 96
88.36, 96
88.36, 96
89.17, 96
89.17, 96
89.18, 96
90.71, 96
90.71, 96
90.74, 96
91.62, 96
91.62, 96
91.62, 96
92.03, 96
92.45, 96
93.25, 96
93.25, 96
93.80, 96
95.16, 96
96.13, 96
96.13, 96
96.42, 96
96.92, 96
96.93, 96
99.17, 96
99.19, 96
99.19, 96
99.64, 96
99.92, 96
99.92, 96
99.92, 96
99.93, 96
100.01, 96
100.10, 96
100.10, 96
100.10, 96
101.76, 96
101.76, 96
101.96, 96
101.96, 96
101.96, 96
102.50, 96
103.10, 96
103.10, 96
103.18, 96
103.22, 96
103.23, 96
103.23, 96
103.23, 96
103.79, 96
105.78, 96
105.78, 96
106.46, 96
106.46, 96
106.46, 96
106.52, 96
106.52, 96
106.52, 96
106.63, 96
106.63, 96
106.95, 96
107.38, 96
107.46, 96
108.13, 96
108.27, 96
108.27, 96
108.27, 96
108.27, 96
108.27, 96
108.85, 96
108.85, 96
108.85, 96
108.86, 96
108.86, 96
109.28, 96
109.28, 96
110.61, 96
110.61, 96
111.56, 96
111.56, 96
111.83, 96
112.13, 96
113.69, 96
114.59, 96
114.60, 96
114.60, 96
114.60, 96
114.60, 96
114.60, 96
116.04, 96
116.04, 96
116.04, 96
116.31, 96
116.31, 96
116.31, 96
116.31, 96
116.45, 96
116.73, 96
116.73, 96
116.73, 96
116.73, 96
116.73, 96
116.73, 96
117.27, 96
117.27, 96
119.03, 96
119.03, 96
119.03, 96
120.45, 96
120.68, 96
120.87, 96
121.26, 96
121.26, 96
121.27, 96
121.43, 96
121.43, 96
121.44, 96
121.44, 96
121.46, 96
121.47, 96
122.06, 96
122.32, 96
122.66, 96
122.70, 96
122.70, 96
123.30, 96
123.51, 96
124.13, 96
124.50, 96
124.87, 96
124.94, 96
124.95, 96
124.95, 96
124.95, 96
125.32, 96
125.68, 96
125.70, 96
125.70, 96
125.70, 96
125.70, 96
125.71, 96
125.95, 96
125.95, 96
125.98, 96
126.03, 96
126.03, 96
126.04, 96
126.44, 96
126.93, 96
126.94, 96
127.25, 96
127.99, 96
127.99, 96
128.76, 96
128.88, 96
128.88, 96
129.01, 96
129.16, 96
129.17, 96
129.17, 96
130.11, 96
130.31, 96
130.94, 96
130.94, 96
131.14, 96
131.96, 96
131.96, 96
132.02, 96
132.47, 96
132.63, 96
132.63, 96
133.00, 96
133.00, 96
133.63, 96
133.63, 96
134.17, 96
134.64, 96
134.64, 96
134.64, 96
134.64, 96
136.00, 96
136.00, 96
136.45, 96
137.01, 96
137.53, 96
137.58, 96
137.58, 96
137.65, 96
137.81, 96
138.54, 96
139.25, 96
139.66, 96
139.66, 96
139.93, 96
140.76, 96
141.78, 96
141.79, 96
142.72, 96
143.04, 96
143.23, 96
143.63, 96
144.18, 96
144.18, 96
144.66, 96
145.11, 96
145.11, 96
145.18, 96
146.30, 96
146.41, 96
146.42, 96
147.09, 96
147.40, 96
147.41, 96
147.41, 96
147.52, 96
147.53, 96
147.64, 96
147.67, 96
147.67, 96
147.67, 96
148.10, 96
148.10, 96
148.81, 96
148.81, 96
149.01, 96
149.01, 96
149.01, 96
149.01, 96
149.62, 96
149.62, 96
149.62, 96
149.67, 96
149.71, 96
150.37, 96
150.37, 96
150.37, 96
150.37, 96
150.37, 96
150.39, 96
150.51, 96
150.52, 96
150.52, 96
150.52, 96
150.66, 96
151.19, 96
152.12, 96
152.12, 96
152.66, 96
152.66, 96
153.13, 96
153.13, 96
153.13, 96
153.17, 96
153.18, 96
153.18, 96
153.34, 96
153.59, 96
153.68, 96
154.29, 96
154.29, 96
154.38, 96
154.82, 96
154.95, 96
155.12, 96
155.82, 96
156.25, 96
156.57, 96
157.55, 96
157.61, 96
157.62, 96
157.94, 96
157.94, 96
157.94, 96
158.04, 96
158.14, 96
158.14, 96
158.30, 96
158.44, 96
158.44, 96
158.44, 96
158.46, 96
159.47, 96
159.47, 96
159.48, 96
159.51, 96
159.51, 96
159.51, 96
159.51, 96
161.17, 96
161.23, 96
161.23, 96
161.54, 96
162.74, 96
162.90, 96
163.14, 96
164.53, 96
164.80, 96
164.94, 96
165.64, 96
165.70, 96
165.70, 96
165.80, 96
166.91, 96
166.91, 96
167.17, 96
167.32, 96
168.32, 96
168.65, 96
168.65, 96
168.93, 96
169.33, 96
169.97, 96
169.97, 96
169.97, 96
169.98, 96
170.42, 96
170.42, 96
170.42, 96
170.42, 96
170.90, 96
171.27, 96
171.31, 96
171.32, 96
172.43, 96
172.63, 96
172.83, 96
173.10, 96
173.11, 96
173.11, 96
173.60, 96
173.60, 96
173.60, 96
174.20, 96
174.41, 96
174.41, 96
174.82, 96
175.10, 96
176.75, 96
176.80, 96
176.80, 96
177.07, 96
177.33, 96
178.03, 96
178.80, 96
178.80, 96
178.80, 96
178.80, 96
178.85, 96
178.85, 96
179.21, 96
179.81, 96
180.05, 96
180.75, 96
180.75, 96
181.28, 96
181.32, 96
181.94, 96
182.33, 96
182.33, 96
182.60, 96
182.60, 96
182.60, 96
183.14, 96
183.14, 96
183.25, 96
183.54, 96
183.97, 96
183.97, 96
183.97, 96
183.97, 96
184.03, 96
184.38, 96
184.61, 96
184.61, 96
184.76, 96
185.29, 96
185.29, 96
185.29, 96
185.29, 96
185.29, 96
185.91, 96
185.91, 96
186.05, 96
186.20, 96
186.21, 96
186.78, 96
186.78, 96
186.91, 96
186.91, 96
186.91, 96
186.91, 96
186.91, 96
187.20, 96
187.56, 96
187.56, 96
187.56, 96
187.56, 96
187.61, 96
187.86, 96
188.08, 96
188.58, 96
188.74, 96
188.98, 96
188.98, 96
189.15, 96
189.15, 96
189.15, 96
189.29, 96
189.29, 96
189.29, 96
189.36, 96
189.37, 96
189.53, 96
190.13, 96
190.13, 96
190.13, 96
190.13, 96
190.30, 96
190.30, 96
192.78, 96
192.79, 96
192.98, 96
193.81, 96
193.81, 96
193.81, 96
194.04, 96
194.04, 96
194.11, 96
194.14, 96
194.33, 96
194.33, 96
194.33, 96
194.33, 96
194.43, 96
194.43, 96
194.64, 96
195.35, 96
195.35, 96
196.30, 96
196.30, 96
196.87, 96
197.68, 96
197.88, 96
198.04, 96
198.04, 96
198.42, 96
198.42, 96
198.42, 96
198.45, 96
198.45, 96
198.45, 96
199.11, 96
199.11, 96
199.50, 96
200.67, 96
200.73, 96
200.73, 96
200.73, 96
200.73, 96
201.85, 96
202.27, 96
202.70, 96
202.70, 96
202.79, 96
202.79, 96
202.80, 96
203.75, 96
205.81, 96
205.81, 96
205.81, 96
205.81, 96
206.08, 96
206.08, 96
206.74, 96
207.05, 96
207.22, 96
207.43, 96
209.07, 96
209.07, 96
209.92, 96
210.22, 96
210.22, 96
210.22, 96
210.23, 96
210.35, 96
210.37, 96
210.70, 96
210.70, 96
210.70, 96
210.70, 96
210.70, 96
210.75, 96
210.76, 96
210.76, 96
210.97, 96
210.97, 96
210.97, 96
211.27, 96
211.87, 96
211.87, 96
212.56, 96
212.56, 96
212.56, 96
212.56, 96
212.66, 96
212.66, 96
212.67, 96
212.77, 96
212.77, 96
212.77, 96
212.77, 96
212.77, 96
213.18, 96
213.18, 96
213.18, 96
213.32, 96
213.32, 96
213.87, 96
214.06, 96
214.06, 96
214.06, 96
214.06, 96
214.29, 96
214.29, 96
214.29, 96
214.30, 96
215.76, 96
215.96, 96
215.96, 96
215.98, 96
215.98, 96
216.39, 96
217.04, 96
217.04, 96
217.04, 96
217.05, 96
217.05, 96
217.15, 96
217.15, 96
217.20, 96
217.43, 96
217.43, 96
217.62, 96
217.62, 96
217.62, 96
218.01, 96
218.42, 96
218.42, 96
218.58, 96
218.64, 96
218.68, 96
218.68, 96
218.68, 96
218.76, 96
218.76, 96
219.08, 96
219.08, 96
219.84, 96
219.84, 96
219.92, 96
220.42, 96
220.91, 96
220.94, 96
221.43, 96
221.43, 96
221.49, 96
222.35, 96
222.84, 96
223.11, 96
223.46, 96
223.68, 96
223.68, 96
225.06, 96
225.91, 96
226.25, 96
226.30, 96
226.30, 96
226.30, 96
226.49, 96
226.49, 96
226.91, 96
227.57, 96
227.86, 96
227.86, 96
228.37, 96
229.42, 96
229.42, 96
229.99, 96
230.00, 96
230.00, 96
230.09, 96
230.13, 96
230.42, 96
231.04, 96
231.67, 96
232.24, 96
232.68, 96
232.68, 96
232.72, 96
232.72, 96
233.22, 96
233.26, 96
233.27, 96
233.31, 96
233.60, 96
233.60, 96
233.73, 96
235.54, 96
235.75, 96
235.94, 96
236.19, 96
237.37, 96
237.38, 96
237.38, 96
238.32, 96
238.33, 96
238.33, 96
238.33, 96
238.35, 96
239.02, 96
239.13, 96
239.15, 96
241.36, 96
241.36, 96
241.58, 96
241.58, 96
241.77, 96
241.81, 96
242.31, 96
242.87, 96
242.87, 96
242.87, 96
244.19, 96
244.22, 96
244.22, 96
245.26, 96
245.26, 96
245.30, 96
245.49, 96
245.50, 96
246.03, 96
246.03, 96
246.03, 96
246.12, 96
246.41, 96
246.41, 96
247.73, 96
247.73, 96
247.79, 96
248.23, 96
248.50, 96
248.50, 96
248.56, 96
248.56, 96
249.03, 96
249.03, 96
249.04, 96
249.04, 96
249.04, 96
249.04, 96
249.18, 96
249.45, 96
250.07, 96
250.48, 96
250.48, 96
250.88, 96
251.20, 96
251.22, 96
251.55, 96
251.55, 96
251.65, 96
251.98, 96
252.59, 96
252.88, 96
252.88, 96
252.88, 96
253.43, 96
253.79, 96
253.98, 96
254.30, 96
254.30, 96
254.30, 96
254.30, 96
254.55, 96
254.64, 96
254.73, 96
254.73, 96
254.73, 96
255.14, 96
255.14, 96
255.14, 96
255.14, 96
255.14, 96
255.39, 96
255.39, 96
256.37, 96
256.38, 96
256.74, 96
256.79, 96
256.79, 96
256.90, 96
256.90, 96
256.98, 96
257.16, 96
258.04, 96
258.24, 96
258.75, 96
258.98, 96
259.22, 96
260.61, 96
260.61, 96
260.61, 96
260.61, 96
261.47, 96
261.48, 96
261.91, 96
262.07, 96
262.26, 96
262.87, 96
262.87, 96
262.87, 96
263.35, 96
264.75, 96
265.75, 96
265.89, 96
266.13, 96
266.13, 96
266.13, 96
266.37, 96
267.28, 96
267.37, 96
267.84, 96
268.28, 96
270.62, 96
271.21, 96
271.21, 96
271.22, 96
271.22, 96
271.22, 96
271.22, 96
271.22, 96
271.33, 96
271.40, 96
271.40, 96
271.40, 96
271.79, 96
271.85, 96
273.41, 96
273.41, 96
273.48, 96
273.48, 96
273.62, 96
274.06, 96
276.12, 96
276.51, 96
276.52, 96
276.97, 96
277.26, 96
277.64, 96
277.65, 96
277.65, 96
277.93, 96
278.13, 96
278.16, 96
278.18, 96
278.77, 96
278.77, 96
279.35, 96
279.90, 96
279.91, 96
279.95, 96
280.01, 96
280.01, 96
280.01, 96
280.01, 96
280.73, 96
280.73, 96
281.25, 96
281.25, 96
281.36, 96
282.56, 96
282.62, 96
282.63, 96
282.72, 96
283.25, 96
283.25, 96
283.48, 96
283.49, 96
283.49, 96
283.49, 96
284.22, 96
284.22, 96
284.22, 96
284.23, 96
284.23, 96
284.27, 96
284.27, 96
284.28, 96
285.35, 96
285.35, 96
285.55, 96
285.55, 96
286.47, 96
286.47, 96
286.47, 96
286.73, 96
287.56, 96
287.96, 96
287.96, 96
287.97, 96
288.74, 96
289.52, 96
289.56, 96
289.56, 96
289.88, 96
290.67, 96
290.67, 96
290.76, 96
291.40, 96
292.09, 96
292.22, 96
292.58, 96
293.31, 96
293.45, 96
294.13, 96
294.13, 96
294.13, 96
294.88, 96
294.98, 96
295.55, 96
295.55, 96
298.39, 96
298.96, 96
298.96, 96
298.98, 96
301.16, 96
301.16, 96
301.66, 96
302.57, 96
302.57, 96
302.90, 96
302.95, 96
302.95, 96
304.84, 96
305.90, 96
306.47, 96
306.74, 96
307.19, 96
307.49, 96
307.68, 96
307.68, 96
307.68, 96
307.68, 96
307.90, 96
308.16, 96
309.03, 96
309.89, 96
309.89, 96
309.89, 96
310.11, 96
310.69, 96
312.68, 96
312.79, 96
312.79, 96
313.52, 96
313.52, 96
313.52, 96
313.52, 96
313.52, 96
313.66, 96
313.66, 96
313.85, 96
313.85, 96
314.02, 96
314.67, 96
314.91, 96
316.40, 96
316.47, 96
317.57, 96
317.57, 96
317.57, 96
317.57, 96
317.70, 96
317.71, 96
317.77, 96
317.77, 96
317.77, 96
317.95, 96
318.42, 96
319.36, 96
319.49, 96
319.81, 96
321.08, 96
321.85, 96
322.19, 96
322.20, 96
322.30, 96
322.77, 96
323.19, 96
323.86, 96
324.87, 96
324.90, 96
324.90, 96
325.70, 96
325.77, 96
325.77, 96
326.29, 96
326.29, 96
326.29, 96
326.29, 96
326.30, 96
326.30, 96
326.30, 96
328.18, 96
328.18, 96
328.22, 96
328.59, 96
328.92, 96
328.92, 96
329.17, 96
329.18, 96
329.18, 96
329.18, 96
329.43, 96
330.03, 96
330.62, 96
330.66, 96
330.66, 96
330.66, 96
330.68, 96
330.68, 96
330.68, 96
332.01, 96
332.33, 96
332.34, 96
333.57, 96
334.33, 96
335.03, 96
335.03, 96
335.03, 96
335.14, 96
335.14, 96
335.64, 96
336.49, 96
336.49, 96
336.49, 96
336.49, 96
336.49, 96
336.83, 96
337.03, 96
337.48, 96
337.57, 96
337.60, 96
337.95, 96
338.66, 96
338.66, 96
339.08, 96
339.21, 96
340.27, 96
340.27, 96
340.70, 96
341.32, 96
341.99, 96
341.99, 96
342.04, 96
342.04, 96
342.41, 96
343.01, 96
343.01, 96
343.01, 96
343.35, 96
343.46, 96
343.46, 96
343.46, 96
344.60, 96
344.60, 96
344.61, 96
344.80, 96
344.91, 96
344.92, 96
344.92, 96
344.92, 96
344.92, 96
344.92, 96
344.92, 96
344.92, 96
344.93, 96
344.93, 96
345.81, 96
345.86, 96
346.06, 96
346.06, 96
346.27, 96
346.34, 96
347.27, 96
348.05, 96
348.08, 96
348.08, 96
348.42, 96
348.42, 96
349.83, 96
349.90, 96
349.91, 96
350.16, 96
350.59, 96
351.20, 96
351.83, 96
352.55, 96
354.51, 96
354.97, 96
356.93, 96
357.58, 96
358.68, 96
359.36, 96
359.37, 96
359.53, 96
359.81, 96
359.91, 96
360.91, 96
360.91, 96
360.91, 96
360.98, 96
361.36, 96
361.36, 96
361.50, 96
361.75, 96
362.40, 96
363.20, 96
363.20, 96
363.94, 96
364.38, 96
364.64, 96
364.64, 96
364.64, 96
364.64, 96
364.70, 96
364.70, 96
364.70, 96
364.70, 96
364.71, 96
364.71, 96
364.71, 96
365.38, 96
365.46, 96
365.53, 96
366.12, 96
366.12, 96
366.65, 96
366.65, 96
366.65, 96
367.67, 96
368.54, 96
368.54, 96
368.65, 96
368.65, 96
368.66, 96
369.59, 96
369.93, 96
370.23, 96
370.23, 96
370.90, 96
370.90, 96
370.90, 96
370.90, 96
371.08, 96
371.63, 96
371.63, 96
371.63, 96
372.00, 96
372.00, 96
372.02, 96
372.02, 96
372.13, 96
372.13, 96
372.13, 96
372.93, 96
373.80, 96
373.80, 96
374.37, 96
374.80, 96
374.80, 96
374.80, 96
374.80, 96
375.69, 96
375.69, 96
375.94, 96
376.49, 96
376.49, 96
376.49, 96
377.24, 96
377.24, 96
378.04, 96
378.04, 96
378.04, 96
378.04, 96
379.42, 96
379.60, 96
379.60, 96
380.51, 96
381.82, 96
382.10, 96
382.10, 96
382.11, 96
382.49, 96
383.11, 96
383.24, 96
383.51, 96
383.65, 96
383.65, 96
383.73, 96
383.92, 96
383.92, 96
384.10, 96
384.10, 96
384.75, 96
384.76, 96
384.89, 96
384.89, 96
384.99, 96
385.21, 96
385.64, 96
385.75, 96
385.76, 96
385.76, 96
385.76, 96
385.83, 96
386.04, 96
386.04, 96
386.37, 96
386.72, 96
388.65, 96
388.65, 96
388.73, 96
388.98, 96
388.98, 96
389.24, 96
389.50, 96
389.84, 96
389.96, 96
389.99, 96
390.77, 96
391.05, 96
391.06, 96
391.13, 96
391.13, 96
391.93, 96
392.14, 96
392.14, 96
392.14, 96
392.14, 96
392.14, 96
392.15, 96
392.18, 96
392.25, 96
392.38, 96
393.01, 96
393.27, 96
393.27, 96
393.27, 96
393.27, 96
393.27, 96
393.27, 96
393.29, 96
396.37, 96
396.38, 96
396.38, 96
396.38, 96
396.38, 96
396.65, 96
396.65, 96
396.66, 96
396.71, 96
396.71, 96
397.13, 96
397.53, 96
397.53, 96
397.72, 96
397.72, 96
397.72, 96
397.84, 96
397.98, 96
397.98, 96
397.99, 96
398.62, 96
400.43, 96
400.49, 96
401.01, 96
401.01, 96
401.76, 96
403.02, 96
403.23, 96
403.35, 96
403.99, 96
404.04, 96
404.04, 96
404.17, 96
404.17, 96
404.95, 96
404.95, 96
404.95, 96
405.97, 96
405.97, 96
407.12, 96
407.12, 96
407.13, 96
407.13, 96
407.13, 96
407.36, 96
407.36, 96
407.69, 96
407.88, 96
407.88, 96
407.88, 96
410.22, 96
410.87, 96
410.87, 96
410.87, 96
410.87, 96
410.87, 96
411.15, 96
411.15, 96
411.21, 96
411.34, 96
411.52, 96
411.93, 96
411.93, 96
411.93, 96
412.33, 96
412.72, 96
413.93, 96
413.93, 96
414.92, 96
415.86, 96
416.12, 96
416.84, 96
416.84, 96
417.20, 96
418.51, 96
418.51, 96
418.51, 96
418.56, 96
418.56, 96
418.56, 96
418.56, 96
418.56, 96
418.56, 96
418.56, 96
418.57, 96
418.57, 96
418.57, 96
418.81, 96
418.81, 96
418.81, 96
419.15, 96
419.54, 96
419.75, 96
420.08, 96
420.34, 96
420.34, 96
420.39, 96
421.03, 96
422.72, 96
422.91, 96
423.60, 96
423.60, 96
423.60, 96
423.60, 96
424.29, 96
424.29, 96
424.29, 96
424.29, 96
425.21, 96
425.21, 96
425.21, 96
425.26, 96
425.26, 96
425.26, 96
425.27, 96
425.29, 96
425.29, 96
425.45, 96
425.55, 96
425.55, 96
425.55, 96
425.73, 96
425.87, 96
426.91, 96
427.47, 96
427.78, 96
428.46, 96
428.46, 96
428.60, 96
428.68, 96
428.68, 96
429.70, 96
429.79, 96
429.79, 96
430.52, 96
432.16, 96
432.91, 96
432.91, 96
432.99, 96
433.84, 96
433.84, 96
433.84, 96
434.46, 96
434.46, 96
434.59, 96
434.59, 96
434.71, 96
434.71, 96
435.26, 96
435.26, 96
435.26, 96
435.27, 96
435.27, 96
435.29, 96
435.29, 96
435.66, 96
435.66, 96
436.20, 96
437.43, 96
437.95, 96
438.54, 96
438.67, 96
438.67, 96
439.35, 96
439.48, 96
439.48, 96
439.49, 96
439.50, 96
439.60, 96
439.60, 96
439.68, 96
439.70, 96
440.33, 96
440.34, 96
440.34, 96
440.38, 96
440.38, 96
440.46, 96
440.46, 96
441.32, 96
441.74, 96
442.25, 96
442.45, 96
442.90, 96
442.91, 96
442.97, 96
442.97, 96
442.98, 96
442.98, 96
443.20, 96
443.80, 96
445.10, 96
445.32, 96
445.32, 96
445.32, 96
445.50, 96
447.00, 96
447.49, 96
447.56, 96
447.56, 96
447.56, 96
447.57, 96
447.73, 96
447.83, 96
447.83, 96
447.99, 96
448.09, 96
448.48, 96
448.61, 96
448.61, 96
448.61, 96
448.61, 96
448.61, 96
448.61, 96
448.72, 96
449.04, 96
449.04, 96
449.04, 96
449.83, 96
450.50, 96
450.56, 96
450.62, 96
451.36, 96
452.25, 96
452.28, 96
452.64, 96
452.66, 96
452.67, 96
452.83, 96
452.83, 96
453.45, 96
453.63, 96
453.89, 96
454.98, 96
455.02, 96
455.10, 96
455.10, 96
455.57, 96
456.10, 96
456.10, 96
456.64, 96
456.64, 96
456.64, 96
456.64, 96
456.64, 96
456.64, 96
456.64, 96
456.64, 96
456.64, 96
456.94, 96
457.09, 96
457.20, 96
457.20, 96
457.93, 96
458.91, 96
458.91, 96
458.91, 96
458.92, 96
459.07, 96
459.62, 96
459.83, 96
459.83, 96
460.04, 96
460.04, 96
460.45, 96
461.38, 96
461.75, 96
461.75, 96
462.11, 96
462.11, 96
462.57, 96
462.58, 96
462.58, 96
462.58, 96
462.73, 96
462.73, 96
462.73, 96
462.73, 96
462.79, 96
462.99, 96
462.99, 96
462.99, 96
462.99, 96
463.87, 96
464.01, 96
464.01, 96
464.58, 96
464.58, 96
464.69, 96
464.69, 96
464.69, 96
464.69, 96
464.69, 96
466.49, 96
466.50, 96
466.54, 96
467.05, 96
467.05, 96
467.48, 96
467.48, 96
467.79, 96
468.18, 96
469.26, 96
470.05, 96
470.05, 96
471.46, 96
471.46, 96
471.71, 96
471.71, 96
471.99, 96
472.25, 96
472.25, 96
472.67, 96
472.74, 96
472.74, 96
472.75, 96
472.75, 96
472.93, 96
473.11, 96
473.58, 96
473.58, 96
473.58, 96
473.58, 96
473.79, 96
473.98, 96
474.31, 96
474.31, 96
475.13, 96
475.55, 96
476.58, 96
476.78, 96
476.78, 96
477.48, 96
477.64, 96
477.64, 96
477.64, 96
477.89, 96
478.73, 96
478.73, 96
478.73, 96
478.73, 96
478.74, 96
479.89, 96
480.34, 96
480.61, 96
480.61, 96
480.63, 96
482.04, 96
482.04, 96
482.04, 96
482.08, 96
484.04, 96
484.04, 96
484.04, 96
484.20, 96
484.75, 96
484.75, 96
484.75, 96
484.83, 96
485.20, 96
485.20, 96
485.21, 96
485.32, 96
485.34, 96
485.48, 96
485.94, 96
486.19, 96
486.19, 96
486.62, 96
487.30, 96
487.52, 96
487.77, 96
487.81, 96
488.40, 96
488.55, 96
488.55, 96
488.55, 96
488.80, 96
489.82, 96
489.83, 96
490.47, 96
490.47, 96
490.47, 96
490.47, 96
490.47, 96
490.47, 96
491.27, 96
492.01, 96
492.01, 96
493.33, 96
493.33, 96
493.33, 96
493.50, 96
493.61, 96
493.99, 96
495.53, 96
495.53, 96
496.05, 96
496.14, 96
496.83, 96
496.83, 96
497.36, 96
498.76, 96
498.76, 96
498.81, 96
498.93, 96
498.93, 96
498.93, 96
498.93, 96
498.93, 96
499.04, 96
499.17, 96
499.41, 96
499.50, 96
500.20, 96
500.21, 96
500.78, 96
501.07, 96
501.15, 96
501.15, 96
501.31, 96
501.96, 96
502.22, 96
502.41, 96
502.62, 96
502.62, 96
503.50, 96
503.50, 96
503.50, 96
503.50, 96
503.68, 96
503.99, 96
504.01, 96
504.64, 96
504.64, 96
504.99, 96
504.99, 96
506.12, 96
506.12, 96
506.58, 96
507.42, 96
507.42, 96
508.13, 96
508.13, 96
508.48, 96
508.50, 96
508.50, 96
508.55, 96
508.64, 96
510.27, 96
510.27, 96
510.28, 96
510.70, 96
511.08, 96
511.28, 96
511.32, 96
511.36, 96
511.36, 96
511.69, 96
511.79, 96
511.99, 96
512.55, 96
512.72, 96
512.73, 96
513.10, 96
513.40, 96
513.40, 96
513.45, 96
514.81, 96
514.81, 96
514.81, 96
514.94, 96
514.94, 96
515.70, 96
515.95, 96
516.05, 96
516.06, 96
517.20, 96
517.28, 96
517.57, 96
519.32, 96
519.90, 96
520.21, 96
520.21, 96
520.22, 96
520.29, 96
520.29, 96
520.53, 96
520.53, 96
520.53, 96
520.53, 96
520.55, 96
520.55, 96
520.76, 96
520.76, 96
520.87, 96
521.39, 96
522.27, 96
522.32, 96
522.36, 96
522.36, 96
522.90, 96
523.25, 96
523.25, 96
523.66, 96
523.66, 96
523.68, 96
525.48, 96
525.48, 96
525.48, 96
526.35, 96
526.67, 96
527.14, 96
527.31, 96
527.52, 96
527.52, 96
527.70, 96
527.89, 96
528.07, 96
528.07, 96
528.53, 96
528.53, 96
528.53, 96
528.64, 96
528.65, 96
528.96, 96
529.12, 96
529.17, 96
529.17, 96
529.39, 96
529.45, 96
529.49, 96
529.49, 96
529.49, 96
529.49, 96
529.50, 96
529.50, 96
530.08, 96
530.61, 96
530.61, 96
530.68, 96
530.68, 96
530.68, 96
530.92, 96
531.45, 96
532.38, 96
534.34, 96
534.42, 96
534.89, 96
535.41, 96
535.49, 96
538.93, 96
538.93, 96
539.18, 96
540.27, 96
540.27, 96
540.35, 96
540.69, 96
540.82, 96
541.16, 96
541.16, 96
541.16, 96
541.16, 96
541.81, 96
542.28, 96
542.28, 96
542.28, 96
542.55, 96
542.55, 96
542.68, 96
542.68, 96
542.68, 96
542.92, 96
543.78, 96
543.97, 96
543.97, 96
544.36, 96
544.36, 96
545.00, 96
545.00, 96
545.21, 96
545.29, 96
545.29, 96
546.02, 96
546.11, 96
546.12, 96
546.44, 96
546.44, 96
546.44, 96
546.44, 96
546.58, 96
546.61, 96
546.93, 96
547.00, 96
547.01, 96
547.01, 96
547.01, 96
547.05, 96
547.06, 96
547.07, 96
547.07, 96
547.56, 96
547.78, 96
547.88, 96
547.88, 96
547.98, 96
548.54, 96
548.73, 96
548.73, 96
548.74, 96
549.14, 96
549.14, 96
549.37, 96
549.37, 96
549.46, 96
549.46, 96
549.48, 96
549.49, 96
549.53, 96
549.54, 96
549.54, 96
549.91, 96
550.11, 96
551.06, 96
551.38, 96
551.93, 96
551.93, 96
551.99, 96
551.99, 96
552.21, 96
552.21, 96
552.21, 96
552.24, 96
553.85, 96
554.08, 96
554.19, 96
554.24, 96
554.39, 96
555.64, 96
557.06, 96
558.22, 96
558.22, 96
558.85, 96
558.85, 96
558.85, 96
558.87, 96
558.87, 96
558.91, 96
558.96, 96
558.96, 96
559.56, 96
559.79, 96
559.79, 96
559.79, 96
560.25, 96
560.25, 96
561.16, 96
561.16, 96
561.16, 96
561.16, 96
561.23, 96
561.41, 96
561.41, 96
561.49, 96
562.12, 96
562.12, 96
562.12, 96
562.13, 96
562.27, 96
563.58, 96
563.63, 96
564.39, 96
564.81, 96
565.08, 96
565.33, 96
565.70, 96
565.70, 96
565.74, 96
565.74, 96
565.74, 96
566.83, 96
566.96, 96
567.43, 96
567.52, 96
567.52, 96
567.90, 96
567.90, 96
568.07, 96
568.38, 96
568.59, 96
568.59, 96
569.36, 96
569.36, 96
569.41, 96
569.51, 96
569.51, 96
569.74, 96
570.63, 96
570.67, 96
570.67, 96
570.67, 96
571.29, 96
572.68, 96
573.44, 96
574.06, 96
574.57, 96
574.57, 96
574.81, 96
574.87, 96
574.87, 96
575.48, 96
575.48, 96
575.92, 96
576.47, 96
576.74, 96
576.74, 96
578.43, 96
579.28, 96
579.42, 96
580.11, 96
580.33, 96
581.12, 96
581.13, 96
581.31, 96
581.31, 96
581.33, 96
581.33, 96
582.32, 96
582.32, 96
582.56, 96
582.99, 96
582.99, 96
582.99, 96
583.43, 96
583.44, 96
583.54, 96
584.44, 96
584.44, 96
584.61, 96
585.08, 96
586.82, 96
587.05, 96
587.05, 96
587.19, 96
587.29, 96
587.30, 96
587.37, 96
587.37, 96
587.37, 96
587.53, 96
588.14, 96
588.50, 96
588.50, 96
589.40, 96
589.42, 96
589.62, 96
590.18, 96
590.18, 96
590.18, 96
590.18, 96
590.77, 96
590.77, 96
590.96, 96
590.97, 96
593.21, 96
593.96, 96
593.96, 96
593.96, 96
593.96, 96
595.07, 96
595.07, 96
595.11, 96
595.11, 96
595.11, 96
595.12, 96
595.12, 96
595.12, 96
595.18, 96
595.51, 96
596.79, 96
596.97, 96
596.98, 96
596.98, 96
597.52, 96
597.85, 96
597.85, 96
597.85, 96
597.86, 96
598.72, 96
598.72, 96
