0.00, 102
0.00, 99
0.00, 99
0.01, 99
0.01, 99
0.01, 98
0.01, 98
0.01, 98
0.01, 98
0.02, 98
0.02, 97
0.04, 97
0.04, 97
0.06, 97
0.09, 97
0.09, 97
0.12, 97
0.12, 97
0.13, 97
0.27, 97
0.28, 97
0.34, 97
0.35, 97
0.35, 97
0.35, 97
0.39, 97
0.39, 97
0.39, 97
0.46, 97
0.46, 97
0.46, 97
0.51, 97
0.54, 97
0.54, 97
0.59, 97
0.59, 97
0.59, 97
0.59, 97
0.59, 97
0.59, 97
0.59, 97
0.59, 97
0.65, 97
0.65, 97
0.65, 97
0.65, 96
1.45, 96
2.57, 96
2.68, 96
2.76, 96
2.77, 96
4.13, 96
6.15, 96
6.39, 96
6.97, 96
7.02, 96
7.16, 96
7.17, 96
7.54, 96
8.32, 96
8.34, 96
8.34, 96
8.50, 96
8.50, 96
9.72, 96
9.98, 96
9.98, 96
10.22, 96
10.89, 96
11.98, 96
12.09, 96
13.40, 96
13.40, 96
13.68, 96
13.68, 96
14.13, 96
14.32, 96
14.32, 96
14.72, 96
14.72, 96
15.07, 96
15.07, 96
15.07, 96
15.46, 96
15.55, 96
15.58, 96
15.61, 96
15.64, 96
16.74, 96
16.74, 96
16.83, 96
16.83, 96
17.01, 96
17.01, 96
17.21, 96
17.22, 96
17.22, 96
17.47, 96
17.47, 96
18.07, 96
18.07, 96
18.07, 96
18.08, 96
18.08, 96
18.08, 96
18.08, 96
18.92, 96
18.92, 96
18.92, 96
19.78, 96
19.99, 96
19.99, 96
19.99, 96
20.47, 96
21.44, 96
21.96, 96
21.96, 96
22.53, 96
24.79, 96
24.79, 96
24.95, 96
25.02, 96
25.02, 96
25.02, 96
25.43, 96
25.56, 96
25.90, 96
26.44, 96
26.71, 96
26.71, 96
26.88, 96
26.97, 96
27.06, 96
27.10, 96
27.14, 96
27.14, 96
27.22, 96
28.78, 96
29.12, 96
29.12, 96
29.12, 96
29.96, 96
31.10, 96
31.16, 96
31.16, 96
31.16, 96
31.17, 96
31.39, 96
31.76, 96
31.99, 96
31.99, 96
31.99, 96
32.41, 96
32.41, 96
32.58, 96
34.30, 96
34.40, 96
34.89, 96
34.89, 96
35.01, 96
35.53, 96
35.53, 96
35.53, 96
35.75, 96
35.92, 96
35.97, 96
36.83, 96
36.83, 96
36.83, 96
36.83, 96
36.83, 96
36.89, 96
37.90, 96
38.56, 96
38.56, 96
38.80, 96
38.90, 96
40.11, 96
40.11, 96
40.11, 96
40.11, 96
40.11, 96
40.15, 96
40.45, 96
40.49, 96
41.20, 96
41.20, 96
41.29, 96
41.95, 96
42.13, 96
42.13, 96
42.23, 96
42.38, 96
43.90, 96
44.79, 96
44.79, 96
44.94, 96
44.96, 96
45.01, 96
45.01, 96
45.48, 96
45.54, 96
45.54, 96
45.63, 96
45.63, 96
45.64, 96
45.70, 96
45.70, 96
45.70, 96
45.98, 96
45.99, 96
46.00, 96
46.27, 96
46.27, 96
46.76, 96
46.89, 96
47.30, 96
47.99, 96
48.03, 96
49.20, 96
50.53, 96
50.53, 96
50.85, 96
51.05, 96
51.74, 96
52.59, 96
52.59, 96
52.59, 96
52.87, 96
52.87, 96
53.02, 96
53.03, 96
53.03, 96
53.56, 96
53.56, 96
54.20, 96
54.23, 96
54.25, 96
54.82, 96
54.82, 96
54.94, 96
54.94, 96
55.96, 96
56.36, 96
56.36, 96
56.36, 96
56.37, 96
56.40, 96
56.54, 96
56.57, 96
56.57, 96
56.77, 96
56.77, 96
56.78, 96
56.78, 96
56.78, 96
56.78, 96
57.26, 96
57.26, 96
57.26, 96
57.97, 96
57.98, 96
58.58, 96
58.58, 96
59.25, 96
59.34, 96
59.34, 96
59.47, 96
59.47, 96
59.47, 96
59.47, 96
59.92, 96
59.92, 96
60.20, 96
60.20, 96
60.51, 96
60.51, 96
61.58, 96
61.58, 96
61.58, 96
61.58, 96
61.58, 96
61.78, 96
61.78, 96
62.84, 96
62.84, 96
63.26, 96
63.54, 96
63.55, 96
64.35, 96
64.67, 96
64.67, 96
65.01, 96
65.32, 96
66.61, 96
66.96, 96
66.96, 96
67.42, 96
67.60, 96
67.99, 96
67.99, 96
68.30, 96
68.83, 96
68.84, 96
68.84, 96
69.19, 96
70.02, 96
72.02, 96
72.08, 96
72.08, 96
72.60, 96
72.60, 96
72.98, 96
73.11, 96
73.11, 96
73.44, 96
73.86, 96
73.86, 96
73.86, 96
73.86, 96
75.07, 96
75.18, 96
75.50, 96
76.75, 96
77.25, 96
77.67, 96
78.16, 96
78.16, 96
78.47, 96
79.14, 96
79.14, 96
79.38, 96
79.38, 96
80.29, 96
80.29, 96
80.77, 96
80.90, 96
80.93, 96
80.94, 96
80.94, 96
81.09, 96
81.43, 96
82.21, 96
82.21, 96
82.21, 96
82.33, 96
82.33, 96
82.33, 96
82.33, 96
82.33, 96
82.33, 96
82.43, 96
82.43, 96
84.11, 96
84.11, 96
84.11, 96
84.12, 96
84.89, 96
85.13, 96
85.27, 96
86.14, 96
86.14, 96
86.49, 96
86.62, 96
86.88, 96
86.94, 96
87.08, 96
87.08, 96
87.49, 96
87.79, 96
88.00, 96
88.11, 96
88.33, 96
88.35, 96
89.20, 96
89.20, 96
89.22, 96
90.88, 96
90.89, 96
90.92, 96
91.77, 96
91.77, 96
91.77, 96
92.11, 96
92.57, 96
93.33, 96
93.33, 96
93.93, 96
95.26, 96
96.25, 96
96.25, 96
96.55, 96
97.00, 96
97.00, 96
99.20, 96
99.22, 96
99.22, 96
99.65, 96
99.94, 96
99.95, 96
99.95, 96
99.95, 96
100.01, 96
100.10, 96
100.10, 96
100.10, 96
101.77, 96
101.77, 96
101.94, 96
101.95, 96
101.95, 96
102.47, 96
103.05, 96
103.05, 96
103.14, 96
103.20, 96
103.20, 96
103.20, 96
103.20, 96
103.75, 96
105.59, 96
105.59, 96
106.30, 96
106.30, 96
106.30, 96
106.35, 96
106.36, 96
106.36, 96
106.44, 96
106.44, 96
106.73, 96
107.14, 96
107.24, 96
107.96, 96
108.08, 96
108.08, 96
108.09, 96
108.09, 96
108.09, 96
108.64, 96
108.64, 96
108.65, 96
108.65, 96
108.65, 96
109.14, 96
109.14, 96
110.40, 96
110.40, 96
111.24, 96
111.24, 96
111.47, 96
111.79, 96
113.26, 96
114.14, 96
114.14, 96
114.14, 96
114.14, 96
114.14, 96
114.14, 96
115.49, 96
115.50, 96
115.50, 96
115.77, 96
115.77, 96
115.78, 96
115.78, 96
115.92, 96
116.20, 96
116.21, 96
116.21, 96
116.21, 96
116.21, 96
116.21, 96
116.77, 96
116.77, 96
118.47, 96
118.47, 96
118.47, 96
119.93, 96
120.14, 96
120.35, 96
120.73, 96
120.73, 96
120.73, 96
120.89, 96
120.89, 96
120.89, 96
120.89, 96
120.92, 96
120.92, 96
121.51, 96
121.75, 96
122.06, 96
122.09, 96
122.09, 96
122.65, 96
122.88, 96
123.51, 96
123.85, 96
124.21, 96
124.26, 96
124.26, 96
124.26, 96
124.26, 96
124.64, 96
124.95, 96
124.96, 96
124.96, 96
124.96, 96
124.96, 96
124.97, 96
125.19, 96
125.19, 96
125.22, 96
125.27, 96
125.27, 96
125.28, 96
125.64, 96
126.14, 96
126.14, 96
126.44, 96
127.18, 96
127.18, 96
127.96, 96
128.09, 96
128.09, 96
128.22, 96
128.35, 96
128.36, 96
128.36, 96
129.27, 96
129.49, 96
130.13, 96
130.13, 96
130.32, 96
131.10, 96
131.10, 96
131.19, 96
131.65, 96
131.80, 96
131.81, 96
132.17, 96
132.17, 96
132.81, 96
132.81, 96
133.34, 96
133.77, 96
133.77, 96
133.77, 96
133.78, 96
135.12, 96
135.12, 96
135.52, 96
136.07, 96
136.63, 96
136.67, 96
136.67, 96
136.77, 96
136.92, 96
137.68, 96
138.41, 96
138.83, 96
138.83, 96
139.13, 96
139.98, 96
140.96, 96
140.96, 96
141.96, 96
142.30, 96
142.48, 96
142.88, 96
143.43, 96
143.44, 96
143.91, 96
144.33, 96
144.34, 96
144.41, 96
145.41, 96
145.49, 96
145.49, 96
146.18, 96
146.54, 96
146.54, 96
146.55, 96
146.67, 96
146.68, 96
146.78, 96
146.81, 96
146.81, 96
146.81, 96
147.29, 96
147.29, 96
148.01, 96
148.02, 96
148.20, 96
148.20, 96
148.21, 96
148.21, 96
148.80, 96
148.80, 96
148.80, 96
148.85, 96
148.88, 96
149.62, 96
149.62, 96
149.62, 96
149.62, 96
149.62, 96
149.65, 96
149.77, 96
149.77, 96
149.78, 96
149.78, 96
149.93, 96
150.41, 96
151.39, 96
151.39, 96
151.95, 96
151.95, 96
152.38, 96
152.39, 96
152.39, 96
152.43, 96
152.43, 96
152.43, 96
152.62, 96
152.87, 96
152.96, 96
153.59, 96
153.59, 96
153.69, 96
154.13, 96
154.28, 96
154.48, 96
155.14, 96
155.56, 96
155.85, 96
156.80, 96
156.88, 96
156.88, 96
157.22, 96
157.22, 96
157.22, 96
157.30, 96
157.43, 96
157.43, 96
157.56, 96
157.70, 96
157.70, 96
157.70, 96
157.71, 96
158.76, 96
158.76, 96
158.76, 96
158.79, 96
158.80, 96
158.80, 96
158.80, 96
160.49, 96
160.54, 96
160.54, 96
160.81, 96
162.05, 96
162.21, 96
162.42, 96
163.83, 96
164.09, 96
164.21, 96
164.85, 96
164.89, 96
164.89, 96
165.00, 96
166.14, 96
166.14, 96
166.43, 96
166.55, 96
167.53, 96
167.89, 96
167.89, 96
168.20, 96
168.58, 96
169.24, 96
169.24, 96
169.25, 96
169.26, 96
169.65, 96
169.65, 96
169.66, 96
169.66, 96
170.15, 96
170.54, 96
170.57, 96
170.57, 96
171.67, 96
171.86, 96
172.06, 96
172.32, 96
172.32, 96
172.32, 96
172.82, 96
172.82, 96
172.82, 96
173.45, 96
173.65, 96
173.65, 96
174.08, 96
174.32, 96
175.84, 96
175.89, 96
175.89, 96
176.20, 96
176.48, 96
177.15, 96
177.90, 96
177.90, 96
177.90, 96
177.90, 96
177.96, 96
177.96, 96
178.30, 96
178.86, 96
179.19, 96
179.91, 96
179.91, 96
180.44, 96
180.48, 96
181.05, 96
181.51, 96
181.51, 96
181.79, 96
181.79, 96
181.79, 96
182.30, 96
182.30, 96
182.40, 96
182.69, 96
183.13, 96
183.14, 96
183.14, 96
183.14, 96
183.20, 96
183.53, 96
183.74, 96
183.75, 96
183.90, 96
184.43, 96
184.43, 96
184.43, 96
184.43, 96
184.43, 96
184.92, 96
184.92, 96
185.03, 96
185.16, 96
185.16, 96
185.65, 96
185.65, 96
185.78, 96
185.78, 96
185.78, 96
185.79, 96
185.79, 96
186.14, 96
186.54, 96
186.54, 96
186.54, 96
186.54, 96
186.59, 96
186.85, 96
187.11, 96
187.62, 96
187.79, 96
187.98, 96
187.98, 96
188.14, 96
188.14, 96
188.14, 96
188.31, 96
188.31, 96
188.31, 96
188.37, 96
188.38, 96
188.57, 96
189.20, 96
189.20, 96
189.20, 96
189.20, 96
189.39, 96
189.39, 96
191.81, 96
191.81, 96
192.00, 96
192.88, 96
192.88, 96
192.88, 96
193.10, 96
193.10, 96
193.19, 96
193.22, 96
193.42, 96
193.43, 96
193.43, 96
193.43, 96
193.55, 96
193.56, 96
193.75, 96
194.49, 96
194.49, 96
195.37, 96
195.38, 96
195.91, 96
196.80, 96
197.00, 96
197.19, 96
197.19, 96
197.56, 96
197.56, 96
197.56, 96
197.58, 96
197.59, 96
197.59, 96
198.25, 96
198.25, 96
198.63, 96
199.86, 96
199.93, 96
199.93, 96
199.93, 96
199.93, 96
201.01, 96
201.47, 96
201.92, 96
201.92, 96
202.01, 96
202.01, 96
202.01, 96
202.96, 96
204.88, 96
204.88, 96
204.89, 96
204.89, 96
205.15, 96
205.15, 96
205.75, 96
206.10, 96
206.34, 96
206.54, 96
208.18, 96
208.18, 96
209.06, 96
209.39, 96
209.39, 96
209.39, 96
209.39, 96
209.50, 96
209.52, 96
209.87, 96
209.87, 96
209.87, 96
209.87, 96
209.87, 96
209.93, 96
209.93, 96
209.93, 96
210.16, 96
210.16, 96
210.16, 96
210.43, 96
210.95, 96
210.96, 96
211.72, 96
211.72, 96
211.72, 96
211.73, 96
211.82, 96
211.82, 96
211.83, 96
211.91, 96
211.92, 96
211.92, 96
211.92, 96
211.92, 96
212.34, 96
212.34, 96
212.34, 96
212.48, 96
212.48, 96
213.05, 96
213.24, 96
213.24, 96
213.24, 96
213.24, 96
213.45, 96
213.45, 96
213.45, 96
213.45, 96
214.89, 96
215.11, 96
215.11, 96
215.14, 96
215.15, 96
215.52, 96
216.12, 96
216.12, 96
216.13, 96
216.13, 96
216.13, 96
216.26, 96
216.26, 96
216.32, 96
216.59, 96
216.59, 96
216.78, 96
216.78, 96
216.78, 96
217.14, 96
217.58, 96
217.58, 96
217.73, 96
217.79, 96
217.83, 96
217.83, 96
217.83, 96
217.92, 96
217.92, 96
218.25, 96
218.25, 96
218.95, 96
218.95, 96
219.07, 96
219.55, 96
220.01, 96
220.04, 96
220.49, 96
220.49, 96
220.53, 96
221.42, 96
221.91, 96
222.17, 96
222.51, 96
222.73, 96
222.73, 96
224.04, 96
224.92, 96
225.23, 96
225.28, 96
225.28, 96
225.28, 96
225.43, 96
225.44, 96
225.79, 96
226.60, 96
226.90, 96
226.90, 96
227.39, 96
228.48, 96
228.48, 96
229.08, 96
229.08, 96
229.09, 96
229.17, 96
229.21, 96
229.48, 96
230.11, 96
230.70, 96
231.31, 96
231.78, 96
231.78, 96
231.82, 96
231.82, 96
232.34, 96
232.38, 96
232.39, 96
232.42, 96
232.71, 96
232.71, 96
232.83, 96
234.55, 96
234.75, 96
234.96, 96
235.19, 96
236.37, 96
236.37, 96
236.37, 96
237.28, 96
237.28, 96
237.28, 96
237.28, 96
237.31, 96
238.02, 96
238.15, 96
238.17, 96
240.39, 96
240.39, 96
240.54, 96
240.54, 96
240.71, 96
240.74, 96
241.32, 96
241.89, 96
241.89, 96
241.89, 96
243.19, 96
243.22, 96
243.22, 96
244.23, 96
244.23, 96
244.26, 96
244.45, 96
244.46, 96
244.97, 96
244.98, 96
244.98, 96
245.08, 96
245.38, 96
245.38, 96
246.65, 96
246.65, 96
246.71, 96
247.13, 96
247.43, 96
247.43, 96
247.48, 96
247.48, 96
247.94, 96
247.94, 96
247.94, 96
247.94, 96
247.94, 96
247.95, 96
248.08, 96
248.32, 96
248.95, 96
249.30, 96
249.30, 96
249.64, 96
249.95, 96
249.97, 96
250.30, 96
250.30, 96
250.38, 96
250.66, 96
251.34, 96
251.65, 96
251.65, 96
251.65, 96
252.14, 96
252.49, 96
252.66, 96
252.97, 96
252.97, 96
252.97, 96
252.97, 96
253.23, 96
253.33, 96
253.40, 96
253.40, 96
253.40, 96
253.79, 96
253.79, 96
253.79, 96
253.79, 96
253.79, 96
254.01, 96
254.02, 96
254.85, 96
254.85, 96
255.13, 96
255.17, 96
255.17, 96
255.26, 96
255.28, 96
255.34, 96
255.52, 96
256.45, 96
256.64, 96
257.11, 96
257.32, 96
257.58, 96
258.90, 96
258.90, 96
258.91, 96
258.91, 96
259.81, 96
259.81, 96
260.22, 96
260.37, 96
260.56, 96
261.21, 96
261.21, 96
261.21, 96
261.71, 96
263.03, 96
264.14, 96
264.30, 96
264.57, 96
264.57, 96
264.57, 96
264.80, 96
265.48, 96
265.56, 96
265.89, 96
266.29, 96
268.21, 96
268.70, 96
268.70, 96
268.70, 96
268.70, 96
268.70, 96
268.70, 96
268.71, 96
268.78, 96
268.83, 96
268.83, 96
268.83, 96
269.16, 96
269.21, 96
270.42, 96
270.42, 96
270.46, 96
270.47, 96
270.56, 96
270.91, 96
272.44, 96
272.74, 96
272.74, 96
273.07, 96
273.28, 96
273.57, 96
273.58, 96
273.58, 96
273.77, 96
273.92, 96
273.94, 96
273.96, 96
274.39, 96
274.39, 96
274.90, 96
275.37, 96
275.37, 96
275.41, 96
275.48, 96
275.48, 96
275.48, 96
275.48, 96
276.29, 96
276.30, 96
276.81, 96
276.81, 96
276.93, 96
278.03, 96
278.09, 96
278.10, 96
278.17, 96
278.69, 96
278.69, 96
278.92, 96
278.92, 96
278.93, 96
278.93, 96
279.71, 96
279.71, 96
279.71, 96
279.71, 96
279.71, 96
279.75, 96
279.75, 96
279.76, 96
281.17, 96
281.17, 96
281.44, 96
281.44, 96
282.57, 96
282.57, 96
282.57, 96
282.87, 96
283.68, 96
284.08, 96
284.09, 96
284.10, 96
284.85, 96
285.60, 96
285.63, 96
285.64, 96
285.95, 96
286.73, 96
286.74, 96
286.83, 96
287.43, 96
288.04, 96
288.19, 96
288.51, 96
289.26, 96
289.40, 96
290.03, 96
290.03, 96
290.03, 96
290.67, 96
290.76, 96
291.30, 96
291.30, 96
293.75, 96
294.17, 96
294.17, 96
294.17, 96
295.86, 96
295.86, 96
296.35, 96
297.18, 96
297.18, 96
297.46, 96
297.51, 96
297.51, 96
299.43, 96
300.56, 96
301.28, 96
301.58, 96
302.15, 96
302.57, 96
302.80, 96
302.81, 96
302.81, 96
302.81, 96
303.18, 96
303.51, 96
304.63, 96
305.70, 96
305.70, 96
305.70, 96
305.96, 96
306.64, 96
308.90, 96
309.09, 96
309.09, 96
310.05, 96
310.05, 96
310.06, 96
310.07, 96
310.07, 96
310.25, 96
310.25, 96
310.50, 96
310.50, 96
310.74, 96
311.57, 96
311.91, 96
313.51, 96
313.57, 96
314.54, 96
314.54, 96
314.54, 96
314.54, 96
314.68, 96
314.68, 96
314.72, 96
314.72, 96
314.73, 96
314.90, 96
315.30, 96
316.18, 96
316.29, 96
316.57, 96
317.65, 96
318.28, 96
318.61, 96
318.61, 96
318.72, 96
319.20, 96
319.62, 96
320.30, 96
321.55, 96
321.59, 96
321.60, 96
322.49, 96
322.57, 96
322.57, 96
323.17, 96
323.17, 96
323.17, 96
323.17, 96
323.17, 96
323.17, 96
323.17, 96
325.07, 96
325.07, 96
325.12, 96
325.59, 96
326.01, 96
326.01, 96
326.33, 96
326.33, 96
326.33, 96
326.33, 96
326.64, 96
327.36, 96
327.96, 96
328.02, 96
328.02, 96
328.02, 96
328.03, 96
328.03, 96
328.04, 96
329.23, 96
329.56, 96
329.57, 96
330.77, 96
331.61, 96
332.30, 96
332.30, 96
332.30, 96
332.41, 96
332.42, 96
332.90, 96
333.71, 96
333.71, 96
333.72, 96
333.72, 96
333.72, 96
334.01, 96
334.20, 96
334.70, 96
334.78, 96
334.81, 96
335.18, 96
335.90, 96
335.90, 96
336.36, 96
336.50, 96
337.64, 96
337.64, 96
338.07, 96
338.66, 96
339.31, 96
339.31, 96
339.34, 96
339.34, 96
339.74, 96
340.34, 96
340.35, 96
340.35, 96
340.67, 96
340.78, 96
340.78, 96
340.78, 96
341.99, 96
341.99, 96
341.99, 96
342.16, 96
342.29, 96
342.29, 96
342.29, 96
342.29, 96
342.29, 96
342.30, 96
342.30, 96
342.30, 96
342.30, 96
342.30, 96
343.20, 96
343.26, 96
343.46, 96
343.46, 96
343.67, 96
343.73, 96
344.60, 96
345.38, 96
345.41, 96
345.41, 96
345.72, 96
345.72, 96
347.15, 96
347.24, 96
347.24, 96
347.48, 96
347.91, 96
348.51, 96
349.07, 96
349.79, 96
351.88, 96
352.30, 96
354.09, 96
354.69, 96
355.80, 96
356.55, 96
356.55, 96
356.71, 96
357.00, 96
357.10, 96
358.12, 96
358.12, 96
358.12, 96
358.19, 96
358.55, 96
358.55, 96
358.66, 96
358.86, 96
359.52, 96
360.30, 96
360.30, 96
361.01, 96
361.55, 96
361.78, 96
361.78, 96
361.78, 96
361.78, 96
361.84, 96
361.84, 96
361.84, 96
361.84, 96
361.84, 96
361.84, 96
361.84, 96
362.60, 96
362.70, 96
362.81, 96
363.52, 96
363.52, 96
364.25, 96
364.26, 96
364.26, 96
365.39, 96
366.37, 96
366.37, 96
366.51, 96
366.51, 96
366.52, 96
367.45, 96
367.73, 96
368.01, 96
368.01, 96
368.68, 96
368.68, 96
368.68, 96
368.69, 96
368.85, 96
369.41, 96
369.41, 96
369.41, 96
369.71, 96
369.71, 96
369.73, 96
369.73, 96
369.83, 96
369.83, 96
369.83, 96
370.61, 96
371.55, 96
371.55, 96
372.07, 96
372.51, 96
372.52, 96
372.52, 96
372.52, 96
373.31, 96
373.31, 96
373.57, 96
374.09, 96
374.09, 96
374.09, 96
374.77, 96
374.77, 96
375.62, 96
375.62, 96
375.62, 96
375.62, 96
377.10, 96
377.28, 96
377.28, 96
378.17, 96
379.53, 96
379.86, 96
379.86, 96
379.86, 96
380.40, 96
381.26, 96
381.43, 96
381.84, 96
382.02, 96
382.02, 96
382.12, 96
382.40, 96
382.40, 96
382.65, 96
382.65, 96
383.50, 96
383.50, 96
383.69, 96
383.69, 96
383.82, 96
384.14, 96
384.86, 96
385.04, 96
385.05, 96
385.05, 96
385.05, 96
385.14, 96
385.42, 96
385.43, 96
385.88, 96
386.24, 96
388.20, 96
388.20, 96
388.29, 96
388.52, 96
388.52, 96
388.77, 96
389.06, 96
389.40, 96
389.51, 96
389.54, 96
390.32, 96
390.62, 96
390.62, 96
390.70, 96
390.70, 96
391.50, 96
391.73, 96
391.73, 96
391.73, 96
391.73, 96
391.73, 96
391.73, 96
391.76, 96
391.82, 96
391.96, 96
392.57, 96
392.79, 96
392.79, 96
392.80, 96
392.80, 96
392.80, 96
392.80, 96
392.82, 96
395.91, 96
395.91, 96
395.91, 96
395.91, 96
395.91, 96
396.14, 96
396.14, 96
396.14, 96
396.20, 96
396.20, 96
396.58, 96
396.96, 96
396.96, 96
397.18, 96
397.19, 96
397.19, 96
397.30, 96
397.46, 96
397.46, 96
397.47, 96
398.10, 96
399.87, 96
399.93, 96
400.49, 96
400.49, 96
401.16, 96
402.36, 96
402.59, 96
402.72, 96
403.33, 96
403.38, 96
403.38, 96
403.52, 96
403.52, 96
404.32, 96
404.32, 96
404.32, 96
405.22, 96
405.22, 96
406.28, 96
406.28, 96
406.29, 96
406.29, 96
406.29, 96
406.54, 96
406.55, 96
406.90, 96
407.08, 96
407.09, 96
407.09, 96
409.42, 96
410.07, 96
410.07, 96
410.07, 96
410.07, 96
410.07, 96
410.37, 96
410.37, 96
410.42, 96
410.55, 96
410.74, 96
411.09, 96
411.09, 96
411.09, 96
411.47, 96
411.88, 96
413.15, 96
413.15, 96
414.12, 96
414.98, 96
415.26, 96
415.90, 96
415.90, 96
416.28, 96
417.54, 96
417.54, 96
417.54, 96
417.60, 96
417.60, 96
417.60, 96
417.60, 96
417.60, 96
417.60, 96
417.60, 96
417.61, 96
417.61, 96
417.61, 96
417.86, 96
417.86, 96
417.87, 96
418.25, 96
418.62, 96
418.84, 96
419.19, 96
419.46, 96
419.46, 96
419.52, 96
420.16, 96
421.82, 96
422.07, 96
422.76, 96
422.76, 96
422.76, 96
422.76, 96
423.53, 96
423.53, 96
423.53, 96
423.53, 96
424.43, 96
424.43, 96
424.43, 96
424.48, 96
424.48, 96
424.48, 96
424.48, 96
424.50, 96
424.50, 96
424.68, 96
424.79, 96
424.79, 96
424.79, 96
424.92, 96
425.05, 96
426.02, 96
426.65, 96
426.96, 96
427.62, 96
427.62, 96
427.80, 96
427.89, 96
427.89, 96
428.87, 96
428.95, 96
428.95, 96
429.72, 96
431.28, 96
432.01, 96
432.01, 96
432.10, 96
432.95, 96
432.95, 96
432.95, 96
433.57, 96
433.58, 96
433.70, 96
433.71, 96
433.83, 96
433.83, 96
434.35, 96
434.35, 96
434.35, 96
434.36, 96
434.36, 96
434.37, 96
434.37, 96
434.70, 96
434.70, 96
435.23, 96
436.35, 96
436.83, 96
437.44, 96
437.58, 96
437.58, 96
438.20, 96
438.34, 96
438.34, 96
438.34, 96
438.34, 96
438.45, 96
438.45, 96
438.54, 96
438.56, 96
439.23, 96
439.23, 96
439.23, 96
439.28, 96
439.28, 96
439.39, 96
439.39, 96
440.22, 96
440.56, 96
441.02, 96
441.22, 96
441.68, 96
441.68, 96
441.76, 96
441.77, 96
441.78, 96
441.78, 96
441.97, 96
442.57, 96
443.96, 96
444.20, 96
444.20, 96
444.20, 96
444.37, 96
445.77, 96
446.28, 96
446.34, 96
446.34, 96
446.34, 96
446.35, 96
446.51, 96
446.64, 96
446.64, 96
446.81, 96
446.91, 96
447.37, 96
447.52, 96
447.52, 96
447.52, 96
447.52, 96
447.52, 96
447.52, 96
447.64, 96
447.95, 96
447.95, 96
447.95, 96
448.73, 96
449.47, 96
449.52, 96
449.56, 96
450.28, 96
451.06, 96
451.09, 96
451.44, 96
451.48, 96
451.48, 96
451.64, 96
451.64, 96
452.32, 96
452.51, 96
452.77, 96
453.93, 96
453.97, 96
454.04, 96
454.04, 96
454.53, 96
454.98, 96
454.98, 96
455.46, 96
455.46, 96
455.46, 96
455.46, 96
455.46, 96
455.46, 96
455.47, 96
455.47, 96
455.47, 96
455.71, 96
455.83, 96
455.94, 96
455.94, 96
456.68, 96
457.63, 96
457.63, 96
457.64, 96
457.65, 96
457.80, 96
458.38, 96
458.59, 96
458.59, 96
458.79, 96
458.79, 96
459.22, 96
460.09, 96
460.40, 96
460.40, 96
460.71, 96
460.71, 96
461.22, 96
461.23, 96
461.23, 96
461.24, 96
461.40, 96
461.40, 96
461.41, 96
461.41, 96
461.45, 96
461.66, 96
461.66, 96
461.66, 96
461.66, 96
462.59, 96
462.74, 96
462.74, 96
463.29, 96
463.29, 96
463.40, 96
463.40, 96
463.41, 96
463.41, 96
463.41, 96
465.10, 96
465.10, 96
465.13, 96
465.53, 96
465.53, 96
465.99, 96
465.99, 96
466.33, 96
466.70, 96
467.74, 96
468.49, 96
468.49, 96
469.97, 96
469.97, 96
470.17, 96
470.17, 96
470.42, 96
470.67, 96
470.67, 96
471.09, 96
471.18, 96
471.18, 96
471.18, 96
471.18, 96
471.37, 96
471.53, 96
472.04, 96
472.04, 96
472.04, 96
472.04, 96
472.28, 96
472.46, 96
472.82, 96
472.82, 96
473.64, 96
474.06, 96
475.01, 96
475.16, 96
475.16, 96
475.82, 96
475.99, 96
475.99, 96
475.99, 96
476.24, 96
477.12, 96
477.12, 96
477.12, 96
477.12, 96
477.12, 96
478.21, 96
478.66, 96
478.93, 96
478.93, 96
478.96, 96
480.28, 96
480.28, 96
480.28, 96
480.33, 96
482.34, 96
482.34, 96
482.34, 96
482.50, 96
483.06, 96
483.06, 96
483.06, 96
483.13, 96
483.53, 96
483.53, 96
483.53, 96
483.65, 96
483.67, 96
483.81, 96
484.26, 96
484.47, 96
484.48, 96
484.88, 96
485.48, 96
485.69, 96
485.94, 96
485.98, 96
486.61, 96
486.75, 96
486.75, 96
486.75, 96
486.96, 96
488.01, 96
488.01, 96
488.68, 96
488.68, 96
488.69, 96
488.69, 96
488.69, 96
488.69, 96
489.50, 96
490.20, 96
490.20, 96
491.56, 96
491.56, 96
491.56, 96
491.72, 96
491.83, 96
492.20, 96
493.66, 96
493.67, 96
494.16, 96
494.25, 96
494.87, 96
494.87, 96
495.37, 96
496.78, 96
496.78, 96
496.82, 96
496.94, 96
496.94, 96
496.94, 96
496.94, 96
496.94, 96
497.04, 96
497.17, 96
497.42, 96
497.50, 96
498.18, 96
498.21, 96
498.73, 96
499.07, 96
499.16, 96
499.16, 96
499.32, 96
499.92, 96
500.14, 96
500.34, 96
500.53, 96
500.53, 96
501.41, 96
501.41, 96
501.41, 96
501.41, 96
501.60, 96
501.90, 96
501.90, 96
502.50, 96
502.50, 96
502.89, 96
502.89, 96
504.00, 96
504.00, 96
504.45, 96
505.26, 96
505.26, 96
505.97, 96
505.97, 96
506.29, 96
506.31, 96
506.31, 96
506.37, 96
506.48, 96
508.00, 96
508.00, 96
508.01, 96
508.42, 96
508.79, 96
509.00, 96
509.07, 96
509.10, 96
509.10, 96
509.43, 96
509.53, 96
509.73, 96
510.24, 96
510.42, 96
510.42, 96
510.77, 96
511.02, 96
511.02, 96
511.06, 96
512.46, 96
512.46, 96
512.46, 96
512.59, 96
512.59, 96
513.31, 96
513.56, 96
513.66, 96
513.67, 96
514.78, 96
514.86, 96
515.15, 96
516.86, 96
517.48, 96
517.73, 96
517.73, 96
517.73, 96
517.81, 96
517.81, 96
518.03, 96
518.03, 96
518.03, 96
518.04, 96
518.05, 96
518.05, 96
518.25, 96
518.25, 96
518.36, 96
518.88, 96
519.76, 96
519.80, 96
519.85, 96
519.85, 96
520.39, 96
520.73, 96
520.73, 96
521.13, 96
521.13, 96
521.15, 96
522.91, 96
522.92, 96
522.92, 96
523.76, 96
524.09, 96
524.56, 96
524.73, 96
524.92, 96
524.92, 96
525.07, 96
525.28, 96
525.47, 96
525.47, 96
525.94, 96
525.94, 96
525.94, 96
526.06, 96
526.06, 96
526.47, 96
526.65, 96
526.69, 96
526.69, 96
526.92, 96
526.99, 96
527.02, 96
527.02, 96
527.02, 96
527.03, 96
527.03, 96
527.03, 96
527.63, 96
528.16, 96
528.16, 96
528.23, 96
528.23, 96
528.23, 96
528.47, 96
528.99, 96
529.96, 96
531.97, 96
532.05, 96
532.56, 96
533.04, 96
533.11, 96
536.47, 96
536.47, 96
536.70, 96
537.72, 96
537.72, 96
537.79, 96
538.12, 96
538.24, 96
538.55, 96
538.55, 96
538.56, 96
538.56, 96
539.24, 96
539.66, 96
539.66, 96
539.66, 96
539.93, 96
539.93, 96
540.06, 96
540.06, 96
540.06, 96
540.30, 96
541.17, 96
541.35, 96
541.35, 96
541.73, 96
541.73, 96
542.41, 96
542.41, 96
542.61, 96
542.69, 96
542.69, 96
543.35, 96
543.45, 96
543.45, 96
543.77, 96
543.78, 96
543.78, 96
543.78, 96
543.91, 96
543.94, 96
544.26, 96
544.33, 96
544.33, 96
544.33, 96
544.33, 96
544.38, 96
544.39, 96
544.39, 96
544.39, 96
544.84, 96
545.07, 96
545.17, 96
545.17, 96
545.26, 96
545.87, 96
546.05, 96
546.05, 96
546.06, 96
546.48, 96
546.48, 96
546.70, 96
546.70, 96
546.81, 96
546.81, 96
546.83, 96
546.84, 96
546.88, 96
546.88, 96
546.88, 96
547.21, 96
547.40, 96
548.32, 96
548.63, 96
549.19, 96
549.19, 96
549.24, 96
549.24, 96
549.46, 96
549.46, 96
549.46, 96
549.50, 96
551.18, 96
551.43, 96
551.52, 96
551.59, 96
551.73, 96
552.87, 96
554.09, 96
555.22, 96
555.22, 96
555.81, 96
555.81, 96
555.81, 96
555.83, 96
555.83, 96
555.87, 96
555.94, 96
555.94, 96
556.49, 96
556.70, 96
556.70, 96
556.70, 96
557.15, 96
557.15, 96
558.03, 96
558.03, 96
558.03, 96
558.04, 96
558.10, 96
558.30, 96
558.30, 96
558.36, 96
558.92, 96
558.92, 96
558.92, 96
558.92, 96
559.11, 96
560.41, 96
560.47, 96
561.21, 96
561.64, 96
561.88, 96
562.13, 96
562.45, 96
562.45, 96
562.51, 96
562.51, 96
562.51, 96
563.49, 96
563.58, 96
564.03, 96
564.12, 96
564.12, 96
564.47, 96
564.47, 96
564.64, 96
564.94, 96
565.16, 96
565.16, 96
565.91, 96
565.91, 96
565.95, 96
566.03, 96
566.03, 96
566.26, 96
567.16, 96
567.21, 96
567.21, 96
567.21, 96
567.85, 96
569.17, 96
569.96, 96
570.54, 96
571.04, 96
571.04, 96
571.29, 96
571.34, 96
571.34, 96
571.94, 96
571.94, 96
572.37, 96
572.93, 96
573.16, 96
573.16, 96
574.80, 96
575.60, 96
575.75, 96
576.41, 96
576.59, 96
577.41, 96
577.41, 96
577.58, 96
577.58, 96
577.60, 96
577.60, 96
578.51, 96
578.51, 96
578.73, 96
579.22, 96
579.22, 96
579.22, 96
579.63, 96
579.64, 96
579.75, 96
580.62, 96
580.62, 96
580.80, 96
581.28, 96
582.86, 96
583.06, 96
583.06, 96
583.20, 96
583.31, 96
583.31, 96
583.39, 96
583.39, 96
583.39, 96
583.56, 96
584.21, 96
584.55, 96
584.55, 96
585.29, 96
585.29, 96
585.42, 96
585.87, 96
585.87, 96
585.87, 96
585.87, 96
586.28, 96
586.28, 96
586.46, 96
586.46, 96
588.60, 96
589.35, 96
589.35, 96
589.36, 96
589.36, 96
590.47, 96
590.47, 96
590.50, 96
590.50, 96
590.50, 96
590.51, 96
590.52, 96
590.52, 96
590.56, 96
590.87, 96
592.04, 96
592.20, 96
592.20, 96
592.20, 96
592.71, 96
592.99, 96
593.00, 96
593.00, 96
593.00, 96
593.86, 96
593.86, 96
596.20, 96
596.20, 96
596.62, 96
596.75, 96
596.75, 96
596.90, 96
596.90, 96
597.02, 96
597.02, 96
597.17, 96
597.17, 96
597.17, 96
597.17, 96
597.17, 96
598.00, 96
598.00, 96
598.33, 96
598.33, 96
598.33, 96
598.33, 96
598.34, 96
598.34, 96
598.68, 96
598.68, 96
599.81, 96
