0.00, 102
0.01, 99
0.01, 99
0.01, 99
0.01, 99
0.01, 98
0.01, 98
0.01, 98
0.01, 98
0.02, 98
0.02, 97
0.04, 97
0.05, 97
0.07, 97
0.10, 97
0.10, 97
0.13, 97
0.14, 97
0.14, 97
0.30, 97
0.30, 97
0.36, 97
0.37, 97
0.37, 97
0.37, 97
0.42, 97
0.42, 97
0.43, 97
0.50, 97
0.50, 97
0.50, 97
0.54, 97
0.57, 97
0.57, 97
0.61, 97
0.61, 97
0.61, 97
0.61, 97
0.61, 97
0.61, 97
0.61, 97
0.61, 97
0.66, 97
0.66, 97
0.66, 97
0.66, 96
1.39, 96
2.47, 96
2.58, 96
2.64, 96
2.64, 96
3.66, 96
5.96, 96
6.30, 96
6.91, 96
6.95, 96
7.09, 96
7.09, 96
7.51, 96
8.27, 96
8.29, 96
8.30, 96
8.45, 96
8.45, 96
9.67, 96
9.92, 96
9.92, 96
10.14, 96
10.81, 96
11.91, 96
12.01, 96
13.39, 96
13.39, 96
13.67, 96
13.67, 96
14.13, 96
14.31, 96
14.31, 96
14.72, 96
14.73, 96
15.08, 96
15.08, 96
15.08, 96
15.45, 96
15.55, 96
15.58, 96
15.61, 96
15.63, 96
16.65, 96
16.65, 96
16.73, 96
16.73, 96
16.89, 96
16.89, 96
17.09, 96
17.09, 96
17.10, 96
17.39, 96
17.39, 96
18.02, 96
18.02, 96
18.02, 96
18.03, 96
18.03, 96
18.03, 96
18.03, 96
18.92, 96
18.92, 96
18.93, 96
19.49, 96
19.70, 96
19.70, 96
19.70, 96
20.15, 96
21.01, 96
21.69, 96
21.71, 96
22.48, 96
24.81, 96
24.81, 96
24.99, 96
25.05, 96
25.06, 96
25.06, 96
25.46, 96
25.56, 96
25.87, 96
26.38, 96
26.67, 96
26.67, 96
26.88, 96
26.98, 96
27.06, 96
27.11, 96
27.16, 96
27.16, 96
27.25, 96
28.90, 96
29.16, 96
29.16, 96
29.17, 96
29.98, 96
31.13, 96
31.18, 96
31.18, 96
31.18, 96
31.18, 96
31.43, 96
31.80, 96
32.04, 96
32.05, 96
32.05, 96
32.56, 96
32.56, 96
32.74, 96
34.52, 96
34.61, 96
35.11, 96
35.12, 96
35.25, 96
35.76, 96
35.77, 96
35.77, 96
35.96, 96
36.11, 96
36.14, 96
37.00, 96
37.00, 96
37.00, 96
37.00, 96
37.00, 96
37.06, 96
38.17, 96
38.84, 96
38.84, 96
39.11, 96
39.22, 96
40.41, 96
40.41, 96
40.41, 96
40.41, 96
40.41, 96
40.46, 96
40.75, 96
40.80, 96
41.47, 96
41.47, 96
41.55, 96
42.20, 96
42.40, 96
42.40, 96
42.53, 96
42.72, 96
44.26, 96
45.16, 96
45.16, 96
45.32, 96
45.34, 96
45.39, 96
45.39, 96
45.89, 96
45.95, 96
45.95, 96
46.05, 96
46.05, 96
46.05, 96
46.11, 96
46.12, 96
46.12, 96
46.34, 96
46.36, 96
46.36, 96
46.60, 96
46.60, 96
47.11, 96
47.27, 96
47.74, 96
48.46, 96
48.50, 96
49.57, 96
50.85, 96
50.86, 96
51.15, 96
51.34, 96
51.99, 96
52.96, 96
52.96, 96
52.96, 96
53.26, 96
53.26, 96
53.40, 96
53.40, 96
53.40, 96
53.94, 96
53.94, 96
54.56, 96
54.59, 96
54.62, 96
55.14, 96
55.14, 96
55.27, 96
55.27, 96
56.20, 96
56.55, 96
56.55, 96
56.55, 96
56.56, 96
56.59, 96
56.73, 96
56.77, 96
56.77, 96
57.00, 96
57.00, 96
57.00, 96
57.00, 96
57.00, 96
57.00, 96
57.56, 96
57.57, 96
57.57, 96
58.30, 96
58.30, 96
58.88, 96
58.89, 96
59.54, 96
59.65, 96
59.65, 96
59.77, 96
59.77, 96
59.77, 96
59.77, 96
60.24, 96
60.24, 96
60.56, 96
60.56, 96
60.83, 96
60.83, 96
61.83, 96
61.83, 96
61.83, 96
61.83, 96
61.83, 96
62.07, 96
62.07, 96
63.20, 96
63.20, 96
63.62, 96
63.90, 96
63.90, 96
64.69, 96
64.98, 96
64.98, 96
65.33, 96
65.66, 96
66.84, 96
67.22, 96
67.22, 96
67.77, 96
67.92, 96
68.34, 96
68.34, 96
68.64, 96
69.19, 96
69.19, 96
69.19, 96
69.52, 96
70.30, 96
72.40, 96
72.49, 96
72.49, 96
72.96, 96
72.96, 96
73.31, 96
73.44, 96
73.45, 96
73.74, 96
74.14, 96
74.14, 96
74.14, 96
74.14, 96
75.36, 96
75.47, 96
75.80, 96
76.91, 96
77.45, 96
77.99, 96
78.48, 96
78.48, 96
78.82, 96
79.50, 96
79.51, 96
79.75, 96
79.75, 96
80.70, 96
80.70, 96
81.16, 96
81.32, 96
81.36, 96
81.36, 96
81.36, 96
81.50, 96
81.82, 96
82.70, 96
82.70, 96
82.70, 96
82.80, 96
82.80, 96
82.80, 96
82.80, 96
82.80, 96
82.80, 96
82.91, 96
82.91, 96
84.58, 96
84.58, 96
84.58, 96
84.59, 96
85.35, 96
85.59, 96
85.71, 96
86.51, 96
86.51, 96
86.86, 96
86.98, 96
87.24, 96
87.33, 96
87.51, 96
87.51, 96
87.96, 96
88.31, 96
88.47, 96
88.56, 96
88.78, 96
88.78, 96
89.62, 96
89.62, 96
89.64, 96
91.20, 96
91.20, 96
91.23, 96
92.11, 96
92.11, 96
92.11, 96
92.57, 96
92.97, 96
93.70, 96
93.70, 96
94.28, 96
95.65, 96
96.54, 96
96.55, 96
96.81, 96
97.31, 96
97.31, 96
99.57, 96
99.59, 96
99.59, 96
100.02, 96
100.29, 96
100.29, 96
100.30, 96
100.31, 96
100.38, 96
100.47, 96
100.47, 96
100.47, 96
102.03, 96
102.03, 96
102.24, 96
102.24, 96
102.25, 96
102.84, 96
103.46, 96
103.47, 96
103.55, 96
103.59, 96
103.59, 96
103.59, 96
103.59, 96
104.14, 96
105.98, 96
105.98, 96
106.60, 96
106.60, 96
106.60, 96
106.64, 96
106.65, 96
106.65, 96
106.75, 96
106.75, 96
107.01, 96
107.48, 96
107.60, 96
108.24, 96
108.39, 96
108.39, 96
108.39, 96
108.39, 96
108.40, 96
108.95, 96
108.95, 96
108.95, 96
108.95, 96
108.95, 96
109.39, 96
109.39, 96
110.67, 96
110.67, 96
111.49, 96
111.49, 96
111.71, 96
112.02, 96
113.70, 96
114.58, 96
114.58, 96
114.58, 96
114.58, 96
114.58, 96
114.58, 96
115.95, 96
115.95, 96
115.95, 96
116.21, 96
116.22, 96
116.22, 96
116.22, 96
116.33, 96
116.52, 96
116.52, 96
116.52, 96
116.52, 96
116.52, 96
116.52, 96
117.10, 96
117.10, 96
118.86, 96
118.86, 96
118.87, 96
120.24, 96
120.47, 96
120.65, 96
121.03, 96
121.03, 96
121.03, 96
121.16, 96
121.16, 96
121.16, 96
121.16, 96
121.18, 96
121.18, 96
121.78, 96
122.03, 96
122.42, 96
122.46, 96
122.46, 96
123.10, 96
123.32, 96
123.97, 96
124.33, 96
124.73, 96
124.78, 96
124.78, 96
124.78, 96
124.78, 96
125.21, 96
125.52, 96
125.53, 96
125.53, 96
125.53, 96
125.53, 96
125.54, 96
125.78, 96
125.78, 96
125.81, 96
125.89, 96
125.90, 96
125.91, 96
126.29, 96
126.72, 96
126.72, 96
127.04, 96
127.85, 96
127.86, 96
128.66, 96
128.79, 96
128.79, 96
128.94, 96
129.06, 96
129.07, 96
129.07, 96
129.98, 96
130.20, 96
130.81, 96
130.81, 96
130.99, 96
131.79, 96
131.79, 96
131.86, 96
132.34, 96
132.54, 96
132.54, 96
132.94, 96
132.95, 96
133.54, 96
133.54, 96
134.11, 96
134.56, 96
134.56, 96
134.56, 96
134.56, 96
135.85, 96
135.86, 96
136.29, 96
136.81, 96
137.36, 96
137.41, 96
137.41, 96
137.51, 96
137.69, 96
138.45, 96
139.16, 96
139.55, 96
139.55, 96
139.80, 96
140.66, 96
141.63, 96
141.63, 96
142.66, 96
142.97, 96
143.15, 96
143.53, 96
144.08, 96
144.09, 96
144.54, 96
144.97, 96
144.98, 96
145.05, 96
146.08, 96
146.16, 96
146.16, 96
146.75, 96
147.09, 96
147.09, 96
147.09, 96
147.24, 96
147.25, 96
147.37, 96
147.41, 96
147.41, 96
147.41, 96
147.92, 96
147.92, 96
148.58, 96
148.58, 96
148.76, 96
148.76, 96
148.77, 96
148.77, 96
149.38, 96
149.38, 96
149.38, 96
149.42, 96
149.45, 96
150.12, 96
150.12, 96
150.12, 96
150.12, 96
150.12, 96
150.13, 96
150.25, 96
150.25, 96
150.26, 96
150.26, 96
150.42, 96
150.91, 96
151.89, 96
151.89, 96
152.58, 96
152.58, 96
153.02, 96
153.02, 96
153.02, 96
153.06, 96
153.06, 96
153.06, 96
153.23, 96
153.50, 96
153.58, 96
154.20, 96
154.20, 96
154.30, 96
154.75, 96
154.87, 96
155.06, 96
155.74, 96
156.20, 96
156.47, 96
157.39, 96
157.48, 96
157.48, 96
157.84, 96
157.84, 96
157.84, 96
157.94, 96
158.05, 96
158.05, 96
158.18, 96
158.33, 96
158.33, 96
158.33, 96
158.34, 96
159.37, 96
159.37, 96
159.37, 96
159.41, 96
159.41, 96
159.41, 96
159.41, 96
161.04, 96
161.09, 96
161.09, 96
161.42, 96
162.70, 96
162.87, 96
163.10, 96
164.49, 96
164.94, 96
165.16, 96
166.23, 96
166.29, 96
166.29, 96
166.45, 96
167.70, 96
167.70, 96
167.97, 96
168.10, 96
169.12, 96
169.50, 96
169.50, 96
169.79, 96
170.16, 96
170.82, 96
170.82, 96
170.83, 96
170.84, 96
171.23, 96
171.23, 96
171.24, 96
171.24, 96
171.78, 96
172.21, 96
172.24, 96
172.24, 96
173.31, 96
173.51, 96
173.71, 96
173.99, 96
174.00, 96
174.00, 96
174.52, 96
174.52, 96
174.52, 96
175.11, 96
175.33, 96
175.33, 96
175.77, 96
176.01, 96
178.09, 96
178.15, 96
178.16, 96
178.62, 96
179.00, 96
179.65, 96
180.41, 96
180.42, 96
180.42, 96
180.42, 96
180.46, 96
180.46, 96
180.83, 96
181.45, 96
181.71, 96
182.48, 96
182.48, 96
183.05, 96
183.09, 96
183.66, 96
184.07, 96
184.07, 96
184.33, 96
184.33, 96
184.33, 96
184.87, 96
184.87, 96
184.97, 96
185.23, 96
185.66, 96
185.66, 96
185.66, 96
185.66, 96
185.71, 96
186.06, 96
186.27, 96
186.28, 96
186.44, 96
186.99, 96
186.99, 96
186.99, 96
186.99, 96
186.99, 96
187.63, 96
187.63, 96
187.76, 96
187.88, 96
187.88, 96
188.37, 96
188.37, 96
188.50, 96
188.50, 96
188.50, 96
188.51, 96
188.51, 96
188.80, 96
189.21, 96
189.21, 96
189.21, 96
189.21, 96
189.26, 96
189.50, 96
189.73, 96
190.24, 96
190.41, 96
190.62, 96
190.62, 96
190.77, 96
190.78, 96
190.78, 96
190.92, 96
190.92, 96
190.92, 96
191.00, 96
191.01, 96
191.18, 96
191.75, 96
191.75, 96
191.75, 96
191.75, 96
191.95, 96
191.95, 96
194.41, 96
194.41, 96
194.60, 96
195.46, 96
195.46, 96
195.46, 96
195.68, 96
195.68, 96
195.76, 96
195.79, 96
196.00, 96
196.00, 96
196.00, 96
196.00, 96
196.13, 96
196.13, 96
196.34, 96
197.03, 96
197.04, 96
198.06, 96
198.07, 96
198.55, 96
199.39, 96
199.60, 96
199.78, 96
199.78, 96
200.14, 96
200.14, 96
200.14, 96
200.16, 96
200.16, 96
200.16, 96
200.85, 96
200.85, 96
201.23, 96
202.54, 96
202.62, 96
202.62, 96
202.62, 96
202.62, 96
203.69, 96
204.10, 96
204.56, 96
204.56, 96
204.64, 96
204.64, 96
204.64, 96
205.62, 96
207.70, 96
207.70, 96
207.70, 96
207.70, 96
207.98, 96
207.99, 96
208.56, 96
208.84, 96
209.02, 96
209.19, 96
210.91, 96
210.91, 96
211.79, 96
212.10, 96
212.10, 96
212.10, 96
212.11, 96
212.23, 96
212.26, 96
212.69, 96
212.70, 96
212.70, 96
212.70, 96
212.70, 96
212.75, 96
212.76, 96
212.76, 96
213.01, 96
213.01, 96
213.02, 96
213.29, 96
213.79, 96
213.79, 96
214.47, 96
214.47, 96
214.47, 96
214.47, 96
214.57, 96
214.57, 96
214.57, 96
214.67, 96
214.67, 96
214.67, 96
214.67, 96
214.67, 96
215.07, 96
215.08, 96
215.08, 96
215.23, 96
215.23, 96
215.83, 96
216.03, 96
216.03, 96
216.03, 96
216.03, 96
216.24, 96
216.25, 96
216.25, 96
216.25, 96
217.79, 96
217.99, 96
217.99, 96
218.02, 96
218.02, 96
218.41, 96
219.02, 96
219.02, 96
219.03, 96
219.03, 96
219.03, 96
219.13, 96
219.13, 96
219.19, 96
219.43, 96
219.43, 96
219.64, 96
219.64, 96
219.64, 96
219.99, 96
220.41, 96
220.41, 96
220.55, 96
220.60, 96
220.63, 96
220.64, 96
220.64, 96
220.73, 96
220.74, 96
221.02, 96
221.02, 96
221.75, 96
221.75, 96
221.82, 96
222.33, 96
222.88, 96
222.92, 96
223.35, 96
223.35, 96
223.39, 96
224.22, 96
224.71, 96
224.99, 96
225.34, 96
225.54, 96
225.54, 96
226.93, 96
227.96, 96
228.24, 96
228.30, 96
228.31, 96
228.31, 96
228.46, 96
228.46, 96
228.81, 96
229.48, 96
229.78, 96
229.78, 96
230.27, 96
231.36, 96
231.37, 96
231.95, 96
231.95, 96
231.95, 96
232.01, 96
232.06, 96
232.38, 96
233.06, 96
233.64, 96
234.18, 96
234.63, 96
234.63, 96
234.66, 96
234.66, 96
235.15, 96
235.19, 96
235.19, 96
235.22, 96
235.48, 96
235.48, 96
235.60, 96
237.47, 96
237.70, 96
237.92, 96
238.17, 96
239.25, 96
239.26, 96
239.26, 96
240.22, 96
240.22, 96
240.22, 96
240.23, 96
240.24, 96
240.94, 96
241.06, 96
241.08, 96
243.39, 96
243.39, 96
243.58, 96
243.59, 96
243.75, 96
243.78, 96
244.27, 96
244.85, 96
244.85, 96
244.85, 96
246.16, 96
246.19, 96
246.19, 96
247.21, 96
247.21, 96
247.26, 96
247.49, 96
247.50, 96
248.05, 96
248.05, 96
248.05, 96
248.15, 96
248.45, 96
248.45, 96
249.68, 96
249.69, 96
249.73, 96
250.14, 96
250.43, 96
250.43, 96
250.50, 96
250.50, 96
250.98, 96
250.98, 96
250.98, 96
250.98, 96
250.98, 96
250.99, 96
251.11, 96
251.40, 96
252.06, 96
252.42, 96
252.42, 96
252.82, 96
253.13, 96
253.15, 96
253.44, 96
253.44, 96
253.50, 96
253.79, 96
254.39, 96
254.67, 96
254.67, 96
254.67, 96
255.20, 96
255.55, 96
255.71, 96
256.01, 96
256.02, 96
256.02, 96
256.02, 96
256.25, 96
256.34, 96
256.43, 96
256.43, 96
256.43, 96
256.79, 96
256.79, 96
256.79, 96
256.79, 96
256.79, 96
257.04, 96
257.04, 96
258.00, 96
258.00, 96
258.30, 96
258.34, 96
258.34, 96
258.42, 96
258.42, 96
258.49, 96
258.67, 96
259.54, 96
259.73, 96
260.26, 96
260.47, 96
260.69, 96
262.13, 96
262.13, 96
262.13, 96
262.13, 96
263.07, 96
263.08, 96
263.47, 96
263.62, 96
263.80, 96
264.41, 96
264.41, 96
264.41, 96
264.91, 96
266.33, 96
267.34, 96
267.52, 96
267.81, 96
267.81, 96
267.81, 96
268.03, 96
268.74, 96
268.80, 96
269.16, 96
269.52, 96
271.44, 96
271.91, 96
271.91, 96
271.91, 96
271.91, 96
271.91, 96
271.91, 96
271.91, 96
271.97, 96
272.01, 96
272.01, 96
272.01, 96
272.30, 96
272.35, 96
273.66, 96
273.66, 96
273.71, 96
273.71, 96
273.81, 96
274.14, 96
275.68, 96
275.99, 96
275.99, 96
276.34, 96
276.57, 96
276.87, 96
276.88, 96
276.88, 96
277.06, 96
277.19, 96
277.22, 96
277.24, 96
277.77, 96
277.78, 96
278.28, 96
278.73, 96
278.73, 96
278.76, 96
278.83, 96
278.83, 96
278.83, 96
278.83, 96
279.60, 96
279.61, 96
280.07, 96
280.07, 96
280.17, 96
281.25, 96
281.34, 96
281.34, 96
281.42, 96
281.95, 96
281.96, 96
282.20, 96
282.20, 96
282.20, 96
282.20, 96
283.13, 96
283.13, 96
283.13, 96
283.14, 96
283.14, 96
283.20, 96
283.20, 96
283.20, 96
284.66, 96
284.66, 96
284.95, 96
284.96, 96
286.07, 96
286.08, 96
286.08, 96
286.38, 96
287.18, 96
287.58, 96
287.59, 96
287.59, 96
288.35, 96
289.08, 96
289.12, 96
289.13, 96
289.44, 96
290.23, 96
290.23, 96
290.33, 96
290.91, 96
291.54, 96
291.67, 96
291.99, 96
292.77, 96
292.90, 96
293.53, 96
293.53, 96
293.53, 96
294.16, 96
294.24, 96
294.73, 96
294.73, 96
296.89, 96
297.33, 96
297.33, 96
297.33, 96
299.07, 96
299.08, 96
299.47, 96
300.35, 96
300.35, 96
300.68, 96
300.73, 96
300.73, 96
302.78, 96
304.10, 96
304.83, 96
305.21, 96
305.83, 96
306.25, 96
306.50, 96
306.51, 96
306.51, 96
306.51, 96
306.92, 96
307.27, 96
308.43, 96
309.52, 96
309.53, 96
309.53, 96
309.89, 96
310.66, 96
312.95, 96
313.10, 96
313.10, 96
314.05, 96
314.06, 96
314.06, 96
314.07, 96
314.07, 96
314.26, 96
314.26, 96
314.51, 96
314.52, 96
314.75, 96
315.58, 96
315.92, 96
317.50, 96
317.58, 96
318.61, 96
318.62, 96
318.62, 96
318.62, 96
318.74, 96
318.74, 96
318.78, 96
318.78, 96
318.78, 96
318.95, 96
319.36, 96
320.15, 96
320.25, 96
320.52, 96
321.68, 96
322.35, 96
322.79, 96
322.79, 96
322.89, 96
323.35, 96
323.81, 96
324.43, 96
325.52, 96
325.55, 96
325.55, 96
326.59, 96
326.67, 96
326.67, 96
327.16, 96
327.16, 96
327.16, 96
327.16, 96
327.17, 96
327.17, 96
327.17, 96
329.16, 96
329.16, 96
329.19, 96
329.58, 96
329.91, 96
329.91, 96
330.20, 96
330.20, 96
330.21, 96
330.21, 96
330.47, 96
331.07, 96
331.68, 96
331.73, 96
331.73, 96
331.73, 96
331.75, 96
331.75, 96
331.75, 96
333.11, 96
333.47, 96
333.48, 96
334.88, 96
335.77, 96
336.47, 96
336.47, 96
336.47, 96
336.60, 96
336.60, 96
337.08, 96
337.99, 96
337.99, 96
337.99, 96
337.99, 96
337.99, 96
338.29, 96
338.48, 96
338.97, 96
339.04, 96
339.08, 96
339.46, 96
340.15, 96
340.15, 96
340.53, 96
340.67, 96
341.88, 96
341.88, 96
342.31, 96
342.98, 96
343.58, 96
343.59, 96
343.65, 96
343.65, 96
344.03, 96
344.64, 96
344.64, 96
344.65, 96
344.98, 96
345.08, 96
345.08, 96
345.08, 96
346.19, 96
346.19, 96
346.19, 96
346.34, 96
346.47, 96
346.47, 96
346.47, 96
346.47, 96
346.47, 96
346.47, 96
346.48, 96
346.48, 96
346.48, 96
346.48, 96
347.33, 96
347.40, 96
347.66, 96
347.66, 96
347.89, 96
347.95, 96
348.80, 96
349.58, 96
349.62, 96
349.63, 96
349.94, 96
349.94, 96
351.33, 96
351.41, 96
351.42, 96
351.68, 96
352.12, 96
352.85, 96
353.39, 96
354.16, 96
356.15, 96
356.60, 96
358.50, 96
359.12, 96
360.24, 96
360.93, 96
360.93, 96
361.11, 96
361.41, 96
361.51, 96
362.58, 96
362.58, 96
362.58, 96
362.66, 96
363.05, 96
363.05, 96
363.16, 96
363.37, 96
364.00, 96
364.75, 96
364.75, 96
365.45, 96
365.90, 96
366.18, 96
366.18, 96
366.19, 96
366.19, 96
366.25, 96
366.25, 96
366.25, 96
366.25, 96
366.26, 96
366.26, 96
366.26, 96
366.90, 96
366.99, 96
367.08, 96
367.65, 96
367.66, 96
368.16, 96
368.16, 96
368.16, 96
369.13, 96
370.03, 96
370.03, 96
370.15, 96
370.15, 96
370.16, 96
371.06, 96
371.39, 96
371.62, 96
371.62, 96
372.31, 96
372.31, 96
372.31, 96
372.32, 96
372.53, 96
373.08, 96
373.08, 96
373.08, 96
373.37, 96
373.38, 96
373.39, 96
373.39, 96
373.49, 96
373.49, 96
373.49, 96
374.29, 96
375.12, 96
375.12, 96
375.69, 96
376.09, 96
376.09, 96
376.09, 96
376.09, 96
376.90, 96
376.90, 96
377.16, 96
377.86, 96
377.88, 96
377.88, 96
378.59, 96
378.59, 96
379.43, 96
379.43, 96
379.44, 96
379.44, 96
380.75, 96
380.96, 96
380.96, 96
381.97, 96
383.31, 96
383.59, 96
383.59, 96
383.59, 96
384.00, 96
384.62, 96
384.77, 96
385.07, 96
385.19, 96
385.19, 96
385.27, 96
385.45, 96
385.45, 96
385.64, 96
385.64, 96
386.28, 96
386.28, 96
386.41, 96
386.41, 96
386.52, 96
386.76, 96
387.17, 96
387.27, 96
387.27, 96
387.27, 96
387.27, 96
387.36, 96
387.61, 96
387.62, 96
388.00, 96
388.26, 96
390.13, 96
390.13, 96
390.20, 96
390.44, 96
390.44, 96
390.68, 96
390.93, 96
391.32, 96
391.45, 96
391.49, 96
392.27, 96
392.61, 96
392.61, 96
392.70, 96
392.71, 96
393.42, 96
393.62, 96
393.63, 96
393.63, 96
393.63, 96
393.63, 96
393.63, 96
393.66, 96
393.73, 96
393.88, 96
394.50, 96
394.78, 96
394.79, 96
394.79, 96
394.80, 96
394.80, 96
394.80, 96
394.81, 96
397.84, 96
397.84, 96
397.85, 96
397.85, 96
397.85, 96
398.09, 96
398.09, 96
398.09, 96
398.14, 96
398.14, 96
398.49, 96
398.90, 96
398.91, 96
399.11, 96
399.11, 96
399.11, 96
399.22, 96
399.36, 96
399.36, 96
399.37, 96
400.02, 96
401.87, 96
401.93, 96
402.53, 96
402.53, 96
403.24, 96
404.48, 96
404.71, 96
404.83, 96
405.41, 96
405.47, 96
405.47, 96
405.60, 96
405.60, 96
406.41, 96
406.41, 96
406.41, 96
407.30, 96
407.30, 96
408.43, 96
408.44, 96
408.44, 96
408.44, 96
408.44, 96
408.67, 96
408.67, 96
408.97, 96
409.17, 96
409.17, 96
409.17, 96
411.53, 96
412.14, 96
412.14, 96
412.14, 96
412.14, 96
412.14, 96
412.49, 96
412.49, 96
412.55, 96
412.71, 96
412.91, 96
413.23, 96
413.23, 96
413.23, 96
413.62, 96
414.02, 96
415.29, 96
415.29, 96
416.28, 96
417.20, 96
417.51, 96
418.21, 96
418.21, 96
418.56, 96
419.82, 96
419.82, 96
419.82, 96
419.87, 96
419.87, 96
419.87, 96
419.87, 96
419.87, 96
419.87, 96
419.87, 96
419.88, 96
419.88, 96
419.88, 96
420.13, 96
420.14, 96
420.14, 96
420.50, 96
420.88, 96
421.08, 96
421.46, 96
421.75, 96
421.75, 96
421.80, 96
422.46, 96
424.15, 96
424.34, 96
424.98, 96
424.98, 96
424.98, 96
424.98, 96
425.69, 96
425.69, 96
425.69, 96
425.70, 96
426.58, 96
426.58, 96
426.58, 96
426.63, 96
426.63, 96
426.64, 96
426.64, 96
426.65, 96
426.65, 96
426.84, 96
426.94, 96
426.94, 96
426.94, 96
427.09, 96
427.21, 96
428.26, 96
428.90, 96
429.20, 96
429.86, 96
429.86, 96
430.03, 96
430.13, 96
430.13, 96
431.18, 96
431.32, 96
431.33, 96
432.07, 96
433.69, 96
434.50, 96
434.50, 96
434.57, 96
435.45, 96
435.45, 96
435.45, 96
436.10, 96
436.10, 96
436.23, 96
436.23, 96
436.35, 96
436.35, 96
436.90, 96
436.90, 96
436.90, 96
436.90, 96
436.90, 96
436.91, 96
436.92, 96
437.29, 96
437.29, 96
437.83, 96
439.16, 96
439.68, 96
440.23, 96
440.34, 96
440.34, 96
441.00, 96
441.14, 96
441.14, 96
441.14, 96
441.14, 96
441.32, 96
441.33, 96
441.42, 96
441.44, 96
442.07, 96
442.08, 96
442.08, 96
442.13, 96
442.14, 96
442.24, 96
442.24, 96
443.14, 96
443.53, 96
443.98, 96
444.20, 96
444.65, 96
444.65, 96
444.73, 96
444.73, 96
444.74, 96
444.74, 96
444.94, 96
445.56, 96
446.96, 96
447.17, 96
447.17, 96
447.18, 96
447.36, 96
448.79, 96
449.28, 96
449.33, 96
449.33, 96
449.34, 96
449.35, 96
449.51, 96
449.62, 96
449.62, 96
449.79, 96
449.88, 96
450.29, 96
450.39, 96
450.39, 96
450.39, 96
450.39, 96
450.39, 96
450.39, 96
450.52, 96
450.85, 96
450.85, 96
450.85, 96
451.71, 96
452.39, 96
452.44, 96
452.51, 96
453.28, 96
454.08, 96
454.11, 96
454.45, 96
454.47, 96
454.47, 96
454.63, 96
454.63, 96
455.26, 96
455.45, 96
455.74, 96
456.89, 96
456.93, 96
457.00, 96
457.00, 96
457.44, 96
457.95, 96
457.95, 96
458.47, 96
458.47, 96
458.47, 96
458.47, 96
458.47, 96
458.47, 96
458.47, 96
458.47, 96
458.47, 96
458.71, 96
458.81, 96
458.94, 96
458.94, 96
459.67, 96
460.61, 96
460.61, 96
460.62, 96
460.62, 96
460.79, 96
461.33, 96
461.54, 96
461.54, 96
461.77, 96
461.77, 96
462.16, 96
463.10, 96
463.42, 96
463.42, 96
463.75, 96
463.75, 96
464.24, 96
464.24, 96
464.24, 96
464.24, 96
464.38, 96
464.38, 96
464.38, 96
464.38, 96
464.43, 96
464.64, 96
464.64, 96
464.65, 96
464.65, 96
465.58, 96
465.73, 96
465.73, 96
466.31, 96
466.31, 96
466.44, 96
466.44, 96
466.44, 96
466.44, 96
466.44, 96
468.15, 96
468.15, 96
468.19, 96
468.61, 96
468.61, 96
469.05, 96
469.05, 96
469.36, 96
469.74, 96
470.85, 96
471.67, 96
471.67, 96
473.09, 96
473.10, 96
473.30, 96
473.30, 96
473.52, 96
473.75, 96
473.75, 96
474.20, 96
474.28, 96
474.28, 96
474.28, 96
474.28, 96
474.46, 96
474.59, 96
475.08, 96
475.08, 96
475.08, 96
475.08, 96
475.32, 96
475.49, 96
475.83, 96
475.83, 96
476.68, 96
477.07, 96
478.11, 96
478.28, 96
478.28, 96
478.94, 96
479.12, 96
479.12, 96
479.12, 96
479.37, 96
480.24, 96
480.24, 96
480.24, 96
480.24, 96
480.24, 96
481.37, 96
481.77, 96
482.05, 96
482.05, 96
482.08, 96
483.52, 96
483.52, 96
483.52, 96
483.56, 96
485.53, 96
485.53, 96
485.53, 96
485.70, 96
486.26, 96
486.26, 96
486.26, 96
486.33, 96
486.68, 96
486.68, 96
486.69, 96
486.77, 96
486.80, 96
486.93, 96
487.37, 96
487.65, 96
487.65, 96
488.09, 96
488.71, 96
488.93, 96
489.18, 96
489.23, 96
489.83, 96
489.95, 96
489.95, 96
489.95, 96
490.15, 96
491.21, 96
491.21, 96
491.88, 96
491.88, 96
491.88, 96
491.89, 96
491.89, 96
491.89, 96
492.72, 96
493.35, 96
493.35, 96
494.69, 96
494.69, 96
494.69, 96
494.89, 96
494.99, 96
495.37, 96
496.85, 96
496.86, 96
497.38, 96
497.49, 96
498.17, 96
498.17, 96
498.66, 96
500.04, 96
500.04, 96
500.08, 96
500.20, 96
500.20, 96
500.20, 96
500.21, 96
500.21, 96
500.32, 96
500.45, 96
500.68, 96
500.77, 96
501.50, 96
501.52, 96
502.07, 96
502.38, 96
502.48, 96
502.48, 96
502.67, 96
503.23, 96
503.48, 96
503.69, 96
503.86, 96
503.86, 96
504.74, 96
504.74, 96
504.74, 96
504.74, 96
504.93, 96
505.25, 96
505.25, 96
505.88, 96
505.89, 96
506.26, 96
506.26, 96
507.36, 96
507.36, 96
507.88, 96
508.67, 96
508.67, 96
509.39, 96
509.39, 96
509.75, 96
509.78, 96
509.78, 96
509.83, 96
509.93, 96
511.47, 96
511.47, 96
511.47, 96
511.86, 96
512.20, 96
512.42, 96
512.47, 96
512.51, 96
512.51, 96
512.88, 96
512.96, 96
513.16, 96
513.66, 96
513.82, 96
513.82, 96
514.18, 96
514.47, 96
514.47, 96
514.53, 96
515.91, 96
515.91, 96
515.91, 96
516.06, 96
516.06, 96
516.76, 96
517.03, 96
517.12, 96
517.13, 96
518.35, 96
518.45, 96
518.75, 96
520.45, 96
521.04, 96
521.25, 96
521.25, 96
521.25, 96
521.37, 96
521.37, 96
521.60, 96
521.60, 96
521.60, 96
521.60, 96
521.62, 96
521.62, 96
521.85, 96
521.86, 96
521.96, 96
522.55, 96
523.48, 96
523.51, 96
523.56, 96
523.57, 96
524.12, 96
524.46, 96
524.46, 96
524.86, 96
524.86, 96
524.88, 96
526.67, 96
526.67, 96
526.67, 96
527.47, 96
527.85, 96
528.36, 96
528.54, 96
528.76, 96
528.76, 96
528.92, 96
529.12, 96
529.33, 96
529.33, 96
529.80, 96
529.80, 96
529.80, 96
529.91, 96
529.91, 96
530.26, 96
530.44, 96
530.48, 96
530.48, 96
530.71, 96
530.78, 96
530.82, 96
530.82, 96
530.82, 96
530.82, 96
530.83, 96
530.83, 96
531.47, 96
532.01, 96
532.01, 96
532.08, 96
532.08, 96
532.08, 96
532.32, 96
532.94, 96
533.91, 96
535.78, 96
535.86, 96
536.36, 96
536.83, 96
536.91, 96
540.36, 96
540.36, 96
540.62, 96
541.75, 96
541.76, 96
541.82, 96
542.18, 96
542.30, 96
542.69, 96
542.69, 96
542.69, 96
542.69, 96
543.33, 96
543.76, 96
543.76, 96
543.76, 96
544.04, 96
544.04, 96
544.19, 96
544.19, 96
544.19, 96
544.44, 96
545.32, 96
545.50, 96
545.50, 96
545.90, 96
545.90, 96
546.57, 96
546.57, 96
546.77, 96
546.83, 96
546.83, 96
547.55, 96
547.66, 96
547.67, 96
548.02, 96
548.02, 96
548.02, 96
548.02, 96
548.16, 96
548.18, 96
548.55, 96
548.62, 96
548.62, 96
548.62, 96
548.62, 96
548.67, 96
548.68, 96
548.68, 96
548.68, 96
549.16, 96
549.40, 96
549.52, 96
549.52, 96
549.60, 96
550.18, 96
550.38, 96
550.38, 96
550.38, 96
550.77, 96
550.77, 96
550.99, 96
550.99, 96
551.09, 96
551.10, 96
551.12, 96
551.12, 96
551.17, 96
551.17, 96
551.17, 96
551.59, 96
551.78, 96
552.77, 96
553.14, 96
553.68, 96
553.68, 96
553.74, 96
553.74, 96
553.96, 96
553.96, 96
553.96, 96
554.00, 96
555.61, 96
555.85, 96
555.95, 96
556.01, 96
556.16, 96
557.29, 96
558.62, 96
559.73, 96
559.73, 96
560.35, 96
560.35, 96
560.35, 96
560.38, 96
560.38, 96
560.41, 96
560.47, 96
560.48, 96
561.06, 96
561.32, 96
561.33, 96
561.33, 96
561.80, 96
561.80, 96
562.79, 96
562.79, 96
562.79, 96
562.79, 96
562.87, 96
563.06, 96
563.06, 96
563.12, 96
563.67, 96
563.67, 96
563.67, 96
563.68, 96
563.84, 96
565.13, 96
565.19, 96
565.95, 96
566.39, 96
566.66, 96
566.95, 96
567.26, 96
567.26, 96
567.32, 96
567.32, 96
567.32, 96
568.42, 96
568.51, 96
569.00, 96
569.08, 96
569.09, 96
569.45, 96
569.45, 96
569.62, 96
569.94, 96
570.14, 96
570.14, 96
570.92, 96
570.93, 96
570.99, 96
571.08, 96
571.08, 96
571.33, 96
572.26, 96
572.29, 96
572.29, 96
572.29, 96
573.01, 96
574.33, 96
575.18, 96
575.81, 96
576.48, 96
576.48, 96
576.71, 96
576.77, 96
576.77, 96
577.40, 96
577.40, 96
577.89, 96
578.43, 96
578.66, 96
578.66, 96
580.35, 96
581.13, 96
581.32, 96
581.99, 96
582.19, 96
583.08, 96
583.08, 96
583.25, 96
583.25, 96
583.27, 96
583.28, 96
584.14, 96
584.14, 96
584.38, 96
584.80, 96
584.80, 96
584.81, 96
585.22, 96
585.24, 96
585.32, 96
586.20, 96
586.21, 96
586.39, 96
586.86, 96
588.56, 96
588.75, 96
588.75, 96
588.88, 96
588.99, 96
588.99, 96
589.05, 96
589.06, 96
589.06, 96
589.20, 96
589.86, 96
590.20, 96
590.20, 96
590.97, 96
590.97, 96
591.10, 96
591.60, 96
591.60, 96
591.60, 96
591.60, 96
592.00, 96
592.00, 96
592.20, 96
592.20, 96
594.41, 96
595.14, 96
595.14, 96
595.14, 96
595.14, 96
596.23, 96
596.23, 96
596.27, 96
596.28, 96
596.28, 96
596.29, 96
596.29, 96
596.29, 96
596.35, 96
596.67, 96
597.97, 96
598.14, 96
598.14, 96
598.14, 96
598.67, 96
599.00, 96
599.00, 96
599.00, 96
599.01, 96
599.90, 96
599.90, 96
