0.04, 102
0.04, 99
0.04, 99
0.05, 99
0.05, 99
0.05, 98
0.07, 98
0.07, 98
0.07, 98
0.08, 98
0.08, 97
0.11, 97
0.12, 97
0.14, 97
0.19, 97
0.19, 97
0.22, 97
0.23, 97
0.23, 97
0.40, 97
0.41, 97
0.47, 97
0.48, 97
0.49, 97
0.49, 97
0.57, 97
0.57, 97
0.58, 97
0.68, 97
0.68, 97
0.68, 97
0.76, 97
0.81, 97
0.82, 97
0.88, 97
0.88, 97
0.88, 97
0.88, 97
0.88, 97
0.88, 97
0.89, 97
0.89, 97
0.92, 97
0.92, 97
0.92, 97
0.92, 96
1.62, 96
2.63, 96
2.72, 96
2.78, 96
2.78, 96
3.92, 96
5.85, 96
6.10, 96
6.71, 96
6.77, 96
6.91, 96
6.91, 96
7.28, 96
8.06, 96
8.08, 96
8.08, 96
8.28, 96
8.29, 96
9.54, 96
9.81, 96
9.81, 96
10.01, 96
10.66, 96
11.67, 96
11.77, 96
13.00, 96
13.00, 96
13.30, 96
13.30, 96
13.83, 96
14.01, 96
14.01, 96
14.39, 96
14.39, 96
14.78, 96
14.78, 96
14.78, 96
15.14, 96
15.23, 96
15.24, 96
15.29, 96
15.31, 96
16.58, 96
16.58, 96
16.69, 96
16.69, 96
16.85, 96
16.85, 96
17.06, 96
17.06, 96
17.06, 96
17.29, 96
17.29, 96
17.88, 96
17.88, 96
17.88, 96
17.89, 96
17.89, 96
17.89, 96
17.89, 96
18.88, 96
18.89, 96
18.89, 96
19.44, 96
19.67, 96
19.67, 96
19.67, 96
20.14, 96
21.02, 96
21.57, 96
21.57, 96
22.13, 96
24.52, 96
24.52, 96
24.70, 96
24.76, 96
24.77, 96
24.77, 96
25.19, 96
25.30, 96
25.63, 96
26.15, 96
26.42, 96
26.42, 96
26.61, 96
26.71, 96
26.79, 96
26.85, 96
26.88, 96
26.88, 96
26.95, 96
28.60, 96
28.89, 96
28.89, 96
28.90, 96
29.77, 96
30.97, 96
31.02, 96
31.02, 96
31.02, 96
31.03, 96
31.22, 96
31.57, 96
31.80, 96
31.80, 96
31.80, 96
32.24, 96
32.24, 96
32.40, 96
34.21, 96
34.31, 96
34.76, 96
34.76, 96
34.90, 96
35.38, 96
35.38, 96
35.39, 96
35.59, 96
35.72, 96
35.76, 96
36.70, 96
36.70, 96
36.70, 96
36.70, 96
36.70, 96
36.76, 96
37.77, 96
38.48, 96
38.48, 96
38.73, 96
38.83, 96
40.03, 96
40.03, 96
40.04, 96
40.04, 96
40.04, 96
40.08, 96
40.39, 96
40.44, 96
41.05, 96
41.05, 96
41.13, 96
41.77, 96
41.95, 96
41.95, 96
42.04, 96
42.21, 96
43.79, 96
44.67, 96
44.67, 96
44.83, 96
44.84, 96
44.90, 96
44.90, 96
45.40, 96
45.46, 96
45.46, 96
45.56, 96
45.56, 96
45.56, 96
45.61, 96
45.61, 96
45.61, 96
45.82, 96
45.83, 96
45.84, 96
46.10, 96
46.10, 96
46.60, 96
46.74, 96
47.14, 96
47.82, 96
47.87, 96
49.00, 96
50.27, 96
50.27, 96
50.57, 96
50.74, 96
51.32, 96
52.25, 96
52.25, 96
52.25, 96
52.52, 96
52.52, 96
52.67, 96
52.67, 96
52.67, 96
53.21, 96
53.21, 96
53.88, 96
53.91, 96
53.94, 96
54.46, 96
54.47, 96
54.59, 96
54.60, 96
55.51, 96
55.85, 96
55.85, 96
55.86, 96
55.87, 96
55.94, 96
56.09, 96
56.12, 96
56.12, 96
56.38, 96
56.38, 96
56.38, 96
56.38, 96
56.38, 96
56.38, 96
56.86, 96
56.86, 96
56.86, 96
57.60, 96
57.60, 96
58.18, 96
58.18, 96
58.85, 96
58.95, 96
58.95, 96
59.07, 96
59.07, 96
59.07, 96
59.07, 96
59.56, 96
59.56, 96
59.87, 96
59.87, 96
60.14, 96
60.14, 96
61.11, 96
61.11, 96
61.12, 96
61.12, 96
61.12, 96
61.34, 96
61.34, 96
62.38, 96
62.38, 96
62.79, 96
63.09, 96
63.09, 96
63.82, 96
64.15, 96
64.15, 96
64.49, 96
64.82, 96
66.08, 96
66.39, 96
66.39, 96
66.86, 96
67.04, 96
67.45, 96
67.45, 96
67.76, 96
68.32, 96
68.33, 96
68.33, 96
68.64, 96
69.43, 96
71.34, 96
71.42, 96
71.42, 96
71.85, 96
71.86, 96
72.22, 96
72.37, 96
72.37, 96
72.70, 96
73.14, 96
73.14, 96
73.14, 96
73.14, 96
74.34, 96
74.53, 96
74.89, 96
76.01, 96
76.48, 96
76.93, 96
77.42, 96
77.42, 96
77.73, 96
78.38, 96
78.38, 96
78.63, 96
78.63, 96
79.52, 96
79.52, 96
79.98, 96
80.10, 96
80.12, 96
80.13, 96
80.13, 96
80.25, 96
80.56, 96
81.31, 96
81.31, 96
81.31, 96
81.41, 96
81.41, 96
81.42, 96
81.42, 96
81.42, 96
81.42, 96
81.52, 96
81.53, 96
83.26, 96
83.26, 96
83.26, 96
83.26, 96
84.06, 96
84.28, 96
84.41, 96
85.23, 96
85.23, 96
85.54, 96
85.68, 96
85.94, 96
86.02, 96
86.16, 96
86.16, 96
86.57, 96
86.90, 96
87.08, 96
87.19, 96
87.38, 96
87.38, 96
88.19, 96
88.19, 96
88.20, 96
89.75, 96
89.75, 96
89.78, 96
90.56, 96
90.56, 96
90.56, 96
90.93, 96
91.34, 96
92.08, 96
92.08, 96
92.66, 96
94.04, 96
94.95, 96
94.95, 96
95.21, 96
95.65, 96
95.65, 96
97.91, 96
97.94, 96
97.94, 96
98.42, 96
98.69, 96
98.69, 96
98.69, 96
98.69, 96
98.77, 96
98.84, 96
98.84, 96
98.84, 96
100.47, 96
100.47, 96
100.64, 96
100.64, 96
100.64, 96
101.17, 96
101.76, 96
101.77, 96
101.84, 96
101.89, 96
101.89, 96
101.89, 96
101.89, 96
102.46, 96
104.35, 96
104.35, 96
104.93, 96
104.93, 96
104.93, 96
104.99, 96
104.99, 96
104.99, 96
105.09, 96
105.09, 96
105.38, 96
105.74, 96
105.85, 96
106.56, 96
106.70, 96
106.70, 96
106.71, 96
106.71, 96
106.71, 96
107.31, 96
107.31, 96
107.31, 96
107.31, 96
107.31, 96
107.77, 96
107.77, 96
109.11, 96
109.11, 96
109.88, 96
109.88, 96
110.12, 96
110.42, 96
111.97, 96
112.81, 96
112.81, 96
112.81, 96
112.82, 96
112.82, 96
112.82, 96
114.18, 96
114.18, 96
114.18, 96
114.46, 96
114.46, 96
114.46, 96
114.46, 96
114.59, 96
114.80, 96
114.80, 96
114.80, 96
114.80, 96
114.81, 96
114.81, 96
115.37, 96
115.37, 96
117.09, 96
117.09, 96
117.09, 96
118.52, 96
118.76, 96
118.96, 96
119.33, 96
119.34, 96
119.34, 96
119.47, 96
119.47, 96
119.47, 96
119.47, 96
119.50, 96
119.51, 96
120.04, 96
120.30, 96
120.62, 96
120.66, 96
120.66, 96
121.22, 96
121.44, 96
122.07, 96
122.42, 96
122.80, 96
122.86, 96
122.86, 96
122.86, 96
122.86, 96
123.26, 96
123.57, 96
123.59, 96
123.59, 96
123.59, 96
123.59, 96
123.60, 96
123.85, 96
123.85, 96
123.88, 96
123.93, 96
123.93, 96
123.94, 96
124.28, 96
124.71, 96
124.71, 96
124.98, 96
125.69, 96
125.69, 96
126.50, 96
126.62, 96
126.62, 96
126.75, 96
126.88, 96
126.89, 96
126.89, 96
127.82, 96
128.07, 96
128.70, 96
128.70, 96
128.90, 96
129.64, 96
129.64, 96
129.71, 96
130.12, 96
130.28, 96
130.28, 96
130.66, 96
130.66, 96
131.28, 96
131.28, 96
131.79, 96
132.27, 96
132.27, 96
132.27, 96
132.27, 96
133.63, 96
133.63, 96
134.04, 96
134.56, 96
135.09, 96
135.14, 96
135.14, 96
135.23, 96
135.39, 96
136.18, 96
136.96, 96
137.35, 96
137.35, 96
137.64, 96
138.51, 96
139.40, 96
139.40, 96
140.34, 96
140.66, 96
140.85, 96
141.23, 96
141.78, 96
141.79, 96
142.24, 96
142.66, 96
142.66, 96
142.74, 96
143.77, 96
143.87, 96
143.87, 96
144.49, 96
144.84, 96
144.84, 96
144.84, 96
144.97, 96
144.98, 96
145.09, 96
145.12, 96
145.12, 96
145.12, 96
145.59, 96
145.59, 96
146.33, 96
146.33, 96
146.50, 96
146.50, 96
146.50, 96
146.50, 96
147.15, 96
147.15, 96
147.15, 96
147.19, 96
147.22, 96
147.91, 96
147.91, 96
147.91, 96
147.91, 96
147.91, 96
147.94, 96
148.09, 96
148.09, 96
148.10, 96
148.10, 96
148.28, 96
148.96, 96
149.86, 96
149.86, 96
150.46, 96
150.46, 96
150.89, 96
150.89, 96
150.89, 96
150.94, 96
150.94, 96
150.94, 96
151.12, 96
151.39, 96
151.49, 96
152.12, 96
152.13, 96
152.21, 96
152.64, 96
152.75, 96
152.94, 96
153.63, 96
154.08, 96
154.35, 96
155.24, 96
155.31, 96
155.31, 96
155.65, 96
155.65, 96
155.65, 96
155.76, 96
155.93, 96
155.94, 96
156.08, 96
156.22, 96
156.22, 96
156.22, 96
156.24, 96
157.23, 96
157.23, 96
157.23, 96
157.27, 96
157.27, 96
157.28, 96
157.28, 96
158.91, 96
158.97, 96
158.97, 96
159.23, 96
160.42, 96
160.59, 96
160.84, 96
162.28, 96
162.54, 96
162.66, 96
163.34, 96
163.39, 96
163.40, 96
163.51, 96
164.52, 96
164.52, 96
164.79, 96
164.92, 96
165.99, 96
166.38, 96
166.38, 96
166.68, 96
167.08, 96
167.73, 96
167.73, 96
167.73, 96
167.75, 96
168.16, 96
168.16, 96
168.16, 96
168.16, 96
168.64, 96
169.01, 96
169.03, 96
169.03, 96
170.02, 96
170.24, 96
170.44, 96
170.67, 96
170.68, 96
170.68, 96
171.23, 96
171.23, 96
171.23, 96
171.85, 96
172.06, 96
172.06, 96
172.49, 96
172.75, 96
174.31, 96
174.35, 96
174.36, 96
174.60, 96
174.88, 96
175.57, 96
176.37, 96
176.37, 96
176.37, 96
176.37, 96
176.41, 96
176.41, 96
176.79, 96
177.35, 96
177.59, 96
178.28, 96
178.28, 96
178.79, 96
178.83, 96
179.38, 96
179.80, 96
179.80, 96
180.08, 96
180.08, 96
180.08, 96
180.62, 96
180.62, 96
180.73, 96
181.02, 96
181.47, 96
181.47, 96
181.47, 96
181.47, 96
181.53, 96
181.87, 96
182.09, 96
182.10, 96
182.24, 96
182.77, 96
182.77, 96
182.77, 96
182.77, 96
182.77, 96
183.35, 96
183.35, 96
183.46, 96
183.58, 96
183.58, 96
184.04, 96
184.04, 96
184.18, 96
184.18, 96
184.18, 96
184.18, 96
184.18, 96
184.47, 96
184.83, 96
184.83, 96
184.83, 96
184.83, 96
184.89, 96
185.12, 96
185.35, 96
185.93, 96
186.12, 96
186.35, 96
186.35, 96
186.50, 96
186.50, 96
186.50, 96
186.66, 96
186.66, 96
186.66, 96
186.74, 96
186.75, 96
186.92, 96
187.48, 96
187.48, 96
187.48, 96
187.48, 96
187.71, 96
187.71, 96
190.04, 96
190.05, 96
190.23, 96
191.15, 96
191.15, 96
191.15, 96
191.36, 96
191.36, 96
191.44, 96
191.46, 96
191.64, 96
191.64, 96
191.64, 96
191.64, 96
191.76, 96
191.76, 96
191.97, 96
192.65, 96
192.65, 96
193.53, 96
193.53, 96
194.00, 96
194.78, 96
194.99, 96
195.16, 96
195.16, 96
195.49, 96
195.49, 96
195.49, 96
195.52, 96
195.52, 96
195.52, 96
196.22, 96
196.22, 96
196.59, 96
197.82, 96
197.88, 96
197.88, 96
197.88, 96
197.88, 96
198.96, 96
199.37, 96
199.81, 96
199.82, 96
199.88, 96
199.88, 96
199.88, 96
200.86, 96
202.89, 96
202.89, 96
202.89, 96
202.89, 96
203.15, 96
203.16, 96
203.76, 96
204.06, 96
204.27, 96
204.48, 96
206.22, 96
206.22, 96
207.08, 96
207.42, 96
207.42, 96
207.42, 96
207.42, 96
207.53, 96
207.55, 96
207.90, 96
207.90, 96
207.91, 96
207.91, 96
207.92, 96
207.97, 96
207.97, 96
207.97, 96
208.20, 96
208.20, 96
208.20, 96
208.52, 96
209.01, 96
209.01, 96
209.75, 96
209.75, 96
209.75, 96
209.75, 96
209.85, 96
209.85, 96
209.85, 96
209.94, 96
209.94, 96
209.94, 96
209.94, 96
209.94, 96
210.35, 96
210.35, 96
210.37, 96
210.52, 96
210.52, 96
211.13, 96
211.32, 96
211.33, 96
211.33, 96
211.33, 96
211.58, 96
211.58, 96
211.58, 96
211.58, 96
213.08, 96
213.30, 96
213.30, 96
213.33, 96
213.33, 96
213.74, 96
214.33, 96
214.33, 96
214.34, 96
214.35, 96
214.35, 96
214.48, 96
214.48, 96
214.53, 96
214.79, 96
214.79, 96
214.99, 96
214.99, 96
214.99, 96
215.37, 96
215.80, 96
215.80, 96
215.99, 96
216.04, 96
216.09, 96
216.09, 96
216.09, 96
216.17, 96
216.17, 96
216.47, 96
216.47, 96
217.18, 96
217.18, 96
217.26, 96
217.76, 96
218.21, 96
218.24, 96
218.70, 96
218.70, 96
218.75, 96
219.52, 96
220.04, 96
220.31, 96
220.65, 96
220.87, 96
220.87, 96
222.26, 96
223.11, 96
223.42, 96
223.48, 96
223.48, 96
223.48, 96
223.63, 96
223.63, 96
224.01, 96
224.78, 96
225.10, 96
225.10, 96
225.57, 96
226.70, 96
226.70, 96
227.32, 96
227.32, 96
227.32, 96
227.39, 96
227.42, 96
227.70, 96
228.34, 96
228.91, 96
229.44, 96
229.87, 96
229.87, 96
229.92, 96
229.92, 96
230.44, 96
230.47, 96
230.48, 96
230.50, 96
230.79, 96
230.79, 96
230.91, 96
232.68, 96
232.88, 96
233.08, 96
233.34, 96
234.40, 96
234.40, 96
234.40, 96
235.32, 96
235.32, 96
235.32, 96
235.32, 96
235.34, 96
236.01, 96
236.16, 96
236.18, 96
238.33, 96
238.33, 96
238.50, 96
238.50, 96
238.67, 96
238.69, 96
239.16, 96
239.78, 96
239.78, 96
239.79, 96
241.11, 96
241.14, 96
241.14, 96
242.17, 96
242.17, 96
242.23, 96
242.42, 96
242.44, 96
242.94, 96
242.94, 96
242.94, 96
243.05, 96
243.35, 96
243.35, 96
244.58, 96
244.58, 96
244.63, 96
245.08, 96
245.38, 96
245.39, 96
245.44, 96
245.44, 96
245.87, 96
245.87, 96
245.87, 96
245.87, 96
245.87, 96
245.93, 96
246.08, 96
246.33, 96
246.95, 96
247.26, 96
247.26, 96
247.60, 96
247.94, 96
247.96, 96
248.24, 96
248.24, 96
248.33, 96
248.64, 96
249.25, 96
249.55, 96
249.55, 96
249.55, 96
250.03, 96
250.34, 96
250.52, 96
250.81, 96
250.81, 96
250.81, 96
250.81, 96
251.03, 96
251.13, 96
251.21, 96
251.21, 96
251.21, 96
251.57, 96
251.58, 96
251.58, 96
251.58, 96
251.58, 96
251.84, 96
251.84, 96
252.69, 96
252.69, 96
252.98, 96
253.02, 96
253.02, 96
253.10, 96
253.10, 96
253.17, 96
253.36, 96
254.26, 96
254.45, 96
254.94, 96
255.15, 96
255.42, 96
256.92, 96
256.92, 96
256.92, 96
256.92, 96
257.97, 96
257.98, 96
258.47, 96
258.64, 96
258.86, 96
259.47, 96
259.47, 96
259.47, 96
259.95, 96
261.41, 96
262.37, 96
262.53, 96
262.77, 96
262.77, 96
262.77, 96
263.02, 96
263.86, 96
263.94, 96
264.31, 96
264.66, 96
266.62, 96
267.06, 96
267.06, 96
267.06, 96
267.06, 96
267.06, 96
267.06, 96
267.06, 96
267.14, 96
267.18, 96
267.19, 96
267.19, 96
267.48, 96
267.52, 96
268.80, 96
268.80, 96
268.86, 96
268.86, 96
269.00, 96
269.37, 96
270.87, 96
271.19, 96
271.19, 96
271.55, 96
271.75, 96
272.06, 96
272.07, 96
272.07, 96
272.28, 96
272.43, 96
272.46, 96
272.47, 96
272.91, 96
272.91, 96
273.45, 96
273.97, 96
273.97, 96
274.02, 96
274.08, 96
274.08, 96
274.08, 96
274.08, 96
274.82, 96
274.83, 96
275.31, 96
275.31, 96
275.43, 96
276.59, 96
276.65, 96
276.65, 96
276.73, 96
277.24, 96
277.24, 96
277.56, 96
277.56, 96
277.56, 96
277.56, 96
278.53, 96
278.54, 96
278.54, 96
278.54, 96
278.54, 96
278.60, 96
278.60, 96
278.60, 96
280.08, 96
280.08, 96
280.37, 96
280.37, 96
281.51, 96
281.52, 96
281.52, 96
281.80, 96
282.63, 96
283.03, 96
283.03, 96
283.04, 96
283.82, 96
284.58, 96
284.61, 96
284.61, 96
284.92, 96
285.75, 96
285.76, 96
285.86, 96
286.50, 96
287.12, 96
287.26, 96
287.59, 96
288.34, 96
288.48, 96
289.12, 96
289.13, 96
289.13, 96
289.71, 96
289.79, 96
290.27, 96
290.27, 96
292.43, 96
292.84, 96
292.84, 96
292.84, 96
294.63, 96
294.63, 96
295.03, 96
295.86, 96
295.86, 96
296.23, 96
296.27, 96
296.27, 96
298.40, 96
299.79, 96
300.52, 96
300.83, 96
301.44, 96
301.87, 96
302.22, 96
302.23, 96
302.23, 96
302.23, 96
302.61, 96
302.94, 96
304.11, 96
305.18, 96
305.19, 96
305.19, 96
305.47, 96
306.24, 96
308.60, 96
308.74, 96
308.74, 96
309.71, 96
309.71, 96
309.71, 96
309.71, 96
309.71, 96
309.91, 96
309.91, 96
310.16, 96
310.16, 96
310.39, 96
311.21, 96
311.55, 96
313.11, 96
313.17, 96
314.26, 96
314.27, 96
314.27, 96
314.27, 96
314.38, 96
314.38, 96
314.42, 96
314.42, 96
314.42, 96
314.59, 96
315.00, 96
315.80, 96
315.95, 96
316.22, 96
317.35, 96
318.05, 96
318.43, 96
318.43, 96
318.56, 96
319.02, 96
319.46, 96
320.13, 96
321.16, 96
321.19, 96
321.19, 96
321.94, 96
322.01, 96
322.01, 96
322.53, 96
322.53, 96
322.53, 96
322.53, 96
322.53, 96
322.53, 96
322.53, 96
324.45, 96
324.45, 96
324.48, 96
324.82, 96
325.16, 96
325.16, 96
325.42, 96
325.42, 96
325.42, 96
325.42, 96
325.68, 96
326.35, 96
326.92, 96
326.97, 96
326.97, 96
326.97, 96
327.00, 96
327.01, 96
327.01, 96
328.47, 96
328.82, 96
328.82, 96
330.09, 96
330.88, 96
331.57, 96
331.57, 96
331.57, 96
331.68, 96
331.68, 96
332.16, 96
332.97, 96
332.97, 96
332.97, 96
332.97, 96
332.97, 96
333.27, 96
333.50, 96
334.03, 96
334.10, 96
334.14, 96
334.52, 96
335.22, 96
335.22, 96
335.61, 96
335.74, 96
336.94, 96
336.94, 96
337.36, 96
337.94, 96
338.60, 96
338.60, 96
338.66, 96
338.66, 96
339.05, 96
339.70, 96
339.70, 96
339.70, 96
340.04, 96
340.13, 96
340.13, 96
340.13, 96
341.24, 96
341.24, 96
341.24, 96
341.41, 96
341.52, 96
341.52, 96
341.53, 96
341.53, 96
341.53, 96
341.53, 96
341.53, 96
341.53, 96
341.53, 96
341.54, 96
342.37, 96
342.42, 96
342.65, 96
342.65, 96
342.85, 96
342.93, 96
343.87, 96
344.70, 96
344.73, 96
344.73, 96
345.04, 96
345.04, 96
346.41, 96
346.47, 96
346.48, 96
346.72, 96
347.19, 96
347.83, 96
348.44, 96
349.22, 96
351.17, 96
351.61, 96
353.50, 96
354.17, 96
355.26, 96
355.98, 96
355.98, 96
356.16, 96
356.44, 96
356.55, 96
357.56, 96
357.56, 96
357.56, 96
357.63, 96
358.00, 96
358.00, 96
358.12, 96
358.35, 96
359.05, 96
359.82, 96
359.82, 96
360.55, 96
361.00, 96
361.27, 96
361.27, 96
361.27, 96
361.27, 96
361.33, 96
361.33, 96
361.33, 96
361.33, 96
361.34, 96
361.34, 96
361.34, 96
361.98, 96
362.07, 96
362.16, 96
362.67, 96
362.67, 96
363.16, 96
363.16, 96
363.16, 96
364.27, 96
365.19, 96
365.19, 96
365.31, 96
365.32, 96
365.32, 96
366.26, 96
366.53, 96
366.80, 96
366.80, 96
367.48, 96
367.48, 96
367.48, 96
367.49, 96
367.68, 96
368.23, 96
368.24, 96
368.24, 96
368.62, 96
368.62, 96
368.64, 96
368.64, 96
368.75, 96
368.75, 96
368.75, 96
369.55, 96
370.41, 96
370.41, 96
370.94, 96
371.41, 96
371.41, 96
371.41, 96
371.41, 96
372.26, 96
372.26, 96
372.53, 96
373.08, 96
373.08, 96
373.08, 96
373.85, 96
373.85, 96
374.67, 96
374.67, 96
374.67, 96
374.67, 96
376.11, 96
376.30, 96
376.31, 96
377.20, 96
378.50, 96
378.81, 96
378.82, 96
378.82, 96
379.22, 96
379.85, 96
379.96, 96
380.25, 96
380.38, 96
380.38, 96
380.46, 96
380.63, 96
380.64, 96
380.82, 96
380.83, 96
381.48, 96
381.48, 96
381.61, 96
381.62, 96
381.71, 96
381.93, 96
382.31, 96
382.41, 96
382.41, 96
382.41, 96
382.41, 96
382.46, 96
382.69, 96
382.69, 96
383.04, 96
383.36, 96
385.34, 96
385.34, 96
385.42, 96
385.66, 96
385.66, 96
385.96, 96
386.21, 96
386.54, 96
386.66, 96
386.70, 96
387.44, 96
387.72, 96
387.72, 96
387.80, 96
387.80, 96
388.55, 96
388.82, 96
388.82, 96
388.82, 96
388.83, 96
388.83, 96
388.83, 96
388.86, 96
388.93, 96
389.07, 96
389.67, 96
389.94, 96
389.94, 96
389.94, 96
389.94, 96
389.94, 96
389.94, 96
389.96, 96
392.85, 96
392.85, 96
392.85, 96
392.86, 96
392.86, 96
393.10, 96
393.10, 96
393.10, 96
393.13, 96
393.13, 96
393.54, 96
393.97, 96
393.98, 96
394.18, 96
394.18, 96
394.18, 96
394.29, 96
394.44, 96
394.44, 96
394.45, 96
395.08, 96
396.97, 96
397.04, 96
397.57, 96
397.57, 96
398.25, 96
399.55, 96
399.78, 96
399.90, 96
400.53, 96
400.59, 96
400.59, 96
400.70, 96
400.70, 96
401.50, 96
401.50, 96
401.50, 96
402.40, 96
402.40, 96
403.50, 96
403.50, 96
403.51, 96
403.51, 96
403.51, 96
403.78, 96
403.78, 96
404.08, 96
404.29, 96
404.29, 96
404.29, 96
406.62, 96
407.20, 96
407.20, 96
407.20, 96
407.21, 96
407.21, 96
407.50, 96
407.50, 96
407.56, 96
407.67, 96
407.86, 96
408.21, 96
408.21, 96
408.21, 96
408.66, 96
409.09, 96
410.34, 96
410.34, 96
411.34, 96
412.21, 96
412.48, 96
413.11, 96
413.11, 96
413.52, 96
414.83, 96
414.83, 96
414.83, 96
414.88, 96
414.88, 96
414.88, 96
414.88, 96
414.89, 96
414.89, 96
414.89, 96
414.90, 96
414.90, 96
414.90, 96
415.16, 96
415.16, 96
415.16, 96
415.53, 96
415.94, 96
416.18, 96
416.50, 96
416.77, 96
416.77, 96
416.84, 96
417.44, 96
419.15, 96
419.34, 96
420.01, 96
420.01, 96
420.01, 96
420.01, 96
420.77, 96
420.77, 96
420.77, 96
420.77, 96
421.65, 96
421.65, 96
421.65, 96
421.71, 96
421.71, 96
421.71, 96
421.71, 96
421.73, 96
421.73, 96
421.93, 96
422.03, 96
422.04, 96
422.04, 96
422.18, 96
422.32, 96
423.35, 96
424.04, 96
424.36, 96
425.02, 96
425.02, 96
425.18, 96
425.27, 96
425.27, 96
426.33, 96
426.42, 96
426.42, 96
427.13, 96
428.80, 96
429.55, 96
429.55, 96
429.62, 96
430.51, 96
430.51, 96
430.51, 96
431.13, 96
431.13, 96
431.27, 96
431.27, 96
431.39, 96
431.39, 96
431.89, 96
431.89, 96
431.89, 96
431.89, 96
431.89, 96
431.91, 96
431.91, 96
432.27, 96
432.27, 96
432.82, 96
434.08, 96
434.60, 96
435.22, 96
435.35, 96
435.35, 96
436.02, 96
436.17, 96
436.17, 96
436.17, 96
436.17, 96
436.28, 96
436.28, 96
436.38, 96
436.39, 96
437.00, 96
437.01, 96
437.01, 96
437.05, 96
437.05, 96
437.15, 96
437.15, 96
438.02, 96
438.42, 96
438.92, 96
439.14, 96
439.60, 96
439.61, 96
439.68, 96
439.68, 96
439.69, 96
439.70, 96
439.89, 96
440.51, 96
441.92, 96
442.14, 96
442.14, 96
442.14, 96
442.32, 96
443.80, 96
444.31, 96
444.37, 96
444.37, 96
444.37, 96
444.38, 96
444.54, 96
444.67, 96
444.67, 96
444.84, 96
444.94, 96
445.35, 96
445.46, 96
445.47, 96
445.47, 96
445.47, 96
445.47, 96
445.47, 96
445.60, 96
445.97, 96
445.97, 96
445.97, 96
446.84, 96
447.49, 96
447.55, 96
447.61, 96
448.35, 96
449.23, 96
449.26, 96
449.57, 96
449.61, 96
449.61, 96
449.79, 96
449.79, 96
450.45, 96
450.66, 96
450.94, 96
452.07, 96
452.12, 96
452.20, 96
452.20, 96
452.68, 96
453.16, 96
453.16, 96
453.74, 96
453.74, 96
453.74, 96
453.74, 96
453.74, 96
453.74, 96
453.74, 96
453.74, 96
453.75, 96
453.99, 96
454.10, 96
454.21, 96
454.21, 96
454.99, 96
456.01, 96
456.01, 96
456.02, 96
456.02, 96
456.19, 96
456.75, 96
456.95, 96
456.95, 96
457.15, 96
457.16, 96
457.54, 96
458.51, 96
458.89, 96
458.90, 96
459.23, 96
459.23, 96
459.70, 96
459.70, 96
459.70, 96
459.71, 96
459.85, 96
459.85, 96
459.85, 96
459.85, 96
459.89, 96
460.11, 96
460.11, 96
460.11, 96
460.12, 96
461.00, 96
461.16, 96
461.16, 96
461.77, 96
461.77, 96
461.88, 96
461.88, 96
461.88, 96
461.88, 96
461.88, 96
463.77, 96
463.77, 96
463.81, 96
464.24, 96
464.24, 96
464.74, 96
464.74, 96
465.15, 96
465.56, 96
466.68, 96
467.48, 96
467.48, 96
468.88, 96
468.88, 96
469.09, 96
469.09, 96
469.35, 96
469.60, 96
469.61, 96
470.04, 96
470.13, 96
470.13, 96
470.13, 96
470.13, 96
470.32, 96
470.49, 96
470.99, 96
470.99, 96
471.00, 96
471.00, 96
471.22, 96
471.42, 96
471.78, 96
471.78, 96
472.61, 96
473.01, 96
473.95, 96
474.10, 96
474.10, 96
474.72, 96
474.90, 96
474.90, 96
474.90, 96
475.16, 96
476.08, 96
476.08, 96
476.08, 96
476.08, 96
476.08, 96
477.15, 96
477.61, 96
477.87, 96
477.87, 96
477.89, 96
479.20, 96
479.20, 96
479.20, 96
479.25, 96
481.29, 96
481.29, 96
481.29, 96
481.45, 96
482.00, 96
482.00, 96
482.00, 96
482.07, 96
482.44, 96
482.44, 96
482.44, 96
482.55, 96
482.58, 96
482.73, 96
483.17, 96
483.41, 96
483.41, 96
483.84, 96
484.48, 96
484.71, 96
484.97, 96
485.01, 96
485.60, 96
485.73, 96
485.73, 96
485.73, 96
485.99, 96
487.08, 96
487.08, 96
487.75, 96
487.75, 96
487.75, 96
487.75, 96
487.75, 96
487.75, 96
488.51, 96
489.17, 96
489.17, 96
490.44, 96
490.44, 96
490.44, 96
490.61, 96
490.71, 96
491.07, 96
492.57, 96
492.58, 96
493.12, 96
493.21, 96
493.82, 96
493.82, 96
494.33, 96
495.77, 96
495.77, 96
495.81, 96
495.98, 96
495.99, 96
496.00, 96
496.00, 96
496.00, 96
496.12, 96
496.26, 96
496.55, 96
496.64, 96
497.36, 96
497.38, 96
497.90, 96
498.19, 96
498.27, 96
498.27, 96
498.44, 96
498.99, 96
499.22, 96
499.43, 96
499.63, 96
499.63, 96
500.54, 96
500.54, 96
500.54, 96
500.54, 96
500.72, 96
501.01, 96
501.01, 96
501.61, 96
501.61, 96
501.97, 96
501.97, 96
503.11, 96
503.11, 96
503.54, 96
504.30, 96
504.30, 96
504.98, 96
504.98, 96
505.35, 96
505.38, 96
505.38, 96
505.43, 96
505.55, 96
507.20, 96
507.20, 96
507.20, 96
507.63, 96
507.99, 96
508.21, 96
508.26, 96
508.29, 96
508.29, 96
508.60, 96
508.70, 96
508.90, 96
509.39, 96
509.56, 96
509.56, 96
509.91, 96
510.18, 96
510.18, 96
510.23, 96
511.59, 96
511.59, 96
511.60, 96
511.73, 96
511.73, 96
512.41, 96
512.67, 96
512.77, 96
512.77, 96
513.98, 96
514.07, 96
514.37, 96
516.21, 96
516.85, 96
517.09, 96
517.09, 96
517.09, 96
517.17, 96
517.17, 96
517.40, 96
517.40, 96
517.40, 96
517.40, 96
517.42, 96
517.42, 96
517.66, 96
517.66, 96
517.75, 96
518.27, 96
519.23, 96
519.26, 96
519.32, 96
519.32, 96
519.86, 96
520.21, 96
520.21, 96
520.59, 96
520.59, 96
520.61, 96
522.38, 96
522.38, 96
522.38, 96
523.19, 96
523.53, 96
524.03, 96
524.19, 96
524.42, 96
524.43, 96
524.59, 96
524.78, 96
525.02, 96
525.05, 96
525.50, 96
525.50, 96
525.50, 96
525.62, 96
525.63, 96
526.01, 96
526.18, 96
526.23, 96
526.23, 96
526.46, 96
526.52, 96
526.57, 96
526.57, 96
526.57, 96
526.57, 96
526.58, 96
526.58, 96
527.20, 96
527.70, 96
527.70, 96
527.77, 96
527.77, 96
527.77, 96
528.02, 96
528.63, 96
529.63, 96
531.64, 96
531.71, 96
532.22, 96
532.70, 96
532.78, 96
536.26, 96
536.26, 96
536.49, 96
537.58, 96
537.58, 96
537.65, 96
537.97, 96
538.08, 96
538.44, 96
538.44, 96
538.44, 96
538.44, 96
539.10, 96
539.54, 96
539.54, 96
539.54, 96
539.80, 96
539.80, 96
539.93, 96
539.93, 96
539.93, 96
540.17, 96
541.07, 96
541.25, 96
541.25, 96
541.63, 96
541.63, 96
542.29, 96
542.29, 96
542.51, 96
542.58, 96
542.58, 96
543.19, 96
543.28, 96
543.28, 96
543.68, 96
543.68, 96
543.69, 96
543.69, 96
543.84, 96
543.87, 96
544.20, 96
544.28, 96
544.28, 96
544.28, 96
544.28, 96
544.32, 96
544.32, 96
544.32, 96
544.32, 96
544.81, 96
545.05, 96
545.15, 96
545.15, 96
545.24, 96
545.84, 96
546.09, 96
546.09, 96
546.09, 96
546.48, 96
546.49, 96
546.73, 96
546.73, 96
546.83, 96
546.83, 96
546.85, 96
546.86, 96
546.89, 96
546.89, 96
546.89, 96
547.25, 96
547.45, 96
548.44, 96
548.84, 96
549.40, 96
549.40, 96
549.45, 96
549.45, 96
549.68, 96
549.68, 96
549.69, 96
549.72, 96
551.32, 96
551.57, 96
551.66, 96
551.73, 96
551.88, 96
553.06, 96
554.45, 96
555.63, 96
555.64, 96
556.28, 96
556.28, 96
556.28, 96
556.32, 96
556.32, 96
556.35, 96
556.42, 96
556.42, 96
556.99, 96
557.21, 96
557.21, 96
557.21, 96
557.66, 96
557.66, 96
558.63, 96
558.63, 96
558.63, 96
558.63, 96
558.71, 96
558.93, 96
558.93, 96
559.00, 96
559.58, 96
559.58, 96
559.58, 96
559.58, 96
559.74, 96
561.02, 96
561.08, 96
561.84, 96
562.27, 96
562.54, 96
562.82, 96
563.16, 96
563.16, 96
563.21, 96
563.21, 96
563.21, 96
564.30, 96
564.40, 96
564.89, 96
564.98, 96
564.98, 96
565.35, 96
565.35, 96
565.51, 96
565.84, 96
566.13, 96
566.13, 96
566.90, 96
566.90, 96
566.96, 96
567.04, 96
567.04, 96
567.26, 96
568.17, 96
568.21, 96
568.21, 96
568.21, 96
568.92, 96
570.24, 96
571.02, 96
571.63, 96
572.13, 96
572.14, 96
572.38, 96
572.42, 96
572.42, 96
572.99, 96
572.99, 96
573.45, 96
574.07, 96
574.26, 96
574.26, 96
575.97, 96
576.80, 96
576.94, 96
577.59, 96
577.78, 96
578.65, 96
578.65, 96
578.85, 96
578.85, 96
578.87, 96
578.87, 96
579.74, 96
579.74, 96
579.95, 96
580.41, 96
580.41, 96
580.41, 96
580.81, 96
580.82, 96
580.93, 96
581.82, 96
581.82, 96
581.98, 96
582.47, 96
584.18, 96
584.36, 96
584.36, 96
584.50, 96
584.63, 96
584.64, 96
584.73, 96
584.74, 96
584.74, 96
584.88, 96
585.50, 96
585.81, 96
585.81, 96
586.64, 96
586.65, 96
586.79, 96
587.24, 96
587.25, 96
587.25, 96
587.25, 96
587.63, 96
587.63, 96
587.82, 96
587.82, 96
590.05, 96
590.77, 96
590.77, 96
590.77, 96
590.77, 96
591.92, 96
591.92, 96
591.97, 96
591.97, 96
591.97, 96
591.98, 96
591.98, 96
591.98, 96
592.03, 96
592.34, 96
593.60, 96
593.77, 96
593.77, 96
593.77, 96
594.33, 96
594.64, 96
594.64, 96
594.65, 96
594.65, 96
595.53, 96
595.53, 96
597.89, 96
597.90, 96
598.31, 96
598.46, 96
598.46, 96
598.65, 96
598.65, 96
598.79, 96
598.80, 96
598.93, 96
598.93, 96
598.94, 96
598.94, 96
598.94, 96
