0.01, 102
0.01, 99
0.01, 99
0.02, 99
0.02, 99
0.03, 98
0.03, 98
0.03, 98
0.03, 98
0.05, 98
0.05, 97
0.06, 97
0.06, 97
0.07, 97
0.10, 97
0.10, 97
0.13, 97
0.13, 97
0.13, 97
0.26, 97
0.27, 97
0.32, 97
0.34, 97
0.34, 97
0.34, 97
0.39, 97
0.39, 97
0.39, 97
0.46, 97
0.46, 97
0.46, 97
0.50, 97
0.54, 97
0.54, 97
0.58, 97
0.58, 97
0.58, 97
0.58, 97
0.58, 97
0.58, 97
0.59, 97
0.59, 97
0.64, 97
0.64, 97
0.64, 97
0.64, 96
1.30, 96
2.37, 96
2.46, 96
2.53, 96
2.53, 96
3.52, 96
5.55, 96
5.79, 96
6.43, 96
6.48, 96
6.62, 96
6.62, 96
7.09, 96
8.01, 96
8.03, 96
8.03, 96
8.19, 96
8.19, 96
9.36, 96
9.63, 96
9.63, 96
9.83, 96
10.56, 96
11.67, 96
11.79, 96
13.16, 96
13.16, 96
13.42, 96
13.42, 96
13.94, 96
14.10, 96
14.10, 96
14.52, 96
14.52, 96
14.95, 96
14.95, 96
14.95, 96
15.34, 96
15.43, 96
15.46, 96
15.50, 96
15.53, 96
16.76, 96
16.76, 96
16.85, 96
16.85, 96
17.05, 96
17.05, 96
17.30, 96
17.30, 96
17.30, 96
17.58, 96
17.58, 96
18.26, 96
18.26, 96
18.27, 96
18.28, 96
18.28, 96
18.28, 96
18.29, 96
19.29, 96
19.30, 96
19.30, 96
19.89, 96
20.11, 96
20.11, 96
20.11, 96
20.59, 96
21.44, 96
22.10, 96
22.10, 96
22.73, 96
24.96, 96
24.97, 96
25.14, 96
25.19, 96
25.19, 96
25.20, 96
25.60, 96
25.70, 96
26.02, 96
26.55, 96
26.88, 96
26.88, 96
27.13, 96
27.21, 96
27.29, 96
27.33, 96
27.37, 96
27.37, 96
27.44, 96
29.04, 96
29.30, 96
29.30, 96
29.30, 96
30.17, 96
31.28, 96
31.33, 96
31.33, 96
31.34, 96
31.34, 96
31.54, 96
31.93, 96
32.18, 96
32.18, 96
32.18, 96
32.59, 96
32.60, 96
32.76, 96
34.43, 96
34.53, 96
35.03, 96
35.03, 96
35.14, 96
35.65, 96
35.65, 96
35.65, 96
35.87, 96
36.01, 96
36.04, 96
37.00, 96
37.00, 96
37.00, 96
37.00, 96
37.00, 96
37.06, 96
38.10, 96
38.75, 96
38.75, 96
39.02, 96
39.11, 96
40.25, 96
40.25, 96
40.25, 96
40.25, 96
40.25, 96
40.30, 96
40.59, 96
40.64, 96
41.26, 96
41.26, 96
41.37, 96
42.10, 96
42.26, 96
42.26, 96
42.39, 96
42.56, 96
44.13, 96
45.04, 96
45.04, 96
45.20, 96
45.21, 96
45.25, 96
45.25, 96
45.78, 96
45.84, 96
45.84, 96
45.94, 96
45.94, 96
45.94, 96
45.99, 96
46.00, 96
46.00, 96
46.22, 96
46.24, 96
46.24, 96
46.51, 96
46.51, 96
47.08, 96
47.22, 96
47.61, 96
48.28, 96
48.32, 96
49.39, 96
50.67, 96
50.67, 96
50.98, 96
51.15, 96
51.80, 96
52.73, 96
52.73, 96
52.74, 96
53.03, 96
53.03, 96
53.19, 96
53.19, 96
53.19, 96
53.73, 96
53.73, 96
54.37, 96
54.39, 96
54.42, 96
54.96, 96
54.96, 96
55.11, 96
55.11, 96
56.02, 96
56.39, 96
56.39, 96
56.39, 96
56.39, 96
56.43, 96
56.58, 96
56.62, 96
56.62, 96
56.89, 96
56.89, 96
56.89, 96
56.89, 96
56.89, 96
56.90, 96
57.41, 96
57.41, 96
57.41, 96
58.13, 96
58.13, 96
58.71, 96
58.71, 96
59.35, 96
59.44, 96
59.44, 96
59.57, 96
59.57, 96
59.57, 96
59.57, 96
60.04, 96
60.04, 96
60.33, 96
60.33, 96
60.62, 96
60.62, 96
61.57, 96
61.57, 96
61.58, 96
61.58, 96
61.58, 96
61.87, 96
61.87, 96
62.92, 96
62.92, 96
63.33, 96
63.64, 96
63.64, 96
64.44, 96
64.74, 96
64.74, 96
65.10, 96
65.41, 96
66.58, 96
66.97, 96
66.97, 96
67.46, 96
67.64, 96
68.04, 96
68.04, 96
68.32, 96
68.87, 96
68.87, 96
68.87, 96
69.15, 96
69.96, 96
71.94, 96
72.02, 96
72.02, 96
72.50, 96
72.50, 96
72.84, 96
72.97, 96
72.97, 96
73.30, 96
73.69, 96
73.69, 96
73.69, 96
73.69, 96
74.83, 96
74.96, 96
75.29, 96
76.45, 96
76.95, 96
77.41, 96
77.89, 96
77.89, 96
78.19, 96
78.84, 96
78.84, 96
79.09, 96
79.09, 96
79.95, 96
79.95, 96
80.44, 96
80.55, 96
80.58, 96
80.58, 96
80.58, 96
80.69, 96
81.01, 96
81.80, 96
81.80, 96
81.80, 96
81.93, 96
81.93, 96
81.93, 96
81.93, 96
81.93, 96
81.94, 96
82.06, 96
82.06, 96
83.75, 96
83.75, 96
83.75, 96
83.75, 96
84.55, 96
84.81, 96
84.92, 96
85.74, 96
85.74, 96
86.06, 96
86.19, 96
86.47, 96
86.55, 96
86.71, 96
86.71, 96
87.20, 96
87.54, 96
87.75, 96
87.84, 96
88.04, 96
88.04, 96
88.83, 96
88.83, 96
88.85, 96
90.39, 96
90.39, 96
90.41, 96
91.21, 96
91.21, 96
91.21, 96
91.56, 96
92.06, 96
92.81, 96
92.81, 96
93.39, 96
94.75, 96
95.66, 96
95.66, 96
95.93, 96
96.40, 96
96.40, 96
98.70, 96
98.72, 96
98.72, 96
99.16, 96
99.46, 96
99.46, 96
99.46, 96
99.47, 96
99.54, 96
99.62, 96
99.62, 96
99.63, 96
101.24, 96
101.24, 96
101.40, 96
101.41, 96
101.41, 96
101.97, 96
102.61, 96
102.61, 96
102.68, 96
102.73, 96
102.73, 96
102.73, 96
102.73, 96
103.31, 96
105.22, 96
105.23, 96
105.87, 96
105.87, 96
105.87, 96
105.91, 96
105.92, 96
105.92, 96
106.01, 96
106.01, 96
106.37, 96
106.82, 96
106.93, 96
107.64, 96
107.79, 96
107.79, 96
107.79, 96
107.79, 96
107.79, 96
108.38, 96
108.38, 96
108.39, 96
108.39, 96
108.39, 96
108.82, 96
108.82, 96
110.13, 96
110.13, 96
110.86, 96
110.86, 96
111.10, 96
111.39, 96
113.05, 96
113.89, 96
113.89, 96
113.89, 96
113.89, 96
113.89, 96
113.89, 96
115.20, 96
115.20, 96
115.20, 96
115.46, 96
115.46, 96
115.46, 96
115.46, 96
115.60, 96
115.81, 96
115.81, 96
115.81, 96
115.82, 96
115.82, 96
115.82, 96
116.42, 96
116.42, 96
118.19, 96
118.19, 96
118.19, 96
119.59, 96
119.82, 96
120.02, 96
120.40, 96
120.40, 96
120.40, 96
120.54, 96
120.54, 96
120.54, 96
120.54, 96
120.57, 96
120.57, 96
121.09, 96
121.36, 96
121.71, 96
121.76, 96
121.76, 96
122.38, 96
122.61, 96
123.23, 96
123.59, 96
123.95, 96
124.01, 96
124.01, 96
124.01, 96
124.02, 96
124.41, 96
124.73, 96
124.74, 96
124.74, 96
124.74, 96
124.74, 96
124.75, 96
125.01, 96
125.01, 96
125.03, 96
125.08, 96
125.08, 96
125.08, 96
125.44, 96
125.89, 96
125.89, 96
126.15, 96
126.99, 96
126.99, 96
127.78, 96
127.91, 96
127.91, 96
128.06, 96
128.18, 96
128.19, 96
128.19, 96
129.12, 96
129.34, 96
129.90, 96
129.90, 96
130.09, 96
130.81, 96
130.81, 96
130.87, 96
131.31, 96
131.45, 96
131.46, 96
131.89, 96
131.89, 96
132.58, 96
132.59, 96
133.13, 96
133.58, 96
133.59, 96
133.59, 96
133.59, 96
134.96, 96
134.96, 96
135.39, 96
135.89, 96
136.45, 96
136.50, 96
136.50, 96
136.60, 96
136.78, 96
137.57, 96
138.28, 96
138.69, 96
138.69, 96
138.95, 96
139.81, 96
140.70, 96
140.70, 96
141.65, 96
142.04, 96
142.25, 96
142.63, 96
143.20, 96
143.20, 96
143.68, 96
144.14, 96
144.14, 96
144.21, 96
145.23, 96
145.33, 96
145.33, 96
145.95, 96
146.30, 96
146.30, 96
146.30, 96
146.46, 96
146.47, 96
146.58, 96
146.61, 96
146.61, 96
146.61, 96
147.16, 96
147.16, 96
147.86, 96
147.86, 96
148.04, 96
148.04, 96
148.04, 96
148.04, 96
148.64, 96
148.64, 96
148.64, 96
148.69, 96
148.71, 96
149.33, 96
149.33, 96
149.33, 96
149.33, 96
149.33, 96
149.34, 96
149.45, 96
149.45, 96
149.46, 96
149.46, 96
149.63, 96
150.07, 96
150.94, 96
150.94, 96
151.52, 96
151.52, 96
152.00, 96
152.00, 96
152.00, 96
152.06, 96
152.06, 96
152.06, 96
152.24, 96
152.53, 96
152.62, 96
153.21, 96
153.22, 96
153.30, 96
153.75, 96
153.85, 96
154.03, 96
154.71, 96
155.14, 96
155.40, 96
156.30, 96
156.40, 96
156.40, 96
156.77, 96
156.77, 96
156.77, 96
156.89, 96
157.03, 96
157.03, 96
157.19, 96
157.33, 96
157.33, 96
157.33, 96
157.34, 96
158.33, 96
158.33, 96
158.33, 96
158.37, 96
158.37, 96
158.37, 96
158.37, 96
159.97, 96
160.02, 96
160.02, 96
160.29, 96
161.43, 96
161.61, 96
161.92, 96
163.40, 96
163.65, 96
163.77, 96
164.43, 96
164.47, 96
164.47, 96
164.57, 96
165.59, 96
165.59, 96
165.83, 96
165.96, 96
167.05, 96
167.46, 96
167.46, 96
167.73, 96
168.14, 96
168.78, 96
168.78, 96
168.78, 96
168.80, 96
169.22, 96
169.22, 96
169.22, 96
169.22, 96
169.72, 96
170.12, 96
170.15, 96
170.15, 96
171.21, 96
171.40, 96
171.61, 96
171.90, 96
171.91, 96
171.91, 96
172.44, 96
172.44, 96
172.44, 96
173.07, 96
173.31, 96
173.31, 96
173.76, 96
174.02, 96
175.52, 96
175.57, 96
175.57, 96
175.82, 96
176.10, 96
176.81, 96
177.64, 96
177.64, 96
177.64, 96
177.64, 96
177.68, 96
177.68, 96
178.05, 96
178.62, 96
178.87, 96
179.56, 96
179.56, 96
180.11, 96
180.15, 96
180.68, 96
181.08, 96
181.08, 96
181.34, 96
181.34, 96
181.34, 96
181.88, 96
181.88, 96
182.00, 96
182.31, 96
182.71, 96
182.71, 96
182.71, 96
182.71, 96
182.75, 96
183.08, 96
183.28, 96
183.29, 96
183.43, 96
183.95, 96
183.95, 96
183.95, 96
183.95, 96
183.95, 96
184.50, 96
184.50, 96
184.61, 96
184.72, 96
184.72, 96
185.17, 96
185.18, 96
185.30, 96
185.30, 96
185.30, 96
185.31, 96
185.31, 96
185.59, 96
185.97, 96
185.98, 96
185.98, 96
185.98, 96
186.02, 96
186.28, 96
186.53, 96
187.11, 96
187.31, 96
187.51, 96
187.51, 96
187.67, 96
187.67, 96
187.67, 96
187.85, 96
187.85, 96
187.85, 96
187.92, 96
187.93, 96
188.12, 96
188.67, 96
188.67, 96
188.67, 96
188.67, 96
188.87, 96
188.87, 96
191.28, 96
191.28, 96
191.46, 96
192.42, 96
192.42, 96
192.42, 96
192.63, 96
192.63, 96
192.71, 96
192.73, 96
192.93, 96
192.93, 96
192.93, 96
192.93, 96
193.03, 96
193.03, 96
193.22, 96
193.91, 96
193.92, 96
194.81, 96
194.82, 96
195.30, 96
196.11, 96
196.37, 96
196.55, 96
196.55, 96
196.95, 96
196.95, 96
196.95, 96
196.99, 96
197.00, 96
197.00, 96
197.68, 96
197.68, 96
198.04, 96
199.20, 96
199.25, 96
199.26, 96
199.26, 96
199.26, 96
200.32, 96
200.70, 96
201.18, 96
201.18, 96
201.28, 96
201.28, 96
201.28, 96
202.37, 96
204.31, 96
204.32, 96
204.32, 96
204.32, 96
204.58, 96
204.58, 96
205.15, 96
205.45, 96
205.64, 96
205.83, 96
207.57, 96
207.57, 96
208.40, 96
208.71, 96
208.71, 96
208.71, 96
208.71, 96
208.81, 96
208.83, 96
209.19, 96
209.19, 96
209.19, 96
209.19, 96
209.19, 96
209.25, 96
209.25, 96
209.25, 96
209.47, 96
209.47, 96
209.47, 96
209.75, 96
210.24, 96
210.24, 96
210.95, 96
210.95, 96
210.95, 96
210.95, 96
211.07, 96
211.07, 96
211.08, 96
211.17, 96
211.17, 96
211.17, 96
211.17, 96
211.17, 96
211.58, 96
211.58, 96
211.58, 96
211.71, 96
211.71, 96
212.37, 96
212.58, 96
212.58, 96
212.58, 96
212.58, 96
212.79, 96
212.79, 96
212.79, 96
212.79, 96
214.17, 96
214.37, 96
214.37, 96
214.39, 96
214.40, 96
214.77, 96
215.34, 96
215.34, 96
215.35, 96
215.35, 96
215.35, 96
215.46, 96
215.46, 96
215.53, 96
215.77, 96
215.77, 96
215.95, 96
215.95, 96
215.95, 96
216.37, 96
216.83, 96
216.83, 96
217.00, 96
217.07, 96
217.12, 96
217.12, 96
217.12, 96
217.22, 96
217.22, 96
217.53, 96
217.53, 96
218.22, 96
218.22, 96
218.28, 96
218.76, 96
219.23, 96
219.27, 96
219.79, 96
219.79, 96
219.83, 96
220.61, 96
221.10, 96
221.38, 96
221.71, 96
221.95, 96
221.95, 96
223.37, 96
224.21, 96
224.51, 96
224.57, 96
224.57, 96
224.57, 96
224.72, 96
224.72, 96
225.06, 96
225.73, 96
226.03, 96
226.03, 96
226.54, 96
227.64, 96
227.64, 96
228.21, 96
228.21, 96
228.21, 96
228.28, 96
228.32, 96
228.59, 96
229.21, 96
229.79, 96
230.34, 96
230.81, 96
230.81, 96
230.84, 96
230.84, 96
231.32, 96
231.35, 96
231.35, 96
231.38, 96
231.66, 96
231.66, 96
231.80, 96
233.66, 96
233.86, 96
234.08, 96
234.34, 96
235.36, 96
235.36, 96
235.36, 96
236.27, 96
236.27, 96
236.27, 96
236.27, 96
236.29, 96
237.06, 96
237.21, 96
237.23, 96
239.39, 96
239.39, 96
239.58, 96
239.58, 96
239.71, 96
239.74, 96
240.26, 96
240.87, 96
240.87, 96
240.87, 96
242.28, 96
242.33, 96
242.33, 96
243.32, 96
243.32, 96
243.37, 96
243.55, 96
243.56, 96
244.05, 96
244.05, 96
244.05, 96
244.16, 96
244.45, 96
244.46, 96
245.67, 96
245.67, 96
245.72, 96
246.15, 96
246.48, 96
246.48, 96
246.54, 96
246.54, 96
247.08, 96
247.08, 96
247.08, 96
247.08, 96
247.08, 96
247.09, 96
247.23, 96
247.48, 96
248.12, 96
248.45, 96
248.45, 96
248.81, 96
249.12, 96
249.14, 96
249.43, 96
249.43, 96
249.51, 96
249.80, 96
250.40, 96
250.69, 96
250.69, 96
250.69, 96
251.35, 96
251.70, 96
251.91, 96
252.26, 96
252.27, 96
252.27, 96
252.27, 96
252.50, 96
252.59, 96
252.68, 96
252.68, 96
252.68, 96
253.04, 96
253.04, 96
253.04, 96
253.04, 96
253.04, 96
253.28, 96
253.28, 96
254.14, 96
254.14, 96
254.47, 96
254.53, 96
254.53, 96
254.64, 96
254.64, 96
254.72, 96
254.92, 96
255.85, 96
256.04, 96
256.62, 96
256.88, 96
257.18, 96
258.56, 96
258.56, 96
258.56, 96
258.56, 96
259.39, 96
259.39, 96
259.77, 96
259.91, 96
260.08, 96
260.69, 96
260.69, 96
260.69, 96
261.17, 96
262.59, 96
263.58, 96
263.72, 96
263.96, 96
263.98, 96
263.98, 96
264.19, 96
264.88, 96
264.95, 96
265.28, 96
265.62, 96
267.56, 96
268.07, 96
268.08, 96
268.10, 96
268.10, 96
268.10, 96
268.10, 96
268.10, 96
268.22, 96
268.28, 96
268.28, 96
268.28, 96
268.66, 96
268.71, 96
270.26, 96
270.27, 96
270.33, 96
270.34, 96
270.49, 96
270.93, 96
272.89, 96
273.30, 96
273.30, 96
273.77, 96
274.04, 96
274.45, 96
274.46, 96
274.46, 96
274.73, 96
274.92, 96
274.96, 96
274.98, 96
275.58, 96
275.58, 96
276.24, 96
276.94, 96
276.95, 96
277.01, 96
277.10, 96
277.10, 96
277.10, 96
277.10, 96
278.06, 96
278.07, 96
278.74, 96
278.74, 96
278.89, 96
280.37, 96
280.43, 96
280.44, 96
280.54, 96
281.13, 96
281.13, 96
281.38, 96
281.38, 96
281.38, 96
281.38, 96
282.21, 96
282.21, 96
282.21, 96
282.21, 96
282.21, 96
282.26, 96
282.26, 96
282.26, 96
283.34, 96
283.34, 96
283.54, 96
283.54, 96
284.41, 96
284.41, 96
284.41, 96
284.62, 96
285.22, 96
285.53, 96
285.53, 96
285.53, 96
286.07, 96
286.70, 96
286.73, 96
286.73, 96
287.00, 96
287.64, 96
287.64, 96
287.72, 96
288.15, 96
288.68, 96
288.82, 96
289.12, 96
289.86, 96
290.00, 96
290.63, 96
290.64, 96
290.64, 96
291.26, 96
291.35, 96
291.89, 96
291.91, 96
294.72, 96
295.28, 96
295.30, 96
295.30, 96
297.54, 96
297.55, 96
298.11, 96
299.22, 96
299.22, 96
299.64, 96
299.73, 96
299.73, 96
302.13, 96
303.22, 96
303.73, 96
303.97, 96
304.40, 96
304.72, 96
304.89, 96
304.89, 96
304.89, 96
304.89, 96
305.16, 96
305.39, 96
306.25, 96
307.19, 96
307.19, 96
307.19, 96
307.43, 96
307.92, 96
309.60, 96
309.69, 96
309.69, 96
310.42, 96
310.42, 96
310.43, 96
310.43, 96
310.43, 96
310.58, 96
310.58, 96
310.77, 96
310.77, 96
310.91, 96
311.55, 96
311.83, 96
313.22, 96
313.29, 96
314.20, 96
314.20, 96
314.20, 96
314.21, 96
314.34, 96
314.34, 96
314.38, 96
314.38, 96
314.38, 96
314.54, 96
314.94, 96
315.75, 96
315.84, 96
316.09, 96
317.39, 96
318.02, 96
318.37, 96
318.37, 96
318.49, 96
318.94, 96
319.37, 96
320.01, 96
321.03, 96
321.06, 96
321.07, 96
321.88, 96
321.97, 96
321.97, 96
322.49, 96
322.49, 96
322.49, 96
322.49, 96
322.49, 96
322.50, 96
322.50, 96
324.34, 96
324.34, 96
324.37, 96
324.72, 96
325.04, 96
325.04, 96
325.28, 96
325.28, 96
325.28, 96
325.28, 96
325.52, 96
326.08, 96
326.69, 96
326.77, 96
326.77, 96
326.77, 96
326.79, 96
326.79, 96
326.79, 96
328.08, 96
328.37, 96
328.38, 96
329.57, 96
330.31, 96
331.03, 96
331.03, 96
331.03, 96
331.13, 96
331.13, 96
331.61, 96
332.49, 96
332.49, 96
332.49, 96
332.50, 96
332.50, 96
332.80, 96
332.98, 96
333.47, 96
333.55, 96
333.59, 96
333.98, 96
334.66, 96
334.66, 96
335.04, 96
335.19, 96
336.27, 96
336.27, 96
336.73, 96
337.43, 96
338.01, 96
338.01, 96
338.05, 96
338.05, 96
338.44, 96
339.04, 96
339.04, 96
339.04, 96
339.38, 96
339.47, 96
339.47, 96
339.47, 96
340.55, 96
340.55, 96
340.56, 96
340.71, 96
340.83, 96
340.83, 96
340.83, 96
340.83, 96
340.83, 96
340.84, 96
340.84, 96
340.84, 96
340.84, 96
340.84, 96
341.69, 96
341.75, 96
341.99, 96
341.99, 96
342.24, 96
342.32, 96
343.18, 96
343.97, 96
344.00, 96
344.00, 96
344.31, 96
344.31, 96
345.71, 96
345.78, 96
345.78, 96
346.04, 96
346.54, 96
347.23, 96
347.83, 96
348.51, 96
350.77, 96
351.36, 96
353.40, 96
354.04, 96
355.12, 96
355.78, 96
355.78, 96
355.96, 96
356.23, 96
356.38, 96
357.50, 96
357.50, 96
357.50, 96
357.57, 96
357.95, 96
357.95, 96
358.06, 96
358.25, 96
358.94, 96
359.71, 96
359.71, 96
360.40, 96
360.84, 96
361.11, 96
361.11, 96
361.12, 96
361.12, 96
361.17, 96
361.17, 96
361.17, 96
361.17, 96
361.18, 96
361.18, 96
361.18, 96
361.86, 96
361.96, 96
362.06, 96
362.61, 96
362.62, 96
363.13, 96
363.13, 96
363.13, 96
364.13, 96
365.05, 96
365.05, 96
365.15, 96
365.15, 96
365.17, 96
366.10, 96
366.41, 96
366.66, 96
366.66, 96
367.51, 96
367.51, 96
367.51, 96
367.52, 96
367.75, 96
368.36, 96
368.36, 96
368.36, 96
368.67, 96
368.67, 96
368.68, 96
368.68, 96
368.78, 96
368.78, 96
368.78, 96
369.58, 96
370.54, 96
370.54, 96
371.08, 96
371.53, 96
371.53, 96
371.53, 96
371.53, 96
372.46, 96
372.46, 96
372.69, 96
373.23, 96
373.23, 96
373.23, 96
373.89, 96
373.89, 96
374.71, 96
374.71, 96
374.71, 96
374.71, 96
376.03, 96
376.24, 96
376.24, 96
377.25, 96
378.48, 96
378.75, 96
378.75, 96
378.75, 96
379.13, 96
379.75, 96
379.88, 96
380.16, 96
380.27, 96
380.27, 96
380.36, 96
380.53, 96
380.53, 96
380.71, 96
380.71, 96
381.35, 96
381.35, 96
381.47, 96
381.47, 96
381.57, 96
381.79, 96
382.25, 96
382.37, 96
382.38, 96
382.38, 96
382.38, 96
382.45, 96
382.65, 96
382.65, 96
382.96, 96
383.26, 96
385.18, 96
385.18, 96
385.25, 96
385.49, 96
385.49, 96
385.75, 96
386.00, 96
386.37, 96
386.50, 96
386.55, 96
387.43, 96
387.71, 96
387.71, 96
387.78, 96
387.78, 96
388.46, 96
388.68, 96
388.68, 96
388.68, 96
388.68, 96
388.68, 96
388.68, 96
388.72, 96
388.77, 96
388.91, 96
389.51, 96
389.76, 96
389.76, 96
389.76, 96
389.76, 96
389.76, 96
389.76, 96
389.79, 96
392.85, 96
392.85, 96
392.85, 96
392.85, 96
392.85, 96
393.09, 96
393.10, 96
393.10, 96
393.15, 96
393.15, 96
393.47, 96
393.87, 96
393.87, 96
394.06, 96
394.06, 96
394.06, 96
394.18, 96
394.32, 96
394.32, 96
394.33, 96
394.93, 96
396.72, 96
396.81, 96
397.41, 96
397.42, 96
398.09, 96
399.33, 96
399.54, 96
399.65, 96
400.26, 96
400.31, 96
400.31, 96
400.43, 96
400.43, 96
401.24, 96
401.24, 96
401.24, 96
402.20, 96
402.20, 96
403.28, 96
403.28, 96
403.29, 96
403.29, 96
403.29, 96
403.52, 96
403.52, 96
403.86, 96
404.05, 96
404.05, 96
404.05, 96
406.44, 96
407.10, 96
407.10, 96
407.10, 96
407.10, 96
407.10, 96
407.44, 96
407.44, 96
407.50, 96
407.62, 96
407.82, 96
408.12, 96
408.13, 96
408.13, 96
408.51, 96
408.90, 96
410.11, 96
410.11, 96
411.08, 96
411.97, 96
412.29, 96
412.93, 96
412.93, 96
413.31, 96
414.61, 96
414.61, 96
414.61, 96
414.66, 96
414.66, 96
414.66, 96
414.66, 96
414.66, 96
414.66, 96
414.66, 96
414.67, 96
414.67, 96
414.67, 96
414.90, 96
414.90, 96
414.90, 96
415.25, 96
415.64, 96
415.83, 96
416.14, 96
416.44, 96
416.44, 96
416.50, 96
417.20, 96
418.81, 96
419.00, 96
419.64, 96
419.64, 96
419.64, 96
419.64, 96
420.34, 96
420.34, 96
420.34, 96
420.34, 96
421.27, 96
421.27, 96
421.27, 96
421.31, 96
421.31, 96
421.31, 96
421.31, 96
421.33, 96
421.33, 96
421.53, 96
421.64, 96
421.64, 96
421.65, 96
421.78, 96
421.93, 96
422.93, 96
423.50, 96
423.79, 96
424.44, 96
424.44, 96
424.62, 96
424.71, 96
424.71, 96
425.72, 96
425.79, 96
425.79, 96
426.53, 96
428.17, 96
428.92, 96
428.92, 96
428.98, 96
429.84, 96
429.84, 96
429.84, 96
430.46, 96
430.46, 96
430.59, 96
430.59, 96
430.72, 96
430.72, 96
431.22, 96
431.22, 96
431.22, 96
431.22, 96
431.22, 96
431.24, 96
431.24, 96
431.56, 96
431.56, 96
432.17, 96
433.34, 96
433.84, 96
434.45, 96
434.56, 96
434.56, 96
435.19, 96
435.33, 96
435.33, 96
435.33, 96
435.34, 96
435.45, 96
435.45, 96
435.55, 96
435.56, 96
436.18, 96
436.19, 96
436.19, 96
436.24, 96
436.24, 96
436.38, 96
436.38, 96
437.36, 96
437.75, 96
438.19, 96
438.40, 96
438.83, 96
438.83, 96
438.91, 96
438.91, 96
438.92, 96
438.92, 96
439.14, 96
439.75, 96
441.11, 96
441.31, 96
441.32, 96
441.32, 96
441.49, 96
442.89, 96
443.35, 96
443.40, 96
443.40, 96
443.41, 96
443.42, 96
443.56, 96
443.69, 96
443.69, 96
443.87, 96
443.96, 96
444.36, 96
444.47, 96
444.47, 96
444.48, 96
444.48, 96
444.48, 96
444.48, 96
444.59, 96
444.93, 96
444.93, 96
444.93, 96
445.76, 96
446.42, 96
446.47, 96
446.53, 96
447.32, 96
448.08, 96
448.11, 96
448.46, 96
448.48, 96
448.48, 96
448.66, 96
448.66, 96
449.28, 96
449.48, 96
449.77, 96
450.88, 96
450.92, 96
450.97, 96
450.97, 96
451.45, 96
451.97, 96
451.97, 96
452.52, 96
452.52, 96
452.52, 96
452.52, 96
452.52, 96
452.53, 96
452.53, 96
452.53, 96
452.53, 96
452.76, 96
452.88, 96
453.00, 96
453.00, 96
453.77, 96
454.75, 96
454.75, 96
454.76, 96
454.76, 96
454.94, 96
455.48, 96
455.69, 96
455.69, 96
455.89, 96
455.89, 96
456.26, 96
457.27, 96
457.62, 96
457.62, 96
457.93, 96
457.93, 96
458.37, 96
458.37, 96
458.37, 96
458.37, 96
458.52, 96
458.52, 96
458.52, 96
458.52, 96
458.57, 96
458.79, 96
458.79, 96
458.79, 96
458.80, 96
459.67, 96
459.80, 96
459.80, 96
460.38, 96
460.38, 96
460.49, 96
460.49, 96
460.49, 96
460.49, 96
460.49, 96
462.21, 96
462.22, 96
462.26, 96
462.68, 96
462.68, 96
463.12, 96
463.13, 96
463.45, 96
463.81, 96
464.86, 96
465.64, 96
465.64, 96
467.13, 96
467.13, 96
467.39, 96
467.39, 96
467.63, 96
467.84, 96
467.84, 96
468.26, 96
468.33, 96
468.33, 96
468.33, 96
468.33, 96
468.53, 96
468.67, 96
469.13, 96
469.13, 96
469.13, 96
469.14, 96
469.36, 96
469.55, 96
469.88, 96
469.88, 96
470.70, 96
471.12, 96
472.10, 96
472.29, 96
472.29, 96
472.93, 96
473.12, 96
473.12, 96
473.12, 96
473.38, 96
474.23, 96
474.23, 96
474.23, 96
474.23, 96
474.23, 96
475.33, 96
475.75, 96
476.02, 96
476.02, 96
476.04, 96
477.48, 96
477.48, 96
477.48, 96
477.53, 96
479.48, 96
479.48, 96
479.49, 96
479.64, 96
480.21, 96
480.21, 96
480.22, 96
480.30, 96
480.67, 96
480.67, 96
480.67, 96
480.77, 96
480.79, 96
480.91, 96
481.35, 96
481.60, 96
481.60, 96
482.03, 96
482.71, 96
482.92, 96
483.16, 96
483.19, 96
483.83, 96
483.96, 96
483.96, 96
483.97, 96
484.17, 96
485.21, 96
485.21, 96
485.87, 96
485.87, 96
485.87, 96
485.87, 96
485.88, 96
485.88, 96
486.66, 96
487.42, 96
487.42, 96
488.68, 96
488.68, 96
488.68, 96
488.85, 96
488.95, 96
489.31, 96
490.81, 96
490.83, 96
491.33, 96
491.43, 96
492.11, 96
492.11, 96
492.63, 96
494.00, 96
494.00, 96
494.04, 96
494.17, 96
494.17, 96
494.17, 96
494.17, 96
494.17, 96
494.28, 96
494.41, 96
494.68, 96
494.77, 96
495.45, 96
495.46, 96
496.02, 96
496.37, 96
496.45, 96
496.45, 96
496.61, 96
497.23, 96
497.49, 96
497.71, 96
497.91, 96
497.91, 96
498.75, 96
498.75, 96
498.76, 96
498.76, 96
498.92, 96
499.23, 96
499.23, 96
499.84, 96
499.84, 96
500.18, 96
500.18, 96
501.27, 96
501.27, 96
501.71, 96
502.57, 96
502.57, 96
503.25, 96
503.25, 96
503.58, 96
503.61, 96
503.61, 96
503.67, 96
503.79, 96
505.33, 96
505.33, 96
505.34, 96
505.76, 96
506.13, 96
506.37, 96
506.42, 96
506.45, 96
506.45, 96
506.77, 96
506.88, 96
507.10, 96
507.59, 96
507.76, 96
507.76, 96
508.21, 96
508.49, 96
508.49, 96
508.56, 96
509.96, 96
509.96, 96
509.96, 96
510.10, 96
510.10, 96
510.83, 96
511.08, 96
511.19, 96
511.21, 96
512.35, 96
512.45, 96
512.72, 96
514.43, 96
515.04, 96
515.27, 96
515.27, 96
515.27, 96
515.37, 96
515.37, 96
515.59, 96
515.59, 96
515.59, 96
515.59, 96
515.62, 96
515.62, 96
515.84, 96
515.84, 96
515.93, 96
516.50, 96
517.38, 96
517.42, 96
517.46, 96
517.46, 96
517.99, 96
518.31, 96
518.31, 96
518.70, 96
518.70, 96
518.72, 96
520.57, 96
520.57, 96
520.57, 96
521.38, 96
521.72, 96
522.16, 96
522.35, 96
522.56, 96
522.56, 96
522.72, 96
522.92, 96
523.14, 96
523.14, 96
523.56, 96
523.56, 96
523.56, 96
523.69, 96
523.69, 96
524.02, 96
524.19, 96
524.24, 96
524.24, 96
524.46, 96
524.51, 96
524.55, 96
524.55, 96
524.55, 96
524.55, 96
524.56, 96
524.56, 96
525.16, 96
525.67, 96
525.67, 96
525.74, 96
525.75, 96
525.75, 96
525.99, 96
526.52, 96
527.49, 96
529.47, 96
529.55, 96
530.06, 96
530.55, 96
530.62, 96
534.01, 96
534.01, 96
534.25, 96
535.34, 96
535.34, 96
535.42, 96
535.76, 96
535.88, 96
536.21, 96
536.21, 96
536.21, 96
536.21, 96
536.88, 96
537.31, 96
537.31, 96
537.31, 96
537.54, 96
537.55, 96
537.67, 96
537.67, 96
537.67, 96
537.93, 96
538.77, 96
538.96, 96
538.96, 96
539.34, 96
539.34, 96
539.99, 96
539.99, 96
540.20, 96
540.26, 96
540.27, 96
540.94, 96
541.04, 96
541.05, 96
541.37, 96
541.37, 96
541.37, 96
541.37, 96
541.50, 96
541.53, 96
541.85, 96
541.93, 96
541.94, 96
541.94, 96
541.94, 96
541.99, 96
542.00, 96
542.00, 96
542.00, 96
542.49, 96
542.74, 96
542.84, 96
542.84, 96
542.93, 96
543.58, 96
543.77, 96
543.77, 96
543.78, 96
544.20, 96
544.20, 96
544.42, 96
544.42, 96
544.52, 96
544.52, 96
544.54, 96
544.54, 96
544.59, 96
544.60, 96
544.60, 96
544.94, 96
545.12, 96
546.10, 96
546.49, 96
547.08, 96
547.08, 96
547.15, 96
547.15, 96
547.41, 96
547.41, 96
547.41, 96
547.44, 96
549.09, 96
549.34, 96
549.44, 96
549.49, 96
549.65, 96
550.78, 96
552.09, 96
553.25, 96
553.26, 96
553.87, 96
553.87, 96
553.87, 96
553.90, 96
553.90, 96
553.93, 96
553.99, 96
553.99, 96
554.55, 96
554.78, 96
554.78, 96
554.78, 96
555.20, 96
555.20, 96
556.10, 96
556.10, 96
556.10, 96
556.10, 96
556.15, 96
556.38, 96
556.38, 96
556.46, 96
557.01, 96
557.01, 96
557.01, 96
557.01, 96
557.18, 96
558.49, 96
558.55, 96
559.30, 96
559.73, 96
559.98, 96
560.24, 96
560.54, 96
560.54, 96
560.60, 96
560.60, 96
560.60, 96
561.63, 96
561.75, 96
562.27, 96
562.37, 96
562.38, 96
562.74, 96
562.75, 96
562.92, 96
563.25, 96
563.48, 96
563.48, 96
564.23, 96
564.23, 96
564.28, 96
564.36, 96
564.37, 96
564.58, 96
565.48, 96
565.52, 96
565.52, 96
565.52, 96
566.15, 96
567.54, 96
568.30, 96
568.89, 96
569.41, 96
569.41, 96
569.66, 96
569.71, 96
569.71, 96
570.29, 96
570.29, 96
570.69, 96
571.25, 96
571.45, 96
571.45, 96
573.21, 96
573.99, 96
574.12, 96
574.77, 96
574.96, 96
575.73, 96
575.74, 96
575.92, 96
575.92, 96
575.95, 96
575.95, 96
576.88, 96
576.88, 96
577.14, 96
577.64, 96
577.64, 96
577.64, 96
578.05, 96
578.06, 96
578.19, 96
579.07, 96
579.07, 96
579.24, 96
579.68, 96
581.25, 96
581.46, 96
581.46, 96
581.58, 96
581.69, 96
581.69, 96
581.75, 96
581.75, 96
581.76, 96
581.91, 96
582.66, 96
582.99, 96
582.99, 96
583.73, 96
583.73, 96
583.87, 96
584.31, 96
584.31, 96
584.31, 96
584.31, 96
584.72, 96
584.72, 96
584.92, 96
584.93, 96
587.22, 96
587.98, 96
587.98, 96
587.98, 96
587.98, 96
589.06, 96
589.06, 96
589.10, 96
589.11, 96
589.11, 96
589.12, 96
589.12, 96
589.12, 96
589.17, 96
589.48, 96
590.67, 96
590.82, 96
590.82, 96
590.82, 96
591.33, 96
591.62, 96
591.62, 96
591.62, 96
591.62, 96
592.62, 96
592.62, 96
594.94, 96
594.94, 96
595.38, 96
595.52, 96
595.52, 96
595.66, 96
595.66, 96
595.78, 96
595.79, 96
595.92, 96
595.92, 96
595.92, 96
595.92, 96
595.92, 96
596.74, 96
596.75, 96
597.13, 96
597.13, 96
597.13, 96
597.13, 96
597.14, 96
597.14, 96
597.52, 96
597.52, 96
598.54, 96
599.35, 96
599.35, 96
599.39, 96
