0.00, 102
0.00, 99
0.01, 99
0.01, 99
0.01, 99
0.01, 98
0.01, 98
0.01, 98
0.01, 98
0.02, 98
0.02, 97
0.03, 97
0.03, 97
0.05, 97
0.08, 97
0.08, 97
0.10, 97
0.10, 97
0.10, 97
0.22, 97
0.23, 97
0.30, 97
0.31, 97
0.31, 97
0.31, 97
0.37, 97
0.37, 97
0.37, 97
0.45, 97
0.45, 97
0.45, 97
0.50, 97
0.53, 97
0.53, 97
0.57, 97
0.57, 97
0.57, 97
0.57, 97
0.57, 97
0.57, 97
0.57, 97
0.57, 97
0.62, 97
0.62, 97
0.62, 97
0.62, 96
1.35, 96
2.37, 96
2.47, 96
2.53, 96
2.53, 96
3.63, 96
5.65, 96
5.88, 96
6.48, 96
6.52, 96
6.67, 96
6.67, 96
7.12, 96
8.08, 96
8.10, 96
8.10, 96
8.34, 96
8.34, 96
9.76, 96
10.02, 96
10.02, 96
10.24, 96
10.87, 96
11.91, 96
12.00, 96
13.39, 96
13.39, 96
13.73, 96
13.74, 96
14.24, 96
14.42, 96
14.42, 96
14.84, 96
14.84, 96
15.19, 96
15.19, 96
15.19, 96
15.59, 96
15.67, 96
15.69, 96
15.73, 96
15.75, 96
16.76, 96
16.76, 96
16.84, 96
16.84, 96
17.01, 96
17.01, 96
17.23, 96
17.23, 96
17.23, 96
17.47, 96
17.47, 96
18.03, 96
18.03, 96
18.03, 96
18.04, 96
18.04, 96
18.04, 96
18.04, 96
19.01, 96
19.01, 96
19.01, 96
19.59, 96
19.80, 96
19.81, 96
19.81, 96
20.29, 96
21.14, 96
21.71, 96
21.71, 96
22.30, 96
24.96, 96
24.96, 96
25.12, 96
25.17, 96
25.18, 96
25.19, 96
25.60, 96
25.70, 96
26.02, 96
26.49, 96
26.79, 96
26.79, 96
27.00, 96
27.10, 96
27.17, 96
27.23, 96
27.26, 96
27.26, 96
27.34, 96
28.96, 96
29.21, 96
29.22, 96
29.22, 96
30.12, 96
31.23, 96
31.28, 96
31.28, 96
31.28, 96
31.28, 96
31.48, 96
31.82, 96
32.05, 96
32.06, 96
32.06, 96
32.44, 96
32.44, 96
32.59, 96
34.39, 96
34.48, 96
34.99, 96
34.99, 96
35.12, 96
35.58, 96
35.58, 96
35.59, 96
35.79, 96
35.94, 96
35.98, 96
36.88, 96
36.88, 96
36.88, 96
36.88, 96
36.88, 96
36.93, 96
38.00, 96
38.75, 96
38.75, 96
39.02, 96
39.13, 96
40.34, 96
40.34, 96
40.34, 96
40.34, 96
40.34, 96
40.38, 96
40.69, 96
40.73, 96
41.36, 96
41.36, 96
41.44, 96
42.02, 96
42.16, 96
42.17, 96
42.28, 96
42.45, 96
44.17, 96
45.10, 96
45.10, 96
45.26, 96
45.27, 96
45.33, 96
45.34, 96
45.84, 96
45.90, 96
45.90, 96
45.99, 96
45.99, 96
45.99, 96
46.05, 96
46.05, 96
46.05, 96
46.29, 96
46.31, 96
46.31, 96
46.54, 96
46.55, 96
47.06, 96
47.18, 96
47.60, 96
48.32, 96
48.36, 96
49.55, 96
50.82, 96
50.82, 96
51.12, 96
51.28, 96
51.92, 96
52.79, 96
52.79, 96
52.79, 96
53.09, 96
53.09, 96
53.23, 96
53.23, 96
53.24, 96
53.89, 96
53.89, 96
54.59, 96
54.61, 96
54.65, 96
55.19, 96
55.19, 96
55.32, 96
55.32, 96
56.30, 96
56.67, 96
56.68, 96
56.69, 96
56.70, 96
56.73, 96
56.86, 96
56.89, 96
56.89, 96
57.11, 96
57.11, 96
57.11, 96
57.12, 96
57.12, 96
57.12, 96
57.56, 96
57.56, 96
57.56, 96
58.29, 96
58.29, 96
58.97, 96
58.98, 96
59.62, 96
59.71, 96
59.71, 96
59.84, 96
59.85, 96
59.85, 96
59.85, 96
60.32, 96
60.32, 96
60.61, 96
60.61, 96
60.91, 96
60.92, 96
61.85, 96
61.86, 96
61.86, 96
61.86, 96
61.86, 96
62.10, 96
62.10, 96
63.14, 96
63.14, 96
63.63, 96
63.99, 96
63.99, 96
64.77, 96
65.08, 96
65.08, 96
65.44, 96
65.77, 96
67.01, 96
67.35, 96
67.35, 96
67.82, 96
67.96, 96
68.36, 96
68.36, 96
68.72, 96
69.32, 96
69.32, 96
69.32, 96
69.62, 96
70.42, 96
72.33, 96
72.39, 96
72.39, 96
72.88, 96
72.88, 96
73.26, 96
73.40, 96
73.40, 96
73.81, 96
74.26, 96
74.26, 96
74.26, 96
74.26, 96
75.40, 96
75.51, 96
75.82, 96
76.92, 96
77.39, 96
77.84, 96
78.30, 96
78.30, 96
78.67, 96
79.44, 96
79.44, 96
79.70, 96
79.70, 96
80.63, 96
80.63, 96
81.11, 96
81.22, 96
81.25, 96
81.25, 96
81.25, 96
81.37, 96
81.68, 96
82.46, 96
82.46, 96
82.46, 96
82.59, 96
82.59, 96
82.59, 96
82.59, 96
82.59, 96
82.59, 96
82.69, 96
82.70, 96
84.57, 96
84.57, 96
84.57, 96
84.57, 96
85.34, 96
85.60, 96
85.71, 96
86.46, 96
86.46, 96
86.81, 96
86.94, 96
87.20, 96
87.27, 96
87.41, 96
87.41, 96
87.81, 96
88.11, 96
88.27, 96
88.37, 96
88.62, 96
88.62, 96
89.47, 96
89.47, 96
89.49, 96
91.06, 96
91.06, 96
91.09, 96
91.92, 96
91.92, 96
91.92, 96
92.30, 96
92.72, 96
93.54, 96
93.54, 96
94.22, 96
95.60, 96
96.49, 96
96.49, 96
96.78, 96
97.22, 96
97.22, 96
99.58, 96
99.60, 96
99.60, 96
100.07, 96
100.35, 96
100.35, 96
100.36, 96
100.37, 96
100.44, 96
100.53, 96
100.53, 96
100.53, 96
102.10, 96
102.10, 96
102.27, 96
102.27, 96
102.27, 96
102.78, 96
103.41, 96
103.41, 96
103.50, 96
103.61, 96
103.62, 96
103.62, 96
103.62, 96
104.25, 96
106.09, 96
106.09, 96
106.72, 96
106.72, 96
106.72, 96
106.76, 96
106.76, 96
106.77, 96
106.85, 96
106.85, 96
107.14, 96
107.53, 96
107.63, 96
108.29, 96
108.44, 96
108.44, 96
108.44, 96
108.44, 96
108.44, 96
109.08, 96
109.08, 96
109.08, 96
109.08, 96
109.08, 96
109.51, 96
109.51, 96
110.84, 96
110.84, 96
111.64, 96
111.64, 96
111.88, 96
112.18, 96
113.82, 96
114.76, 96
114.76, 96
114.76, 96
114.76, 96
114.76, 96
114.76, 96
116.12, 96
116.14, 96
116.14, 96
116.38, 96
116.38, 96
116.38, 96
116.38, 96
116.51, 96
116.73, 96
116.73, 96
116.73, 96
116.73, 96
116.73, 96
116.73, 96
117.27, 96
117.27, 96
119.05, 96
119.05, 96
119.05, 96
120.43, 96
120.70, 96
120.90, 96
121.27, 96
121.27, 96
121.27, 96
121.40, 96
121.40, 96
121.40, 96
121.40, 96
121.42, 96
121.42, 96
121.94, 96
122.22, 96
122.53, 96
122.56, 96
122.57, 96
123.18, 96
123.42, 96
124.18, 96
124.52, 96
124.90, 96
124.95, 96
124.95, 96
124.95, 96
124.95, 96
125.31, 96
125.60, 96
125.61, 96
125.61, 96
125.61, 96
125.61, 96
125.62, 96
125.87, 96
125.87, 96
125.90, 96
125.94, 96
125.94, 96
125.95, 96
126.32, 96
126.77, 96
126.77, 96
127.05, 96
127.79, 96
127.79, 96
128.61, 96
128.76, 96
128.77, 96
128.94, 96
129.09, 96
129.10, 96
129.10, 96
130.04, 96
130.26, 96
130.88, 96
130.88, 96
131.08, 96
131.85, 96
131.85, 96
131.91, 96
132.33, 96
132.50, 96
132.50, 96
132.89, 96
132.89, 96
133.61, 96
133.62, 96
134.21, 96
134.67, 96
134.68, 96
134.68, 96
134.68, 96
135.99, 96
135.99, 96
136.42, 96
136.93, 96
137.45, 96
137.50, 96
137.50, 96
137.57, 96
137.73, 96
138.54, 96
139.29, 96
139.69, 96
139.69, 96
139.96, 96
140.80, 96
141.72, 96
141.73, 96
142.65, 96
142.99, 96
143.18, 96
143.63, 96
144.21, 96
144.21, 96
144.69, 96
145.13, 96
145.13, 96
145.21, 96
146.25, 96
146.34, 96
146.34, 96
146.93, 96
147.27, 96
147.27, 96
147.27, 96
147.40, 96
147.42, 96
147.52, 96
147.56, 96
147.56, 96
147.56, 96
148.02, 96
148.02, 96
148.81, 96
148.81, 96
149.00, 96
149.00, 96
149.01, 96
149.01, 96
149.63, 96
149.63, 96
149.63, 96
149.67, 96
149.70, 96
150.36, 96
150.36, 96
150.36, 96
150.36, 96
150.36, 96
150.38, 96
150.50, 96
150.51, 96
150.52, 96
150.52, 96
150.65, 96
151.14, 96
152.06, 96
152.06, 96
152.66, 96
152.66, 96
153.09, 96
153.09, 96
153.09, 96
153.12, 96
153.13, 96
153.13, 96
153.30, 96
153.63, 96
153.75, 96
154.38, 96
154.38, 96
154.47, 96
154.95, 96
155.08, 96
155.27, 96
155.97, 96
156.39, 96
156.67, 96
157.54, 96
157.61, 96
157.62, 96
157.96, 96
157.96, 96
157.96, 96
158.06, 96
158.17, 96
158.17, 96
158.31, 96
158.47, 96
158.47, 96
158.47, 96
158.49, 96
159.58, 96
159.59, 96
159.59, 96
159.63, 96
159.63, 96
159.63, 96
159.63, 96
161.23, 96
161.28, 96
161.28, 96
161.55, 96
162.70, 96
162.88, 96
163.13, 96
164.67, 96
164.94, 96
165.05, 96
165.71, 96
165.76, 96
165.76, 96
165.85, 96
166.91, 96
166.92, 96
167.20, 96
167.33, 96
168.32, 96
168.76, 96
168.76, 96
169.07, 96
169.43, 96
170.11, 96
170.11, 96
170.11, 96
170.12, 96
170.54, 96
170.54, 96
170.54, 96
170.54, 96
171.03, 96
171.44, 96
171.47, 96
171.47, 96
172.49, 96
172.68, 96
172.90, 96
173.17, 96
173.19, 96
173.19, 96
173.79, 96
173.79, 96
173.79, 96
174.45, 96
174.67, 96
174.67, 96
175.10, 96
175.37, 96
176.89, 96
176.93, 96
176.93, 96
177.18, 96
177.46, 96
178.12, 96
178.97, 96
178.97, 96
178.98, 96
178.98, 96
179.02, 96
179.02, 96
179.38, 96
179.96, 96
180.20, 96
180.89, 96
180.89, 96
181.44, 96
181.48, 96
182.04, 96
182.46, 96
182.47, 96
182.73, 96
182.73, 96
182.73, 96
183.25, 96
183.25, 96
183.35, 96
183.71, 96
184.22, 96
184.22, 96
184.22, 96
184.23, 96
184.26, 96
184.61, 96
184.82, 96
184.83, 96
184.98, 96
185.48, 96
185.48, 96
185.48, 96
185.48, 96
185.48, 96
186.02, 96
186.02, 96
186.13, 96
186.24, 96
186.24, 96
186.70, 96
186.70, 96
186.83, 96
186.84, 96
186.84, 96
186.84, 96
186.85, 96
187.15, 96
187.49, 96
187.49, 96
187.49, 96
187.49, 96
187.55, 96
187.80, 96
188.04, 96
188.56, 96
188.80, 96
189.04, 96
189.04, 96
189.19, 96
189.19, 96
189.19, 96
189.34, 96
189.34, 96
189.34, 96
189.40, 96
189.42, 96
189.58, 96
190.15, 96
190.15, 96
190.15, 96
190.15, 96
190.33, 96
190.33, 96
192.72, 96
192.73, 96
192.93, 96
193.88, 96
193.88, 96
193.88, 96
194.12, 96
194.12, 96
194.19, 96
194.22, 96
194.41, 96
194.41, 96
194.41, 96
194.41, 96
194.52, 96
194.52, 96
194.73, 96
195.43, 96
195.43, 96
196.32, 96
196.33, 96
196.81, 96
197.62, 96
197.82, 96
198.01, 96
198.01, 96
198.37, 96
198.37, 96
198.37, 96
198.39, 96
198.39, 96
198.40, 96
199.15, 96
199.15, 96
199.52, 96
200.73, 96
200.80, 96
200.80, 96
200.80, 96
200.81, 96
201.85, 96
202.27, 96
202.74, 96
202.74, 96
202.82, 96
202.82, 96
202.82, 96
203.87, 96
205.82, 96
205.82, 96
205.82, 96
205.82, 96
206.09, 96
206.09, 96
206.66, 96
206.97, 96
207.17, 96
207.38, 96
209.11, 96
209.11, 96
209.98, 96
210.29, 96
210.30, 96
210.30, 96
210.30, 96
210.40, 96
210.43, 96
210.79, 96
210.79, 96
210.79, 96
210.79, 96
210.79, 96
210.84, 96
210.84, 96
210.84, 96
211.06, 96
211.06, 96
211.06, 96
211.34, 96
211.86, 96
211.87, 96
212.62, 96
212.62, 96
212.62, 96
212.62, 96
212.72, 96
212.72, 96
212.72, 96
212.80, 96
212.80, 96
212.80, 96
212.80, 96
212.80, 96
213.20, 96
213.20, 96
213.20, 96
213.34, 96
213.34, 96
214.06, 96
214.24, 96
214.25, 96
214.25, 96
214.25, 96
214.48, 96
214.48, 96
214.48, 96
214.48, 96
215.89, 96
216.10, 96
216.10, 96
216.13, 96
216.13, 96
216.50, 96
217.04, 96
217.04, 96
217.05, 96
217.05, 96
217.05, 96
217.15, 96
217.15, 96
217.20, 96
217.45, 96
217.45, 96
217.66, 96
217.66, 96
217.66, 96
218.00, 96
218.45, 96
218.45, 96
218.64, 96
218.71, 96
218.75, 96
218.75, 96
218.75, 96
218.86, 96
218.86, 96
219.18, 96
219.18, 96
219.89, 96
219.89, 96
219.96, 96
220.44, 96
220.91, 96
220.94, 96
221.39, 96
221.39, 96
221.43, 96
222.20, 96
222.74, 96
223.00, 96
223.33, 96
223.61, 96
223.62, 96
225.06, 96
225.92, 96
226.23, 96
226.28, 96
226.28, 96
226.28, 96
226.43, 96
226.43, 96
226.88, 96
227.88, 96
228.24, 96
228.24, 96
228.83, 96
230.30, 96
230.30, 96
230.91, 96
230.91, 96
230.91, 96
230.99, 96
231.03, 96
231.33, 96
232.04, 96
232.66, 96
233.35, 96
233.92, 96
233.92, 96
233.96, 96
233.96, 96
234.48, 96
234.51, 96
234.51, 96
234.55, 96
234.83, 96
234.83, 96
234.94, 96
236.80, 96
236.98, 96
237.20, 96
237.46, 96
238.59, 96
238.59, 96
238.59, 96
239.59, 96
239.59, 96
239.59, 96
239.59, 96
239.61, 96
240.31, 96
240.44, 96
240.46, 96
242.82, 96
242.82, 96
242.99, 96
242.99, 96
243.15, 96
243.18, 96
243.76, 96
244.37, 96
244.37, 96
244.37, 96
245.73, 96
245.77, 96
245.77, 96
246.79, 96
246.79, 96
246.84, 96
247.03, 96
247.04, 96
247.54, 96
247.54, 96
247.54, 96
247.68, 96
247.98, 96
247.98, 96
249.32, 96
249.32, 96
249.37, 96
249.81, 96
250.08, 96
250.08, 96
250.13, 96
250.13, 96
250.63, 96
250.63, 96
250.63, 96
250.63, 96
250.63, 96
250.64, 96
250.78, 96
251.05, 96
251.72, 96
252.04, 96
252.04, 96
252.39, 96
252.71, 96
252.75, 96
253.04, 96
253.04, 96
253.11, 96
253.39, 96
254.13, 96
254.41, 96
254.41, 96
254.41, 96
254.93, 96
255.25, 96
255.42, 96
255.70, 96
255.70, 96
255.70, 96
255.70, 96
255.93, 96
256.03, 96
256.12, 96
256.12, 96
256.12, 96
256.48, 96
256.49, 96
256.49, 96
256.49, 96
256.49, 96
256.74, 96
256.74, 96
257.57, 96
257.58, 96
257.88, 96
257.93, 96
257.93, 96
258.03, 96
258.03, 96
258.10, 96
258.26, 96
259.23, 96
259.42, 96
259.94, 96
260.17, 96
260.40, 96
261.75, 96
261.76, 96
261.76, 96
261.76, 96
262.61, 96
262.61, 96
263.00, 96
263.20, 96
263.43, 96
264.22, 96
264.22, 96
264.22, 96
264.71, 96
266.05, 96
267.02, 96
267.18, 96
267.42, 96
267.42, 96
267.42, 96
267.66, 96
268.45, 96
268.55, 96
268.97, 96
269.34, 96
271.18, 96
271.66, 96
271.66, 96
271.66, 96
271.66, 96
271.66, 96
271.66, 96
271.66, 96
271.74, 96
271.80, 96
271.80, 96
271.80, 96
272.09, 96
272.13, 96
273.34, 96
273.34, 96
273.39, 96
273.40, 96
273.52, 96
273.97, 96
275.47, 96
275.75, 96
275.75, 96
276.09, 96
276.28, 96
276.57, 96
276.58, 96
276.58, 96
276.79, 96
276.91, 96
276.93, 96
276.95, 96
277.41, 96
277.41, 96
277.91, 96
278.41, 96
278.41, 96
278.45, 96
278.53, 96
278.53, 96
278.54, 96
278.54, 96
279.35, 96
279.36, 96
279.86, 96
279.86, 96
279.96, 96
281.07, 96
281.12, 96
281.12, 96
281.20, 96
281.68, 96
281.68, 96
281.92, 96
281.92, 96
281.92, 96
281.92, 96
282.64, 96
282.65, 96
282.65, 96
282.65, 96
282.65, 96
282.68, 96
282.68, 96
282.69, 96
283.87, 96
283.87, 96
284.12, 96
284.12, 96
285.02, 96
285.03, 96
285.03, 96
285.31, 96
286.11, 96
286.52, 96
286.53, 96
286.53, 96
287.30, 96
288.06, 96
288.09, 96
288.09, 96
288.39, 96
289.17, 96
289.19, 96
289.28, 96
289.88, 96
290.48, 96
290.62, 96
290.94, 96
291.68, 96
291.82, 96
292.45, 96
292.45, 96
292.46, 96
293.12, 96
293.22, 96
293.81, 96
293.81, 96
296.64, 96
297.18, 96
297.18, 96
297.18, 96
299.04, 96
299.04, 96
299.46, 96
300.31, 96
300.31, 96
300.64, 96
300.70, 96
300.70, 96
302.55, 96
303.61, 96
304.24, 96
304.46, 96
304.88, 96
305.29, 96
305.53, 96
305.53, 96
305.53, 96
305.53, 96
305.89, 96
306.21, 96
307.38, 96
308.52, 96
308.52, 96
308.53, 96
308.80, 96
309.48, 96
311.79, 96
311.93, 96
311.93, 96
312.90, 96
312.90, 96
312.90, 96
312.90, 96
312.90, 96
313.09, 96
313.09, 96
313.36, 96
313.37, 96
313.63, 96
314.46, 96
314.81, 96
316.74, 96
316.83, 96
318.13, 96
318.13, 96
318.14, 96
318.14, 96
318.32, 96
318.32, 96
318.37, 96
318.37, 96
318.38, 96
318.62, 96
319.15, 96
320.10, 96
320.19, 96
320.44, 96
321.57, 96
322.28, 96
322.66, 96
322.66, 96
322.77, 96
323.24, 96
323.77, 96
324.48, 96
325.51, 96
325.54, 96
325.54, 96
326.33, 96
326.42, 96
326.42, 96
326.93, 96
326.93, 96
326.93, 96
326.94, 96
326.94, 96
326.94, 96
326.94, 96
328.91, 96
328.92, 96
328.96, 96
329.33, 96
329.65, 96
329.65, 96
329.91, 96
329.91, 96
329.91, 96
329.91, 96
330.15, 96
330.74, 96
331.35, 96
331.42, 96
331.42, 96
331.42, 96
331.44, 96
331.44, 96
331.44, 96
332.93, 96
333.29, 96
333.29, 96
334.81, 96
335.73, 96
336.45, 96
336.45, 96
336.45, 96
336.57, 96
336.58, 96
337.07, 96
337.87, 96
337.87, 96
337.87, 96
337.87, 96
337.87, 96
338.18, 96
338.37, 96
338.95, 96
339.04, 96
339.07, 96
339.44, 96
340.16, 96
340.16, 96
340.55, 96
340.69, 96
341.80, 96
341.81, 96
342.20, 96
342.82, 96
343.40, 96
343.40, 96
343.44, 96
343.44, 96
343.91, 96
344.55, 96
344.55, 96
344.55, 96
344.87, 96
344.95, 96
344.95, 96
344.95, 96
346.07, 96
346.07, 96
346.07, 96
346.24, 96
346.36, 96
346.37, 96
346.37, 96
346.37, 96
346.37, 96
346.38, 96
346.38, 96
346.38, 96
346.38, 96
346.38, 96
347.22, 96
347.28, 96
347.50, 96
347.50, 96
347.70, 96
347.77, 96
348.65, 96
349.50, 96
349.53, 96
349.53, 96
349.86, 96
349.86, 96
351.17, 96
351.25, 96
351.26, 96
351.51, 96
351.95, 96
352.59, 96
353.15, 96
353.99, 96
356.00, 96
356.44, 96
358.27, 96
359.00, 96
360.08, 96
360.73, 96
360.73, 96
360.91, 96
361.19, 96
361.28, 96
362.23, 96
362.23, 96
362.23, 96
362.30, 96
362.68, 96
362.68, 96
362.80, 96
363.00, 96
363.71, 96
364.55, 96
364.55, 96
365.28, 96
365.70, 96
365.98, 96
365.98, 96
365.98, 96
365.98, 96
366.04, 96
366.04, 96
366.04, 96
366.04, 96
366.05, 96
366.05, 96
366.05, 96
366.73, 96
366.81, 96
366.91, 96
367.42, 96
367.42, 96
367.89, 96
367.89, 96
367.89, 96
368.98, 96
369.88, 96
369.88, 96
370.00, 96
370.00, 96
370.01, 96
370.95, 96
371.24, 96
371.51, 96
371.51, 96
372.17, 96
372.17, 96
372.17, 96
372.18, 96
372.36, 96
372.88, 96
372.88, 96
372.89, 96
373.20, 96
373.20, 96
373.22, 96
373.22, 96
373.30, 96
373.30, 96
373.30, 96
374.26, 96
375.12, 96
375.12, 96
375.68, 96
376.13, 96
376.13, 96
376.13, 96
376.13, 96
376.97, 96
376.97, 96
377.20, 96
377.76, 96
377.76, 96
377.76, 96
378.45, 96
378.45, 96
379.38, 96
379.38, 96
379.38, 96
379.38, 96
380.76, 96
380.94, 96
380.94, 96
381.83, 96
383.06, 96
383.31, 96
383.31, 96
383.32, 96
383.78, 96
384.50, 96
384.63, 96
384.95, 96
385.08, 96
385.08, 96
385.19, 96
385.42, 96
385.43, 96
385.76, 96
385.76, 96
386.62, 96
386.63, 96
386.82, 96
386.82, 96
386.96, 96
387.29, 96
387.80, 96
387.95, 96
387.96, 96
387.96, 96
387.96, 96
388.07, 96
388.36, 96
388.36, 96
388.84, 96
389.24, 96
391.39, 96
391.39, 96
391.47, 96
391.69, 96
391.69, 96
391.93, 96
392.20, 96
392.54, 96
392.65, 96
392.69, 96
393.47, 96
393.85, 96
393.85, 96
393.95, 96
393.95, 96
394.71, 96
394.93, 96
394.94, 96
394.94, 96
394.94, 96
394.95, 96
394.95, 96
394.98, 96
395.03, 96
395.15, 96
395.76, 96
396.06, 96
396.06, 96
396.07, 96
396.07, 96
396.07, 96
396.07, 96
396.09, 96
399.24, 96
399.24, 96
399.24, 96
399.25, 96
399.25, 96
399.48, 96
399.48, 96
399.48, 96
399.52, 96
399.52, 96
399.89, 96
400.29, 96
400.30, 96
400.50, 96
400.50, 96
400.50, 96
400.62, 96
400.76, 96
400.76, 96
400.76, 96
401.39, 96
403.18, 96
403.25, 96
403.86, 96
403.86, 96
404.62, 96
405.85, 96
406.08, 96
406.20, 96
406.81, 96
406.87, 96
406.87, 96
406.98, 96
406.98, 96
407.80, 96
407.81, 96
407.81, 96
408.76, 96
408.76, 96
409.86, 96
409.86, 96
409.87, 96
409.87, 96
409.87, 96
410.10, 96
410.10, 96
410.41, 96
410.61, 96
410.61, 96
410.61, 96
412.91, 96
413.61, 96
413.62, 96
413.62, 96
413.62, 96
413.62, 96
413.97, 96
413.97, 96
414.03, 96
414.19, 96
414.36, 96
414.73, 96
414.73, 96
414.73, 96
415.10, 96
415.50, 96
416.74, 96
416.74, 96
417.77, 96
418.72, 96
418.99, 96
419.66, 96
419.66, 96
420.07, 96
421.41, 96
421.41, 96
421.41, 96
421.46, 96
421.46, 96
421.46, 96
421.46, 96
421.46, 96
421.46, 96
421.47, 96
421.47, 96
421.47, 96
421.47, 96
421.74, 96
421.74, 96
421.74, 96
422.12, 96
422.48, 96
422.68, 96
423.01, 96
423.28, 96
423.28, 96
423.34, 96
424.07, 96
425.70, 96
425.90, 96
426.53, 96
426.54, 96
426.54, 96
426.54, 96
427.27, 96
427.27, 96
427.28, 96
427.28, 96
428.21, 96
428.21, 96
428.21, 96
428.27, 96
428.27, 96
428.27, 96
428.27, 96
428.29, 96
428.29, 96
428.47, 96
428.58, 96
428.58, 96
428.59, 96
428.71, 96
428.84, 96
429.82, 96
430.43, 96
430.74, 96
431.40, 96
431.40, 96
431.59, 96
431.68, 96
431.68, 96
432.71, 96
432.80, 96
432.80, 96
433.54, 96
435.32, 96
436.05, 96
436.05, 96
436.11, 96
436.96, 96
436.97, 96
436.97, 96
437.60, 96
437.60, 96
437.74, 96
437.74, 96
437.88, 96
437.88, 96
438.42, 96
438.42, 96
438.42, 96
438.42, 96
438.42, 96
438.43, 96
438.44, 96
438.76, 96
438.76, 96
439.30, 96
440.48, 96
440.99, 96
441.58, 96
441.69, 96
441.69, 96
442.36, 96
442.49, 96
442.49, 96
442.50, 96
442.50, 96
442.61, 96
442.61, 96
442.71, 96
442.73, 96
443.37, 96
443.37, 96
443.37, 96
443.44, 96
443.44, 96
443.53, 96
443.53, 96
444.50, 96
444.89, 96
445.36, 96
445.56, 96
446.00, 96
446.00, 96
446.07, 96
446.07, 96
446.08, 96
446.08, 96
446.29, 96
446.91, 96
448.30, 96
448.51, 96
448.51, 96
448.51, 96
448.69, 96
450.04, 96
450.54, 96
450.62, 96
450.63, 96
450.63, 96
450.64, 96
450.78, 96
450.89, 96
450.89, 96
451.07, 96
451.17, 96
451.58, 96
451.71, 96
451.71, 96
451.71, 96
451.71, 96
451.71, 96
451.71, 96
451.84, 96
452.17, 96
452.17, 96
452.17, 96
453.04, 96
453.75, 96
453.80, 96
453.85, 96
454.63, 96
455.44, 96
455.47, 96
455.83, 96
455.86, 96
455.86, 96
456.02, 96
456.02, 96
456.66, 96
456.85, 96
457.12, 96
458.27, 96
458.31, 96
458.39, 96
458.39, 96
458.87, 96
459.37, 96
459.37, 96
459.89, 96
459.90, 96
459.90, 96
459.90, 96
459.90, 96
459.90, 96
459.91, 96
459.91, 96
459.91, 96
460.16, 96
460.26, 96
460.37, 96
460.37, 96
461.10, 96
462.05, 96
462.05, 96
462.07, 96
462.07, 96
462.24, 96
462.82, 96
463.02, 96
463.02, 96
463.23, 96
463.23, 96
463.69, 96
464.68, 96
465.00, 96
465.00, 96
465.32, 96
465.32, 96
465.83, 96
465.83, 96
465.83, 96
465.83, 96
465.97, 96
465.97, 96
465.97, 96
465.97, 96
466.02, 96
466.24, 96
466.24, 96
466.24, 96
466.24, 96
467.11, 96
467.25, 96
467.26, 96
467.85, 96
467.85, 96
467.96, 96
467.96, 96
467.96, 96
467.96, 96
467.96, 96
469.75, 96
469.76, 96
469.79, 96
470.23, 96
470.24, 96
470.68, 96
470.68, 96
471.02, 96
471.41, 96
472.46, 96
473.25, 96
473.25, 96
474.83, 96
474.83, 96
475.02, 96
475.02, 96
475.25, 96
475.48, 96
475.48, 96
475.93, 96
476.02, 96
476.02, 96
476.02, 96
476.02, 96
476.21, 96
476.37, 96
476.84, 96
476.84, 96
476.84, 96
476.84, 96
477.05, 96
477.26, 96
477.61, 96
477.61, 96
478.39, 96
478.88, 96
479.88, 96
480.05, 96
480.05, 96
480.71, 96
480.88, 96
480.88, 96
480.88, 96
481.12, 96
481.98, 96
481.99, 96
481.99, 96
481.99, 96
481.99, 96
483.07, 96
483.49, 96
483.84, 96
483.84, 96
483.88, 96
485.24, 96
485.24, 96
485.24, 96
485.29, 96
487.24, 96
487.24, 96
487.24, 96
487.40, 96
487.95, 96
487.96, 96
487.96, 96
488.03, 96
488.39, 96
488.39, 96
488.39, 96
488.48, 96
488.51, 96
488.66, 96
489.17, 96
489.40, 96
489.40, 96
489.80, 96
490.45, 96
490.67, 96
490.96, 96
491.01, 96
491.61, 96
491.73, 96
491.73, 96
491.73, 96
491.95, 96
493.03, 96
493.03, 96
493.70, 96
493.70, 96
493.70, 96
493.70, 96
493.70, 96
493.70, 96
494.58, 96
495.25, 96
495.25, 96
496.62, 96
496.62, 96
496.62, 96
496.80, 96
496.90, 96
497.29, 96
498.81, 96
498.82, 96
499.36, 96
499.44, 96
500.09, 96
500.09, 96
500.56, 96
501.97, 96
501.97, 96
502.02, 96
502.14, 96
502.14, 96
502.14, 96
502.14, 96
502.14, 96
502.24, 96
502.37, 96
502.62, 96
502.72, 96
503.45, 96
503.47, 96
504.15, 96
504.50, 96
504.58, 96
504.58, 96
504.74, 96
505.31, 96
505.56, 96
505.78, 96
505.95, 96
505.95, 96
506.85, 96
506.85, 96
506.85, 96
506.85, 96
507.04, 96
507.36, 96
507.36, 96
507.97, 96
507.97, 96
508.30, 96
508.30, 96
509.50, 96
509.50, 96
509.93, 96
510.73, 96
510.74, 96
511.43, 96
511.43, 96
511.78, 96
511.80, 96
511.80, 96
511.86, 96
511.98, 96
513.47, 96
513.47, 96
513.47, 96
513.99, 96
514.38, 96
514.61, 96
514.65, 96
514.68, 96
514.68, 96
515.00, 96
515.10, 96
515.31, 96
515.81, 96
515.99, 96
515.99, 96
516.34, 96
516.61, 96
516.62, 96
516.68, 96
518.03, 96
518.03, 96
518.03, 96
518.18, 96
518.18, 96
518.96, 96
519.24, 96
519.33, 96
519.34, 96
520.51, 96
520.59, 96
520.88, 96
522.56, 96
523.17, 96
523.42, 96
523.42, 96
523.42, 96
523.49, 96
523.49, 96
523.79, 96
523.79, 96
523.79, 96
523.79, 96
523.82, 96
523.83, 96
524.10, 96
524.10, 96
524.21, 96
524.72, 96
525.57, 96
525.61, 96
525.65, 96
525.65, 96
526.21, 96
526.54, 96
526.54, 96
526.94, 96
526.94, 96
526.96, 96
528.75, 96
528.76, 96
528.76, 96
529.63, 96
530.01, 96
530.46, 96
530.63, 96
530.83, 96
530.83, 96
530.99, 96
531.16, 96
531.36, 96
531.36, 96
531.80, 96
531.80, 96
531.80, 96
531.93, 96
531.93, 96
532.29, 96
532.46, 96
532.50, 96
532.50, 96
532.73, 96
532.79, 96
532.82, 96
532.82, 96
532.83, 96
532.83, 96
532.83, 96
532.84, 96
533.39, 96
534.01, 96
534.01, 96
534.09, 96
534.10, 96
534.10, 96
534.35, 96
534.88, 96
535.85, 96
537.88, 96
537.95, 96
538.46, 96
539.02, 96
539.11, 96
542.58, 96
542.58, 96
542.82, 96
544.00, 96
544.01, 96
544.10, 96
544.43, 96
544.58, 96
544.89, 96
544.89, 96
544.90, 96
544.90, 96
545.51, 96
545.94, 96
545.95, 96
545.95, 96
546.22, 96
546.22, 96
546.35, 96
546.35, 96
546.35, 96
546.59, 96
547.46, 96
547.64, 96
547.64, 96
548.03, 96
548.03, 96
548.72, 96
548.72, 96
548.96, 96
549.05, 96
549.06, 96
549.74, 96
549.85, 96
549.85, 96
550.20, 96
550.20, 96
550.20, 96
550.20, 96
550.31, 96
550.34, 96
550.68, 96
550.76, 96
550.76, 96
550.76, 96
550.76, 96
550.81, 96
550.81, 96
550.82, 96
550.82, 96
551.30, 96
551.53, 96
551.64, 96
551.65, 96
551.75, 96
552.35, 96
552.53, 96
552.53, 96
552.54, 96
552.97, 96
552.97, 96
553.19, 96
553.19, 96
553.31, 96
553.31, 96
553.33, 96
553.33, 96
553.38, 96
553.38, 96
553.38, 96
553.82, 96
554.05, 96
554.99, 96
555.34, 96
555.87, 96
555.87, 96
555.93, 96
555.93, 96
556.15, 96
556.15, 96
556.15, 96
556.20, 96
557.83, 96
558.07, 96
558.18, 96
558.23, 96
558.38, 96
559.60, 96
560.89, 96
562.04, 96
562.04, 96
562.65, 96
562.65, 96
562.66, 96
562.68, 96
562.68, 96
562.71, 96
562.77, 96
562.77, 96
563.34, 96
563.61, 96
563.62, 96
563.62, 96
564.17, 96
564.17, 96
565.04, 96
565.04, 96
565.04, 96
565.04, 96
565.11, 96
565.31, 96
565.31, 96
565.39, 96
565.92, 96
565.92, 96
565.92, 96
565.92, 96
566.07, 96
567.35, 96
567.41, 96
568.18, 96
568.61, 96
568.93, 96
569.25, 96
569.57, 96
569.57, 96
569.63, 96
569.63, 96
569.63, 96
570.61, 96
570.73, 96
571.20, 96
571.30, 96
571.30, 96
571.67, 96
571.68, 96
571.86, 96
572.17, 96
572.39, 96
572.39, 96
573.13, 96
573.14, 96
573.19, 96
573.29, 96
573.29, 96
573.52, 96
574.53, 96
574.56, 96
574.56, 96
574.56, 96
575.22, 96
576.54, 96
577.32, 96
577.99, 96
578.52, 96
578.52, 96
578.80, 96
578.87, 96
578.87, 96
579.49, 96
579.49, 96
579.90, 96
580.42, 96
580.65, 96
580.65, 96
582.29, 96
583.11, 96
583.25, 96
584.04, 96
584.27, 96
585.07, 96
585.07, 96
585.24, 96
585.24, 96
585.26, 96
585.26, 96
586.13, 96
586.13, 96
586.34, 96
586.78, 96
586.78, 96
586.78, 96
587.20, 96
587.21, 96
587.32, 96
588.22, 96
588.23, 96
588.38, 96
588.93, 96
590.51, 96
590.71, 96
590.71, 96
590.86, 96
590.99, 96
590.99, 96
591.08, 96
591.09, 96
591.09, 96
591.24, 96
591.87, 96
592.21, 96
592.21, 96
592.94, 96
592.95, 96
593.08, 96
593.52, 96
593.53, 96
593.53, 96
593.53, 96
594.07, 96
594.07, 96
594.28, 96
594.28, 96
596.47, 96
597.24, 96
597.24, 96
597.24, 96
597.24, 96
598.32, 96
598.32, 96
598.36, 96
598.37, 96
598.37, 96
598.38, 96
598.38, 96
598.39, 96
598.44, 96
598.79, 96
