0.00, 102
0.00, 99
0.00, 99
0.01, 99
0.01, 99
0.01, 98
0.01, 98
0.01, 98
0.01, 98
0.02, 98
0.02, 97
0.03, 97
0.03, 97
0.06, 97
0.09, 97
0.09, 97
0.12, 97
0.12, 97
0.13, 97
0.26, 97
0.27, 97
0.34, 97
0.35, 97
0.35, 97
0.35, 97
0.39, 97
0.40, 97
0.40, 97
0.46, 97
0.46, 97
0.46, 97
0.51, 97
0.53, 97
0.53, 97
0.58, 97
0.58, 97
0.58, 97
0.58, 97
0.58, 97
0.58, 97
0.58, 97
0.59, 97
0.64, 97
0.64, 97
0.64, 97
0.64, 96
1.43, 96
2.57, 96
2.66, 96
2.73, 96
2.73, 96
3.83, 96
5.82, 96
6.04, 96
6.65, 96
6.69, 96
6.82, 96
6.82, 96
7.17, 96
7.90, 96
7.91, 96
7.91, 96
8.07, 96
8.08, 96
9.33, 96
9.60, 96
9.60, 96
9.81, 96
10.46, 96
11.55, 96
11.65, 96
12.91, 96
12.91, 96
13.20, 96
13.20, 96
13.71, 96
13.92, 96
13.92, 96
14.35, 96
14.36, 96
14.70, 96
14.70, 96
14.71, 96
15.07, 96
15.15, 96
15.16, 96
15.20, 96
15.22, 96
16.23, 96
16.23, 96
16.30, 96
16.30, 96
16.46, 96
16.47, 96
16.68, 96
16.68, 96
16.68, 96
16.94, 96
16.94, 96
17.53, 96
17.53, 96
17.53, 96
17.54, 96
17.54, 96
17.54, 96
17.54, 96
18.40, 96
18.41, 96
18.41, 96
19.08, 96
19.27, 96
19.27, 96
19.27, 96
19.76, 96
20.61, 96
21.20, 96
21.20, 96
21.80, 96
24.19, 96
24.19, 96
24.36, 96
24.42, 96
24.42, 96
24.42, 96
24.84, 96
24.96, 96
25.27, 96
25.74, 96
26.03, 96
26.03, 96
26.23, 96
26.33, 96
26.42, 96
26.47, 96
26.50, 96
26.50, 96
26.57, 96
28.16, 96
28.42, 96
28.42, 96
28.42, 96
29.40, 96
30.47, 96
30.52, 96
30.52, 96
30.52, 96
30.52, 96
30.72, 96
31.10, 96
31.33, 96
31.33, 96
31.33, 96
31.78, 96
31.78, 96
31.92, 96
33.73, 96
33.83, 96
34.39, 96
34.39, 96
34.52, 96
35.01, 96
35.02, 96
35.02, 96
35.24, 96
35.38, 96
35.43, 96
36.31, 96
36.31, 96
36.31, 96
36.32, 96
36.32, 96
36.37, 96
37.43, 96
38.10, 96
38.10, 96
38.33, 96
38.44, 96
39.73, 96
39.73, 96
39.73, 96
39.73, 96
39.73, 96
39.77, 96
40.04, 96
40.10, 96
40.72, 96
40.72, 96
40.82, 96
41.52, 96
41.69, 96
41.70, 96
41.79, 96
41.97, 96
43.53, 96
44.52, 96
44.52, 96
44.69, 96
44.71, 96
44.75, 96
44.76, 96
45.26, 96
45.33, 96
45.33, 96
45.41, 96
45.41, 96
45.42, 96
45.48, 96
45.49, 96
45.49, 96
45.71, 96
45.73, 96
45.73, 96
45.99, 96
45.99, 96
46.49, 96
46.62, 96
47.02, 96
47.71, 96
47.75, 96
48.93, 96
50.27, 96
50.27, 96
50.58, 96
50.74, 96
51.42, 96
52.32, 96
52.32, 96
52.32, 96
52.62, 96
52.62, 96
52.76, 96
52.76, 96
52.76, 96
53.27, 96
53.27, 96
54.01, 96
54.05, 96
54.07, 96
54.61, 96
54.61, 96
54.73, 96
54.73, 96
55.68, 96
56.04, 96
56.04, 96
56.04, 96
56.04, 96
56.07, 96
56.20, 96
56.23, 96
56.23, 96
56.46, 96
56.46, 96
56.46, 96
56.46, 96
56.46, 96
56.46, 96
56.92, 96
56.92, 96
56.92, 96
57.67, 96
57.67, 96
58.24, 96
58.24, 96
59.01, 96
59.13, 96
59.13, 96
59.26, 96
59.26, 96
59.26, 96
59.26, 96
59.75, 96
59.75, 96
60.04, 96
60.04, 96
60.36, 96
60.36, 96
61.39, 96
61.39, 96
61.39, 96
61.39, 96
61.39, 96
61.63, 96
61.63, 96
62.65, 96
62.65, 96
63.11, 96
63.38, 96
63.39, 96
64.27, 96
64.57, 96
64.57, 96
64.92, 96
65.26, 96
66.55, 96
66.91, 96
66.91, 96
67.37, 96
67.54, 96
67.95, 96
67.95, 96
68.24, 96
68.87, 96
68.88, 96
68.88, 96
69.22, 96
69.98, 96
71.95, 96
72.02, 96
72.02, 96
72.47, 96
72.47, 96
72.83, 96
72.96, 96
72.96, 96
73.27, 96
73.72, 96
73.72, 96
73.73, 96
73.73, 96
74.94, 96
75.07, 96
75.38, 96
76.45, 96
76.89, 96
77.35, 96
77.86, 96
77.86, 96
78.15, 96
78.88, 96
78.88, 96
79.15, 96
79.15, 96
80.02, 96
80.02, 96
80.50, 96
80.61, 96
80.63, 96
80.64, 96
80.64, 96
80.76, 96
81.09, 96
81.89, 96
81.89, 96
81.89, 96
82.01, 96
82.01, 96
82.01, 96
82.01, 96
82.01, 96
82.01, 96
82.12, 96
82.12, 96
83.93, 96
83.94, 96
83.94, 96
83.94, 96
84.72, 96
84.99, 96
85.11, 96
85.92, 96
85.92, 96
86.24, 96
86.38, 96
86.65, 96
86.72, 96
86.85, 96
86.85, 96
87.25, 96
87.61, 96
87.79, 96
87.89, 96
88.12, 96
88.12, 96
89.04, 96
89.04, 96
89.06, 96
90.58, 96
90.58, 96
90.60, 96
91.43, 96
91.43, 96
91.43, 96
91.81, 96
92.22, 96
92.98, 96
92.98, 96
93.55, 96
95.06, 96
95.94, 96
95.94, 96
96.20, 96
96.65, 96
96.65, 96
98.95, 96
98.98, 96
98.99, 96
99.43, 96
99.73, 96
99.73, 96
99.73, 96
99.74, 96
99.82, 96
99.91, 96
99.91, 96
99.91, 96
101.55, 96
101.55, 96
101.74, 96
101.74, 96
101.74, 96
102.27, 96
102.87, 96
102.87, 96
102.96, 96
103.01, 96
103.02, 96
103.02, 96
103.02, 96
103.62, 96
105.58, 96
105.58, 96
106.21, 96
106.21, 96
106.21, 96
106.26, 96
106.26, 96
106.27, 96
106.36, 96
106.36, 96
106.62, 96
107.04, 96
107.14, 96
107.84, 96
107.98, 96
107.98, 96
107.98, 96
107.98, 96
107.98, 96
108.57, 96
108.57, 96
108.58, 96
108.58, 96
108.58, 96
109.10, 96
109.10, 96
110.42, 96
110.42, 96
111.27, 96
111.27, 96
111.49, 96
111.79, 96
113.35, 96
114.32, 96
114.32, 96
114.32, 96
114.32, 96
114.32, 96
114.32, 96
115.62, 96
115.62, 96
115.62, 96
115.87, 96
115.87, 96
115.87, 96
115.87, 96
115.99, 96
116.22, 96
116.22, 96
116.22, 96
116.22, 96
116.23, 96
116.23, 96
116.77, 96
116.77, 96
118.43, 96
118.44, 96
118.44, 96
119.97, 96
120.21, 96
120.39, 96
120.75, 96
120.75, 96
120.75, 96
120.88, 96
120.88, 96
120.88, 96
120.88, 96
120.91, 96
120.91, 96
121.46, 96
121.73, 96
122.06, 96
122.09, 96
122.09, 96
122.68, 96
122.93, 96
123.56, 96
123.98, 96
124.37, 96
124.41, 96
124.41, 96
124.41, 96
124.42, 96
124.82, 96
125.12, 96
125.14, 96
125.14, 96
125.14, 96
125.14, 96
125.15, 96
125.39, 96
125.39, 96
125.42, 96
125.47, 96
125.47, 96
125.48, 96
125.86, 96
126.28, 96
126.28, 96
126.55, 96
127.26, 96
127.26, 96
128.05, 96
128.17, 96
128.17, 96
128.29, 96
128.43, 96
128.43, 96
128.43, 96
129.44, 96
129.67, 96
130.32, 96
130.32, 96
130.52, 96
131.34, 96
131.34, 96
131.40, 96
131.83, 96
131.98, 96
131.98, 96
132.35, 96
132.35, 96
132.97, 96
132.97, 96
133.50, 96
134.03, 96
134.03, 96
134.03, 96
134.03, 96
135.41, 96
135.41, 96
135.79, 96
136.31, 96
136.85, 96
136.89, 96
136.89, 96
136.98, 96
137.13, 96
137.89, 96
138.61, 96
139.10, 96
139.10, 96
139.37, 96
140.20, 96
141.20, 96
141.20, 96
142.14, 96
142.47, 96
142.65, 96
143.03, 96
143.59, 96
143.60, 96
144.15, 96
144.61, 96
144.61, 96
144.69, 96
145.71, 96
145.81, 96
145.81, 96
146.40, 96
146.75, 96
146.75, 96
146.75, 96
146.87, 96
146.88, 96
146.97, 96
147.00, 96
147.00, 96
147.00, 96
147.50, 96
147.50, 96
148.22, 96
148.23, 96
148.41, 96
148.42, 96
148.42, 96
148.42, 96
149.12, 96
149.12, 96
149.12, 96
149.17, 96
149.19, 96
149.82, 96
149.82, 96
149.82, 96
149.82, 96
149.82, 96
149.84, 96
149.96, 96
149.96, 96
149.96, 96
149.96, 96
150.11, 96
150.61, 96
151.51, 96
151.51, 96
152.11, 96
152.11, 96
152.55, 96
152.55, 96
152.55, 96
152.60, 96
152.60, 96
152.60, 96
152.78, 96
153.06, 96
153.15, 96
153.83, 96
153.84, 96
153.95, 96
154.44, 96
154.57, 96
154.75, 96
155.43, 96
155.86, 96
156.13, 96
156.95, 96
157.01, 96
157.01, 96
157.35, 96
157.35, 96
157.35, 96
157.45, 96
157.56, 96
157.56, 96
157.70, 96
157.85, 96
157.85, 96
157.85, 96
157.86, 96
158.97, 96
158.97, 96
158.97, 96
159.02, 96
159.02, 96
159.02, 96
159.02, 96
160.67, 96
160.72, 96
160.73, 96
161.00, 96
162.27, 96
162.43, 96
162.67, 96
164.12, 96
164.40, 96
164.53, 96
165.19, 96
165.23, 96
165.24, 96
165.35, 96
166.36, 96
166.37, 96
166.62, 96
166.74, 96
167.75, 96
168.14, 96
168.14, 96
168.41, 96
168.84, 96
169.54, 96
169.54, 96
169.54, 96
169.56, 96
169.94, 96
169.94, 96
169.94, 96
169.94, 96
170.42, 96
170.81, 96
170.83, 96
170.83, 96
171.89, 96
172.09, 96
172.30, 96
172.56, 96
172.56, 96
172.56, 96
173.08, 96
173.08, 96
173.09, 96
173.72, 96
173.99, 96
173.99, 96
174.47, 96
174.73, 96
176.24, 96
176.29, 96
176.29, 96
176.56, 96
176.81, 96
177.52, 96
178.30, 96
178.30, 96
178.30, 96
178.30, 96
178.35, 96
178.35, 96
178.74, 96
179.39, 96
179.64, 96
180.36, 96
180.36, 96
180.89, 96
180.93, 96
181.51, 96
181.92, 96
181.92, 96
182.17, 96
182.17, 96
182.18, 96
182.69, 96
182.69, 96
182.79, 96
183.08, 96
183.54, 96
183.54, 96
183.54, 96
183.54, 96
183.58, 96
184.00, 96
184.25, 96
184.26, 96
184.41, 96
184.96, 96
184.97, 96
184.97, 96
184.97, 96
184.97, 96
185.54, 96
185.54, 96
185.63, 96
185.73, 96
185.74, 96
186.21, 96
186.21, 96
186.32, 96
186.32, 96
186.32, 96
186.33, 96
186.33, 96
186.62, 96
186.99, 96
186.99, 96
186.99, 96
186.99, 96
187.04, 96
187.28, 96
187.54, 96
188.04, 96
188.22, 96
188.43, 96
188.43, 96
188.58, 96
188.59, 96
188.60, 96
188.79, 96
188.80, 96
188.80, 96
188.87, 96
188.88, 96
189.10, 96
189.71, 96
189.71, 96
189.71, 96
189.72, 96
189.89, 96
189.89, 96
192.26, 96
192.26, 96
192.45, 96
193.35, 96
193.35, 96
193.35, 96
193.56, 96
193.56, 96
193.65, 96
193.69, 96
193.93, 96
193.93, 96
193.93, 96
193.93, 96
194.07, 96
194.07, 96
194.28, 96
194.99, 96
195.00, 96
195.88, 96
195.88, 96
196.34, 96
197.14, 96
197.36, 96
197.53, 96
197.53, 96
197.90, 96
197.90, 96
197.91, 96
197.93, 96
197.93, 96
197.93, 96
198.61, 96
198.61, 96
199.07, 96
200.26, 96
200.32, 96
200.33, 96
200.33, 96
200.33, 96
201.43, 96
201.83, 96
202.30, 96
202.30, 96
202.39, 96
202.39, 96
202.39, 96
203.33, 96
205.47, 96
205.47, 96
205.48, 96
205.48, 96
205.74, 96
205.74, 96
206.34, 96
206.64, 96
206.80, 96
206.99, 96
208.67, 96
208.67, 96
209.60, 96
209.93, 96
209.93, 96
209.94, 96
209.94, 96
210.05, 96
210.07, 96
210.47, 96
210.47, 96
210.47, 96
210.47, 96
210.47, 96
210.54, 96
210.54, 96
210.54, 96
210.76, 96
210.77, 96
210.77, 96
211.02, 96
211.57, 96
211.57, 96
212.28, 96
212.28, 96
212.28, 96
212.28, 96
212.37, 96
212.37, 96
212.37, 96
212.47, 96
212.47, 96
212.47, 96
212.47, 96
212.47, 96
212.87, 96
212.87, 96
212.87, 96
213.00, 96
213.00, 96
213.58, 96
213.80, 96
213.80, 96
213.80, 96
213.80, 96
214.08, 96
214.08, 96
214.08, 96
214.08, 96
215.62, 96
215.82, 96
215.83, 96
215.85, 96
215.86, 96
216.23, 96
216.81, 96
216.81, 96
216.82, 96
216.82, 96
216.82, 96
216.93, 96
216.93, 96
216.99, 96
217.23, 96
217.23, 96
217.45, 96
217.45, 96
217.46, 96
217.80, 96
218.21, 96
218.21, 96
218.37, 96
218.44, 96
218.50, 96
218.50, 96
218.50, 96
218.60, 96
218.60, 96
218.96, 96
218.96, 96
219.70, 96
219.70, 96
219.77, 96
220.29, 96
220.76, 96
220.80, 96
221.28, 96
221.28, 96
221.32, 96
222.14, 96
222.66, 96
222.94, 96
223.27, 96
223.48, 96
223.48, 96
224.94, 96
225.80, 96
226.11, 96
226.17, 96
226.17, 96
226.17, 96
226.32, 96
226.32, 96
226.68, 96
227.31, 96
227.61, 96
227.61, 96
228.11, 96
229.27, 96
229.27, 96
229.85, 96
229.85, 96
229.86, 96
229.92, 96
229.96, 96
230.22, 96
230.86, 96
231.53, 96
232.05, 96
232.48, 96
232.48, 96
232.51, 96
232.51, 96
233.02, 96
233.07, 96
233.08, 96
233.10, 96
233.38, 96
233.38, 96
233.50, 96
235.39, 96
235.60, 96
235.79, 96
236.06, 96
237.13, 96
237.13, 96
237.13, 96
238.05, 96
238.05, 96
238.05, 96
238.05, 96
238.07, 96
238.81, 96
238.96, 96
238.98, 96
241.23, 96
241.23, 96
241.41, 96
241.41, 96
241.58, 96
241.62, 96
242.12, 96
242.69, 96
242.70, 96
242.70, 96
244.10, 96
244.14, 96
244.14, 96
245.16, 96
245.16, 96
245.21, 96
245.40, 96
245.41, 96
246.06, 96
246.06, 96
246.06, 96
246.19, 96
246.50, 96
246.50, 96
247.73, 96
247.73, 96
247.77, 96
248.18, 96
248.47, 96
248.47, 96
248.53, 96
248.53, 96
249.08, 96
249.08, 96
249.08, 96
249.08, 96
249.08, 96
249.09, 96
249.24, 96
249.53, 96
250.17, 96
250.52, 96
250.52, 96
250.89, 96
251.29, 96
251.31, 96
251.65, 96
251.65, 96
251.73, 96
252.02, 96
252.64, 96
252.92, 96
252.92, 96
252.92, 96
253.47, 96
253.83, 96
254.04, 96
254.36, 96
254.37, 96
254.37, 96
254.37, 96
254.64, 96
254.72, 96
254.81, 96
254.81, 96
254.81, 96
255.18, 96
255.18, 96
255.18, 96
255.18, 96
255.18, 96
255.43, 96
255.43, 96
256.31, 96
256.31, 96
256.62, 96
256.65, 96
256.65, 96
256.74, 96
256.74, 96
256.82, 96
257.00, 96
257.87, 96
258.08, 96
258.62, 96
258.89, 96
259.18, 96
260.56, 96
260.56, 96
260.56, 96
260.56, 96
261.47, 96
261.47, 96
261.86, 96
262.00, 96
262.24, 96
263.03, 96
263.04, 96
263.04, 96
263.69, 96
265.46, 96
266.76, 96
266.96, 96
267.30, 96
267.30, 96
267.30, 96
267.61, 96
268.55, 96
268.64, 96
269.11, 96
269.56, 96
271.95, 96
272.55, 96
272.55, 96
272.55, 96
272.55, 96
272.55, 96
272.55, 96
272.55, 96
272.66, 96
272.72, 96
272.73, 96
272.73, 96
273.12, 96
273.18, 96
274.73, 96
274.73, 96
274.78, 96
274.78, 96
274.90, 96
275.31, 96
276.89, 96
277.18, 96
277.18, 96
277.54, 96
277.75, 96
278.05, 96
278.05, 96
278.05, 96
278.25, 96
278.39, 96
278.43, 96
278.44, 96
278.93, 96
278.93, 96
279.48, 96
279.97, 96
279.97, 96
280.00, 96
280.06, 96
280.06, 96
280.06, 96
280.06, 96
280.75, 96
280.76, 96
281.30, 96
281.30, 96
281.39, 96
282.56, 96
282.65, 96
282.65, 96
282.76, 96
283.42, 96
283.42, 96
283.77, 96
283.77, 96
283.77, 96
283.77, 96
284.86, 96
284.91, 96
284.94, 96
284.96, 96
284.96, 96
285.02, 96
285.02, 96
285.03, 96
286.55, 96
286.55, 96
286.85, 96
286.89, 96
288.05, 96
288.05, 96
288.05, 96
288.33, 96
289.15, 96
289.57, 96
289.57, 96
289.57, 96
290.35, 96
291.19, 96
291.22, 96
291.26, 96
291.60, 96
292.43, 96
292.48, 96
292.58, 96
293.19, 96
293.80, 96
293.94, 96
294.27, 96
295.00, 96
295.15, 96
295.77, 96
295.77, 96
295.77, 96
296.39, 96
296.51, 96
296.99, 96
296.99, 96
299.44, 96
299.86, 96
299.86, 96
299.86, 96
301.61, 96
301.61, 96
302.00, 96
302.89, 96
302.89, 96
303.21, 96
303.28, 96
303.28, 96
305.34, 96
306.32, 96
306.89, 96
307.12, 96
307.60, 96
307.99, 96
308.17, 96
308.17, 96
308.17, 96
308.17, 96
308.45, 96
308.71, 96
309.70, 96
310.61, 96
310.61, 96
310.61, 96
310.84, 96
311.46, 96
313.40, 96
313.51, 96
313.51, 96
314.34, 96
314.34, 96
314.34, 96
314.34, 96
314.34, 96
314.49, 96
314.49, 96
314.66, 96
314.66, 96
314.84, 96
315.51, 96
315.75, 96
317.05, 96
317.10, 96
318.11, 96
318.11, 96
318.11, 96
318.11, 96
318.23, 96
318.23, 96
318.28, 96
318.28, 96
318.28, 96
318.45, 96
318.90, 96
319.76, 96
319.85, 96
320.12, 96
321.31, 96
321.98, 96
322.36, 96
322.36, 96
322.47, 96
322.89, 96
323.35, 96
324.08, 96
325.18, 96
325.22, 96
325.23, 96
326.03, 96
326.12, 96
326.13, 96
326.65, 96
326.65, 96
326.65, 96
326.65, 96
326.65, 96
326.65, 96
326.66, 96
328.46, 96
328.46, 96
328.50, 96
328.89, 96
329.29, 96
329.29, 96
329.56, 96
329.56, 96
329.56, 96
329.56, 96
329.79, 96
330.41, 96
331.01, 96
331.11, 96
331.12, 96
331.12, 96
331.14, 96
331.14, 96
331.14, 96
332.37, 96
332.70, 96
332.71, 96
333.95, 96
334.79, 96
335.52, 96
335.53, 96
335.54, 96
335.65, 96
335.65, 96
336.12, 96
336.96, 96
336.96, 96
336.96, 96
336.96, 96
336.96, 96
337.26, 96
337.43, 96
337.96, 96
338.05, 96
338.07, 96
338.42, 96
339.21, 96
339.21, 96
339.60, 96
339.76, 96
340.89, 96
340.89, 96
341.37, 96
341.96, 96
342.57, 96
342.58, 96
342.63, 96
342.63, 96
343.03, 96
343.63, 96
343.63, 96
343.64, 96
344.04, 96
344.15, 96
344.15, 96
344.15, 96
345.23, 96
345.23, 96
345.23, 96
345.41, 96
345.52, 96
345.52, 96
345.52, 96
345.52, 96
345.52, 96
345.53, 96
345.53, 96
345.53, 96
345.53, 96
345.53, 96
346.36, 96
346.42, 96
346.63, 96
346.63, 96
346.83, 96
346.90, 96
347.74, 96
348.49, 96
348.53, 96
348.53, 96
348.89, 96
348.89, 96
350.31, 96
350.39, 96
350.39, 96
350.63, 96
351.22, 96
351.88, 96
352.44, 96
353.16, 96
355.22, 96
355.64, 96
357.45, 96
358.09, 96
359.29, 96
359.97, 96
359.97, 96
360.13, 96
360.42, 96
360.52, 96
361.58, 96
361.58, 96
361.58, 96
361.65, 96
362.02, 96
362.02, 96
362.15, 96
362.37, 96
363.02, 96
363.82, 96
363.82, 96
364.65, 96
365.16, 96
365.46, 96
365.46, 96
365.46, 96
365.46, 96
365.53, 96
365.53, 96
365.53, 96
365.53, 96
365.53, 96
365.54, 96
365.54, 96
366.19, 96
366.26, 96
366.35, 96
366.87, 96
366.87, 96
367.37, 96
367.37, 96
367.37, 96
368.38, 96
369.38, 96
369.38, 96
369.49, 96
369.49, 96
369.50, 96
370.42, 96
370.72, 96
370.98, 96
370.98, 96
371.68, 96
371.68, 96
371.68, 96
371.69, 96
371.85, 96
372.37, 96
372.37, 96
372.38, 96
372.69, 96
372.69, 96
372.70, 96
372.71, 96
372.80, 96
372.81, 96
372.81, 96
373.60, 96
374.58, 96
374.58, 96
375.14, 96
375.58, 96
375.58, 96
375.59, 96
375.59, 96
376.46, 96
376.46, 96
376.73, 96
377.27, 96
377.27, 96
377.27, 96
377.92, 96
377.93, 96
378.80, 96
378.80, 96
378.80, 96
378.80, 96
380.19, 96
380.39, 96
380.39, 96
381.32, 96
382.58, 96
382.84, 96
382.84, 96
382.84, 96
383.22, 96
383.88, 96
384.05, 96
384.39, 96
384.53, 96
384.53, 96
384.60, 96
384.75, 96
384.75, 96
384.93, 96
384.93, 96
385.57, 96
385.57, 96
385.70, 96
385.70, 96
385.80, 96
386.02, 96
386.43, 96
386.54, 96
386.54, 96
386.54, 96
386.54, 96
386.61, 96
386.81, 96
386.81, 96
387.18, 96
387.48, 96
389.45, 96
389.45, 96
389.52, 96
389.76, 96
389.76, 96
389.99, 96
390.26, 96
390.56, 96
390.68, 96
390.71, 96
391.54, 96
391.79, 96
391.79, 96
391.87, 96
391.87, 96
392.61, 96
392.83, 96
392.83, 96
392.83, 96
392.83, 96
392.83, 96
392.83, 96
392.86, 96
392.93, 96
393.07, 96
393.72, 96
394.03, 96
394.03, 96
394.03, 96
394.03, 96
394.03, 96
394.03, 96
394.05, 96
397.05, 96
397.05, 96
397.05, 96
397.05, 96
397.05, 96
397.29, 96
397.29, 96
397.29, 96
397.34, 96
397.34, 96
397.71, 96
398.10, 96
398.10, 96
398.32, 96
398.33, 96
398.33, 96
398.47, 96
398.62, 96
398.62, 96
398.63, 96
399.34, 96
401.16, 96
401.23, 96
401.75, 96
401.75, 96
402.41, 96
403.61, 96
403.86, 96
404.01, 96
404.80, 96
404.86, 96
404.87, 96
404.99, 96
404.99, 96
405.82, 96
405.82, 96
405.82, 96
406.72, 96
406.72, 96
407.78, 96
407.78, 96
407.78, 96
407.78, 96
407.78, 96
408.02, 96
408.02, 96
408.36, 96
408.57, 96
408.57, 96
408.57, 96
410.97, 96
411.65, 96
411.65, 96
411.65, 96
411.65, 96
411.65, 96
411.93, 96
411.94, 96
411.99, 96
412.12, 96
412.31, 96
412.65, 96
412.65, 96
412.65, 96
413.04, 96
413.44, 96
414.76, 96
414.76, 96
415.79, 96
416.67, 96
416.92, 96
417.56, 96
417.56, 96
417.90, 96
419.25, 96
419.25, 96
419.25, 96
419.31, 96
419.31, 96
419.31, 96
419.31, 96
419.31, 96
419.31, 96
419.31, 96
419.32, 96
419.32, 96
419.32, 96
419.57, 96
419.57, 96
419.57, 96
419.92, 96
420.34, 96
420.55, 96
420.87, 96
421.20, 96
421.20, 96
421.27, 96
422.00, 96
423.62, 96
423.81, 96
424.56, 96
424.56, 96
424.56, 96
424.56, 96
425.32, 96
425.32, 96
425.32, 96
425.32, 96
426.19, 96
426.19, 96
426.19, 96
426.23, 96
426.23, 96
426.23, 96
426.23, 96
426.25, 96
426.26, 96
426.45, 96
426.57, 96
426.57, 96
426.57, 96
426.71, 96
426.85, 96
427.82, 96
428.45, 96
428.76, 96
429.52, 96
429.52, 96
429.69, 96
429.80, 96
429.80, 96
430.82, 96
430.90, 96
430.90, 96
431.72, 96
433.25, 96
434.02, 96
434.02, 96
434.11, 96
435.05, 96
435.06, 96
435.06, 96
435.68, 96
435.68, 96
435.84, 96
435.84, 96
435.97, 96
435.97, 96
436.50, 96
436.50, 96
436.50, 96
436.50, 96
436.50, 96
436.52, 96
436.52, 96
436.86, 96
436.86, 96
437.41, 96
438.57, 96
439.15, 96
439.76, 96
439.88, 96
439.88, 96
440.52, 96
440.66, 96
440.66, 96
440.66, 96
440.66, 96
440.77, 96
440.77, 96
440.87, 96
440.88, 96
441.56, 96
441.56, 96
441.57, 96
441.62, 96
441.62, 96
441.72, 96
441.72, 96
442.61, 96
442.94, 96
443.36, 96
443.58, 96
444.08, 96
444.08, 96
444.17, 96
444.17, 96
444.19, 96
444.19, 96
444.42, 96
445.06, 96
446.44, 96
446.67, 96
446.67, 96
446.67, 96
446.84, 96
448.23, 96
448.70, 96
448.76, 96
448.76, 96
448.77, 96
448.78, 96
448.96, 96
449.11, 96
449.11, 96
449.32, 96
449.43, 96
449.83, 96
449.95, 96
449.95, 96
449.95, 96
449.95, 96
449.95, 96
449.95, 96
450.08, 96
450.44, 96
450.44, 96
450.44, 96
451.29, 96
451.96, 96
452.02, 96
452.07, 96
452.82, 96
453.63, 96
453.66, 96
454.07, 96
454.11, 96
454.11, 96
454.31, 96
454.32, 96
454.97, 96
455.14, 96
455.42, 96
456.55, 96
456.59, 96
456.65, 96
456.65, 96
457.13, 96
457.61, 96
457.61, 96
458.10, 96
458.10, 96
458.10, 96
458.11, 96
458.11, 96
458.11, 96
458.11, 96
458.11, 96
458.11, 96
458.37, 96
458.47, 96
458.58, 96
458.58, 96
459.42, 96
460.39, 96
460.39, 96
460.40, 96
460.40, 96
460.57, 96
461.19, 96
461.39, 96
461.39, 96
461.61, 96
461.61, 96
462.03, 96
462.94, 96
463.26, 96
463.26, 96
463.59, 96
463.59, 96
464.12, 96
464.12, 96
464.12, 96
464.12, 96
464.30, 96
464.30, 96
464.30, 96
464.30, 96
464.36, 96
464.58, 96
464.58, 96
464.58, 96
464.59, 96
465.48, 96
465.63, 96
465.63, 96
466.21, 96
466.21, 96
466.34, 96
466.34, 96
466.34, 96
466.34, 96
466.34, 96
467.99, 96
467.99, 96
468.02, 96
468.42, 96
468.42, 96
468.91, 96
468.91, 96
469.31, 96
469.68, 96
470.74, 96
471.60, 96
471.60, 96
473.07, 96
473.07, 96
473.28, 96
473.28, 96
473.52, 96
473.74, 96
473.74, 96
474.27, 96
474.37, 96
474.37, 96
474.38, 96
474.38, 96
474.58, 96
474.72, 96
475.20, 96
475.20, 96
475.20, 96
475.20, 96
475.44, 96
475.63, 96
475.97, 96
475.97, 96
476.81, 96
477.25, 96
478.17, 96
478.32, 96
478.33, 96
478.99, 96
479.19, 96
479.20, 96
479.21, 96
479.51, 96
480.36, 96
480.36, 96
480.36, 96
480.36, 96
480.36, 96
481.52, 96
481.96, 96
482.24, 96
482.24, 96
482.27, 96
483.59, 96
483.59, 96
483.59, 96
483.63, 96
485.80, 96
485.80, 96
485.80, 96
485.95, 96
486.50, 96
486.50, 96
486.50, 96
486.57, 96
486.92, 96
486.92, 96
486.92, 96
487.03, 96
487.06, 96
487.19, 96
487.65, 96
487.89, 96
487.89, 96
488.28, 96
488.93, 96
489.19, 96
489.49, 96
489.54, 96
490.18, 96
490.33, 96
490.33, 96
490.33, 96
490.55, 96
491.65, 96
491.65, 96
492.29, 96
492.29, 96
492.29, 96
492.29, 96
492.29, 96
492.29, 96
493.07, 96
493.71, 96
493.71, 96
495.13, 96
495.13, 96
495.14, 96
495.30, 96
495.40, 96
495.79, 96
497.27, 96
497.28, 96
497.78, 96
497.87, 96
498.53, 96
498.53, 96
499.03, 96
500.46, 96
500.46, 96
500.51, 96
500.64, 96
500.64, 96
500.65, 96
500.65, 96
500.65, 96
500.75, 96
500.88, 96
501.17, 96
501.27, 96
501.94, 96
501.96, 96
502.55, 96
502.87, 96
502.94, 96
502.94, 96
503.13, 96
503.68, 96
503.93, 96
504.16, 96
504.39, 96
504.39, 96
505.31, 96
505.31, 96
505.31, 96
505.31, 96
505.49, 96
505.80, 96
505.80, 96
506.38, 96
506.38, 96
506.74, 96
506.74, 96
507.85, 96
507.85, 96
508.26, 96
509.09, 96
509.09, 96
509.84, 96
509.84, 96
510.19, 96
510.22, 96
510.22, 96
510.28, 96
510.37, 96
511.94, 96
511.94, 96
511.95, 96
512.34, 96
512.69, 96
512.88, 96
512.92, 96
512.95, 96
512.96, 96
513.29, 96
513.39, 96
513.60, 96
514.17, 96
514.38, 96
514.38, 96
514.73, 96
514.98, 96
514.98, 96
515.11, 96
516.48, 96
516.48, 96
516.48, 96
516.63, 96
516.63, 96
517.42, 96
517.69, 96
517.78, 96
517.79, 96
518.96, 96
519.07, 96
519.43, 96
521.32, 96
521.96, 96
522.18, 96
522.18, 96
522.18, 96
522.27, 96
522.27, 96
522.48, 96
522.48, 96
522.48, 96
522.48, 96
522.51, 96
522.51, 96
522.73, 96
522.73, 96
522.83, 96
523.36, 96
524.30, 96
524.34, 96
524.39, 96
524.40, 96
524.93, 96
525.29, 96
525.29, 96
525.73, 96
525.73, 96
525.75, 96
527.61, 96
527.61, 96
527.61, 96
528.41, 96
528.73, 96
529.26, 96
529.46, 96
529.67, 96
529.67, 96
529.83, 96
530.02, 96
530.20, 96
530.20, 96
530.66, 96
530.66, 96
530.66, 96
530.79, 96
530.79, 96
531.18, 96
531.37, 96
531.41, 96
531.42, 96
531.66, 96
531.72, 96
531.77, 96
531.77, 96
531.77, 96
531.77, 96
531.78, 96
531.78, 96
532.38, 96
532.90, 96
532.90, 96
532.98, 96
532.99, 96
532.99, 96
533.21, 96
533.73, 96
534.82, 96
536.84, 96
536.92, 96
537.43, 96
537.95, 96
538.04, 96
541.58, 96
541.58, 96
541.85, 96
542.92, 96
542.92, 96
543.00, 96
543.38, 96
543.51, 96
543.79, 96
543.79, 96
543.80, 96
543.80, 96
544.48, 96
544.94, 96
544.95, 96
544.95, 96
545.20, 96
545.20, 96
545.34, 96
545.34, 96
545.34, 96
545.58, 96
546.44, 96
546.61, 96
546.61, 96
546.99, 96
546.99, 96
547.62, 96
547.62, 96
547.83, 96
547.91, 96
547.91, 96
548.61, 96
548.70, 96
548.71, 96
549.04, 96
549.04, 96
549.04, 96
549.04, 96
549.17, 96
549.20, 96
549.55, 96
549.63, 96
549.63, 96
549.63, 96
549.63, 96
549.68, 96
549.69, 96
549.69, 96
549.69, 96
550.14, 96
550.38, 96
550.47, 96
550.47, 96
550.56, 96
551.26, 96
551.45, 96
551.46, 96
551.46, 96
551.87, 96
551.87, 96
552.12, 96
552.12, 96
552.22, 96
552.22, 96
552.25, 96
552.25, 96
552.30, 96
552.30, 96
552.30, 96
552.67, 96
552.88, 96
553.81, 96
554.14, 96
554.68, 96
554.68, 96
554.73, 96
554.73, 96
554.95, 96
554.95, 96
554.95, 96
554.98, 96
556.62, 96
556.87, 96
556.98, 96
557.04, 96
557.17, 96
558.30, 96
559.55, 96
560.72, 96
560.72, 96
561.36, 96
561.36, 96
561.36, 96
561.40, 96
561.40, 96
561.44, 96
561.50, 96
561.50, 96
562.06, 96
562.28, 96
562.28, 96
562.28, 96
562.74, 96
562.74, 96
563.65, 96
563.65, 96
563.65, 96
563.65, 96
563.72, 96
563.90, 96
563.90, 96
563.97, 96
564.53, 96
564.54, 96
564.54, 96
564.54, 96
564.69, 96
565.99, 96
566.04, 96
566.82, 96
567.24, 96
567.49, 96
567.76, 96
568.06, 96
568.06, 96
568.12, 96
568.12, 96
568.12, 96
569.16, 96
569.26, 96
569.76, 96
569.86, 96
569.86, 96
570.23, 96
570.23, 96
570.39, 96
570.72, 96
570.94, 96
570.94, 96
571.78, 96
571.78, 96
571.84, 96
571.92, 96
571.92, 96
572.15, 96
573.05, 96
573.10, 96
573.10, 96
573.10, 96
573.73, 96
575.05, 96
575.82, 96
576.45, 96
576.97, 96
576.97, 96
577.20, 96
577.25, 96
577.25, 96
577.83, 96
577.83, 96
578.23, 96
578.73, 96
578.92, 96
578.92, 96
580.64, 96
581.50, 96
581.66, 96
582.34, 96
582.55, 96
583.34, 96
583.34, 96
583.53, 96
583.53, 96
583.55, 96
583.55, 96
584.60, 96
584.60, 96
584.89, 96
585.51, 96
585.51, 96
585.51, 96
586.10, 96
586.11, 96
586.24, 96
587.17, 96
587.17, 96
587.34, 96
587.83, 96
589.51, 96
589.73, 96
589.73, 96
589.87, 96
589.97, 96
589.97, 96
590.05, 96
590.05, 96
590.05, 96
590.22, 96
590.87, 96
591.25, 96
591.25, 96
592.00, 96
592.00, 96
592.12, 96
592.58, 96
592.58, 96
592.58, 96
592.58, 96
592.97, 96
592.98, 96
593.17, 96
593.17, 96
595.47, 96
596.20, 96
596.20, 96
596.21, 96
596.21, 96
597.34, 96
597.34, 96
597.39, 96
597.39, 96
597.39, 96
597.41, 96
597.42, 96
597.42, 96
597.47, 96
597.80, 96
598.99, 96
599.17, 96
599.17, 96
599.17, 96
599.78, 96
