0.00, 102
0.01, 99
0.01, 99
0.01, 99
0.01, 99
0.01, 98
0.01, 98
0.01, 98
0.02, 98
0.03, 98
0.03, 97
0.05, 97
0.05, 97
0.07, 97
0.10, 97
0.10, 97
0.12, 97
0.13, 97
0.13, 97
0.28, 97
0.29, 97
0.34, 97
0.35, 97
0.35, 97
0.35, 97
0.42, 97
0.42, 97
0.42, 97
0.51, 97
0.51, 97
0.51, 97
0.57, 97
0.61, 97
0.61, 97
0.66, 97
0.66, 97
0.66, 97
0.67, 97
0.67, 97
0.67, 97
0.67, 97
0.67, 97
0.72, 97
0.72, 97
0.72, 97
0.72, 96
1.55, 96
2.66, 96
2.77, 96
2.83, 96
2.83, 96
3.97, 96
6.03, 96
6.34, 96
6.98, 96
7.03, 96
7.16, 96
7.17, 96
7.52, 96
8.31, 96
8.33, 96
8.33, 96
8.52, 96
8.52, 96
9.76, 96
10.03, 96
10.03, 96
10.25, 96
10.92, 96
12.09, 96
12.20, 96
13.81, 96
13.81, 96
14.18, 96
14.19, 96
14.71, 96
14.92, 96
14.92, 96
15.40, 96
15.40, 96
15.81, 96
15.81, 96
15.81, 96
16.26, 96
16.36, 96
16.39, 96
16.43, 96
16.46, 96
17.62, 96
17.62, 96
17.71, 96
17.72, 96
17.89, 96
17.90, 96
18.12, 96
18.12, 96
18.12, 96
18.41, 96
18.41, 96
19.10, 96
19.10, 96
19.11, 96
19.11, 96
19.12, 96
19.12, 96
19.12, 96
20.43, 96
20.44, 96
20.44, 96
21.46, 96
21.88, 96
21.89, 96
21.89, 96
22.81, 96
23.85, 96
24.42, 96
24.42, 96
25.02, 96
28.25, 96
28.27, 96
28.58, 96
28.72, 96
28.73, 96
28.73, 96
29.47, 96
29.67, 96
30.37, 96
31.20, 96
31.72, 96
31.73, 96
32.10, 96
32.27, 96
32.40, 96
32.54, 96
32.60, 96
32.60, 96
32.75, 96
35.88, 96
36.35, 96
36.48, 96
36.51, 96
37.81, 96
39.16, 96
39.21, 96
39.21, 96
39.21, 96
39.21, 96
39.41, 96
39.79, 96
40.05, 96
40.06, 96
40.06, 96
40.48, 96
40.48, 96
40.64, 96
42.73, 96
42.84, 96
43.48, 96
43.48, 96
43.68, 96
44.39, 96
44.39, 96
44.40, 96
44.64, 96
44.78, 96
44.83, 96
45.94, 96
45.94, 96
45.94, 96
45.94, 96
45.94, 96
46.01, 96
47.22, 96
47.88, 96
47.88, 96
48.20, 96
48.42, 96
49.78, 96
49.79, 96
49.79, 96
49.79, 96
49.79, 96
49.87, 96
50.22, 96
50.28, 96
50.94, 96
50.94, 96
51.10, 96
52.18, 96
52.57, 96
52.57, 96
52.75, 96
53.04, 96
55.08, 96
56.71, 96
56.72, 96
57.00, 96
57.11, 96
57.21, 96
57.21, 96
58.40, 96
58.65, 96
58.69, 96
58.86, 96
58.87, 96
58.87, 96
58.95, 96
58.95, 96
58.96, 96
59.32, 96
59.35, 96
59.39, 96
59.90, 96
59.90, 96
60.78, 96
61.06, 96
61.80, 96
62.87, 96
62.90, 96
64.12, 96
65.41, 96
65.41, 96
65.71, 96
65.87, 96
66.60, 96
67.74, 96
67.75, 96
67.75, 96
68.10, 96
68.10, 96
68.31, 96
68.31, 96
68.31, 96
68.86, 96
68.86, 96
69.51, 96
69.54, 96
69.58, 96
70.14, 96
70.14, 96
70.27, 96
70.27, 96
71.33, 96
71.72, 96
71.73, 96
71.73, 96
71.73, 96
71.76, 96
71.89, 96
71.93, 96
71.93, 96
72.14, 96
72.14, 96
72.14, 96
72.14, 96
72.14, 96
72.15, 96
72.65, 96
72.65, 96
72.65, 96
73.38, 96
73.38, 96
74.01, 96
74.01, 96
74.90, 96
75.00, 96
75.00, 96
75.12, 96
75.12, 96
75.12, 96
75.12, 96
75.61, 96
75.61, 96
75.89, 96
75.89, 96
76.21, 96
76.21, 96
77.31, 96
77.32, 96
77.32, 96
77.32, 96
77.32, 96
77.59, 96
77.60, 96
78.69, 96
78.69, 96
79.14, 96
79.42, 96
79.42, 96
80.21, 96
80.60, 96
80.61, 96
80.97, 96
81.37, 96
82.58, 96
82.93, 96
82.93, 96
83.42, 96
83.59, 96
84.02, 96
84.03, 96
84.32, 96
84.91, 96
84.91, 96
84.91, 96
85.23, 96
86.05, 96
88.11, 96
88.18, 96
88.19, 96
88.71, 96
88.71, 96
89.28, 96
89.52, 96
89.52, 96
89.98, 96
90.45, 96
90.45, 96
90.46, 96
90.46, 96
91.80, 96
91.94, 96
92.50, 96
93.67, 96
94.25, 96
94.73, 96
95.24, 96
95.24, 96
95.81, 96
96.68, 96
96.69, 96
96.95, 96
96.95, 96
97.94, 96
97.95, 96
98.48, 96
98.60, 96
98.63, 96
98.63, 96
98.63, 96
98.77, 96
99.12, 96
99.96, 96
99.96, 96
99.96, 96
100.08, 96
100.08, 96
100.08, 96
100.08, 96
100.08, 96
100.08, 96
100.20, 96
100.20, 96
102.37, 96
102.37, 96
102.37, 96
102.38, 96
103.22, 96
103.48, 96
103.60, 96
104.45, 96
104.46, 96
104.77, 96
104.89, 96
105.13, 96
105.21, 96
105.35, 96
105.35, 96
105.75, 96
106.07, 96
106.29, 96
106.42, 96
106.67, 96
106.67, 96
107.51, 96
107.51, 96
107.54, 96
109.13, 96
109.13, 96
109.15, 96
109.93, 96
109.93, 96
109.93, 96
110.34, 96
110.77, 96
111.62, 96
111.62, 96
112.25, 96
113.59, 96
114.53, 96
114.53, 96
114.89, 96
115.47, 96
115.47, 96
118.25, 96
118.26, 96
118.26, 96
118.70, 96
119.00, 96
119.01, 96
119.01, 96
119.02, 96
119.13, 96
119.23, 96
119.23, 96
119.23, 96
120.83, 96
120.83, 96
121.04, 96
121.05, 96
121.05, 96
121.76, 96
122.42, 96
122.44, 96
122.57, 96
122.61, 96
122.62, 96
122.62, 96
122.62, 96
123.23, 96
125.21, 96
125.21, 96
125.86, 96
125.86, 96
125.86, 96
125.92, 96
125.93, 96
125.93, 96
126.03, 96
126.03, 96
126.38, 96
126.82, 96
126.92, 96
127.62, 96
127.75, 96
127.75, 96
127.75, 96
127.75, 96
127.75, 96
128.34, 96
128.34, 96
128.34, 96
128.34, 96
128.34, 96
128.80, 96
128.80, 96
130.10, 96
130.10, 96
130.89, 96
130.89, 96
131.16, 96
131.55, 96
133.13, 96
134.08, 96
134.08, 96
134.08, 96
134.08, 96
134.09, 96
134.09, 96
135.96, 96
135.96, 96
135.96, 96
136.28, 96
136.28, 96
136.28, 96
136.28, 96
136.45, 96
136.73, 96
136.75, 96
136.75, 96
136.75, 96
136.75, 96
136.75, 96
137.57, 96
137.57, 96
139.39, 96
139.39, 96
139.39, 96
140.82, 96
141.05, 96
141.27, 96
141.70, 96
141.70, 96
141.70, 96
141.84, 96
141.85, 96
141.85, 96
141.85, 96
141.87, 96
141.87, 96
142.53, 96
142.88, 96
143.36, 96
143.40, 96
143.40, 96
144.16, 96
144.44, 96
145.16, 96
145.58, 96
145.97, 96
146.03, 96
146.03, 96
146.03, 96
146.03, 96
146.49, 96
146.83, 96
146.85, 96
146.85, 96
146.85, 96
146.85, 96
146.86, 96
147.12, 96
147.13, 96
147.17, 96
147.23, 96
147.23, 96
147.24, 96
147.61, 96
148.05, 96
148.07, 96
148.39, 96
149.13, 96
149.13, 96
149.91, 96
150.05, 96
150.05, 96
150.20, 96
150.34, 96
150.35, 96
150.35, 96
151.31, 96
151.58, 96
152.28, 96
152.28, 96
152.47, 96
153.28, 96
153.28, 96
153.35, 96
153.83, 96
153.99, 96
153.99, 96
154.41, 96
154.41, 96
155.08, 96
155.09, 96
155.66, 96
156.26, 96
156.26, 96
156.26, 96
156.26, 96
157.76, 96
157.77, 96
158.19, 96
158.78, 96
159.55, 96
159.61, 96
159.61, 96
159.73, 96
159.88, 96
160.71, 96
161.54, 96
162.00, 96
162.00, 96
162.29, 96
163.14, 96
164.13, 96
164.13, 96
165.08, 96
165.41, 96
165.59, 96
166.00, 96
166.66, 96
166.67, 96
167.15, 96
167.57, 96
167.57, 96
167.66, 96
168.76, 96
168.86, 96
168.86, 96
169.47, 96
169.81, 96
169.81, 96
169.81, 96
169.93, 96
169.94, 96
170.04, 96
170.07, 96
170.07, 96
170.07, 96
170.58, 96
170.58, 96
171.35, 96
171.35, 96
171.57, 96
171.57, 96
171.58, 96
171.58, 96
172.23, 96
172.23, 96
172.23, 96
172.27, 96
172.30, 96
172.97, 96
172.97, 96
172.98, 96
172.98, 96
172.98, 96
173.00, 96
173.12, 96
173.13, 96
173.15, 96
173.15, 96
173.30, 96
173.82, 96
174.71, 96
174.71, 96
175.32, 96
175.32, 96
175.74, 96
175.74, 96
175.74, 96
175.79, 96
175.79, 96
175.79, 96
175.97, 96
176.24, 96
176.34, 96
177.05, 96
177.05, 96
177.15, 96
177.59, 96
177.71, 96
177.91, 96
178.61, 96
179.07, 96
179.34, 96
180.28, 96
180.35, 96
180.35, 96
180.71, 96
180.71, 96
180.72, 96
180.81, 96
180.92, 96
180.92, 96
181.07, 96
181.25, 96
181.25, 96
181.25, 96
181.26, 96
182.41, 96
182.41, 96
182.41, 96
182.45, 96
182.45, 96
182.45, 96
182.45, 96
184.14, 96
184.21, 96
184.21, 96
184.48, 96
185.71, 96
185.87, 96
186.10, 96
187.63, 96
187.88, 96
188.00, 96
188.70, 96
188.74, 96
188.75, 96
188.85, 96
189.86, 96
189.87, 96
190.16, 96
190.29, 96
191.37, 96
191.79, 96
191.79, 96
192.07, 96
192.46, 96
193.18, 96
193.20, 96
193.20, 96
193.22, 96
193.78, 96
193.79, 96
193.79, 96
193.79, 96
194.38, 96
194.80, 96
194.83, 96
194.83, 96
196.08, 96
196.32, 96
196.58, 96
196.93, 96
196.94, 96
196.94, 96
197.48, 96
197.48, 96
197.49, 96
198.15, 96
198.37, 96
198.37, 96
198.80, 96
199.06, 96
200.85, 96
200.91, 96
200.92, 96
201.36, 96
201.92, 96
203.00, 96
203.89, 96
203.90, 96
203.91, 96
203.91, 96
203.95, 96
203.96, 96
204.51, 96
205.26, 96
205.72, 96
206.58, 96
206.59, 96
207.18, 96
207.22, 96
207.80, 96
208.27, 96
208.27, 96
208.55, 96
208.56, 96
208.56, 96
209.28, 96
209.28, 96
209.38, 96
209.70, 96
210.23, 96
210.24, 96
210.24, 96
210.24, 96
210.30, 96
210.71, 96
211.09, 96
211.14, 96
211.35, 96
211.99, 96
211.99, 96
211.99, 96
212.00, 96
212.01, 96
212.74, 96
212.74, 96
212.88, 96
213.03, 96
213.04, 96
213.76, 96
213.77, 96
213.90, 96
213.91, 96
213.91, 96
213.91, 96
213.91, 96
214.27, 96
214.69, 96
214.69, 96
214.69, 96
214.69, 96
214.75, 96
215.04, 96
215.31, 96
215.94, 96
216.15, 96
216.40, 96
216.40, 96
216.59, 96
216.59, 96
216.59, 96
216.75, 96
216.76, 96
216.76, 96
216.84, 96
216.86, 96
217.04, 96
217.64, 96
217.65, 96
217.65, 96
217.65, 96
217.90, 96
217.90, 96
220.70, 96
220.71, 96
220.96, 96
222.10, 96
222.10, 96
222.10, 96
222.41, 96
222.41, 96
222.54, 96
222.58, 96
222.84, 96
222.84, 96
222.84, 96
222.84, 96
222.97, 96
222.98, 96
223.25, 96
224.12, 96
224.12, 96
225.17, 96
225.17, 96
225.71, 96
226.56, 96
226.79, 96
226.96, 96
226.96, 96
227.41, 96
227.41, 96
227.41, 96
227.44, 96
227.46, 96
227.46, 96
228.22, 96
228.22, 96
228.60, 96
229.81, 96
229.87, 96
229.87, 96
229.87, 96
229.88, 96
230.97, 96
231.40, 96
231.91, 96
231.91, 96
232.00, 96
232.00, 96
232.00, 96
233.00, 96
235.12, 96
235.12, 96
235.12, 96
235.13, 96
235.42, 96
235.42, 96
236.14, 96
236.49, 96
236.68, 96
236.90, 96
238.66, 96
238.66, 96
239.57, 96
239.90, 96
239.90, 96
239.90, 96
239.90, 96
240.02, 96
240.05, 96
240.49, 96
240.49, 96
240.49, 96
240.50, 96
240.50, 96
240.57, 96
240.57, 96
240.57, 96
240.82, 96
240.83, 96
240.83, 96
241.19, 96
241.79, 96
241.79, 96
242.61, 96
242.61, 96
242.61, 96
242.61, 96
242.73, 96
242.73, 96
242.73, 96
242.87, 96
242.87, 96
242.87, 96
242.87, 96
242.87, 96
243.40, 96
243.40, 96
243.40, 96
243.77, 96
243.78, 96
244.61, 96
244.83, 96
244.83, 96
244.83, 96
244.83, 96
245.09, 96
245.09, 96
245.09, 96
245.09, 96
246.77, 96
247.00, 96
247.00, 96
247.03, 96
247.03, 96
247.62, 96
248.48, 96
248.48, 96
248.49, 96
248.49, 96
248.49, 96
248.65, 96
248.65, 96
248.87, 96
249.27, 96
249.27, 96
249.54, 96
249.54, 96
249.54, 96
250.01, 96
250.50, 96
250.50, 96
250.70, 96
250.77, 96
250.82, 96
250.82, 96
250.82, 96
250.94, 96
250.94, 96
251.39, 96
251.39, 96
252.31, 96
252.31, 96
252.39, 96
252.95, 96
253.49, 96
253.53, 96
254.07, 96
254.07, 96
254.11, 96
255.01, 96
255.59, 96
255.90, 96
256.27, 96
256.51, 96
256.51, 96
258.13, 96
259.01, 96
259.34, 96
259.41, 96
259.41, 96
259.41, 96
259.57, 96
259.58, 96
259.99, 96
260.65, 96
260.96, 96
260.96, 96
261.47, 96
262.64, 96
262.65, 96
263.33, 96
263.34, 96
263.34, 96
263.42, 96
263.54, 96
263.99, 96
264.71, 96
265.33, 96
265.89, 96
266.38, 96
266.38, 96
266.42, 96
266.42, 96
266.96, 96
267.00, 96
267.02, 96
267.06, 96
267.35, 96
267.35, 96
267.48, 96
269.68, 96
269.89, 96
270.17, 96
270.61, 96
272.38, 96
272.40, 96
272.40, 96
274.01, 96
274.01, 96
274.01, 96
274.01, 96
274.03, 96
274.80, 96
274.95, 96
274.98, 96
277.53, 96
277.55, 96
277.73, 96
277.73, 96
277.92, 96
277.96, 96
278.93, 96
279.67, 96
279.67, 96
279.68, 96
281.77, 96
281.84, 96
281.84, 96
283.77, 96
283.81, 96
283.89, 96
284.23, 96
284.27, 96
285.11, 96
285.12, 96
285.12, 96
285.40, 96
285.76, 96
285.76, 96
287.28, 96
287.28, 96
287.34, 96
287.83, 96
288.16, 96
288.16, 96
288.22, 96
288.23, 96
288.83, 96
288.83, 96
288.83, 96
288.83, 96
288.83, 96
288.84, 96
289.04, 96
289.37, 96
290.45, 96
290.86, 96
290.86, 96
291.51, 96
292.06, 96
292.21, 96
292.79, 96
292.79, 96
292.90, 96
293.32, 96
294.33, 96
294.81, 96
294.81, 96
294.81, 96
295.40, 96
295.77, 96
295.95, 96
296.55, 96
296.59, 96
296.59, 96
296.59, 96
297.09, 96
297.27, 96
297.38, 96
297.38, 96
297.39, 96
297.93, 96
297.93, 96
297.93, 96
297.93, 96
297.93, 96
298.41, 96
298.51, 96
299.86, 96
299.86, 96
300.22, 96
300.27, 96
300.28, 96
300.38, 96
300.38, 96
300.47, 96
300.68, 96
302.04, 96
302.34, 96
303.09, 96
303.48, 96
304.13, 96
306.97, 96
306.97, 96
306.97, 96
306.97, 96
308.25, 96
308.25, 96
308.79, 96
308.99, 96
309.27, 96
310.15, 96
310.16, 96
310.16, 96
310.89, 96
312.93, 96
314.39, 96
314.61, 96
314.97, 96
314.97, 96
314.97, 96
315.34, 96
316.54, 96
316.63, 96
317.13, 96
317.74, 96
319.82, 96
320.29, 96
320.29, 96
320.29, 96
320.29, 96
320.29, 96
320.30, 96
320.30, 96
320.38, 96
320.43, 96
320.43, 96
320.43, 96
320.75, 96
320.80, 96
322.19, 96
322.19, 96
322.25, 96
322.25, 96
322.37, 96
322.79, 96
324.69, 96
325.00, 96
325.00, 96
325.45, 96
325.75, 96
326.15, 96
326.16, 96
326.16, 96
326.44, 96
326.68, 96
326.76, 96
326.86, 96
327.49, 96
327.49, 96
328.13, 96
328.79, 96
328.79, 96
328.85, 96
328.93, 96
328.96, 96
328.96, 96
328.96, 96
329.92, 96
329.94, 96
330.61, 96
330.62, 96
330.78, 96
332.36, 96
332.44, 96
332.46, 96
332.58, 96
333.29, 96
333.29, 96
333.61, 96
333.63, 96
333.63, 96
333.63, 96
334.64, 96
334.64, 96
334.64, 96
334.64, 96
334.64, 96
334.69, 96
334.70, 96
334.70, 96
336.30, 96
336.31, 96
336.60, 96
336.60, 96
337.95, 96
337.95, 96
337.95, 96
338.24, 96
339.05, 96
339.45, 96
339.46, 96
339.47, 96
340.07, 96
340.62, 96
340.64, 96
340.64, 96
340.88, 96
341.58, 96
341.58, 96
341.68, 96
342.16, 96
342.59, 96
342.70, 96
342.94, 96
343.54, 96
343.65, 96
344.19, 96
344.19, 96
344.19, 96
344.64, 96
344.70, 96
345.09, 96
345.09, 96
347.58, 96
348.01, 96
348.01, 96
348.01, 96
349.78, 96
349.78, 96
350.23, 96
351.08, 96
351.08, 96
351.47, 96
351.53, 96
351.53, 96
353.50, 96
354.53, 96
355.12, 96
355.35, 96
355.76, 96
356.05, 96
356.26, 96
356.31, 96
356.31, 96
356.31, 96
356.63, 96
356.94, 96
357.79, 96
358.57, 96
358.57, 96
358.57, 96
358.74, 96
359.27, 96
361.03, 96
361.14, 96
361.15, 96
361.86, 96
361.86, 96
361.86, 96
361.86, 96
361.86, 96
361.98, 96
361.99, 96
362.15, 96
362.15, 96
362.30, 96
362.85, 96
363.08, 96
364.30, 96
364.37, 96
365.33, 96
365.33, 96
365.33, 96
365.33, 96
365.47, 96
365.47, 96
365.52, 96
365.52, 96
365.52, 96
365.71, 96
366.14, 96
366.97, 96
367.05, 96
367.33, 96
368.46, 96
369.16, 96
369.64, 96
369.64, 96
369.75, 96
370.30, 96
370.80, 96
371.56, 96
372.74, 96
372.77, 96
372.77, 96
373.65, 96
373.80, 96
373.82, 96
374.37, 96
374.37, 96
374.37, 96
374.37, 96
374.37, 96
374.37, 96
374.38, 96
376.41, 96
376.41, 96
376.45, 96
376.85, 96
377.27, 96
377.27, 96
377.60, 96
377.60, 96
377.60, 96
377.60, 96
377.87, 96
378.50, 96
379.11, 96
379.17, 96
379.17, 96
379.18, 96
379.19, 96
379.19, 96
379.19, 96
380.57, 96
380.99, 96
380.99, 96
382.30, 96
383.14, 96
384.05, 96
384.05, 96
384.05, 96
384.17, 96
384.17, 96
384.73, 96
385.73, 96
385.73, 96
385.73, 96
385.73, 96
385.73, 96
386.07, 96
386.39, 96
387.07, 96
387.23, 96
387.27, 96
387.86, 96
388.76, 96
388.76, 96
389.15, 96
389.30, 96
390.46, 96
390.46, 96
390.88, 96
391.58, 96
392.22, 96
392.22, 96
392.26, 96
392.26, 96
392.66, 96
393.28, 96
393.28, 96
393.29, 96
393.64, 96
393.79, 96
393.81, 96
393.81, 96
394.92, 96
394.92, 96
394.92, 96
395.09, 96
395.21, 96
395.21, 96
395.22, 96
395.22, 96
395.22, 96
395.22, 96
395.22, 96
395.22, 96
395.22, 96
395.22, 96
396.05, 96
396.11, 96
396.31, 96
396.31, 96
396.53, 96
396.61, 96
397.46, 96
398.25, 96
398.28, 96
398.28, 96
398.63, 96
398.63, 96
400.02, 96
400.09, 96
400.09, 96
400.34, 96
400.88, 96
401.51, 96
402.38, 96
403.22, 96
405.61, 96
406.09, 96
408.16, 96
408.87, 96
410.01, 96
410.72, 96
410.72, 96
410.89, 96
411.19, 96
411.31, 96
412.42, 96
412.42, 96
412.42, 96
412.49, 96
412.92, 96
412.92, 96
413.06, 96
413.30, 96
413.98, 96
414.80, 96
414.80, 96
415.46, 96
415.85, 96
416.09, 96
416.09, 96
416.09, 96
416.09, 96
416.15, 96
416.15, 96
416.15, 96
416.15, 96
416.16, 96
416.16, 96
416.16, 96
416.77, 96
416.85, 96
416.92, 96
417.36, 96
417.36, 96
417.76, 96
417.76, 96
417.76, 96
418.61, 96
419.41, 96
419.41, 96
419.52, 96
419.52, 96
419.53, 96
420.27, 96
420.52, 96
420.74, 96
420.74, 96
421.35, 96
421.35, 96
421.35, 96
421.36, 96
421.55, 96
422.01, 96
422.01, 96
422.01, 96
422.28, 96
422.29, 96
422.30, 96
422.30, 96
422.38, 96
422.38, 96
422.38, 96
423.09, 96
423.88, 96
423.88, 96
424.37, 96
424.73, 96
424.73, 96
424.73, 96
424.73, 96
425.44, 96
425.44, 96
425.67, 96
426.16, 96
426.16, 96
426.16, 96
426.81, 96
426.81, 96
427.52, 96
427.52, 96
427.52, 96
427.53, 96
428.67, 96
428.86, 96
428.86, 96
429.65, 96
430.83, 96
431.08, 96
431.08, 96
431.08, 96
431.53, 96
432.26, 96
432.40, 96
432.71, 96
432.85, 96
432.85, 96
432.94, 96
433.11, 96
433.11, 96
433.30, 96
433.30, 96
434.06, 96
434.06, 96
434.23, 96
434.23, 96
434.34, 96
434.57, 96
434.96, 96
435.07, 96
435.07, 96
435.07, 96
435.07, 96
435.16, 96
435.41, 96
435.41, 96
435.82, 96
436.16, 96
438.66, 96
438.66, 96
438.77, 96
439.12, 96
439.12, 96
439.45, 96
439.78, 96
440.24, 96
440.40, 96
440.47, 96
442.01, 96
442.59, 96
442.61, 96
442.75, 96
442.76, 96
444.29, 96
444.64, 96
444.64, 96
444.64, 96
444.64, 96
444.64, 96
444.64, 96
444.71, 96
444.80, 96
445.03, 96
445.92, 96
446.38, 96
446.38, 96
446.38, 96
446.49, 96
446.60, 96
446.65, 96
446.80, 96
451.89, 96
451.89, 96
451.89, 96
451.90, 96
451.90, 96
452.23, 96
452.23, 96
452.23, 96
452.30, 96
452.30, 96
452.80, 96
453.26, 96
453.26, 96
453.48, 96
453.48, 96
453.48, 96
453.61, 96
453.81, 96
453.81, 96
453.82, 96
454.43, 96
456.88, 96
456.98, 96
457.57, 96
457.57, 96
458.45, 96
460.40, 96
460.77, 96
461.01, 96
462.15, 96
462.23, 96
462.23, 96
462.37, 96
462.37, 96
463.46, 96
463.46, 96
463.46, 96
464.63, 96
464.67, 96
466.77, 96
466.92, 96
466.95, 96
466.95, 96
466.95, 96
467.50, 96
467.53, 96
468.09, 96
468.43, 96
468.43, 96
468.43, 96
471.34, 96
472.75, 96
472.75, 96
472.75, 96
472.75, 96
472.75, 96
473.37, 96
473.37, 96
473.44, 96
473.63, 96
473.92, 96
474.48, 96
474.48, 96
474.48, 96
475.08, 96
475.70, 96
477.66, 96
477.67, 96
479.02, 96
480.07, 96
480.36, 96
481.02, 96
481.02, 96
481.42, 96
483.11, 96
483.11, 96
483.11, 96
483.16, 96
483.16, 96
483.16, 96
483.16, 96
483.16, 96
483.17, 96
483.17, 96
483.17, 96
483.17, 96
483.17, 96
483.45, 96
483.45, 96
483.46, 96
483.86, 96
484.26, 96
484.48, 96
484.80, 96
485.11, 96
485.11, 96
485.17, 96
485.79, 96
487.76, 96
487.99, 96
488.69, 96
488.69, 96
488.70, 96
488.70, 96
489.45, 96
489.45, 96
489.45, 96
489.45, 96
490.50, 96
490.51, 96
490.51, 96
490.60, 96
490.60, 96
490.60, 96
490.60, 96
490.63, 96
490.63, 96
490.83, 96
490.99, 96
490.99, 96
490.99, 96
491.17, 96
491.31, 96
492.48, 96
493.11, 96
493.43, 96
494.15, 96
494.15, 96
494.35, 96
494.45, 96
494.45, 96
495.52, 96
495.61, 96
495.61, 96
496.41, 96
498.27, 96
499.08, 96
499.08, 96
499.19, 96
500.12, 96
500.12, 96
500.12, 96
500.76, 96
500.76, 96
500.91, 96
500.91, 96
501.03, 96
501.03, 96
501.65, 96
501.65, 96
501.66, 96
501.66, 96
501.66, 96
501.68, 96
501.68, 96
502.06, 96
502.07, 96
502.63, 96
503.83, 96
504.37, 96
504.96, 96
505.09, 96
505.09, 96
505.75, 96
505.91, 96
505.91, 96
505.91, 96
505.91, 96
506.03, 96
506.03, 96
506.16, 96
506.17, 96
507.03, 96
507.04, 96
507.04, 96
507.12, 96
507.12, 96
507.27, 96
507.27, 96
508.27, 96
508.79, 96
509.27, 96
509.48, 96
510.01, 96
510.02, 96
510.11, 96
510.11, 96
510.13, 96
510.13, 96
510.34, 96
510.95, 96
512.45, 96
512.68, 96
512.68, 96
512.68, 96
512.88, 96
514.32, 96
514.85, 96
514.91, 96
514.91, 96
514.91, 96
514.93, 96
515.08, 96
515.21, 96
515.21, 96
515.41, 96
515.51, 96
515.94, 96
516.07, 96
516.07, 96
516.07, 96
516.07, 96
516.07, 96
516.07, 96
516.19, 96
516.59, 96
516.59, 96
516.59, 96
517.49, 96
518.15, 96
518.21, 96
518.27, 96
519.12, 96
520.13, 96
520.16, 96
520.56, 96
520.59, 96
520.59, 96
520.76, 96
520.76, 96
521.65, 96
521.90, 96
522.21, 96
523.42, 96
523.46, 96
523.53, 96
523.53, 96
524.05, 96
524.59, 96
524.59, 96
525.12, 96
525.12, 96
525.12, 96
525.12, 96
525.12, 96
525.12, 96
525.12, 96
525.12, 96
525.12, 96
525.39, 96
525.51, 96
525.62, 96
525.62, 96
526.45, 96
527.57, 96
527.57, 96
527.58, 96
527.58, 96
527.74, 96
528.32, 96
528.52, 96
528.52, 96
528.73, 96
528.73, 96
529.14, 96
530.07, 96
530.40, 96
530.40, 96
530.71, 96
530.71, 96
531.22, 96
531.22, 96
531.22, 96
531.24, 96
531.40, 96
531.41, 96
531.41, 96
531.41, 96
531.48, 96
531.74, 96
531.75, 96
531.75, 96
531.75, 96
532.66, 96
532.79, 96
532.79, 96
533.38, 96
533.38, 96
533.50, 96
533.50, 96
533.50, 96
533.50, 96
533.50, 96
535.26, 96
535.26, 96
535.30, 96
535.74, 96
535.74, 96
536.19, 96
536.19, 96
536.71, 96
537.13, 96
538.21, 96
539.03, 96
539.03, 96
540.51, 96
540.51, 96
540.74, 96
540.74, 96
540.98, 96
541.30, 96
541.32, 96
541.89, 96
542.00, 96
542.00, 96
542.00, 96
542.00, 96
542.22, 96
542.40, 96
542.93, 96
542.93, 96
542.93, 96
542.93, 96
543.18, 96
543.38, 96
543.89, 96
543.89, 96
545.05, 96
545.52, 96
546.95, 96
547.21, 96
547.22, 96
548.25, 96
548.57, 96
548.57, 96
548.57, 96
549.00, 96
550.29, 96
550.29, 96
550.29, 96
550.29, 96
550.29, 96
552.17, 96
553.02, 96
553.43, 96
553.43, 96
553.52, 96
555.54, 96
555.54, 96
555.54, 96
555.58, 96
558.18, 96
558.18, 96
558.18, 96
558.36, 96
559.08, 96
559.08, 96
559.08, 96
559.16, 96
559.54, 96
559.54, 96
559.54, 96
559.66, 96
559.68, 96
559.83, 96
560.32, 96
560.57, 96
560.57, 96
561.04, 96
561.76, 96
562.01, 96
562.25, 96
562.30, 96
563.13, 96
563.27, 96
563.27, 96
563.27, 96
563.50, 96
564.62, 96
564.62, 96
565.27, 96
565.27, 96
565.27, 96
565.27, 96
565.27, 96
565.27, 96
566.09, 96
566.88, 96
566.89, 96
568.22, 96
568.22, 96
568.22, 96
568.40, 96
568.51, 96
568.97, 96
570.92, 96
570.94, 96
571.50, 96
571.65, 96
572.42, 96
572.42, 96
572.90, 96
574.41, 96
574.41, 96
574.46, 96
574.59, 96
574.60, 96
574.60, 96
574.60, 96
574.60, 96
574.71, 96
574.86, 96
575.11, 96
575.21, 96
575.91, 96
575.92, 96
576.56, 96
576.92, 96
577.02, 96
577.02, 96
577.18, 96
577.78, 96
578.03, 96
578.27, 96
578.46, 96
578.46, 96
579.33, 96
579.33, 96
579.33, 96
579.33, 96
579.54, 96
579.86, 96
579.86, 96
580.49, 96
580.49, 96
580.87, 96
580.87, 96
582.10, 96
582.10, 96
582.59, 96
583.42, 96
583.43, 96
584.17, 96
584.17, 96
584.52, 96
584.54, 96
584.54, 96
584.60, 96
584.72, 96
586.32, 96
586.32, 96
586.33, 96
586.84, 96
587.28, 96
587.48, 96
587.55, 96
587.59, 96
587.59, 96
587.92, 96
588.03, 96
588.34, 96
588.96, 96
589.25, 96
589.29, 96
589.83, 96
590.28, 96
590.28, 96
590.41, 96
592.93, 96
592.93, 96
592.93, 96
593.08, 96
593.08, 96
593.88, 96
594.16, 96
594.27, 96
594.28, 96
595.78, 96
595.96, 96
596.61, 96
599.36, 96
