0.01, 102
0.01, 99
0.02, 99
0.02, 99
0.02, 99
0.02, 98
0.02, 98
0.02, 98
0.02, 98
0.03, 98
0.03, 97
0.04, 97
0.05, 97
0.06, 97
0.10, 97
0.10, 97
0.15, 97
0.15, 97
0.15, 97
0.31, 97
0.31, 97
0.37, 97
0.38, 97
0.38, 97
0.38, 97
0.43, 97
0.43, 97
0.43, 97
0.51, 97
0.51, 97
0.51, 97
0.55, 97
0.59, 97
0.59, 97
0.63, 97
0.64, 97
0.64, 97
0.64, 97
0.64, 97
0.64, 97
0.64, 97
0.64, 97
0.69, 97
0.69, 97
0.69, 97
0.69, 96
1.38, 96
2.39, 96
2.50, 96
2.58, 96
2.58, 96
3.68, 96
5.69, 96
5.92, 96
6.49, 96
6.54, 96
6.67, 96
6.67, 96
7.01, 96
7.82, 96
7.85, 96
7.85, 96
8.03, 96
8.03, 96
9.18, 96
9.41, 96
9.41, 96
9.64, 96
10.28, 96
11.35, 96
11.44, 96
12.80, 96
12.80, 96
13.08, 96
13.08, 96
13.50, 96
13.70, 96
13.70, 96
14.09, 96
14.09, 96
14.45, 96
14.45, 96
14.45, 96
14.83, 96
15.02, 96
15.06, 96
15.11, 96
15.15, 96
16.28, 96
16.28, 96
16.35, 96
16.36, 96
16.52, 96
16.53, 96
16.75, 96
16.75, 96
16.75, 96
16.96, 96
16.96, 96
17.60, 96
17.60, 96
17.60, 96
17.61, 96
17.61, 96
17.62, 96
17.62, 96
18.54, 96
18.55, 96
18.55, 96
19.19, 96
19.39, 96
19.39, 96
19.39, 96
19.90, 96
20.79, 96
21.39, 96
21.39, 96
21.99, 96
24.50, 96
24.50, 96
24.69, 96
24.77, 96
24.77, 96
24.77, 96
25.29, 96
25.43, 96
25.83, 96
26.37, 96
26.72, 96
26.72, 96
26.95, 96
27.06, 96
27.14, 96
27.20, 96
27.23, 96
27.23, 96
27.31, 96
29.18, 96
29.45, 96
29.45, 96
29.45, 96
30.31, 96
31.37, 96
31.43, 96
31.43, 96
31.43, 96
31.43, 96
31.62, 96
31.96, 96
32.20, 96
32.20, 96
32.20, 96
32.68, 96
32.68, 96
32.87, 96
34.55, 96
34.64, 96
35.19, 96
35.19, 96
35.32, 96
35.81, 96
35.81, 96
35.81, 96
36.02, 96
36.17, 96
36.20, 96
37.04, 96
37.04, 96
37.04, 96
37.04, 96
37.05, 96
37.10, 96
38.27, 96
38.96, 96
38.97, 96
39.23, 96
39.32, 96
40.50, 96
40.50, 96
40.50, 96
40.50, 96
40.50, 96
40.54, 96
40.82, 96
40.88, 96
41.51, 96
41.51, 96
41.60, 96
42.26, 96
42.41, 96
42.41, 96
42.53, 96
42.74, 96
44.34, 96
45.28, 96
45.28, 96
45.44, 96
45.45, 96
45.51, 96
45.51, 96
45.99, 96
46.05, 96
46.05, 96
46.16, 96
46.16, 96
46.16, 96
46.22, 96
46.22, 96
46.22, 96
46.45, 96
46.46, 96
46.47, 96
46.69, 96
46.69, 96
47.18, 96
47.31, 96
47.77, 96
48.53, 96
48.57, 96
49.69, 96
51.04, 96
51.04, 96
51.33, 96
51.49, 96
52.07, 96
53.07, 96
53.07, 96
53.07, 96
53.36, 96
53.36, 96
53.52, 96
53.52, 96
53.52, 96
54.03, 96
54.03, 96
54.69, 96
54.72, 96
54.75, 96
55.34, 96
55.34, 96
55.47, 96
55.47, 96
56.39, 96
56.73, 96
56.74, 96
56.74, 96
56.74, 96
56.77, 96
56.90, 96
56.94, 96
56.94, 96
57.17, 96
57.17, 96
57.17, 96
57.17, 96
57.17, 96
57.17, 96
57.65, 96
57.65, 96
57.65, 96
58.42, 96
58.42, 96
59.04, 96
59.04, 96
59.74, 96
59.85, 96
59.85, 96
59.96, 96
59.96, 96
59.96, 96
59.97, 96
60.46, 96
60.46, 96
60.74, 96
60.74, 96
61.03, 96
61.03, 96
62.01, 96
62.01, 96
62.01, 96
62.01, 96
62.01, 96
62.27, 96
62.27, 96
63.37, 96
63.37, 96
63.76, 96
64.05, 96
64.05, 96
64.77, 96
65.10, 96
65.10, 96
65.45, 96
65.78, 96
66.99, 96
67.35, 96
67.35, 96
67.89, 96
68.05, 96
68.42, 96
68.43, 96
68.74, 96
69.32, 96
69.32, 96
69.32, 96
69.67, 96
70.42, 96
72.34, 96
72.41, 96
72.41, 96
72.95, 96
72.95, 96
73.31, 96
73.44, 96
73.44, 96
73.74, 96
74.16, 96
74.16, 96
74.16, 96
74.16, 96
75.45, 96
75.59, 96
75.89, 96
76.99, 96
77.42, 96
77.94, 96
78.42, 96
78.42, 96
78.75, 96
79.41, 96
79.41, 96
79.65, 96
79.65, 96
80.52, 96
80.52, 96
80.98, 96
81.09, 96
81.11, 96
81.11, 96
81.11, 96
81.25, 96
81.56, 96
82.30, 96
82.30, 96
82.30, 96
82.41, 96
82.41, 96
82.41, 96
82.41, 96
82.41, 96
82.41, 96
82.52, 96
82.53, 96
84.31, 96
84.31, 96
84.31, 96
84.32, 96
85.09, 96
85.32, 96
85.44, 96
86.28, 96
86.28, 96
86.60, 96
86.73, 96
86.99, 96
87.06, 96
87.19, 96
87.19, 96
87.64, 96
88.04, 96
88.21, 96
88.30, 96
88.51, 96
88.51, 96
89.31, 96
89.31, 96
89.33, 96
90.84, 96
90.84, 96
90.87, 96
91.68, 96
91.68, 96
91.68, 96
92.07, 96
92.46, 96
93.33, 96
93.33, 96
93.89, 96
95.28, 96
96.17, 96
96.17, 96
96.42, 96
96.87, 96
96.87, 96
99.18, 96
99.21, 96
99.21, 96
99.63, 96
99.90, 96
99.90, 96
99.90, 96
99.91, 96
99.98, 96
100.07, 96
100.07, 96
100.07, 96
101.63, 96
101.63, 96
101.81, 96
101.81, 96
101.81, 96
102.32, 96
103.03, 96
103.03, 96
103.10, 96
103.15, 96
103.15, 96
103.15, 96
103.15, 96
103.73, 96
105.59, 96
105.59, 96
106.23, 96
106.23, 96
106.23, 96
106.29, 96
106.29, 96
106.30, 96
106.39, 96
106.39, 96
106.69, 96
107.09, 96
107.19, 96
107.95, 96
108.11, 96
108.11, 96
108.11, 96
108.11, 96
108.11, 96
108.70, 96
108.70, 96
108.70, 96
108.71, 96
108.71, 96
109.13, 96
109.14, 96
110.45, 96
110.45, 96
111.20, 96
111.21, 96
111.46, 96
111.83, 96
113.48, 96
114.37, 96
114.37, 96
114.37, 96
114.38, 96
114.38, 96
114.38, 96
115.79, 96
115.79, 96
115.79, 96
116.05, 96
116.05, 96
116.05, 96
116.05, 96
116.16, 96
116.40, 96
116.40, 96
116.40, 96
116.41, 96
116.41, 96
116.41, 96
116.99, 96
117.00, 96
118.81, 96
118.81, 96
118.81, 96
120.21, 96
120.42, 96
120.59, 96
120.96, 96
120.96, 96
120.96, 96
121.10, 96
121.10, 96
121.10, 96
121.10, 96
121.11, 96
121.11, 96
121.65, 96
121.91, 96
122.22, 96
122.25, 96
122.25, 96
122.86, 96
123.12, 96
123.75, 96
124.11, 96
124.48, 96
124.53, 96
124.53, 96
124.53, 96
124.53, 96
124.90, 96
125.27, 96
125.29, 96
125.29, 96
125.29, 96
125.29, 96
125.30, 96
125.53, 96
125.54, 96
125.56, 96
125.61, 96
125.62, 96
125.62, 96
125.96, 96
126.42, 96
126.42, 96
126.69, 96
127.47, 96
127.47, 96
128.35, 96
128.48, 96
128.48, 96
128.62, 96
128.75, 96
128.76, 96
128.76, 96
129.70, 96
129.93, 96
130.57, 96
130.57, 96
130.77, 96
131.54, 96
131.55, 96
131.61, 96
132.03, 96
132.18, 96
132.18, 96
132.58, 96
132.58, 96
133.27, 96
133.27, 96
133.83, 96
134.31, 96
134.31, 96
134.31, 96
134.31, 96
135.67, 96
135.67, 96
136.06, 96
136.57, 96
137.06, 96
137.09, 96
137.10, 96
137.19, 96
137.34, 96
138.18, 96
138.88, 96
139.26, 96
139.27, 96
139.54, 96
140.33, 96
141.24, 96
141.24, 96
142.20, 96
142.51, 96
142.74, 96
143.16, 96
143.69, 96
143.70, 96
144.15, 96
144.60, 96
144.61, 96
144.67, 96
145.74, 96
145.83, 96
145.83, 96
146.48, 96
146.82, 96
146.82, 96
146.82, 96
146.95, 96
146.96, 96
147.07, 96
147.10, 96
147.10, 96
147.10, 96
147.57, 96
147.57, 96
148.33, 96
148.33, 96
148.49, 96
148.49, 96
148.49, 96
148.49, 96
149.09, 96
149.10, 96
149.10, 96
149.13, 96
149.16, 96
149.84, 96
149.84, 96
149.84, 96
149.84, 96
149.84, 96
149.86, 96
149.97, 96
149.97, 96
149.98, 96
149.98, 96
150.11, 96
150.58, 96
151.48, 96
151.48, 96
152.08, 96
152.08, 96
152.48, 96
152.48, 96
152.49, 96
152.53, 96
152.53, 96
152.53, 96
152.74, 96
153.05, 96
153.16, 96
153.79, 96
153.79, 96
153.90, 96
154.33, 96
154.44, 96
154.63, 96
155.34, 96
155.79, 96
156.07, 96
157.00, 96
157.07, 96
157.07, 96
157.44, 96
157.44, 96
157.44, 96
157.55, 96
157.68, 96
157.68, 96
157.85, 96
158.03, 96
158.03, 96
158.03, 96
158.04, 96
159.07, 96
159.07, 96
159.07, 96
159.11, 96
159.11, 96
159.11, 96
159.11, 96
160.74, 96
160.80, 96
160.80, 96
161.09, 96
162.29, 96
162.46, 96
162.75, 96
164.23, 96
164.49, 96
164.61, 96
165.30, 96
165.34, 96
165.34, 96
165.44, 96
166.46, 96
166.46, 96
166.70, 96
166.83, 96
167.92, 96
168.31, 96
168.31, 96
168.59, 96
168.97, 96
169.61, 96
169.61, 96
169.61, 96
169.63, 96
170.04, 96
170.04, 96
170.04, 96
170.05, 96
170.54, 96
170.91, 96
170.93, 96
170.93, 96
171.94, 96
172.16, 96
172.36, 96
172.65, 96
172.66, 96
172.66, 96
173.21, 96
173.21, 96
173.21, 96
173.83, 96
174.03, 96
174.03, 96
174.49, 96
174.74, 96
176.25, 96
176.29, 96
176.29, 96
176.56, 96
176.83, 96
177.49, 96
178.29, 96
178.29, 96
178.30, 96
178.30, 96
178.34, 96
178.34, 96
178.73, 96
179.31, 96
179.57, 96
180.28, 96
180.28, 96
180.82, 96
180.87, 96
181.41, 96
181.86, 96
181.86, 96
182.11, 96
182.11, 96
182.11, 96
182.65, 96
182.65, 96
182.77, 96
183.10, 96
183.52, 96
183.52, 96
183.52, 96
183.52, 96
183.57, 96
183.93, 96
184.17, 96
184.18, 96
184.33, 96
184.85, 96
184.86, 96
184.86, 96
184.86, 96
184.86, 96
185.39, 96
185.39, 96
185.49, 96
185.60, 96
185.60, 96
186.05, 96
186.05, 96
186.18, 96
186.18, 96
186.18, 96
186.18, 96
186.18, 96
186.46, 96
186.85, 96
186.85, 96
186.86, 96
186.86, 96
186.91, 96
187.16, 96
187.39, 96
187.97, 96
188.18, 96
188.38, 96
188.38, 96
188.54, 96
188.54, 96
188.54, 96
188.68, 96
188.68, 96
188.68, 96
188.75, 96
188.76, 96
188.95, 96
189.52, 96
189.52, 96
189.52, 96
189.52, 96
189.71, 96
189.71, 96
192.04, 96
192.04, 96
192.24, 96
193.20, 96
193.20, 96
193.20, 96
193.41, 96
193.41, 96
193.48, 96
193.51, 96
193.72, 96
193.72, 96
193.72, 96
193.72, 96
193.83, 96
193.83, 96
194.03, 96
194.73, 96
194.73, 96
195.67, 96
195.67, 96
196.17, 96
196.97, 96
197.20, 96
197.37, 96
197.37, 96
197.77, 96
197.77, 96
197.77, 96
197.81, 96
197.82, 96
197.82, 96
198.55, 96
198.55, 96
198.92, 96
200.07, 96
200.13, 96
200.14, 96
200.14, 96
200.14, 96
201.18, 96
201.56, 96
202.01, 96
202.01, 96
202.10, 96
202.10, 96
202.10, 96
203.15, 96
205.12, 96
205.12, 96
205.12, 96
205.12, 96
205.38, 96
205.38, 96
205.98, 96
206.28, 96
206.49, 96
206.67, 96
208.39, 96
208.39, 96
209.26, 96
209.57, 96
209.57, 96
209.57, 96
209.57, 96
209.67, 96
209.69, 96
210.02, 96
210.03, 96
210.03, 96
210.03, 96
210.03, 96
210.09, 96
210.09, 96
210.09, 96
210.31, 96
210.31, 96
210.31, 96
210.59, 96
211.06, 96
211.06, 96
211.80, 96
211.80, 96
211.80, 96
211.80, 96
211.90, 96
211.90, 96
211.91, 96
212.00, 96
212.00, 96
212.00, 96
212.00, 96
212.00, 96
212.43, 96
212.43, 96
212.43, 96
212.58, 96
212.58, 96
213.27, 96
213.44, 96
213.44, 96
213.44, 96
213.44, 96
213.68, 96
213.69, 96
213.69, 96
213.70, 96
215.18, 96
215.38, 96
215.38, 96
215.41, 96
215.41, 96
215.80, 96
216.38, 96
216.38, 96
216.39, 96
216.39, 96
216.39, 96
216.48, 96
216.48, 96
216.53, 96
216.78, 96
216.78, 96
216.97, 96
216.97, 96
216.97, 96
217.33, 96
217.79, 96
217.80, 96
217.97, 96
218.04, 96
218.09, 96
218.09, 96
218.09, 96
218.17, 96
218.17, 96
218.50, 96
218.50, 96
219.20, 96
219.20, 96
219.27, 96
219.75, 96
220.23, 96
220.26, 96
220.70, 96
220.70, 96
220.74, 96
221.57, 96
222.08, 96
222.35, 96
222.69, 96
222.93, 96
222.94, 96
224.35, 96
225.30, 96
225.59, 96
225.66, 96
225.66, 96
225.66, 96
225.81, 96
225.81, 96
226.17, 96
226.82, 96
227.12, 96
227.12, 96
227.63, 96
228.78, 96
228.78, 96
229.36, 96
229.36, 96
229.36, 96
229.43, 96
229.47, 96
229.73, 96
230.38, 96
230.95, 96
231.51, 96
231.92, 96
231.92, 96
231.97, 96
231.97, 96
232.50, 96
232.53, 96
232.53, 96
232.56, 96
232.89, 96
232.89, 96
233.04, 96
234.83, 96
235.06, 96
235.26, 96
235.53, 96
236.59, 96
236.59, 96
236.59, 96
237.46, 96
237.46, 96
237.46, 96
237.46, 96
237.48, 96
238.24, 96
238.35, 96
238.36, 96
240.60, 96
240.60, 96
240.78, 96
240.78, 96
240.96, 96
240.99, 96
241.50, 96
242.09, 96
242.09, 96
242.09, 96
243.48, 96
243.51, 96
243.51, 96
244.54, 96
244.54, 96
244.58, 96
244.78, 96
244.80, 96
245.33, 96
245.33, 96
245.33, 96
245.45, 96
245.74, 96
245.74, 96
246.97, 96
246.97, 96
247.02, 96
247.43, 96
247.76, 96
247.76, 96
247.83, 96
247.83, 96
248.35, 96
248.35, 96
248.35, 96
248.35, 96
248.35, 96
248.36, 96
248.46, 96
248.69, 96
249.36, 96
249.69, 96
249.69, 96
250.05, 96
250.38, 96
250.41, 96
250.70, 96
250.70, 96
250.77, 96
251.06, 96
251.66, 96
251.94, 96
251.94, 96
251.94, 96
252.45, 96
252.81, 96
253.01, 96
253.31, 96
253.31, 96
253.31, 96
253.31, 96
253.54, 96
253.65, 96
253.74, 96
253.74, 96
253.74, 96
254.12, 96
254.12, 96
254.13, 96
254.13, 96
254.13, 96
254.36, 96
254.36, 96
255.26, 96
255.27, 96
255.57, 96
255.61, 96
255.61, 96
255.70, 96
255.70, 96
255.77, 96
255.95, 96
256.80, 96
257.00, 96
257.49, 96
257.73, 96
258.03, 96
259.44, 96
259.44, 96
259.44, 96
259.44, 96
260.40, 96
260.40, 96
260.76, 96
260.88, 96
261.06, 96
261.70, 96
261.70, 96
261.70, 96
262.20, 96
263.67, 96
264.70, 96
264.86, 96
265.16, 96
265.16, 96
265.16, 96
265.40, 96
266.11, 96
266.18, 96
266.54, 96
266.86, 96
268.69, 96
269.14, 96
269.14, 96
269.14, 96
269.14, 96
269.14, 96
269.14, 96
269.14, 96
269.22, 96
269.27, 96
269.27, 96
269.27, 96
269.55, 96
269.59, 96
270.74, 96
270.74, 96
270.78, 96
270.79, 96
270.89, 96
271.22, 96
272.75, 96
273.10, 96
273.10, 96
273.47, 96
273.71, 96
274.00, 96
274.01, 96
274.01, 96
274.22, 96
274.36, 96
274.39, 96
274.41, 96
274.86, 96
274.86, 96
275.39, 96
275.85, 96
275.85, 96
275.88, 96
275.94, 96
275.94, 96
275.94, 96
275.94, 96
276.82, 96
276.83, 96
277.50, 96
277.50, 96
277.66, 96
279.13, 96
279.21, 96
279.21, 96
279.32, 96
279.96, 96
279.96, 96
280.28, 96
280.29, 96
280.29, 96
280.29, 96
281.27, 96
281.28, 96
281.28, 96
281.28, 96
281.28, 96
281.34, 96
281.34, 96
281.35, 96
282.82, 96
282.83, 96
283.12, 96
283.12, 96
284.26, 96
284.27, 96
284.27, 96
284.55, 96
285.39, 96
285.80, 96
285.80, 96
285.80, 96
286.56, 96
287.34, 96
287.37, 96
287.37, 96
287.68, 96
288.46, 96
288.46, 96
288.54, 96
289.08, 96
289.62, 96
289.72, 96
289.95, 96
290.50, 96
290.60, 96
291.03, 96
291.03, 96
291.04, 96
291.52, 96
291.58, 96
291.95, 96
291.95, 96
294.12, 96
294.57, 96
294.57, 96
294.57, 96
296.28, 96
296.28, 96
296.79, 96
297.90, 96
297.91, 96
298.38, 96
298.50, 96
298.53, 96
301.18, 96
302.57, 96
303.30, 96
303.61, 96
304.21, 96
304.73, 96
305.06, 96
305.06, 96
305.06, 96
305.07, 96
305.42, 96
305.76, 96
306.91, 96
308.00, 96
308.01, 96
308.01, 96
308.27, 96
308.95, 96
311.16, 96
311.28, 96
311.28, 96
312.05, 96
312.06, 96
312.06, 96
312.06, 96
312.06, 96
312.18, 96
312.18, 96
312.34, 96
312.34, 96
312.52, 96
313.23, 96
313.49, 96
314.81, 96
314.87, 96
315.88, 96
315.88, 96
315.88, 96
315.88, 96
315.99, 96
316.00, 96
316.03, 96
316.03, 96
316.03, 96
316.20, 96
316.65, 96
317.45, 96
317.54, 96
317.86, 96
319.04, 96
319.69, 96
320.06, 96
320.07, 96
320.21, 96
320.82, 96
321.26, 96
321.91, 96
322.96, 96
323.00, 96
323.00, 96
323.82, 96
323.90, 96
323.90, 96
324.40, 96
324.40, 96
324.40, 96
324.40, 96
324.40, 96
324.40, 96
324.40, 96
326.28, 96
326.28, 96
326.31, 96
326.65, 96
326.98, 96
326.98, 96
327.26, 96
327.26, 96
327.26, 96
327.26, 96
327.51, 96
328.19, 96
328.80, 96
328.86, 96
328.86, 96
328.86, 96
328.88, 96
328.88, 96
328.88, 96
330.10, 96
330.40, 96
330.41, 96
331.63, 96
332.40, 96
333.17, 96
333.18, 96
333.18, 96
333.29, 96
333.29, 96
333.79, 96
334.63, 96
334.63, 96
334.63, 96
334.63, 96
334.63, 96
334.92, 96
335.15, 96
335.65, 96
335.73, 96
335.76, 96
336.15, 96
336.85, 96
336.85, 96
337.23, 96
337.37, 96
338.61, 96
338.61, 96
339.04, 96
339.62, 96
340.20, 96
340.20, 96
340.26, 96
340.26, 96
340.66, 96
341.22, 96
341.22, 96
341.22, 96
341.57, 96
341.66, 96
341.66, 96
341.66, 96
342.78, 96
342.78, 96
342.78, 96
342.99, 96
343.12, 96
343.13, 96
343.13, 96
343.13, 96
343.14, 96
343.15, 96
343.15, 96
343.15, 96
343.15, 96
343.15, 96
344.02, 96
344.09, 96
344.27, 96
344.28, 96
344.51, 96
344.58, 96
345.47, 96
346.28, 96
346.32, 96
346.32, 96
346.66, 96
346.67, 96
348.10, 96
348.18, 96
348.19, 96
348.44, 96
348.88, 96
349.49, 96
350.07, 96
350.79, 96
352.79, 96
353.29, 96
355.16, 96
355.81, 96
356.87, 96
357.49, 96
357.49, 96
357.68, 96
358.01, 96
358.13, 96
359.14, 96
359.15, 96
359.15, 96
359.20, 96
359.59, 96
359.59, 96
359.70, 96
359.90, 96
360.50, 96
361.28, 96
361.28, 96
362.04, 96
362.47, 96
362.76, 96
362.76, 96
362.76, 96
362.77, 96
362.83, 96
362.84, 96
362.84, 96
362.84, 96
362.84, 96
362.84, 96
362.84, 96
363.53, 96
363.61, 96
363.69, 96
364.22, 96
364.22, 96
364.69, 96
364.70, 96
364.70, 96
365.75, 96
366.62, 96
366.62, 96
366.74, 96
366.74, 96
366.76, 96
367.66, 96
368.00, 96
368.29, 96
368.29, 96
368.97, 96
368.97, 96
368.97, 96
368.97, 96
369.16, 96
369.64, 96
369.64, 96
369.65, 96
369.96, 96
369.96, 96
369.98, 96
369.98, 96
370.08, 96
370.08, 96
370.08, 96
370.89, 96
371.77, 96
371.77, 96
372.33, 96
372.77, 96
372.77, 96
372.77, 96
372.77, 96
373.68, 96
373.68, 96
373.94, 96
374.56, 96
374.58, 96
374.58, 96
375.27, 96
375.27, 96
376.11, 96
376.11, 96
376.12, 96
376.12, 96
377.42, 96
377.63, 96
377.63, 96
378.62, 96
379.89, 96
380.14, 96
380.14, 96
380.15, 96
380.53, 96
381.16, 96
381.30, 96
381.61, 96
381.73, 96
381.73, 96
381.81, 96
381.98, 96
381.98, 96
382.14, 96
382.14, 96
382.81, 96
382.81, 96
382.97, 96
382.98, 96
383.09, 96
383.33, 96
383.73, 96
383.82, 96
383.82, 96
383.82, 96
383.82, 96
383.89, 96
384.09, 96
384.09, 96
384.42, 96
384.71, 96
386.65, 96
386.65, 96
386.73, 96
386.98, 96
386.98, 96
387.22, 96
387.48, 96
387.83, 96
387.97, 96
388.02, 96
388.79, 96
389.08, 96
389.08, 96
389.17, 96
389.17, 96
389.91, 96
390.15, 96
390.15, 96
390.15, 96
390.15, 96
390.15, 96
390.16, 96
390.19, 96
390.24, 96
390.37, 96
391.00, 96
391.25, 96
391.25, 96
391.25, 96
391.25, 96
391.26, 96
391.26, 96
391.28, 96
394.31, 96
394.31, 96
394.31, 96
394.31, 96
394.32, 96
394.54, 96
394.54, 96
394.54, 96
394.58, 96
394.58, 96
395.00, 96
395.41, 96
395.41, 96
395.60, 96
395.61, 96
395.61, 96
395.71, 96
395.85, 96
395.85, 96
395.85, 96
396.49, 96
398.35, 96
398.41, 96
398.93, 96
398.93, 96
399.62, 96
400.82, 96
401.06, 96
401.21, 96
401.79, 96
401.84, 96
401.84, 96
401.95, 96
401.95, 96
402.80, 96
402.80, 96
402.80, 96
403.75, 96
403.75, 96
404.80, 96
404.80, 96
404.81, 96
404.81, 96
404.81, 96
405.05, 96
405.06, 96
405.39, 96
405.60, 96
405.60, 96
405.60, 96
408.04, 96
408.68, 96
408.68, 96
408.68, 96
408.68, 96
408.68, 96
408.96, 96
408.96, 96
409.02, 96
409.16, 96
409.37, 96
409.68, 96
409.68, 96
409.68, 96
410.05, 96
410.46, 96
411.66, 96
411.66, 96
412.66, 96
413.64, 96
413.92, 96
414.59, 96
414.59, 96
414.94, 96
416.29, 96
416.29, 96
416.29, 96
416.35, 96
416.35, 96
416.35, 96
416.35, 96
416.35, 96
416.35, 96
416.35, 96
416.35, 96
416.35, 96
416.36, 96
416.62, 96
416.63, 96
416.63, 96
417.00, 96
417.37, 96
417.59, 96
417.97, 96
418.27, 96
418.27, 96
418.33, 96
418.94, 96
420.58, 96
420.77, 96
421.39, 96
421.39, 96
421.39, 96
421.39, 96
422.14, 96
422.14, 96
422.14, 96
422.14, 96
423.12, 96
423.12, 96
423.12, 96
423.18, 96
423.18, 96
423.18, 96
423.18, 96
423.20, 96
423.20, 96
423.39, 96
423.51, 96
423.51, 96
423.51, 96
423.63, 96
423.76, 96
424.70, 96
425.36, 96
425.66, 96
426.34, 96
426.34, 96
426.52, 96
426.61, 96
426.61, 96
427.59, 96
427.67, 96
427.67, 96
428.49, 96
430.10, 96
430.84, 96
430.84, 96
430.90, 96
431.74, 96
431.74, 96
431.74, 96
432.38, 96
432.39, 96
432.53, 96
432.53, 96
432.65, 96
432.66, 96
433.26, 96
433.26, 96
433.26, 96
433.26, 96
433.27, 96
433.29, 96
433.29, 96
433.63, 96
433.63, 96
434.16, 96
435.41, 96
435.91, 96
436.50, 96
436.62, 96
436.62, 96
437.25, 96
437.40, 96
437.40, 96
437.40, 96
437.40, 96
437.52, 96
437.52, 96
437.62, 96
437.63, 96
438.36, 96
438.37, 96
438.37, 96
438.42, 96
438.42, 96
438.51, 96
438.51, 96
439.39, 96
439.76, 96
440.23, 96
440.46, 96
440.91, 96
440.91, 96
440.98, 96
440.98, 96
440.99, 96
440.99, 96
441.21, 96
441.83, 96
443.27, 96
443.49, 96
443.49, 96
443.49, 96
443.66, 96
445.03, 96
445.54, 96
445.60, 96
445.60, 96
445.60, 96
445.62, 96
445.77, 96
445.89, 96
445.90, 96
446.07, 96
446.16, 96
446.57, 96
446.67, 96
446.67, 96
446.67, 96
446.67, 96
446.67, 96
446.67, 96
446.78, 96
447.14, 96
447.14, 96
447.14, 96
448.03, 96
448.71, 96
448.78, 96
448.82, 96
449.53, 96
450.32, 96
450.35, 96
450.73, 96
450.75, 96
450.75, 96
450.91, 96
450.91, 96
451.53, 96
451.73, 96
451.98, 96
453.22, 96
453.26, 96
453.32, 96
453.32, 96
453.82, 96
454.30, 96
454.30, 96
454.78, 96
454.78, 96
454.78, 96
454.78, 96
454.78, 96
454.78, 96
454.78, 96
454.78, 96
454.78, 96
455.08, 96
455.22, 96
455.33, 96
455.33, 96
456.07, 96
457.01, 96
457.02, 96
457.03, 96
457.03, 96
457.19, 96
457.73, 96
457.97, 96
457.97, 96
458.22, 96
458.22, 96
458.60, 96
459.48, 96
459.82, 96
459.82, 96
460.14, 96
460.14, 96
460.65, 96
460.65, 96
460.65, 96
460.65, 96
460.78, 96
460.78, 96
460.78, 96
460.78, 96
460.82, 96
461.04, 96
461.04, 96
461.04, 96
461.04, 96
461.91, 96
462.04, 96
462.04, 96
462.65, 96
462.65, 96
462.77, 96
462.78, 96
462.78, 96
462.78, 96
462.78, 96
464.52, 96
464.52, 96
464.56, 96
465.01, 96
465.02, 96
465.50, 96
465.50, 96
465.85, 96
466.23, 96
467.27, 96
468.08, 96
468.08, 96
469.62, 96
469.62, 96
469.84, 96
469.84, 96
470.08, 96
470.33, 96
470.33, 96
470.74, 96
470.82, 96
470.82, 96
470.83, 96
470.83, 96
471.02, 96
471.17, 96
471.66, 96
471.66, 96
471.66, 96
471.66, 96
471.88, 96
472.06, 96
472.39, 96
472.39, 96
473.22, 96
473.65, 96
474.56, 96
474.72, 96
474.72, 96
475.40, 96
475.57, 96
475.57, 96
475.57, 96
475.85, 96
476.70, 96
476.70, 96
476.70, 96
476.70, 96
476.70, 96
477.76, 96
478.19, 96
478.48, 96
478.48, 96
478.50, 96
479.84, 96
479.84, 96
479.84, 96
479.88, 96
481.85, 96
481.85, 96
481.85, 96
482.01, 96
482.59, 96
482.59, 96
482.59, 96
482.67, 96
483.03, 96
483.03, 96
483.03, 96
483.14, 96
483.16, 96
483.28, 96
483.74, 96
483.99, 96
483.99, 96
484.42, 96
485.04, 96
485.27, 96
485.51, 96
485.55, 96
486.15, 96
486.28, 96
486.28, 96
486.28, 96
486.51, 96
487.54, 96
487.54, 96
488.18, 96
488.18, 96
488.18, 96
488.18, 96
488.18, 96
488.18, 96
488.97, 96
489.62, 96
489.62, 96
490.96, 96
490.96, 96
490.96, 96
491.14, 96
491.25, 96
491.60, 96
493.08, 96
493.10, 96
493.61, 96
493.70, 96
494.33, 96
494.34, 96
494.85, 96
496.31, 96
496.32, 96
496.36, 96
496.47, 96
496.47, 96
496.47, 96
496.47, 96
496.48, 96
496.58, 96
496.71, 96
496.97, 96
497.07, 96
497.77, 96
497.79, 96
498.31, 96
498.61, 96
498.68, 96
498.68, 96
498.84, 96
499.37, 96
499.60, 96
499.80, 96
499.99, 96
499.99, 96
500.83, 96
500.83, 96
500.83, 96
500.83, 96
501.01, 96
501.32, 96
501.32, 96
501.92, 96
501.92, 96
502.26, 96
502.26, 96
503.35, 96
503.35, 96
503.77, 96
504.53, 96
504.53, 96
505.26, 96
505.27, 96
505.60, 96
505.62, 96
505.62, 96
505.67, 96
505.79, 96
507.36, 96
507.36, 96
507.36, 96
507.75, 96
508.11, 96
508.32, 96
508.35, 96
508.39, 96
508.39, 96
508.72, 96
508.82, 96
509.01, 96
509.53, 96
509.70, 96
509.70, 96
510.04, 96
510.30, 96
510.30, 96
510.37, 96
511.71, 96
511.71, 96
511.71, 96
511.84, 96
511.84, 96
512.55, 96
512.80, 96
512.92, 96
512.93, 96
514.13, 96
514.23, 96
514.56, 96
516.37, 96
516.97, 96
517.22, 96
517.22, 96
517.22, 96
517.30, 96
517.30, 96
517.54, 96
517.54, 96
517.54, 96
517.54, 96
517.56, 96
517.57, 96
517.81, 96
517.81, 96
517.93, 96
518.52, 96
519.38, 96
519.42, 96
519.47, 96
519.47, 96
520.01, 96
520.33, 96
520.33, 96
520.74, 96
520.74, 96
520.76, 96
522.56, 96
522.56, 96
522.57, 96
523.47, 96
523.78, 96
524.22, 96
524.39, 96
524.61, 96
524.61, 96
524.77, 96
524.94, 96
525.18, 96
525.19, 96
525.64, 96
525.64, 96
525.64, 96
525.77, 96
525.77, 96
526.11, 96
526.28, 96
526.32, 96
526.32, 96
526.55, 96
526.61, 96
526.65, 96
526.65, 96
526.65, 96
526.66, 96
526.66, 96
526.66, 96
527.27, 96
527.79, 96
527.79, 96
527.88, 96
527.88, 96
527.88, 96
528.16, 96
528.77, 96
529.75, 96
531.72, 96
531.79, 96
532.29, 96
532.78, 96
532.87, 96
536.30, 96
536.30, 96
536.54, 96
537.66, 96
537.66, 96
537.72, 96
538.11, 96
538.27, 96
538.58, 96
538.58, 96
538.58, 96
538.58, 96
539.24, 96
539.68, 96
539.68, 96
539.68, 96
539.95, 96
539.95, 96
540.07, 96
540.07, 96
540.07, 96
540.31, 96
541.18, 96
541.36, 96
541.36, 96
541.74, 96
541.74, 96
542.40, 96
542.40, 96
542.60, 96
542.67, 96
542.67, 96
543.42, 96
543.51, 96
543.52, 96
543.84, 96
543.84, 96
543.85, 96
543.85, 96
543.99, 96
544.02, 96
544.37, 96
544.44, 96
544.45, 96
544.45, 96
544.45, 96
544.49, 96
544.50, 96
544.50, 96
544.50, 96
545.00, 96
545.26, 96
545.38, 96
545.38, 96
545.49, 96
546.09, 96
546.29, 96
546.29, 96
546.29, 96
546.73, 96
546.73, 96
546.97, 96
546.97, 96
547.08, 96
547.08, 96
547.10, 96
547.10, 96
547.14, 96
547.14, 96
547.14, 96
547.52, 96
547.69, 96
548.73, 96
549.06, 96
549.61, 96
549.61, 96
549.67, 96
549.67, 96
549.89, 96
549.89, 96
549.89, 96
549.93, 96
551.53, 96
551.79, 96
551.89, 96
551.94, 96
552.09, 96
553.34, 96
554.60, 96
555.82, 96
555.82, 96
556.44, 96
556.44, 96
556.44, 96
556.47, 96
556.47, 96
556.50, 96
556.57, 96
556.57, 96
557.14, 96
557.35, 96
557.35, 96
557.35, 96
557.79, 96
557.79, 96
558.71, 96
558.72, 96
558.72, 96
558.72, 96
558.80, 96
558.99, 96
558.99, 96
559.06, 96
559.59, 96
559.60, 96
559.60, 96
559.60, 96
559.75, 96
560.99, 96
561.05, 96
561.81, 96
562.24, 96
562.48, 96
562.74, 96
563.11, 96
563.12, 96
563.19, 96
563.19, 96
563.19, 96
564.24, 96
564.35, 96
564.83, 96
564.91, 96
564.91, 96
565.33, 96
565.33, 96
565.49, 96
565.82, 96
566.04, 96
566.05, 96
566.84, 96
566.84, 96
566.89, 96
566.97, 96
566.97, 96
567.20, 96
568.18, 96
568.22, 96
568.22, 96
568.22, 96
568.86, 96
570.14, 96
570.93, 96
571.55, 96
572.03, 96
572.03, 96
572.28, 96
572.34, 96
572.34, 96
572.97, 96
572.99, 96
573.45, 96
573.97, 96
574.20, 96
574.20, 96
575.89, 96
576.70, 96
576.83, 96
577.54, 96
577.73, 96
578.60, 96
578.60, 96
578.78, 96
578.78, 96
578.81, 96
578.81, 96
579.70, 96
579.70, 96
579.92, 96
580.37, 96
580.37, 96
580.37, 96
580.77, 96
580.78, 96
580.88, 96
581.80, 96
581.80, 96
581.97, 96
582.42, 96
584.09, 96
584.29, 96
584.29, 96
584.43, 96
584.54, 96
584.54, 96
584.62, 96
584.62, 96
584.62, 96
584.78, 96
585.49, 96
585.82, 96
585.82, 96
586.55, 96
586.56, 96
586.70, 96
587.15, 96
587.15, 96
587.15, 96
587.15, 96
587.56, 96
587.56, 96
587.75, 96
587.76, 96
590.16, 96
590.86, 96
590.86, 96
590.86, 96
590.86, 96
591.90, 96
591.91, 96
591.95, 96
591.95, 96
591.96, 96
591.97, 96
591.97, 96
591.97, 96
592.02, 96
592.34, 96
593.60, 96
593.75, 96
593.75, 96
593.75, 96
594.30, 96
594.60, 96
594.60, 96
594.60, 96
594.61, 96
595.54, 96
595.54, 96
597.78, 96
597.78, 96
598.30, 96
598.46, 96
598.46, 96
598.67, 96
598.67, 96
598.82, 96
598.83, 96
599.05, 96
599.05, 96
599.06, 96
599.06, 96
599.06, 96
