0.00, 102
0.01, 99
0.01, 99
0.01, 99
0.01, 99
0.01, 98
0.01, 98
0.01, 98
0.01, 98
0.02, 98
0.03, 97
0.04, 97
0.04, 97
0.07, 97
0.09, 97
0.10, 97
0.17, 97
0.17, 97
0.17, 97
0.31, 97
0.32, 97
0.36, 97
0.37, 97
0.37, 97
0.37, 97
0.43, 97
0.43, 97
0.43, 97
0.49, 97
0.49, 97
0.49, 97
0.53, 97
0.56, 97
0.56, 97
0.60, 97
0.61, 97
0.61, 97
0.61, 97
0.61, 97
0.61, 97
0.61, 97
0.61, 97
0.66, 97
0.67, 97
0.67, 97
0.67, 96
1.33, 96
2.32, 96
2.41, 96
2.48, 96
2.48, 96
3.50, 96
5.54, 96
5.76, 96
6.32, 96
6.37, 96
6.52, 96
6.52, 96
6.87, 96
7.62, 96
7.64, 96
7.64, 96
7.79, 96
7.79, 96
8.97, 96
9.28, 96
9.29, 96
9.54, 96
10.29, 96
11.42, 96
11.53, 96
12.84, 96
12.84, 96
13.11, 96
13.11, 96
13.58, 96
13.74, 96
13.75, 96
14.16, 96
14.16, 96
14.60, 96
14.60, 96
14.60, 96
14.99, 96
15.07, 96
15.09, 96
15.14, 96
15.16, 96
16.15, 96
16.15, 96
16.22, 96
16.22, 96
16.36, 96
16.36, 96
16.57, 96
16.57, 96
16.57, 96
16.80, 96
16.80, 96
17.38, 96
17.38, 96
17.38, 96
17.39, 96
17.39, 96
17.39, 96
17.39, 96
18.27, 96
18.28, 96
18.28, 96
18.86, 96
19.13, 96
19.13, 96
19.13, 96
19.70, 96
20.60, 96
21.16, 96
21.17, 96
21.75, 96
24.02, 96
24.02, 96
24.22, 96
24.29, 96
24.30, 96
24.30, 96
24.74, 96
24.86, 96
25.14, 96
25.60, 96
25.91, 96
25.91, 96
26.12, 96
26.22, 96
26.29, 96
26.34, 96
26.37, 96
26.37, 96
26.44, 96
28.01, 96
28.28, 96
28.28, 96
28.28, 96
29.23, 96
30.52, 96
30.58, 96
30.58, 96
30.58, 96
30.59, 96
30.82, 96
31.19, 96
31.44, 96
31.44, 96
31.45, 96
31.88, 96
31.88, 96
32.04, 96
33.74, 96
33.82, 96
34.40, 96
34.40, 96
34.55, 96
35.05, 96
35.05, 96
35.05, 96
35.26, 96
35.39, 96
35.43, 96
36.36, 96
36.36, 96
36.36, 96
36.36, 96
36.36, 96
36.42, 96
37.54, 96
38.17, 96
38.17, 96
38.44, 96
38.54, 96
39.84, 96
39.84, 96
39.84, 96
39.84, 96
39.84, 96
39.87, 96
40.19, 96
40.24, 96
40.88, 96
40.89, 96
40.97, 96
41.65, 96
41.80, 96
41.80, 96
41.90, 96
42.09, 96
43.80, 96
44.80, 96
44.80, 96
44.95, 96
44.96, 96
45.02, 96
45.02, 96
45.53, 96
45.59, 96
45.59, 96
45.68, 96
45.68, 96
45.68, 96
45.75, 96
45.75, 96
45.75, 96
46.02, 96
46.03, 96
46.03, 96
46.28, 96
46.28, 96
46.81, 96
46.95, 96
47.36, 96
48.09, 96
48.12, 96
49.38, 96
51.06, 96
51.06, 96
51.37, 96
51.54, 96
52.17, 96
53.07, 96
53.07, 96
53.07, 96
53.37, 96
53.37, 96
53.53, 96
53.53, 96
53.53, 96
54.09, 96
54.09, 96
54.83, 96
54.85, 96
54.88, 96
55.51, 96
55.51, 96
55.63, 96
55.63, 96
56.57, 96
56.91, 96
56.91, 96
56.91, 96
56.92, 96
56.95, 96
57.09, 96
57.13, 96
57.14, 96
57.34, 96
57.35, 96
57.35, 96
57.35, 96
57.35, 96
57.35, 96
57.81, 96
57.81, 96
57.81, 96
58.51, 96
58.51, 96
59.14, 96
59.14, 96
59.87, 96
59.97, 96
59.97, 96
60.09, 96
60.09, 96
60.09, 96
60.09, 96
60.63, 96
60.63, 96
60.92, 96
60.92, 96
61.18, 96
61.18, 96
62.15, 96
62.15, 96
62.15, 96
62.16, 96
62.16, 96
62.41, 96
62.41, 96
63.43, 96
63.43, 96
63.85, 96
64.18, 96
64.18, 96
64.98, 96
65.27, 96
65.27, 96
65.60, 96
65.94, 96
67.17, 96
67.49, 96
67.50, 96
67.97, 96
68.16, 96
68.57, 96
68.57, 96
68.85, 96
69.49, 96
69.49, 96
69.49, 96
69.78, 96
70.60, 96
72.56, 96
72.62, 96
72.62, 96
73.08, 96
73.08, 96
73.50, 96
73.64, 96
73.64, 96
73.97, 96
74.48, 96
74.48, 96
74.48, 96
74.48, 96
75.68, 96
75.80, 96
76.10, 96
77.20, 96
77.66, 96
78.08, 96
78.56, 96
78.56, 96
78.88, 96
79.64, 96
79.64, 96
79.89, 96
79.89, 96
80.81, 96
80.81, 96
81.29, 96
81.41, 96
81.44, 96
81.44, 96
81.44, 96
81.57, 96
81.86, 96
82.61, 96
82.61, 96
82.61, 96
82.72, 96
82.72, 96
82.72, 96
82.72, 96
82.72, 96
82.73, 96
82.82, 96
82.82, 96
84.64, 96
84.64, 96
84.64, 96
84.65, 96
85.42, 96
85.66, 96
85.79, 96
86.58, 96
86.58, 96
86.93, 96
87.05, 96
87.29, 96
87.38, 96
87.52, 96
87.52, 96
87.92, 96
88.26, 96
88.46, 96
88.56, 96
88.77, 96
88.77, 96
89.68, 96
89.69, 96
89.70, 96
91.34, 96
91.34, 96
91.37, 96
92.18, 96
92.18, 96
92.18, 96
92.56, 96
93.00, 96
93.75, 96
93.75, 96
94.40, 96
95.72, 96
96.61, 96
96.61, 96
96.87, 96
97.30, 96
97.30, 96
99.61, 96
99.62, 96
99.62, 96
100.08, 96
100.40, 96
100.40, 96
100.40, 96
100.42, 96
100.48, 96
100.56, 96
100.56, 96
100.56, 96
102.14, 96
102.14, 96
102.32, 96
102.32, 96
102.32, 96
102.85, 96
103.49, 96
103.49, 96
103.56, 96
103.61, 96
103.61, 96
103.61, 96
103.61, 96
104.22, 96
106.09, 96
106.09, 96
106.73, 96
106.73, 96
106.73, 96
106.78, 96
106.78, 96
106.78, 96
106.87, 96
106.87, 96
107.15, 96
107.59, 96
107.69, 96
108.35, 96
108.49, 96
108.49, 96
108.49, 96
108.49, 96
108.49, 96
109.11, 96
109.11, 96
109.11, 96
109.11, 96
109.12, 96
109.62, 96
109.62, 96
111.00, 96
111.00, 96
111.79, 96
111.79, 96
112.03, 96
112.35, 96
113.89, 96
114.86, 96
114.86, 96
114.87, 96
114.87, 96
114.87, 96
114.87, 96
116.11, 96
116.11, 96
116.11, 96
116.38, 96
116.38, 96
116.38, 96
116.38, 96
116.49, 96
116.71, 96
116.71, 96
116.71, 96
116.71, 96
116.71, 96
116.71, 96
117.20, 96
117.20, 96
118.90, 96
118.90, 96
118.90, 96
120.44, 96
120.68, 96
120.86, 96
121.24, 96
121.24, 96
121.24, 96
121.38, 96
121.38, 96
121.38, 96
121.38, 96
121.41, 96
121.41, 96
121.94, 96
122.19, 96
122.52, 96
122.55, 96
122.55, 96
123.11, 96
123.35, 96
123.96, 96
124.37, 96
124.73, 96
124.80, 96
124.81, 96
124.81, 96
124.81, 96
125.17, 96
125.48, 96
125.49, 96
125.49, 96
125.49, 96
125.49, 96
125.49, 96
125.75, 96
125.75, 96
125.78, 96
125.83, 96
125.83, 96
125.84, 96
126.22, 96
126.66, 96
126.66, 96
126.95, 96
127.65, 96
127.65, 96
128.42, 96
128.53, 96
128.53, 96
128.66, 96
128.81, 96
128.82, 96
128.82, 96
129.82, 96
130.06, 96
130.71, 96
130.71, 96
130.88, 96
131.63, 96
131.63, 96
131.69, 96
132.10, 96
132.25, 96
132.25, 96
132.63, 96
132.63, 96
133.24, 96
133.24, 96
133.79, 96
134.32, 96
134.32, 96
134.32, 96
134.32, 96
135.64, 96
135.64, 96
136.01, 96
136.52, 96
137.05, 96
137.10, 96
137.10, 96
137.19, 96
137.33, 96
138.04, 96
138.78, 96
139.20, 96
139.20, 96
139.53, 96
140.41, 96
141.34, 96
141.34, 96
142.27, 96
142.61, 96
142.82, 96
143.19, 96
143.73, 96
143.74, 96
144.24, 96
144.74, 96
144.74, 96
144.83, 96
145.83, 96
145.92, 96
145.92, 96
146.55, 96
146.89, 96
146.89, 96
146.90, 96
147.02, 96
147.03, 96
147.13, 96
147.16, 96
147.16, 96
147.16, 96
147.62, 96
147.62, 96
148.34, 96
148.34, 96
148.53, 96
148.54, 96
148.54, 96
148.54, 96
149.16, 96
149.16, 96
149.16, 96
149.21, 96
149.25, 96
149.95, 96
149.95, 96
149.95, 96
149.95, 96
149.95, 96
149.97, 96
150.09, 96
150.09, 96
150.10, 96
150.10, 96
150.26, 96
150.72, 96
151.60, 96
151.60, 96
152.18, 96
152.18, 96
152.58, 96
152.58, 96
152.58, 96
152.64, 96
152.64, 96
152.64, 96
152.80, 96
153.05, 96
153.12, 96
153.74, 96
153.74, 96
153.83, 96
154.33, 96
154.48, 96
154.67, 96
155.33, 96
155.78, 96
156.04, 96
156.90, 96
156.96, 96
156.96, 96
157.29, 96
157.29, 96
157.29, 96
157.39, 96
157.49, 96
157.49, 96
157.63, 96
157.79, 96
157.79, 96
157.80, 96
157.81, 96
158.84, 96
158.84, 96
158.84, 96
158.87, 96
158.87, 96
158.87, 96
158.87, 96
160.59, 96
160.65, 96
160.65, 96
160.94, 96
162.13, 96
162.31, 96
162.55, 96
163.93, 96
164.23, 96
164.37, 96
165.04, 96
165.09, 96
165.09, 96
165.19, 96
166.21, 96
166.21, 96
166.46, 96
166.58, 96
167.58, 96
167.93, 96
167.93, 96
168.23, 96
168.62, 96
169.32, 96
169.32, 96
169.32, 96
169.34, 96
169.75, 96
169.75, 96
169.76, 96
169.76, 96
170.32, 96
170.72, 96
170.74, 96
170.74, 96
171.79, 96
171.99, 96
172.21, 96
172.49, 96
172.49, 96
172.49, 96
172.98, 96
172.98, 96
172.98, 96
173.63, 96
173.85, 96
173.85, 96
174.33, 96
174.63, 96
176.14, 96
176.19, 96
176.19, 96
176.44, 96
176.71, 96
177.33, 96
178.06, 96
178.06, 96
178.06, 96
178.06, 96
178.11, 96
178.11, 96
178.50, 96
179.05, 96
179.37, 96
180.08, 96
180.08, 96
180.65, 96
180.70, 96
181.16, 96
181.61, 96
181.61, 96
181.87, 96
181.87, 96
181.87, 96
182.40, 96
182.40, 96
182.50, 96
182.77, 96
183.18, 96
183.18, 96
183.18, 96
183.19, 96
183.23, 96
183.59, 96
183.81, 96
183.82, 96
183.97, 96
184.60, 96
184.61, 96
184.61, 96
184.61, 96
184.61, 96
185.13, 96
185.13, 96
185.23, 96
185.34, 96
185.35, 96
185.83, 96
185.84, 96
185.97, 96
185.98, 96
185.98, 96
185.98, 96
185.98, 96
186.26, 96
186.61, 96
186.61, 96
186.61, 96
186.61, 96
186.67, 96
186.92, 96
187.15, 96
187.69, 96
187.87, 96
188.08, 96
188.08, 96
188.24, 96
188.24, 96
188.24, 96
188.40, 96
188.40, 96
188.40, 96
188.47, 96
188.48, 96
188.66, 96
189.28, 96
189.29, 96
189.29, 96
189.29, 96
189.52, 96
189.52, 96
191.87, 96
191.87, 96
192.04, 96
192.92, 96
192.92, 96
192.92, 96
193.13, 96
193.13, 96
193.21, 96
193.24, 96
193.44, 96
193.44, 96
193.44, 96
193.44, 96
193.56, 96
193.57, 96
193.75, 96
194.54, 96
194.55, 96
195.47, 96
195.47, 96
195.95, 96
196.74, 96
196.94, 96
197.12, 96
197.12, 96
197.47, 96
197.47, 96
197.47, 96
197.49, 96
197.49, 96
197.49, 96
198.18, 96
198.18, 96
198.56, 96
199.84, 96
199.90, 96
199.90, 96
199.90, 96
199.90, 96
201.02, 96
201.45, 96
201.89, 96
201.89, 96
201.98, 96
201.98, 96
201.98, 96
202.95, 96
205.01, 96
205.01, 96
205.02, 96
205.02, 96
205.27, 96
205.27, 96
205.85, 96
206.10, 96
206.29, 96
206.49, 96
208.13, 96
208.13, 96
208.97, 96
209.35, 96
209.35, 96
209.35, 96
209.35, 96
209.48, 96
209.51, 96
209.88, 96
209.88, 96
209.88, 96
209.88, 96
209.88, 96
209.93, 96
209.94, 96
209.94, 96
210.18, 96
210.19, 96
210.19, 96
210.48, 96
210.98, 96
210.98, 96
211.71, 96
211.71, 96
211.71, 96
211.71, 96
211.80, 96
211.80, 96
211.81, 96
211.91, 96
211.91, 96
211.91, 96
211.91, 96
211.91, 96
212.32, 96
212.32, 96
212.32, 96
212.46, 96
212.46, 96
213.03, 96
213.21, 96
213.21, 96
213.21, 96
213.21, 96
213.47, 96
213.47, 96
213.47, 96
213.47, 96
214.99, 96
215.22, 96
215.22, 96
215.25, 96
215.25, 96
215.63, 96
216.20, 96
216.21, 96
216.21, 96
216.21, 96
216.21, 96
216.31, 96
216.31, 96
216.37, 96
216.63, 96
216.63, 96
216.86, 96
216.86, 96
216.86, 96
217.21, 96
217.64, 96
217.64, 96
217.78, 96
217.84, 96
217.88, 96
217.88, 96
217.88, 96
217.95, 96
217.95, 96
218.26, 96
218.26, 96
218.95, 96
218.95, 96
219.02, 96
219.61, 96
220.09, 96
220.16, 96
220.64, 96
220.65, 96
220.68, 96
221.45, 96
221.94, 96
222.22, 96
222.55, 96
222.75, 96
222.75, 96
224.25, 96
225.17, 96
225.48, 96
225.54, 96
225.55, 96
225.55, 96
225.71, 96
225.71, 96
226.04, 96
226.70, 96
227.02, 96
227.02, 96
227.50, 96
228.56, 96
228.56, 96
229.17, 96
229.17, 96
229.17, 96
229.25, 96
229.30, 96
229.61, 96
230.30, 96
230.86, 96
231.40, 96
231.82, 96
231.83, 96
231.87, 96
231.87, 96
232.40, 96
232.44, 96
232.44, 96
232.47, 96
232.78, 96
232.78, 96
232.91, 96
234.82, 96
235.02, 96
235.23, 96
235.48, 96
236.55, 96
236.55, 96
236.55, 96
237.47, 96
237.47, 96
237.47, 96
237.47, 96
237.49, 96
238.17, 96
238.29, 96
238.31, 96
240.61, 96
240.61, 96
240.79, 96
240.79, 96
240.96, 96
240.99, 96
241.49, 96
242.08, 96
242.08, 96
242.08, 96
243.45, 96
243.48, 96
243.48, 96
244.59, 96
244.60, 96
244.64, 96
244.83, 96
244.85, 96
245.33, 96
245.33, 96
245.33, 96
245.45, 96
245.74, 96
245.74, 96
246.99, 96
246.99, 96
247.03, 96
247.46, 96
247.74, 96
247.74, 96
247.81, 96
247.81, 96
248.29, 96
248.29, 96
248.29, 96
248.29, 96
248.29, 96
248.29, 96
248.43, 96
248.69, 96
249.39, 96
249.74, 96
249.74, 96
250.09, 96
250.47, 96
250.49, 96
250.77, 96
250.77, 96
250.85, 96
251.13, 96
251.73, 96
252.00, 96
252.00, 96
252.00, 96
252.49, 96
252.84, 96
253.00, 96
253.29, 96
253.30, 96
253.30, 96
253.30, 96
253.52, 96
253.64, 96
253.72, 96
253.72, 96
253.72, 96
254.10, 96
254.10, 96
254.10, 96
254.10, 96
254.10, 96
254.40, 96
254.40, 96
255.43, 96
255.43, 96
255.76, 96
255.81, 96
255.81, 96
255.91, 96
255.91, 96
255.98, 96
256.16, 96
257.04, 96
257.23, 96
257.75, 96
257.96, 96
258.23, 96
259.73, 96
259.73, 96
259.73, 96
259.73, 96
260.67, 96
260.67, 96
261.04, 96
261.17, 96
261.34, 96
261.96, 96
261.96, 96
261.96, 96
262.43, 96
263.71, 96
264.77, 96
264.92, 96
265.16, 96
265.16, 96
265.16, 96
265.39, 96
266.09, 96
266.17, 96
266.52, 96
266.86, 96
268.61, 96
269.05, 96
269.05, 96
269.05, 96
269.05, 96
269.05, 96
269.05, 96
269.05, 96
269.16, 96
269.21, 96
269.21, 96
269.21, 96
269.55, 96
269.59, 96
270.85, 96
270.85, 96
270.90, 96
270.90, 96
271.02, 96
271.40, 96
273.35, 96
273.74, 96
273.76, 96
274.24, 96
274.54, 96
274.93, 96
274.94, 96
274.95, 96
275.21, 96
275.41, 96
275.44, 96
275.46, 96
276.05, 96
276.05, 96
276.71, 96
277.36, 96
277.36, 96
277.45, 96
277.52, 96
277.53, 96
277.53, 96
277.53, 96
278.52, 96
278.53, 96
279.19, 96
279.20, 96
279.35, 96
280.88, 96
280.95, 96
280.95, 96
281.06, 96
281.72, 96
281.72, 96
282.03, 96
282.04, 96
282.04, 96
282.04, 96
283.00, 96
283.01, 96
283.01, 96
283.01, 96
283.01, 96
283.06, 96
283.06, 96
283.06, 96
284.35, 96
284.35, 96
284.58, 96
284.58, 96
285.42, 96
285.42, 96
285.42, 96
285.63, 96
286.24, 96
286.54, 96
286.54, 96
286.55, 96
287.11, 96
287.67, 96
287.70, 96
287.70, 96
287.94, 96
288.53, 96
288.53, 96
288.60, 96
289.06, 96
289.59, 96
289.70, 96
289.95, 96
290.54, 96
290.64, 96
291.09, 96
291.09, 96
291.09, 96
291.71, 96
291.80, 96
292.31, 96
292.32, 96
295.09, 96
295.66, 96
295.66, 96
295.66, 96
297.88, 96
297.89, 96
298.46, 96
299.58, 96
299.58, 96
299.99, 96
300.07, 96
300.07, 96
302.62, 96
303.87, 96
304.53, 96
304.78, 96
305.19, 96
305.52, 96
305.69, 96
305.69, 96
305.69, 96
305.69, 96
305.96, 96
306.22, 96
307.07, 96
307.82, 96
307.82, 96
307.82, 96
308.02, 96
308.53, 96
310.37, 96
310.47, 96
310.47, 96
311.19, 96
311.19, 96
311.19, 96
311.19, 96
311.19, 96
311.32, 96
311.32, 96
311.49, 96
311.49, 96
311.65, 96
312.23, 96
312.49, 96
313.82, 96
313.87, 96
315.10, 96
315.10, 96
315.10, 96
315.10, 96
315.24, 96
315.24, 96
315.30, 96
315.30, 96
315.30, 96
315.53, 96
316.03, 96
316.93, 96
317.02, 96
317.30, 96
318.48, 96
319.22, 96
319.65, 96
319.65, 96
319.75, 96
320.28, 96
320.77, 96
321.55, 96
322.79, 96
322.83, 96
322.83, 96
323.83, 96
323.93, 96
323.94, 96
324.55, 96
324.55, 96
324.55, 96
324.55, 96
324.56, 96
324.56, 96
324.56, 96
326.39, 96
326.39, 96
326.42, 96
326.78, 96
327.10, 96
327.10, 96
327.36, 96
327.36, 96
327.36, 96
327.36, 96
327.61, 96
328.15, 96
328.74, 96
328.80, 96
328.81, 96
328.81, 96
328.83, 96
328.83, 96
328.83, 96
330.17, 96
330.50, 96
330.51, 96
331.71, 96
332.45, 96
333.12, 96
333.12, 96
333.12, 96
333.23, 96
333.23, 96
333.69, 96
334.56, 96
334.56, 96
334.56, 96
334.56, 96
334.56, 96
334.87, 96
335.07, 96
335.54, 96
335.64, 96
335.68, 96
336.03, 96
336.75, 96
336.75, 96
337.11, 96
337.25, 96
338.33, 96
338.34, 96
338.78, 96
339.44, 96
340.04, 96
340.04, 96
340.10, 96
340.10, 96
340.55, 96
341.16, 96
341.16, 96
341.16, 96
341.51, 96
341.61, 96
341.61, 96
341.61, 96
342.69, 96
342.69, 96
342.70, 96
342.88, 96
342.98, 96
342.98, 96
342.98, 96
342.98, 96
342.98, 96
342.99, 96
342.99, 96
342.99, 96
342.99, 96
342.99, 96
343.84, 96
343.90, 96
344.10, 96
344.10, 96
344.34, 96
344.42, 96
345.27, 96
346.08, 96
346.12, 96
346.12, 96
346.44, 96
346.44, 96
347.76, 96
347.83, 96
347.84, 96
348.08, 96
348.49, 96
349.12, 96
349.76, 96
350.51, 96
352.45, 96
352.87, 96
355.12, 96
355.94, 96
357.07, 96
357.70, 96
357.70, 96
357.87, 96
358.15, 96
358.25, 96
359.36, 96
359.37, 96
359.37, 96
359.44, 96
359.86, 96
359.86, 96
359.97, 96
360.21, 96
360.83, 96
361.63, 96
361.64, 96
362.37, 96
362.83, 96
363.09, 96
363.09, 96
363.09, 96
363.09, 96
363.15, 96
363.15, 96
363.15, 96
363.15, 96
363.16, 96
363.16, 96
363.16, 96
363.82, 96
363.89, 96
363.97, 96
364.56, 96
364.56, 96
365.06, 96
365.06, 96
365.06, 96
366.01, 96
366.89, 96
366.89, 96
366.99, 96
366.99, 96
367.00, 96
367.92, 96
368.25, 96
368.61, 96
368.62, 96
369.36, 96
369.36, 96
369.36, 96
369.36, 96
369.57, 96
370.17, 96
370.18, 96
370.18, 96
370.54, 96
370.56, 96
370.58, 96
370.58, 96
370.72, 96
370.73, 96
370.73, 96
371.65, 96
372.54, 96
372.54, 96
373.04, 96
373.47, 96
373.47, 96
373.47, 96
373.47, 96
374.45, 96
374.45, 96
374.72, 96
375.24, 96
375.25, 96
375.25, 96
375.90, 96
375.90, 96
376.71, 96
376.72, 96
376.72, 96
376.72, 96
377.94, 96
378.13, 96
378.13, 96
379.03, 96
380.39, 96
380.65, 96
380.65, 96
380.65, 96
381.02, 96
381.67, 96
381.79, 96
382.07, 96
382.19, 96
382.19, 96
382.27, 96
382.43, 96
382.43, 96
382.61, 96
382.62, 96
383.23, 96
383.23, 96
383.37, 96
383.37, 96
383.48, 96
383.69, 96
384.08, 96
384.21, 96
384.21, 96
384.21, 96
384.21, 96
384.29, 96
384.55, 96
384.55, 96
384.90, 96
385.20, 96
387.08, 96
387.08, 96
387.16, 96
387.39, 96
387.40, 96
387.64, 96
387.89, 96
388.22, 96
388.32, 96
388.35, 96
389.11, 96
389.44, 96
389.44, 96
389.54, 96
389.54, 96
390.31, 96
390.56, 96
390.56, 96
390.56, 96
390.56, 96
390.56, 96
390.56, 96
390.60, 96
390.65, 96
390.79, 96
391.44, 96
391.67, 96
391.67, 96
391.67, 96
391.67, 96
391.67, 96
391.67, 96
391.69, 96
394.72, 96
394.73, 96
394.73, 96
394.73, 96
394.73, 96
394.93, 96
394.93, 96
394.94, 96
394.98, 96
394.98, 96
395.34, 96
395.76, 96
395.76, 96
395.95, 96
395.95, 96
395.95, 96
396.07, 96
396.22, 96
396.22, 96
396.23, 96
396.84, 96
398.66, 96
398.72, 96
399.29, 96
399.29, 96
400.03, 96
401.32, 96
401.55, 96
401.66, 96
402.24, 96
402.31, 96
402.32, 96
402.43, 96
402.43, 96
403.22, 96
403.22, 96
403.23, 96
404.18, 96
404.18, 96
405.31, 96
405.31, 96
405.32, 96
405.32, 96
405.32, 96
405.57, 96
405.57, 96
405.90, 96
406.09, 96
406.09, 96
406.09, 96
408.36, 96
408.99, 96
408.99, 96
408.99, 96
408.99, 96
408.99, 96
409.29, 96
409.29, 96
409.36, 96
409.51, 96
409.71, 96
410.05, 96
410.05, 96
410.05, 96
410.46, 96
410.84, 96
412.05, 96
412.05, 96
413.06, 96
413.96, 96
414.22, 96
414.94, 96
414.94, 96
415.27, 96
416.53, 96
416.53, 96
416.53, 96
416.60, 96
416.60, 96
416.60, 96
416.60, 96
416.60, 96
416.60, 96
416.60, 96
416.60, 96
416.61, 96
416.61, 96
416.84, 96
416.84, 96
416.84, 96
417.22, 96
417.60, 96
417.80, 96
418.12, 96
418.40, 96
418.40, 96
418.46, 96
419.08, 96
420.78, 96
420.98, 96
421.60, 96
421.61, 96
421.61, 96
421.61, 96
422.34, 96
422.34, 96
422.34, 96
422.34, 96
423.22, 96
423.22, 96
423.22, 96
423.27, 96
423.27, 96
423.27, 96
423.27, 96
423.29, 96
423.29, 96
423.47, 96
423.59, 96
423.59, 96
423.59, 96
423.72, 96
423.85, 96
424.90, 96
425.51, 96
425.82, 96
426.47, 96
426.47, 96
426.64, 96
426.72, 96
426.72, 96
427.74, 96
427.82, 96
427.83, 96
428.56, 96
430.18, 96
430.93, 96
430.93, 96
430.99, 96
431.86, 96
431.86, 96
431.86, 96
432.51, 96
432.51, 96
432.64, 96
432.64, 96
432.76, 96
432.76, 96
433.27, 96
433.27, 96
433.27, 96
433.27, 96
433.27, 96
433.29, 96
433.29, 96
433.63, 96
433.63, 96
434.20, 96
435.42, 96
435.92, 96
436.50, 96
436.63, 96
436.63, 96
437.26, 96
437.40, 96
437.40, 96
437.40, 96
437.40, 96
437.50, 96
437.50, 96
437.61, 96
437.62, 96
438.23, 96
438.23, 96
438.24, 96
438.29, 96
438.29, 96
438.40, 96
438.40, 96
439.30, 96
439.73, 96
440.22, 96
440.43, 96
440.89, 96
440.89, 96
440.96, 96
440.96, 96
440.97, 96
440.97, 96
441.17, 96
441.77, 96
443.10, 96
443.31, 96
443.31, 96
443.31, 96
443.46, 96
444.95, 96
445.45, 96
445.51, 96
445.51, 96
445.51, 96
445.52, 96
445.65, 96
445.78, 96
445.78, 96
445.97, 96
446.06, 96
446.47, 96
446.59, 96
446.59, 96
446.59, 96
446.59, 96
446.59, 96
446.59, 96
446.69, 96
447.04, 96
447.04, 96
447.04, 96
447.89, 96
448.56, 96
448.61, 96
448.66, 96
449.44, 96
450.30, 96
450.33, 96
450.69, 96
450.72, 96
450.72, 96
450.88, 96
450.88, 96
451.50, 96
451.69, 96
451.93, 96
453.09, 96
453.12, 96
453.18, 96
453.18, 96
453.66, 96
454.15, 96
454.15, 96
454.72, 96
454.72, 96
454.72, 96
454.72, 96
454.72, 96
454.72, 96
454.72, 96
454.73, 96
454.73, 96
454.97, 96
455.10, 96
455.21, 96
455.21, 96
455.99, 96
457.02, 96
457.02, 96
457.03, 96
457.03, 96
457.20, 96
457.76, 96
457.92, 96
457.92, 96
458.14, 96
458.14, 96
458.54, 96
459.47, 96
459.83, 96
459.83, 96
460.17, 96
460.18, 96
460.65, 96
460.65, 96
460.65, 96
460.65, 96
460.80, 96
460.80, 96
460.80, 96
460.80, 96
460.85, 96
461.04, 96
461.04, 96
461.05, 96
461.05, 96
461.93, 96
462.07, 96
462.07, 96
462.63, 96
462.63, 96
462.76, 96
462.76, 96
462.76, 96
462.76, 96
462.76, 96
464.52, 96
464.52, 96
464.57, 96
465.01, 96
465.01, 96
465.46, 96
465.46, 96
465.79, 96
466.13, 96
467.22, 96
467.94, 96
467.94, 96
469.43, 96
469.43, 96
469.69, 96
469.69, 96
469.90, 96
470.17, 96
470.18, 96
470.66, 96
470.73, 96
470.73, 96
470.73, 96
470.73, 96
470.90, 96
471.06, 96
471.54, 96
471.54, 96
471.54, 96
471.54, 96
471.77, 96
471.96, 96
472.30, 96
472.30, 96
473.12, 96
473.56, 96
474.56, 96
474.74, 96
474.74, 96
475.43, 96
475.59, 96
475.60, 96
475.60, 96
475.86, 96
476.69, 96
476.69, 96
476.69, 96
476.69, 96
476.70, 96
477.76, 96
478.17, 96
478.43, 96
478.43, 96
478.46, 96
479.89, 96
479.89, 96
479.90, 96
479.93, 96
482.02, 96
482.02, 96
482.02, 96
482.19, 96
482.76, 96
482.77, 96
482.77, 96
482.84, 96
483.21, 96
483.21, 96
483.21, 96
483.33, 96
483.36, 96
483.49, 96
483.99, 96
484.23, 96
484.23, 96
484.66, 96
485.36, 96
485.57, 96
485.84, 96
485.88, 96
486.49, 96
486.61, 96
486.61, 96
486.61, 96
486.82, 96
487.85, 96
487.85, 96
488.49, 96
488.49, 96
488.49, 96
488.50, 96
488.50, 96
488.50, 96
489.28, 96
489.93, 96
489.93, 96
491.26, 96
491.26, 96
491.26, 96
491.44, 96
491.56, 96
491.92, 96
493.43, 96
493.45, 96
493.93, 96
494.03, 96
494.64, 96
494.64, 96
495.13, 96
496.52, 96
496.52, 96
496.57, 96
496.70, 96
496.70, 96
496.70, 96
496.70, 96
496.70, 96
496.80, 96
496.93, 96
497.18, 96
497.27, 96
497.97, 96
497.99, 96
498.54, 96
498.83, 96
498.91, 96
498.92, 96
499.08, 96
499.65, 96
499.87, 96
500.07, 96
500.30, 96
500.30, 96
501.17, 96
501.17, 96
501.17, 96
501.17, 96
501.36, 96
501.66, 96
501.66, 96
502.30, 96
502.30, 96
502.64, 96
502.64, 96
503.74, 96
503.74, 96
504.16, 96
504.94, 96
504.94, 96
505.65, 96
505.66, 96
505.98, 96
506.00, 96
506.01, 96
506.05, 96
506.15, 96
507.70, 96
507.71, 96
507.71, 96
508.08, 96
508.43, 96
508.62, 96
508.65, 96
508.69, 96
508.69, 96
509.02, 96
509.12, 96
509.34, 96
509.85, 96
510.02, 96
510.03, 96
510.44, 96
510.70, 96
510.70, 96
510.75, 96
512.13, 96
512.13, 96
512.13, 96
512.28, 96
512.28, 96
513.00, 96
513.25, 96
513.36, 96
513.37, 96
514.53, 96
514.61, 96
514.91, 96
516.61, 96
517.25, 96
517.49, 96
517.49, 96
517.49, 96
517.56, 96
517.56, 96
517.80, 96
517.80, 96
517.80, 96
517.80, 96
517.83, 96
517.83, 96
518.05, 96
518.05, 96
518.15, 96
518.69, 96
519.60, 96
519.63, 96
519.68, 96
519.68, 96
520.28, 96
520.62, 96
520.62, 96
521.02, 96
521.02, 96
521.03, 96
522.93, 96
522.93, 96
522.93, 96
523.76, 96
524.09, 96
524.56, 96
524.74, 96
524.94, 96
524.94, 96
525.11, 96
525.32, 96
525.54, 96
525.54, 96
526.02, 96
526.02, 96
526.02, 96
526.13, 96
526.13, 96
526.49, 96
526.68, 96
526.72, 96
526.72, 96
526.95, 96
527.00, 96
527.05, 96
527.05, 96
527.05, 96
527.05, 96
527.06, 96
527.06, 96
527.65, 96
528.13, 96
528.13, 96
528.20, 96
528.20, 96
528.20, 96
528.43, 96
528.96, 96
530.00, 96
532.02, 96
532.08, 96
532.58, 96
533.09, 96
533.18, 96
536.56, 96
536.57, 96
536.82, 96
537.89, 96
537.89, 96
537.96, 96
538.30, 96
538.43, 96
538.76, 96
538.76, 96
538.76, 96
538.76, 96
539.45, 96
539.95, 96
539.95, 96
539.95, 96
540.27, 96
540.27, 96
540.40, 96
540.41, 96
540.41, 96
540.65, 96
541.51, 96
541.69, 96
541.69, 96
542.07, 96
542.07, 96
542.70, 96
542.71, 96
542.91, 96
542.98, 96
542.98, 96
543.65, 96
543.75, 96
543.77, 96
544.09, 96
544.09, 96
544.09, 96
544.09, 96
544.23, 96
544.26, 96
544.66, 96
544.74, 96
544.74, 96
544.74, 96
544.74, 96
544.79, 96
544.80, 96
544.81, 96
544.81, 96
545.29, 96
545.54, 96
545.64, 96
545.64, 96
545.74, 96
546.34, 96
546.55, 96
546.55, 96
546.56, 96
546.98, 96
546.98, 96
547.21, 96
547.21, 96
547.32, 96
547.32, 96
547.34, 96
547.34, 96
547.39, 96
547.39, 96
547.39, 96
547.77, 96
547.94, 96
548.88, 96
549.24, 96
549.84, 96
549.84, 96
549.89, 96
549.89, 96
550.10, 96
550.10, 96
550.10, 96
550.16, 96
551.85, 96
552.09, 96
552.19, 96
552.23, 96
552.37, 96
553.45, 96
554.83, 96
556.02, 96
556.02, 96
556.64, 96
556.65, 96
556.65, 96
556.68, 96
556.68, 96
556.71, 96
556.77, 96
556.77, 96
557.35, 96
557.56, 96
557.56, 96
557.56, 96
558.00, 96
558.01, 96
558.94, 96
558.94, 96
558.94, 96
558.94, 96
559.00, 96
559.21, 96
559.23, 96
559.32, 96
559.92, 96
559.92, 96
559.92, 96
559.92, 96
560.07, 96
561.44, 96
561.50, 96
562.28, 96
562.68, 96
562.95, 96
563.22, 96
563.53, 96
563.53, 96
563.59, 96
563.59, 96
563.59, 96
564.75, 96
564.85, 96
565.32, 96
565.42, 96
565.42, 96
565.76, 96
565.76, 96
565.92, 96
566.21, 96
566.44, 96
566.45, 96
567.19, 96
567.19, 96
567.25, 96
567.34, 96
567.34, 96
567.58, 96
568.47, 96
568.52, 96
568.52, 96
568.52, 96
569.17, 96
570.59, 96
571.39, 96
571.97, 96
572.46, 96
572.47, 96
572.73, 96
572.78, 96
572.78, 96
573.38, 96
573.38, 96
573.81, 96
574.38, 96
574.64, 96
574.64, 96
576.36, 96
577.20, 96
577.35, 96
578.02, 96
578.21, 96
579.01, 96
579.01, 96
579.17, 96
579.17, 96
579.19, 96
579.19, 96
580.22, 96
580.22, 96
580.45, 96
580.89, 96
580.89, 96
580.89, 96
581.32, 96
581.33, 96
581.43, 96
582.38, 96
582.38, 96
582.55, 96
583.04, 96
584.79, 96
584.97, 96
584.97, 96
585.12, 96
585.24, 96
585.25, 96
585.32, 96
585.32, 96
585.32, 96
585.49, 96
586.11, 96
586.43, 96
586.43, 96
587.18, 96
587.19, 96
587.34, 96
587.80, 96
587.80, 96
587.80, 96
587.80, 96
588.21, 96
588.21, 96
588.41, 96
588.42, 96
590.69, 96
591.41, 96
591.41, 96
591.41, 96
591.41, 96
592.53, 96
592.53, 96
592.58, 96
592.58, 96
592.58, 96
592.60, 96
592.60, 96
592.60, 96
592.65, 96
592.99, 96
594.54, 96
594.76, 96
594.76, 96
594.76, 96
595.41, 96
595.70, 96
595.70, 96
595.70, 96
595.70, 96
596.62, 96
596.63, 96
598.94, 96
598.95, 96
599.39, 96
599.55, 96
599.55, 96
599.74, 96
599.74, 96
599.86, 96
599.87, 96
600.00, 96
600.00, 96
600.00, 96
600.00, 96
600.00, 96
