0.01, 102
0.01, 99
0.01, 99
0.01, 99
0.01, 99
0.01, 98
0.02, 98
0.02, 98
0.03, 98
0.04, 98
0.04, 97
0.06, 97
0.06, 97
0.07, 97
0.10, 97
0.10, 97
0.12, 97
0.13, 97
0.13, 97
0.27, 97
0.28, 97
0.33, 97
0.34, 97
0.34, 97
0.34, 97
0.42, 97
0.43, 97
0.43, 97
0.53, 97
0.53, 97
0.53, 97
0.58, 97
0.62, 97
0.62, 97
0.66, 97
0.66, 97
0.66, 97
0.67, 97
0.67, 97
0.67, 97
0.67, 97
0.67, 97
0.73, 97
0.74, 97
0.74, 97
0.74, 96
1.44, 96
2.50, 96
2.61, 96
2.69, 96
2.69, 96
3.84, 96
5.98, 96
6.25, 96
6.91, 96
6.98, 96
7.17, 96
7.17, 96
7.53, 96
8.42, 96
8.44, 96
8.45, 96
8.63, 96
8.63, 96
10.26, 96
10.74, 96
10.75, 96
11.09, 96
12.14, 96
13.27, 96
13.38, 96
14.92, 96
14.92, 96
15.22, 96
15.23, 96
15.81, 96
16.00, 96
16.00, 96
16.60, 96
16.60, 96
17.06, 96
17.06, 96
17.06, 96
17.47, 96
17.56, 96
17.58, 96
17.61, 96
17.63, 96
18.71, 96
18.71, 96
18.79, 96
18.80, 96
19.02, 96
19.02, 96
19.33, 96
19.34, 96
19.34, 96
19.65, 96
19.65, 96
20.25, 96
20.25, 96
20.25, 96
20.26, 96
20.26, 96
20.26, 96
20.27, 96
21.45, 96
21.46, 96
21.46, 96
22.21, 96
22.71, 96
22.71, 96
22.71, 96
23.39, 96
24.36, 96
25.07, 96
25.07, 96
25.79, 96
29.10, 96
29.11, 96
29.28, 96
29.33, 96
29.33, 96
29.33, 96
29.92, 96
30.03, 96
30.47, 96
31.16, 96
31.48, 96
31.48, 96
31.69, 96
31.80, 96
31.91, 96
31.98, 96
32.03, 96
32.03, 96
32.13, 96
34.25, 96
34.63, 96
34.63, 96
34.63, 96
35.74, 96
37.25, 96
37.32, 96
37.32, 96
37.33, 96
37.33, 96
37.58, 96
37.99, 96
38.51, 96
38.51, 96
38.51, 96
39.17, 96
39.17, 96
39.39, 96
41.52, 96
41.62, 96
42.22, 96
42.23, 96
42.47, 96
43.24, 96
43.24, 96
43.24, 96
43.47, 96
43.61, 96
43.65, 96
44.68, 96
44.69, 96
44.69, 96
44.69, 96
44.69, 96
44.75, 96
46.14, 96
47.04, 96
47.04, 96
47.33, 96
47.42, 96
48.84, 96
48.84, 96
48.84, 96
48.84, 96
48.84, 96
48.88, 96
49.23, 96
49.30, 96
50.00, 96
50.01, 96
50.10, 96
50.88, 96
51.07, 96
51.07, 96
51.17, 96
51.35, 96
52.99, 96
53.98, 96
53.98, 96
54.15, 96
54.16, 96
54.23, 96
54.24, 96
54.76, 96
54.84, 96
54.85, 96
54.95, 96
54.95, 96
54.95, 96
55.01, 96
55.02, 96
55.02, 96
55.29, 96
55.32, 96
55.33, 96
55.63, 96
55.63, 96
56.19, 96
56.39, 96
56.84, 96
57.62, 96
57.66, 96
58.85, 96
60.36, 96
60.36, 96
60.73, 96
60.91, 96
61.58, 96
62.85, 96
62.85, 96
62.85, 96
63.21, 96
63.22, 96
63.46, 96
63.46, 96
63.46, 96
64.08, 96
64.09, 96
64.86, 96
64.90, 96
64.94, 96
65.72, 96
65.72, 96
65.86, 96
65.86, 96
67.07, 96
67.48, 96
67.48, 96
67.48, 96
67.48, 96
67.52, 96
67.67, 96
67.72, 96
67.72, 96
68.00, 96
68.01, 96
68.01, 96
68.01, 96
68.01, 96
68.01, 96
68.51, 96
68.51, 96
68.51, 96
69.27, 96
69.28, 96
69.99, 96
69.99, 96
70.91, 96
71.03, 96
71.03, 96
71.16, 96
71.16, 96
71.16, 96
71.16, 96
71.67, 96
71.67, 96
71.99, 96
71.99, 96
72.31, 96
72.31, 96
73.48, 96
73.48, 96
73.48, 96
73.49, 96
73.49, 96
73.75, 96
73.75, 96
74.91, 96
74.91, 96
75.53, 96
75.93, 96
75.93, 96
76.94, 96
77.32, 96
77.32, 96
77.78, 96
78.15, 96
79.80, 96
80.42, 96
80.42, 96
81.06, 96
81.26, 96
81.70, 96
81.70, 96
82.05, 96
82.68, 96
82.68, 96
82.68, 96
83.01, 96
83.94, 96
86.10, 96
86.17, 96
86.17, 96
86.69, 96
86.69, 96
87.17, 96
87.38, 96
87.38, 96
87.75, 96
88.52, 96
88.53, 96
88.53, 96
88.53, 96
90.39, 96
90.52, 96
90.86, 96
92.38, 96
92.88, 96
93.37, 96
93.87, 96
93.87, 96
94.19, 96
94.83, 96
94.84, 96
95.07, 96
95.07, 96
96.08, 96
96.08, 96
96.65, 96
96.78, 96
96.83, 96
96.83, 96
96.83, 96
97.00, 96
97.38, 96
98.36, 96
98.36, 96
98.36, 96
98.51, 96
98.51, 96
98.51, 96
98.51, 96
98.51, 96
98.51, 96
98.64, 96
98.65, 96
100.50, 96
100.50, 96
100.50, 96
100.51, 96
101.92, 96
102.17, 96
102.30, 96
103.18, 96
103.18, 96
103.50, 96
103.65, 96
103.90, 96
103.98, 96
104.13, 96
104.13, 96
104.55, 96
104.91, 96
105.14, 96
105.24, 96
105.48, 96
105.48, 96
106.36, 96
106.36, 96
106.37, 96
108.13, 96
108.13, 96
108.15, 96
109.07, 96
109.07, 96
109.07, 96
109.48, 96
109.98, 96
110.81, 96
110.81, 96
111.43, 96
113.02, 96
114.09, 96
114.09, 96
114.39, 96
114.88, 96
114.89, 96
117.40, 96
117.43, 96
117.43, 96
118.03, 96
118.43, 96
118.43, 96
118.43, 96
118.44, 96
118.55, 96
118.65, 96
118.65, 96
118.65, 96
120.36, 96
120.36, 96
120.58, 96
120.58, 96
120.58, 96
121.18, 96
121.83, 96
121.83, 96
121.93, 96
121.97, 96
121.97, 96
121.97, 96
121.97, 96
122.59, 96
124.75, 96
124.76, 96
125.57, 96
125.58, 96
125.58, 96
125.63, 96
125.63, 96
125.63, 96
125.78, 96
125.78, 96
126.10, 96
126.52, 96
126.62, 96
127.30, 96
127.45, 96
127.46, 96
127.47, 96
127.47, 96
127.47, 96
128.18, 96
128.18, 96
128.18, 96
128.18, 96
128.18, 96
128.73, 96
128.73, 96
130.31, 96
130.31, 96
131.20, 96
131.21, 96
131.60, 96
132.09, 96
134.46, 96
136.12, 96
136.22, 96
136.22, 96
136.22, 96
136.22, 96
136.22, 96
138.36, 96
138.51, 96
138.55, 96
139.04, 96
139.05, 96
139.05, 96
139.05, 96
139.37, 96
139.64, 96
139.64, 96
139.64, 96
139.64, 96
139.64, 96
139.65, 96
140.38, 96
140.39, 96
142.82, 96
142.82, 96
142.82, 96
145.06, 96
145.66, 96
146.05, 96
146.47, 96
146.47, 96
146.47, 96
146.60, 96
146.60, 96
146.60, 96
146.60, 96
146.62, 96
146.62, 96
147.13, 96
147.38, 96
147.75, 96
147.78, 96
147.78, 96
148.36, 96
148.59, 96
149.24, 96
149.58, 96
149.93, 96
150.00, 96
150.01, 96
150.01, 96
150.01, 96
150.45, 96
150.81, 96
150.82, 96
150.82, 96
150.82, 96
150.82, 96
150.83, 96
151.09, 96
151.09, 96
151.12, 96
151.17, 96
151.17, 96
151.17, 96
151.53, 96
152.00, 96
152.00, 96
152.29, 96
153.28, 96
153.30, 96
154.61, 96
154.77, 96
154.78, 96
154.95, 96
155.13, 96
155.14, 96
155.14, 96
156.78, 96
157.16, 96
158.07, 96
158.07, 96
158.26, 96
159.09, 96
159.09, 96
159.17, 96
159.64, 96
159.80, 96
159.80, 96
160.21, 96
160.21, 96
160.99, 96
160.99, 96
161.55, 96
162.24, 96
162.26, 96
162.26, 96
162.26, 96
164.03, 96
164.03, 96
164.47, 96
164.99, 96
165.66, 96
165.73, 96
165.74, 96
165.85, 96
166.02, 96
166.90, 96
167.98, 96
168.41, 96
168.41, 96
168.71, 96
170.10, 96
171.46, 96
171.47, 96
172.82, 96
173.28, 96
173.66, 96
174.19, 96
174.92, 96
174.95, 96
175.68, 96
176.31, 96
176.33, 96
176.42, 96
177.53, 96
177.66, 96
177.66, 96
178.32, 96
178.66, 96
178.67, 96
178.67, 96
178.82, 96
178.83, 96
178.96, 96
179.00, 96
179.00, 96
179.00, 96
179.49, 96
179.49, 96
180.18, 96
180.18, 96
180.48, 96
180.49, 96
180.50, 96
180.50, 96
181.18, 96
181.18, 96
181.18, 96
181.22, 96
181.25, 96
182.01, 96
182.02, 96
182.02, 96
182.02, 96
182.02, 96
182.03, 96
182.15, 96
182.15, 96
182.16, 96
182.16, 96
182.32, 96
182.88, 96
183.79, 96
183.79, 96
184.41, 96
184.41, 96
184.85, 96
184.85, 96
184.85, 96
184.91, 96
184.91, 96
184.91, 96
185.11, 96
185.42, 96
185.55, 96
186.22, 96
186.22, 96
186.36, 96
186.82, 96
186.94, 96
187.17, 96
187.87, 96
188.34, 96
188.59, 96
189.72, 96
189.84, 96
189.84, 96
190.32, 96
190.32, 96
190.32, 96
190.47, 96
190.63, 96
190.64, 96
190.83, 96
191.01, 96
191.01, 96
191.01, 96
191.03, 96
192.53, 96
192.54, 96
192.54, 96
192.59, 96
192.59, 96
192.59, 96
192.59, 96
194.34, 96
194.40, 96
194.40, 96
194.79, 96
196.15, 96
196.38, 96
196.67, 96
198.44, 96
198.70, 96
198.82, 96
199.52, 96
199.56, 96
199.56, 96
199.66, 96
200.89, 96
200.89, 96
201.17, 96
201.30, 96
202.35, 96
202.85, 96
202.85, 96
203.13, 96
203.54, 96
204.32, 96
204.32, 96
204.32, 96
204.33, 96
204.76, 96
204.76, 96
204.76, 96
204.76, 96
205.32, 96
205.78, 96
205.79, 96
205.79, 96
206.84, 96
207.03, 96
207.23, 96
207.51, 96
207.52, 96
207.53, 96
208.10, 96
208.10, 96
208.10, 96
208.80, 96
209.03, 96
209.03, 96
209.47, 96
209.72, 96
211.72, 96
211.78, 96
211.79, 96
212.05, 96
212.33, 96
213.04, 96
213.91, 96
213.91, 96
213.91, 96
213.91, 96
213.97, 96
213.97, 96
214.72, 96
215.42, 96
215.74, 96
216.48, 96
216.48, 96
217.06, 96
217.10, 96
217.65, 96
218.10, 96
218.10, 96
218.39, 96
218.39, 96
218.39, 96
218.90, 96
218.90, 96
218.99, 96
219.25, 96
219.70, 96
219.70, 96
219.70, 96
219.70, 96
219.75, 96
220.12, 96
220.38, 96
220.41, 96
220.59, 96
221.18, 96
221.18, 96
221.18, 96
221.18, 96
221.18, 96
221.74, 96
221.74, 96
221.85, 96
221.98, 96
221.98, 96
222.45, 96
222.45, 96
222.58, 96
222.59, 96
222.59, 96
222.59, 96
222.59, 96
222.95, 96
223.32, 96
223.32, 96
223.32, 96
223.32, 96
223.37, 96
223.65, 96
223.89, 96
224.40, 96
224.60, 96
224.81, 96
224.81, 96
224.96, 96
224.96, 96
224.96, 96
225.12, 96
225.12, 96
225.13, 96
225.20, 96
225.20, 96
225.39, 96
225.96, 96
225.96, 96
225.96, 96
225.96, 96
226.16, 96
226.16, 96
228.49, 96
228.49, 96
228.68, 96
229.50, 96
229.50, 96
229.51, 96
229.75, 96
229.75, 96
229.84, 96
229.86, 96
230.06, 96
230.06, 96
230.06, 96
230.06, 96
230.18, 96
230.18, 96
230.39, 96
231.13, 96
231.14, 96
232.08, 96
232.08, 96
232.59, 96
233.44, 96
233.66, 96
233.85, 96
233.85, 96
234.23, 96
234.23, 96
234.23, 96
234.26, 96
234.26, 96
234.26, 96
235.01, 96
235.01, 96
235.45, 96
237.11, 96
237.19, 96
237.19, 96
237.20, 96
237.20, 96
239.22, 96
240.07, 96
240.94, 96
240.94, 96
241.20, 96
241.20, 96
241.20, 96
242.58, 96
245.45, 96
245.45, 96
245.45, 96
245.45, 96
245.77, 96
245.77, 96
246.58, 96
246.91, 96
247.10, 96
247.31, 96
249.09, 96
249.09, 96
250.05, 96
250.40, 96
250.40, 96
250.40, 96
250.40, 96
250.54, 96
250.56, 96
250.95, 96
250.95, 96
250.95, 96
250.95, 96
250.95, 96
251.02, 96
251.02, 96
251.02, 96
251.24, 96
251.25, 96
251.26, 96
251.56, 96
252.10, 96
252.10, 96
252.87, 96
252.87, 96
252.87, 96
252.87, 96
252.97, 96
252.97, 96
252.98, 96
253.08, 96
253.08, 96
253.08, 96
253.08, 96
253.08, 96
253.50, 96
253.50, 96
253.50, 96
253.65, 96
253.65, 96
254.34, 96
254.54, 96
254.54, 96
254.55, 96
254.55, 96
254.79, 96
254.79, 96
254.79, 96
254.79, 96
256.47, 96
256.67, 96
256.67, 96
256.70, 96
256.70, 96
257.08, 96
257.71, 96
257.72, 96
257.72, 96
257.72, 96
257.73, 96
257.83, 96
257.83, 96
257.89, 96
258.14, 96
258.15, 96
258.36, 96
258.37, 96
258.37, 96
258.75, 96
259.16, 96
259.16, 96
259.30, 96
259.36, 96
259.40, 96
259.40, 96
259.40, 96
259.48, 96
259.48, 96
259.81, 96
259.81, 96
260.60, 96
260.61, 96
260.69, 96
261.18, 96
261.69, 96
261.73, 96
262.16, 96
262.16, 96
262.20, 96
263.04, 96
263.55, 96
263.80, 96
264.14, 96
264.35, 96
264.35, 96
265.81, 96
266.68, 96
266.98, 96
267.04, 96
267.04, 96
267.04, 96
267.19, 96
267.19, 96
267.62, 96
268.27, 96
268.60, 96
268.60, 96
269.08, 96
270.14, 96
270.14, 96
270.81, 96
270.81, 96
270.82, 96
270.88, 96
270.94, 96
271.32, 96
271.99, 96
272.58, 96
273.13, 96
273.58, 96
273.59, 96
273.63, 96
273.63, 96
274.16, 96
274.20, 96
274.20, 96
274.23, 96
274.54, 96
274.54, 96
274.67, 96
276.70, 96
276.91, 96
277.12, 96
277.37, 96
278.45, 96
278.45, 96
278.45, 96
279.37, 96
279.37, 96
279.37, 96
279.37, 96
279.39, 96
280.08, 96
280.20, 96
280.21, 96
282.53, 96
282.53, 96
282.71, 96
282.72, 96
282.88, 96
282.90, 96
283.41, 96
284.00, 96
284.00, 96
284.00, 96
285.37, 96
285.40, 96
285.41, 96
286.50, 96
286.50, 96
286.55, 96
286.74, 96
286.75, 96
287.26, 96
287.27, 96
287.27, 96
287.38, 96
287.67, 96
287.67, 96
289.26, 96
289.26, 96
289.32, 96
289.88, 96
290.27, 96
290.27, 96
290.36, 96
290.36, 96
290.99, 96
290.99, 96
290.99, 96
291.00, 96
291.00, 96
291.01, 96
291.18, 96
291.55, 96
292.41, 96
292.84, 96
292.84, 96
293.33, 96
293.77, 96
293.81, 96
294.21, 96
294.21, 96
294.32, 96
294.71, 96
295.52, 96
295.91, 96
295.91, 96
295.91, 96
296.63, 96
297.09, 96
297.32, 96
297.73, 96
297.73, 96
297.73, 96
297.73, 96
298.06, 96
298.20, 96
298.30, 96
298.30, 96
298.31, 96
298.82, 96
298.83, 96
298.83, 96
298.83, 96
298.83, 96
299.18, 96
299.18, 96
300.37, 96
300.37, 96
300.77, 96
300.84, 96
300.84, 96
300.95, 96
300.96, 96
301.04, 96
301.26, 96
302.29, 96
302.49, 96
302.98, 96
303.20, 96
303.46, 96
304.79, 96
304.79, 96
304.79, 96
304.79, 96
305.73, 96
305.74, 96
306.12, 96
306.31, 96
306.51, 96
307.11, 96
307.11, 96
307.11, 96
307.59, 96
308.95, 96
310.33, 96
310.58, 96
310.89, 96
310.89, 96
310.89, 96
311.20, 96
312.18, 96
312.28, 96
312.74, 96
313.20, 96
315.64, 96
316.24, 96
316.24, 96
316.24, 96
316.24, 96
316.24, 96
316.24, 96
316.24, 96
316.38, 96
316.45, 96
316.45, 96
316.45, 96
316.85, 96
316.90, 96
318.55, 96
318.55, 96
318.61, 96
318.61, 96
318.75, 96
319.22, 96
321.23, 96
321.64, 96
321.64, 96
322.13, 96
322.42, 96
322.82, 96
322.83, 96
322.83, 96
323.09, 96
323.30, 96
323.34, 96
323.35, 96
323.90, 96
323.90, 96
324.50, 96
325.20, 96
325.20, 96
325.25, 96
325.33, 96
325.33, 96
325.33, 96
325.33, 96
326.19, 96
326.19, 96
326.76, 96
326.76, 96
326.89, 96
328.13, 96
328.19, 96
328.20, 96
328.26, 96
328.83, 96
328.83, 96
329.08, 96
329.08, 96
329.08, 96
329.08, 96
329.84, 96
329.84, 96
329.84, 96
329.84, 96
329.84, 96
329.89, 96
329.89, 96
329.89, 96
331.12, 96
331.12, 96
331.32, 96
331.32, 96
332.14, 96
332.14, 96
332.14, 96
332.36, 96
332.96, 96
333.24, 96
333.24, 96
333.25, 96
333.84, 96
334.35, 96
334.37, 96
334.37, 96
334.61, 96
335.18, 96
335.18, 96
335.27, 96
335.81, 96
336.31, 96
336.42, 96
336.67, 96
337.28, 96
337.41, 96
337.90, 96
337.90, 96
337.90, 96
338.46, 96
338.52, 96
338.95, 96
338.95, 96
341.45, 96
341.89, 96
341.89, 96
341.90, 96
343.55, 96
343.56, 96
344.00, 96
344.89, 96
344.89, 96
345.20, 96
345.25, 96
345.25, 96
347.62, 96
349.10, 96
350.01, 96
350.25, 96
350.76, 96
351.09, 96
351.28, 96
351.28, 96
351.28, 96
351.28, 96
351.52, 96
351.77, 96
352.62, 96
353.45, 96
353.46, 96
353.46, 96
353.64, 96
354.13, 96
356.00, 96
356.12, 96
356.12, 96
356.91, 96
356.91, 96
356.91, 96
356.92, 96
356.92, 96
357.06, 96
357.06, 96
357.23, 96
357.23, 96
357.43, 96
358.27, 96
358.60, 96
360.43, 96
360.57, 96
361.84, 96
361.85, 96
361.85, 96
361.86, 96
361.99, 96
362.00, 96
362.04, 96
362.04, 96
362.04, 96
362.21, 96
362.64, 96
363.44, 96
363.53, 96
363.79, 96
364.93, 96
365.66, 96
366.05, 96
366.06, 96
366.16, 96
366.62, 96
367.08, 96
367.75, 96
368.80, 96
368.84, 96
368.84, 96
369.65, 96
369.73, 96
369.74, 96
370.26, 96
370.26, 96
370.27, 96
370.27, 96
370.27, 96
370.27, 96
370.27, 96
372.23, 96
372.23, 96
372.26, 96
372.62, 96
372.95, 96
372.95, 96
373.22, 96
373.22, 96
373.22, 96
373.22, 96
373.45, 96
374.11, 96
374.78, 96
374.84, 96
374.84, 96
374.84, 96
374.86, 96
374.86, 96
374.86, 96
376.33, 96
376.65, 96
376.66, 96
377.93, 96
378.67, 96
379.40, 96
379.40, 96
379.40, 96
379.51, 96
379.51, 96
380.00, 96
380.92, 96
380.92, 96
380.92, 96
380.92, 96
380.92, 96
381.22, 96
381.46, 96
381.98, 96
382.06, 96
382.10, 96
382.50, 96
383.21, 96
383.21, 96
383.61, 96
383.76, 96
384.89, 96
384.89, 96
385.32, 96
386.05, 96
386.73, 96
386.73, 96
386.78, 96
386.78, 96
387.17, 96
387.76, 96
387.76, 96
387.77, 96
388.10, 96
388.20, 96
388.20, 96
388.21, 96
389.33, 96
389.33, 96
389.33, 96
389.50, 96
389.61, 96
389.61, 96
389.61, 96
389.61, 96
389.61, 96
389.62, 96
389.62, 96
389.62, 96
389.62, 96
389.62, 96
390.54, 96
390.61, 96
390.86, 96
390.86, 96
391.07, 96
391.13, 96
392.02, 96
392.85, 96
392.88, 96
392.88, 96
393.20, 96
393.20, 96
394.56, 96
394.63, 96
394.64, 96
394.89, 96
395.31, 96
396.03, 96
396.65, 96
397.38, 96
399.31, 96
399.78, 96
401.67, 96
402.34, 96
403.53, 96
404.17, 96
404.17, 96
404.33, 96
404.56, 96
404.64, 96
405.53, 96
405.53, 96
405.54, 96
405.60, 96
406.02, 96
406.02, 96
406.15, 96
406.41, 96
407.09, 96
407.91, 96
407.92, 96
408.72, 96
409.17, 96
409.43, 96
409.43, 96
409.43, 96
409.43, 96
409.49, 96
409.49, 96
409.49, 96
409.49, 96
409.50, 96
409.51, 96
409.51, 96
410.15, 96
410.24, 96
410.32, 96
410.85, 96
410.85, 96
411.36, 96
411.36, 96
411.36, 96
412.36, 96
413.27, 96
413.27, 96
413.38, 96
413.38, 96
413.39, 96
414.34, 96
414.61, 96
414.90, 96
414.90, 96
415.56, 96
415.56, 96
415.56, 96
415.57, 96
415.75, 96
416.31, 96
416.32, 96
416.32, 96
416.65, 96
416.65, 96
416.66, 96
416.66, 96
416.77, 96
416.77, 96
416.77, 96
417.62, 96
418.48, 96
418.48, 96
419.03, 96
419.48, 96
419.48, 96
419.48, 96
419.48, 96
420.34, 96
420.34, 96
420.61, 96
421.17, 96
421.17, 96
421.17, 96
421.86, 96
421.86, 96
422.73, 96
422.73, 96
422.73, 96
422.73, 96
424.07, 96
424.27, 96
424.28, 96
425.16, 96
426.44, 96
426.71, 96
426.71, 96
426.72, 96
427.09, 96
427.72, 96
427.87, 96
428.25, 96
428.42, 96
428.42, 96
428.51, 96
428.69, 96
428.69, 96
428.88, 96
428.88, 96
429.52, 96
429.52, 96
429.68, 96
429.68, 96
429.79, 96
430.03, 96
430.41, 96
430.52, 96
430.52, 96
430.52, 96
430.52, 96
430.59, 96
430.82, 96
430.82, 96
431.16, 96
431.46, 96
433.37, 96
433.37, 96
433.45, 96
433.68, 96
433.68, 96
433.92, 96
434.17, 96
434.51, 96
434.62, 96
434.66, 96
435.43, 96
435.70, 96
435.70, 96
435.79, 96
435.80, 96
436.55, 96
436.76, 96
436.76, 96
436.76, 96
436.76, 96
436.77, 96
436.77, 96
436.80, 96
436.89, 96
437.02, 96
437.65, 96
437.92, 96
437.92, 96
437.93, 96
437.93, 96
437.93, 96
437.93, 96
437.95, 96
440.90, 96
440.91, 96
440.91, 96
440.91, 96
440.91, 96
441.15, 96
441.15, 96
441.15, 96
441.20, 96
441.20, 96
441.56, 96
442.01, 96
442.02, 96
442.22, 96
442.23, 96
442.23, 96
442.36, 96
442.51, 96
442.51, 96
442.51, 96
443.14, 96
444.94, 96
445.02, 96
445.55, 96
445.55, 96
446.24, 96
447.51, 96
447.73, 96
447.86, 96
448.58, 96
448.63, 96
448.63, 96
448.76, 96
448.76, 96
449.64, 96
449.65, 96
449.65, 96
450.75, 96
450.76, 96
451.92, 96
451.93, 96
451.94, 96
451.94, 96
451.94, 96
452.21, 96
452.21, 96
452.53, 96
452.74, 96
452.74, 96
452.74, 96
455.11, 96
455.82, 96
455.82, 96
455.82, 96
455.82, 96
455.82, 96
456.10, 96
456.10, 96
456.15, 96
456.33, 96
456.53, 96
456.86, 96
456.86, 96
456.86, 96
457.26, 96
457.66, 96
458.88, 96
458.88, 96
459.86, 96
460.85, 96
461.14, 96
461.81, 96
461.81, 96
462.16, 96
463.41, 96
463.41, 96
463.41, 96
463.46, 96
463.46, 96
463.46, 96
463.46, 96
463.46, 96
463.46, 96
463.46, 96
463.47, 96
463.47, 96
463.47, 96
463.74, 96
463.74, 96
463.74, 96
464.11, 96
464.51, 96
464.73, 96
465.05, 96
465.33, 96
465.33, 96
465.41, 96
466.12, 96
467.86, 96
468.07, 96
468.71, 96
468.71, 96
468.71, 96
468.71, 96
469.45, 96
469.45, 96
469.45, 96
469.45, 96
470.41, 96
470.41, 96
470.41, 96
470.47, 96
470.47, 96
470.48, 96
470.48, 96
470.50, 96
470.50, 96
470.72, 96
470.86, 96
470.86, 96
470.86, 96
471.01, 96
471.14, 96
472.13, 96
472.76, 96
473.09, 96
473.79, 96
473.80, 96
474.00, 96
474.09, 96
474.09, 96
475.12, 96
475.20, 96
475.20, 96
476.02, 96
477.63, 96
478.39, 96
478.39, 96
478.47, 96
479.37, 96
479.37, 96
479.37, 96
479.99, 96
479.99, 96
480.13, 96
480.13, 96
480.26, 96
480.26, 96
480.88, 96
480.88, 96
480.88, 96
480.88, 96
480.88, 96
480.90, 96
480.90, 96
481.27, 96
481.27, 96
481.83, 96
483.05, 96
483.56, 96
484.15, 96
484.29, 96
484.30, 96
484.96, 96
485.11, 96
485.12, 96
485.12, 96
485.12, 96
485.23, 96
485.23, 96
485.33, 96
485.35, 96
486.06, 96
486.06, 96
486.06, 96
486.12, 96
486.12, 96
486.21, 96
486.21, 96
487.14, 96
487.52, 96
487.95, 96
488.17, 96
488.65, 96
488.65, 96
488.73, 96
488.73, 96
488.74, 96
488.75, 96
488.94, 96
489.58, 96
491.08, 96
491.30, 96
491.30, 96
491.30, 96
491.50, 96
492.88, 96
493.39, 96
493.45, 96
493.45, 96
493.45, 96
493.46, 96
493.63, 96
493.77, 96
493.78, 96
493.93, 96
494.01, 96
494.41, 96
494.54, 96
494.54, 96
494.54, 96
494.54, 96
494.55, 96
494.55, 96
494.66, 96
495.00, 96
495.00, 96
495.00, 96
495.92, 96
496.65, 96
496.72, 96
496.78, 96
497.51, 96
498.32, 96
498.35, 96
498.72, 96
498.75, 96
498.75, 96
498.92, 96
498.92, 96
499.65, 96
499.88, 96
500.16, 96
501.47, 96
501.51, 96
501.58, 96
501.58, 96
502.10, 96
502.60, 96
502.60, 96
503.09, 96
503.09, 96
503.09, 96
503.09, 96
503.09, 96
503.09, 96
503.09, 96
503.09, 96
503.09, 96
503.34, 96
503.47, 96
503.58, 96
503.58, 96
504.32, 96
505.33, 96
505.33, 96
505.34, 96
505.34, 96
505.54, 96
506.14, 96
506.40, 96
506.40, 96
506.63, 96
506.63, 96
507.04, 96
508.01, 96
508.35, 96
508.36, 96
508.72, 96
508.72, 96
509.28, 96
509.28, 96
509.28, 96
509.28, 96
509.45, 96
509.45, 96
509.45, 96
509.46, 96
509.51, 96
509.75, 96
509.75, 96
509.75, 96
509.75, 96
510.84, 96
511.01, 96
511.01, 96
511.67, 96
511.67, 96
511.81, 96
511.82, 96
511.82, 96
511.82, 96
511.83, 96
513.52, 96
513.53, 96
513.56, 96
513.99, 96
513.99, 96
514.43, 96
514.43, 96
514.76, 96
515.14, 96
516.31, 96
517.11, 96
517.11, 96
518.54, 96
518.54, 96
518.76, 96
518.76, 96
518.99, 96
519.21, 96
519.21, 96
519.62, 96
519.71, 96
519.71, 96
519.71, 96
519.71, 96
519.90, 96
520.06, 96
520.59, 96
520.59, 96
520.59, 96
520.59, 96
520.87, 96
521.12, 96
521.60, 96
521.60, 96
522.42, 96
522.83, 96
523.79, 96
523.94, 96
523.95, 96
524.59, 96
524.77, 96
524.77, 96
524.77, 96
525.01, 96
525.96, 96
525.96, 96
525.96, 96
525.96, 96
525.96, 96
527.08, 96
527.54, 96
527.80, 96
527.80, 96
527.83, 96
529.08, 96
529.09, 96
529.09, 96
529.13, 96
531.24, 96
531.24, 96
531.24, 96
531.48, 96
532.06, 96
532.06, 96
532.06, 96
532.13, 96
532.49, 96
532.49, 96
532.49, 96
532.58, 96
532.60, 96
532.74, 96
533.17, 96
533.39, 96
533.39, 96
533.78, 96
534.41, 96
534.62, 96
534.87, 96
534.93, 96
535.61, 96
535.76, 96
535.77, 96
535.77, 96
536.02, 96
537.10, 96
537.10, 96
537.75, 96
537.75, 96
537.75, 96
537.75, 96
537.75, 96
537.75, 96
538.53, 96
539.20, 96
539.20, 96
540.57, 96
540.57, 96
540.57, 96
540.78, 96
540.91, 96
541.32, 96
542.82, 96
542.84, 96
543.36, 96
543.45, 96
544.07, 96
544.07, 96
544.57, 96
546.05, 96
546.05, 96
546.09, 96
546.19, 96
546.20, 96
546.20, 96
546.20, 96
546.20, 96
546.35, 96
546.49, 96
546.74, 96
546.83, 96
547.55, 96
547.57, 96
548.10, 96
548.40, 96
548.49, 96
548.49, 96
548.65, 96
549.19, 96
549.43, 96
549.64, 96
549.82, 96
549.82, 96
550.78, 96
550.78, 96
550.78, 96
550.78, 96
550.99, 96
551.29, 96
551.29, 96
551.92, 96
551.92, 96
552.30, 96
552.30, 96
553.42, 96
553.42, 96
553.86, 96
554.64, 96
554.64, 96
555.34, 96
555.35, 96
555.76, 96
555.79, 96
555.79, 96
555.86, 96
555.99, 96
557.57, 96
557.57, 96
557.57, 96
557.98, 96
558.34, 96
558.53, 96
558.58, 96
558.61, 96
558.62, 96
558.92, 96
559.02, 96
559.24, 96
559.78, 96
559.96, 96
559.96, 96
560.32, 96
560.64, 96
560.66, 96
560.73, 96
562.16, 96
562.16, 96
562.16, 96
562.31, 96
562.31, 96
563.07, 96
563.32, 96
563.41, 96
563.42, 96
564.59, 96
564.68, 96
564.99, 96
566.90, 96
567.54, 96
567.80, 96
567.81, 96
567.81, 96
567.90, 96
567.90, 96
568.13, 96
568.13, 96
568.13, 96
568.13, 96
568.16, 96
568.16, 96
568.41, 96
568.41, 96
568.51, 96
569.06, 96
569.92, 96
569.97, 96
570.01, 96
570.01, 96
570.60, 96
571.02, 96
571.02, 96
571.40, 96
571.40, 96
571.42, 96
573.23, 96
573.23, 96
573.23, 96
574.11, 96
574.41, 96
574.89, 96
575.06, 96
575.29, 96
575.29, 96
575.48, 96
575.71, 96
575.96, 96
575.96, 96
576.47, 96
576.47, 96
576.47, 96
576.59, 96
576.59, 96
576.93, 96
577.12, 96
577.17, 96
577.17, 96
577.39, 96
577.44, 96
577.49, 96
577.49, 96
577.49, 96
577.49, 96
577.50, 96
577.50, 96
578.10, 96
578.66, 96
578.66, 96
578.74, 96
578.74, 96
578.75, 96
578.97, 96
579.49, 96
580.50, 96
582.58, 96
582.66, 96
583.20, 96
583.68, 96
583.76, 96
587.29, 96
587.29, 96
587.56, 96
588.65, 96
588.65, 96
588.72, 96
589.04, 96
589.18, 96
589.52, 96
589.53, 96
589.53, 96
589.53, 96
590.14, 96
590.61, 96
590.61, 96
590.61, 96
590.93, 96
590.93, 96
591.09, 96
591.10, 96
591.10, 96
591.36, 96
592.19, 96
592.37, 96
592.37, 96
592.75, 96
592.75, 96
593.41, 96
593.41, 96
593.60, 96
593.68, 96
593.69, 96
594.38, 96
594.48, 96
594.48, 96
594.82, 96
594.82, 96
594.82, 96
594.82, 96
594.96, 96
594.99, 96
595.32, 96
595.39, 96
595.39, 96
595.39, 96
595.40, 96
595.44, 96
595.45, 96
595.46, 96
595.46, 96
596.05, 96
596.32, 96
596.41, 96
596.42, 96
596.51, 96
597.14, 96
597.33, 96
597.33, 96
597.34, 96
597.76, 96
597.76, 96
597.98, 96
597.98, 96
598.08, 96
598.08, 96
598.10, 96
598.11, 96
598.15, 96
598.15, 96
598.15, 96
598.49, 96
598.67, 96
599.61, 96
599.95, 96
