0.00, 102
0.01, 99
0.01, 99
0.01, 99
0.01, 99
0.01, 98
0.01, 98
0.02, 98
0.03, 98
0.04, 98
0.04, 97
0.05, 97
0.06, 97
0.07, 97
0.10, 97
0.11, 97
0.14, 97
0.14, 97
0.14, 97
0.26, 97
0.27, 97
0.33, 97
0.35, 97
0.36, 97
0.36, 97
0.42, 97
0.43, 97
0.43, 97
0.50, 97
0.51, 97
0.51, 97
0.55, 97
0.57, 97
0.57, 97
0.61, 97
0.61, 97
0.61, 97
0.62, 97
0.62, 97
0.62, 97
0.62, 97
0.62, 97
0.67, 97
0.68, 97
0.68, 97
0.68, 96
1.34, 96
2.36, 96
2.46, 96
2.53, 96
2.53, 96
3.66, 96
5.62, 96
5.84, 96
6.58, 96
6.64, 96
6.84, 96
6.85, 96
7.30, 96
8.20, 96
8.22, 96
8.22, 96
8.41, 96
8.41, 96
9.63, 96
9.89, 96
9.89, 96
10.13, 96
10.80, 96
11.82, 96
11.93, 96
13.32, 96
13.32, 96
13.59, 96
13.59, 96
14.09, 96
14.27, 96
14.27, 96
14.70, 96
14.70, 96
15.09, 96
15.09, 96
15.09, 96
15.46, 96
15.53, 96
15.56, 96
15.59, 96
15.62, 96
16.63, 96
16.64, 96
16.72, 96
16.72, 96
16.89, 96
16.89, 96
17.08, 96
17.08, 96
17.08, 96
17.32, 96
17.32, 96
17.88, 96
17.89, 96
17.89, 96
17.90, 96
17.90, 96
17.90, 96
17.90, 96
18.85, 96
18.85, 96
18.86, 96
19.43, 96
19.62, 96
19.62, 96
19.63, 96
20.13, 96
20.98, 96
21.55, 96
21.55, 96
22.14, 96
24.79, 96
24.79, 96
24.96, 96
25.02, 96
25.03, 96
25.03, 96
25.45, 96
25.55, 96
25.86, 96
26.33, 96
26.61, 96
26.61, 96
26.80, 96
26.90, 96
27.00, 96
27.06, 96
27.09, 96
27.09, 96
27.17, 96
28.79, 96
29.05, 96
29.05, 96
29.05, 96
29.93, 96
31.03, 96
31.08, 96
31.08, 96
31.08, 96
31.08, 96
31.29, 96
31.64, 96
31.87, 96
31.88, 96
31.88, 96
32.32, 96
32.32, 96
32.48, 96
34.29, 96
34.39, 96
34.92, 96
34.92, 96
35.07, 96
35.58, 96
35.58, 96
35.58, 96
35.77, 96
35.91, 96
35.95, 96
36.81, 96
36.81, 96
36.81, 96
36.81, 96
36.81, 96
36.86, 96
37.93, 96
38.68, 96
38.68, 96
38.94, 96
39.03, 96
40.19, 96
40.19, 96
40.19, 96
40.20, 96
40.20, 96
40.24, 96
40.53, 96
40.59, 96
41.22, 96
41.22, 96
41.33, 96
41.97, 96
42.13, 96
42.13, 96
42.22, 96
42.38, 96
44.12, 96
45.03, 96
45.03, 96
45.19, 96
45.20, 96
45.25, 96
45.25, 96
45.77, 96
45.83, 96
45.83, 96
45.92, 96
45.92, 96
45.92, 96
45.98, 96
45.98, 96
45.98, 96
46.22, 96
46.24, 96
46.24, 96
46.48, 96
46.48, 96
46.96, 96
47.10, 96
47.48, 96
48.26, 96
48.30, 96
49.43, 96
50.72, 96
50.72, 96
51.01, 96
51.17, 96
51.80, 96
52.69, 96
52.69, 96
52.69, 96
53.05, 96
53.05, 96
53.23, 96
53.23, 96
53.23, 96
53.78, 96
53.78, 96
54.44, 96
54.47, 96
54.50, 96
55.04, 96
55.04, 96
55.17, 96
55.17, 96
56.10, 96
56.45, 96
56.46, 96
56.46, 96
56.46, 96
56.49, 96
56.63, 96
56.66, 96
56.67, 96
56.90, 96
56.90, 96
56.90, 96
56.90, 96
56.90, 96
56.90, 96
57.39, 96
57.39, 96
57.39, 96
58.12, 96
58.13, 96
58.79, 96
58.79, 96
59.43, 96
59.53, 96
59.53, 96
59.63, 96
59.63, 96
59.63, 96
59.63, 96
60.08, 96
60.08, 96
60.36, 96
60.36, 96
60.61, 96
60.61, 96
61.53, 96
61.53, 96
61.53, 96
61.53, 96
61.53, 96
61.78, 96
61.78, 96
62.88, 96
62.88, 96
63.40, 96
63.71, 96
63.71, 96
64.51, 96
64.80, 96
64.80, 96
65.16, 96
65.49, 96
66.70, 96
67.06, 96
67.06, 96
67.54, 96
67.70, 96
68.14, 96
68.14, 96
68.49, 96
69.06, 96
69.06, 96
69.06, 96
69.34, 96
70.12, 96
72.07, 96
72.13, 96
72.13, 96
72.58, 96
72.58, 96
72.97, 96
73.14, 96
73.14, 96
73.51, 96
73.91, 96
73.91, 96
73.92, 96
73.92, 96
75.10, 96
75.23, 96
75.57, 96
76.62, 96
77.07, 96
77.49, 96
77.96, 96
77.96, 96
78.35, 96
79.04, 96
79.04, 96
79.30, 96
79.30, 96
80.26, 96
80.26, 96
80.75, 96
80.86, 96
80.89, 96
80.89, 96
80.89, 96
81.01, 96
81.30, 96
82.11, 96
82.11, 96
82.11, 96
82.20, 96
82.20, 96
82.20, 96
82.20, 96
82.20, 96
82.21, 96
82.31, 96
82.31, 96
84.17, 96
84.17, 96
84.17, 96
84.18, 96
84.91, 96
85.14, 96
85.26, 96
86.06, 96
86.06, 96
86.39, 96
86.53, 96
86.78, 96
86.85, 96
87.00, 96
87.00, 96
87.40, 96
87.70, 96
87.90, 96
88.01, 96
88.27, 96
88.27, 96
89.12, 96
89.12, 96
89.14, 96
90.73, 96
90.73, 96
90.75, 96
91.51, 96
91.51, 96
91.51, 96
91.86, 96
92.26, 96
93.09, 96
93.09, 96
93.71, 96
94.97, 96
95.86, 96
95.87, 96
96.15, 96
96.59, 96
96.59, 96
98.90, 96
98.92, 96
98.92, 96
99.34, 96
99.62, 96
99.62, 96
99.62, 96
99.63, 96
99.70, 96
99.79, 96
99.80, 96
99.80, 96
101.41, 96
101.41, 96
101.57, 96
101.57, 96
101.57, 96
102.10, 96
102.70, 96
102.70, 96
102.77, 96
102.81, 96
102.81, 96
102.81, 96
102.81, 96
103.53, 96
105.40, 96
105.40, 96
106.03, 96
106.03, 96
106.03, 96
106.07, 96
106.08, 96
106.08, 96
106.16, 96
106.16, 96
106.45, 96
106.88, 96
106.97, 96
107.65, 96
107.80, 96
107.80, 96
107.80, 96
107.80, 96
107.80, 96
108.46, 96
108.46, 96
108.46, 96
108.46, 96
108.46, 96
108.90, 96
108.90, 96
110.21, 96
110.21, 96
110.97, 96
110.97, 96
111.20, 96
111.49, 96
113.09, 96
113.98, 96
113.99, 96
113.99, 96
114.00, 96
114.00, 96
114.00, 96
115.34, 96
115.34, 96
115.34, 96
115.60, 96
115.60, 96
115.61, 96
115.61, 96
115.73, 96
115.95, 96
115.95, 96
115.95, 96
115.95, 96
115.95, 96
115.95, 96
116.48, 96
116.48, 96
118.18, 96
118.18, 96
118.18, 96
119.68, 96
119.91, 96
120.09, 96
120.47, 96
120.47, 96
120.47, 96
120.61, 96
120.61, 96
120.61, 96
120.62, 96
120.63, 96
120.64, 96
121.16, 96
121.43, 96
121.75, 96
121.79, 96
121.79, 96
122.36, 96
122.60, 96
123.35, 96
123.72, 96
124.10, 96
124.15, 96
124.15, 96
124.15, 96
124.15, 96
124.53, 96
124.85, 96
124.86, 96
124.86, 96
124.86, 96
124.86, 96
124.87, 96
125.12, 96
125.12, 96
125.14, 96
125.18, 96
125.18, 96
125.19, 96
125.54, 96
125.95, 96
125.95, 96
126.23, 96
126.98, 96
126.98, 96
127.75, 96
127.87, 96
127.87, 96
128.02, 96
128.19, 96
128.21, 96
128.21, 96
129.20, 96
129.43, 96
130.04, 96
130.04, 96
130.23, 96
130.97, 96
130.97, 96
131.04, 96
131.49, 96
131.67, 96
131.68, 96
132.02, 96
132.02, 96
132.64, 96
132.64, 96
133.30, 96
133.76, 96
133.76, 96
133.76, 96
133.76, 96
135.12, 96
135.12, 96
135.52, 96
136.00, 96
136.50, 96
136.54, 96
136.54, 96
136.63, 96
136.79, 96
137.58, 96
138.37, 96
138.81, 96
138.81, 96
139.06, 96
139.89, 96
140.84, 96
140.85, 96
141.79, 96
142.13, 96
142.33, 96
142.70, 96
143.37, 96
143.37, 96
143.87, 96
144.32, 96
144.32, 96
144.40, 96
145.38, 96
145.47, 96
145.47, 96
146.07, 96
146.41, 96
146.41, 96
146.41, 96
146.54, 96
146.55, 96
146.64, 96
146.68, 96
146.69, 96
146.69, 96
147.16, 96
147.16, 96
147.88, 96
147.88, 96
148.06, 96
148.06, 96
148.07, 96
148.07, 96
148.77, 96
148.77, 96
148.77, 96
148.82, 96
148.84, 96
149.51, 96
149.51, 96
149.51, 96
149.51, 96
149.51, 96
149.54, 96
149.65, 96
149.65, 96
149.66, 96
149.66, 96
149.81, 96
150.29, 96
151.17, 96
151.17, 96
151.78, 96
151.78, 96
152.18, 96
152.18, 96
152.18, 96
152.23, 96
152.23, 96
152.23, 96
152.41, 96
152.67, 96
152.77, 96
153.51, 96
153.51, 96
153.62, 96
154.10, 96
154.20, 96
154.39, 96
155.07, 96
155.48, 96
155.76, 96
156.64, 96
156.71, 96
156.71, 96
157.05, 96
157.06, 96
157.06, 96
157.15, 96
157.27, 96
157.27, 96
157.42, 96
157.58, 96
157.58, 96
157.58, 96
157.59, 96
158.72, 96
158.72, 96
158.72, 96
158.75, 96
158.75, 96
158.75, 96
158.75, 96
160.40, 96
160.46, 96
160.46, 96
160.73, 96
161.96, 96
162.13, 96
162.40, 96
163.95, 96
164.20, 96
164.32, 96
165.01, 96
165.04, 96
165.04, 96
165.15, 96
166.17, 96
166.17, 96
166.43, 96
166.57, 96
167.58, 96
167.95, 96
167.95, 96
168.28, 96
168.68, 96
169.34, 96
169.34, 96
169.34, 96
169.36, 96
169.80, 96
169.80, 96
169.80, 96
169.80, 96
170.32, 96
170.70, 96
170.72, 96
170.72, 96
171.74, 96
171.94, 96
172.14, 96
172.39, 96
172.39, 96
172.40, 96
172.93, 96
172.93, 96
172.93, 96
173.65, 96
173.85, 96
173.86, 96
174.28, 96
174.53, 96
176.03, 96
176.07, 96
176.07, 96
176.34, 96
176.61, 96
177.25, 96
178.00, 96
178.00, 96
178.00, 96
178.00, 96
178.05, 96
178.05, 96
178.50, 96
179.08, 96
179.35, 96
180.05, 96
180.05, 96
180.58, 96
180.62, 96
181.17, 96
181.63, 96
181.63, 96
181.91, 96
181.91, 96
181.92, 96
182.45, 96
182.45, 96
182.54, 96
182.90, 96
183.43, 96
183.43, 96
183.43, 96
183.43, 96
183.49, 96
183.84, 96
184.06, 96
184.07, 96
184.20, 96
184.73, 96
184.73, 96
184.73, 96
184.73, 96
184.73, 96
185.29, 96
185.29, 96
185.40, 96
185.49, 96
185.49, 96
185.98, 96
185.98, 96
186.12, 96
186.12, 96
186.12, 96
186.13, 96
186.13, 96
186.41, 96
186.76, 96
186.76, 96
186.76, 96
186.76, 96
186.82, 96
187.06, 96
187.28, 96
187.78, 96
187.98, 96
188.23, 96
188.23, 96
188.41, 96
188.41, 96
188.41, 96
188.59, 96
188.59, 96
188.59, 96
188.66, 96
188.68, 96
188.85, 96
189.45, 96
189.45, 96
189.45, 96
189.45, 96
189.66, 96
189.66, 96
192.02, 96
192.02, 96
192.22, 96
193.13, 96
193.13, 96
193.13, 96
193.40, 96
193.40, 96
193.50, 96
193.54, 96
193.73, 96
193.73, 96
193.74, 96
193.74, 96
193.85, 96
193.85, 96
194.05, 96
194.76, 96
194.76, 96
195.65, 96
195.66, 96
196.13, 96
196.94, 96
197.14, 96
197.33, 96
197.33, 96
197.69, 96
197.69, 96
197.69, 96
197.72, 96
197.72, 96
197.72, 96
198.46, 96
198.46, 96
198.83, 96
200.04, 96
200.10, 96
200.10, 96
200.10, 96
200.10, 96
201.14, 96
201.56, 96
202.02, 96
202.02, 96
202.12, 96
202.12, 96
202.12, 96
203.17, 96
205.21, 96
205.21, 96
205.21, 96
205.21, 96
205.47, 96
205.47, 96
206.08, 96
206.37, 96
206.57, 96
206.75, 96
208.50, 96
208.50, 96
209.38, 96
209.69, 96
209.69, 96
209.69, 96
209.69, 96
209.79, 96
209.81, 96
210.16, 96
210.16, 96
210.16, 96
210.16, 96
210.16, 96
210.21, 96
210.21, 96
210.21, 96
210.43, 96
210.44, 96
210.44, 96
210.74, 96
211.25, 96
211.25, 96
211.94, 96
211.94, 96
211.94, 96
211.94, 96
212.03, 96
212.03, 96
212.03, 96
212.13, 96
212.13, 96
212.13, 96
212.13, 96
212.13, 96
212.52, 96
212.52, 96
212.52, 96
212.66, 96
212.66, 96
213.32, 96
213.55, 96
213.55, 96
213.55, 96
213.55, 96
213.77, 96
213.77, 96
213.77, 96
213.77, 96
215.19, 96
215.38, 96
215.38, 96
215.41, 96
215.41, 96
215.79, 96
216.34, 96
216.35, 96
216.35, 96
216.35, 96
216.35, 96
216.45, 96
216.45, 96
216.50, 96
216.78, 96
216.78, 96
216.99, 96
216.99, 96
216.99, 96
217.35, 96
217.76, 96
217.76, 96
217.91, 96
217.97, 96
218.02, 96
218.02, 96
218.02, 96
218.12, 96
218.12, 96
218.51, 96
218.51, 96
219.19, 96
219.19, 96
219.26, 96
219.72, 96
220.21, 96
220.23, 96
220.67, 96
220.68, 96
220.72, 96
221.51, 96
222.02, 96
222.28, 96
222.59, 96
222.79, 96
222.79, 96
224.27, 96
225.09, 96
225.40, 96
225.46, 96
225.47, 96
225.47, 96
225.63, 96
225.63, 96
226.01, 96
226.68, 96
226.99, 96
227.00, 96
227.49, 96
228.65, 96
228.66, 96
229.26, 96
229.26, 96
229.26, 96
229.33, 96
229.36, 96
229.63, 96
230.28, 96
230.84, 96
231.38, 96
231.82, 96
231.82, 96
231.86, 96
231.86, 96
232.41, 96
232.45, 96
232.45, 96
232.48, 96
232.75, 96
232.75, 96
232.89, 96
234.76, 96
234.93, 96
235.14, 96
235.39, 96
236.41, 96
236.41, 96
236.41, 96
237.30, 96
237.30, 96
237.30, 96
237.30, 96
237.32, 96
238.00, 96
238.13, 96
238.16, 96
240.41, 96
240.41, 96
240.58, 96
240.58, 96
240.76, 96
240.78, 96
241.30, 96
241.85, 96
241.85, 96
241.85, 96
243.21, 96
243.25, 96
243.25, 96
244.31, 96
244.31, 96
244.36, 96
244.52, 96
244.53, 96
245.04, 96
245.05, 96
245.05, 96
245.15, 96
245.42, 96
245.42, 96
246.62, 96
246.62, 96
246.66, 96
247.10, 96
247.40, 96
247.40, 96
247.46, 96
247.46, 96
247.93, 96
247.93, 96
247.93, 96
247.93, 96
247.93, 96
247.94, 96
248.08, 96
248.39, 96
249.09, 96
249.39, 96
249.39, 96
249.74, 96
250.06, 96
250.08, 96
250.34, 96
250.34, 96
250.42, 96
250.73, 96
251.34, 96
251.61, 96
251.61, 96
251.61, 96
252.17, 96
252.49, 96
252.66, 96
253.01, 96
253.02, 96
253.02, 96
253.02, 96
253.30, 96
253.42, 96
253.52, 96
253.52, 96
253.52, 96
253.92, 96
253.92, 96
253.92, 96
253.92, 96
253.92, 96
254.15, 96
254.15, 96
254.95, 96
254.95, 96
255.27, 96
255.32, 96
255.32, 96
255.41, 96
255.41, 96
255.47, 96
255.65, 96
256.48, 96
256.66, 96
257.18, 96
257.40, 96
257.66, 96
259.12, 96
259.12, 96
259.12, 96
259.12, 96
260.02, 96
260.02, 96
260.34, 96
260.47, 96
260.63, 96
261.30, 96
261.30, 96
261.30, 96
261.75, 96
263.18, 96
264.22, 96
264.36, 96
264.59, 96
264.59, 96
264.59, 96
264.82, 96
265.53, 96
265.60, 96
265.95, 96
266.28, 96
268.22, 96
268.73, 96
268.73, 96
268.73, 96
268.73, 96
268.73, 96
268.73, 96
268.73, 96
268.80, 96
268.86, 96
268.86, 96
268.86, 96
269.13, 96
269.18, 96
270.39, 96
270.39, 96
270.44, 96
270.44, 96
270.55, 96
270.88, 96
272.44, 96
272.75, 96
272.75, 96
273.15, 96
273.42, 96
273.76, 96
273.77, 96
273.77, 96
273.97, 96
274.13, 96
274.16, 96
274.17, 96
274.62, 96
274.62, 96
275.13, 96
275.64, 96
275.64, 96
275.68, 96
275.74, 96
275.74, 96
275.74, 96
275.74, 96
276.46, 96
276.46, 96
276.95, 96
276.95, 96
277.06, 96
278.21, 96
278.28, 96
278.28, 96
278.38, 96
278.89, 96
278.89, 96
279.13, 96
279.13, 96
279.13, 96
279.13, 96
279.86, 96
279.86, 96
279.86, 96
279.86, 96
279.86, 96
279.90, 96
279.90, 96
279.90, 96
280.99, 96
281.00, 96
281.21, 96
281.21, 96
282.04, 96
282.04, 96
282.04, 96
282.27, 96
282.90, 96
283.26, 96
283.26, 96
283.26, 96
283.88, 96
284.58, 96
284.61, 96
284.61, 96
284.92, 96
285.70, 96
285.70, 96
285.79, 96
286.39, 96
286.98, 96
287.14, 96
287.45, 96
288.21, 96
288.36, 96
288.98, 96
289.00, 96
289.00, 96
289.64, 96
289.74, 96
290.29, 96
290.29, 96
293.13, 96
293.70, 96
293.70, 96
293.71, 96
295.98, 96
296.00, 96
296.51, 96
297.38, 96
297.38, 96
297.68, 96
297.74, 96
297.74, 96
299.72, 96
300.69, 96
301.24, 96
301.46, 96
301.88, 96
302.19, 96
302.35, 96
302.35, 96
302.35, 96
302.35, 96
302.60, 96
302.89, 96
303.83, 96
304.76, 96
304.76, 96
304.76, 96
305.04, 96
305.71, 96
308.08, 96
308.22, 96
308.23, 96
309.30, 96
309.31, 96
309.31, 96
309.31, 96
309.31, 96
309.50, 96
309.50, 96
309.74, 96
309.74, 96
310.00, 96
310.84, 96
311.21, 96
313.21, 96
313.30, 96
314.62, 96
314.62, 96
314.62, 96
314.62, 96
314.80, 96
314.80, 96
314.86, 96
314.86, 96
314.86, 96
315.10, 96
315.69, 96
316.79, 96
316.92, 96
317.29, 96
318.73, 96
319.54, 96
319.90, 96
319.90, 96
320.00, 96
320.42, 96
320.87, 96
321.50, 96
322.60, 96
322.63, 96
322.63, 96
323.54, 96
323.63, 96
323.63, 96
324.16, 96
324.16, 96
324.16, 96
324.16, 96
324.16, 96
324.16, 96
324.16, 96
325.91, 96
325.91, 96
325.95, 96
326.34, 96
326.66, 96
326.67, 96
326.93, 96
326.93, 96
326.93, 96
326.93, 96
327.18, 96
327.76, 96
328.37, 96
328.44, 96
328.45, 96
328.45, 96
328.47, 96
328.47, 96
328.47, 96
329.68, 96
329.98, 96
329.98, 96
331.40, 96
332.13, 96
332.81, 96
332.81, 96
332.81, 96
332.95, 96
332.95, 96
333.49, 96
334.32, 96
334.32, 96
334.32, 96
334.32, 96
334.33, 96
334.61, 96
334.82, 96
335.31, 96
335.40, 96
335.44, 96
335.82, 96
336.53, 96
336.53, 96
336.90, 96
337.03, 96
338.20, 96
338.20, 96
338.68, 96
339.29, 96
339.88, 96
339.88, 96
339.93, 96
339.93, 96
340.33, 96
340.94, 96
340.94, 96
340.94, 96
341.26, 96
341.36, 96
341.37, 96
341.37, 96
342.49, 96
342.49, 96
342.49, 96
342.67, 96
342.78, 96
342.78, 96
342.78, 96
342.78, 96
342.79, 96
342.79, 96
342.79, 96
342.79, 96
342.80, 96
342.80, 96
343.76, 96
343.82, 96
344.03, 96
344.03, 96
344.23, 96
344.30, 96
345.19, 96
346.01, 96
346.04, 96
346.04, 96
346.35, 96
346.35, 96
347.68, 96
347.76, 96
347.77, 96
348.01, 96
348.53, 96
349.16, 96
349.71, 96
350.42, 96
352.39, 96
352.88, 96
354.79, 96
355.42, 96
356.48, 96
357.14, 96
357.14, 96
357.33, 96
357.59, 96
357.70, 96
358.82, 96
358.82, 96
358.82, 96
358.89, 96
359.27, 96
359.27, 96
359.39, 96
359.59, 96
360.23, 96
361.01, 96
361.01, 96
361.73, 96
362.18, 96
362.45, 96
362.46, 96
362.46, 96
362.46, 96
362.52, 96
362.52, 96
362.52, 96
362.52, 96
362.52, 96
362.52, 96
362.52, 96
363.21, 96
363.32, 96
363.42, 96
363.96, 96
363.97, 96
364.45, 96
364.45, 96
364.45, 96
365.46, 96
366.39, 96
366.39, 96
366.50, 96
366.51, 96
366.51, 96
367.38, 96
367.65, 96
367.92, 96
367.92, 96
368.68, 96
368.68, 96
368.68, 96
368.68, 96
368.85, 96
369.35, 96
369.35, 96
369.35, 96
369.67, 96
369.68, 96
369.70, 96
369.70, 96
369.79, 96
369.79, 96
369.79, 96
370.60, 96
371.40, 96
371.40, 96
371.97, 96
372.41, 96
372.41, 96
372.41, 96
372.41, 96
373.30, 96
373.30, 96
373.61, 96
374.18, 96
374.18, 96
374.18, 96
374.84, 96
374.85, 96
375.65, 96
375.65, 96
375.66, 96
375.66, 96
376.96, 96
377.14, 96
377.14, 96
378.02, 96
379.43, 96
379.71, 96
379.71, 96
379.72, 96
380.10, 96
380.75, 96
380.89, 96
381.19, 96
381.32, 96
381.32, 96
381.38, 96
381.55, 96
381.55, 96
381.73, 96
381.73, 96
382.41, 96
382.41, 96
382.55, 96
382.55, 96
382.64, 96
382.91, 96
383.36, 96
383.48, 96
383.48, 96
383.48, 96
383.48, 96
383.56, 96
383.79, 96
383.79, 96
384.15, 96
384.44, 96
386.31, 96
386.31, 96
386.38, 96
386.62, 96
386.62, 96
386.87, 96
387.11, 96
387.43, 96
387.53, 96
387.57, 96
388.40, 96
388.71, 96
388.71, 96
388.79, 96
388.79, 96
389.53, 96
389.73, 96
389.73, 96
389.73, 96
389.73, 96
389.73, 96
389.74, 96
389.78, 96
389.84, 96
390.00, 96
390.59, 96
390.85, 96
390.85, 96
390.85, 96
390.85, 96
390.85, 96
390.85, 96
390.87, 96
393.89, 96
393.89, 96
393.89, 96
393.89, 96
393.89, 96
394.15, 96
394.15, 96
394.15, 96
394.20, 96
394.20, 96
394.57, 96
394.98, 96
394.98, 96
395.18, 96
395.19, 96
395.19, 96
395.31, 96
395.44, 96
395.44, 96
395.45, 96
396.07, 96
397.89, 96
397.96, 96
398.58, 96
398.58, 96
399.28, 96
400.47, 96
400.68, 96
400.79, 96
401.41, 96
401.46, 96
401.46, 96
401.57, 96
401.57, 96
402.41, 96
402.41, 96
402.41, 96
403.45, 96
403.45, 96
404.53, 96
404.53, 96
404.54, 96
404.54, 96
404.54, 96
404.76, 96
404.76, 96
405.09, 96
405.28, 96
405.28, 96
405.28, 96
407.61, 96
408.21, 96
408.21, 96
408.21, 96
408.21, 96
408.21, 96
408.56, 96
408.56, 96
408.62, 96
408.75, 96
408.93, 96
409.31, 96
409.31, 96
409.31, 96
409.68, 96
410.06, 96
411.27, 96
411.27, 96
412.22, 96
413.12, 96
413.44, 96
414.12, 96
414.12, 96
414.48, 96
415.74, 96
415.74, 96
415.74, 96
415.79, 96
415.79, 96
415.79, 96
415.79, 96
415.79, 96
415.79, 96
415.79, 96
415.80, 96
415.80, 96
415.80, 96
416.06, 96
416.06, 96
416.06, 96
416.42, 96
416.80, 96
417.01, 96
417.35, 96
417.58, 96
417.58, 96
417.65, 96
418.32, 96
420.00, 96
420.18, 96
420.80, 96
420.80, 96
420.80, 96
420.80, 96
421.58, 96
421.58, 96
421.58, 96
421.58, 96
422.52, 96
422.52, 96
422.53, 96
422.57, 96
422.57, 96
422.57, 96
422.58, 96
422.60, 96
422.60, 96
422.78, 96
422.95, 96
422.95, 96
422.96, 96
423.10, 96
423.24, 96
424.27, 96
424.91, 96
425.25, 96
425.92, 96
425.92, 96
426.11, 96
426.21, 96
426.21, 96
427.24, 96
427.31, 96
427.31, 96
428.04, 96
429.64, 96
430.36, 96
430.36, 96
430.43, 96
431.34, 96
431.34, 96
431.34, 96
432.00, 96
432.00, 96
432.14, 96
432.14, 96
432.27, 96
432.27, 96
432.81, 96
432.81, 96
432.81, 96
432.81, 96
432.81, 96
432.88, 96
432.89, 96
433.26, 96
433.26, 96
433.82, 96
435.00, 96
435.51, 96
436.09, 96
436.20, 96
436.20, 96
436.87, 96
437.01, 96
437.01, 96
437.01, 96
437.01, 96
437.12, 96
437.12, 96
437.23, 96
437.24, 96
437.90, 96
437.90, 96
437.90, 96
437.97, 96
437.97, 96
438.07, 96
438.07, 96
438.96, 96
439.35, 96
439.78, 96
439.99, 96
440.46, 96
440.47, 96
440.54, 96
440.55, 96
440.56, 96
440.56, 96
440.75, 96
441.36, 96
442.73, 96
442.97, 96
442.97, 96
442.97, 96
443.15, 96
444.49, 96
445.00, 96
445.06, 96
445.06, 96
445.06, 96
445.07, 96
445.24, 96
445.36, 96
445.36, 96
445.52, 96
445.62, 96
446.03, 96
446.14, 96
446.14, 96
446.14, 96
446.14, 96
446.14, 96
446.14, 96
446.26, 96
446.60, 96
446.60, 96
446.60, 96
447.43, 96
448.11, 96
448.16, 96
448.21, 96
448.96, 96
449.79, 96
449.81, 96
450.16, 96
450.19, 96
450.19, 96
450.35, 96
450.36, 96
451.00, 96
451.18, 96
451.44, 96
452.57, 96
452.61, 96
452.68, 96
452.68, 96
453.24, 96
453.72, 96
453.72, 96
454.23, 96
454.23, 96
454.23, 96
454.23, 96
454.24, 96
454.24, 96
454.24, 96
454.24, 96
454.24, 96
454.48, 96
454.60, 96
454.70, 96
454.70, 96
455.47, 96
456.47, 96
456.47, 96
456.48, 96
456.48, 96
456.64, 96
457.17, 96
457.37, 96
457.37, 96
457.56, 96
457.56, 96
457.93, 96
458.84, 96
459.14, 96
459.14, 96
459.44, 96
459.44, 96
459.93, 96
459.93, 96
459.93, 96
459.93, 96
460.10, 96
460.10, 96
460.10, 96
460.10, 96
460.14, 96
460.34, 96
460.34, 96
460.34, 96
460.34, 96
461.28, 96
461.42, 96
461.42, 96
461.98, 96
461.98, 96
462.11, 96
462.11, 96
462.11, 96
462.11, 96
462.11, 96
463.76, 96
463.76, 96
463.80, 96
464.22, 96
464.22, 96
464.64, 96
464.64, 96
464.99, 96
465.38, 96
466.42, 96
467.23, 96
467.23, 96
468.76, 96
468.76, 96
468.98, 96
468.98, 96
469.22, 96
469.45, 96
469.45, 96
469.87, 96
469.95, 96
469.95, 96
469.96, 96
469.96, 96
470.14, 96
470.30, 96
470.79, 96
470.79, 96
470.79, 96
470.79, 96
471.01, 96
471.19, 96
471.54, 96
471.54, 96
472.34, 96
472.75, 96
473.79, 96
473.94, 96
473.94, 96
474.64, 96
474.82, 96
474.82, 96
474.82, 96
475.08, 96
475.98, 96
475.98, 96
475.98, 96
475.98, 96
475.99, 96
477.18, 96
477.64, 96
477.90, 96
477.90, 96
477.93, 96
479.38, 96
479.38, 96
479.38, 96
479.43, 96
481.36, 96
481.36, 96
481.36, 96
481.51, 96
482.06, 96
482.06, 96
482.06, 96
482.14, 96
482.51, 96
482.51, 96
482.51, 96
482.62, 96
482.64, 96
482.79, 96
483.28, 96
483.57, 96
483.57, 96
484.00, 96
484.61, 96
484.83, 96
485.08, 96
485.13, 96
485.76, 96
485.88, 96
485.88, 96
485.88, 96
486.11, 96
487.15, 96
487.15, 96
487.78, 96
487.78, 96
487.78, 96
487.78, 96
487.78, 96
487.78, 96
488.62, 96
489.29, 96
489.29, 96
490.60, 96
490.60, 96
490.60, 96
490.78, 96
490.88, 96
491.27, 96
492.75, 96
492.75, 96
493.31, 96
493.41, 96
494.09, 96
494.09, 96
494.55, 96
495.91, 96
495.91, 96
495.95, 96
496.08, 96
496.08, 96
496.08, 96
496.08, 96
496.08, 96
496.19, 96
496.34, 96
496.59, 96
496.65, 96
497.31, 96
497.33, 96
497.87, 96
498.17, 96
498.27, 96
498.27, 96
498.47, 96
499.04, 96
499.28, 96
499.47, 96
499.64, 96
499.64, 96
500.53, 96
500.53, 96
500.53, 96
500.53, 96
500.71, 96
501.00, 96
501.00, 96
501.59, 96
501.59, 96
501.97, 96
501.97, 96
503.09, 96
503.09, 96
503.59, 96
504.38, 96
504.38, 96
505.09, 96
505.09, 96
505.43, 96
505.46, 96
505.46, 96
505.52, 96
505.64, 96
507.19, 96
507.19, 96
507.19, 96
507.60, 96
507.95, 96
508.14, 96
508.18, 96
508.21, 96
508.21, 96
508.59, 96
508.71, 96
508.91, 96
509.41, 96
509.58, 96
509.58, 96
509.91, 96
510.17, 96
510.17, 96
510.22, 96
511.61, 96
511.61, 96
511.61, 96
511.75, 96
511.75, 96
512.49, 96
512.74, 96
512.88, 96
512.89, 96
514.15, 96
514.24, 96
514.53, 96
516.24, 96
516.87, 96
517.09, 96
517.09, 96
517.09, 96
517.18, 96
517.18, 96
517.41, 96
517.41, 96
517.42, 96
517.42, 96
517.44, 96
517.44, 96
517.65, 96
517.65, 96
517.74, 96
518.28, 96
519.22, 96
519.26, 96
519.31, 96
519.31, 96
519.88, 96
520.24, 96
520.24, 96
520.62, 96
520.62, 96
520.64, 96
522.49, 96
522.49, 96
522.49, 96
523.39, 96
523.75, 96
524.19, 96
524.36, 96
524.58, 96
524.58, 96
524.73, 96
524.91, 96
525.13, 96
525.13, 96
525.55, 96
525.55, 96
525.55, 96
525.67, 96
525.67, 96
526.03, 96
526.21, 96
526.26, 96
526.26, 96
526.49, 96
526.56, 96
526.61, 96
526.61, 96
526.61, 96
526.61, 96
526.61, 96
526.62, 96
527.22, 96
527.73, 96
527.73, 96
527.81, 96
527.81, 96
527.81, 96
528.02, 96
528.62, 96
529.71, 96
531.67, 96
531.75, 96
532.25, 96
532.77, 96
532.88, 96
536.30, 96
536.30, 96
536.57, 96
537.63, 96
537.63, 96
537.70, 96
538.05, 96
538.19, 96
538.58, 96
538.58, 96
538.58, 96
538.58, 96
539.26, 96
539.70, 96
539.71, 96
539.71, 96
539.97, 96
539.97, 96
540.10, 96
540.10, 96
540.10, 96
540.35, 96
541.22, 96
541.39, 96
541.39, 96
541.78, 96
541.78, 96
542.44, 96
542.44, 96
542.65, 96
542.73, 96
542.74, 96
543.51, 96
543.63, 96
543.64, 96
544.00, 96
544.01, 96
544.01, 96
544.01, 96
544.15, 96
544.18, 96
544.49, 96
544.57, 96
544.57, 96
544.58, 96
544.58, 96
544.62, 96
544.63, 96
544.63, 96
544.63, 96
545.10, 96
545.35, 96
545.44, 96
545.44, 96
545.54, 96
546.16, 96
546.35, 96
546.36, 96
546.36, 96
546.77, 96
546.77, 96
547.00, 96
547.00, 96
547.11, 96
547.11, 96
547.13, 96
547.13, 96
547.19, 96
547.19, 96
547.19, 96
547.52, 96
547.72, 96
548.77, 96
549.10, 96
549.61, 96
549.61, 96
549.67, 96
549.67, 96
549.90, 96
549.90, 96
549.90, 96
549.94, 96
551.57, 96
551.83, 96
551.93, 96
551.97, 96
552.10, 96
553.30, 96
554.64, 96
555.76, 96
555.76, 96
556.36, 96
556.36, 96
556.36, 96
556.40, 96
556.40, 96
556.43, 96
556.49, 96
556.50, 96
557.08, 96
557.28, 96
557.28, 96
557.28, 96
557.71, 96
557.71, 96
558.72, 96
558.72, 96
558.72, 96
558.72, 96
558.79, 96
558.99, 96
558.99, 96
559.07, 96
559.60, 96
559.60, 96
559.60, 96
559.60, 96
559.74, 96
560.99, 96
561.06, 96
561.79, 96
562.22, 96
562.48, 96
562.76, 96
563.12, 96
563.12, 96
563.17, 96
563.17, 96
563.17, 96
564.28, 96
564.38, 96
564.84, 96
564.91, 96
564.92, 96
565.28, 96
565.28, 96
565.47, 96
565.80, 96
566.02, 96
566.02, 96
566.78, 96
566.78, 96
566.83, 96
566.93, 96
566.93, 96
567.14, 96
568.05, 96
568.08, 96
568.08, 96
568.08, 96
568.82, 96
570.11, 96
570.87, 96
571.48, 96
572.00, 96
572.00, 96
572.23, 96
572.28, 96
572.28, 96
572.91, 96
572.92, 96
573.37, 96
573.96, 96
574.18, 96
574.18, 96
575.81, 96
576.68, 96
576.82, 96
577.54, 96
577.74, 96
578.62, 96
578.62, 96
578.81, 96
578.81, 96
578.83, 96
578.83, 96
579.73, 96
579.73, 96
579.94, 96
580.38, 96
580.38, 96
580.38, 96
580.78, 96
580.79, 96
580.89, 96
581.87, 96
581.88, 96
582.04, 96
582.52, 96
584.27, 96
584.45, 96
584.45, 96
584.59, 96
584.71, 96
584.71, 96
584.79, 96
584.79, 96
584.79, 96
584.95, 96
585.60, 96
585.94, 96
585.95, 96
586.72, 96
586.72, 96
586.86, 96
587.32, 96
587.32, 96
587.32, 96
587.32, 96
587.73, 96
587.73, 96
587.93, 96
587.93, 96
590.17, 96
590.92, 96
590.92, 96
590.92, 96
590.92, 96
592.00, 96
592.01, 96
592.05, 96
592.05, 96
592.06, 96
592.07, 96
592.07, 96
592.07, 96
592.13, 96
592.44, 96
593.74, 96
593.89, 96
593.89, 96
593.89, 96
594.41, 96
594.73, 96
594.73, 96
594.73, 96
594.73, 96
595.62, 96
595.62, 96
597.93, 96
597.93, 96
598.40, 96
598.55, 96
598.56, 96
598.75, 96
598.75, 96
598.85, 96
598.86, 96
598.99, 96
598.99, 96
598.99, 96
598.99, 96
599.00, 96
599.83, 96
599.83, 96
