0.00, 102
0.00, 99
0.00, 99
0.01, 99
0.01, 99
0.01, 98
0.01, 98
0.01, 98
0.01, 98
0.03, 98
0.03, 97
0.05, 97
0.05, 97
0.06, 97
0.08, 97
0.08, 97
0.11, 97
0.11, 97
0.11, 97
0.26, 97
0.26, 97
0.32, 97
0.33, 97
0.33, 97
0.33, 97
0.38, 97
0.39, 97
0.39, 97
0.47, 97
0.47, 97
0.48, 97
0.53, 97
0.56, 97
0.56, 97
0.61, 97
0.61, 97
0.61, 97
0.61, 97
0.61, 97
0.61, 97
0.61, 97
0.61, 97
0.65, 97
0.66, 97
0.66, 97
0.66, 96
1.34, 96
2.42, 96
2.53, 96
2.60, 96
2.60, 96
3.64, 96
5.58, 96
5.78, 96
6.38, 96
6.43, 96
6.57, 96
6.57, 96
6.92, 96
7.89, 96
7.91, 96
7.91, 96
8.12, 96
8.12, 96
9.36, 96
9.62, 96
9.62, 96
9.84, 96
10.49, 96
11.54, 96
11.64, 96
13.01, 96
13.01, 96
13.28, 96
13.29, 96
13.76, 96
13.93, 96
13.93, 96
14.30, 96
14.30, 96
14.67, 96
14.67, 96
14.67, 96
15.03, 96
15.11, 96
15.13, 96
15.16, 96
15.19, 96
16.19, 96
16.19, 96
16.26, 96
16.26, 96
16.42, 96
16.43, 96
16.65, 96
16.65, 96
16.65, 96
16.86, 96
16.86, 96
17.55, 96
17.55, 96
17.56, 96
17.56, 96
17.56, 96
17.57, 96
17.57, 96
18.45, 96
18.46, 96
18.46, 96
19.01, 96
19.19, 96
19.19, 96
19.19, 96
19.68, 96
20.75, 96
21.60, 96
21.61, 96
22.21, 96
24.90, 96
24.90, 96
25.11, 96
25.18, 96
25.20, 96
25.20, 96
25.69, 96
25.80, 96
26.26, 96
26.78, 96
27.13, 96
27.14, 96
27.38, 96
27.50, 96
27.60, 96
27.66, 96
27.70, 96
27.70, 96
27.78, 96
29.34, 96
29.61, 96
29.62, 96
29.62, 96
30.63, 96
31.74, 96
31.78, 96
31.78, 96
31.78, 96
31.79, 96
32.00, 96
32.43, 96
32.70, 96
32.70, 96
32.70, 96
33.13, 96
33.13, 96
33.31, 96
35.15, 96
35.24, 96
35.73, 96
35.73, 96
35.87, 96
36.46, 96
36.46, 96
36.46, 96
36.71, 96
36.86, 96
36.90, 96
37.90, 96
37.90, 96
37.90, 96
37.91, 96
37.91, 96
37.96, 96
39.01, 96
39.65, 96
39.65, 96
39.91, 96
39.99, 96
41.21, 96
41.21, 96
41.21, 96
41.21, 96
41.22, 96
41.25, 96
41.54, 96
41.58, 96
42.23, 96
42.23, 96
42.34, 96
42.96, 96
43.13, 96
43.13, 96
43.23, 96
43.41, 96
44.99, 96
45.96, 96
45.96, 96
46.12, 96
46.13, 96
46.19, 96
46.19, 96
46.67, 96
46.73, 96
46.73, 96
46.84, 96
46.84, 96
46.84, 96
46.89, 96
46.89, 96
46.89, 96
47.15, 96
47.17, 96
47.17, 96
47.45, 96
47.45, 96
47.99, 96
48.12, 96
48.53, 96
49.22, 96
49.26, 96
50.37, 96
51.62, 96
51.62, 96
51.91, 96
52.07, 96
52.76, 96
53.62, 96
53.62, 96
53.62, 96
53.93, 96
53.93, 96
54.07, 96
54.08, 96
54.08, 96
54.57, 96
54.58, 96
55.21, 96
55.23, 96
55.25, 96
55.78, 96
55.78, 96
55.91, 96
55.91, 96
56.87, 96
57.31, 96
57.31, 96
57.32, 96
57.32, 96
57.36, 96
57.52, 96
57.56, 96
57.56, 96
57.82, 96
57.82, 96
57.82, 96
57.82, 96
57.82, 96
57.83, 96
58.30, 96
58.30, 96
58.30, 96
59.00, 96
59.00, 96
59.58, 96
59.58, 96
60.24, 96
60.34, 96
60.34, 96
60.45, 96
60.45, 96
60.46, 96
60.46, 96
60.91, 96
60.91, 96
61.20, 96
61.20, 96
61.45, 96
61.45, 96
62.48, 96
62.48, 96
62.48, 96
62.48, 96
62.49, 96
62.74, 96
62.74, 96
63.79, 96
63.80, 96
64.20, 96
64.49, 96
64.49, 96
65.23, 96
65.52, 96
65.52, 96
65.85, 96
66.19, 96
67.49, 96
67.85, 96
67.86, 96
68.34, 96
68.49, 96
68.86, 96
68.86, 96
69.15, 96
69.71, 96
69.71, 96
69.71, 96
70.01, 96
70.86, 96
72.89, 96
72.95, 96
72.95, 96
73.43, 96
73.43, 96
73.76, 96
73.90, 96
73.90, 96
74.19, 96
74.60, 96
74.60, 96
74.61, 96
74.61, 96
75.78, 96
75.90, 96
76.21, 96
77.39, 96
77.89, 96
78.34, 96
78.81, 96
78.81, 96
79.14, 96
79.79, 96
79.79, 96
80.04, 96
80.04, 96
80.92, 96
80.92, 96
81.36, 96
81.46, 96
81.49, 96
81.49, 96
81.49, 96
81.61, 96
81.89, 96
82.73, 96
82.73, 96
82.73, 96
82.85, 96
82.85, 96
82.85, 96
82.85, 96
82.85, 96
82.86, 96
82.97, 96
82.97, 96
84.64, 96
84.64, 96
84.64, 96
84.64, 96
85.42, 96
85.66, 96
85.80, 96
86.64, 96
86.64, 96
86.95, 96
87.13, 96
87.43, 96
87.51, 96
87.68, 96
87.68, 96
88.08, 96
88.42, 96
88.61, 96
88.69, 96
88.90, 96
88.90, 96
89.73, 96
89.73, 96
89.74, 96
91.30, 96
91.30, 96
91.32, 96
92.15, 96
92.15, 96
92.15, 96
92.61, 96
93.04, 96
93.78, 96
93.79, 96
94.32, 96
95.59, 96
96.46, 96
96.46, 96
96.74, 96
97.21, 96
97.21, 96
99.59, 96
99.61, 96
99.61, 96
100.06, 96
100.35, 96
100.35, 96
100.35, 96
100.35, 96
100.41, 96
100.50, 96
100.51, 96
100.51, 96
102.07, 96
102.07, 96
102.29, 96
102.29, 96
102.29, 96
102.87, 96
103.46, 96
103.46, 96
103.53, 96
103.58, 96
103.58, 96
103.58, 96
103.58, 96
104.13, 96
106.03, 96
106.03, 96
106.69, 96
106.69, 96
106.69, 96
106.74, 96
106.74, 96
106.74, 96
106.84, 96
106.84, 96
107.17, 96
107.65, 96
107.76, 96
108.44, 96
108.58, 96
108.58, 96
108.58, 96
108.59, 96
108.59, 96
109.16, 96
109.16, 96
109.16, 96
109.17, 96
109.17, 96
109.62, 96
109.62, 96
110.93, 96
110.93, 96
111.73, 96
111.73, 96
111.96, 96
112.30, 96
113.94, 96
114.80, 96
114.80, 96
114.80, 96
114.80, 96
114.81, 96
114.81, 96
116.15, 96
116.15, 96
116.15, 96
116.39, 96
116.39, 96
116.39, 96
116.39, 96
116.53, 96
116.76, 96
116.76, 96
116.77, 96
116.77, 96
116.77, 96
116.77, 96
117.40, 96
117.40, 96
119.12, 96
119.12, 96
119.12, 96
120.51, 96
120.74, 96
120.93, 96
121.31, 96
121.31, 96
121.31, 96
121.45, 96
121.45, 96
121.45, 96
121.45, 96
121.47, 96
121.47, 96
122.01, 96
122.32, 96
122.71, 96
122.74, 96
122.74, 96
123.34, 96
123.57, 96
124.19, 96
124.56, 96
124.90, 96
124.96, 96
124.96, 96
124.96, 96
124.96, 96
125.32, 96
125.65, 96
125.66, 96
125.66, 96
125.66, 96
125.67, 96
125.67, 96
125.90, 96
125.90, 96
125.94, 96
125.99, 96
126.00, 96
126.01, 96
126.37, 96
126.83, 96
126.83, 96
127.13, 96
127.97, 96
127.97, 96
128.75, 96
128.88, 96
128.88, 96
129.03, 96
129.16, 96
129.17, 96
129.17, 96
130.08, 96
130.31, 96
130.91, 96
130.91, 96
131.11, 96
131.87, 96
131.87, 96
131.94, 96
132.42, 96
132.61, 96
132.61, 96
132.95, 96
132.95, 96
133.59, 96
133.59, 96
134.09, 96
134.54, 96
134.54, 96
134.54, 96
134.54, 96
135.81, 96
135.82, 96
136.22, 96
136.70, 96
137.29, 96
137.34, 96
137.34, 96
137.44, 96
137.62, 96
138.36, 96
139.05, 96
139.43, 96
139.43, 96
139.71, 96
140.55, 96
141.44, 96
141.44, 96
142.40, 96
142.78, 96
142.98, 96
143.38, 96
143.92, 96
143.93, 96
144.42, 96
144.84, 96
144.85, 96
144.92, 96
145.96, 96
146.05, 96
146.05, 96
146.65, 96
146.96, 96
146.96, 96
146.96, 96
147.13, 96
147.15, 96
147.28, 96
147.32, 96
147.32, 96
147.32, 96
147.85, 96
147.85, 96
148.56, 96
148.56, 96
148.73, 96
148.73, 96
148.73, 96
148.73, 96
149.32, 96
149.32, 96
149.32, 96
149.36, 96
149.39, 96
150.04, 96
150.04, 96
150.04, 96
150.04, 96
150.04, 96
150.06, 96
150.17, 96
150.17, 96
150.17, 96
150.17, 96
150.32, 96
150.82, 96
151.69, 96
151.69, 96
152.30, 96
152.30, 96
152.77, 96
152.77, 96
152.77, 96
152.82, 96
152.83, 96
152.83, 96
152.99, 96
153.24, 96
153.33, 96
153.94, 96
153.94, 96
154.04, 96
154.45, 96
154.59, 96
154.79, 96
155.48, 96
155.93, 96
156.19, 96
157.13, 96
157.23, 96
157.23, 96
157.63, 96
157.63, 96
157.63, 96
157.75, 96
157.88, 96
157.88, 96
158.02, 96
158.17, 96
158.17, 96
158.17, 96
158.18, 96
159.18, 96
159.19, 96
159.19, 96
159.22, 96
159.22, 96
159.22, 96
159.22, 96
160.85, 96
160.92, 96
160.92, 96
161.20, 96
162.45, 96
162.63, 96
162.87, 96
164.31, 96
164.57, 96
164.68, 96
165.33, 96
165.37, 96
165.37, 96
165.47, 96
166.56, 96
166.56, 96
166.82, 96
166.96, 96
168.10, 96
168.45, 96
168.45, 96
168.75, 96
169.13, 96
169.77, 96
169.77, 96
169.77, 96
169.78, 96
170.21, 96
170.21, 96
170.22, 96
170.22, 96
170.70, 96
171.11, 96
171.14, 96
171.14, 96
172.19, 96
172.43, 96
172.66, 96
172.94, 96
172.94, 96
172.95, 96
173.45, 96
173.45, 96
173.45, 96
174.06, 96
174.26, 96
174.26, 96
174.71, 96
174.95, 96
176.47, 96
176.51, 96
176.51, 96
176.75, 96
177.00, 96
177.80, 96
178.55, 96
178.56, 96
178.56, 96
178.56, 96
178.59, 96
178.60, 96
178.94, 96
179.51, 96
179.78, 96
180.44, 96
180.44, 96
180.96, 96
181.00, 96
181.50, 96
181.92, 96
181.92, 96
182.22, 96
182.22, 96
182.22, 96
182.80, 96
182.80, 96
182.89, 96
183.16, 96
183.59, 96
183.59, 96
183.60, 96
183.60, 96
183.64, 96
183.97, 96
184.17, 96
184.18, 96
184.33, 96
184.85, 96
184.85, 96
184.85, 96
184.85, 96
184.85, 96
185.36, 96
185.36, 96
185.47, 96
185.57, 96
185.57, 96
186.03, 96
186.03, 96
186.15, 96
186.15, 96
186.15, 96
186.16, 96
186.16, 96
186.47, 96
186.85, 96
186.85, 96
186.85, 96
186.85, 96
186.89, 96
187.16, 96
187.44, 96
187.98, 96
188.16, 96
188.37, 96
188.37, 96
188.51, 96
188.51, 96
188.51, 96
188.67, 96
188.67, 96
188.67, 96
188.74, 96
188.76, 96
188.93, 96
189.53, 96
189.53, 96
189.53, 96
189.53, 96
189.73, 96
189.73, 96
192.04, 96
192.04, 96
192.25, 96
193.19, 96
193.19, 96
193.19, 96
193.40, 96
193.40, 96
193.47, 96
193.50, 96
193.70, 96
193.70, 96
193.70, 96
193.70, 96
193.83, 96
193.83, 96
194.04, 96
194.75, 96
194.76, 96
195.60, 96
195.60, 96
196.08, 96
196.88, 96
197.13, 96
197.36, 96
197.36, 96
197.76, 96
197.76, 96
197.76, 96
197.79, 96
197.79, 96
197.79, 96
198.48, 96
198.48, 96
198.84, 96
200.04, 96
200.11, 96
200.11, 96
200.11, 96
200.11, 96
201.20, 96
201.62, 96
202.02, 96
202.03, 96
202.13, 96
202.15, 96
202.15, 96
203.21, 96
205.16, 96
205.17, 96
205.17, 96
205.17, 96
205.44, 96
205.44, 96
206.06, 96
206.36, 96
206.54, 96
206.74, 96
208.48, 96
208.48, 96
209.35, 96
209.67, 96
209.67, 96
209.68, 96
209.68, 96
209.79, 96
209.81, 96
210.18, 96
210.18, 96
210.18, 96
210.18, 96
210.18, 96
210.24, 96
210.25, 96
210.25, 96
210.47, 96
210.47, 96
210.47, 96
210.76, 96
211.25, 96
211.25, 96
211.95, 96
211.95, 96
211.95, 96
211.95, 96
212.05, 96
212.05, 96
212.05, 96
212.13, 96
212.13, 96
212.13, 96
212.13, 96
212.13, 96
212.63, 96
212.63, 96
212.63, 96
212.79, 96
212.80, 96
213.39, 96
213.58, 96
213.58, 96
213.58, 96
213.58, 96
213.79, 96
213.80, 96
213.80, 96
213.80, 96
215.21, 96
215.43, 96
215.43, 96
215.45, 96
215.45, 96
215.82, 96
216.40, 96
216.41, 96
216.41, 96
216.41, 96
216.41, 96
216.52, 96
216.52, 96
216.59, 96
216.84, 96
216.84, 96
217.05, 96
217.05, 96
217.05, 96
217.49, 96
217.95, 96
217.95, 96
218.09, 96
218.14, 96
218.18, 96
218.18, 96
218.18, 96
218.28, 96
218.28, 96
218.60, 96
218.60, 96
219.28, 96
219.28, 96
219.35, 96
219.84, 96
220.30, 96
220.33, 96
220.88, 96
220.88, 96
220.92, 96
221.73, 96
222.27, 96
222.59, 96
222.91, 96
223.12, 96
223.12, 96
224.41, 96
225.26, 96
225.56, 96
225.61, 96
225.61, 96
225.62, 96
225.77, 96
225.77, 96
226.13, 96
226.80, 96
227.16, 96
227.17, 96
227.74, 96
228.79, 96
228.79, 96
229.35, 96
229.35, 96
229.35, 96
229.41, 96
229.45, 96
229.71, 96
230.33, 96
230.90, 96
231.44, 96
231.90, 96
231.90, 96
231.94, 96
231.94, 96
232.53, 96
232.57, 96
232.58, 96
232.61, 96
232.91, 96
232.91, 96
233.03, 96
234.76, 96
234.98, 96
235.19, 96
235.45, 96
236.56, 96
236.56, 96
236.56, 96
237.61, 96
237.61, 96
237.61, 96
237.61, 96
237.63, 96
238.32, 96
238.44, 96
238.45, 96
240.66, 96
240.66, 96
240.83, 96
240.83, 96
240.99, 96
241.02, 96
241.53, 96
242.10, 96
242.10, 96
242.10, 96
243.52, 96
243.55, 96
243.55, 96
244.59, 96
244.59, 96
244.64, 96
244.84, 96
244.86, 96
245.35, 96
245.35, 96
245.35, 96
245.46, 96
245.77, 96
245.77, 96
247.00, 96
247.00, 96
247.04, 96
247.61, 96
247.95, 96
247.95, 96
248.02, 96
248.02, 96
248.50, 96
248.50, 96
248.50, 96
248.50, 96
248.50, 96
248.51, 96
248.63, 96
248.88, 96
249.45, 96
249.77, 96
249.77, 96
250.12, 96
250.46, 96
250.49, 96
250.79, 96
250.79, 96
250.86, 96
251.16, 96
251.82, 96
252.20, 96
252.20, 96
252.20, 96
252.82, 96
253.13, 96
253.28, 96
253.58, 96
253.58, 96
253.59, 96
253.59, 96
253.82, 96
253.91, 96
253.99, 96
254.00, 96
254.00, 96
254.37, 96
254.37, 96
254.37, 96
254.37, 96
254.37, 96
254.62, 96
254.62, 96
255.52, 96
255.53, 96
255.86, 96
255.91, 96
255.91, 96
256.00, 96
256.00, 96
256.07, 96
256.26, 96
257.19, 96
257.42, 96
257.97, 96
258.19, 96
258.46, 96
259.81, 96
259.81, 96
259.81, 96
259.81, 96
260.64, 96
260.64, 96
261.03, 96
261.18, 96
261.36, 96
261.98, 96
261.98, 96
261.98, 96
262.52, 96
263.88, 96
264.83, 96
264.97, 96
265.22, 96
265.23, 96
265.23, 96
265.48, 96
266.20, 96
266.26, 96
266.60, 96
266.90, 96
268.97, 96
269.55, 96
269.55, 96
269.55, 96
269.55, 96
269.55, 96
269.55, 96
269.55, 96
269.66, 96
269.73, 96
269.73, 96
269.73, 96
270.11, 96
270.16, 96
271.76, 96
271.76, 96
271.82, 96
271.82, 96
271.95, 96
272.41, 96
274.38, 96
274.78, 96
274.78, 96
275.23, 96
275.52, 96
275.91, 96
275.92, 96
275.92, 96
276.19, 96
276.38, 96
276.42, 96
276.44, 96
277.03, 96
277.03, 96
277.72, 96
278.38, 96
278.39, 96
278.45, 96
278.52, 96
278.52, 96
278.53, 96
278.53, 96
279.50, 96
279.51, 96
280.15, 96
280.15, 96
280.29, 96
281.52, 96
281.58, 96
281.58, 96
281.66, 96
282.14, 96
282.14, 96
282.42, 96
282.42, 96
282.42, 96
282.42, 96
283.18, 96
283.19, 96
283.19, 96
283.19, 96
283.19, 96
283.22, 96
283.22, 96
283.22, 96
284.35, 96
284.35, 96
284.56, 96
284.56, 96
285.38, 96
285.38, 96
285.38, 96
285.60, 96
286.21, 96
286.48, 96
286.48, 96
286.48, 96
287.06, 96
287.76, 96
287.79, 96
287.79, 96
288.02, 96
288.73, 96
288.73, 96
288.82, 96
289.39, 96
290.01, 96
290.15, 96
290.48, 96
291.25, 96
291.39, 96
292.02, 96
292.02, 96
292.02, 96
292.68, 96
292.81, 96
293.40, 96
293.47, 96
296.44, 96
297.18, 96
297.19, 96
297.20, 96
299.47, 96
299.48, 96
300.04, 96
301.16, 96
301.17, 96
301.58, 96
301.64, 96
301.64, 96
303.88, 96
304.82, 96
305.37, 96
305.57, 96
306.00, 96
306.31, 96
306.47, 96
306.48, 96
306.48, 96
306.48, 96
306.72, 96
306.99, 96
307.99, 96
308.82, 96
308.82, 96
308.82, 96
309.05, 96
309.52, 96
311.20, 96
311.31, 96
311.31, 96
312.00, 96
312.00, 96
312.01, 96
312.01, 96
312.01, 96
312.14, 96
312.14, 96
312.36, 96
312.36, 96
312.57, 96
313.22, 96
313.49, 96
314.86, 96
314.92, 96
315.90, 96
315.90, 96
315.90, 96
315.90, 96
316.04, 96
316.04, 96
316.08, 96
316.08, 96
316.08, 96
316.25, 96
316.66, 96
317.59, 96
317.74, 96
318.07, 96
319.29, 96
319.95, 96
320.32, 96
320.32, 96
320.44, 96
320.92, 96
321.35, 96
322.02, 96
323.17, 96
323.21, 96
323.21, 96
324.02, 96
324.10, 96
324.10, 96
324.63, 96
324.63, 96
324.63, 96
324.63, 96
324.64, 96
324.64, 96
324.64, 96
326.42, 96
326.43, 96
326.46, 96
326.82, 96
327.21, 96
327.21, 96
327.53, 96
327.53, 96
327.53, 96
327.53, 96
327.80, 96
328.35, 96
328.88, 96
328.95, 96
328.95, 96
328.95, 96
328.97, 96
328.97, 96
328.97, 96
330.18, 96
330.49, 96
330.50, 96
331.75, 96
332.53, 96
333.24, 96
333.24, 96
333.25, 96
333.37, 96
333.37, 96
333.82, 96
334.63, 96
334.63, 96
334.63, 96
334.63, 96
334.63, 96
334.92, 96
335.10, 96
335.59, 96
335.67, 96
335.71, 96
336.06, 96
336.71, 96
336.71, 96
337.13, 96
337.29, 96
338.47, 96
338.47, 96
338.89, 96
339.48, 96
340.07, 96
340.07, 96
340.11, 96
340.11, 96
340.48, 96
341.06, 96
341.06, 96
341.07, 96
341.40, 96
341.49, 96
341.49, 96
341.49, 96
342.70, 96
342.70, 96
342.70, 96
342.90, 96
343.02, 96
343.02, 96
343.02, 96
343.02, 96
343.03, 96
343.03, 96
343.03, 96
343.03, 96
343.03, 96
343.03, 96
343.86, 96
343.91, 96
344.12, 96
344.12, 96
344.32, 96
344.38, 96
345.20, 96
345.96, 96
346.00, 96
346.00, 96
346.34, 96
346.34, 96
347.78, 96
347.87, 96
347.87, 96
348.10, 96
348.56, 96
349.15, 96
349.69, 96
350.39, 96
352.36, 96
352.85, 96
354.70, 96
355.33, 96
356.42, 96
357.13, 96
357.14, 96
357.35, 96
357.67, 96
357.79, 96
358.81, 96
358.81, 96
358.81, 96
358.88, 96
359.23, 96
359.24, 96
359.36, 96
359.55, 96
360.16, 96
360.96, 96
360.96, 96
361.69, 96
362.11, 96
362.40, 96
362.40, 96
362.40, 96
362.40, 96
362.47, 96
362.47, 96
362.47, 96
362.47, 96
362.48, 96
362.48, 96
362.48, 96
363.16, 96
363.24, 96
363.31, 96
363.80, 96
363.80, 96
364.25, 96
364.25, 96
364.25, 96
365.24, 96
366.15, 96
366.15, 96
366.26, 96
366.26, 96
366.27, 96
367.22, 96
367.56, 96
367.86, 96
367.86, 96
368.49, 96
368.49, 96
368.49, 96
368.49, 96
368.66, 96
369.19, 96
369.19, 96
369.19, 96
369.48, 96
369.48, 96
369.50, 96
369.50, 96
369.60, 96
369.60, 96
369.60, 96
370.47, 96
371.32, 96
371.33, 96
371.88, 96
372.33, 96
372.33, 96
372.33, 96
372.33, 96
373.22, 96
373.22, 96
373.47, 96
374.01, 96
374.01, 96
374.01, 96
374.65, 96
374.65, 96
375.45, 96
375.45, 96
375.45, 96
375.45, 96
376.77, 96
376.95, 96
376.95, 96
377.98, 96
379.21, 96
379.48, 96
379.48, 96
379.48, 96
379.85, 96
380.46, 96
380.60, 96
380.87, 96
380.99, 96
380.99, 96
381.08, 96
381.27, 96
381.27, 96
381.45, 96
381.45, 96
382.10, 96
382.10, 96
382.25, 96
382.26, 96
382.38, 96
382.65, 96
383.03, 96
383.14, 96
383.14, 96
383.14, 96
383.14, 96
383.20, 96
383.41, 96
383.41, 96
383.75, 96
384.03, 96
385.92, 96
385.92, 96
386.00, 96
386.24, 96
386.24, 96
386.47, 96
386.77, 96
387.06, 96
387.20, 96
387.24, 96
388.11, 96
388.40, 96
388.40, 96
388.47, 96
388.47, 96
389.19, 96
389.41, 96
389.41, 96
389.41, 96
389.41, 96
389.42, 96
389.42, 96
389.46, 96
389.52, 96
389.65, 96
390.26, 96
390.53, 96
390.53, 96
390.53, 96
390.53, 96
390.53, 96
390.53, 96
390.55, 96
393.58, 96
393.58, 96
393.58, 96
393.58, 96
393.58, 96
393.82, 96
393.82, 96
393.82, 96
393.86, 96
393.86, 96
394.23, 96
394.66, 96
394.66, 96
394.87, 96
394.87, 96
394.87, 96
394.98, 96
395.10, 96
395.10, 96
395.11, 96
395.79, 96
397.72, 96
397.80, 96
398.30, 96
398.30, 96
398.98, 96
400.17, 96
400.38, 96
400.50, 96
401.09, 96
401.15, 96
401.15, 96
401.27, 96
401.27, 96
402.09, 96
402.09, 96
402.09, 96
403.11, 96
403.11, 96
404.18, 96
404.18, 96
404.19, 96
404.19, 96
404.19, 96
404.42, 96
404.42, 96
404.74, 96
404.96, 96
404.96, 96
404.96, 96
407.29, 96
408.00, 96
408.00, 96
408.00, 96
408.00, 96
408.00, 96
408.30, 96
408.30, 96
408.35, 96
408.48, 96
408.68, 96
409.05, 96
409.05, 96
409.05, 96
409.43, 96
409.87, 96
411.09, 96
411.09, 96
412.02, 96
412.98, 96
413.26, 96
413.91, 96
413.92, 96
414.27, 96
415.52, 96
415.52, 96
415.52, 96
415.58, 96
415.59, 96
415.59, 96
415.59, 96
415.59, 96
415.59, 96
415.59, 96
415.60, 96
415.60, 96
415.60, 96
415.83, 96
415.83, 96
415.83, 96
416.22, 96
416.59, 96
416.81, 96
417.17, 96
417.49, 96
417.49, 96
417.56, 96
418.22, 96
419.79, 96
419.99, 96
420.68, 96
420.68, 96
420.68, 96
420.68, 96
421.37, 96
421.37, 96
421.37, 96
421.37, 96
422.27, 96
422.27, 96
422.27, 96
422.33, 96
422.33, 96
422.33, 96
422.33, 96
422.36, 96
422.36, 96
422.57, 96
422.71, 96
422.72, 96
422.72, 96
422.87, 96
422.99, 96
423.97, 96
424.59, 96
424.91, 96
425.59, 96
425.59, 96
425.74, 96
425.84, 96
425.85, 96
426.87, 96
426.93, 96
426.93, 96
427.80, 96
429.36, 96
430.08, 96
430.08, 96
430.15, 96
431.00, 96
431.00, 96
431.00, 96
431.62, 96
431.62, 96
431.76, 96
431.76, 96
431.87, 96
431.87, 96
432.41, 96
432.41, 96
432.41, 96
432.42, 96
432.42, 96
432.44, 96
432.44, 96
432.86, 96
432.86, 96
433.42, 96
434.58, 96
435.08, 96
435.65, 96
435.78, 96
435.78, 96
436.38, 96
436.52, 96
436.52, 96
436.52, 96
436.52, 96
436.62, 96
436.62, 96
436.71, 96
436.72, 96
437.43, 96
437.43, 96
437.43, 96
437.50, 96
437.50, 96
437.61, 96
437.61, 96
438.55, 96
438.92, 96
439.35, 96
439.57, 96
440.02, 96
440.02, 96
440.09, 96
440.09, 96
440.10, 96
440.10, 96
440.30, 96
440.93, 96
442.32, 96
442.57, 96
442.57, 96
442.57, 96
442.77, 96
444.12, 96
444.62, 96
444.68, 96
444.68, 96
444.68, 96
444.69, 96
444.85, 96
444.97, 96
444.97, 96
445.15, 96
445.25, 96
445.65, 96
445.77, 96
445.77, 96
445.77, 96
445.77, 96
445.77, 96
445.77, 96
445.88, 96
446.19, 96
446.19, 96
446.19, 96
447.02, 96
447.79, 96
447.85, 96
447.90, 96
448.67, 96
449.45, 96
449.49, 96
449.83, 96
449.85, 96
449.86, 96
450.02, 96
450.02, 96
450.66, 96
450.85, 96
451.11, 96
452.23, 96
452.28, 96
452.37, 96
452.37, 96
452.89, 96
453.36, 96
453.36, 96
453.84, 96
453.84, 96
453.84, 96
453.84, 96
453.84, 96
453.84, 96
453.85, 96
453.85, 96
453.85, 96
454.10, 96
454.20, 96
454.31, 96
454.31, 96
455.01, 96
455.99, 96
455.99, 96
456.00, 96
456.00, 96
456.17, 96
456.72, 96
456.91, 96
456.91, 96
457.16, 96
457.17, 96
457.61, 96
458.52, 96
458.84, 96
458.84, 96
459.16, 96
459.16, 96
459.66, 96
459.66, 96
459.66, 96
459.66, 96
459.79, 96
459.79, 96
459.80, 96
459.80, 96
459.84, 96
460.02, 96
460.02, 96
460.02, 96
460.03, 96
460.90, 96
461.06, 96
461.06, 96
461.64, 96
461.64, 96
461.76, 96
461.76, 96
461.76, 96
461.76, 96
461.76, 96
463.52, 96
463.52, 96
463.56, 96
463.99, 96
463.99, 96
464.40, 96
464.40, 96
464.74, 96
465.12, 96
466.13, 96
466.92, 96
466.92, 96
468.43, 96
468.43, 96
468.65, 96
468.65, 96
468.91, 96
469.12, 96
469.12, 96
469.54, 96
469.63, 96
469.63, 96
469.63, 96
469.63, 96
469.83, 96
469.99, 96
470.46, 96
470.46, 96
470.46, 96
470.46, 96
470.67, 96
470.85, 96
471.16, 96
471.16, 96
471.97, 96
472.43, 96
473.41, 96
473.58, 96
473.58, 96
474.22, 96
474.41, 96
474.41, 96
474.41, 96
474.65, 96
475.49, 96
475.49, 96
475.49, 96
475.49, 96
475.49, 96
476.62, 96
477.05, 96
477.38, 96
477.38, 96
477.41, 96
478.73, 96
478.73, 96
478.73, 96
478.78, 96
480.78, 96
480.78, 96
480.78, 96
480.92, 96
481.49, 96
481.49, 96
481.49, 96
481.58, 96
481.94, 96
481.94, 96
481.94, 96
482.04, 96
482.06, 96
482.19, 96
482.71, 96
482.96, 96
482.96, 96
483.36, 96
483.96, 96
484.15, 96
484.41, 96
484.45, 96
485.09, 96
485.22, 96
485.22, 96
485.22, 96
485.44, 96
486.48, 96
486.48, 96
487.21, 96
487.21, 96
487.21, 96
487.21, 96
487.21, 96
487.21, 96
488.08, 96
488.71, 96
488.71, 96
490.05, 96
490.05, 96
490.05, 96
490.22, 96
490.33, 96
490.73, 96
492.21, 96
492.22, 96
492.84, 96
492.93, 96
493.57, 96
493.58, 96
494.04, 96
495.43, 96
495.43, 96
495.48, 96
495.60, 96
495.60, 96
495.60, 96
495.60, 96
495.60, 96
495.70, 96
495.84, 96
496.08, 96
496.16, 96
496.84, 96
496.86, 96
497.45, 96
497.80, 96
497.89, 96
497.89, 96
498.05, 96
498.61, 96
498.81, 96
499.02, 96
499.17, 96
499.17, 96
500.03, 96
500.03, 96
500.03, 96
500.03, 96
500.21, 96
500.52, 96
500.52, 96
501.18, 96
501.18, 96
501.54, 96
501.54, 96
502.71, 96
502.71, 96
503.20, 96
504.02, 96
504.02, 96
504.74, 96
504.74, 96
505.12, 96
505.13, 96
505.13, 96
505.18, 96
505.30, 96
506.88, 96
506.88, 96
506.89, 96
507.32, 96
507.68, 96
507.88, 96
507.92, 96
507.96, 96
507.96, 96
508.27, 96
508.38, 96
508.57, 96
509.07, 96
509.24, 96
509.24, 96
509.59, 96
509.85, 96
509.85, 96
509.90, 96
511.26, 96
511.26, 96
511.26, 96
511.40, 96
511.40, 96
512.11, 96
512.35, 96
512.45, 96
512.46, 96
513.62, 96
513.70, 96
513.99, 96
515.77, 96
516.42, 96
516.64, 96
516.64, 96
516.64, 96
516.72, 96
516.72, 96
516.97, 96
516.97, 96
516.97, 96
516.97, 96
516.99, 96
516.99, 96
517.25, 96
517.25, 96
517.35, 96
517.86, 96
518.74, 96
518.78, 96
518.82, 96
518.82, 96
519.37, 96
519.74, 96
519.74, 96
520.23, 96
520.23, 96
520.24, 96
522.06, 96
522.06, 96
522.06, 96
522.85, 96
523.17, 96
523.65, 96
523.84, 96
524.06, 96
524.06, 96
524.22, 96
524.41, 96
524.60, 96
524.60, 96
525.04, 96
525.04, 96
525.04, 96
525.18, 96
525.18, 96
525.54, 96
525.73, 96
525.79, 96
525.79, 96
526.03, 96
526.10, 96
526.13, 96
526.13, 96
526.13, 96
526.13, 96
526.14, 96
526.14, 96
526.76, 96
527.29, 96
527.29, 96
527.36, 96
527.36, 96
527.36, 96
527.58, 96
528.11, 96
529.06, 96
531.04, 96
531.12, 96
531.63, 96
532.13, 96
532.21, 96
535.50, 96
535.51, 96
535.75, 96
536.82, 96
536.82, 96
536.89, 96
537.27, 96
537.41, 96
537.73, 96
537.73, 96
537.73, 96
537.73, 96
538.39, 96
538.86, 96
538.87, 96
538.87, 96
539.12, 96
539.12, 96
539.25, 96
539.25, 96
539.25, 96
539.48, 96
540.34, 96
540.51, 96
540.51, 96
540.90, 96
540.90, 96
541.52, 96
541.52, 96
541.70, 96
541.76, 96
541.76, 96
542.43, 96
542.53, 96
542.54, 96
542.84, 96
542.84, 96
542.84, 96
542.84, 96
543.00, 96
543.02, 96
543.36, 96
543.42, 96
543.42, 96
543.42, 96
543.42, 96
543.47, 96
543.48, 96
543.48, 96
543.48, 96
543.94, 96
544.17, 96
544.28, 96
544.28, 96
544.39, 96
544.97, 96
545.14, 96
545.14, 96
545.15, 96
545.55, 96
545.55, 96
545.77, 96
545.77, 96
545.89, 96
545.89, 96
545.91, 96
545.91, 96
545.95, 96
545.95, 96
545.95, 96
546.30, 96
546.49, 96
547.49, 96
547.89, 96
548.40, 96
548.40, 96
548.45, 96
548.45, 96
548.69, 96
548.69, 96
548.69, 96
548.73, 96
550.38, 96
550.61, 96
550.71, 96
550.76, 96
550.90, 96
552.04, 96
553.40, 96
554.55, 96
554.55, 96
555.15, 96
555.15, 96
555.15, 96
555.19, 96
555.19, 96
555.22, 96
555.30, 96
555.30, 96
555.88, 96
556.07, 96
556.07, 96
556.07, 96
556.54, 96
556.54, 96
557.50, 96
557.50, 96
557.50, 96
557.50, 96
557.59, 96
557.82, 96
557.82, 96
557.89, 96
558.44, 96
558.44, 96
558.44, 96
558.44, 96
558.60, 96
559.87, 96
559.91, 96
560.67, 96
561.09, 96
561.34, 96
561.61, 96
561.93, 96
561.93, 96
561.99, 96
561.99, 96
561.99, 96
563.08, 96
563.18, 96
563.66, 96
563.75, 96
563.75, 96
564.15, 96
564.15, 96
564.32, 96
564.62, 96
564.85, 96
564.85, 96
565.62, 96
565.62, 96
565.68, 96
565.76, 96
565.76, 96
565.99, 96
566.91, 96
566.95, 96
566.95, 96
566.95, 96
567.66, 96
569.00, 96
569.77, 96
570.37, 96
570.88, 96
570.88, 96
571.13, 96
571.18, 96
571.18, 96
571.79, 96
571.79, 96
572.20, 96
572.82, 96
573.04, 96
573.04, 96
574.63, 96
575.45, 96
575.60, 96
576.30, 96
576.50, 96
577.39, 96
577.39, 96
577.60, 96
577.60, 96
577.63, 96
577.63, 96
578.55, 96
578.55, 96
578.79, 96
579.23, 96
579.23, 96
579.23, 96
579.63, 96
579.64, 96
579.73, 96
580.64, 96
580.64, 96
580.81, 96
581.31, 96
582.95, 96
583.13, 96
583.13, 96
583.28, 96
583.37, 96
583.37, 96
583.46, 96
583.46, 96
583.46, 96
583.62, 96
584.24, 96
584.58, 96
584.58, 96
585.36, 96
585.37, 96
585.49, 96
585.93, 96
585.93, 96
585.93, 96
585.93, 96
586.34, 96
586.34, 96
586.54, 96
586.55, 96
588.84, 96
589.56, 96
589.56, 96
589.56, 96
589.56, 96
590.76, 96
590.77, 96
590.84, 96
590.84, 96
590.84, 96
590.87, 96
590.88, 96
590.88, 96
590.96, 96
591.37, 96
592.91, 96
593.08, 96
593.08, 96
593.08, 96
593.62, 96
593.94, 96
593.94, 96
593.94, 96
593.94, 96
594.83, 96
594.83, 96
597.23, 96
597.23, 96
597.72, 96
597.87, 96
597.87, 96
598.03, 96
598.03, 96
598.15, 96
598.16, 96
598.30, 96
598.30, 96
598.30, 96
598.30, 96
598.30, 96
599.15, 96
599.15, 96
599.46, 96
599.46, 96
599.46, 96
599.46, 96
599.47, 96
599.47, 96
599.82, 96
599.82, 96
