0.00, 102
0.00, 99
0.01, 99
0.01, 99
0.01, 99
0.01, 98
0.01, 98
0.01, 98
0.01, 98
0.02, 98
0.02, 97
0.04, 97
0.04, 97
0.05, 97
0.08, 97
0.09, 97
0.11, 97
0.11, 97
0.11, 97
0.25, 97
0.25, 97
0.30, 97
0.31, 97
0.32, 97
0.32, 97
0.37, 97
0.37, 97
0.37, 97
0.44, 97
0.44, 97
0.44, 97
0.49, 97
0.52, 97
0.52, 97
0.57, 97
0.57, 97
0.57, 97
0.57, 97
0.57, 97
0.57, 97
0.57, 97
0.57, 97
0.62, 97
0.64, 97
0.64, 97
0.64, 96
1.31, 96
2.28, 96
2.37, 96
2.43, 96
2.43, 96
3.51, 96
5.54, 96
5.78, 96
6.39, 96
6.44, 96
6.60, 96
6.60, 96
6.98, 96
7.71, 96
7.73, 96
7.73, 96
7.88, 96
7.88, 96
9.20, 96
9.65, 96
9.65, 96
10.00, 96
10.67, 96
11.73, 96
11.84, 96
13.14, 96
13.14, 96
13.41, 96
13.41, 96
13.96, 96
14.11, 96
14.11, 96
14.51, 96
14.51, 96
14.89, 96
14.89, 96
14.89, 96
15.27, 96
15.36, 96
15.37, 96
15.40, 96
15.42, 96
16.47, 96
16.47, 96
16.55, 96
16.55, 96
16.73, 96
16.73, 96
16.95, 96
16.95, 96
16.95, 96
17.19, 96
17.19, 96
17.78, 96
17.78, 96
17.78, 96
17.79, 96
17.79, 96
17.79, 96
17.79, 96
18.72, 96
18.73, 96
18.74, 96
19.35, 96
19.58, 96
19.58, 96
19.58, 96
20.01, 96
20.87, 96
21.45, 96
21.45, 96
21.99, 96
24.31, 96
24.31, 96
24.48, 96
24.54, 96
24.55, 96
24.55, 96
24.95, 96
25.06, 96
25.36, 96
25.84, 96
26.13, 96
26.13, 96
26.32, 96
26.41, 96
26.49, 96
26.56, 96
26.59, 96
26.59, 96
26.66, 96
28.29, 96
28.60, 96
28.60, 96
28.61, 96
29.57, 96
30.67, 96
30.72, 96
30.72, 96
30.72, 96
30.72, 96
30.91, 96
31.26, 96
31.49, 96
31.49, 96
31.49, 96
31.88, 96
31.88, 96
32.07, 96
33.87, 96
33.97, 96
34.46, 96
34.46, 96
34.60, 96
35.10, 96
35.10, 96
35.10, 96
35.30, 96
35.43, 96
35.47, 96
36.33, 96
36.33, 96
36.33, 96
36.33, 96
36.33, 96
36.38, 96
37.46, 96
38.14, 96
38.14, 96
38.37, 96
38.50, 96
39.81, 96
39.81, 96
39.81, 96
39.82, 96
39.82, 96
39.86, 96
40.18, 96
40.23, 96
40.83, 96
40.83, 96
40.94, 96
41.60, 96
41.77, 96
41.77, 96
41.87, 96
42.05, 96
43.63, 96
44.60, 96
44.60, 96
44.77, 96
44.79, 96
44.84, 96
44.84, 96
45.33, 96
45.39, 96
45.39, 96
45.48, 96
45.48, 96
45.48, 96
45.54, 96
45.54, 96
45.54, 96
45.77, 96
45.78, 96
45.79, 96
46.01, 96
46.01, 96
46.52, 96
46.66, 96
47.06, 96
47.78, 96
47.81, 96
48.97, 96
50.25, 96
50.26, 96
50.54, 96
50.69, 96
51.31, 96
52.19, 96
52.19, 96
52.19, 96
52.52, 96
52.52, 96
52.67, 96
52.67, 96
52.67, 96
53.17, 96
53.17, 96
53.90, 96
53.92, 96
53.95, 96
54.48, 96
54.48, 96
54.61, 96
54.61, 96
55.61, 96
55.96, 96
55.96, 96
55.96, 96
55.96, 96
56.00, 96
56.14, 96
56.18, 96
56.18, 96
56.41, 96
56.41, 96
56.41, 96
56.41, 96
56.41, 96
56.41, 96
56.90, 96
56.91, 96
56.91, 96
57.62, 96
57.62, 96
58.22, 96
58.22, 96
58.98, 96
59.07, 96
59.07, 96
59.17, 96
59.17, 96
59.17, 96
59.17, 96
59.70, 96
59.70, 96
60.02, 96
60.02, 96
60.32, 96
60.32, 96
61.29, 96
61.29, 96
61.29, 96
61.30, 96
61.30, 96
61.55, 96
61.56, 96
62.62, 96
62.62, 96
63.01, 96
63.28, 96
63.28, 96
64.16, 96
64.45, 96
64.45, 96
64.80, 96
65.11, 96
66.28, 96
66.63, 96
66.63, 96
67.10, 96
67.28, 96
67.70, 96
67.71, 96
67.99, 96
68.59, 96
68.59, 96
68.59, 96
68.97, 96
69.76, 96
71.72, 96
71.78, 96
71.78, 96
72.33, 96
72.33, 96
72.69, 96
72.84, 96
72.84, 96
73.16, 96
73.61, 96
73.61, 96
73.61, 96
73.61, 96
74.86, 96
75.00, 96
75.32, 96
76.41, 96
76.87, 96
77.33, 96
77.79, 96
77.79, 96
78.12, 96
78.84, 96
78.84, 96
79.11, 96
79.11, 96
80.09, 96
80.10, 96
80.57, 96
80.69, 96
80.71, 96
80.71, 96
80.71, 96
80.83, 96
81.15, 96
81.93, 96
81.93, 96
81.93, 96
82.04, 96
82.04, 96
82.04, 96
82.04, 96
82.04, 96
82.04, 96
82.16, 96
82.17, 96
84.02, 96
84.03, 96
84.03, 96
84.03, 96
84.90, 96
85.14, 96
85.27, 96
86.05, 96
86.05, 96
86.39, 96
86.51, 96
86.75, 96
86.82, 96
86.96, 96
86.96, 96
87.35, 96
87.69, 96
87.88, 96
87.98, 96
88.18, 96
88.18, 96
89.11, 96
89.11, 96
89.12, 96
90.74, 96
90.74, 96
90.77, 96
91.60, 96
91.60, 96
91.60, 96
91.98, 96
92.41, 96
93.19, 96
93.20, 96
93.86, 96
95.18, 96
96.07, 96
96.07, 96
96.34, 96
96.79, 96
96.79, 96
99.08, 96
99.10, 96
99.10, 96
99.59, 96
99.90, 96
99.90, 96
99.90, 96
99.91, 96
99.98, 96
100.07, 96
100.07, 96
100.07, 96
101.64, 96
101.64, 96
101.86, 96
101.86, 96
101.86, 96
102.40, 96
103.01, 96
103.01, 96
103.09, 96
103.14, 96
103.15, 96
103.15, 96
103.15, 96
103.73, 96
105.65, 96
105.65, 96
106.28, 96
106.28, 96
106.28, 96
106.33, 96
106.33, 96
106.34, 96
106.42, 96
106.42, 96
106.71, 96
107.12, 96
107.23, 96
107.88, 96
108.02, 96
108.02, 96
108.02, 96
108.02, 96
108.02, 96
108.64, 96
108.64, 96
108.64, 96
108.65, 96
108.65, 96
109.15, 96
109.15, 96
110.52, 96
110.52, 96
111.29, 96
111.29, 96
111.52, 96
111.81, 96
113.38, 96
114.34, 96
114.34, 96
114.34, 96
114.34, 96
114.34, 96
114.34, 96
115.69, 96
115.69, 96
115.69, 96
115.96, 96
115.96, 96
115.96, 96
115.97, 96
116.09, 96
116.32, 96
116.32, 96
116.32, 96
116.32, 96
116.32, 96
116.32, 96
116.87, 96
116.87, 96
118.56, 96
118.56, 96
118.56, 96
120.09, 96
120.32, 96
120.50, 96
120.88, 96
120.88, 96
120.88, 96
121.01, 96
121.01, 96
121.01, 96
121.01, 96
121.04, 96
121.04, 96
121.55, 96
121.82, 96
122.13, 96
122.15, 96
122.15, 96
122.75, 96
122.99, 96
123.65, 96
124.05, 96
124.42, 96
124.48, 96
124.48, 96
124.48, 96
124.48, 96
124.84, 96
125.15, 96
125.16, 96
125.17, 96
125.17, 96
125.17, 96
125.18, 96
125.41, 96
125.41, 96
125.45, 96
125.51, 96
125.51, 96
125.52, 96
125.88, 96
126.28, 96
126.28, 96
126.57, 96
127.30, 96
127.30, 96
128.10, 96
128.21, 96
128.21, 96
128.34, 96
128.50, 96
128.52, 96
128.52, 96
129.52, 96
129.75, 96
130.38, 96
130.38, 96
130.56, 96
131.36, 96
131.36, 96
131.44, 96
131.87, 96
132.02, 96
132.02, 96
132.41, 96
132.41, 96
133.02, 96
133.02, 96
133.59, 96
134.10, 96
134.10, 96
134.10, 96
134.10, 96
135.43, 96
135.43, 96
135.86, 96
136.33, 96
136.83, 96
136.87, 96
136.87, 96
136.95, 96
137.09, 96
137.84, 96
138.56, 96
139.03, 96
139.03, 96
139.28, 96
140.18, 96
141.11, 96
141.11, 96
142.04, 96
142.35, 96
142.56, 96
142.95, 96
143.50, 96
143.51, 96
144.06, 96
144.47, 96
144.48, 96
144.56, 96
145.57, 96
145.66, 96
145.66, 96
146.24, 96
146.60, 96
146.60, 96
146.60, 96
146.73, 96
146.74, 96
146.83, 96
146.86, 96
146.86, 96
146.86, 96
147.35, 96
147.35, 96
148.09, 96
148.10, 96
148.28, 96
148.29, 96
148.29, 96
148.29, 96
148.99, 96
148.99, 96
148.99, 96
149.02, 96
149.06, 96
149.78, 96
149.78, 96
149.78, 96
149.78, 96
149.78, 96
149.79, 96
149.92, 96
149.92, 96
149.93, 96
149.93, 96
150.07, 96
150.55, 96
151.47, 96
151.47, 96
152.11, 96
152.11, 96
152.51, 96
152.51, 96
152.51, 96
152.55, 96
152.55, 96
152.55, 96
152.72, 96
152.99, 96
153.07, 96
153.76, 96
153.77, 96
153.88, 96
154.35, 96
154.47, 96
154.65, 96
155.32, 96
155.75, 96
156.02, 96
156.92, 96
156.99, 96
156.99, 96
157.33, 96
157.33, 96
157.33, 96
157.43, 96
157.55, 96
157.55, 96
157.70, 96
157.84, 96
157.84, 96
157.85, 96
157.86, 96
158.94, 96
158.94, 96
158.94, 96
158.97, 96
158.98, 96
158.98, 96
158.98, 96
160.64, 96
160.70, 96
160.70, 96
160.97, 96
162.16, 96
162.30, 96
162.57, 96
164.08, 96
164.32, 96
164.43, 96
165.12, 96
165.15, 96
165.15, 96
165.27, 96
166.29, 96
166.29, 96
166.53, 96
166.67, 96
167.65, 96
168.05, 96
168.05, 96
168.33, 96
168.76, 96
169.49, 96
169.49, 96
169.49, 96
169.51, 96
169.92, 96
169.92, 96
169.92, 96
169.92, 96
170.42, 96
170.83, 96
170.85, 96
170.85, 96
171.81, 96
171.99, 96
172.18, 96
172.44, 96
172.45, 96
172.45, 96
172.96, 96
172.96, 96
172.97, 96
173.60, 96
173.87, 96
173.88, 96
174.32, 96
174.58, 96
176.08, 96
176.12, 96
176.12, 96
176.38, 96
176.69, 96
177.35, 96
178.14, 96
178.14, 96
178.14, 96
178.14, 96
178.18, 96
178.19, 96
178.58, 96
179.22, 96
179.51, 96
180.21, 96
180.21, 96
180.72, 96
180.75, 96
181.28, 96
181.72, 96
181.72, 96
181.98, 96
181.98, 96
181.98, 96
182.48, 96
182.48, 96
182.58, 96
182.87, 96
183.30, 96
183.30, 96
183.30, 96
183.30, 96
183.35, 96
183.76, 96
184.01, 96
184.01, 96
184.17, 96
184.72, 96
184.72, 96
184.72, 96
184.72, 96
184.72, 96
185.29, 96
185.29, 96
185.40, 96
185.53, 96
185.53, 96
186.02, 96
186.02, 96
186.14, 96
186.14, 96
186.14, 96
186.15, 96
186.15, 96
186.42, 96
186.81, 96
186.81, 96
186.81, 96
186.81, 96
186.86, 96
187.09, 96
187.31, 96
187.82, 96
188.00, 96
188.20, 96
188.20, 96
188.36, 96
188.36, 96
188.36, 96
188.53, 96
188.53, 96
188.53, 96
188.61, 96
188.62, 96
188.84, 96
189.47, 96
189.47, 96
189.47, 96
189.47, 96
189.66, 96
189.66, 96
192.04, 96
192.04, 96
192.24, 96
193.09, 96
193.09, 96
193.09, 96
193.31, 96
193.31, 96
193.38, 96
193.41, 96
193.65, 96
193.65, 96
193.65, 96
193.65, 96
193.80, 96
193.80, 96
194.03, 96
194.73, 96
194.73, 96
195.66, 96
195.66, 96
196.12, 96
196.93, 96
197.13, 96
197.31, 96
197.31, 96
197.67, 96
197.67, 96
197.68, 96
197.70, 96
197.70, 96
197.70, 96
198.39, 96
198.39, 96
198.85, 96
200.10, 96
200.15, 96
200.16, 96
200.16, 96
200.16, 96
201.22, 96
201.63, 96
202.11, 96
202.11, 96
202.20, 96
202.21, 96
202.21, 96
203.21, 96
205.30, 96
205.30, 96
205.30, 96
205.30, 96
205.56, 96
205.56, 96
206.17, 96
206.46, 96
206.64, 96
206.83, 96
208.54, 96
208.55, 96
209.53, 96
209.88, 96
209.88, 96
209.88, 96
209.88, 96
209.97, 96
210.00, 96
210.34, 96
210.34, 96
210.34, 96
210.34, 96
210.34, 96
210.39, 96
210.39, 96
210.40, 96
210.61, 96
210.62, 96
210.62, 96
210.90, 96
211.43, 96
211.43, 96
212.15, 96
212.15, 96
212.15, 96
212.15, 96
212.23, 96
212.23, 96
212.24, 96
212.32, 96
212.32, 96
212.32, 96
212.32, 96
212.33, 96
212.74, 96
212.74, 96
212.75, 96
212.89, 96
212.89, 96
213.47, 96
213.69, 96
213.69, 96
213.69, 96
213.69, 96
213.97, 96
213.97, 96
213.97, 96
213.98, 96
215.43, 96
215.64, 96
215.64, 96
215.67, 96
215.67, 96
216.04, 96
216.61, 96
216.61, 96
216.62, 96
216.62, 96
216.62, 96
216.72, 96
216.73, 96
216.79, 96
217.01, 96
217.01, 96
217.22, 96
217.22, 96
217.22, 96
217.59, 96
218.02, 96
218.03, 96
218.18, 96
218.24, 96
218.28, 96
218.28, 96
218.29, 96
218.37, 96
218.37, 96
218.72, 96
218.72, 96
219.53, 96
219.53, 96
219.59, 96
220.08, 96
220.55, 96
220.58, 96
221.04, 96
221.04, 96
221.09, 96
221.92, 96
222.50, 96
222.78, 96
223.12, 96
223.33, 96
223.33, 96
224.82, 96
225.70, 96
226.01, 96
226.06, 96
226.06, 96
226.06, 96
226.21, 96
226.21, 96
226.56, 96
227.23, 96
227.53, 96
227.53, 96
228.02, 96
229.18, 96
229.18, 96
229.81, 96
229.81, 96
229.82, 96
229.89, 96
229.93, 96
230.22, 96
230.88, 96
231.45, 96
232.02, 96
232.48, 96
232.48, 96
232.52, 96
232.52, 96
233.04, 96
233.07, 96
233.07, 96
233.10, 96
233.37, 96
233.37, 96
233.47, 96
235.29, 96
235.47, 96
235.67, 96
235.95, 96
237.02, 96
237.02, 96
237.02, 96
237.94, 96
237.94, 96
237.94, 96
237.94, 96
237.96, 96
238.67, 96
238.83, 96
238.85, 96
241.14, 96
241.14, 96
241.33, 96
241.33, 96
241.47, 96
241.50, 96
241.99, 96
242.54, 96
242.54, 96
242.54, 96
243.96, 96
244.00, 96
244.00, 96
244.99, 96
244.99, 96
245.04, 96
245.22, 96
245.24, 96
245.76, 96
245.76, 96
245.76, 96
245.88, 96
246.16, 96
246.16, 96
247.37, 96
247.38, 96
247.42, 96
247.82, 96
248.11, 96
248.12, 96
248.17, 96
248.17, 96
248.67, 96
248.67, 96
248.67, 96
248.67, 96
248.67, 96
248.68, 96
248.83, 96
249.13, 96
249.86, 96
250.20, 96
250.20, 96
250.56, 96
251.02, 96
251.04, 96
251.44, 96
251.44, 96
251.55, 96
251.85, 96
252.47, 96
252.75, 96
252.76, 96
252.76, 96
253.29, 96
253.66, 96
253.86, 96
254.32, 96
254.34, 96
254.34, 96
254.34, 96
254.61, 96
254.69, 96
254.76, 96
254.77, 96
254.77, 96
255.16, 96
255.17, 96
255.17, 96
255.17, 96
255.17, 96
255.43, 96
255.43, 96
256.31, 96
256.31, 96
256.64, 96
256.69, 96
256.69, 96
256.78, 96
256.78, 96
256.84, 96
257.04, 96
257.95, 96
258.14, 96
258.70, 96
258.97, 96
259.24, 96
260.70, 96
260.71, 96
260.71, 96
260.71, 96
261.56, 96
261.56, 96
261.93, 96
262.07, 96
262.26, 96
262.85, 96
262.85, 96
262.85, 96
263.32, 96
264.76, 96
265.74, 96
265.87, 96
266.11, 96
266.11, 96
266.12, 96
266.34, 96
267.07, 96
267.13, 96
267.49, 96
267.85, 96
269.76, 96
270.20, 96
270.20, 96
270.21, 96
270.21, 96
270.21, 96
270.21, 96
270.21, 96
270.28, 96
270.33, 96
270.33, 96
270.33, 96
270.63, 96
270.70, 96
272.27, 96
272.28, 96
272.35, 96
272.35, 96
272.47, 96
272.94, 96
274.91, 96
275.32, 96
275.32, 96
275.80, 96
276.10, 96
276.49, 96
276.51, 96
276.51, 96
276.77, 96
276.98, 96
277.02, 96
277.05, 96
277.65, 96
277.65, 96
278.31, 96
278.97, 96
278.98, 96
279.05, 96
279.12, 96
279.12, 96
279.12, 96
279.13, 96
280.14, 96
280.15, 96
280.82, 96
280.82, 96
280.96, 96
282.48, 96
282.55, 96
282.56, 96
282.66, 96
283.25, 96
283.25, 96
283.52, 96
283.52, 96
283.52, 96
283.52, 96
284.28, 96
284.28, 96
284.29, 96
284.29, 96
284.29, 96
284.32, 96
284.32, 96
284.33, 96
285.41, 96
285.41, 96
285.63, 96
285.63, 96
286.48, 96
286.48, 96
286.48, 96
286.71, 96
287.33, 96
287.65, 96
287.65, 96
287.65, 96
288.24, 96
288.89, 96
288.91, 96
288.91, 96
289.15, 96
289.77, 96
289.77, 96
289.84, 96
290.28, 96
290.76, 96
290.90, 96
291.22, 96
291.96, 96
292.10, 96
292.80, 96
292.82, 96
292.86, 96
293.57, 96
293.67, 96
294.21, 96
294.21, 96
297.12, 96
297.68, 96
297.69, 96
297.69, 96
300.01, 96
300.01, 96
300.60, 96
301.83, 96
301.83, 96
302.32, 96
302.39, 96
302.39, 96
304.92, 96
306.12, 96
306.68, 96
306.94, 96
307.39, 96
307.72, 96
307.89, 96
307.89, 96
307.89, 96
307.89, 96
308.16, 96
308.41, 96
309.43, 96
310.28, 96
310.28, 96
310.28, 96
310.49, 96
311.04, 96
312.79, 96
312.89, 96
312.89, 96
313.64, 96
313.65, 96
313.65, 96
313.65, 96
313.65, 96
313.81, 96
313.81, 96
314.03, 96
314.03, 96
314.21, 96
314.84, 96
315.11, 96
316.43, 96
316.48, 96
317.49, 96
317.49, 96
317.49, 96
317.50, 96
317.70, 96
317.70, 96
317.79, 96
317.79, 96
317.79, 96
318.03, 96
318.44, 96
319.39, 96
319.49, 96
319.77, 96
320.88, 96
321.53, 96
321.88, 96
321.88, 96
321.98, 96
322.42, 96
322.88, 96
323.58, 96
324.73, 96
324.76, 96
324.76, 96
325.53, 96
325.61, 96
325.61, 96
326.15, 96
326.15, 96
326.15, 96
326.15, 96
326.16, 96
326.16, 96
326.16, 96
327.96, 96
327.98, 96
328.00, 96
328.35, 96
328.71, 96
328.71, 96
329.04, 96
329.04, 96
329.04, 96
329.04, 96
329.28, 96
329.92, 96
330.50, 96
330.56, 96
330.56, 96
330.56, 96
330.58, 96
330.58, 96
330.58, 96
331.82, 96
332.15, 96
332.16, 96
333.38, 96
334.22, 96
334.92, 96
334.92, 96
334.92, 96
335.02, 96
335.02, 96
335.51, 96
336.30, 96
336.30, 96
336.30, 96
336.30, 96
336.30, 96
336.56, 96
336.76, 96
337.26, 96
337.34, 96
337.37, 96
337.75, 96
338.47, 96
338.48, 96
338.92, 96
339.09, 96
340.23, 96
340.23, 96
340.68, 96
341.25, 96
341.87, 96
341.87, 96
341.92, 96
341.92, 96
342.32, 96
342.94, 96
342.94, 96
342.95, 96
343.29, 96
343.40, 96
343.40, 96
343.40, 96
344.60, 96
344.60, 96
344.60, 96
344.76, 96
344.88, 96
344.88, 96
344.88, 96
344.88, 96
344.89, 96
344.89, 96
344.89, 96
344.89, 96
344.90, 96
344.90, 96
345.78, 96
345.85, 96
346.05, 96
346.05, 96
346.23, 96
346.31, 96
347.16, 96
347.94, 96
347.98, 96
347.98, 96
348.29, 96
348.29, 96
349.82, 96
349.89, 96
349.89, 96
350.14, 96
350.59, 96
351.27, 96
351.83, 96
352.56, 96
354.62, 96
355.06, 96
356.82, 96
357.46, 96
358.60, 96
359.36, 96
359.36, 96
359.55, 96
359.82, 96
359.93, 96
361.00, 96
361.01, 96
361.01, 96
361.06, 96
361.45, 96
361.45, 96
361.58, 96
361.79, 96
362.40, 96
363.20, 96
363.20, 96
364.00, 96
364.46, 96
364.73, 96
364.73, 96
364.73, 96
364.73, 96
364.77, 96
364.78, 96
364.78, 96
364.78, 96
364.78, 96
364.78, 96
364.78, 96
365.45, 96
365.54, 96
365.63, 96
366.14, 96
366.14, 96
366.64, 96
366.64, 96
366.65, 96
367.64, 96
368.55, 96
368.55, 96
368.67, 96
368.67, 96
368.68, 96
369.69, 96
369.97, 96
370.25, 96
370.25, 96
370.89, 96
370.89, 96
370.89, 96
370.90, 96
371.08, 96
371.64, 96
371.64, 96
371.65, 96
371.97, 96
371.97, 96
371.99, 96
371.99, 96
372.09, 96
372.09, 96
372.09, 96
372.97, 96
373.91, 96
373.91, 96
374.51, 96
374.93, 96
374.93, 96
374.93, 96
374.93, 96
375.75, 96
375.75, 96
376.01, 96
376.57, 96
376.57, 96
376.57, 96
377.24, 96
377.24, 96
378.14, 96
378.14, 96
378.14, 96
378.14, 96
379.62, 96
379.81, 96
379.81, 96
380.74, 96
381.96, 96
382.21, 96
382.21, 96
382.21, 96
382.58, 96
383.21, 96
383.35, 96
383.66, 96
383.81, 96
383.81, 96
383.91, 96
384.12, 96
384.12, 96
384.31, 96
384.31, 96
384.97, 96
384.97, 96
385.11, 96
385.11, 96
385.20, 96
385.43, 96
385.82, 96
385.92, 96
385.92, 96
385.92, 96
385.92, 96
385.99, 96
386.22, 96
386.22, 96
386.56, 96
386.86, 96
388.80, 96
388.80, 96
388.89, 96
389.19, 96
389.19, 96
389.49, 96
389.74, 96
390.07, 96
390.19, 96
390.23, 96
391.01, 96
391.27, 96
391.27, 96
391.35, 96
391.36, 96
392.09, 96
392.32, 96
392.32, 96
392.32, 96
392.32, 96
392.32, 96
392.32, 96
392.36, 96
392.43, 96
392.57, 96
393.17, 96
393.40, 96
393.40, 96
393.40, 96
393.40, 96
393.41, 96
393.41, 96
393.43, 96
396.49, 96
396.50, 96
396.50, 96
396.50, 96
396.50, 96
396.71, 96
396.71, 96
396.71, 96
396.76, 96
396.76, 96
397.13, 96
397.53, 96
397.53, 96
397.74, 96
397.74, 96
397.75, 96
397.87, 96
398.01, 96
398.01, 96
398.02, 96
398.67, 96
400.57, 96
400.64, 96
401.18, 96
401.18, 96
401.89, 96
403.10, 96
403.34, 96
403.45, 96
404.15, 96
404.20, 96
404.20, 96
404.34, 96
404.34, 96
405.13, 96
405.13, 96
405.13, 96
406.00, 96
406.00, 96
407.01, 96
407.01, 96
407.02, 96
407.02, 96
407.02, 96
407.25, 96
407.25, 96
407.55, 96
407.76, 96
407.76, 96
407.76, 96
410.25, 96
410.89, 96
410.90, 96
410.90, 96
410.90, 96
410.90, 96
411.17, 96
411.17, 96
411.21, 96
411.34, 96
411.54, 96
411.88, 96
411.88, 96
411.88, 96
412.27, 96
412.70, 96
414.01, 96
414.01, 96
415.05, 96
415.96, 96
416.23, 96
416.89, 96
416.89, 96
417.25, 96
418.49, 96
418.49, 96
418.49, 96
418.54, 96
418.54, 96
418.54, 96
418.54, 96
418.54, 96
418.54, 96
418.54, 96
418.54, 96
418.54, 96
418.54, 96
418.83, 96
418.84, 96
418.84, 96
419.24, 96
419.68, 96
419.88, 96
420.19, 96
420.47, 96
420.47, 96
420.54, 96
421.19, 96
422.82, 96
422.99, 96
423.63, 96
423.64, 96
423.64, 96
423.64, 96
424.44, 96
424.44, 96
424.44, 96
424.44, 96
425.32, 96
425.32, 96
425.32, 96
425.36, 96
425.36, 96
425.36, 96
425.36, 96
425.38, 96
425.38, 96
425.57, 96
425.69, 96
425.69, 96
425.69, 96
425.83, 96
425.95, 96
426.93, 96
427.54, 96
427.84, 96
428.50, 96
428.50, 96
428.69, 96
428.80, 96
428.80, 96
429.90, 96
429.98, 96
429.98, 96
430.71, 96
432.29, 96
433.02, 96
433.02, 96
433.11, 96
434.03, 96
434.03, 96
434.03, 96
434.67, 96
434.67, 96
434.81, 96
434.81, 96
434.93, 96
434.93, 96
435.46, 96
435.46, 96
435.46, 96
435.46, 96
435.46, 96
435.49, 96
435.49, 96
435.84, 96
435.84, 96
436.37, 96
437.55, 96
438.06, 96
438.67, 96
438.83, 96
438.83, 96
439.59, 96
439.72, 96
439.72, 96
439.72, 96
439.72, 96
439.84, 96
439.84, 96
439.94, 96
439.95, 96
440.62, 96
440.62, 96
440.62, 96
440.67, 96
440.67, 96
440.76, 96
440.76, 96
441.65, 96
442.05, 96
442.47, 96
442.66, 96
443.10, 96
443.10, 96
443.18, 96
443.18, 96
443.19, 96
443.19, 96
443.39, 96
444.09, 96
445.45, 96
445.69, 96
445.69, 96
445.69, 96
445.87, 96
447.24, 96
447.70, 96
447.76, 96
447.76, 96
447.76, 96
447.78, 96
447.94, 96
448.07, 96
448.07, 96
448.23, 96
448.32, 96
448.75, 96
448.89, 96
448.89, 96
448.89, 96
448.89, 96
448.89, 96
448.89, 96
449.03, 96
449.40, 96
449.41, 96
449.41, 96
450.24, 96
450.95, 96
450.99, 96
451.04, 96
451.82, 96
452.60, 96
452.63, 96
453.00, 96
453.03, 96
453.03, 96
453.21, 96
453.21, 96
453.88, 96
454.11, 96
454.37, 96
455.53, 96
455.57, 96
455.64, 96
455.64, 96
456.12, 96
456.59, 96
456.59, 96
457.09, 96
457.09, 96
457.09, 96
457.09, 96
457.09, 96
457.09, 96
457.09, 96
457.09, 96
457.09, 96
457.34, 96
457.47, 96
457.56, 96
457.57, 96
458.29, 96
459.37, 96
459.37, 96
459.38, 96
459.38, 96
459.55, 96
460.07, 96
460.26, 96
460.26, 96
460.47, 96
460.47, 96
460.86, 96
461.72, 96
462.06, 96
462.06, 96
462.37, 96
462.37, 96
462.83, 96
462.83, 96
462.83, 96
462.83, 96
462.98, 96
462.98, 96
462.98, 96
462.98, 96
463.04, 96
463.25, 96
463.25, 96
463.26, 96
463.26, 96
464.21, 96
464.35, 96
464.35, 96
464.95, 96
464.95, 96
465.05, 96
465.05, 96
465.05, 96
465.05, 96
465.05, 96
466.69, 96
466.69, 96
466.74, 96
467.16, 96
467.16, 96
467.59, 96
467.59, 96
467.91, 96
468.28, 96
469.42, 96
470.19, 96
470.19, 96
471.64, 96
471.64, 96
471.86, 96
471.86, 96
472.08, 96
472.33, 96
472.33, 96
472.76, 96
472.84, 96
472.85, 96
472.85, 96
472.85, 96
473.06, 96
473.22, 96
473.76, 96
473.76, 96
473.76, 96
473.77, 96
474.04, 96
474.26, 96
474.61, 96
474.61, 96
475.45, 96
475.85, 96
476.81, 96
476.99, 96
476.99, 96
477.63, 96
477.80, 96
477.81, 96
477.81, 96
478.06, 96
478.99, 96
478.99, 96
478.99, 96
478.99, 96
478.99, 96
480.12, 96
480.56, 96
480.82, 96
480.82, 96
480.84, 96
482.11, 96
482.11, 96
482.11, 96
482.15, 96
484.24, 96
484.24, 96
484.24, 96
484.41, 96
484.98, 96
484.98, 96
484.98, 96
485.05, 96
485.42, 96
485.42, 96
485.42, 96
485.52, 96
485.55, 96
485.69, 96
486.16, 96
486.42, 96
486.42, 96
486.82, 96
487.51, 96
487.75, 96
488.01, 96
488.06, 96
488.73, 96
488.89, 96
488.89, 96
488.89, 96
489.15, 96
490.32, 96
490.32, 96
491.00, 96
491.00, 96
491.00, 96
491.00, 96
491.00, 96
491.00, 96
491.79, 96
492.45, 96
492.45, 96
493.88, 96
493.88, 96
493.88, 96
494.06, 96
494.16, 96
494.54, 96
496.05, 96
496.06, 96
496.55, 96
496.65, 96
497.29, 96
497.29, 96
497.77, 96
499.19, 96
499.19, 96
499.23, 96
499.40, 96
499.40, 96
499.40, 96
499.41, 96
499.41, 96
499.51, 96
499.66, 96
499.91, 96
499.99, 96
500.62, 96
500.64, 96
501.21, 96
501.49, 96
501.57, 96
501.57, 96
501.72, 96
502.26, 96
502.48, 96
502.69, 96
502.87, 96
502.87, 96
503.78, 96
503.78, 96
503.78, 96
503.78, 96
503.96, 96
504.30, 96
504.30, 96
504.94, 96
504.94, 96
505.32, 96
505.32, 96
506.43, 96
506.43, 96
506.86, 96
507.67, 96
507.67, 96
508.39, 96
508.39, 96
508.73, 96
508.76, 96
508.76, 96
508.82, 96
508.93, 96
510.52, 96
510.52, 96
510.52, 96
510.92, 96
511.29, 96
511.49, 96
511.53, 96
511.56, 96
511.56, 96
511.86, 96
511.97, 96
512.19, 96
512.66, 96
512.84, 96
512.84, 96
513.19, 96
513.46, 96
513.46, 96
513.53, 96
514.93, 96
514.93, 96
514.93, 96
515.05, 96
515.05, 96
515.78, 96
516.02, 96
516.13, 96
516.14, 96
517.29, 96
517.38, 96
517.70, 96
519.53, 96
520.17, 96
520.41, 96
520.41, 96
520.41, 96
520.50, 96
520.50, 96
520.73, 96
520.74, 96
520.74, 96
520.74, 96
520.76, 96
520.76, 96
521.00, 96
521.00, 96
521.09, 96
521.61, 96
522.49, 96
522.54, 96
522.58, 96
522.58, 96
523.22, 96
523.58, 96
523.58, 96
523.99, 96
523.99, 96
524.00, 96
525.82, 96
525.82, 96
525.83, 96
526.67, 96
527.02, 96
527.48, 96
527.66, 96
527.89, 96
527.90, 96
528.08, 96
528.27, 96
528.47, 96
528.47, 96
528.94, 96
528.94, 96
528.94, 96
529.08, 96
529.08, 96
529.45, 96
529.64, 96
529.68, 96
529.68, 96
529.93, 96
530.00, 96
530.04, 96
530.04, 96
530.05, 96
530.05, 96
530.07, 96
530.07, 96
530.65, 96
531.19, 96
531.19, 96
531.26, 96
531.26, 96
531.26, 96
531.47, 96
532.00, 96
532.96, 96
534.97, 96
535.05, 96
535.57, 96
536.05, 96
536.12, 96
539.57, 96
539.57, 96
539.80, 96
540.86, 96
540.86, 96
540.93, 96
541.24, 96
541.37, 96
541.67, 96
541.67, 96
541.67, 96
541.67, 96
542.30, 96
542.74, 96
542.74, 96
542.74, 96
542.99, 96
542.99, 96
543.12, 96
543.12, 96
543.12, 96
543.35, 96
544.28, 96
544.44, 96
544.44, 96
544.84, 96
544.84, 96
545.50, 96
545.50, 96
545.72, 96
545.78, 96
545.79, 96
546.47, 96
546.56, 96
546.57, 96
546.87, 96
546.87, 96
546.87, 96
546.87, 96
547.01, 96
547.04, 96
547.37, 96
547.44, 96
547.44, 96
547.44, 96
547.44, 96
547.49, 96
547.50, 96
547.50, 96
547.50, 96
547.97, 96
548.23, 96
548.33, 96
548.33, 96
548.44, 96
549.14, 96
549.35, 96
549.37, 96
549.37, 96
549.80, 96
549.80, 96
550.02, 96
550.03, 96
550.13, 96
550.13, 96
550.15, 96
550.15, 96
550.20, 96
550.20, 96
550.20, 96
550.58, 96
550.82, 96
551.78, 96
552.13, 96
552.66, 96
552.66, 96
552.71, 96
552.71, 96
552.93, 96
552.94, 96
552.94, 96
552.98, 96
554.69, 96
554.93, 96
555.05, 96
555.09, 96
555.23, 96
556.40, 96
557.70, 96
558.91, 96
558.91, 96
559.62, 96
559.62, 96
559.62, 96
559.64, 96
559.64, 96
559.67, 96
559.74, 96
559.74, 96
560.34, 96
560.55, 96
560.55, 96
560.55, 96
561.02, 96
561.02, 96
561.90, 96
561.90, 96
561.91, 96
561.91, 96
561.99, 96
562.19, 96
562.19, 96
562.26, 96
562.83, 96
562.83, 96
562.83, 96
562.83, 96
562.98, 96
564.41, 96
564.46, 96
565.25, 96
565.67, 96
565.93, 96
566.21, 96
566.52, 96
566.52, 96
566.57, 96
566.58, 96
566.58, 96
567.59, 96
567.69, 96
568.16, 96
568.26, 96
568.26, 96
568.64, 96
568.64, 96
568.83, 96
569.21, 96
569.49, 96
569.49, 96
570.23, 96
570.23, 96
570.29, 96
570.38, 96
570.38, 96
570.58, 96
571.54, 96
571.57, 96
571.57, 96
571.57, 96
572.20, 96
573.55, 96
574.42, 96
575.00, 96
575.51, 96
575.51, 96
575.74, 96
575.81, 96
575.81, 96
576.47, 96
576.48, 96
576.88, 96
577.40, 96
577.63, 96
577.63, 96
579.42, 96
580.27, 96
580.41, 96
581.08, 96
581.29, 96
582.07, 96
582.07, 96
582.23, 96
582.23, 96
582.25, 96
582.25, 96
583.16, 96
583.16, 96
583.37, 96
583.84, 96
583.85, 96
583.86, 96
584.33, 96
584.34, 96
584.44, 96
585.38, 96
585.38, 96
585.55, 96
586.07, 96
587.66, 96
587.88, 96
587.88, 96
588.02, 96
588.12, 96
588.12, 96
588.20, 96
588.20, 96
588.20, 96
588.35, 96
589.04, 96
589.47, 96
589.47, 96
590.22, 96
590.23, 96
590.36, 96
590.80, 96
590.80, 96
590.80, 96
590.80, 96
591.19, 96
591.19, 96
591.39, 96
591.39, 96
594.04, 96
595.02, 96
595.02, 96
595.02, 96
595.02, 96
596.16, 96
596.16, 96
596.20, 96
596.20, 96
596.20, 96
596.21, 96
596.21, 96
596.21, 96
596.27, 96
596.59, 96
597.79, 96
597.93, 96
597.93, 96
597.93, 96
598.45, 96
598.78, 96
598.79, 96
598.79, 96
598.79, 96
599.81, 96
599.81, 96
