0.00, 102
0.00, 99
0.00, 99
0.01, 99
0.01, 99
0.01, 98
0.01, 98
0.01, 98
0.01, 98
0.02, 98
0.02, 97
0.04, 97
0.04, 97
0.06, 97
0.09, 97
0.09, 97
0.11, 97
0.11, 97
0.11, 97
0.27, 97
0.27, 97
0.32, 97
0.33, 97
0.33, 97
0.33, 97
0.38, 97
0.38, 97
0.39, 97
0.45, 97
0.45, 97
0.45, 97
0.49, 97
0.52, 97
0.52, 97
0.56, 97
0.56, 97
0.56, 97
0.57, 97
0.57, 97
0.57, 97
0.57, 97
0.57, 97
0.62, 97
0.62, 97
0.63, 97
0.63, 96
1.30, 96
2.28, 96
2.36, 96
2.43, 96
2.43, 96
3.46, 96
5.37, 96
5.58, 96
6.22, 96
6.27, 96
6.39, 96
6.39, 96
6.73, 96
7.49, 96
7.52, 96
7.52, 96
7.68, 96
7.68, 96
8.91, 96
9.17, 96
9.17, 96
9.37, 96
10.03, 96
11.19, 96
11.28, 96
12.61, 96
12.61, 96
12.88, 96
12.88, 96
13.32, 96
13.50, 96
13.51, 96
13.91, 96
13.91, 96
14.28, 96
14.28, 96
14.28, 96
14.67, 96
14.75, 96
14.78, 96
14.82, 96
14.84, 96
16.00, 96
16.00, 96
16.09, 96
16.09, 96
16.27, 96
16.27, 96
16.48, 96
16.48, 96
16.48, 96
16.72, 96
16.72, 96
17.28, 96
17.28, 96
17.28, 96
17.29, 96
17.30, 96
17.30, 96
17.30, 96
18.21, 96
18.22, 96
18.22, 96
18.76, 96
19.00, 96
19.00, 96
19.00, 96
19.49, 96
20.38, 96
21.04, 96
21.05, 96
21.62, 96
23.83, 96
23.83, 96
23.99, 96
24.04, 96
24.05, 96
24.05, 96
24.46, 96
24.55, 96
24.86, 96
25.34, 96
25.68, 96
25.68, 96
25.96, 96
26.08, 96
26.15, 96
26.20, 96
26.24, 96
26.24, 96
26.31, 96
27.92, 96
28.19, 96
28.19, 96
28.19, 96
29.10, 96
30.19, 96
30.24, 96
30.24, 96
30.24, 96
30.24, 96
30.48, 96
30.90, 96
31.17, 96
31.17, 96
31.17, 96
31.58, 96
31.58, 96
31.74, 96
33.40, 96
33.49, 96
33.99, 96
33.99, 96
34.12, 96
34.64, 96
34.64, 96
34.64, 96
34.83, 96
34.96, 96
35.00, 96
36.02, 96
36.02, 96
36.02, 96
36.02, 96
36.02, 96
36.07, 96
37.09, 96
37.75, 96
37.75, 96
37.99, 96
38.08, 96
39.20, 96
39.20, 96
39.21, 96
39.21, 96
39.21, 96
39.24, 96
39.52, 96
39.57, 96
40.21, 96
40.21, 96
40.28, 96
41.00, 96
41.17, 96
41.17, 96
41.27, 96
41.44, 96
43.01, 96
43.93, 96
43.93, 96
44.08, 96
44.09, 96
44.15, 96
44.15, 96
44.63, 96
44.68, 96
44.68, 96
44.77, 96
44.78, 96
44.78, 96
44.82, 96
44.82, 96
44.83, 96
45.09, 96
45.10, 96
45.10, 96
45.33, 96
45.33, 96
45.95, 96
46.11, 96
46.50, 96
47.23, 96
47.27, 96
48.35, 96
49.63, 96
49.63, 96
49.95, 96
50.12, 96
50.83, 96
51.72, 96
51.72, 96
51.73, 96
52.01, 96
52.02, 96
52.17, 96
52.17, 96
52.18, 96
52.69, 96
52.69, 96
53.36, 96
53.38, 96
53.41, 96
53.94, 96
53.95, 96
54.08, 96
54.08, 96
55.06, 96
55.46, 96
55.47, 96
55.47, 96
55.47, 96
55.51, 96
55.67, 96
55.76, 96
55.77, 96
56.05, 96
56.05, 96
56.05, 96
56.05, 96
56.05, 96
56.05, 96
56.52, 96
56.52, 96
56.52, 96
57.21, 96
57.21, 96
57.79, 96
57.79, 96
58.47, 96
58.58, 96
58.58, 96
58.68, 96
58.69, 96
58.69, 96
58.69, 96
59.15, 96
59.16, 96
59.44, 96
59.44, 96
59.74, 96
59.74, 96
60.76, 96
60.76, 96
60.76, 96
60.77, 96
60.77, 96
61.11, 96
61.11, 96
62.17, 96
62.17, 96
62.58, 96
62.89, 96
62.89, 96
63.67, 96
63.97, 96
63.97, 96
64.33, 96
64.65, 96
65.99, 96
66.34, 96
66.34, 96
66.83, 96
67.00, 96
67.38, 96
67.38, 96
67.69, 96
68.28, 96
68.28, 96
68.28, 96
68.59, 96
69.39, 96
71.47, 96
71.55, 96
71.55, 96
72.00, 96
72.00, 96
72.35, 96
72.49, 96
72.49, 96
72.82, 96
73.20, 96
73.20, 96
73.20, 96
73.20, 96
74.39, 96
74.52, 96
74.86, 96
76.08, 96
76.53, 96
76.99, 96
77.46, 96
77.46, 96
77.78, 96
78.45, 96
78.45, 96
78.69, 96
78.69, 96
79.59, 96
79.60, 96
80.08, 96
80.18, 96
80.20, 96
80.21, 96
80.21, 96
80.33, 96
80.67, 96
81.52, 96
81.52, 96
81.52, 96
81.64, 96
81.64, 96
81.64, 96
81.65, 96
81.65, 96
81.65, 96
81.75, 96
81.75, 96
83.44, 96
83.44, 96
83.44, 96
83.44, 96
84.17, 96
84.39, 96
84.51, 96
85.24, 96
85.24, 96
85.59, 96
85.77, 96
86.07, 96
86.14, 96
86.29, 96
86.29, 96
86.67, 96
87.00, 96
87.21, 96
87.30, 96
87.50, 96
87.50, 96
88.32, 96
88.32, 96
88.34, 96
89.96, 96
89.96, 96
89.98, 96
90.84, 96
90.85, 96
90.85, 96
91.24, 96
91.66, 96
92.40, 96
92.40, 96
92.94, 96
94.19, 96
95.04, 96
95.04, 96
95.30, 96
95.81, 96
95.81, 96
98.01, 96
98.02, 96
98.02, 96
98.45, 96
98.76, 96
98.76, 96
98.76, 96
98.77, 96
98.85, 96
98.97, 96
98.97, 96
98.98, 96
100.51, 96
100.51, 96
100.73, 96
100.74, 96
100.74, 96
101.29, 96
101.90, 96
101.90, 96
101.99, 96
102.03, 96
102.03, 96
102.03, 96
102.03, 96
102.58, 96
104.46, 96
104.46, 96
105.09, 96
105.09, 96
105.09, 96
105.13, 96
105.14, 96
105.14, 96
105.23, 96
105.23, 96
105.51, 96
106.02, 96
106.13, 96
106.81, 96
106.96, 96
106.96, 96
106.96, 96
106.97, 96
106.97, 96
107.51, 96
107.51, 96
107.51, 96
107.52, 96
107.52, 96
107.95, 96
107.95, 96
109.27, 96
109.27, 96
110.09, 96
110.09, 96
110.30, 96
110.61, 96
112.22, 96
113.07, 96
113.07, 96
113.07, 96
113.07, 96
113.07, 96
113.07, 96
114.39, 96
114.40, 96
114.40, 96
114.65, 96
114.65, 96
114.65, 96
114.66, 96
114.77, 96
114.97, 96
114.97, 96
114.97, 96
114.97, 96
114.97, 96
114.97, 96
115.55, 96
115.55, 96
117.35, 96
117.35, 96
117.35, 96
118.75, 96
118.97, 96
119.15, 96
119.53, 96
119.53, 96
119.53, 96
119.66, 96
119.66, 96
119.66, 96
119.66, 96
119.69, 96
119.69, 96
120.22, 96
120.47, 96
120.86, 96
120.90, 96
120.90, 96
121.49, 96
121.73, 96
122.37, 96
122.70, 96
123.08, 96
123.14, 96
123.14, 96
123.14, 96
123.14, 96
123.52, 96
123.82, 96
123.84, 96
123.84, 96
123.84, 96
123.84, 96
123.85, 96
124.09, 96
124.09, 96
124.11, 96
124.16, 96
124.16, 96
124.17, 96
124.54, 96
124.95, 96
124.95, 96
125.21, 96
126.09, 96
126.09, 96
126.91, 96
127.03, 96
127.03, 96
127.17, 96
127.32, 96
127.33, 96
127.33, 96
128.25, 96
128.46, 96
129.07, 96
129.07, 96
129.27, 96
130.05, 96
130.05, 96
130.13, 96
130.60, 96
130.79, 96
130.79, 96
131.21, 96
131.21, 96
131.86, 96
131.86, 96
132.41, 96
132.83, 96
132.83, 96
132.83, 96
132.84, 96
134.13, 96
134.13, 96
134.55, 96
135.08, 96
135.66, 96
135.76, 96
135.76, 96
135.87, 96
136.05, 96
136.83, 96
137.53, 96
137.93, 96
137.93, 96
138.21, 96
139.02, 96
139.91, 96
139.91, 96
140.91, 96
141.25, 96
141.45, 96
141.83, 96
142.39, 96
142.39, 96
142.86, 96
143.32, 96
143.33, 96
143.41, 96
144.43, 96
144.52, 96
144.52, 96
145.13, 96
145.48, 96
145.48, 96
145.48, 96
145.63, 96
145.64, 96
145.81, 96
145.85, 96
145.85, 96
145.85, 96
146.36, 96
146.36, 96
147.09, 96
147.09, 96
147.28, 96
147.28, 96
147.28, 96
147.28, 96
147.89, 96
147.90, 96
147.90, 96
147.94, 96
147.97, 96
148.65, 96
148.65, 96
148.65, 96
148.65, 96
148.65, 96
148.67, 96
148.79, 96
148.79, 96
148.80, 96
148.80, 96
148.96, 96
149.46, 96
150.34, 96
150.34, 96
151.03, 96
151.03, 96
151.42, 96
151.42, 96
151.43, 96
151.47, 96
151.47, 96
151.47, 96
151.63, 96
151.87, 96
151.97, 96
152.58, 96
152.58, 96
152.68, 96
153.14, 96
153.27, 96
153.46, 96
154.15, 96
154.60, 96
154.85, 96
155.85, 96
155.93, 96
155.94, 96
156.30, 96
156.30, 96
156.31, 96
156.41, 96
156.51, 96
156.51, 96
156.64, 96
156.77, 96
156.77, 96
156.77, 96
156.78, 96
157.78, 96
157.79, 96
157.79, 96
157.82, 96
157.83, 96
157.83, 96
157.83, 96
159.41, 96
159.47, 96
159.47, 96
159.75, 96
161.02, 96
161.18, 96
161.42, 96
162.81, 96
163.07, 96
163.18, 96
163.85, 96
163.88, 96
163.88, 96
163.99, 96
165.04, 96
165.05, 96
165.30, 96
165.42, 96
166.55, 96
166.93, 96
166.93, 96
167.23, 96
167.60, 96
168.26, 96
168.26, 96
168.26, 96
168.28, 96
168.71, 96
168.72, 96
168.72, 96
168.72, 96
169.18, 96
169.59, 96
169.62, 96
169.62, 96
170.67, 96
170.91, 96
171.14, 96
171.41, 96
171.41, 96
171.41, 96
171.91, 96
171.91, 96
171.91, 96
172.56, 96
172.78, 96
172.78, 96
173.18, 96
173.45, 96
174.96, 96
175.00, 96
175.00, 96
175.25, 96
175.53, 96
176.32, 96
177.08, 96
177.08, 96
177.08, 96
177.08, 96
177.12, 96
177.12, 96
177.49, 96
178.07, 96
178.36, 96
179.06, 96
179.06, 96
179.59, 96
179.63, 96
180.17, 96
180.62, 96
180.62, 96
180.94, 96
180.94, 96
180.94, 96
181.49, 96
181.49, 96
181.58, 96
181.86, 96
182.29, 96
182.29, 96
182.29, 96
182.29, 96
182.34, 96
182.65, 96
182.86, 96
182.87, 96
183.04, 96
183.57, 96
183.57, 96
183.57, 96
183.57, 96
183.57, 96
184.11, 96
184.11, 96
184.23, 96
184.34, 96
184.34, 96
184.80, 96
184.80, 96
184.92, 96
184.92, 96
184.92, 96
184.92, 96
184.92, 96
185.22, 96
185.59, 96
185.59, 96
185.59, 96
185.59, 96
185.65, 96
185.97, 96
186.24, 96
186.73, 96
186.93, 96
187.12, 96
187.12, 96
187.29, 96
187.29, 96
187.29, 96
187.47, 96
187.47, 96
187.47, 96
187.52, 96
187.53, 96
187.73, 96
188.28, 96
188.28, 96
188.28, 96
188.28, 96
188.49, 96
188.49, 96
190.93, 96
190.93, 96
191.15, 96
192.06, 96
192.06, 96
192.06, 96
192.26, 96
192.26, 96
192.36, 96
192.38, 96
192.59, 96
192.59, 96
192.59, 96
192.59, 96
192.70, 96
192.70, 96
192.88, 96
193.57, 96
193.57, 96
194.48, 96
194.48, 96
194.96, 96
195.80, 96
196.05, 96
196.26, 96
196.26, 96
196.62, 96
196.62, 96
196.63, 96
196.65, 96
196.65, 96
196.65, 96
197.30, 96
197.30, 96
197.70, 96
198.85, 96
198.91, 96
198.91, 96
198.91, 96
198.91, 96
199.99, 96
200.36, 96
200.87, 96
200.87, 96
200.98, 96
200.98, 96
200.98, 96
201.94, 96
203.80, 96
203.80, 96
203.80, 96
203.80, 96
204.08, 96
204.08, 96
204.66, 96
204.94, 96
205.15, 96
205.35, 96
207.18, 96
207.18, 96
208.01, 96
208.33, 96
208.33, 96
208.33, 96
208.34, 96
208.45, 96
208.47, 96
208.84, 96
208.84, 96
208.84, 96
208.84, 96
208.84, 96
208.91, 96
208.91, 96
208.91, 96
209.11, 96
209.12, 96
209.12, 96
209.42, 96
209.92, 96
209.92, 96
210.66, 96
210.66, 96
210.66, 96
210.66, 96
210.77, 96
210.77, 96
210.77, 96
210.88, 96
210.88, 96
210.88, 96
210.89, 96
210.89, 96
211.39, 96
211.39, 96
211.39, 96
211.53, 96
211.53, 96
212.10, 96
212.29, 96
212.29, 96
212.29, 96
212.29, 96
212.53, 96
212.53, 96
212.53, 96
212.53, 96
213.94, 96
214.16, 96
214.16, 96
214.18, 96
214.19, 96
214.55, 96
215.12, 96
215.13, 96
215.13, 96
215.13, 96
215.13, 96
215.23, 96
215.23, 96
215.29, 96
215.54, 96
215.54, 96
215.81, 96
215.81, 96
215.82, 96
216.25, 96
216.68, 96
216.68, 96
216.84, 96
216.89, 96
216.93, 96
216.93, 96
216.93, 96
217.01, 96
217.01, 96
217.32, 96
217.32, 96
217.98, 96
217.98, 96
218.06, 96
218.52, 96
218.96, 96
218.99, 96
219.45, 96
219.45, 96
219.48, 96
220.27, 96
220.81, 96
221.13, 96
221.48, 96
221.67, 96
221.67, 96
223.02, 96
223.86, 96
224.15, 96
224.21, 96
224.21, 96
224.21, 96
224.39, 96
224.39, 96
224.76, 96
225.44, 96
225.81, 96
225.82, 96
226.38, 96
227.40, 96
227.40, 96
227.99, 96
227.99, 96
227.99, 96
228.06, 96
228.10, 96
228.38, 96
228.99, 96
229.57, 96
230.09, 96
230.56, 96
230.56, 96
230.61, 96
230.61, 96
231.20, 96
231.23, 96
231.23, 96
231.26, 96
231.55, 96
231.55, 96
231.65, 96
233.41, 96
233.63, 96
233.84, 96
234.11, 96
235.20, 96
235.20, 96
235.20, 96
236.27, 96
236.27, 96
236.27, 96
236.27, 96
236.29, 96
236.99, 96
237.11, 96
237.13, 96
239.32, 96
239.32, 96
239.50, 96
239.50, 96
239.67, 96
239.70, 96
240.20, 96
240.95, 96
240.96, 96
240.96, 96
242.34, 96
242.38, 96
242.38, 96
243.42, 96
243.42, 96
243.47, 96
243.66, 96
243.67, 96
244.17, 96
244.17, 96
244.17, 96
244.28, 96
244.57, 96
244.58, 96
246.04, 96
246.04, 96
246.10, 96
246.61, 96
246.88, 96
246.88, 96
246.95, 96
246.95, 96
247.42, 96
247.42, 96
247.42, 96
247.42, 96
247.42, 96
247.43, 96
247.57, 96
247.83, 96
248.46, 96
248.77, 96
248.77, 96
249.13, 96
249.46, 96
249.48, 96
249.77, 96
249.77, 96
249.84, 96
250.18, 96
250.98, 96
251.32, 96
251.32, 96
251.32, 96
251.83, 96
252.17, 96
252.34, 96
252.64, 96
252.65, 96
252.66, 96
252.66, 96
252.88, 96
252.98, 96
253.06, 96
253.06, 96
253.06, 96
253.43, 96
253.44, 96
253.44, 96
253.44, 96
253.44, 96
253.65, 96
253.65, 96
254.49, 96
254.49, 96
254.78, 96
254.83, 96
254.83, 96
254.92, 96
254.92, 96
254.98, 96
255.17, 96
256.16, 96
256.36, 96
256.85, 96
257.12, 96
257.45, 96
259.24, 96
259.24, 96
259.24, 96
259.24, 96
260.34, 96
260.34, 96
260.84, 96
261.04, 96
261.28, 96
262.10, 96
262.10, 96
262.10, 96
262.74, 96
264.52, 96
265.82, 96
266.03, 96
266.36, 96
266.37, 96
266.37, 96
266.67, 96
267.62, 96
267.71, 96
268.18, 96
268.61, 96
270.68, 96
271.19, 96
271.19, 96
271.19, 96
271.19, 96
271.19, 96
271.20, 96
271.20, 96
271.27, 96
271.32, 96
271.32, 96
271.32, 96
271.59, 96
271.62, 96
272.83, 96
272.83, 96
272.88, 96
272.88, 96
272.98, 96
273.31, 96
274.76, 96
275.06, 96
275.06, 96
275.40, 96
275.64, 96
276.01, 96
276.02, 96
276.02, 96
276.26, 96
276.41, 96
276.43, 96
276.45, 96
276.91, 96
276.91, 96
277.43, 96
278.08, 96
278.08, 96
278.13, 96
278.22, 96
278.22, 96
278.22, 96
278.22, 96
279.19, 96
279.20, 96
279.90, 96
279.90, 96
280.11, 96
281.59, 96
281.67, 96
281.67, 96
281.78, 96
282.44, 96
282.47, 96
282.78, 96
282.80, 96
282.80, 96
282.80, 96
283.83, 96
283.83, 96
283.88, 96
283.95, 96
283.96, 96
284.02, 96
284.03, 96
284.04, 96
285.54, 96
285.54, 96
285.88, 96
285.88, 96
287.00, 96
287.00, 96
287.00, 96
287.30, 96
288.09, 96
288.50, 96
288.50, 96
288.51, 96
289.26, 96
290.04, 96
290.07, 96
290.07, 96
290.38, 96
291.15, 96
291.15, 96
291.24, 96
291.77, 96
292.41, 96
292.56, 96
292.88, 96
293.66, 96
293.78, 96
294.30, 96
294.31, 96
294.31, 96
294.77, 96
294.84, 96
295.24, 96
295.24, 96
297.48, 96
297.89, 96
297.89, 96
297.89, 96
299.59, 96
299.59, 96
300.01, 96
300.91, 96
300.91, 96
301.28, 96
301.32, 96
301.32, 96
303.21, 96
304.15, 96
304.69, 96
304.91, 96
305.32, 96
305.67, 96
305.93, 96
305.94, 96
305.94, 96
305.94, 96
306.25, 96
306.50, 96
307.36, 96
308.36, 96
308.36, 96
308.36, 96
308.56, 96
309.06, 96
310.81, 96
310.93, 96
310.94, 96
311.71, 96
311.71, 96
311.71, 96
311.71, 96
311.71, 96
311.86, 96
311.87, 96
312.05, 96
312.05, 96
312.22, 96
312.81, 96
313.06, 96
314.43, 96
314.48, 96
315.45, 96
315.45, 96
315.45, 96
315.46, 96
315.58, 96
315.58, 96
315.63, 96
315.63, 96
315.63, 96
315.88, 96
316.35, 96
317.21, 96
317.31, 96
317.58, 96
318.69, 96
319.36, 96
319.71, 96
319.71, 96
319.81, 96
320.25, 96
320.70, 96
321.42, 96
322.42, 96
322.46, 96
322.46, 96
323.24, 96
323.32, 96
323.32, 96
323.85, 96
323.85, 96
323.85, 96
323.85, 96
323.86, 96
323.86, 96
323.86, 96
325.66, 96
325.66, 96
325.76, 96
326.20, 96
326.54, 96
326.54, 96
326.81, 96
326.81, 96
326.82, 96
326.82, 96
327.06, 96
327.63, 96
328.23, 96
328.29, 96
328.29, 96
328.29, 96
328.31, 96
328.31, 96
328.31, 96
329.49, 96
329.80, 96
329.81, 96
331.13, 96
331.92, 96
332.63, 96
332.63, 96
332.63, 96
332.75, 96
332.75, 96
333.24, 96
334.08, 96
334.08, 96
334.08, 96
334.08, 96
334.08, 96
334.38, 96
334.55, 96
335.03, 96
335.12, 96
335.14, 96
335.50, 96
336.33, 96
336.33, 96
336.69, 96
336.82, 96
337.93, 96
337.94, 96
338.32, 96
338.89, 96
339.47, 96
339.47, 96
339.52, 96
339.53, 96
339.92, 96
340.49, 96
340.50, 96
340.50, 96
340.90, 96
341.01, 96
341.01, 96
341.01, 96
342.11, 96
342.11, 96
342.11, 96
342.28, 96
342.41, 96
342.41, 96
342.41, 96
342.41, 96
342.41, 96
342.42, 96
342.42, 96
342.42, 96
342.42, 96
342.42, 96
343.25, 96
343.32, 96
343.51, 96
343.51, 96
343.74, 96
343.80, 96
344.66, 96
345.43, 96
345.47, 96
345.47, 96
345.86, 96
345.86, 96
347.28, 96
347.35, 96
347.35, 96
347.60, 96
348.04, 96
348.65, 96
349.25, 96
349.98, 96
352.28, 96
352.73, 96
354.48, 96
355.12, 96
356.35, 96
357.01, 96
357.01, 96
357.21, 96
357.48, 96
357.60, 96
358.60, 96
358.60, 96
358.60, 96
358.65, 96
359.01, 96
359.01, 96
359.13, 96
359.34, 96
359.96, 96
360.79, 96
360.79, 96
361.67, 96
362.12, 96
362.39, 96
362.39, 96
362.39, 96
362.39, 96
362.43, 96
362.43, 96
362.43, 96
362.43, 96
362.44, 96
362.44, 96
362.44, 96
363.06, 96
363.15, 96
363.24, 96
363.75, 96
363.75, 96
364.23, 96
364.23, 96
364.23, 96
365.21, 96
366.26, 96
366.26, 96
366.39, 96
366.39, 96
366.40, 96
367.29, 96
367.60, 96
367.86, 96
367.87, 96
368.59, 96
368.59, 96
368.59, 96
368.60, 96
368.77, 96
369.28, 96
369.28, 96
369.28, 96
369.59, 96
369.59, 96
369.62, 96
369.62, 96
369.72, 96
369.72, 96
369.72, 96
370.53, 96
371.50, 96
371.50, 96
372.04, 96
372.49, 96
372.49, 96
372.49, 96
372.49, 96
373.35, 96
373.35, 96
373.59, 96
374.12, 96
374.12, 96
374.13, 96
374.78, 96
374.78, 96
375.60, 96
375.60, 96
375.60, 96
375.60, 96
377.07, 96
377.25, 96
377.25, 96
378.14, 96
379.42, 96
379.69, 96
379.69, 96
379.69, 96
380.09, 96
380.70, 96
380.86, 96
381.21, 96
381.33, 96
381.33, 96
381.41, 96
381.57, 96
381.58, 96
381.75, 96
381.76, 96
382.39, 96
382.40, 96
382.55, 96
382.55, 96
382.65, 96
382.89, 96
383.29, 96
383.38, 96
383.38, 96
383.38, 96
383.38, 96
383.44, 96
383.63, 96
383.63, 96
383.95, 96
384.24, 96
386.23, 96
386.23, 96
386.31, 96
386.57, 96
386.57, 96
386.81, 96
387.08, 96
387.42, 96
387.54, 96
387.58, 96
388.38, 96
388.68, 96
388.68, 96
388.77, 96
388.77, 96
389.49, 96
389.70, 96
389.71, 96
389.71, 96
389.71, 96
389.71, 96
389.71, 96
389.74, 96
389.81, 96
389.96, 96
390.57, 96
390.86, 96
390.86, 96
390.86, 96
390.86, 96
390.87, 96
390.87, 96
390.89, 96
393.92, 96
393.93, 96
393.93, 96
393.93, 96
393.93, 96
394.14, 96
394.14, 96
394.14, 96
394.18, 96
394.20, 96
394.54, 96
394.96, 96
394.96, 96
395.16, 96
395.16, 96
395.16, 96
395.28, 96
395.44, 96
395.44, 96
395.44, 96
396.18, 96
398.02, 96
398.08, 96
398.63, 96
398.63, 96
399.30, 96
400.52, 96
400.77, 96
400.91, 96
401.58, 96
401.64, 96
401.64, 96
401.75, 96
401.75, 96
402.57, 96
402.58, 96
402.58, 96
403.53, 96
403.53, 96
404.61, 96
404.61, 96
404.62, 96
404.62, 96
404.62, 96
404.84, 96
404.84, 96
405.17, 96
405.36, 96
405.36, 96
405.36, 96
407.86, 96
408.49, 96
408.49, 96
408.49, 96
408.49, 96
408.49, 96
408.79, 96
408.79, 96
408.85, 96
408.98, 96
409.17, 96
409.51, 96
409.52, 96
409.52, 96
409.92, 96
410.30, 96
411.61, 96
411.61, 96
412.60, 96
413.50, 96
413.75, 96
414.39, 96
414.39, 96
414.75, 96
416.14, 96
416.15, 96
416.15, 96
416.21, 96
416.21, 96
416.21, 96
416.21, 96
416.21, 96
416.21, 96
416.21, 96
416.22, 96
416.22, 96
416.22, 96
416.52, 96
416.52, 96
416.52, 96
416.86, 96
417.26, 96
417.47, 96
417.79, 96
418.07, 96
418.07, 96
418.13, 96
418.76, 96
420.39, 96
420.58, 96
421.35, 96
421.35, 96
421.35, 96
421.35, 96
422.11, 96
422.11, 96
422.11, 96
422.11, 96
423.00, 96
423.00, 96
423.00, 96
423.05, 96
423.06, 96
423.06, 96
423.07, 96
423.08, 96
423.08, 96
423.26, 96
423.38, 96
423.38, 96
423.38, 96
423.52, 96
423.65, 96
424.62, 96
425.22, 96
425.51, 96
426.32, 96
426.32, 96
426.50, 96
426.59, 96
426.59, 96
427.58, 96
427.66, 96
427.66, 96
428.38, 96
429.91, 96
430.68, 96
430.69, 96
430.79, 96
431.72, 96
431.72, 96
431.72, 96
432.35, 96
432.35, 96
432.47, 96
432.47, 96
432.59, 96
432.59, 96
433.13, 96
433.13, 96
433.13, 96
433.13, 96
433.13, 96
433.14, 96
433.14, 96
433.47, 96
433.47, 96
433.99, 96
435.16, 96
435.69, 96
436.39, 96
436.53, 96
436.53, 96
437.16, 96
437.29, 96
437.29, 96
437.29, 96
437.29, 96
437.39, 96
437.40, 96
437.49, 96
437.51, 96
438.15, 96
438.16, 96
438.16, 96
438.22, 96
438.22, 96
438.31, 96
438.31, 96
439.15, 96
439.52, 96
439.98, 96
440.20, 96
440.64, 96
440.64, 96
440.73, 96
440.73, 96
440.74, 96
440.74, 96
440.98, 96
441.64, 96
442.97, 96
443.19, 96
443.20, 96
443.20, 96
443.37, 96
444.71, 96
445.22, 96
445.29, 96
445.29, 96
445.29, 96
445.30, 96
445.45, 96
445.57, 96
445.57, 96
445.79, 96
445.91, 96
446.38, 96
446.48, 96
446.48, 96
446.48, 96
446.48, 96
446.48, 96
446.48, 96
446.60, 96
446.94, 96
446.94, 96
446.94, 96
447.72, 96
448.41, 96
448.46, 96
448.52, 96
449.30, 96
450.09, 96
450.12, 96
450.45, 96
450.47, 96
450.47, 96
450.63, 96
450.63, 96
451.36, 96
451.54, 96
451.80, 96
452.91, 96
452.96, 96
453.03, 96
453.03, 96
453.49, 96
453.99, 96
454.00, 96
454.50, 96
454.50, 96
454.50, 96
454.51, 96
454.51, 96
454.51, 96
454.51, 96
454.51, 96
454.51, 96
454.76, 96
454.86, 96
454.97, 96
454.97, 96
455.84, 96
456.89, 96
456.89, 96
456.90, 96
456.90, 96
457.08, 96
457.68, 96
457.85, 96
457.85, 96
458.05, 96
458.05, 96
458.45, 96
459.47, 96
460.14, 96
460.16, 96
460.53, 96
460.53, 96
461.11, 96
461.11, 96
461.11, 96
461.11, 96
461.30, 96
461.30, 96
461.30, 96
461.30, 96
461.37, 96
461.62, 96
461.62, 96
461.62, 96
461.62, 96
462.66, 96
462.81, 96
462.81, 96
463.44, 96
463.44, 96
463.55, 96
463.56, 96
463.56, 96
463.56, 96
463.57, 96
465.27, 96
465.27, 96
465.32, 96
465.77, 96
465.77, 96
466.31, 96
466.31, 96
466.70, 96
467.05, 96
468.10, 96
468.92, 96
468.92, 96
470.49, 96
470.50, 96
470.75, 96
470.75, 96
471.10, 96
471.51, 96
471.52, 96
472.24, 96
472.38, 96
472.41, 96
472.41, 96
472.41, 96
472.75, 96
473.15, 96
474.03, 96
474.04, 96
474.04, 96
474.04, 96
474.33, 96
474.67, 96
475.11, 96
475.12, 96
476.88, 96
477.71, 96
479.32, 96
479.50, 96
479.51, 96
480.19, 96
480.36, 96
480.36, 96
480.36, 96
480.66, 96
481.70, 96
481.72, 96
481.72, 96
481.72, 96
481.72, 96
483.04, 96
483.64, 96
484.04, 96
484.07, 96
484.12, 96
485.94, 96
485.94, 96
485.94, 96
486.00, 96
488.40, 96
488.40, 96
488.40, 96
488.57, 96
489.52, 96
489.52, 96
489.53, 96
489.68, 96
490.13, 96
490.13, 96
490.13, 96
490.30, 96
490.33, 96
490.53, 96
491.10, 96
491.41, 96
491.42, 96
491.93, 96
492.91, 96
493.23, 96
493.56, 96
493.62, 96
494.46, 96
494.64, 96
494.64, 96
494.65, 96
494.94, 96
496.49, 96
496.49, 96
497.39, 96
497.40, 96
497.40, 96
497.40, 96
497.40, 96
497.41, 96
498.35, 96
499.47, 96
499.47, 96
501.77, 96
501.78, 96
501.78, 96
502.08, 96
502.26, 96
502.82, 96
505.04, 96
505.06, 96
506.19, 96
506.49, 96
507.72, 96
507.72, 96
508.48, 96
510.63, 96
510.63, 96
510.73, 96
510.95, 96
510.95, 96
510.95, 96
510.95, 96
510.95, 96
511.09, 96
511.26, 96
511.62, 96
511.74, 96
512.54, 96
512.56, 96
513.20, 96
513.54, 96
513.63, 96
513.63, 96
513.85, 96
514.45, 96
514.72, 96
514.94, 96
515.21, 96
515.21, 96
516.35, 96
516.36, 96
516.36, 96
516.36, 96
516.60, 96
516.96, 96
516.96, 96
517.60, 96
517.60, 96
517.96, 96
517.96, 96
519.10, 96
519.10, 96
519.54, 96
520.39, 96
520.40, 96
521.24, 96
521.24, 96
521.66, 96
521.69, 96
521.69, 96
521.76, 96
521.86, 96
523.79, 96
523.79, 96
523.79, 96
524.26, 96
524.69, 96
524.95, 96
525.00, 96
525.04, 96
525.04, 96
525.43, 96
525.58, 96
525.90, 96
526.54, 96
526.77, 96
526.77, 96
527.15, 96
527.44, 96
527.44, 96
527.50, 96
529.19, 96
529.19, 96
529.19, 96
529.44, 96
529.45, 96
530.35, 96
530.70, 96
530.84, 96
530.85, 96
532.52, 96
532.63, 96
533.08, 96
536.12, 96
537.37, 96
537.70, 96
537.71, 96
537.71, 96
537.80, 96
537.80, 96
538.04, 96
538.04, 96
538.05, 96
538.05, 96
538.09, 96
538.09, 96
538.36, 96
538.36, 96
538.48, 96
539.08, 96
539.96, 96
540.00, 96
540.05, 96
540.05, 96
540.65, 96
541.08, 96
541.08, 96
541.55, 96
541.55, 96
541.57, 96
543.88, 96
543.88, 96
543.88, 96
544.70, 96
545.04, 96
545.56, 96
545.82, 96
546.11, 96
546.13, 96
546.34, 96
546.56, 96
546.81, 96
546.81, 96
547.43, 96
547.43, 96
547.43, 96
547.56, 96
547.56, 96
547.93, 96
548.14, 96
548.19, 96
548.20, 96
548.45, 96
548.53, 96
548.57, 96
548.57, 96
548.57, 96
548.57, 96
548.58, 96
548.58, 96
549.18, 96
549.71, 96
549.71, 96
549.77, 96
549.77, 96
549.77, 96
550.00, 96
550.75, 96
551.91, 96
554.28, 96
554.38, 96
554.94, 96
555.56, 96
555.64, 96
559.34, 96
559.34, 96
559.60, 96
560.74, 96
560.74, 96
560.83, 96
561.25, 96
561.39, 96
561.72, 96
561.72, 96
561.73, 96
561.73, 96
562.37, 96
562.82, 96
562.82, 96
562.82, 96
563.11, 96
563.11, 96
563.25, 96
563.25, 96
563.25, 96
563.50, 96
564.40, 96
564.56, 96
564.56, 96
564.94, 96
564.94, 96
565.61, 96
565.61, 96
565.88, 96
565.96, 96
565.98, 96
566.72, 96
566.82, 96
566.83, 96
567.19, 96
567.19, 96
567.19, 96
567.19, 96
567.34, 96
567.36, 96
567.71, 96
567.78, 96
567.78, 96
567.78, 96
567.78, 96
567.84, 96
567.85, 96
567.85, 96
567.85, 96
568.38, 96
568.62, 96
568.73, 96
568.73, 96
568.83, 96
569.49, 96
569.69, 96
569.69, 96
569.70, 96
570.12, 96
570.12, 96
570.32, 96
570.32, 96
570.41, 96
570.41, 96
570.44, 96
570.44, 96
570.49, 96
570.49, 96
570.49, 96
570.79, 96
570.96, 96
571.79, 96
572.10, 96
572.57, 96
572.57, 96
572.62, 96
572.62, 96
572.82, 96
572.82, 96
572.83, 96
572.86, 96
574.59, 96
574.84, 96
574.95, 96
575.01, 96
575.21, 96
576.43, 96
577.73, 96
578.98, 96
578.99, 96
579.85, 96
579.86, 96
579.87, 96
579.91, 96
579.91, 96
579.95, 96
580.04, 96
580.04, 96
580.78, 96
580.99, 96
580.99, 96
580.99, 96
581.48, 96
581.48, 96
582.37, 96
582.37, 96
582.39, 96
582.39, 96
582.48, 96
582.68, 96
582.68, 96
582.74, 96
583.33, 96
583.33, 96
583.33, 96
583.33, 96
583.49, 96
584.80, 96
584.86, 96
585.66, 96
586.15, 96
586.42, 96
586.70, 96
587.03, 96
587.03, 96
587.08, 96
587.09, 96
587.09, 96
588.17, 96
588.27, 96
588.74, 96
588.82, 96
588.82, 96
589.19, 96
589.19, 96
589.37, 96
589.72, 96
589.95, 96
589.95, 96
590.75, 96
590.75, 96
590.80, 96
590.88, 96
590.88, 96
591.11, 96
592.04, 96
592.08, 96
592.08, 96
592.08, 96
592.73, 96
594.07, 96
594.88, 96
595.52, 96
596.30, 96
596.30, 96
596.55, 96
596.60, 96
596.60, 96
597.23, 96
597.23, 96
597.64, 96
598.18, 96
598.40, 96
598.40, 96
