0.00, 102
0.00, 99
0.01, 99
0.01, 99
0.01, 99
0.01, 98
0.01, 98
0.01, 98
0.01, 98
0.02, 98
0.02, 97
0.04, 97
0.04, 97
0.05, 97
0.08, 97
0.08, 97
0.10, 97
0.10, 97
0.10, 97
0.24, 97
0.25, 97
0.32, 97
0.33, 97
0.33, 97
0.33, 97
0.38, 97
0.38, 97
0.38, 97
0.45, 97
0.45, 97
0.45, 97
0.51, 97
0.54, 97
0.54, 97
0.59, 97
0.59, 97
0.59, 97
0.59, 97
0.59, 97
0.59, 97
0.59, 97
0.59, 97
0.63, 97
0.64, 97
0.64, 97
0.64, 96
1.34, 96
2.35, 96
2.45, 96
2.52, 96
2.52, 96
3.63, 96
5.56, 96
5.78, 96
6.39, 96
6.43, 96
6.58, 96
6.58, 96
6.95, 96
7.66, 96
7.70, 96
7.71, 96
7.88, 96
7.88, 96
9.30, 96
9.65, 96
9.65, 96
9.88, 96
10.50, 96
11.52, 96
11.63, 96
13.04, 96
13.04, 96
13.37, 96
13.37, 96
13.87, 96
14.07, 96
14.07, 96
14.50, 96
14.50, 96
14.92, 96
14.92, 96
14.93, 96
15.34, 96
15.45, 96
15.48, 96
15.52, 96
15.55, 96
16.87, 96
16.87, 96
16.98, 96
16.99, 96
17.21, 96
17.22, 96
17.48, 96
17.48, 96
17.48, 96
17.79, 96
17.79, 96
18.46, 96
18.46, 96
18.46, 96
18.47, 96
18.47, 96
18.48, 96
18.48, 96
19.62, 96
19.63, 96
19.63, 96
20.37, 96
20.63, 96
20.63, 96
20.63, 96
21.27, 96
22.33, 96
23.01, 96
23.02, 96
23.76, 96
26.43, 96
26.43, 96
26.65, 96
26.71, 96
26.72, 96
26.72, 96
27.22, 96
27.37, 96
27.76, 96
28.36, 96
28.75, 96
28.75, 96
29.01, 96
29.13, 96
29.25, 96
29.32, 96
29.37, 96
29.38, 96
29.50, 96
31.56, 96
31.90, 96
31.90, 96
31.90, 96
33.05, 96
34.30, 96
34.35, 96
34.35, 96
34.35, 96
34.35, 96
34.59, 96
34.99, 96
35.25, 96
35.25, 96
35.25, 96
35.74, 96
35.74, 96
35.93, 96
37.96, 96
38.06, 96
38.69, 96
38.70, 96
38.86, 96
39.50, 96
39.50, 96
39.50, 96
39.75, 96
39.95, 96
40.00, 96
41.06, 96
41.06, 96
41.06, 96
41.06, 96
41.06, 96
41.11, 96
42.33, 96
43.12, 96
43.12, 96
43.43, 96
43.55, 96
44.84, 96
44.84, 96
44.84, 96
44.84, 96
44.84, 96
44.89, 96
45.17, 96
45.22, 96
45.83, 96
45.83, 96
45.94, 96
46.58, 96
46.77, 96
46.77, 96
46.88, 96
47.05, 96
48.72, 96
49.62, 96
49.62, 96
49.78, 96
49.79, 96
49.84, 96
49.84, 96
50.36, 96
50.42, 96
50.42, 96
50.51, 96
50.51, 96
50.51, 96
50.57, 96
50.57, 96
50.57, 96
50.80, 96
50.81, 96
50.81, 96
51.06, 96
51.06, 96
51.55, 96
51.68, 96
52.10, 96
52.77, 96
52.80, 96
53.99, 96
55.30, 96
55.31, 96
55.59, 96
55.77, 96
56.39, 96
57.29, 96
57.29, 96
57.29, 96
57.57, 96
57.57, 96
57.70, 96
57.70, 96
57.70, 96
58.27, 96
58.27, 96
58.98, 96
59.00, 96
59.03, 96
59.57, 96
59.57, 96
59.69, 96
59.69, 96
60.65, 96
61.00, 96
61.00, 96
61.00, 96
61.00, 96
61.04, 96
61.18, 96
61.22, 96
61.22, 96
61.45, 96
61.45, 96
61.45, 96
61.45, 96
61.46, 96
61.46, 96
61.90, 96
61.90, 96
61.90, 96
62.62, 96
62.62, 96
63.26, 96
63.26, 96
63.96, 96
64.06, 96
64.06, 96
64.18, 96
64.18, 96
64.18, 96
64.18, 96
64.64, 96
64.65, 96
64.90, 96
64.90, 96
65.15, 96
65.15, 96
66.11, 96
66.11, 96
66.11, 96
66.11, 96
66.11, 96
66.35, 96
66.35, 96
67.37, 96
67.37, 96
67.78, 96
68.10, 96
68.10, 96
68.99, 96
69.27, 96
69.27, 96
69.60, 96
69.92, 96
71.16, 96
71.52, 96
71.52, 96
72.02, 96
72.20, 96
72.59, 96
72.59, 96
72.90, 96
73.52, 96
73.52, 96
73.52, 96
73.82, 96
74.60, 96
76.52, 96
76.58, 96
76.58, 96
77.10, 96
77.11, 96
77.47, 96
77.59, 96
77.59, 96
77.88, 96
78.37, 96
78.38, 96
78.38, 96
78.38, 96
79.60, 96
79.72, 96
80.06, 96
81.14, 96
81.57, 96
82.02, 96
82.53, 96
82.53, 96
82.87, 96
83.61, 96
83.61, 96
83.87, 96
83.87, 96
84.79, 96
84.79, 96
85.30, 96
85.40, 96
85.43, 96
85.43, 96
85.43, 96
85.56, 96
85.87, 96
86.63, 96
86.63, 96
86.63, 96
86.76, 96
86.76, 96
86.76, 96
86.76, 96
86.76, 96
86.76, 96
86.86, 96
86.86, 96
88.70, 96
88.70, 96
88.70, 96
88.71, 96
89.47, 96
89.71, 96
89.85, 96
90.67, 96
90.67, 96
90.99, 96
91.12, 96
91.36, 96
91.44, 96
91.57, 96
91.57, 96
91.94, 96
92.26, 96
92.47, 96
92.57, 96
92.76, 96
92.76, 96
93.65, 96
93.65, 96
93.67, 96
95.23, 96
95.23, 96
95.25, 96
96.03, 96
96.03, 96
96.03, 96
96.40, 96
96.82, 96
97.54, 96
97.55, 96
98.15, 96
99.61, 96
100.46, 96
100.46, 96
100.72, 96
101.13, 96
101.13, 96
103.41, 96
103.43, 96
103.43, 96
103.88, 96
104.18, 96
104.18, 96
104.18, 96
104.19, 96
104.27, 96
104.37, 96
104.37, 96
104.37, 96
105.92, 96
105.93, 96
106.10, 96
106.10, 96
106.10, 96
106.63, 96
107.26, 96
107.26, 96
107.33, 96
107.38, 96
107.38, 96
107.38, 96
107.38, 96
107.98, 96
109.92, 96
109.92, 96
110.55, 96
110.55, 96
110.55, 96
110.60, 96
110.60, 96
110.61, 96
110.69, 96
110.69, 96
110.96, 96
111.38, 96
111.48, 96
112.16, 96
112.32, 96
112.32, 96
112.32, 96
112.32, 96
112.32, 96
112.89, 96
112.89, 96
112.89, 96
112.89, 96
112.89, 96
113.41, 96
113.41, 96
114.73, 96
114.73, 96
115.52, 96
115.52, 96
115.75, 96
116.05, 96
117.67, 96
118.66, 96
118.66, 96
118.66, 96
118.67, 96
118.68, 96
118.68, 96
119.99, 96
120.00, 96
120.00, 96
120.26, 96
120.27, 96
120.27, 96
120.27, 96
120.39, 96
120.63, 96
120.63, 96
120.63, 96
120.63, 96
120.63, 96
120.63, 96
121.18, 96
121.18, 96
122.91, 96
122.91, 96
122.91, 96
124.38, 96
124.60, 96
124.77, 96
125.17, 96
125.17, 96
125.17, 96
125.31, 96
125.31, 96
125.31, 96
125.33, 96
125.36, 96
125.36, 96
125.89, 96
126.14, 96
126.49, 96
126.53, 96
126.53, 96
127.09, 96
127.33, 96
127.95, 96
128.37, 96
128.78, 96
128.85, 96
128.85, 96
128.85, 96
128.85, 96
129.22, 96
129.54, 96
129.56, 96
129.56, 96
129.56, 96
129.56, 96
129.57, 96
129.79, 96
129.79, 96
129.82, 96
129.87, 96
129.87, 96
129.88, 96
130.24, 96
130.70, 96
130.70, 96
130.99, 96
131.73, 96
131.73, 96
132.47, 96
132.59, 96
132.60, 96
132.70, 96
132.84, 96
132.85, 96
132.85, 96
133.79, 96
134.03, 96
134.64, 96
134.64, 96
134.82, 96
135.61, 96
135.61, 96
135.69, 96
136.10, 96
136.27, 96
136.27, 96
136.67, 96
136.67, 96
137.31, 96
137.31, 96
137.85, 96
138.37, 96
138.37, 96
138.38, 96
138.38, 96
139.77, 96
139.77, 96
140.17, 96
140.66, 96
141.17, 96
141.21, 96
141.21, 96
141.29, 96
141.45, 96
142.21, 96
142.91, 96
143.39, 96
143.39, 96
143.69, 96
144.57, 96
145.52, 96
145.52, 96
146.44, 96
146.76, 96
146.96, 96
147.34, 96
147.86, 96
147.86, 96
148.38, 96
148.89, 96
148.89, 96
148.98, 96
150.00, 96
150.10, 96
150.10, 96
150.70, 96
151.01, 96
151.01, 96
151.02, 96
151.13, 96
151.14, 96
151.24, 96
151.27, 96
151.27, 96
151.27, 96
151.74, 96
151.75, 96
152.44, 96
152.44, 96
152.62, 96
152.62, 96
152.62, 96
152.62, 96
153.25, 96
153.26, 96
153.26, 96
153.31, 96
153.34, 96
154.00, 96
154.00, 96
154.00, 96
154.00, 96
154.00, 96
154.02, 96
154.16, 96
154.16, 96
154.16, 96
154.16, 96
154.30, 96
154.77, 96
155.64, 96
155.64, 96
156.24, 96
156.24, 96
156.65, 96
156.65, 96
156.65, 96
156.70, 96
156.70, 96
156.70, 96
156.89, 96
157.14, 96
157.23, 96
157.86, 96
157.86, 96
157.97, 96
158.50, 96
158.67, 96
158.86, 96
159.55, 96
159.96, 96
160.21, 96
161.10, 96
161.18, 96
161.18, 96
161.52, 96
161.52, 96
161.53, 96
161.64, 96
161.76, 96
161.76, 96
161.90, 96
162.03, 96
162.03, 96
162.03, 96
162.05, 96
163.12, 96
163.12, 96
163.12, 96
163.17, 96
163.17, 96
163.17, 96
163.17, 96
164.85, 96
164.90, 96
164.90, 96
165.18, 96
166.37, 96
166.54, 96
166.81, 96
168.29, 96
168.62, 96
168.76, 96
169.42, 96
169.46, 96
169.46, 96
169.56, 96
170.60, 96
170.60, 96
170.87, 96
171.00, 96
172.00, 96
172.37, 96
172.37, 96
172.65, 96
173.06, 96
173.78, 96
173.78, 96
173.78, 96
173.80, 96
174.19, 96
174.19, 96
174.19, 96
174.19, 96
174.67, 96
175.07, 96
175.09, 96
175.10, 96
176.07, 96
176.28, 96
176.48, 96
176.75, 96
176.76, 96
176.76, 96
177.29, 96
177.29, 96
177.29, 96
177.94, 96
178.20, 96
178.20, 96
178.70, 96
178.97, 96
180.46, 96
180.51, 96
180.51, 96
180.77, 96
181.03, 96
181.69, 96
182.46, 96
182.46, 96
182.46, 96
182.47, 96
182.51, 96
182.51, 96
182.88, 96
183.55, 96
183.81, 96
184.52, 96
184.52, 96
185.06, 96
185.11, 96
185.63, 96
186.05, 96
186.05, 96
186.32, 96
186.32, 96
186.32, 96
186.84, 96
186.84, 96
186.92, 96
187.21, 96
187.65, 96
187.65, 96
187.65, 96
187.65, 96
187.69, 96
188.03, 96
188.29, 96
188.30, 96
188.48, 96
189.04, 96
189.05, 96
189.05, 96
189.05, 96
189.05, 96
189.60, 96
189.60, 96
189.71, 96
189.81, 96
189.82, 96
190.29, 96
190.30, 96
190.41, 96
190.42, 96
190.42, 96
190.42, 96
190.42, 96
190.70, 96
191.09, 96
191.09, 96
191.09, 96
191.09, 96
191.13, 96
191.40, 96
191.63, 96
192.14, 96
192.31, 96
192.53, 96
192.53, 96
192.68, 96
192.68, 96
192.68, 96
192.83, 96
192.83, 96
192.83, 96
192.89, 96
192.90, 96
193.08, 96
193.71, 96
193.71, 96
193.71, 96
193.71, 96
193.92, 96
193.92, 96
196.22, 96
196.22, 96
196.41, 96
197.29, 96
197.29, 96
197.29, 96
197.52, 96
197.52, 96
197.61, 96
197.64, 96
197.82, 96
197.82, 96
197.82, 96
197.83, 96
197.94, 96
197.94, 96
198.15, 96
198.97, 96
198.97, 96
199.88, 96
199.88, 96
200.38, 96
201.21, 96
201.43, 96
201.61, 96
201.61, 96
202.00, 96
202.00, 96
202.00, 96
202.03, 96
202.03, 96
202.03, 96
202.68, 96
202.68, 96
203.07, 96
204.33, 96
204.39, 96
204.39, 96
204.39, 96
204.40, 96
205.44, 96
205.82, 96
206.26, 96
206.27, 96
206.35, 96
206.35, 96
206.35, 96
207.33, 96
209.45, 96
209.45, 96
209.45, 96
209.45, 96
209.69, 96
209.69, 96
210.27, 96
210.57, 96
210.76, 96
210.96, 96
212.59, 96
212.59, 96
213.55, 96
213.86, 96
213.86, 96
213.87, 96
213.87, 96
213.98, 96
213.99, 96
214.35, 96
214.35, 96
214.35, 96
214.35, 96
214.35, 96
214.41, 96
214.42, 96
214.42, 96
214.62, 96
214.62, 96
214.63, 96
214.92, 96
215.43, 96
215.43, 96
216.11, 96
216.11, 96
216.11, 96
216.11, 96
216.19, 96
216.19, 96
216.19, 96
216.27, 96
216.27, 96
216.27, 96
216.27, 96
216.27, 96
216.69, 96
216.69, 96
216.69, 96
216.83, 96
216.84, 96
217.41, 96
217.59, 96
217.59, 96
217.59, 96
217.59, 96
217.84, 96
217.84, 96
217.84, 96
217.84, 96
219.41, 96
219.61, 96
219.61, 96
219.64, 96
219.64, 96
220.01, 96
220.56, 96
220.56, 96
220.57, 96
220.57, 96
220.57, 96
220.66, 96
220.66, 96
220.71, 96
220.95, 96
220.95, 96
221.14, 96
221.14, 96
221.14, 96
221.58, 96
222.02, 96
222.02, 96
222.17, 96
222.24, 96
222.27, 96
222.27, 96
222.27, 96
222.35, 96
222.35, 96
222.65, 96
222.65, 96
223.45, 96
223.46, 96
223.55, 96
224.04, 96
224.52, 96
224.56, 96
224.99, 96
224.99, 96
225.04, 96
225.81, 96
226.34, 96
226.60, 96
226.92, 96
227.12, 96
227.12, 96
228.62, 96
229.48, 96
229.80, 96
229.86, 96
229.86, 96
229.86, 96
230.03, 96
230.03, 96
230.41, 96
231.05, 96
231.35, 96
231.35, 96
231.84, 96
232.91, 96
232.91, 96
233.56, 96
233.56, 96
233.56, 96
233.64, 96
233.67, 96
233.96, 96
234.60, 96
235.17, 96
235.69, 96
236.15, 96
236.15, 96
236.19, 96
236.19, 96
236.72, 96
236.74, 96
236.75, 96
236.78, 96
237.04, 96
237.04, 96
237.14, 96
239.07, 96
239.28, 96
239.49, 96
239.76, 96
240.83, 96
240.83, 96
240.83, 96
241.71, 96
241.71, 96
241.71, 96
241.71, 96
241.73, 96
242.42, 96
242.54, 96
242.56, 96
244.83, 96
244.83, 96
245.01, 96
245.01, 96
245.15, 96
245.18, 96
245.67, 96
246.26, 96
246.26, 96
246.26, 96
247.57, 96
247.61, 96
247.61, 96
248.77, 96
248.77, 96
248.80, 96
249.00, 96
249.01, 96
249.51, 96
249.51, 96
249.51, 96
249.61, 96
249.89, 96
249.89, 96
251.12, 96
251.13, 96
251.17, 96
251.60, 96
251.86, 96
251.86, 96
251.93, 96
251.93, 96
252.41, 96
252.41, 96
252.41, 96
252.41, 96
252.41, 96
252.42, 96
252.53, 96
252.79, 96
253.59, 96
253.97, 96
253.97, 96
254.35, 96
254.65, 96
254.68, 96
254.98, 96
254.98, 96
255.06, 96
255.36, 96
255.98, 96
256.26, 96
256.26, 96
256.26, 96
256.82, 96
257.16, 96
257.34, 96
257.65, 96
257.66, 96
257.66, 96
257.66, 96
257.89, 96
258.00, 96
258.08, 96
258.08, 96
258.08, 96
258.61, 96
258.62, 96
258.62, 96
258.62, 96
258.62, 96
258.90, 96
258.90, 96
259.75, 96
259.75, 96
260.06, 96
260.10, 96
260.11, 96
260.22, 96
260.22, 96
260.29, 96
260.47, 96
261.28, 96
261.48, 96
261.99, 96
262.23, 96
262.49, 96
263.95, 96
263.95, 96
263.95, 96
263.95, 96
264.79, 96
264.79, 96
265.17, 96
265.32, 96
265.51, 96
266.11, 96
266.11, 96
266.11, 96
266.61, 96
267.94, 96
269.02, 96
269.17, 96
269.41, 96
269.41, 96
269.41, 96
269.65, 96
270.51, 96
270.60, 96
271.06, 96
271.49, 96
273.84, 96
274.43, 96
274.43, 96
274.43, 96
274.43, 96
274.43, 96
274.43, 96
274.43, 96
274.55, 96
274.61, 96
274.61, 96
274.61, 96
275.00, 96
275.05, 96
276.63, 96
276.64, 96
276.70, 96
276.70, 96
276.85, 96
277.31, 96
279.36, 96
279.74, 96
279.76, 96
280.24, 96
280.52, 96
280.93, 96
280.94, 96
280.94, 96
281.20, 96
281.40, 96
281.44, 96
281.46, 96
282.04, 96
282.04, 96
282.63, 96
283.15, 96
283.15, 96
283.19, 96
283.26, 96
283.26, 96
283.26, 96
283.26, 96
284.04, 96
284.05, 96
284.54, 96
284.55, 96
284.67, 96
285.73, 96
285.78, 96
285.79, 96
285.87, 96
286.34, 96
286.34, 96
286.58, 96
286.58, 96
286.58, 96
286.58, 96
287.32, 96
287.32, 96
287.32, 96
287.32, 96
287.32, 96
287.35, 96
287.35, 96
287.35, 96
288.53, 96
288.53, 96
288.79, 96
288.80, 96
289.64, 96
289.64, 96
289.64, 96
289.86, 96
290.57, 96
290.97, 96
290.98, 96
290.98, 96
291.77, 96
292.59, 96
292.62, 96
292.62, 96
292.94, 96
293.71, 96
293.71, 96
293.82, 96
294.41, 96
295.02, 96
295.23, 96
295.61, 96
296.38, 96
296.52, 96
297.16, 96
297.16, 96
297.17, 96
297.85, 96
298.00, 96
298.82, 96
298.82, 96
301.68, 96
302.26, 96
302.26, 96
302.26, 96
304.47, 96
304.47, 96
304.99, 96
305.92, 96
305.92, 96
306.24, 96
306.30, 96
306.30, 96
308.25, 96
309.35, 96
309.87, 96
310.07, 96
310.50, 96
310.79, 96
310.97, 96
310.97, 96
310.97, 96
310.97, 96
311.22, 96
311.48, 96
312.36, 96
313.22, 96
313.22, 96
313.22, 96
313.46, 96
313.99, 96
315.91, 96
316.02, 96
316.02, 96
316.73, 96
316.73, 96
316.73, 96
316.73, 96
316.73, 96
316.85, 96
316.85, 96
317.01, 96
317.01, 96
317.20, 96
317.81, 96
318.05, 96
319.53, 96
319.60, 96
320.59, 96
320.59, 96
320.59, 96
320.59, 96
320.71, 96
320.71, 96
320.77, 96
320.77, 96
320.77, 96
320.94, 96
321.36, 96
322.15, 96
322.24, 96
322.52, 96
323.71, 96
324.38, 96
324.74, 96
324.75, 96
324.84, 96
325.26, 96
325.72, 96
326.36, 96
327.37, 96
327.40, 96
327.40, 96
328.21, 96
328.30, 96
328.30, 96
328.91, 96
328.91, 96
328.91, 96
328.91, 96
328.92, 96
328.92, 96
328.92, 96
330.70, 96
330.70, 96
330.73, 96
331.10, 96
331.39, 96
331.39, 96
331.66, 96
331.66, 96
331.66, 96
331.66, 96
331.90, 96
332.47, 96
333.04, 96
333.11, 96
333.11, 96
333.11, 96
333.13, 96
333.13, 96
333.13, 96
334.41, 96
334.73, 96
334.73, 96
335.94, 96
336.70, 96
337.46, 96
337.46, 96
337.46, 96
337.57, 96
337.57, 96
338.03, 96
338.98, 96
338.98, 96
338.98, 96
338.98, 96
338.98, 96
339.25, 96
339.43, 96
339.92, 96
339.99, 96
340.03, 96
340.39, 96
341.10, 96
341.10, 96
341.45, 96
341.59, 96
342.70, 96
342.71, 96
343.15, 96
343.83, 96
344.45, 96
344.45, 96
344.49, 96
344.49, 96
344.89, 96
345.48, 96
345.48, 96
345.49, 96
345.86, 96
345.94, 96
345.94, 96
345.95, 96
347.06, 96
347.06, 96
347.06, 96
347.26, 96
347.37, 96
347.38, 96
347.38, 96
347.38, 96
347.38, 96
347.39, 96
347.39, 96
347.39, 96
347.39, 96
347.39, 96
348.28, 96
348.35, 96
348.63, 96
348.63, 96
348.87, 96
348.94, 96
349.83, 96
350.66, 96
350.69, 96
350.69, 96
351.01, 96
351.02, 96
352.37, 96
352.45, 96
352.46, 96
352.68, 96
353.16, 96
353.86, 96
354.42, 96
355.12, 96
357.05, 96
357.48, 96
359.38, 96
359.99, 96
361.09, 96
361.76, 96
361.76, 96
361.94, 96
362.19, 96
362.30, 96
363.33, 96
363.34, 96
363.34, 96
363.41, 96
363.83, 96
363.83, 96
363.95, 96
364.16, 96
364.80, 96
365.57, 96
365.57, 96
366.37, 96
366.79, 96
367.08, 96
367.08, 96
367.08, 96
367.08, 96
367.14, 96
367.14, 96
367.14, 96
367.14, 96
367.14, 96
367.14, 96
367.14, 96
367.76, 96
367.83, 96
367.92, 96
368.50, 96
368.50, 96
369.04, 96
369.04, 96
369.05, 96
370.00, 96
370.88, 96
370.89, 96
371.00, 96
371.00, 96
371.00, 96
371.95, 96
372.23, 96
372.50, 96
372.50, 96
373.19, 96
373.19, 96
373.19, 96
373.20, 96
373.41, 96
373.97, 96
373.97, 96
373.97, 96
374.29, 96
374.29, 96
374.31, 96
374.31, 96
374.39, 96
374.40, 96
374.40, 96
375.20, 96
376.07, 96
376.07, 96
376.59, 96
377.04, 96
377.04, 96
377.04, 96
377.05, 96
377.88, 96
377.88, 96
378.15, 96
378.81, 96
378.82, 96
378.82, 96
379.49, 96
379.49, 96
380.33, 96
380.33, 96
380.33, 96
380.33, 96
381.61, 96
381.81, 96
381.82, 96
382.72, 96
384.08, 96
384.36, 96
384.36, 96
384.36, 96
384.75, 96
385.38, 96
385.52, 96
385.81, 96
385.95, 96
385.95, 96
386.02, 96
386.21, 96
386.21, 96
386.41, 96
386.41, 96
387.04, 96
387.04, 96
387.17, 96
387.18, 96
387.28, 96
387.51, 96
387.90, 96
388.00, 96
388.00, 96
388.00, 96
388.00, 96
388.07, 96
388.33, 96
388.34, 96
388.79, 96
389.08, 96
390.96, 96
390.96, 96
391.04, 96
391.29, 96
391.29, 96
391.53, 96
391.78, 96
392.11, 96
392.21, 96
392.25, 96
393.04, 96
393.36, 96
393.36, 96
393.45, 96
393.45, 96
394.19, 96
394.40, 96
394.41, 96
394.41, 96
394.41, 96
394.41, 96
394.41, 96
394.44, 96
394.52, 96
394.65, 96
395.27, 96
395.55, 96
395.56, 96
395.56, 96
395.56, 96
395.56, 96
395.56, 96
395.57, 96
398.63, 96
398.64, 96
398.65, 96
398.65, 96
398.65, 96
398.89, 96
398.89, 96
398.89, 96
398.94, 96
398.94, 96
399.28, 96
399.68, 96
399.68, 96
399.87, 96
399.87, 96
399.87, 96
400.00, 96
400.13, 96
400.13, 96
400.14, 96
400.78, 96
402.58, 96
402.65, 96
403.18, 96
403.18, 96
403.95, 96
405.16, 96
405.40, 96
405.52, 96
406.13, 96
406.19, 96
406.19, 96
406.30, 96
406.30, 96
407.11, 96
407.11, 96
407.11, 96
408.02, 96
408.02, 96
409.22, 96
409.22, 96
409.23, 96
409.23, 96
409.23, 96
409.44, 96
409.44, 96
409.74, 96
409.95, 96
409.95, 96
409.96, 96
412.24, 96
412.86, 96
412.86, 96
412.86, 96
412.87, 96
412.87, 96
413.18, 96
413.18, 96
413.24, 96
413.39, 96
413.62, 96
413.98, 96
413.98, 96
413.98, 96
414.35, 96
414.74, 96
415.91, 96
415.91, 96
416.85, 96
417.79, 96
418.07, 96
418.86, 96
418.86, 96
419.20, 96
420.44, 96
420.45, 96
420.45, 96
420.49, 96
420.49, 96
420.49, 96
420.49, 96
420.49, 96
420.49, 96
420.49, 96
420.50, 96
420.50, 96
420.50, 96
420.75, 96
420.76, 96
420.76, 96
421.16, 96
421.54, 96
421.75, 96
422.06, 96
422.35, 96
422.35, 96
422.42, 96
423.03, 96
424.72, 96
424.92, 96
425.53, 96
425.53, 96
425.53, 96
425.53, 96
426.27, 96
426.27, 96
426.27, 96
426.27, 96
427.19, 96
427.19, 96
427.19, 96
427.24, 96
427.24, 96
427.24, 96
427.24, 96
427.26, 96
427.26, 96
427.43, 96
427.55, 96
427.55, 96
427.55, 96
427.67, 96
427.81, 96
428.93, 96
429.52, 96
429.81, 96
430.46, 96
430.46, 96
430.66, 96
430.73, 96
430.73, 96
431.70, 96
431.79, 96
431.79, 96
432.47, 96
434.11, 96
434.83, 96
434.84, 96
434.90, 96
435.80, 96
435.80, 96
435.80, 96
436.44, 96
436.44, 96
436.57, 96
436.57, 96
436.70, 96
436.70, 96
437.23, 96
437.23, 96
437.23, 96
437.23, 96
437.23, 96
437.25, 96
437.25, 96
437.61, 96
437.61, 96
438.17, 96
439.46, 96
439.95, 96
440.52, 96
440.64, 96
440.64, 96
441.30, 96
441.45, 96
441.45, 96
441.45, 96
441.45, 96
441.54, 96
441.54, 96
441.64, 96
441.66, 96
442.31, 96
442.31, 96
442.31, 96
442.38, 96
442.38, 96
442.48, 96
442.48, 96
443.38, 96
443.81, 96
444.28, 96
444.51, 96
444.95, 96
444.95, 96
445.04, 96
445.04, 96
445.05, 96
445.05, 96
445.25, 96
445.89, 96
447.23, 96
447.44, 96
447.44, 96
447.44, 96
447.60, 96
449.06, 96
449.52, 96
449.58, 96
449.58, 96
449.58, 96
449.59, 96
449.76, 96
449.87, 96
449.87, 96
450.03, 96
450.14, 96
450.55, 96
450.66, 96
450.66, 96
450.67, 96
450.67, 96
450.67, 96
450.67, 96
450.77, 96
451.07, 96
451.07, 96
451.07, 96
451.86, 96
452.55, 96
452.61, 96
452.67, 96
453.48, 96
454.32, 96
454.34, 96
454.69, 96
454.72, 96
454.72, 96
454.89, 96
454.89, 96
455.53, 96
455.74, 96
455.99, 96
457.10, 96
457.14, 96
457.21, 96
457.21, 96
457.69, 96
458.20, 96
458.20, 96
458.81, 96
458.81, 96
458.81, 96
458.81, 96
458.81, 96
458.81, 96
458.81, 96
458.81, 96
458.81, 96
459.06, 96
459.17, 96
459.29, 96
459.29, 96
460.06, 96
461.03, 96
461.03, 96
461.05, 96
461.05, 96
461.21, 96
461.77, 96
461.96, 96
461.96, 96
462.16, 96
462.16, 96
462.58, 96
463.53, 96
463.85, 96
463.85, 96
464.19, 96
464.19, 96
464.68, 96
464.68, 96
464.68, 96
464.68, 96
464.82, 96
464.82, 96
464.82, 96
464.82, 96
464.88, 96
465.07, 96
465.07, 96
465.07, 96
465.07, 96
465.95, 96
466.10, 96
466.10, 96
466.66, 96
466.66, 96
466.78, 96
466.78, 96
466.78, 96
466.78, 96
466.78, 96
468.61, 96
468.62, 96
468.67, 96
469.12, 96
469.12, 96
469.54, 96
469.54, 96
469.88, 96
470.25, 96
471.30, 96
472.10, 96
472.10, 96
473.65, 96
473.65, 96
473.88, 96
473.88, 96
474.11, 96
474.32, 96
474.32, 96
474.75, 96
474.85, 96
474.85, 96
474.85, 96
474.85, 96
475.05, 96
475.21, 96
475.70, 96
475.70, 96
475.70, 96
475.70, 96
475.94, 96
476.13, 96
476.47, 96
476.47, 96
477.28, 96
477.68, 96
478.76, 96
478.92, 96
478.92, 96
479.55, 96
479.71, 96
479.71, 96
479.71, 96
479.97, 96
480.83, 96
480.83, 96
480.83, 96
480.83, 96
480.83, 96
481.92, 96
482.37, 96
482.64, 96
482.64, 96
482.68, 96
484.06, 96
484.06, 96
484.06, 96
484.12, 96
486.10, 96
486.10, 96
486.10, 96
486.26, 96
486.79, 96
486.79, 96
486.80, 96
486.88, 96
487.23, 96
487.23, 96
487.24, 96
487.36, 96
487.39, 96
487.50, 96
487.93, 96
488.20, 96
488.20, 96
488.71, 96
489.34, 96
489.57, 96
489.80, 96
489.84, 96
490.45, 96
490.60, 96
490.60, 96
490.60, 96
490.83, 96
491.88, 96
491.88, 96
492.56, 96
492.56, 96
492.56, 96
492.56, 96
492.56, 96
492.56, 96
493.36, 96
494.09, 96
494.09, 96
495.46, 96
495.46, 96
495.46, 96
495.63, 96
495.73, 96
496.12, 96
497.67, 96
497.67, 96
498.19, 96
498.28, 96
498.91, 96
498.91, 96
499.41, 96
500.78, 96
500.78, 96
500.82, 96
500.94, 96
500.94, 96
500.94, 96
500.94, 96
500.94, 96
501.05, 96
501.18, 96
501.42, 96
501.51, 96
502.21, 96
502.24, 96
502.81, 96
503.09, 96
503.18, 96
503.18, 96
503.34, 96
503.92, 96
504.15, 96
504.33, 96
504.51, 96
504.51, 96
505.41, 96
505.41, 96
505.41, 96
505.41, 96
505.58, 96
505.92, 96
505.92, 96
506.54, 96
506.54, 96
506.89, 96
506.89, 96
507.99, 96
507.99, 96
508.41, 96
509.23, 96
509.24, 96
509.94, 96
509.94, 96
510.29, 96
510.31, 96
510.31, 96
510.37, 96
510.46, 96
512.04, 96
512.04, 96
512.04, 96
512.43, 96
512.79, 96
513.00, 96
513.04, 96
513.07, 96
513.07, 96
513.37, 96
513.47, 96
513.66, 96
514.17, 96
514.35, 96
514.35, 96
514.68, 96
514.93, 96
514.93, 96
514.99, 96
516.38, 96
516.38, 96
516.38, 96
516.51, 96
516.51, 96
517.26, 96
517.51, 96
517.61, 96
517.62, 96
518.81, 96
518.91, 96
519.21, 96
520.97, 96
521.61, 96
521.92, 96
521.92, 96
521.92, 96
522.02, 96
522.02, 96
522.26, 96
522.26, 96
522.26, 96
522.26, 96
522.28, 96
522.28, 96
522.50, 96
522.51, 96
522.60, 96
523.11, 96
524.02, 96
524.04, 96
524.10, 96
524.10, 96
524.65, 96
524.98, 96
524.98, 96
525.37, 96
525.37, 96
525.38, 96
527.19, 96
527.19, 96
527.19, 96
528.01, 96
528.33, 96
528.81, 96
528.99, 96
529.20, 96
529.20, 96
529.37, 96
529.57, 96
529.78, 96
529.78, 96
530.25, 96
530.25, 96
530.25, 96
530.38, 96
530.38, 96
530.71, 96
530.86, 96
530.91, 96
530.91, 96
531.13, 96
531.20, 96
531.24, 96
531.24, 96
531.24, 96
531.24, 96
531.25, 96
531.25, 96
531.83, 96
532.34, 96
532.34, 96
532.42, 96
532.42, 96
532.43, 96
532.67, 96
533.19, 96
534.17, 96
536.18, 96
536.26, 96
536.78, 96
537.25, 96
537.34, 96
540.73, 96
540.73, 96
540.98, 96
542.05, 96
542.06, 96
542.12, 96
542.44, 96
542.56, 96
542.88, 96
542.88, 96
542.89, 96
542.89, 96
543.58, 96
544.02, 96
544.02, 96
544.02, 96
544.28, 96
544.28, 96
544.41, 96
544.41, 96
544.41, 96
544.64, 96
545.48, 96
545.64, 96
545.64, 96
546.00, 96
546.01, 96
546.65, 96
546.65, 96
546.85, 96
546.91, 96
546.92, 96
547.60, 96
547.69, 96
547.70, 96
548.05, 96
548.05, 96
548.05, 96
548.05, 96
548.20, 96
548.23, 96
548.67, 96
548.76, 96
548.76, 96
548.76, 96
548.76, 96
548.81, 96
548.82, 96
548.82, 96
548.82, 96
549.33, 96
549.55, 96
549.66, 96
549.66, 96
549.76, 96
550.38, 96
550.56, 96
550.56, 96
550.56, 96
550.96, 96
550.96, 96
551.20, 96
551.20, 96
551.30, 96
551.31, 96
551.33, 96
551.33, 96
551.38, 96
551.38, 96
551.38, 96
551.73, 96
551.91, 96
552.85, 96
553.17, 96
553.77, 96
553.77, 96
553.84, 96
553.84, 96
554.05, 96
554.05, 96
554.05, 96
554.08, 96
555.73, 96
555.98, 96
556.08, 96
556.14, 96
556.30, 96
557.44, 96
558.86, 96
559.98, 96
559.98, 96
560.63, 96
560.63, 96
560.63, 96
560.65, 96
560.65, 96
560.69, 96
560.75, 96
560.75, 96
561.29, 96
561.52, 96
561.52, 96
561.52, 96
561.95, 96
561.96, 96
562.84, 96
562.84, 96
562.84, 96
562.84, 96
562.92, 96
563.10, 96
563.10, 96
563.17, 96
563.81, 96
563.81, 96
563.82, 96
563.82, 96
563.95, 96
565.22, 96
565.29, 96
566.03, 96
566.45, 96
566.71, 96
566.98, 96
567.26, 96
567.26, 96
567.32, 96
567.32, 96
567.32, 96
568.37, 96
568.49, 96
569.08, 96
569.18, 96
569.18, 96
569.54, 96
569.54, 96
569.70, 96
570.01, 96
570.24, 96
570.24, 96
571.00, 96
571.00, 96
571.06, 96
571.15, 96
571.15, 96
571.39, 96
572.31, 96
572.34, 96
572.34, 96
572.34, 96
573.00, 96
574.35, 96
575.13, 96
575.70, 96
576.21, 96
576.21, 96
576.45, 96
576.50, 96
576.51, 96
577.12, 96
577.12, 96
577.53, 96
578.09, 96
578.35, 96
578.35, 96
580.09, 96
580.91, 96
581.08, 96
581.75, 96
581.94, 96
582.77, 96
582.77, 96
582.94, 96
582.94, 96
582.96, 96
582.96, 96
584.08, 96
584.08, 96
584.32, 96
584.78, 96
584.78, 96
584.78, 96
585.20, 96
585.21, 96
585.32, 96
586.24, 96
586.24, 96
586.40, 96
586.91, 96
588.62, 96
588.86, 96
588.87, 96
589.02, 96
589.13, 96
589.13, 96
589.21, 96
589.21, 96
589.21, 96
589.39, 96
590.01, 96
590.34, 96
590.34, 96
591.14, 96
591.14, 96
591.28, 96
591.72, 96
591.72, 96
591.72, 96
591.72, 96
592.11, 96
592.11, 96
592.32, 96
592.33, 96
594.59, 96
595.32, 96
595.32, 96
595.32, 96
595.32, 96
596.46, 96
596.46, 96
596.52, 96
596.52, 96
596.52, 96
596.54, 96
596.54, 96
596.54, 96
596.60, 96
596.93, 96
598.16, 96
598.34, 96
598.34, 96
598.34, 96
599.00, 96
599.29, 96
599.29, 96
599.29, 96
599.30, 96
