0.00, 102
0.01, 99
0.01, 99
0.01, 99
0.01, 99
0.01, 98
0.01, 98
0.01, 98
0.01, 98
0.02, 98
0.02, 97
0.04, 97
0.05, 97
0.06, 97
0.10, 97
0.10, 97
0.12, 97
0.13, 97
0.13, 97
0.26, 97
0.27, 97
0.31, 97
0.32, 97
0.32, 97
0.32, 97
0.39, 97
0.39, 97
0.39, 97
0.46, 97
0.46, 97
0.46, 97
0.51, 97
0.55, 97
0.55, 97
0.59, 97
0.59, 97
0.59, 97
0.59, 97
0.59, 97
0.59, 97
0.59, 97
0.59, 97
0.64, 97
0.65, 97
0.66, 97
0.66, 96
1.34, 96
2.33, 96
2.42, 96
2.49, 96
2.49, 96
3.51, 96
5.49, 96
5.72, 96
6.33, 96
6.38, 96
6.51, 96
6.51, 96
6.84, 96
7.68, 96
7.70, 96
7.70, 96
7.85, 96
7.85, 96
8.99, 96
9.25, 96
9.25, 96
9.46, 96
10.11, 96
11.48, 96
11.63, 96
13.13, 96
13.13, 96
13.42, 96
13.42, 96
13.90, 96
14.09, 96
14.09, 96
14.51, 96
14.52, 96
14.88, 96
14.88, 96
14.88, 96
15.26, 96
15.36, 96
15.38, 96
15.41, 96
15.43, 96
16.54, 96
16.54, 96
16.62, 96
16.62, 96
16.78, 96
16.78, 96
16.99, 96
16.99, 96
16.99, 96
17.27, 96
17.27, 96
17.92, 96
17.92, 96
17.92, 96
17.92, 96
17.92, 96
17.92, 96
17.92, 96
18.83, 96
18.84, 96
18.84, 96
19.42, 96
19.62, 96
19.63, 96
19.63, 96
20.13, 96
21.09, 96
21.73, 96
21.73, 96
22.33, 96
24.60, 96
24.60, 96
24.77, 96
24.82, 96
24.83, 96
24.83, 96
25.26, 96
25.37, 96
25.69, 96
26.25, 96
26.58, 96
26.58, 96
26.79, 96
26.89, 96
26.97, 96
27.02, 96
27.05, 96
27.06, 96
27.16, 96
28.95, 96
29.20, 96
29.20, 96
29.20, 96
30.08, 96
31.19, 96
31.24, 96
31.24, 96
31.24, 96
31.24, 96
31.48, 96
31.86, 96
32.10, 96
32.10, 96
32.10, 96
32.53, 96
32.53, 96
32.70, 96
34.38, 96
34.46, 96
34.98, 96
34.98, 96
35.09, 96
35.60, 96
35.60, 96
35.60, 96
35.81, 96
35.97, 96
36.01, 96
36.89, 96
36.90, 96
36.90, 96
36.90, 96
36.90, 96
36.97, 96
38.07, 96
38.75, 96
38.75, 96
39.02, 96
39.13, 96
40.34, 96
40.34, 96
40.34, 96
40.34, 96
40.34, 96
40.39, 96
40.65, 96
40.70, 96
41.33, 96
41.33, 96
41.44, 96
42.08, 96
42.24, 96
42.24, 96
42.34, 96
42.51, 96
44.05, 96
44.98, 96
44.98, 96
45.15, 96
45.16, 96
45.21, 96
45.21, 96
45.69, 96
45.76, 96
45.76, 96
45.85, 96
45.85, 96
45.85, 96
45.90, 96
45.90, 96
45.90, 96
46.14, 96
46.15, 96
46.15, 96
46.40, 96
46.40, 96
46.90, 96
47.03, 96
47.49, 96
48.20, 96
48.23, 96
49.38, 96
50.71, 96
50.71, 96
51.03, 96
51.21, 96
51.89, 96
52.82, 96
52.82, 96
52.83, 96
53.11, 96
53.11, 96
53.27, 96
53.28, 96
53.28, 96
53.84, 96
53.85, 96
54.51, 96
54.54, 96
54.57, 96
55.11, 96
55.11, 96
55.23, 96
55.23, 96
56.22, 96
56.60, 96
56.61, 96
56.61, 96
56.61, 96
56.64, 96
56.77, 96
56.81, 96
56.81, 96
57.04, 96
57.04, 96
57.04, 96
57.04, 96
57.04, 96
57.04, 96
57.54, 96
57.54, 96
57.54, 96
58.29, 96
58.29, 96
58.92, 96
58.92, 96
59.60, 96
59.71, 96
59.71, 96
59.83, 96
59.83, 96
59.83, 96
59.83, 96
60.29, 96
60.29, 96
60.59, 96
60.59, 96
60.90, 96
60.91, 96
61.88, 96
61.88, 96
61.89, 96
61.89, 96
61.89, 96
62.14, 96
62.14, 96
63.19, 96
63.19, 96
63.61, 96
63.92, 96
63.92, 96
64.72, 96
65.04, 96
65.04, 96
65.39, 96
65.76, 96
67.14, 96
67.48, 96
67.48, 96
67.99, 96
68.15, 96
68.61, 96
68.61, 96
68.95, 96
69.54, 96
69.54, 96
69.54, 96
69.82, 96
70.60, 96
72.72, 96
72.81, 96
72.82, 96
73.33, 96
73.33, 96
73.67, 96
73.82, 96
73.82, 96
74.15, 96
74.55, 96
74.55, 96
74.55, 96
74.55, 96
75.79, 96
75.92, 96
76.28, 96
77.54, 96
78.03, 96
78.53, 96
78.99, 96
79.00, 96
79.35, 96
79.98, 96
79.98, 96
80.22, 96
80.23, 96
81.19, 96
81.20, 96
81.71, 96
81.80, 96
81.82, 96
81.82, 96
81.82, 96
81.95, 96
82.26, 96
83.12, 96
83.12, 96
83.13, 96
83.23, 96
83.23, 96
83.23, 96
83.23, 96
83.24, 96
83.24, 96
83.34, 96
83.34, 96
85.15, 96
85.15, 96
85.15, 96
85.15, 96
85.97, 96
86.20, 96
86.32, 96
87.32, 96
87.32, 96
87.66, 96
87.79, 96
88.05, 96
88.12, 96
88.27, 96
88.27, 96
88.72, 96
89.08, 96
89.31, 96
89.46, 96
89.68, 96
89.68, 96
90.50, 96
90.50, 96
90.51, 96
92.09, 96
92.10, 96
92.12, 96
93.01, 96
93.01, 96
93.01, 96
93.43, 96
93.86, 96
94.59, 96
94.59, 96
95.20, 96
96.60, 96
97.52, 96
97.52, 96
97.78, 96
98.23, 96
98.23, 96
100.72, 96
100.74, 96
100.74, 96
101.27, 96
101.56, 96
101.56, 96
101.56, 96
101.57, 96
101.67, 96
101.78, 96
101.79, 96
101.80, 96
103.54, 96
103.54, 96
103.72, 96
103.72, 96
103.72, 96
104.30, 96
104.94, 96
104.94, 96
105.02, 96
105.07, 96
105.07, 96
105.07, 96
105.07, 96
105.81, 96
107.83, 96
107.83, 96
108.53, 96
108.53, 96
108.53, 96
108.58, 96
108.59, 96
108.59, 96
108.69, 96
108.69, 96
109.05, 96
109.53, 96
109.65, 96
110.41, 96
110.56, 96
110.56, 96
110.56, 96
110.57, 96
110.57, 96
111.29, 96
111.29, 96
111.29, 96
111.29, 96
111.29, 96
111.76, 96
111.76, 96
113.44, 96
113.44, 96
114.32, 96
114.32, 96
114.54, 96
114.84, 96
117.06, 96
118.07, 96
118.08, 96
118.08, 96
118.08, 96
118.08, 96
118.08, 96
119.66, 96
119.66, 96
119.66, 96
119.98, 96
119.98, 96
119.98, 96
119.98, 96
120.11, 96
120.34, 96
120.35, 96
120.35, 96
120.35, 96
120.35, 96
120.35, 96
121.06, 96
121.06, 96
123.01, 96
123.01, 96
123.01, 96
124.50, 96
124.77, 96
124.95, 96
125.35, 96
125.35, 96
125.35, 96
125.48, 96
125.48, 96
125.48, 96
125.48, 96
125.51, 96
125.51, 96
126.11, 96
126.42, 96
126.81, 96
126.85, 96
126.85, 96
127.47, 96
127.72, 96
128.38, 96
128.77, 96
129.33, 96
129.40, 96
129.41, 96
129.42, 96
129.42, 96
129.89, 96
130.35, 96
130.37, 96
130.37, 96
130.37, 96
130.37, 96
130.37, 96
130.62, 96
130.62, 96
130.64, 96
130.69, 96
130.69, 96
130.70, 96
131.20, 96
131.70, 96
131.70, 96
132.01, 96
132.78, 96
132.78, 96
133.54, 96
133.65, 96
133.66, 96
133.79, 96
133.92, 96
133.93, 96
133.93, 96
134.81, 96
135.02, 96
135.63, 96
135.64, 96
135.81, 96
136.69, 96
136.69, 96
136.75, 96
137.21, 96
137.38, 96
137.38, 96
137.79, 96
137.79, 96
138.44, 96
138.44, 96
139.02, 96
139.49, 96
139.49, 96
139.49, 96
139.49, 96
141.02, 96
141.02, 96
141.53, 96
142.07, 96
142.62, 96
142.67, 96
142.67, 96
142.77, 96
142.92, 96
143.72, 96
144.47, 96
144.88, 96
144.88, 96
145.20, 96
146.12, 96
147.20, 96
147.20, 96
148.29, 96
148.71, 96
148.89, 96
149.29, 96
149.82, 96
149.83, 96
150.35, 96
150.80, 96
150.80, 96
150.89, 96
152.10, 96
152.21, 96
152.21, 96
152.89, 96
153.30, 96
153.31, 96
153.31, 96
153.43, 96
153.44, 96
153.55, 96
153.59, 96
153.59, 96
153.59, 96
154.05, 96
154.06, 96
154.91, 96
154.91, 96
155.09, 96
155.09, 96
155.10, 96
155.10, 96
155.76, 96
155.76, 96
155.76, 96
155.80, 96
155.83, 96
156.63, 96
156.63, 96
156.64, 96
156.64, 96
156.64, 96
156.66, 96
156.78, 96
156.78, 96
156.78, 96
156.78, 96
156.95, 96
157.51, 96
158.48, 96
158.48, 96
159.14, 96
159.14, 96
159.57, 96
159.57, 96
159.57, 96
159.62, 96
159.62, 96
159.62, 96
159.81, 96
160.10, 96
160.19, 96
160.85, 96
160.85, 96
160.97, 96
161.53, 96
161.66, 96
161.84, 96
162.62, 96
163.17, 96
163.55, 96
164.47, 96
164.55, 96
164.55, 96
164.89, 96
164.90, 96
164.90, 96
164.99, 96
165.10, 96
165.10, 96
165.23, 96
165.38, 96
165.38, 96
165.39, 96
165.40, 96
166.50, 96
166.50, 96
166.50, 96
166.53, 96
166.54, 96
166.54, 96
166.54, 96
168.26, 96
168.33, 96
168.33, 96
168.63, 96
169.87, 96
170.05, 96
170.30, 96
171.85, 96
172.18, 96
172.36, 96
173.09, 96
173.17, 96
173.18, 96
173.30, 96
174.56, 96
174.56, 96
174.92, 96
175.07, 96
176.42, 96
176.88, 96
176.88, 96
177.25, 96
177.72, 96
178.39, 96
178.39, 96
178.40, 96
178.41, 96
178.85, 96
178.85, 96
178.85, 96
178.85, 96
179.38, 96
179.80, 96
179.83, 96
179.83, 96
181.04, 96
181.29, 96
181.51, 96
181.79, 96
181.80, 96
181.80, 96
182.32, 96
182.33, 96
182.33, 96
183.03, 96
183.27, 96
183.27, 96
183.71, 96
183.99, 96
185.60, 96
185.64, 96
185.64, 96
185.94, 96
186.27, 96
187.04, 96
188.07, 96
188.07, 96
188.07, 96
188.07, 96
188.12, 96
188.13, 96
188.59, 96
189.24, 96
189.52, 96
190.27, 96
190.27, 96
190.84, 96
190.89, 96
191.52, 96
191.93, 96
191.93, 96
192.20, 96
192.20, 96
192.20, 96
192.72, 96
192.72, 96
192.84, 96
193.18, 96
193.63, 96
193.63, 96
193.63, 96
193.63, 96
193.67, 96
194.04, 96
194.28, 96
194.29, 96
194.43, 96
195.00, 96
195.00, 96
195.00, 96
195.00, 96
195.00, 96
195.56, 96
195.56, 96
195.66, 96
195.77, 96
195.77, 96
196.35, 96
196.35, 96
196.50, 96
196.50, 96
196.50, 96
196.51, 96
196.51, 96
196.79, 96
197.22, 96
197.23, 96
197.23, 96
197.23, 96
197.27, 96
197.53, 96
197.83, 96
198.36, 96
198.55, 96
198.74, 96
198.74, 96
198.89, 96
198.89, 96
198.89, 96
199.05, 96
199.05, 96
199.05, 96
199.12, 96
199.12, 96
199.31, 96
199.94, 96
199.94, 96
199.94, 96
199.94, 96
200.17, 96
200.17, 96
203.06, 96
203.06, 96
203.28, 96
204.22, 96
204.22, 96
204.23, 96
204.45, 96
204.45, 96
204.53, 96
204.55, 96
204.72, 96
204.73, 96
204.73, 96
204.73, 96
204.85, 96
204.86, 96
205.07, 96
205.76, 96
205.77, 96
206.80, 96
206.80, 96
207.37, 96
208.28, 96
208.53, 96
208.72, 96
208.72, 96
209.08, 96
209.08, 96
209.08, 96
209.10, 96
209.10, 96
209.11, 96
209.84, 96
209.84, 96
210.23, 96
211.56, 96
211.64, 96
211.64, 96
211.64, 96
211.64, 96
212.92, 96
213.44, 96
213.90, 96
213.90, 96
213.99, 96
213.99, 96
213.99, 96
215.19, 96
217.49, 96
217.49, 96
217.49, 96
217.49, 96
217.77, 96
217.77, 96
218.46, 96
218.77, 96
218.96, 96
219.18, 96
221.36, 96
221.37, 96
222.33, 96
222.66, 96
222.66, 96
222.66, 96
222.66, 96
222.79, 96
222.81, 96
223.21, 96
223.21, 96
223.21, 96
223.21, 96
223.21, 96
223.28, 96
223.28, 96
223.28, 96
223.52, 96
223.53, 96
223.53, 96
223.88, 96
224.45, 96
224.45, 96
225.21, 96
225.21, 96
225.21, 96
225.21, 96
225.31, 96
225.31, 96
225.31, 96
225.40, 96
225.40, 96
225.40, 96
225.40, 96
225.40, 96
225.92, 96
225.92, 96
225.92, 96
226.10, 96
226.10, 96
226.77, 96
226.98, 96
226.98, 96
226.98, 96
226.98, 96
227.26, 96
227.27, 96
227.27, 96
227.27, 96
228.83, 96
229.14, 96
229.14, 96
229.17, 96
229.18, 96
229.63, 96
230.29, 96
230.29, 96
230.30, 96
230.30, 96
230.30, 96
230.40, 96
230.40, 96
230.47, 96
230.78, 96
230.78, 96
231.01, 96
231.02, 96
231.02, 96
231.50, 96
231.97, 96
231.97, 96
232.13, 96
232.18, 96
232.22, 96
232.22, 96
232.22, 96
232.31, 96
232.31, 96
232.67, 96
232.67, 96
233.44, 96
233.44, 96
233.51, 96
234.03, 96
234.55, 96
234.59, 96
235.07, 96
235.07, 96
235.12, 96
236.04, 96
236.64, 96
236.92, 96
237.30, 96
237.52, 96
237.52, 96
238.93, 96
239.83, 96
240.15, 96
240.21, 96
240.21, 96
240.21, 96
240.37, 96
240.37, 96
240.74, 96
241.51, 96
241.83, 96
241.83, 96
242.34, 96
243.42, 96
243.43, 96
244.01, 96
244.01, 96
244.01, 96
244.08, 96
244.12, 96
244.39, 96
245.03, 96
245.60, 96
246.18, 96
246.67, 96
246.67, 96
246.70, 96
246.70, 96
247.24, 96
247.28, 96
247.28, 96
247.31, 96
247.59, 96
247.59, 96
247.72, 96
249.49, 96
249.69, 96
249.90, 96
250.16, 96
251.33, 96
251.33, 96
251.33, 96
252.28, 96
252.28, 96
252.28, 96
252.28, 96
252.30, 96
253.00, 96
253.14, 96
253.16, 96
255.52, 96
255.53, 96
255.70, 96
255.70, 96
255.88, 96
255.91, 96
256.57, 96
257.25, 96
257.25, 96
257.25, 96
258.74, 96
258.78, 96
258.78, 96
259.79, 96
259.79, 96
259.84, 96
260.04, 96
260.06, 96
260.63, 96
260.63, 96
260.63, 96
260.74, 96
261.06, 96
261.06, 96
262.44, 96
262.44, 96
262.49, 96
262.93, 96
263.22, 96
263.22, 96
263.29, 96
263.29, 96
263.77, 96
263.77, 96
263.77, 96
263.77, 96
263.77, 96
263.78, 96
263.90, 96
264.16, 96
264.79, 96
265.10, 96
265.10, 96
265.45, 96
265.84, 96
265.87, 96
266.25, 96
266.25, 96
266.34, 96
266.68, 96
267.34, 96
267.66, 96
267.66, 96
267.66, 96
268.19, 96
268.53, 96
268.72, 96
269.02, 96
269.02, 96
269.02, 96
269.02, 96
269.28, 96
269.39, 96
269.47, 96
269.47, 96
269.47, 96
269.86, 96
269.86, 96
269.86, 96
269.86, 96
269.86, 96
270.11, 96
270.11, 96
271.00, 96
271.00, 96
271.38, 96
271.43, 96
271.43, 96
271.54, 96
271.54, 96
271.63, 96
271.87, 96
272.84, 96
273.03, 96
273.58, 96
273.81, 96
274.06, 96
275.52, 96
275.52, 96
275.52, 96
275.52, 96
276.52, 96
276.52, 96
276.93, 96
277.14, 96
277.33, 96
277.97, 96
277.97, 96
277.97, 96
278.46, 96
279.82, 96
280.82, 96
280.99, 96
281.29, 96
281.29, 96
281.29, 96
281.56, 96
282.29, 96
282.37, 96
282.73, 96
283.07, 96
284.92, 96
285.38, 96
285.38, 96
285.38, 96
285.39, 96
285.39, 96
285.39, 96
285.39, 96
285.46, 96
285.51, 96
285.51, 96
285.51, 96
285.81, 96
285.85, 96
287.22, 96
287.22, 96
287.30, 96
287.30, 96
287.40, 96
287.76, 96
289.47, 96
289.86, 96
289.86, 96
290.35, 96
290.64, 96
291.04, 96
291.05, 96
291.05, 96
291.32, 96
291.52, 96
291.56, 96
291.58, 96
292.18, 96
292.19, 96
292.87, 96
293.53, 96
293.53, 96
293.62, 96
293.71, 96
293.71, 96
293.71, 96
293.71, 96
294.69, 96
294.70, 96
295.36, 96
295.38, 96
295.53, 96
297.02, 96
297.14, 96
297.14, 96
297.25, 96
297.93, 96
297.93, 96
298.26, 96
298.26, 96
298.26, 96
298.26, 96
299.24, 96
299.25, 96
299.25, 96
299.25, 96
299.25, 96
299.32, 96
299.32, 96
299.32, 96
300.92, 96
300.92, 96
301.22, 96
301.23, 96
302.33, 96
302.33, 96
302.33, 96
302.61, 96
303.28, 96
303.59, 96
303.59, 96
303.60, 96
304.19, 96
304.76, 96
304.78, 96
304.78, 96
305.03, 96
305.67, 96
305.67, 96
305.75, 96
306.26, 96
306.81, 96
306.90, 96
307.21, 96
307.79, 96
307.91, 96
308.43, 96
308.43, 96
308.43, 96
308.95, 96
309.02, 96
309.42, 96
309.42, 96
312.49, 96
313.09, 96
313.09, 96
313.09, 96
315.63, 96
315.70, 96
316.38, 96
317.79, 96
317.79, 96
318.33, 96
318.46, 96
318.47, 96
321.47, 96
323.04, 96
323.89, 96
324.27, 96
324.95, 96
325.42, 96
325.70, 96
325.73, 96
325.73, 96
325.73, 96
326.03, 96
326.36, 96
327.32, 96
328.15, 96
328.15, 96
328.15, 96
328.36, 96
328.89, 96
330.88, 96
331.00, 96
331.02, 96
331.90, 96
331.90, 96
331.90, 96
331.90, 96
331.90, 96
332.05, 96
332.05, 96
332.28, 96
332.28, 96
332.46, 96
333.14, 96
333.40, 96
335.18, 96
335.25, 96
336.37, 96
336.37, 96
336.37, 96
336.38, 96
336.52, 96
336.52, 96
336.57, 96
336.57, 96
336.57, 96
336.76, 96
337.26, 96
338.18, 96
338.28, 96
338.56, 96
339.75, 96
340.55, 96
340.97, 96
340.99, 96
341.11, 96
341.64, 96
342.11, 96
342.85, 96
343.97, 96
344.00, 96
344.00, 96
344.83, 96
344.91, 96
344.91, 96
345.60, 96
345.60, 96
345.61, 96
345.61, 96
345.61, 96
345.61, 96
345.61, 96
347.71, 96
347.72, 96
347.75, 96
348.12, 96
348.53, 96
348.53, 96
348.83, 96
348.83, 96
348.83, 96
348.83, 96
349.12, 96
349.75, 96
350.35, 96
350.45, 96
350.45, 96
350.45, 96
350.47, 96
350.47, 96
350.48, 96
351.87, 96
352.22, 96
352.23, 96
353.48, 96
354.26, 96
355.02, 96
355.02, 96
355.02, 96
355.13, 96
355.13, 96
355.66, 96
356.71, 96
356.71, 96
356.71, 96
356.71, 96
356.71, 96
357.14, 96
357.32, 96
357.85, 96
357.93, 96
357.97, 96
358.35, 96
359.08, 96
359.08, 96
359.50, 96
359.65, 96
360.92, 96
360.92, 96
361.37, 96
362.03, 96
362.65, 96
362.65, 96
362.72, 96
362.72, 96
363.16, 96
363.83, 96
363.83, 96
363.83, 96
364.17, 96
364.27, 96
364.27, 96
364.27, 96
365.49, 96
365.49, 96
365.49, 96
365.67, 96
365.79, 96
365.79, 96
365.79, 96
365.79, 96
365.79, 96
365.79, 96
365.80, 96
365.80, 96
365.80, 96
365.80, 96
366.66, 96
366.72, 96
366.95, 96
366.96, 96
367.21, 96
367.28, 96
368.21, 96
369.05, 96
369.08, 96
369.08, 96
369.41, 96
369.42, 96
370.90, 96
370.97, 96
370.98, 96
371.24, 96
371.69, 96
372.36, 96
372.92, 96
373.67, 96
375.66, 96
376.11, 96
378.08, 96
378.80, 96
379.99, 96
380.69, 96
380.69, 96
380.87, 96
381.16, 96
381.36, 96
382.43, 96
382.44, 96
382.44, 96
382.51, 96
382.92, 96
382.92, 96
383.05, 96
383.28, 96
383.94, 96
384.75, 96
384.76, 96
385.59, 96
386.08, 96
386.37, 96
386.37, 96
386.37, 96
386.37, 96
386.42, 96
386.42, 96
386.42, 96
386.42, 96
386.43, 96
386.43, 96
386.43, 96
387.18, 96
387.28, 96
387.38, 96
387.92, 96
387.92, 96
388.41, 96
388.41, 96
388.41, 96
389.49, 96
390.46, 96
390.46, 96
390.56, 96
390.56, 96
390.57, 96
391.52, 96
391.83, 96
392.12, 96
392.13, 96
392.83, 96
392.83, 96
392.83, 96
392.83, 96
393.02, 96
393.59, 96
393.59, 96
393.59, 96
393.92, 96
393.93, 96
393.94, 96
393.94, 96
394.04, 96
394.04, 96
394.04, 96
394.93, 96
395.87, 96
395.88, 96
396.51, 96
397.05, 96
397.05, 96
397.05, 96
397.05, 96
398.03, 96
398.03, 96
398.31, 96
398.93, 96
398.93, 96
398.93, 96
399.63, 96
399.63, 96
400.50, 96
400.50, 96
400.50, 96
400.50, 96
401.94, 96
402.18, 96
402.18, 96
403.14, 96
404.46, 96
404.73, 96
404.73, 96
404.73, 96
405.13, 96
405.80, 96
405.93, 96
406.28, 96
406.41, 96
406.41, 96
406.49, 96
406.67, 96
406.67, 96
406.85, 96
406.85, 96
407.54, 96
407.54, 96
407.66, 96
407.66, 96
407.77, 96
408.02, 96
408.47, 96
408.61, 96
408.61, 96
408.61, 96
408.61, 96
408.68, 96
408.91, 96
408.91, 96
409.26, 96
409.56, 96
411.58, 96
411.58, 96
411.66, 96
411.90, 96
411.90, 96
412.17, 96
412.45, 96
412.81, 96
412.93, 96
412.98, 96
413.84, 96
414.13, 96
414.13, 96
414.22, 96
414.22, 96
415.01, 96
415.26, 96
415.26, 96
415.26, 96
415.26, 96
415.26, 96
415.26, 96
415.30, 96
415.37, 96
415.52, 96
416.17, 96
416.46, 96
416.46, 96
416.46, 96
416.47, 96
416.47, 96
416.47, 96
416.48, 96
419.64, 96
419.64, 96
419.64, 96
419.64, 96
419.64, 96
419.93, 96
419.94, 96
419.95, 96
420.01, 96
420.01, 96
420.47, 96
420.97, 96
420.97, 96
421.20, 96
421.20, 96
421.20, 96
421.33, 96
421.46, 96
421.46, 96
421.47, 96
422.15, 96
423.99, 96
424.08, 96
424.68, 96
424.69, 96
425.40, 96
426.69, 96
426.94, 96
427.06, 96
427.77, 96
427.83, 96
427.83, 96
427.97, 96
427.97, 96
428.82, 96
428.83, 96
428.83, 96
429.85, 96
429.85, 96
430.98, 96
430.98, 96
430.99, 96
430.99, 96
430.99, 96
431.22, 96
431.22, 96
431.74, 96
432.03, 96
432.04, 96
432.04, 96
434.56, 96
435.22, 96
435.22, 96
435.22, 96
435.22, 96
435.22, 96
435.51, 96
435.51, 96
435.56, 96
435.76, 96
435.93, 96
436.29, 96
436.29, 96
436.29, 96
436.69, 96
437.13, 96
438.39, 96
438.39, 96
439.41, 96
440.30, 96
440.55, 96
441.22, 96
441.23, 96
441.59, 96
442.90, 96
442.90, 96
442.90, 96
442.95, 96
442.95, 96
442.95, 96
442.95, 96
442.95, 96
442.95, 96
442.95, 96
442.96, 96
442.96, 96
442.96, 96
443.21, 96
443.21, 96
443.21, 96
443.60, 96
444.01, 96
444.25, 96
444.57, 96
444.87, 96
444.87, 96
444.93, 96
445.59, 96
447.34, 96
447.54, 96
448.21, 96
448.21, 96
448.21, 96
448.21, 96
448.90, 96
448.90, 96
448.90, 96
448.90, 96
449.82, 96
449.82, 96
449.82, 96
449.86, 96
449.86, 96
449.86, 96
449.86, 96
449.88, 96
449.88, 96
450.06, 96
450.17, 96
450.17, 96
450.17, 96
450.31, 96
450.46, 96
451.44, 96
452.05, 96
452.36, 96
453.00, 96
453.00, 96
453.16, 96
453.26, 96
453.26, 96
454.33, 96
454.41, 96
454.42, 96
455.15, 96
456.71, 96
457.50, 96
457.50, 96
457.57, 96
458.40, 96
458.40, 96
458.40, 96
459.03, 96
459.03, 96
459.16, 96
459.16, 96
459.28, 96
459.29, 96
459.83, 96
459.83, 96
459.83, 96
459.83, 96
459.83, 96
459.84, 96
459.84, 96
460.18, 96
460.18, 96
460.72, 96
461.94, 96
462.43, 96
463.04, 96
463.18, 96
463.19, 96
463.85, 96
464.00, 96
464.01, 96
464.01, 96
464.01, 96
464.11, 96
464.11, 96
464.21, 96
464.23, 96
464.87, 96
464.87, 96
464.87, 96
464.92, 96
464.92, 96
465.03, 96
465.03, 96
465.85, 96
466.25, 96
466.67, 96
466.87, 96
467.36, 96
467.36, 96
467.43, 96
467.43, 96
467.44, 96
467.44, 96
467.64, 96
468.28, 96
469.68, 96
469.87, 96
469.87, 96
469.87, 96
470.03, 96
471.40, 96
471.90, 96
471.95, 96
471.95, 96
471.95, 96
471.97, 96
472.12, 96
472.24, 96
472.25, 96
472.41, 96
472.52, 96
472.95, 96
473.07, 96
473.07, 96
473.08, 96
473.08, 96
473.08, 96
473.08, 96
473.19, 96
473.51, 96
473.51, 96
473.51, 96
474.37, 96
475.05, 96
475.11, 96
475.17, 96
475.91, 96
476.72, 96
476.76, 96
477.14, 96
477.17, 96
477.17, 96
477.36, 96
477.36, 96
478.00, 96
478.16, 96
478.45, 96
479.61, 96
479.65, 96
479.73, 96
479.73, 96
480.19, 96
480.68, 96
480.68, 96
481.20, 96
481.21, 96
481.21, 96
481.21, 96
481.21, 96
481.21, 96
481.21, 96
481.21, 96
481.21, 96
481.46, 96
481.58, 96
481.69, 96
481.69, 96
482.43, 96
483.41, 96
483.41, 96
483.42, 96
483.42, 96
483.60, 96
484.13, 96
484.33, 96
484.34, 96
484.57, 96
484.58, 96
484.99, 96
485.92, 96
486.21, 96
486.21, 96
486.54, 96
486.54, 96
487.03, 96
487.03, 96
487.03, 96
487.03, 96
487.21, 96
487.21, 96
487.21, 96
487.21, 96
487.26, 96
487.45, 96
487.45, 96
487.45, 96
487.45, 96
488.35, 96
488.49, 96
488.50, 96
489.08, 96
489.08, 96
489.21, 96
489.21, 96
489.21, 96
489.21, 96
489.21, 96
490.98, 96
490.98, 96
491.02, 96
491.46, 96
491.46, 96
491.91, 96
491.92, 96
492.25, 96
492.71, 96
493.83, 96
494.65, 96
494.65, 96
496.21, 96
496.21, 96
496.48, 96
496.48, 96
496.76, 96
497.05, 96
497.05, 96
497.54, 96
497.68, 96
497.68, 96
497.68, 96
497.68, 96
497.98, 96
498.13, 96
498.60, 96
498.61, 96
498.61, 96
498.61, 96
498.89, 96
499.10, 96
499.44, 96
499.44, 96
500.34, 96
500.79, 96
501.86, 96
502.02, 96
502.02, 96
502.74, 96
502.93, 96
502.93, 96
502.93, 96
503.19, 96
504.02, 96
504.02, 96
504.02, 96
504.02, 96
504.02, 96
505.12, 96
505.61, 96
505.88, 96
505.88, 96
505.92, 96
507.28, 96
507.28, 96
507.29, 96
507.32, 96
509.35, 96
509.35, 96
509.35, 96
509.50, 96
510.08, 96
510.08, 96
510.08, 96
510.16, 96
510.55, 96
510.55, 96
510.55, 96
510.68, 96
510.70, 96
510.84, 96
511.35, 96
511.64, 96
511.64, 96
512.07, 96
512.73, 96
512.94, 96
513.21, 96
513.26, 96
513.98, 96
514.11, 96
514.11, 96
514.11, 96
514.35, 96
515.44, 96
515.44, 96
516.20, 96
516.20, 96
516.20, 96
516.20, 96
516.20, 96
516.20, 96
517.02, 96
517.74, 96
517.74, 96
519.14, 96
519.14, 96
519.14, 96
519.34, 96
519.46, 96
519.87, 96
521.59, 96
521.61, 96
522.22, 96
522.32, 96
523.01, 96
523.01, 96
523.51, 96
525.00, 96
525.00, 96
525.04, 96
525.16, 96
525.16, 96
525.16, 96
525.16, 96
525.16, 96
525.27, 96
525.41, 96
525.66, 96
525.75, 96
526.52, 96
526.53, 96
527.14, 96
527.45, 96
527.53, 96
527.53, 96
527.69, 96
528.29, 96
528.57, 96
528.81, 96
529.00, 96
529.01, 96
529.93, 96
529.93, 96
529.94, 96
529.94, 96
530.14, 96
530.50, 96
530.50, 96
531.12, 96
531.13, 96
531.64, 96
531.66, 96
532.81, 96
532.81, 96
533.28, 96
534.07, 96
534.07, 96
534.80, 96
534.80, 96
535.18, 96
535.21, 96
535.21, 96
535.29, 96
535.42, 96
537.02, 96
537.02, 96
537.02, 96
537.50, 96
537.86, 96
538.10, 96
538.14, 96
538.17, 96
538.17, 96
538.50, 96
538.61, 96
538.82, 96
539.34, 96
539.58, 96
539.58, 96
539.97, 96
540.28, 96
540.28, 96
540.36, 96
541.76, 96
541.77, 96
541.77, 96
541.91, 96
541.91, 96
542.73, 96
543.01, 96
543.13, 96
543.14, 96
544.41, 96
544.52, 96
544.84, 96
546.75, 96
547.47, 96
547.75, 96
547.75, 96
547.75, 96
547.84, 96
547.84, 96
548.10, 96
548.10, 96
548.10, 96
548.10, 96
548.12, 96
548.12, 96
548.36, 96
548.36, 96
548.45, 96
548.98, 96
549.93, 96
549.97, 96
550.01, 96
550.02, 96
550.65, 96
551.04, 96
551.05, 96
551.47, 96
551.47, 96
551.49, 96
553.46, 96
553.46, 96
553.46, 96
554.37, 96
554.72, 96
555.18, 96
555.36, 96
555.60, 96
555.60, 96
555.77, 96
555.99, 96
556.21, 96
556.22, 96
556.78, 96
556.78, 96
556.78, 96
556.91, 96
556.91, 96
557.33, 96
557.52, 96
557.56, 96
557.56, 96
557.80, 96
557.85, 96
557.90, 96
557.90, 96
557.90, 96
557.90, 96
557.93, 96
557.94, 96
558.59, 96
559.10, 96
559.10, 96
559.17, 96
559.17, 96
559.17, 96
559.41, 96
559.95, 96
560.95, 96
562.99, 96
563.08, 96
563.59, 96
564.15, 96
564.25, 96
567.73, 96
567.73, 96
567.99, 96
569.05, 96
569.05, 96
569.13, 96
569.47, 96
569.59, 96
569.97, 96
569.97, 96
569.97, 96
569.97, 96
570.64, 96
571.10, 96
571.10, 96
571.11, 96
571.39, 96
571.39, 96
571.55, 96
571.56, 96
571.57, 96
571.84, 96
572.79, 96
572.97, 96
572.98, 96
573.38, 96
573.39, 96
574.11, 96
574.11, 96
574.30, 96
574.38, 96
574.38, 96
575.08, 96
575.17, 96
575.18, 96
575.52, 96
575.52, 96
575.52, 96
575.52, 96
575.67, 96
575.69, 96
576.05, 96
576.15, 96
576.15, 96
576.15, 96
576.15, 96
576.21, 96
576.22, 96
576.23, 96
576.23, 96
576.85, 96
577.13, 96
577.24, 96
577.24, 96
577.34, 96
577.99, 96
578.20, 96
578.20, 96
578.21, 96
578.64, 96
578.64, 96
578.86, 96
578.86, 96
578.97, 96
578.97, 96
578.99, 96
579.00, 96
579.05, 96
579.05, 96
579.05, 96
579.40, 96
579.58, 96
580.59, 96
580.95, 96
581.56, 96
581.56, 96
581.64, 96
581.64, 96
581.89, 96
581.89, 96
581.89, 96
581.93, 96
583.68, 96
583.94, 96
584.04, 96
584.09, 96
584.25, 96
585.40, 96
586.85, 96
588.06, 96
588.06, 96
588.68, 96
588.69, 96
588.70, 96
588.75, 96
588.76, 96
588.81, 96
588.87, 96
588.87, 96
589.46, 96
589.70, 96
589.70, 96
589.70, 96
590.23, 96
590.23, 96
591.21, 96
591.21, 96
591.21, 96
591.21, 96
591.30, 96
591.49, 96
591.49, 96
591.56, 96
592.15, 96
592.15, 96
592.15, 96
592.15, 96
592.29, 96
593.65, 96
593.71, 96
594.56, 96
595.01, 96
595.30, 96
595.60, 96
595.92, 96
595.92, 96
595.97, 96
595.97, 96
595.97, 96
597.19, 96
597.33, 96
597.81, 96
597.91, 96
597.92, 96
598.32, 96
598.32, 96
598.52, 96
598.84, 96
599.07, 96
599.07, 96
599.87, 96
599.88, 96
599.93, 96
