0.00, 102
0.00, 99
0.01, 99
0.01, 99
0.01, 99
0.01, 98
0.01, 98
0.01, 98
0.01, 98
0.02, 98
0.02, 97
0.05, 97
0.06, 97
0.08, 97
0.11, 97
0.11, 97
0.13, 97
0.13, 97
0.13, 97
0.25, 97
0.26, 97
0.31, 97
0.33, 97
0.33, 97
0.33, 97
0.39, 97
0.39, 97
0.39, 97
0.47, 97
0.47, 97
0.47, 97
0.52, 97
0.56, 97
0.56, 97
0.59, 97
0.60, 97
0.60, 97
0.60, 97
0.60, 97
0.60, 97
0.60, 97
0.60, 97
0.65, 97
0.66, 97
0.66, 97
0.66, 96
1.37, 96
2.33, 96
2.44, 96
2.51, 96
2.51, 96
3.57, 96
5.43, 96
5.65, 96
6.34, 96
6.39, 96
6.59, 96
6.59, 96
6.95, 96
7.69, 96
7.71, 96
7.71, 96
7.86, 96
7.86, 96
9.06, 96
9.32, 96
9.32, 96
9.53, 96
10.17, 96
11.29, 96
11.41, 96
12.71, 96
12.71, 96
12.97, 96
12.97, 96
13.40, 96
13.61, 96
13.61, 96
14.02, 96
14.02, 96
14.38, 96
14.38, 96
14.38, 96
14.76, 96
14.83, 96
14.85, 96
14.89, 96
14.91, 96
15.94, 96
15.94, 96
16.03, 96
16.03, 96
16.22, 96
16.23, 96
16.50, 96
16.51, 96
16.53, 96
16.78, 96
16.78, 96
17.38, 96
17.38, 96
17.38, 96
17.39, 96
17.39, 96
17.39, 96
17.39, 96
18.26, 96
18.27, 96
18.27, 96
18.83, 96
19.02, 96
19.02, 96
19.03, 96
19.51, 96
20.38, 96
20.98, 96
20.98, 96
21.58, 96
23.84, 96
23.84, 96
23.99, 96
24.06, 96
24.06, 96
24.06, 96
24.45, 96
24.55, 96
24.85, 96
25.34, 96
25.63, 96
25.63, 96
25.86, 96
25.98, 96
26.08, 96
26.14, 96
26.18, 96
26.18, 96
26.27, 96
27.93, 96
28.20, 96
28.20, 96
28.20, 96
29.04, 96
30.09, 96
30.14, 96
30.14, 96
30.14, 96
30.14, 96
30.34, 96
30.69, 96
30.95, 96
30.95, 96
30.95, 96
31.43, 96
31.43, 96
31.59, 96
33.28, 96
33.36, 96
33.84, 96
33.84, 96
33.99, 96
34.47, 96
34.47, 96
34.47, 96
34.68, 96
34.81, 96
34.86, 96
35.77, 96
35.77, 96
35.77, 96
35.77, 96
35.77, 96
35.83, 96
37.00, 96
37.69, 96
37.69, 96
37.94, 96
38.05, 96
39.24, 96
39.24, 96
39.24, 96
39.24, 96
39.24, 96
39.28, 96
39.57, 96
39.62, 96
40.24, 96
40.24, 96
40.33, 96
41.02, 96
41.22, 96
41.23, 96
41.34, 96
41.52, 96
43.06, 96
43.95, 96
43.96, 96
44.11, 96
44.12, 96
44.17, 96
44.17, 96
44.66, 96
44.72, 96
44.72, 96
44.82, 96
44.82, 96
44.82, 96
44.88, 96
44.88, 96
44.88, 96
45.09, 96
45.11, 96
45.11, 96
45.34, 96
45.34, 96
45.85, 96
46.01, 96
46.51, 96
47.18, 96
47.22, 96
48.30, 96
49.57, 96
49.57, 96
49.89, 96
50.06, 96
50.66, 96
51.65, 96
51.65, 96
51.66, 96
51.96, 96
51.96, 96
52.10, 96
52.10, 96
52.11, 96
52.61, 96
52.61, 96
53.26, 96
53.28, 96
53.31, 96
53.83, 96
53.83, 96
53.97, 96
53.97, 96
54.95, 96
55.28, 96
55.29, 96
55.29, 96
55.29, 96
55.34, 96
55.47, 96
55.51, 96
55.51, 96
55.77, 96
55.77, 96
55.77, 96
55.77, 96
55.77, 96
55.77, 96
56.34, 96
56.34, 96
56.34, 96
57.12, 96
57.12, 96
57.68, 96
57.68, 96
58.35, 96
58.46, 96
58.46, 96
58.57, 96
58.57, 96
58.57, 96
58.57, 96
59.04, 96
59.05, 96
59.32, 96
59.32, 96
59.59, 96
59.59, 96
60.57, 96
60.57, 96
60.57, 96
60.57, 96
60.57, 96
60.90, 96
60.93, 96
62.06, 96
62.06, 96
62.47, 96
62.74, 96
62.74, 96
63.51, 96
63.80, 96
63.80, 96
64.15, 96
64.46, 96
65.69, 96
66.07, 96
66.08, 96
66.66, 96
66.82, 96
67.22, 96
67.23, 96
67.53, 96
68.11, 96
68.11, 96
68.11, 96
68.41, 96
69.19, 96
71.15, 96
71.23, 96
71.23, 96
71.72, 96
71.73, 96
72.06, 96
72.19, 96
72.19, 96
72.51, 96
72.90, 96
72.90, 96
72.90, 96
72.90, 96
74.05, 96
74.17, 96
74.48, 96
75.55, 96
76.03, 96
76.57, 96
77.03, 96
77.03, 96
77.35, 96
77.98, 96
77.98, 96
78.21, 96
78.21, 96
79.12, 96
79.12, 96
79.60, 96
79.72, 96
79.74, 96
79.74, 96
79.74, 96
79.86, 96
80.17, 96
80.95, 96
80.95, 96
80.95, 96
81.08, 96
81.09, 96
81.09, 96
81.09, 96
81.09, 96
81.09, 96
81.21, 96
81.21, 96
82.98, 96
82.98, 96
82.98, 96
82.99, 96
83.71, 96
83.95, 96
84.07, 96
84.85, 96
84.85, 96
85.17, 96
85.29, 96
85.57, 96
85.63, 96
85.78, 96
85.78, 96
86.25, 96
86.67, 96
86.85, 96
86.96, 96
87.19, 96
87.19, 96
88.01, 96
88.01, 96
88.03, 96
89.62, 96
89.62, 96
89.65, 96
90.43, 96
90.43, 96
90.43, 96
90.79, 96
91.27, 96
92.00, 96
92.00, 96
92.58, 96
93.95, 96
94.84, 96
94.84, 96
95.12, 96
95.55, 96
95.55, 96
97.95, 96
97.96, 96
97.96, 96
98.40, 96
98.69, 96
98.69, 96
98.69, 96
98.70, 96
98.76, 96
98.86, 96
98.86, 96
98.87, 96
100.45, 96
100.45, 96
100.62, 96
100.62, 96
100.62, 96
101.20, 96
101.82, 96
101.82, 96
101.90, 96
101.94, 96
101.94, 96
101.94, 96
101.94, 96
102.51, 96
104.34, 96
104.34, 96
104.97, 96
104.97, 96
104.97, 96
105.01, 96
105.01, 96
105.01, 96
105.10, 96
105.10, 96
105.38, 96
105.78, 96
105.88, 96
106.68, 96
106.83, 96
106.83, 96
106.83, 96
106.83, 96
106.83, 96
107.40, 96
107.40, 96
107.40, 96
107.41, 96
107.41, 96
107.84, 96
107.84, 96
109.15, 96
109.15, 96
109.94, 96
109.94, 96
110.18, 96
110.47, 96
112.12, 96
112.99, 96
112.99, 96
112.99, 96
112.99, 96
112.99, 96
112.99, 96
114.34, 96
114.34, 96
114.34, 96
114.61, 96
114.61, 96
114.61, 96
114.62, 96
114.73, 96
114.93, 96
114.93, 96
114.93, 96
114.93, 96
114.93, 96
114.93, 96
115.49, 96
115.49, 96
117.42, 96
117.42, 96
117.42, 96
118.89, 96
119.09, 96
119.28, 96
119.67, 96
119.67, 96
119.67, 96
119.82, 96
119.82, 96
119.82, 96
119.82, 96
119.85, 96
119.85, 96
120.39, 96
120.64, 96
120.98, 96
121.03, 96
121.03, 96
121.68, 96
121.92, 96
122.49, 96
122.85, 96
123.18, 96
123.22, 96
123.22, 96
123.22, 96
123.22, 96
123.59, 96
123.91, 96
123.92, 96
123.92, 96
123.93, 96
123.93, 96
123.93, 96
124.17, 96
124.17, 96
124.20, 96
124.25, 96
124.25, 96
124.25, 96
124.62, 96
125.07, 96
125.07, 96
125.37, 96
126.20, 96
126.20, 96
127.07, 96
127.18, 96
127.18, 96
127.32, 96
127.47, 96
127.48, 96
127.48, 96
128.36, 96
128.58, 96
129.22, 96
129.22, 96
129.42, 96
130.17, 96
130.17, 96
130.23, 96
130.66, 96
130.81, 96
130.81, 96
131.25, 96
131.25, 96
131.90, 96
131.90, 96
132.46, 96
132.93, 96
132.93, 96
132.93, 96
132.93, 96
134.26, 96
134.26, 96
134.65, 96
135.17, 96
135.68, 96
135.72, 96
135.72, 96
135.81, 96
135.98, 96
136.84, 96
137.53, 96
137.89, 96
137.89, 96
138.16, 96
138.97, 96
139.89, 96
139.89, 96
140.86, 96
141.23, 96
141.46, 96
141.83, 96
142.40, 96
142.42, 96
142.88, 96
143.33, 96
143.33, 96
143.40, 96
144.42, 96
144.51, 96
144.51, 96
145.13, 96
145.47, 96
145.47, 96
145.47, 96
145.60, 96
145.61, 96
145.71, 96
145.74, 96
145.74, 96
145.74, 96
146.29, 96
146.29, 96
147.08, 96
147.08, 96
147.26, 96
147.26, 96
147.26, 96
147.26, 96
147.89, 96
147.89, 96
147.89, 96
147.94, 96
147.96, 96
148.59, 96
148.59, 96
148.59, 96
148.59, 96
148.59, 96
148.60, 96
148.72, 96
148.72, 96
148.73, 96
148.73, 96
148.86, 96
149.33, 96
150.21, 96
150.21, 96
150.81, 96
150.81, 96
151.29, 96
151.29, 96
151.29, 96
151.35, 96
151.35, 96
151.35, 96
151.53, 96
151.80, 96
151.88, 96
152.49, 96
152.49, 96
152.59, 96
153.03, 96
153.15, 96
153.34, 96
154.06, 96
154.45, 96
154.72, 96
155.59, 96
155.68, 96
155.68, 96
156.02, 96
156.02, 96
156.03, 96
156.14, 96
156.27, 96
156.27, 96
156.50, 96
156.67, 96
156.67, 96
156.68, 96
156.69, 96
157.67, 96
157.67, 96
157.67, 96
157.72, 96
157.72, 96
157.72, 96
157.72, 96
159.40, 96
159.45, 96
159.45, 96
159.72, 96
160.90, 96
161.09, 96
161.38, 96
162.82, 96
163.08, 96
163.19, 96
163.82, 96
163.87, 96
163.87, 96
163.98, 96
165.01, 96
165.01, 96
165.26, 96
165.36, 96
166.41, 96
166.82, 96
166.82, 96
167.12, 96
167.47, 96
168.14, 96
168.14, 96
168.14, 96
168.15, 96
168.55, 96
168.55, 96
168.55, 96
168.55, 96
169.07, 96
169.45, 96
169.46, 96
169.46, 96
170.46, 96
170.64, 96
170.83, 96
171.11, 96
171.12, 96
171.12, 96
171.68, 96
171.68, 96
171.68, 96
172.33, 96
172.54, 96
172.54, 96
172.97, 96
173.26, 96
174.72, 96
174.77, 96
174.77, 96
175.03, 96
175.30, 96
175.98, 96
176.87, 96
176.87, 96
176.87, 96
176.87, 96
176.90, 96
176.90, 96
177.25, 96
177.83, 96
178.09, 96
178.83, 96
178.83, 96
179.35, 96
179.39, 96
179.94, 96
180.34, 96
180.34, 96
180.65, 96
180.65, 96
180.65, 96
181.20, 96
181.20, 96
181.32, 96
181.63, 96
182.07, 96
182.07, 96
182.07, 96
182.07, 96
182.12, 96
182.48, 96
182.69, 96
182.70, 96
182.85, 96
183.36, 96
183.36, 96
183.36, 96
183.36, 96
183.36, 96
183.90, 96
183.90, 96
184.02, 96
184.12, 96
184.13, 96
184.58, 96
184.58, 96
184.71, 96
184.71, 96
184.71, 96
184.72, 96
184.72, 96
184.99, 96
185.36, 96
185.36, 96
185.36, 96
185.37, 96
185.41, 96
185.66, 96
185.93, 96
186.58, 96
186.76, 96
186.98, 96
186.98, 96
187.14, 96
187.14, 96
187.14, 96
187.28, 96
187.28, 96
187.28, 96
187.35, 96
187.36, 96
187.54, 96
188.13, 96
188.13, 96
188.13, 96
188.13, 96
188.32, 96
188.32, 96
190.70, 96
190.70, 96
190.90, 96
191.85, 96
191.85, 96
191.85, 96
192.06, 96
192.06, 96
192.15, 96
192.17, 96
192.37, 96
192.37, 96
192.37, 96
192.37, 96
192.48, 96
192.48, 96
192.68, 96
193.38, 96
193.38, 96
194.28, 96
194.28, 96
194.75, 96
195.53, 96
195.72, 96
195.91, 96
195.91, 96
196.33, 96
196.33, 96
196.33, 96
196.36, 96
196.36, 96
196.37, 96
197.07, 96
197.07, 96
197.43, 96
198.63, 96
198.69, 96
198.69, 96
198.69, 96
198.69, 96
199.71, 96
200.10, 96
200.55, 96
200.55, 96
200.63, 96
200.63, 96
200.64, 96
201.69, 96
203.62, 96
203.62, 96
203.63, 96
203.63, 96
203.88, 96
203.88, 96
204.46, 96
204.76, 96
204.94, 96
205.14, 96
206.92, 96
206.92, 96
207.76, 96
208.06, 96
208.07, 96
208.07, 96
208.07, 96
208.16, 96
208.19, 96
208.52, 96
208.52, 96
208.52, 96
208.52, 96
208.52, 96
208.58, 96
208.58, 96
208.58, 96
208.81, 96
208.82, 96
208.82, 96
209.11, 96
209.60, 96
209.61, 96
210.30, 96
210.30, 96
210.30, 96
210.30, 96
210.40, 96
210.40, 96
210.40, 96
210.49, 96
210.49, 96
210.49, 96
210.49, 96
210.49, 96
210.90, 96
210.90, 96
210.90, 96
211.10, 96
211.11, 96
211.79, 96
211.97, 96
211.97, 96
211.97, 96
211.97, 96
212.21, 96
212.21, 96
212.21, 96
212.21, 96
213.64, 96
213.87, 96
213.87, 96
213.89, 96
213.89, 96
214.27, 96
214.84, 96
214.84, 96
214.85, 96
214.85, 96
214.85, 96
214.96, 96
214.96, 96
215.00, 96
215.25, 96
215.25, 96
215.44, 96
215.44, 96
215.44, 96
215.79, 96
216.25, 96
216.25, 96
216.43, 96
216.52, 96
216.58, 96
216.58, 96
216.58, 96
216.67, 96
216.67, 96
216.99, 96
216.99, 96
217.72, 96
217.72, 96
217.79, 96
218.27, 96
218.79, 96
218.82, 96
219.28, 96
219.28, 96
219.32, 96
220.13, 96
220.63, 96
220.90, 96
221.29, 96
221.51, 96
221.51, 96
222.88, 96
223.76, 96
224.07, 96
224.13, 96
224.13, 96
224.13, 96
224.29, 96
224.29, 96
224.63, 96
225.32, 96
225.63, 96
225.63, 96
226.18, 96
227.29, 96
227.29, 96
227.85, 96
227.85, 96
227.85, 96
227.92, 96
227.95, 96
228.20, 96
228.83, 96
229.39, 96
229.96, 96
230.41, 96
230.42, 96
230.45, 96
230.45, 96
231.01, 96
231.05, 96
231.05, 96
231.09, 96
231.42, 96
231.43, 96
231.55, 96
233.34, 96
233.53, 96
233.72, 96
234.01, 96
235.09, 96
235.09, 96
235.09, 96
236.00, 96
236.00, 96
236.00, 96
236.02, 96
236.04, 96
236.84, 96
236.98, 96
237.00, 96
239.21, 96
239.21, 96
239.40, 96
239.40, 96
239.57, 96
239.60, 96
240.07, 96
240.63, 96
240.63, 96
240.63, 96
242.20, 96
242.25, 96
242.25, 96
243.25, 96
243.25, 96
243.30, 96
243.49, 96
243.51, 96
244.05, 96
244.05, 96
244.05, 96
244.17, 96
244.48, 96
244.48, 96
245.76, 96
245.76, 96
245.79, 96
246.28, 96
246.66, 96
246.66, 96
246.73, 96
246.74, 96
247.23, 96
247.23, 96
247.23, 96
247.23, 96
247.23, 96
247.24, 96
247.36, 96
247.63, 96
248.28, 96
248.59, 96
248.59, 96
248.97, 96
249.28, 96
249.30, 96
249.60, 96
249.60, 96
249.68, 96
249.97, 96
250.57, 96
250.84, 96
250.84, 96
250.84, 96
251.42, 96
251.78, 96
251.96, 96
252.26, 96
252.26, 96
252.27, 96
252.27, 96
252.54, 96
252.64, 96
252.71, 96
252.72, 96
252.72, 96
253.11, 96
253.11, 96
253.11, 96
253.11, 96
253.11, 96
253.36, 96
253.36, 96
254.25, 96
254.25, 96
254.57, 96
254.62, 96
254.62, 96
254.70, 96
254.70, 96
254.79, 96
254.96, 96
255.84, 96
256.05, 96
256.68, 96
256.89, 96
257.15, 96
258.83, 96
258.84, 96
258.84, 96
258.84, 96
259.97, 96
259.97, 96
260.48, 96
260.65, 96
260.92, 96
261.71, 96
261.72, 96
261.72, 96
262.36, 96
264.12, 96
265.41, 96
265.60, 96
265.92, 96
265.93, 96
265.94, 96
266.28, 96
267.27, 96
267.36, 96
267.84, 96
268.27, 96
270.54, 96
271.01, 96
271.01, 96
271.01, 96
271.01, 96
271.01, 96
271.01, 96
271.01, 96
271.11, 96
271.16, 96
271.16, 96
271.16, 96
271.50, 96
271.54, 96
272.71, 96
272.71, 96
272.76, 96
272.76, 96
272.85, 96
273.17, 96
274.60, 96
274.89, 96
274.89, 96
275.23, 96
275.46, 96
275.74, 96
275.75, 96
275.76, 96
275.96, 96
276.12, 96
276.16, 96
276.17, 96
276.73, 96
276.73, 96
277.21, 96
277.71, 96
277.72, 96
277.76, 96
277.82, 96
277.82, 96
277.82, 96
277.82, 96
278.72, 96
278.74, 96
279.37, 96
279.37, 96
279.56, 96
281.11, 96
281.18, 96
281.19, 96
281.29, 96
281.94, 96
281.94, 96
282.26, 96
282.26, 96
282.26, 96
282.26, 96
283.25, 96
283.26, 96
283.27, 96
283.30, 96
283.33, 96
283.41, 96
283.45, 96
283.46, 96
284.98, 96
284.99, 96
285.32, 96
285.33, 96
286.65, 96
286.65, 96
286.65, 96
286.94, 96
287.77, 96
288.19, 96
288.20, 96
288.20, 96
289.02, 96
289.90, 96
289.99, 96
290.00, 96
290.40, 96
291.23, 96
291.23, 96
291.33, 96
291.93, 96
292.54, 96
292.67, 96
292.96, 96
293.65, 96
293.80, 96
294.42, 96
294.42, 96
294.42, 96
295.05, 96
295.13, 96
295.62, 96
295.63, 96
298.17, 96
298.59, 96
298.59, 96
298.59, 96
300.66, 96
300.66, 96
301.19, 96
302.24, 96
302.25, 96
302.64, 96
302.71, 96
302.72, 96
305.12, 96
306.43, 96
307.13, 96
307.42, 96
307.96, 96
308.38, 96
308.60, 96
308.60, 96
308.60, 96
308.60, 96
308.94, 96
309.26, 96
310.34, 96
311.38, 96
311.38, 96
311.39, 96
311.63, 96
312.27, 96
314.16, 96
314.26, 96
314.26, 96
315.07, 96
315.08, 96
315.08, 96
315.08, 96
315.08, 96
315.23, 96
315.24, 96
315.44, 96
315.44, 96
315.66, 96
316.43, 96
316.77, 96
318.30, 96
318.35, 96
319.38, 96
319.38, 96
319.38, 96
319.38, 96
319.50, 96
319.50, 96
319.54, 96
319.54, 96
319.55, 96
319.73, 96
320.15, 96
320.97, 96
321.07, 96
321.38, 96
322.54, 96
323.19, 96
323.54, 96
323.54, 96
323.63, 96
324.08, 96
324.52, 96
325.16, 96
326.27, 96
326.31, 96
326.31, 96
327.22, 96
327.30, 96
327.30, 96
327.82, 96
327.82, 96
327.82, 96
327.82, 96
327.82, 96
327.82, 96
327.82, 96
329.58, 96
329.58, 96
329.62, 96
329.98, 96
330.37, 96
330.37, 96
330.65, 96
330.65, 96
330.65, 96
330.65, 96
330.91, 96
331.60, 96
332.24, 96
332.31, 96
332.31, 96
332.31, 96
332.33, 96
332.33, 96
332.33, 96
333.59, 96
333.88, 96
333.89, 96
335.10, 96
335.85, 96
336.70, 96
336.70, 96
336.70, 96
336.80, 96
336.80, 96
337.29, 96
338.09, 96
338.09, 96
338.09, 96
338.09, 96
338.09, 96
338.38, 96
338.56, 96
339.06, 96
339.15, 96
339.18, 96
339.58, 96
340.29, 96
340.29, 96
340.68, 96
340.81, 96
342.01, 96
342.01, 96
342.45, 96
343.03, 96
343.60, 96
343.60, 96
343.65, 96
343.65, 96
344.05, 96
344.64, 96
344.64, 96
344.64, 96
345.01, 96
345.11, 96
345.11, 96
345.11, 96
346.40, 96
346.40, 96
346.40, 96
346.65, 96
346.80, 96
346.80, 96
346.80, 96
346.80, 96
346.80, 96
346.81, 96
346.81, 96
346.81, 96
346.81, 96
346.81, 96
347.69, 96
347.75, 96
348.00, 96
348.00, 96
348.21, 96
348.27, 96
349.23, 96
350.14, 96
350.20, 96
350.21, 96
350.57, 96
350.57, 96
352.04, 96
352.10, 96
352.11, 96
352.40, 96
352.86, 96
353.54, 96
354.11, 96
354.85, 96
357.01, 96
357.45, 96
359.19, 96
359.79, 96
360.86, 96
361.65, 96
361.65, 96
361.86, 96
362.13, 96
362.22, 96
363.23, 96
363.23, 96
363.23, 96
363.30, 96
363.67, 96
363.67, 96
363.78, 96
363.98, 96
364.60, 96
365.39, 96
365.39, 96
366.16, 96
366.70, 96
366.96, 96
366.96, 96
366.96, 96
366.96, 96
367.02, 96
367.02, 96
367.02, 96
367.02, 96
367.02, 96
367.02, 96
367.02, 96
367.64, 96
367.74, 96
367.81, 96
368.28, 96
368.28, 96
368.77, 96
368.77, 96
368.78, 96
369.76, 96
370.67, 96
370.67, 96
370.78, 96
370.78, 96
370.80, 96
371.82, 96
372.08, 96
372.37, 96
372.37, 96
373.04, 96
373.04, 96
373.04, 96
373.04, 96
373.20, 96
373.72, 96
373.72, 96
373.72, 96
374.03, 96
374.03, 96
374.05, 96
374.05, 96
374.15, 96
374.15, 96
374.15, 96
374.94, 96
375.80, 96
375.80, 96
376.42, 96
376.94, 96
376.94, 96
376.94, 96
376.94, 96
377.76, 96
377.76, 96
378.04, 96
378.61, 96
378.61, 96
378.62, 96
379.26, 96
379.26, 96
380.12, 96
380.12, 96
380.12, 96
380.12, 96
381.52, 96
381.70, 96
381.70, 96
382.57, 96
383.82, 96
384.07, 96
384.07, 96
384.07, 96
384.47, 96
385.08, 96
385.19, 96
385.49, 96
385.61, 96
385.61, 96
385.68, 96
385.85, 96
385.85, 96
386.04, 96
386.04, 96
386.80, 96
386.81, 96
386.94, 96
386.94, 96
387.03, 96
387.27, 96
387.66, 96
387.76, 96
387.76, 96
387.76, 96
387.76, 96
387.84, 96
388.06, 96
388.06, 96
388.40, 96
388.69, 96
390.56, 96
390.56, 96
390.63, 96
390.86, 96
390.86, 96
391.14, 96
391.44, 96
391.78, 96
391.90, 96
391.93, 96
392.70, 96
393.01, 96
393.01, 96
393.09, 96
393.09, 96
393.79, 96
394.02, 96
394.03, 96
394.03, 96
394.03, 96
394.03, 96
394.04, 96
394.06, 96
394.12, 96
394.27, 96
394.86, 96
395.11, 96
395.11, 96
395.11, 96
395.11, 96
395.11, 96
395.12, 96
395.14, 96
398.15, 96
398.16, 96
398.16, 96
398.16, 96
398.16, 96
398.40, 96
398.40, 96
398.40, 96
398.44, 96
398.44, 96
398.81, 96
399.21, 96
399.21, 96
399.39, 96
399.39, 96
399.40, 96
399.50, 96
399.62, 96
399.62, 96
399.62, 96
400.23, 96
402.14, 96
402.21, 96
402.72, 96
402.72, 96
403.40, 96
404.68, 96
404.92, 96
405.04, 96
405.66, 96
405.71, 96
405.71, 96
405.83, 96
405.83, 96
406.80, 96
406.80, 96
406.80, 96
407.71, 96
407.72, 96
408.73, 96
408.74, 96
408.74, 96
408.74, 96
408.75, 96
408.96, 96
408.96, 96
409.29, 96
409.50, 96
409.50, 96
409.50, 96
411.93, 96
412.58, 96
412.59, 96
412.59, 96
412.59, 96
412.59, 96
412.89, 96
412.89, 96
412.93, 96
413.08, 96
413.25, 96
413.62, 96
413.62, 96
413.62, 96
414.02, 96
414.40, 96
415.64, 96
415.64, 96
416.76, 96
417.66, 96
417.94, 96
418.60, 96
418.60, 96
418.94, 96
420.15, 96
420.15, 96
420.15, 96
420.19, 96
420.19, 96
420.20, 96
420.20, 96
420.20, 96
420.20, 96
420.20, 96
420.20, 96
420.20, 96
420.20, 96
420.48, 96
420.49, 96
420.49, 96
420.89, 96
421.31, 96
421.57, 96
421.91, 96
422.20, 96
422.20, 96
422.26, 96
422.89, 96
424.52, 96
424.69, 96
425.48, 96
425.48, 96
425.48, 96
425.48, 96
426.23, 96
426.23, 96
426.23, 96
426.24, 96
427.23, 96
427.23, 96
427.23, 96
427.29, 96
427.29, 96
427.29, 96
427.29, 96
427.31, 96
427.31, 96
427.50, 96
427.60, 96
427.60, 96
427.61, 96
427.73, 96
427.84, 96
428.80, 96
429.41, 96
429.71, 96
430.35, 96
430.35, 96
430.51, 96
430.58, 96
430.58, 96
431.71, 96
431.80, 96
431.80, 96
432.51, 96
433.99, 96
434.72, 96
434.72, 96
434.79, 96
435.66, 96
435.66, 96
435.66, 96
436.33, 96
436.34, 96
436.54, 96
436.54, 96
436.69, 96
436.69, 96
437.23, 96
437.23, 96
437.23, 96
437.23, 96
437.23, 96
437.25, 96
437.25, 96
437.58, 96
437.58, 96
438.12, 96
439.27, 96
439.79, 96
440.39, 96
440.52, 96
440.52, 96
441.19, 96
441.36, 96
441.36, 96
441.36, 96
441.36, 96
441.49, 96
441.49, 96
441.61, 96
441.62, 96
442.22, 96
442.23, 96
442.23, 96
442.28, 96
442.28, 96
442.36, 96
442.36, 96
443.24, 96
443.63, 96
444.07, 96
444.26, 96
444.71, 96
444.71, 96
444.78, 96
444.78, 96
444.79, 96
444.79, 96
444.99, 96
445.61, 96
447.11, 96
447.30, 96
447.30, 96
447.30, 96
447.46, 96
448.81, 96
449.28, 96
449.33, 96
449.33, 96
449.33, 96
449.34, 96
449.51, 96
449.63, 96
449.63, 96
449.82, 96
449.91, 96
450.32, 96
450.43, 96
450.43, 96
450.43, 96
450.43, 96
450.43, 96
450.43, 96
450.54, 96
450.88, 96
450.88, 96
450.88, 96
451.80, 96
452.43, 96
452.49, 96
452.55, 96
453.30, 96
454.10, 96
454.14, 96
454.49, 96
454.51, 96
454.51, 96
454.68, 96
454.68, 96
455.32, 96
455.52, 96
455.78, 96
457.05, 96
457.10, 96
457.17, 96
457.17, 96
457.64, 96
458.13, 96
458.13, 96
458.59, 96
458.59, 96
458.59, 96
458.60, 96
458.60, 96
458.60, 96
458.60, 96
458.60, 96
458.61, 96
458.86, 96
458.96, 96
459.08, 96
459.08, 96
459.82, 96
460.79, 96
460.80, 96
460.80, 96
460.80, 96
460.98, 96
461.61, 96
461.79, 96
461.80, 96
462.00, 96
462.00, 96
462.39, 96
463.27, 96
463.60, 96
463.60, 96
463.92, 96
463.92, 96
464.39, 96
464.40, 96
464.40, 96
464.40, 96
464.54, 96
464.54, 96
464.55, 96
464.55, 96
464.59, 96
464.77, 96
464.77, 96
464.78, 96
464.78, 96
465.66, 96
465.80, 96
465.80, 96
466.42, 96
466.42, 96
466.57, 96
466.57, 96
466.57, 96
466.57, 96
466.57, 96
468.27, 96
468.27, 96
468.31, 96
468.73, 96
468.73, 96
469.15, 96
469.15, 96
469.49, 96
469.86, 96
470.86, 96
471.75, 96
471.75, 96
473.17, 96
473.17, 96
473.38, 96
473.38, 96
473.61, 96
473.85, 96
473.85, 96
474.31, 96
474.40, 96
474.40, 96
474.40, 96
474.40, 96
474.61, 96
474.76, 96
475.22, 96
475.22, 96
475.22, 96
475.22, 96
475.45, 96
475.66, 96
476.01, 96
476.01, 96
476.96, 96
477.39, 96
478.30, 96
478.45, 96
478.45, 96
479.10, 96
479.28, 96
479.28, 96
479.28, 96
479.52, 96
480.35, 96
480.36, 96
480.36, 96
480.36, 96
480.36, 96
481.54, 96
482.02, 96
482.28, 96
482.28, 96
482.31, 96
483.63, 96
483.63, 96
483.63, 96
483.68, 96
485.66, 96
485.66, 96
485.66, 96
485.83, 96
486.43, 96
486.43, 96
486.43, 96
486.54, 96
486.94, 96
486.94, 96
486.95, 96
487.05, 96
487.07, 96
487.21, 96
487.65, 96
487.89, 96
487.89, 96
488.28, 96
488.89, 96
489.09, 96
489.37, 96
489.41, 96
490.02, 96
490.14, 96
490.14, 96
490.14, 96
490.35, 96
491.47, 96
491.47, 96
492.17, 96
492.17, 96
492.17, 96
492.17, 96
492.17, 96
492.17, 96
492.94, 96
493.59, 96
493.59, 96
494.91, 96
494.91, 96
494.91, 96
495.10, 96
495.21, 96
495.57, 96
497.20, 96
497.22, 96
497.72, 96
497.79, 96
498.39, 96
498.40, 96
498.87, 96
500.27, 96
500.27, 96
500.31, 96
500.44, 96
500.44, 96
500.44, 96
500.44, 96
500.45, 96
500.56, 96
500.70, 96
500.94, 96
501.04, 96
501.83, 96
501.85, 96
502.39, 96
502.68, 96
502.76, 96
502.76, 96
502.94, 96
503.49, 96
503.70, 96
503.90, 96
504.10, 96
504.10, 96
504.97, 96
504.97, 96
504.97, 96
504.97, 96
505.15, 96
505.46, 96
505.46, 96
506.06, 96
506.06, 96
506.50, 96
506.51, 96
507.65, 96
507.65, 96
508.09, 96
508.90, 96
508.90, 96
509.60, 96
509.60, 96
509.97, 96
509.99, 96
510.00, 96
510.05, 96
510.16, 96
511.84, 96
511.84, 96
511.84, 96
512.23, 96
512.60, 96
512.80, 96
512.84, 96
512.88, 96
512.88, 96
513.19, 96
513.27, 96
513.45, 96
513.95, 96
514.12, 96
514.12, 96
514.47, 96
514.73, 96
514.73, 96
514.78, 96
516.10, 96
516.10, 96
516.10, 96
516.26, 96
516.26, 96
517.08, 96
517.34, 96
517.44, 96
517.46, 96
518.62, 96
518.72, 96
519.02, 96
520.74, 96
521.44, 96
521.71, 96
521.71, 96
521.71, 96
521.79, 96
521.79, 96
522.05, 96
522.05, 96
522.05, 96
522.05, 96
522.07, 96
522.07, 96
522.28, 96
522.28, 96
522.38, 96
522.92, 96
523.79, 96
523.83, 96
523.89, 96
523.89, 96
524.46, 96
524.79, 96
524.79, 96
525.19, 96
525.19, 96
525.21, 96
527.16, 96
527.16, 96
527.16, 96
527.98, 96
528.29, 96
528.74, 96
528.92, 96
529.15, 96
529.16, 96
529.31, 96
529.48, 96
529.69, 96
529.69, 96
530.17, 96
530.18, 96
530.18, 96
530.29, 96
530.29, 96
530.63, 96
530.83, 96
530.87, 96
530.87, 96
531.13, 96
531.21, 96
531.26, 96
531.26, 96
531.26, 96
531.26, 96
531.27, 96
531.27, 96
531.90, 96
532.38, 96
532.38, 96
532.44, 96
532.44, 96
532.44, 96
532.68, 96
533.19, 96
534.14, 96
536.18, 96
536.27, 96
536.87, 96
537.37, 96
537.45, 96
540.80, 96
540.80, 96
541.04, 96
542.17, 96
542.17, 96
542.24, 96
542.57, 96
542.70, 96
543.03, 96
543.03, 96
543.04, 96
543.04, 96
543.69, 96
544.13, 96
544.13, 96
544.13, 96
544.41, 96
544.41, 96
544.53, 96
544.53, 96
544.54, 96
544.80, 96
545.68, 96
545.88, 96
545.88, 96
546.28, 96
546.28, 96
547.06, 96
547.06, 96
547.28, 96
547.35, 96
547.36, 96
548.02, 96
548.11, 96
548.12, 96
548.44, 96
548.44, 96
548.44, 96
548.44, 96
548.56, 96
548.59, 96
548.96, 96
549.03, 96
549.03, 96
549.03, 96
549.03, 96
549.08, 96
549.09, 96
549.09, 96
549.09, 96
549.55, 96
549.80, 96
549.93, 96
549.94, 96
550.04, 96
550.66, 96
550.86, 96
550.86, 96
550.87, 96
551.31, 96
551.31, 96
551.58, 96
551.59, 96
551.70, 96
551.71, 96
551.73, 96
551.73, 96
551.79, 96
551.79, 96
551.80, 96
552.13, 96
552.33, 96
553.31, 96
553.63, 96
554.17, 96
554.17, 96
554.22, 96
554.22, 96
554.46, 96
554.46, 96
554.46, 96
554.49, 96
556.08, 96
556.36, 96
556.50, 96
556.57, 96
556.75, 96
557.84, 96
559.14, 96
560.27, 96
560.27, 96
560.91, 96
560.92, 96
560.92, 96
560.95, 96
560.95, 96
560.99, 96
561.06, 96
561.06, 96
561.74, 96
561.96, 96
561.96, 96
561.96, 96
562.44, 96
562.44, 96
563.33, 96
563.33, 96
563.33, 96
563.33, 96
563.40, 96
563.59, 96
563.59, 96
563.66, 96
564.22, 96
564.22, 96
564.22, 96
564.22, 96
564.38, 96
565.75, 96
565.82, 96
566.65, 96
567.09, 96
567.34, 96
567.61, 96
567.94, 96
567.94, 96
568.00, 96
568.00, 96
568.00, 96
569.00, 96
569.11, 96
569.56, 96
569.66, 96
569.66, 96
570.03, 96
570.03, 96
570.21, 96
570.52, 96
570.73, 96
570.74, 96
571.50, 96
571.50, 96
571.56, 96
571.65, 96
571.65, 96
571.89, 96
572.76, 96
572.80, 96
572.81, 96
572.81, 96
573.44, 96
574.68, 96
575.49, 96
576.11, 96
576.67, 96
576.67, 96
576.91, 96
576.98, 96
576.98, 96
577.57, 96
577.57, 96
577.95, 96
578.47, 96
578.70, 96
578.70, 96
580.60, 96
581.66, 96
581.80, 96
582.45, 96
582.65, 96
583.44, 96
583.44, 96
583.60, 96
583.60, 96
583.62, 96
583.62, 96
584.48, 96
584.48, 96
584.69, 96
585.18, 96
585.18, 96
585.19, 96
585.55, 96
585.56, 96
585.67, 96
586.62, 96
586.62, 96
586.79, 96
587.24, 96
588.84, 96
589.03, 96
589.03, 96
589.18, 96
589.30, 96
589.30, 96
589.37, 96
589.37, 96
589.37, 96
589.53, 96
590.17, 96
590.49, 96
590.49, 96
591.23, 96
591.24, 96
591.38, 96
591.85, 96
591.85, 96
591.86, 96
591.86, 96
592.28, 96
592.28, 96
592.47, 96
592.48, 96
594.57, 96
595.28, 96
595.28, 96
595.28, 96
595.28, 96
596.35, 96
596.35, 96
596.39, 96
596.39, 96
596.39, 96
596.41, 96
596.41, 96
596.41, 96
596.51, 96
597.00, 96
598.26, 96
598.39, 96
598.39, 96
598.39, 96
598.88, 96
599.23, 96
599.24, 96
599.24, 96
599.24, 96
