16.27, 5510
18.09, 5311
19.86, 5188
21.58, 5097
23.18, 5026
24.74, 4979
26.25, 4931
27.76, 4901
29.35, 4868
30.89, 4848
32.37, 4821
33.81, 4801
35.27, 4783
37.12, 4765
38.55, 4752
40.07, 4747
41.52, 4731
42.94, 4717
44.40, 4704
45.89, 4700
47.34, 4691
48.74, 4681
50.21, 4679
51.68, 4668
53.09, 4662
54.50, 4657
55.94, 4654
57.46, 4650
58.91, 4640
60.29, 4637
61.72, 4632
63.16, 4631
64.54, 4625
65.95, 4618
70.22, 4610
71.59, 4610
73.03, 4610
74.41, 4608
75.79, 4605
77.22, 4602
82.77, 4601
89.73, 4598
91.15, 4590
93.92, 4590
95.33, 4590
96.71, 4589
99.40, 4584
111.59, 4583
159.84, 4583
162.64, 4582
166.77, 4581
168.10, 4581
169.50, 4580
268.50, 4579
275.35, 4578
