14.18, 5510
15.67, 5311
17.19, 5188
18.66, 5097
20.05, 5026
21.42, 4979
22.75, 4931
24.11, 4901
25.47, 4868
26.79, 4848
28.07, 4821
29.33, 4801
30.59, 4783
32.17, 4765
33.43, 4752
34.71, 4747
35.98, 4731
37.24, 4717
38.51, 4704
39.77, 4700
41.12, 4691
42.35, 4681
43.60, 4679
44.82, 4668
46.05, 4662
47.28, 4657
48.50, 4654
49.87, 4650
51.16, 4640
52.34, 4637
53.51, 4632
54.72, 4631
55.93, 4625
57.15, 4618
60.79, 4610
61.97, 4610
63.17, 4610
64.37, 4608
65.67, 4605
66.94, 4602
72.48, 4601
78.57, 4598
79.76, 4590
82.14, 4590
83.33, 4590
84.59, 4589
86.94, 4584
97.49, 4583
