16.03, 5510
17.81, 5311
19.63, 5188
21.42, 5097
23.06, 5026
24.67, 4979
26.26, 4931
27.82, 4901
29.38, 4868
30.89, 4848
32.42, 4821
33.85, 4801
35.29, 4783
37.18, 4765
38.60, 4752
40.07, 4747
41.47, 4731
42.90, 4717
44.35, 4704
45.78, 4700
47.18, 4691
48.62, 4681
50.06, 4679
51.47, 4668
52.88, 4662
54.34, 4657
55.73, 4654
57.17, 4650
58.57, 4640
60.02, 4637
61.37, 4632
62.79, 4631
64.23, 4625
65.65, 4618
69.79, 4610
71.19, 4610
72.54, 4610
73.92, 4608
75.35, 4605
76.78, 4602
82.36, 4601
89.23, 4598
90.56, 4590
93.30, 4590
94.61, 4590
95.98, 4589
98.73, 4584
110.99, 4583
159.27, 4583
162.03, 4582
166.19, 4581
167.47, 4581
168.88, 4580
