16.33, 5510
18.22, 5311
20.07, 5188
21.88, 5097
23.55, 5026
25.22, 4979
26.80, 4931
28.48, 4901
30.13, 4868
31.77, 4848
33.40, 4821
34.93, 4801
36.43, 4783
38.39, 4765
39.90, 4752
41.44, 4747
42.96, 4731
44.55, 4717
46.06, 4704
47.56, 4700
49.07, 4691
50.60, 4681
52.11, 4679
53.62, 4668
55.15, 4662
56.67, 4657
58.15, 4654
59.70, 4650
61.25, 4640
62.70, 4637
64.14, 4632
65.66, 4631
67.17, 4625
68.67, 4618
73.17, 4610
74.59, 4610
76.04, 4610
77.55, 4608
79.02, 4605
80.48, 4602
86.44, 4601
93.89, 4598
95.31, 4590
98.16, 4590
99.68, 4590
101.15, 4589
103.96, 4584
116.97, 4583
168.03, 4583
170.97, 4582
175.25, 4581
176.67, 4581
178.10, 4580
282.47, 4579
289.72, 4578
400.55, 4578
454.45, 4578
467.57, 4577
