15.85, 5510
17.62, 5311
19.52, 5188
21.24, 5097
22.81, 5026
24.39, 4979
25.87, 4931
27.38, 4901
28.90, 4868
30.49, 4848
31.97, 4821
33.40, 4801
34.87, 4783
36.72, 4765
38.16, 4752
39.64, 4747
41.18, 4731
42.59, 4717
44.04, 4704
45.50, 4700
46.97, 4691
48.40, 4681
49.80, 4679
51.24, 4668
52.67, 4662
54.05, 4657
55.42, 4654
56.87, 4650
58.31, 4640
59.68, 4637
61.02, 4632
62.46, 4631
63.86, 4625
65.30, 4618
69.90, 4610
71.29, 4610
72.69, 4610
74.11, 4608
75.49, 4605
76.89, 4602
82.55, 4601
89.54, 4598
90.99, 4590
93.69, 4590
95.14, 4590
96.59, 4589
99.30, 4584
111.52, 4583
160.00, 4583
162.78, 4582
166.88, 4581
168.23, 4581
169.64, 4580
269.32, 4579
276.13, 4578
382.02, 4578
432.87, 4578
445.45, 4577
565.23, 4574
