14.30, 5510
15.82, 5311
17.33, 5188
18.81, 5097
20.17, 5026
21.53, 4979
22.82, 4931
24.15, 4901
25.54, 4868
26.89, 4848
28.20, 4821
29.45, 4801
30.68, 4783
32.24, 4765
33.49, 4752
34.74, 4747
36.00, 4731
37.26, 4717
38.50, 4704
39.75, 4700
41.10, 4691
42.46, 4681
43.71, 4679
44.93, 4668
46.17, 4662
47.43, 4657
48.64, 4654
49.89, 4650
51.15, 4640
52.32, 4637
53.45, 4632
54.76, 4631
55.98, 4625
57.32, 4618
61.65, 4610
63.03, 4610
64.45, 4610
65.85, 4608
67.18, 4605
68.55, 4602
74.07, 4601
81.01, 4598
82.38, 4590
85.12, 4590
86.53, 4590
87.91, 4589
90.62, 4584
102.85, 4583
151.07, 4583
153.82, 4582
157.93, 4581
159.26, 4581
160.66, 4580
