15.98, 5510
17.77, 5311
19.54, 5188
21.25, 5097
22.89, 5026
24.49, 4979
26.02, 4931
27.58, 4901
29.12, 4868
30.69, 4848
32.18, 4821
33.70, 4801
35.20, 4783
37.06, 4765
38.53, 4752
40.04, 4747
41.50, 4731
42.90, 4717
44.37, 4704
45.82, 4700
47.27, 4691
48.67, 4681
50.19, 4679
51.62, 4668
53.06, 4662
54.47, 4657
55.92, 4654
57.42, 4650
58.87, 4640
60.26, 4637
61.67, 4632
63.10, 4631
64.52, 4625
65.96, 4618
70.25, 4610
71.64, 4610
73.06, 4610
74.46, 4608
75.85, 4605
77.29, 4602
82.98, 4601
90.08, 4598
91.46, 4590
94.35, 4590
95.78, 4590
97.18, 4589
99.93, 4584
112.28, 4583
161.11, 4583
163.91, 4582
168.08, 4581
169.42, 4581
170.83, 4580
270.32, 4579
277.17, 4578
383.50, 4578
435.05, 4578
447.83, 4577
