15.63, 5510
17.38, 5311
19.13, 5188
20.86, 5097
22.41, 5026
23.96, 4979
25.48, 4931
26.99, 4901
28.55, 4868
30.07, 4848
31.60, 4821
33.01, 4801
34.40, 4783
36.21, 4765
37.63, 4752
39.05, 4747
40.44, 4731
41.85, 4717
43.33, 4704
44.77, 4700
46.23, 4691
47.67, 4681
49.07, 4679
50.49, 4668
51.90, 4662
53.37, 4657
54.78, 4654
56.19, 4650
57.53, 4640
58.94, 4637
60.23, 4632
61.58, 4631
62.93, 4625
64.34, 4618
68.39, 4610
69.80, 4610
71.20, 4610
72.57, 4608
73.97, 4605
75.38, 4602
80.92, 4601
87.74, 4598
89.14, 4590
91.89, 4590
93.20, 4590
94.58, 4589
97.33, 4584
109.38, 4583
157.42, 4583
160.12, 4582
164.11, 4581
165.36, 4581
166.68, 4580
264.53, 4579
271.24, 4578
375.55, 4578
426.00, 4578
438.64, 4577
