16.00, 5510
17.81, 5311
19.57, 5188
21.28, 5097
22.86, 5026
24.48, 4979
25.98, 4931
27.50, 4901
29.15, 4868
30.70, 4848
32.19, 4821
33.66, 4801
35.12, 4783
36.93, 4765
38.32, 4752
39.81, 4747
41.25, 4731
42.69, 4717
44.17, 4704
45.70, 4700
47.13, 4691
48.56, 4681
50.01, 4679
51.47, 4668
52.92, 4662
54.29, 4657
55.75, 4654
57.23, 4650
58.64, 4640
60.09, 4637
61.51, 4632
63.00, 4631
64.43, 4625
65.85, 4618
70.12, 4610
71.48, 4610
72.87, 4610
74.24, 4608
75.66, 4605
77.06, 4602
82.71, 4601
89.70, 4598
91.07, 4590
93.81, 4590
95.22, 4590
96.64, 4589
99.36, 4584
111.59, 4583
160.08, 4583
162.93, 4582
167.10, 4581
168.43, 4581
169.81, 4580
269.00, 4579
275.93, 4578
381.04, 4578
