15.86, 5510
17.60, 5311
19.35, 5188
20.99, 5097
22.52, 5026
24.08, 4979
25.57, 4931
27.04, 4901
28.54, 4868
30.09, 4848
31.63, 4821
33.05, 4801
34.50, 4783
36.34, 4765
37.75, 4752
39.18, 4747
40.68, 4731
42.09, 4717
43.52, 4704
44.95, 4700
46.40, 4691
47.76, 4681
49.16, 4679
50.59, 4668
52.03, 4662
53.44, 4657
54.83, 4654
56.28, 4650
57.70, 4640
59.10, 4637
60.44, 4632
61.90, 4631
63.32, 4625
64.72, 4618
68.95, 4610
70.29, 4610
71.67, 4610
73.10, 4608
74.46, 4605
75.82, 4602
81.39, 4601
88.34, 4598
89.75, 4590
92.45, 4590
93.79, 4590
95.25, 4589
97.97, 4584
110.05, 4583
157.97, 4583
160.70, 4582
164.77, 4581
166.11, 4581
167.51, 4580
264.90, 4579
271.80, 4578
375.42, 4578
425.87, 4578
438.22, 4577
