15.16, 5510
16.68, 5311
18.19, 5188
19.67, 5097
21.03, 5026
22.47, 4979
24.04, 4931
25.49, 4901
26.99, 4868
28.41, 4848
29.82, 4821
31.12, 4801
32.51, 4783
34.29, 4765
35.64, 4752
37.00, 4747
38.33, 4731
39.64, 4717
40.96, 4704
42.37, 4700
43.70, 4691
45.02, 4681
46.37, 4679
47.70, 4668
49.04, 4662
50.37, 4657
51.65, 4654
52.92, 4650
54.21, 4640
55.48, 4637
56.69, 4632
57.90, 4631
59.26, 4625
60.57, 4618
64.32, 4610
65.52, 4610
66.74, 4610
67.95, 4608
69.18, 4605
70.38, 4602
75.24, 4601
81.49, 4598
82.73, 4590
85.16, 4590
86.35, 4590
87.59, 4589
90.03, 4584
100.86, 4583
