16.12, 5510
17.63, 5311
19.15, 5188
20.63, 5097
21.97, 5026
23.32, 4979
24.59, 4931
25.94, 4901
27.25, 4868
28.56, 4848
29.85, 4821
31.09, 4801
32.33, 4783
33.87, 4765
35.11, 4752
36.38, 4747
37.66, 4731
38.91, 4717
40.19, 4704
41.47, 4700
42.72, 4691
43.94, 4681
45.18, 4679
46.42, 4668
47.67, 4662
48.92, 4657
50.14, 4654
51.40, 4650
52.68, 4640
53.94, 4637
55.10, 4632
56.35, 4631
57.57, 4625
58.81, 4618
62.39, 4610
63.59, 4610
64.81, 4610
66.00, 4608
67.18, 4605
68.62, 4602
73.44, 4601
79.35, 4598
80.53, 4590
82.87, 4590
84.06, 4590
85.22, 4589
87.60, 4584
98.11, 4583
139.89, 4583
142.20, 4582
145.83, 4581
147.00, 4581
148.20, 4580
231.48, 4579
237.19, 4578
328.52, 4578
372.05, 4578
382.76, 4577
484.45, 4574
