14.29, 5510
15.81, 5311
17.33, 5188
18.80, 5097
20.19, 5026
21.55, 4979
22.88, 4931
24.22, 4901
25.56, 4868
26.92, 4848
28.21, 4821
29.50, 4801
30.75, 4783
32.33, 4765
33.57, 4752
34.87, 4747
36.12, 4731
37.37, 4717
38.71, 4704
39.97, 4700
41.24, 4691
42.46, 4681
43.69, 4679
44.93, 4668
46.19, 4662
47.41, 4657
48.68, 4654
49.93, 4650
51.19, 4640
52.53, 4637
53.77, 4632
55.01, 4631
56.21, 4625
57.44, 4618
61.09, 4610
62.26, 4610
63.47, 4610
64.67, 4608
65.89, 4605
67.09, 4602
71.88, 4601
77.85, 4598
79.02, 4590
81.39, 4590
82.59, 4590
83.78, 4589
86.15, 4584
97.06, 4583
