13.81, 9666
14.23, 9148
14.74, 8723
15.33, 8340
16.33, 7986
16.74, 7664
17.18, 7424
17.62, 7202
18.11, 7004
18.56, 6828
19.30, 6646
19.96, 6467
20.47, 6335
20.87, 6202
21.30, 6092
21.90, 5986
22.27, 5891
22.68, 5832
23.09, 5753
23.45, 5695
23.77, 5623
24.07, 5572
24.36, 5539
24.63, 5497
24.87, 5443
25.11, 5407
25.41, 5372
25.72, 5348
26.00, 5316
26.27, 5289
26.56, 5281
26.89, 5270
27.31, 5261
27.59, 5249
27.88, 5239
28.16, 5222
28.52, 5221
28.82, 5204
29.18, 5198
29.62, 5173
29.93, 5167
32.60, 5165
32.90, 5156
33.19, 5155
33.83, 5152
34.05, 5140
34.61, 5139
34.91, 5125
35.77, 5124
36.05, 5121
37.66, 5110
38.71, 5106
40.05, 5101
40.60, 5094
48.00, 5090
48.40, 5088
53.33, 5082
76.16, 5068
