458 4.08387184143
440 4.4858455658
440 3.78799438477
413 3.38792800903
413 2.97212600708
395 2.93898582458
373 3.09109687805
354 3.40509414673
354 3.07583808899
352 3.13997268677
350 3.18312644958
342 3.35288047791
342 3.39317321777
342 3.38411331177
336 3.44705581665
315 3.32498550415
315 3.35097312927
315 3.37195396423
315 3.41200828552
307 3.53193283081
303 3.61180305481
303 3.72815132141
303 3.69715690613
280 6.35886192322
280 5.16605377197
261 4.25314903259
261 5.7590007782
261 5.67317008972
260 4.61792945862
260 3.94082069397
260 3.99208068848
260 4.05502319336
259 4.20188903809
259 3.89099121094
259 4.0180683136
259 5.26404380798
259 6.01387023926
250 5.01608848572
250 4.19497489929
250 5.12790679932
248 4.99796867371
239 4.36615943909
239 4.48393821716
239 5.05781173706
239 4.78386878967
239 5.26404380798
239 5.08689880371
239 4.94480133057
239 5.24520874023
239 5.46813011169
239 4.62508201599
237 4.6911239624
237 4.99606132507
237 4.60815429688
237 7.86709785461
237 5.80096244812
229 4.70590591431
206 4.58717346191
206 4.57501411438
206 4.72187995911
206 4.71091270447
206 4.88305091858
206 4.77600097656
206 4.75215911865
197 4.93597984314
197 4.90999221802
196 5.0950050354
196 5.03301620483
196 5.25808334351
196 5.16700744629
196 5.57708740234
196 7.11917877197
196 5.6529045105
196 5.33413887024
196 5.29599189758
196 5.37204742432
188 5.35607337952
188 5.49006462097
188 5.37395477295
188 6.21509552002
188 8.51988792419
188 6.0830116272
188 5.55491447449
188 6.1240196228
183 5.78594207764
183 5.84292411804
183 5.67984580994
183 5.72896003723
162 5.73897361755
162 5.91492652893
160 5.80406188965
160 5.87916374207
160 6.0670375824
160 6.0567855835
160 6.10995292664
160 6.14500045776
160 6.24895095825
160 6.24394416809
156 6.06083869934
156 6.82210922241
156 6.0760974884
156 6.09397888184
156 6.26397132874
156 6.31308555603
156 6.17408752441
156 6.24012947083
156 6.2210559845
156 6.48903846741
156 6.36982917786
156 6.38604164124
156 6.36291503906
156 6.45995140076
156 7.37595558167
156 8.21399688721
152 6.7880153656
152 6.79302215576
152 6.92081451416
152 7.02905654907
152 7.24411010742
152 7.17782974243
152 7.15804100037
152 7.11393356323
152 7.12704658508
152 7.29703903198
149 7.52711296082
149 7.58504867554
149 8.21995735168
149 10.4448795319
147 10.7119083405
147 8.79192352295
147 7.49921798706
147 7.43198394775
147 10.1408958435
147 8.3429813385
147 7.56812095642
147 7.99107551575
147 8.32796096802
140 8.43214988708
140 7.92598724365
140 7.6630115509
127 7.50684738159
127 7.47799873352
127 7.57193565369
127 7.5409412384
127 7.47013092041
127 7.64298439026
127 7.48515129089
125 7.65895843506
125 7.6789855957
123 7.56978988647
123 7.66205787659
123 7.65609741211
123 7.74717330933
123 7.69782066345
116 7.85398483276
116 7.92717933655
114 12.2771263123
114 10.4329586029
114 10.5061531067
114 8.38112831116
114 8.31604003906
114 8.23307037354
114 8.2950592041
114 8.2380771637
114 8.48007202148
114 8.53490829468
114 8.60595703125
114 9.33194160461
114 9.26995277405
114 8.90398025513
114 9.00888442993
114 12.7830505371
114 10.1561546326
114 8.74996185303
114 9.48905944824
114 9.02819633484
114 9.20701026917
114 9.14716720581
114 9.14192199707
114 9.26303863525
114 9.43493843079
114 9.31000709534
114 9.38010215759
114 9.47594642639
114 11.8591785431
114 9.67192649841
107 9.67597961426
107 11.3770961761
107 9.4108581543
107 9.4199180603
107 9.70697402954
107 10.3230476379
100 11.7499828339
100 10.1778507233
100 13.0741596222
100 9.66310501099
100 12.5510692596
100 9.66095924377
97 9.54008102417
97 9.62519645691
97 11.6109848022
97 10.116815567
97 13.1859779358
97 13.4918689728
97 13.4410858154
96 10.6489658356
96 12.5958919525
96 12.825012207
96 11.5568637848
96 14.053106308
96 9.80520248413
96 10.596036911
96 15.4118537903
96 10.6639862061
96 13.4119987488
96 12.3159885406
95 9.95898246765
95 13.8669013977
95 9.65094566345
95 14.2271518707
95 9.75203514099
95 9.73701477051
95 9.7599029541
95 12.5231742859
95 12.8080844879
95 11.4438533783
91 9.94086265564
91 9.91296768188
87 10.0719928741
87 11.1031532288
87 13.5369300842
87 10.4789733887
87 13.1199359894
87 12.5288963318
87 14.034986496
87 11.757850647
87 10.6601715088
87 10.5991363525
87 10.8618736267
87 10.6799602509
87 10.8160972595
87 10.8850002289
86 11.1680030823
86 11.0728740692
86 11.0809803009
82 11.225938797
80 11.3182067871
80 11.2738609314
80 11.3089084625
80 11.3558769226
80 11.4190578461
80 15.7661437988
80 11.7149353027
80 11.650800705
80 11.4989280701
80 11.6100311279
80 11.6500854492
80 11.6050243378
80 11.7959976196
80 11.6958618164
80 11.7681026459
80 11.2309455872
76 11.6989612579
76 11.9519233704
76 11.7881298065
76 11.7990970612
76 11.8761062622
76 11.913061142
76 12.2451782227
76 12.0069980621
76 11.8179321289
76 12.2311115265
76 12.6340389252
76 13.9119625092
76 12.1178627014
76 11.992931366
75 11.94190979
75 12.0658874512
75 11.8999481201
75 11.8970870972
75 11.9590759277
75 11.8708610535
75 12.6240253448
75 12.7511024475
75 12.7911567688
75 12.5839710236
75 12.5689506531
75 12.4659538269
75 12.47215271
75 12.3598575592
75 12.4280452728
75 12.8779411316
75 12.433052063
72 12.549161911
72 12.549161911
72 12.6249790192
72 16.5619850159
72 13.2880210876
72 12.9489898682
72 12.5370025635
72 12.8629207611
72 12.6209259033
72 12.9098892212
72 12.7589702606
72 12.8688812256
72 12.8209590912
72 12.8178596497
72 12.9709243774
72 14.7571563721
72 15.8619880676
72 12.9470825195
72 12.8300189972
72 12.7649307251
72 12.8889083862
70 13.2439136505
70 13.3180618286
70 13.4890079498
70 13.3459568024
70 13.4558677673
70 13.0898952484
70 13.3039951324
70 13.1759643555
70 14.4021511078
70 14.4000053406
70 13.1011009216
70 13.1900310516
70 13.2129192352
70 13.1769180298
70 13.4320259094
70 14.0640735626
70 13.7379169464
70 13.6380195618
70 13.4990215302
70 13.4720802307
70 13.6518478394
70 13.6110782623
70 13.5598182678
70 13.484954834
70 13.7810707092
70 13.7431621552
70 14.0469074249
70 13.8189792633
70 13.6668682098
70 13.7400627136
70 13.9520168304
70 13.8750076294
70 13.6711597443
70 15.3439044952
70 14.8220062256
70 20.6320285797
70 16.9370174408
70 14.02592659
70 17.3389911652
70 18.0640220642
70 15.3160095215
70 14.0819549561
70 14.0340328217
70 18.5511112213
70 15.0680541992
70 18.2461738586
68 18.2738304138
68 17.9541110992
68 14.4641399384
68 19.2449092865
68 16.8120861053
68 16.4530277252
68 15.969991684
68 15.7520771027
68 16.4120197296
68 16.3989067078
68 16.7880058289
68 18.8510417938
68 16.6590213776
68 16.3550376892
68 15.9239768982
68 18.4581279755
68 18.0640220642
68 15.5620574951
68 17.7781581879
68 16.4840221405
68 16.2990093231
68 16.0539150238
68 16.5579319
68 15.8259868622
68 20.8549499512
68 15.9440040588
68 18.7039375305
68 19.9589729309
68 15.7308578491
68 15.8181190491
68 18.2311534882
68 18.5301303864
68 16.6637897491
68 16.5979862213
68 20.7412242889
68 16.4551734924
68 21.6250419617
68 17.0459747314
68 20.8399295807
68 20.2081203461
68 17.9059505463
68 19.8540687561
68 15.4831409454
68 16.3691043854
68 16.9751644135
68 18.0470943451
68 17.6019668579
68 15.5649185181
68 15.5899524689
68 20.0538635254
68 16.7269706726
68 16.951084137
68 18.5379981995
68 17.6270008087
68 17.3959732056
68 16.8509483337
68 17.0040130615
68 16.4730548859
68 16.3660049438
68 16.3819789886
68 16.3519382477
68 16.3230895996
68 16.4361000061
68 16.7319774628
68 16.4170265198
68 17.205953598
68 16.9131755829
68 20.3909873962
68 20.9572315216
68 16.7219638824
68 16.9398784637
68 17.0288085938
68 16.8969631195
68 16.6020393372
68 17.2970294952
68 16.4611339569
68 16.795873642
68 16.7491436005
68 16.6280269623
68 16.8218612671
68 16.5481567383
68 17.0149803162
68 16.7889595032
68 16.8800354004
68 17.2188282013
68 16.7849063873
68 17.3571109772
68 17.6339149475
68 17.2019004822
68 17.2312259674
68 17.1830654144
68 22.1109390259
68 17.5421237946
68 17.3540115356
68 17.3959732056
68 17.4250602722
68 17.2979831696
68 17.3649787903
66 17.8039073944
66 17.6999568939
66 17.6639556885
66 17.7669525146
66 17.737865448
65 18.3849334717
65 18.2049274445
65 17.9250240326
65 17.9128646851
65 18.835067749
65 21.497964859
65 17.9259777069
65 18.7401771545
65 18.119096756
65 18.3708667755
65 18.5110569
65 21.7099189758
65 18.3310508728
65 18.3300971985
65 18.2359218597
65 22.9890346527
65 18.1729793549
65 18.7990665436
65 18.0900096893
65 18.1131362915
65 18.0740356445
65 18.1360244751
65 18.4960365295
65 18.2490348816
65 18.2490348816
65 32.8619480133
65 38.4719371796
65 22.7179527283
65 30.5981636047
65 22.0170021057
65 24.1630077362
65 20.604133606
65 21.0430622101
65 19.7629928589
65 19.79804039
65 23.0219364166
65 19.3409919739
65 19.3150043488
65 18.0418491364
65 18.0239677429
65 17.9741382599
65 19.2189216614
65 18.0680751801
64 18.68891716
64 18.6479091644
64 18.8040733337
64 18.8789367676
64 18.8369750977
64 19.1750526428
64 19.39702034
64 20.6079483032
64 19.2902088165
64 19.257068634
64 18.8708305359
64 19.0420150757
64 18.8829898834
64 18.8848972321
64 19.0029144287
64 18.95403862
64 18.8360214233
64 18.758058548
63 18.7170505524
63 18.1379318237
63 18.4800624847
62 18.3491706848
62 18.415927887
62 19.5710659027
62 19.3130970001
62 18.9850330353
62 19.210100174
62 18.5480117798
62 18.9819335938
62 19.1369056702
62 23.9069461823
62 19.4509029388
62 19.1829204559
62 19.6559429169
61 19.3490982056
61 19.2520618439
61 19.2048549652
61 22.421836853
61 23.9610671997
61 19.6490287781
61 18.8848972321
61 19.1268920898
61 18.9759731293
61 19.2639827728
61 19.1898345947
61 19.2310810089
61 19.5488929749
61 19.1769599915
61 19.2539691925
61 19.4211006165
61 19.2611217499
61 19.3490982056
61 20.5249786377
61 22.381067276
61 19.2470550537
61 19.357919693
61 19.6139812469
61 19.3889141083
61 20.1408863068
61 22.5298404694
61 19.7641849518
61 19.7379589081
61 19.7269916534
61 20.1768875122
61 19.9489593506
61 19.9820995331
61 20.3759670258
61 19.8919773102
61 19.8428630829
61 19.8259353638
61 19.8221206665
61 20.0572013855
61 19.8490619659
61 20.1089382172
61 23.9939689636
61 20.0049877167
61 20.1160907745
61 19.917011261
60 20.6859111786
60 20.6599235535
60 20.1108455658
60 21.1839675903
60 21.1088657379
60 21.0690498352
60 20.870923996
60 20.5490589142
60 20.6620693207
60 20.4219818115
60 20.4980373383
60 20.3609466553
60 20.4911231995
60 20.7970142365
60 20.73097229
60 20.3409194946
60 20.6999778748
60 20.4820632935
60 20.8561420441
60 20.4720497131
60 20.4901695251
60 20.7719802856
60 20.4381942749
60 20.8821296692
60 20.919084549
60 20.6282138824
60 20.8640098572
60 20.8449363708
60 20.8868980408
60 21.1660861969
60 20.6987857819
59 20.4930305481
59 20.3950405121
59 20.7180976868
59 20.7328796387
59 20.5590724945
58 19.7951793671
58 20.0309753418
58 20.0910568237
58 19.9339389801
58 19.8578834534
58 20.0560092926
58 20.3399658203
58 22.7379798889
58 20.5001831055
58 19.9508666992
58 20.8330154419
58 22.4230289459
58 23.0178833008
58 20.2739238739
58 20.5049514771
58 20.3170776367
58 20.359992981
58 20.5569267273
58 20.4749107361
58 20.9219455719
57 21.1760997772
57 21.1288928986
57 21.2919712067
57 21.1408138275
57 21.0809707642
57 20.8969116211
57 20.8580493927
57 20.9131240845
57 20.7810401917
57 20.8370685577
57 20.9369659424
57 20.8969116211
57 20.9798812866
57 21.0869312286
57 21.6979980469
57 21.3038921356
57 22.1128463745
57 21.3029384613
57 21.4641094208
57 21.2888717651
57 23.0040550232
57 23.9782333374
57 21.390914917
57 21.4841365814
57 22.4599838257
57 21.6479301453
57 21.7680931091
57 21.3871002197
57 21.5859413147
57 22.036075592
57 22.075176239
57 21.5289592743
57 21.6038227081
55 21.9440460205
55 22.796869278
55 21.61693573
55 22.3109722137
55 21.7361450195
54 22.6480960846
54 22.5269794464
54 22.1729278564
54 22.1529006958
54 22.157907486
54 22.6340293884
54 22.2368240356
54 22.3319530487
54 22.4850177765
54 22.411108017
54 22.8080749512
54 27.3787975311
54 22.8898525238
54 23.0820178986
54 22.6769447327
54 22.646188736
54 22.6020812988
54 22.6628780365
54 22.5188732147
54 22.6988792419
54 22.7410793304
54 22.5551128387
54 22.6159095764
54 22.5038528442
54 22.4840641022
54 22.598028183
54 22.6180553436
54 23.097038269
54 22.7301120758
54 22.8288173676
54 22.8531360626
54 22.8209495544
54 23.0529308319
54 22.9160785675
54 22.9949951172
54 22.9048728943
53 25.7458686829
53 22.8099822998
53 22.9589939117
53 22.9511260986
53 23.1499671936
53 23.1750011444
53 23.353099823
53 23.365020752
53 23.041009903
53 23.5810279846
53 23.2539176941
53 23.3759880066
53 23.1609344482
53 23.3280658722
53 23.3118534088
53 23.4589576721
53 26.8831253052
53 24.1830348969
53 23.3669281006
53 23.7288475037
53 23.4689712524
53 23.549079895
53 23.6368179321
53 23.6082077026
53 23.8089561462
53 23.6110687256
53 23.4100818634
53 23.7529277802
53 23.5130786896
53 23.4251022339
53 23.4391689301
53 23.442029953
53 23.48279953
51 24.0948200226
51 24.1961479187
51 28.3331871033
51 23.5040187836
51 23.9028930664
51 23.5841274261
51 23.9460468292
51 25.1448154449
51 30.4160118103
51 24.3589878082
51 24.1208076477
51 24.1460800171
51 24.2319107056
51 24.8589515686
51 24.0340232849
51 25.6979465485
51 27.3220539093
51 24.2910385132
51 24.2078304291
51 24.4810581207
51 24.0790843964
51 24.4600772858
51 24.27983284
51 24.4209766388
51 24.3380069733
51 24.4140625
51 24.2929458618
51 24.3020057678
51 27.2908210754
51 24.1849422455
51 24.3649482727
51 24.3170261383
51 24.4338512421
51 24.3389606476
51 24.4030952454
51 24.4040489197
51 25.162935257
51 24.7700214386
51 24.6560573578
51 24.5950222015
51 24.7399806976
51 25.5720615387
51 24.7468948364
51 24.6608257294
51 25.1379013062
51 24.9569416046
51 24.9919891357
51 24.7671604156
51 25.3281593323
51 24.7850418091
51 25.1500606537
51 24.9049663544
51 24.6739387512
51 25.5219936371
51 24.6150493622
51 24.6350765228
51 25.0179767609
51 25.0070095062
51 24.964094162
51 25.5270004272
51 25.043964386
51 25.0568389893
51 24.8379707336
51 25.0420570374
51 25.3109931946
51 25.0799655914
51 25.071144104
51 25.1648426056
51 25.1669883728
51 25.3939628601
51 25.9470939636
51 25.6400108337
51 25.6509780884
51 26.4918804169
51 26.1161327362
51 25.9370803833
51 26.0767936707
51 25.9909629822
51 25.976896286
51 26.0448455811
51 29.9830436707
51 28.8050174713
51 26.7140865326
51 26.1151790619
51 26.2899398804
51 26.4828205109
51 26.2970924377
51 26.3118743896
51 26.2401103973
51 26.5340805054
51 26.5510082245
51 28.8898944855
51 25.8719921112
51 25.698184967
51 26.6230106354
51 25.7079601288
51 25.9599685669
51 26.2320041656
51 26.3950824738
50 26.1471271515
50 25.8300304413
50 26.4499187469
49 25.0630378723
49 24.9149799347
49 25.542974472
49 26.2200832367
49 25.3739356995
49 25.6950855255
49 25.6249904633
49 25.6581306458
49 29.2468070984
49 25.7861614227
49 25.554895401
49 25.7380008698
49 25.6540775299
49 25.820016861
49 25.7480144501
49 25.9330272675
49 26.6921520233
49 25.9320735931
48 27.0030498505
48 27.2800922394
48 27.302980423
48 27.2469520569
48 27.1270275116
48 26.9219875336
47 27.2138118744
47 27.2791385651
47 27.4031162262
47 29.9520492554
47 28.4140110016
47 27.2839069366
47 27.4729728699
47 27.2569656372
47 27.2409915924
47 27.2531509399
47 27.2750854492
47 27.3280143738
47 27.9159545898
47 28.3761024475
47 28.2230377197
47 28.4149646759
47 29.2510986328
47 28.6691188812
47 28.3210277557
47 32.4068069458
47 27.8069972992
47 27.9860496521
47 27.7168750763
47 27.6951789856
47 27.5809764862
47 27.5511741638
47 27.5721549988
47 27.6281833649
47 28.0539989471
47 27.65583992
47 27.7209281921
47 27.6701450348
47 28.6591053009
47 28.018951416
46 28.520822525
46 31.2900543213
46 28.3210277557
46 28.3160209656
46 28.0110836029
46 28.5539627075
46 28.1689167023
46 28.2230377197
46 28.2101631165
46 28.4109115601
46 28.3930301666
46 28.1898975372
46 28.6719799042
46 30.0459861755
46 34.3608856201
46 29.5131206512
46 28.5630226135
46 28.5770893097
46 28.7699699402
46 28.9490222931
46 28.9058685303
46 29.2460918427
46 29.5760631561
46 30.0478935242
46 29.2110443115
46 31.9530963898
46 28.6810398102
46 28.8460254669
46 28.9971828461
46 29.3040275574
46 28.8560390472
46 29.0110111237
46 29.1230678558
46 29.0770530701
46 29.0548801422
46 29.228925705
46 28.8679599762
46 27.8358459473
44 28.2781124115
42 27.8849601746
39 28.5849571228
39 28.1779766083
39 27.9471874237
39 27.8720855713
39 27.9819965363
39 27.9669761658
39 28.0649662018
39 27.9641151428
39 28.6581516266
37 33.3070755005
37 28.4109115601
37 28.6140441895
37 28.5649299622
37 28.3980369568
37 28.7210941315
37 28.724193573
37 28.7010669708
37 28.5449028015
37 28.4140110016
37 28.3408164978
37 33.2410335541
37 28.3749103546
37 28.3381938934
37 28.8310050964
37 28.6860466003
37 28.804063797
37 28.7117958069
37 28.8400650024
37 28.9478302002
37 29.0570259094
37 29.0400981903
37 29.2930603027
37 28.9058685303
37 29.0019512177
37 29.9141407013
37 28.9630889893
37 29.159784317
37 29.009103775
37 28.9731025696
37 29.1690826416
37 29.2601585388
37 29.3960571289
37 29.354095459
37 29.38580513
37 29.1740894318
37 29.1848182678
37 28.6870002747
37 28.5911560059
37 28.6931991577
37 28.8119316101
37 28.7959575653
37 28.8190841675
37 28.9750099182
37 28.7799835205
