37004 352.070808411
37000 356.472969055
36988 356.174945831
36988 354.610204697
36981 355.051994324
36957 357.529878616
36925 356.945037842
36852 357.845067978
36852 357.891082764
36852 358.461856842
36823 357.63001442
36789 351.28903389
36789 372.508049011
36766 352.951049805
36762 353.090047836
36753 353.673934937
36737 358.350992203
36704 356.918096542
36657 361.280918121
36655 351.650953293
36655 353.297948837
36655 354.724884033
36655 350.195884705
36629 350.769996643
36595 350.383996964
36565 356.249094009
36559 349.941968918
36558 353.830099106
36554 351.138114929
36554 352.59604454
36554 353.943109512
36527 349.779129028
36470 356.310129166
36456 357.80787468
36438 350.40807724
36432 357.886791229
36432 350.480079651
36390 355.040073395
36383 361.529111862
36365 348.690986633
36316 352.737903595
36283 363.661050797
36267 352.435112
36241 362.885951996
36241 363.120079041
36241 361.67883873
36241 360.265016556
36186 360.266923904
36185 359.788894653
36185 361.688137054
36185 362.291097641
36183 352.499008179
36183 359.925985336
36145 357.407093048
36088 357.198953629
36088 361.77611351
36088 353.862047195
36069 361.837148666
36069 357.381105423
36069 356.108188629
36069 360.455989838
36069 360.862970352
36069 358.620166779
36069 357.174873352
36069 353.343009949
36051 353.184938431
36051 354.110956192
36051 355.211019516
36040 355.536937714
36040 381.66308403
36016 402.780056
36016 401.698827744
36002 401.695013046
35997 387.627124786
35970 395.438909531
35970 367.392063141
35948 365.95416069
35948 361.876010895
35948 355.798959732
35948 360.644102097
35861 357.355117798
35861 363.014936447
35844 357.827186584
35842 352.515220642
35842 362.991809845
35800 363.368034363
35780 356.714963913
35780 365.584850311
35780 358.073949814
35752 361.753225327
35731 358.001947403
35731 355.656862259
35731 361.451864243
35721 374.691963196
35721 362.725973129
35721 357.398986816
35721 360.774040222
35717 362.063169479
35717 354.052066803
35648 369.462013245
35614 355.463027954
35597 359.225034714
35594 365.579843521
35594 357.006072998
35594 364.118099213
35526 360.091209412
35522 360.767126083
35468 359.869003296
35468 364.538192749
35468 360.392093658
35433 360.129117966
35427 361.361980438
35358 364.732027054
35327 370.486021042
35315 365.332126617
35310 362.755060196
35308 363.739967346
35280 367.187976837
35273 363.75784874
35273 358.936071396
35273 360.00585556
35273 366.011857986
35273 364.310979843
35268 362.38193512
35268 365.233898163
35268 359.485864639
35268 359.147071838
35254 362.894058228
35239 362.887859344
35181 364.115953445
35154 363.924980164
35149 361.135959625
35149 362.909078598
35136 366.339206696
35136 360.836982727
35129 365.966796875
35129 366.415977478
35126 367.475986481
35126 360.308170319
35118 360.141038895
35118 366.6639328
35118 358.394861221
35118 372.727870941
35118 361.850976944
35118 360.955953598
35118 363.801956177
35118 360.370159149
35118 359.114170074
35108 364.894151688
35108 360.1770401
35103 365.923166275
35093 360.952138901
35093 361.279964447
35092 366.923809052
35092 368.674039841
35092 364.235162735
35086 366.822957993
35074 365.612983704
35034 365.483999252
35031 366.88709259
35005 359.664916992
34987 365.096092224
34986 367.110013962
34982 361.63687706
34951 366.322040558
34908 365.14210701
34888 359.86995697
34847 368.452072144
34809 366.837024689
34787 367.249011993
34782 365.880012512
34779 364.675998688
34779 365.767002106
34779 371.34885788
34779 361.159801483
34779 376.630067825
34779 369.697093964
34771 365.532159805
34771 362.538099289
34733 368.343114853
34698 367.788076401
34698 364.652872086
34690 365.602970123
34690 361.960172653
34673 363.560914993
34668 361.517906189
34668 368.913888931
34668 367.727041245
34655 374.388933182
34641 364.494800568
34641 368.509054184
34641 360.74590683
34640 363.283157349
34638 364.784002304
34638 366.019964218
34638 367.922067642
34628 369.229078293
34628 374.611139297
34608 371.634960175
34604 372.252941132
34604 373.476028442
34588 363.193035126
34559 368.37387085
34543 373.626947403
34543 368.388175964
34506 377.228975296
34506 366.194963455
34469 367.694854736
34469 365.404129028
34453 364.140987396
34453 368.554830551
34453 368.122816086
34453 367.003917694
34453 367.281913757
34448 369.508981705
34426 366.995811462
34414 372.658014297
34387 366.272926331
34350 364.867925644
34335 375.251054764
34328 366.879940033
34328 369.245052338
34328 374.429941177
34328 364.026069641
34323 373.050928116
34303 368.024110794
34303 362.48087883
34303 376.616001129
34269 390.965938568
34269 407.229185104
34269 409.129142761
34269 381.347894669
34253 399.151802063
34227 406.850099564
34227 404.447078705
34197 389.175891876
34197 396.009922028
34115 386.106014252
34115 376.641988754
34115 363.742113113
34115 370.445966721
34064 367.841005325
34058 363.436937332
34050 368.805885315
34010 361.640930176
33983 365.684986115
33983 362.580060959
33950 362.972021103
33914 366.775035858
33884 368.78490448
33884 363.394021988
33884 363.764047623
33878 366.824150085
33878 362.420082092
33878 362.487077713
33861 371.196985245
33852 365.214824677
33829 365.087032318
33818 371.096134186
33810 365.401029587
33786 362.684011459
33726 371.662139893
33726 363.770961761
33726 362.982988358
33714 368.526935577
33701 370.115041733
33701 362.099885941
33685 366.118192673
33679 379.369974136
33679 368.464946747
33679 371.924161911
33679 372.292041779
33679 369.883060455
33670 368.443012238
33670 363.57998848
33670 371.175050735
33617 383.422136307
33588 388.659000397
33588 378.606081009
33585 374.134063721
33585 432.044029236
33578 393.514871597
33578 368.44086647
33568 369.941949844
33568 375.575065613
33568 373.146772385
33552 375.455856323
33545 369.036912918
33545 368.937015533
33545 377.575874329
33539 371.406078339
33510 374.014854431
33508 371.218919754
33508 378.566980362
33486 372.178077698
33486 370.843887329
33479 371.649026871
33479 373.69799614
33444 375.696897507
33444 378.395080566
33444 383.268117905
33444 370.399951935
33444 372.225999832
33425 373.344898224
33425 368.052959442
33425 371.238946915
33420 372.473955154
33410 368.097066879
33410 384.898900986
33410 372.70283699
33390 384.485006332
33390 373.63409996
33344 369.513988495
33344 378.316879272
33324 370.018005371
33324 370.963811874
33283 369.05002594
33273 374.772071838
33207 373.013973236
33207 372.863054276
33207 374.428987503
33207 373.626947403
33202 371.026039124
33202 374.518871307
33147 372.501134872
33147 373.398065567
33093 378.550052643
33083 371.289014816
33083 380.618095398
33057 376.616001129
33050 374.876022339
33026 376.212120056
33010 375.628948212
33010 375.813961029
33010 381.036996841
33010 370.676040649
33010 372.937917709
33010 381.371021271
32938 374.169111252
32938 380.186796188
32928 380.621910095
32887 376.677036285
32887 375.310897827
32887 369.290113449
32868 377.218961716
32808 375.910997391
32796 371.093988419
32791 371.118783951
32791 375.827074051
32791 378.746986389
32791 377.095937729
32791 383.786201477
32740 373.779058456
32732 382.821083069
32727 373.305082321
32705 374.708890915
32705 379.906892776
32705 380.799055099
32705 375.044107437
32666 378.253936768
32666 371.026992798
32666 374.099969864
32643 375.84900856
32637 372.231006622
32619 372.710943222
32579 375.102996826
32579 381.779193878
32579 372.416973114
32554 373.685836792
32535 372.818946838
32532 377.488851547
32522 371.444940567
32487 374.169111252
32487 374.811172485
32487 372.841119766
32487 370.301008224
32487 370.940923691
32487 372.711896896
32487 373.584032059
32463 376.761198044
32463 371.134996414
32447 380.923986435
32429 377.948999405
32429 370.118141174
32429 372.143030167
32426 370.522975922
32412 369.774103165
32399 376.455068588
32363 377.832174301
32360 376.613855362
32357 395.73097229
32357 405.978918076
32330 418.929100037
32319 412.811994553
32319 413.902997971
32319 411.231040955
32319 411.550998688
32308 408.246994019
32308 375.885009766
32308 379.392147064
32308 404.307842255
32308 381.995916367
32308 383.788824081
32308 395.637989044
32308 381.70003891
32308 377.161979675
32308 376.580953598
32250 376.927137375
32239 390.194892883
32220 381.43992424
32220 386.559963226
32200 377.274990082
32188 380.398988724
32188 388.54598999
32179 380.341053009
32129 379.114866257
32129 386.980056763
32116 386.610984802
32099 380.336999893
32099 383.264064789
32099 377.917051315
32099 377.915859222
32081 385.93506813
32068 373.969078064
32058 376.37591362
32058 376.312971115
32058 378.37100029
32058 378.234148026
32058 384.164094925
32011 384.526968002
32011 376.627922058
32011 375.641107559
32011 379.625082016
31929 379.101037979
31929 385.975122452
31929 375.495910645
31929 376.27696991
31921 378.283977509
31905 379.82916832
31905 381.103038788
31905 382.978916168
31899 376.945018768
31870 380.200862885
31870 382.164001465
31831 376.526117325
31784 383.394002914
31784 384.485960007
31738 380.836009979
31690 378.593206406
31671 381.85095787
31614 383.445978165
31614 376.55711174
31614 376.572132111
31614 379.643201828
31596 377.923965454
31595 378.870010376
31595 379.519939423
31595 382.417917252
31579 381.243944168
31564 386.947154999
31563 379.478931427
31490 381.86788559
31490 377.521038055
31490 378.055095673
31473 386.890888214
31473 378.891944885
31473 378.899097443
31461 378.968000412
31430 380.639076233
31411 380.717039108
31411 380.537033081
31411 380.894899368
31409 382.070064545
31395 379.870176315
31385 385.28418541
31385 382.4031353
31385 382.876157761
31385 384.093999863
31378 379.282951355
31378 383.624792099
31378 378.148078918
31372 383.323192596
31372 377.804040909
31372 381.427049637
31372 385.855197906
31343 380.337953568
31343 377.012968063
31343 379.747867584
31343 374.965906143
31331 374.444007874
31323 382.223129272
31323 376.444101334
31323 386.755943298
31314 374.687194824
31314 374.804019928
31275 383.688926697
31275 375.557899475
31238 380.439043045
31238 377.506971359
31238 376.376867294
31238 374.698162079
31236 383.587121964
31236 375.461101532
31236 379.035949707
31183 374.748945236
31183 377.26187706
31183 386.216878891
31178 377.148866653
31178 385.941982269
31147 379.75692749
31147 379.576921463
31147 374.849081039
31142 383.65483284
31121 387.355089188
31121 392.457962036
31121 383.163928986
31088 383.69512558
31087 386.359930038
31087 383.800029755
31081 393.876075745
31080 387.686014175
31071 385.463953018
31029 380.333900452
30982 385.710000992
30982 377.942085266
30982 380.85103035
30978 385.294914246
30978 379.766225815
30971 384.788990021
30971 385.946035385
30971 390.926837921
30971 391.819000244
30971 385.012865067
30971 379.513978958
30971 389.230966568
30937 384.552001953
30932 382.573127747
30922 385.15996933
30922 380.42807579
30915 406.266927719
30908 413.052082062
30877 413.702011108
30877 409.829139709
30877 399.173974991
30877 393.403053284
30877 392.174005508
30877 381.3829422
30863 385.417222977
30855 387.912988663
30844 401.000976562
30841 438.053131104
30841 413.65981102
30841 410.663127899
30833 423.06804657
30816 393.622875214
30815 390.961885452
30773 397.981882095
30773 389.003038406
30773 391.906023026
30773 384.541034698
30773 387.217998505
30747 381.364107132
30732 385.16497612
30732 386.531829834
30729 389.479875565
30725 381.971120834
30722 393.399953842
30680 386.876106262
30680 388.527154922
30662 382.968902588
30652 383.869886398
30652 383.023023605
30645 387.485027313
30603 390.655040741
30593 382.373094559
30593 387.400150299
30593 387.595891953
30577 383.551120758
30577 379.925966263
30577 387.587070465
30577 387.315988541
30577 391.548156738
30577 387.876033783
30577 381.33597374
30577 386.307001114
30577 394.386053085
30577 384.647130966
30577 389.087200165
30577 381.875038147
30577 382.606983185
30573 384.71698761
30558 385.989904404
30558 381.75702095
30540 383.1179142
30532 399.344921112
30529 383.680105209
30522 385.974884033
30510 385.272979736
30510 388.542175293
30510 383.290052414
30510 384.500980377
30510 387.794971466
30510 381.482124329
30497 385.894775391
30431 392.992019653
30429 392.347097397
30429 393.815040588
30407 386.320829391
30407 384.932041168
30396 380.95998764
30396 386.458873749
30396 383.296966553
30396 393.398046494
30396 386.754989624
30396 383.461952209
30396 389.422893524
30396 388.701915741
30385 388.282060623
30341 384.538888931
30341 397.623062134
30341 385.082006454
30341 388.586997986
30315 387.331008911
30315 395.394086838
30315 388.070106506
30293 384.466171265
30293 392.775058746
30277 394.774913788
30268 388.756990433
30268 394.601106644
30268 387.696027756
30249 390.878915787
30249 390.990018845
30249 385.049819946
30249 389.371156693
30249 385.186195374
30249 385.898113251
30242 392.266988754
30234 386.029958725
30234 387.902021408
30234 382.837057114
30228 394.468069077
30224 385.95199585
30224 384.077072144
30213 396.993875504
30208 387.405872345
30199 383.324146271
30199 396.409988403
30199 388.478040695
30199 390.111923218
30133 387.938976288
30127 396.548986435
30127 389.28103447
30127 384.891033173
30127 386.333942413
30127 390.023946762
30127 388.269901276
30127 385.022163391
30114 403.532028198
30092 384.369850159
30084 396.816015244
30076 392.66705513
30060 390.532970428
30060 392.110824585
30044 391.291856766
30044 392.784833908
30044 391.954183578
30018 394.36507225
29970 389.518976212
29970 427.267074585
29959 454.90193367
29942 412.463903427
29913 416.477918625
29913 421.471834183
29913 414.771080017
29913 413.899183273
29896 412.85610199
29870 450.211048126
29850 519.742965698
29841 478.881835938
29815 472.915172577
29810 482.091903687
29752 472.711086273
29734 518.873929977
29709 416.051864624
29709 391.617774963
29709 401.417016983
29697 392.679929733
29697 389.518022537
29666 387.224197388
29666 396.538972855
29666 400.015830994
29662 386.438846588
29662 401.744842529
29660 426.414012909
29636 427.814006805
29634 423.069953918
29620 453.207015991
29612 477.288007736
29579 457.901000977
29579 455.80291748
29569 480.324029922
29556 453.645944595
29530 468.633890152
29523 467.050075531
29473 436.583042145
29473 501.139879227
29473 405.117988586
29473 396.487951279
29473 394.376993179
29464 392.79294014
29463 392.765045166
29463 448.205947876
29463 461.510181427
29463 436.104059219
29463 412.948131561
29463 427.739143372
29448 445.879936218
29448 456.485033035
29448 437.731027603
29400 395.364046097
29400 388.689041138
29391 413.130044937
29391 425.344944
29391 455.880880356
29359 470.481872559
29359 463.220834732
29359 427.47092247
29349 440.803050995
29349 452.337026596
29349 446.218013763
29349 460.932970047
29349 482.569932938
29345 461.850166321
29345 473.876953125
29345 460.97612381
29334 443.490982056
29333 455.590963364
29333 468.659877777
29333 422.959804535
29333 387.782812119
29327 460.182189941
29327 454.777956009
29306 410.278081894
29306 399.748086929
29306 405.195951462
29281 468.54019165
29281 460.880041122
29281 468.751192093
29281 426.391839981
29281 427.378177643
29281 445.714950562
29281 398.223161697
29278 391.223192215
29278 387.704133987
29278 390.310049057
29278 393.326997757
29278 396.462917328
29276 391.669034958
29276 389.219045639
29276 408.972978592
29272 399.24287796
29272 387.549877167
29272 433.332920074
29272 460.13879776
29272 465.43097496
29272 451.792001724
29268 434.370994568
29268 401.283025742
29262 442.579984665
29262 424.46398735
29262 395.102977753
29262 399.399995804
29262 391.420125961
29262 392.856836319
29262 388.397932053
29262 395.233154297
29262 396.697044373
29262 398.324966431
29213 393.622159958
29213 392.632961273
29213 392.304897308
29212 395.705938339
29212 390.830039978
29204 402.896165848
29204 391.191959381
29204 387.591838837
29183 396.528959274
29176 396.161079407
29176 387.78591156
29176 392.781019211
29170 389.364004135
29170 393.007993698
29170 392.683029175
29144 392.226934433
29144 395.123958588
29144 393.553972244
29144 389.373779297
29115 392.88687706
29115 397.120952606
29115 392.961978912
29113 398.113012314
29113 389.507055283
29100 390.522003174
29100 400.43592453
29100 401.490926743
29063 396.640062332
29063 392.832040787
29063 391.52097702
29060 391.835927963
28975 389.708042145
28929 408.550977707
28929 397.151231766
28929 396.806955338
28929 406.415939331
28922 396.492958069
28920 388.748884201
28898 400.089025497
28898 392.739057541
28894 395.815134048
28894 397.331953049
28885 396.157026291
28867 393.362045288
28857 391.989946365
28853 407.510995865
28853 397.610187531
28840 393.299102783
28840 395.752906799
28840 408.874034882
28790 392.251014709
28790 393.743991852
28790 395.429134369
28790 397.886991501
28720 397.739887238
28720 395.262002945
28719 404.927968979
28719 391.91198349
28719 426.153182983
28718 430.892944336
28623 409.937858582
28595 412.846088409
28595 406.975030899
28595 396.890878677
28570 403.318166733
28570 410.604953766
28551 435.212135315
28551 429.931879044
28551 452.007055283
28551 429.732084274
28551 413.323163986
28551 409.59405899
28551 414.493083954
28551 404.363870621
28546 396.162986755
28546 397.437095642
28539 396.8501091
28539 399.878978729
28539 393.352031708
28490 398.815870285
28450 397.54986763
28444 398.625135422
28436 403.072118759
28429 394.664049149
28416 398.988962173
28393 401.523113251
28388 395.520925522
28381 399.616956711
28368 396.416902542
28368 396.56996727
28340 393.644094467
28340 400.177001953
28340 395.086050034
28340 399.677038193
28340 393.980026245
28302 400.607824326
28302 396.602869034
28302 399.797201157
28302 395.197153091
28302 392.766952515
28279 399.045944214
28276 399.384021759
28249 392.917156219
28249 400.322914124
28249 394.23084259
28249 398.843050003
28249 397.249937057
28223 392.390012741
28198 397.566080093
28198 397.711992264
28186 397.994995117
28178 406.270980835
28178 395.431995392
28169 406.327962875
28169 401.967048645
28169 394.888877869
28169 401.366949081
28138 393.072128296
28107 398.120880127
28107 402.997970581
28087 395.790815353
28087 399.260044098
28087 401.745080948
28087 399.162054062
28080 397.742033005
28068 399.920940399
28068 401.074886322
28068 399.420022964
28068 398.944854736
28068 398.342132568
28068 403.120994568
28068 396.185159683
28060 398.420095444
28060 401.457071304
28045 403.146982193
28045 405.383110046
28036 403.837919235
28036 410.697937012
27992 410.473108292
27992 402.490139008
27991 402.858972549
27991 397.373914719
27991 403.62405777
27990 400.674819946
27982 396.792888641
27961 403.091907501
27959 402.513980865
27959 408.057928085
27959 398.962020874
27959 404.810905457
27959 398.238897324
27935 413.041114807
27914 400.910139084
27908 402.826070786
27908 399.289131165
27908 402.185916901
27908 410.529136658
27908 399.231910706
27908 401.558160782
27908 398.800134659
27908 402.942180634
27906 397.320985794
27906 408.790111542
27838 401.735067368
27762 406.924962997
27762 400.932073593
27726 399.255037308
27706 406.613826752
27706 409.024953842
27706 404.12402153
27706 404.278993607
27706 405.092954636
27698 408.257961273
27687 398.441076279
27687 408.550024033
27687 412.946939468
27680 400.527954102
27671 411.999940872
27651 398.236036301
27651 399.946212769
27651 406.743049622
27638 400.586128235
27638 412.719964981
27638 407.614946365
27638 400.368213654
27638 418.591976166
27577 406.68797493
27565 414.344072342
27481 405.620098114
27458 408.764123917
27458 410.897016525
27458 401.098966599
27443 405.678987503
27443 410.883903503
27443 399.50299263
27443 408.777952194
27411 403.693199158
27402 410.125017166
27402 401.888847351
27402 402.088165283
27383 412.558078766
27358 414.767026901
27358 404.34718132
27355 400.592088699
27355 400.892972946
27330 406.830787659
27330 405.060052872
27300 401.771068573
27295 402.742862701
27295 406.470060349
27295 407.962083817
27295 411.032915115
27280 454.837799072
27280 436.545848846
27280 443.073034286
27280 446.522951126
27280 434.963941574
27238 447.019100189
27238 431.797027588
27219 405.047178268
27219 415.79914093
27219 434.714078903
