298644 14247.5111485
298624 14743.6330318
298605 14144.1290379
298576 14259.0098381
298576 14254.6708584
298556 14457.7350616
298498 15342.4601555
298498 15620.1729774
298498 15437.6909733
298485 15559.2238903
298462 15523.1261253
298448 15611.6580963
298448 15596.5638161
298445 15627.0191669
298442 15575.7958889
298436 15553.2550812
298436 15602.5979519
298428 15528.9258957
298428 15544.9399948
298420 15590.3477669
298420 15570.6689358
298399 15657.804966
298399 15552.5641441
298395 15578.5930157
298395 15675.0710011
298373 15607.1648598
298368 15603.8529873
298368 15665.6200886
298359 15915.3661728
298350 15737.1790409
298350 15810.0500107
298350 15760.3521347
298339 15826.8530369
298333 15732.4721813
298333 15756.5691471
298298 15724.4119644
298281 15684.4260693
298265 15536.6671085
298246 15737.0359898
298229 15667.6468849
298208 15579.1919231
298189 15595.8018303
298174 15531.3620567
298166 15747.9438782
298166 15791.9478416
298165 15750.5068779
298165 15658.9698792
298162 15799.7741699
298154 15810.448885
298154 15677.9170036
298134 15713.9179707
298096 15843.1370258
298096 15684.9050522
298085 15695.5759525
298021 15642.6520348
297978 15728.5449505
297978 15642.0369148
297977 15749.1180897
297977 15707.2558403
297977 15609.0590954
297925 15776.237011
297919 15602.0400524
297919 15685.1148605
297912 15592.7920341
297912 15557.3859215
297912 15555.7990074
297912 15799.3049622
297912 15582.1959972
297885 15511.095047
297885 15669.2020893
297885 15719.2249298
297885 15718.8918591
297848 15674.1480827
297848 15633.5630417
297845 15768.2259083
297845 15611.1950874
297806 15584.0959549
297754 15695.1010227
297754 15652.7380943
297754 15328.9480209
297700 15607.4490547
297700 15418.1959629
297691 15622.136116
297637 15537.2850895
297614 15661.1680984
297603 15419.080019
297594 15685.3458881
297593 15640.5470371
297593 15614.9811745
297584 15729.8309803
297580 15652.1477699
297580 15720.1700211
297580 15563.6110306
297580 15735.2979183
297567 15662.2538567
297567 15708.9040279
297567 15733.050108
297566 15791.3250923
297566 15801.8109798
297488 15742.4361706
297488 15630.6979656
297465 15781.4979553
297446 15705.1041126
297441 15614.5858765
297441 15778.2740593
297436 15712.4710083
297435 15693.63904
297390 15692.9500103
297390 15784.7771645
297363 15642.5578594
297335 15540.9629345
297319 15617.1560287
297312 15635.1599693
297234 15734.8229885
297229 15621.7260361
297164 15600.5620956
297164 15782.8640938
297144 15518.2719231
297137 15405.4369926
297137 15744.5850372
297131 15651.4599323
297131 15539.8099422
297131 15519.7660923
297129 15501.0631084
297117 15567.3718452
297117 15358.1559658
297115 15537.5192165
297115 15655.4348469
297115 15843.6172009
297115 15766.0779953
297042 15685.8899593
297024 15759.5698833
297024 15832.777977
297024 15801.7339706
297024 15620.0079918
296995 15902.1959305
296995 15782.6311588
296991 15737.3840809
296991 15768.1028843
296948 15663.5699272
296948 15529.3819904
296948 15562.7570152
296917 15631.0839653
296915 15691.14995
296915 15527.2738934
296885 15621.7710972
296885 15543.9560413
296885 15566.9908524
296872 15430.5710793
296872 15496.0179329
296806 15724.5700359
296749 15549.0951538
296749 15583.4069252
296727 15550.4131317
296710 15695.5270767
296710 15695.2841282
296710 15426.213026
296627 15614.7170067
296622 15661.4830494
296622 15560.3759289
296610 15579.6618462
296555 15573.9660263
296555 15494.6229458
296553 15406.4919949
296538 15420.3839302
296518 15596.724987
296506 15599.5969772
296470 15635.5609894
296458 15603.3070087
296452 15424.9668121
296414 15640.3431892
296414 15543.5500145
296414 15824.0280151
296414 15502.1760464
296393 15609.6599102
296393 15360.7258797
296393 15711.3399506
296393 15719.7542191
296392 15689.8488998
296389 15685.0759983
296382 15582.9079151
296382 15891.9160366
296377 15675.8141518
296377 15654.0739536
296353 15731.2159538
296353 15785.1839066
296353 15517.7791119
296353 15453.9790154
296353 15485.9178066
296315 15611.3250256
296308 15448.2810497
296308 15543.380022
296295 15601.4740467
296282 15568.983078
296282 15468.3401585
296282 15430.177927
296272 15392.3821449
296272 15732.5131893
296264 15604.3300629
296245 14181.3240051
296245 14101.2408733
296245 14248.8930225
296238 14130.9509277
296226 14139.1649246
296226 14103.9979458
296142 14335.4341984
296142 14212.9361629
296103 14191.7281151
296073 14238.6059761
296073 14256.9379807
296073 14258.6641312
296073 14197.3180771
296062 14227.1258831
296062 14297.9440689
296031 14243.9851761
296019 14115.9968376
295998 14224.1060734
295998 14296.1859703
295942 14350.5120277
295942 14280.5569172
295937 14332.0350647
295925 14294.5981026
295873 14410.6647968
295873 14318.8230991
295786 14333.2490921
295786 14339.040041
295786 14414.7911072
295781 14274.6660709
295730 14277.8701782
295730 14324.090004
295730 14440.4139519
295730 14330.9669495
295730 14307.4879646
295719 14293.9989567
295706 14397.7429867
295706 14285.8040333
295700 14360.6219292
295700 14257.794857
295700 14307.9650402
295700 14418.6649323
295700 14355.3299904
295681 14289.3102169
295675 14266.7751312
295675 14401.0448456
295664 14102.6968956
295635 14072.412014
295635 14252.4929047
295626 14441.9219494
295610 14221.1689949
295586 14228.9791107
295581 14246.6700077
295557 14226.2439728
295546 14194.466114
295546 14090.1069641
295546 14164.9291515
295527 14224.6360779
295522 14178.5800457
295492 14129.584074
295489 14063.503027
295477 14168.9691544
295447 14285.0120068
295406 14161.8270874
295406 14356.4929962
295395 14242.9101467
295388 14390.376091
295377 14327.9919624
295357 14386.1289024
295338 14425.590992
295301 14371.5960979
295292 14354.1269302
295292 14304.3630123
295292 14321.8660355
295292 14427.9439449
295222 14343.132019
295222 14268.4109211
295222 14264.1699314
295136 14346.9350338
295101 14254.1260719
295101 14127.6509762
295084 14203.3979893
295084 14213.2949829
295084 14327.7761936
295064 14243.543148
295064 14191.7459965
295064 14120.0010777
295064 14238.6939526
295021 14136.3790035
294994 14168.900013
294978 14243.3841228
294967 14337.1129036
294929 14299.6070385
294920 14247.4400997
294920 14227.5800705
294920 14263.8959885
294904 14212.6557827
294904 14171.2479591
294904 14222.2800255
294904 14199.7051239
294884 14354.9489975
294884 14228.1770706
294884 14195.554018
294875 14247.1411228
294875 14274.75214
294864 14193.8860416
294864 14214.9279118
294864 14340.5089378
294846 14456.3679695
294778 14284.2710018
294778 14304.7478199
294778 14418.9319611
294727 14395.5819607
294683 14176.4740944
294667 14185.4920387
294630 14116.6889668
294590 14463.7830257
294590 14389.220953
294554 14272.4268436
294532 14320.7318783
294511 14409.7731113
294511 14329.9081326
294511 14349.9341011
294511 14296.5278625
294500 14388.6489868
294489 14267.9138184
294489 14269.6678638
294489 14319.1170692
294479 14255.7480335
294474 14369.5368767
294456 14093.4839249
294456 14140.7370567
294423 14341.5629864
294418 14416.1851406
294397 14289.6740437
294397 14300.1229763
294397 14262.1531487
294397 14379.2071342
294397 14295.391798
294397 14297.1680164
294372 14282.3240757
294357 14484.0631485
294357 14404.2470455
294347 14234.8549366
294347 14222.6231098
294347 14420.2859402
294306 14388.4310722
294290 14316.35499
294281 14256.3700676
294268 14264.8100853
294268 14461.9910717
294268 14325.5460262
294230 14200.1941204
294230 14299.0000248
294219 14403.9330482
294166 14229.2809486
294155 14282.5460434
294145 14295.3288555
294111 14362.7099991
294111 14298.666954
294042 14271.132946
294042 14246.3011742
294042 14326.2891769
294042 14335.627079
294033 14338.4039402
294033 14308.8169098
293949 14404.7899246
293899 14355.3621769
293899 14320.6779957
293899 14435.1830482
293852 14241.186142
293837 14399.9750614
293837 14305.3760529
293837 14247.9381561
293793 14344.4311619
293793 14452.1770477
293793 14308.1839085
293793 14296.5989113
293793 14298.5630035
293788 14377.7170181
293788 14349.6651649
293788 14267.1980858
293788 14217.4899578
293750 14334.9981308
293702 14343.0140018
293661 14233.9539528
293657 14255.5699348
293598 14309.2370033
293593 14306.8399429
293559 14295.5229282
293539 14168.5869694
293539 14204.5929432
293539 14308.3450794
293502 14243.3619499
293478 14134.8569393
293478 14106.0271263
293478 14275.3901482
293478 14286.6969109
293474 14367.4190044
293464 14363.1360531
293458 14435.8868599
293440 14213.4079933
293440 14200.9418011
293434 14188.8091564
293423 14302.9689789
293423 14154.3400288
293423 14272.5088596
293409 14369.820118
293409 14388.133049
293409 14418.0190563
293409 14299.2210388
293390 14115.7300472
293390 14080.4448128
293383 14291.0451889
293341 14099.8950005
293341 14284.6839428
293338 14312.1030331
293325 14461.4980221
293319 14283.8280201
293304 14316.5199757
293289 14293.7099934
293285 14388.231039
293278 14339.5309448
293278 14272.7720737
293278 14294.6710587
293270 14346.7879295
293257 14350.413084
293237 14317.6529408
293237 14319.2780018
293210 14378.4141541
293195 14317.2199726
293195 14282.7539444
293195 14356.8758965
293189 14260.6880665
293189 14319.3261623
293189 14124.9711514
293189 14241.1818504
293112 14279.499054
293085 14372.6959229
293085 14242.9451942
293075 14194.4200993
293045 14257.1208477
293045 14372.9810715
292994 14132.4660778
292992 14144.6669102
292992 14252.0010471
292942 14354.829073
292942 14127.6848316
292942 14145.138979
292930 14247.8709221
292930 14231.3981056
292900 14291.6419506
292827 14104.2759418
292827 14260.6291771
292827 14113.3158207
292796 14235.7840538
292709 14128.1151772
292709 14167.9198742
292709 14214.5500183
292699 14318.7170029
292678 14216.4540291
292673 14171.6079712
292627 14200.7129192
292619 14382.4169636
292617 14233.2799435
292617 14109.6720695
292607 14145.5740929
292607 14340.5079842
292549 14343.1928158
292522 14347.3470211
292522 14277.3718834
292462 14338.4780884
292419 14351.9918919
292419 14339.5309448
292412 14296.4138985
292412 14299.7379303
292408 14378.2548904
292408 14293.9021587
292387 14326.7049789
292387 14360.5070114
292363 14416.9900417
292363 14313.9090538
292363 14334.7668648
292331 14269.1071033
292331 14338.1261826
292331 14306.3781261
292311 14328.1180859
292305 14302.4160862
292305 14413.8109684
292305 14256.4828396
292299 14299.1030216
292270 14237.9410267
292248 14347.0630646
292248 14318.7270164
292248 14144.4749832
292227 14133.054018
292227 14170.4928875
292219 14403.8228989
292198 14113.4169102
292102 14208.2419395
292102 14224.3669033
292102 14341.4621353
292102 14241.8270111
292102 14282.1800709
292097 14181.4930439
292097 14233.9930534
292079 14119.6279526
292079 14158.8990688
292079 14241.5280342
292055 14241.7690754
292055 14253.7031174
292035 14181.1230183
292023 14258.2960129
292023 14248.9199638
292017 14360.0571156
292000 14298.8219261
292000 14255.2158833
292000 14297.2187996
292000 14489.3660545
292000 14332.2911263
292000 14318.1319237
291994 14298.8209724
291994 14410.1960659
291994 14303.976059
291991 14335.1778984
291991 14307.4359894
291966 14333.9159489
291953 14274.1799355
291953 14105.9579849
291936 14230.4728031
291933 14256.5040588
291933 14333.4832191
291870 14250.7259846
291870 14222.4171162
291858 14210.6311321
291858 14299.6630669
291858 14259.2208385
291858 14230.340004
291858 14169.7978973
291801 14321.5351105
291801 14209.9020481
291788 14161.6299152
291761 14121.9620705
291760 14199.7718811
291760 14299.0479469
291760 14189.5010471
291760 14159.4030857
291754 14164.1499996
291754 14288.3019447
291718 14255.3911209
291711 14310.6849194
291704 14265.8319473
291704 14295.579195
291704 14267.9440975
291704 14222.7048874
291692 14301.2089729
291643 14316.5748119
291640 14313.6520386
291640 14343.1479931
291640 14292.6039696
291640 14387.6891136
291633 14415.8129692
291633 14179.6581745
291607 14270.4410553
291589 14299.7589111
291589 14274.2550373
291589 14215.8489227
291589 14263.5638714
291588 14386.2879276
291565 14250.9219646
291514 14308.5269928
291512 14226.9501686
291494 14266.4580345
291482 14380.1879883
291476 14302.2580147
291476 14281.7158699
291459 14327.7721405
291459 14315.4609203
291459 14294.6891785
291445 14255.1522255
291445 14188.7700558
291445 14400.4449844
291445 14292.3359871
291429 14295.7699299
291429 14310.1189137
291429 14389.4429207
291429 14253.5331249
291429 14093.6551094
291429 14204.03409
291429 14386.2650394
291429 14337.679863
291429 14106.8768501
291427 14205.9309483
291411 14327.3630142
291411 14463.5229111
291392 14330.2199841
291337 14327.2979259
291333 14667.8140163
291321 15068.9849854
291320 14455.6951523
291320 14401.1580944
291313 14186.8140697
291313 14467.553854
291313 14347.0299244
291305 14396.6319561
291244 14283.2250595
291244 14517.911911
291237 15028.1229019
291227 14326.7669678
291227 14313.9309883
291184 14556.7610264
291158 14325.936079
291142 14270.1809406
291142 14340.5120373
291142 14410.1269245
291132 14448.8010406
291132 14301.2471199
291132 14368.9482212
291123 14380.8917999
291063 14463.891983
291040 14335.4120255
291040 14325.8080482
291040 14457.5300217
291040 14601.0708809
291022 14402.408123
290992 14313.7300014
290992 14306.1931133
290992 14814.8860931
290992 14309.6778393
290989 14344.0310955
290974 14358.4270477
290974 14616.1880493
290962 14456.0101032
290950 14280.8930874
290950 14347.2161293
290948 14545.0201035
290948 14395.6589699
290948 14418.1671143
290948 14335.9379768
290948 14417.0591831
290948 14511.785984
290948 14315.0408268
290907 14297.123909
290894 14310.8849525
290894 14487.2879982
290891 14323.6720562
290840 14186.0849857
290840 14358.6270809
290838 14482.0230007
290838 14440.3710365
290838 14277.3890495
290805 14335.7610703
290780 14470.9129333
290780 14252.7399063
290780 14303.5390377
290780 14202.9998302
290780 14466.039896
290780 14264.8410797
290766 14311.4578724
290762 14325.0730038
290710 14465.3279781
290701 14329.0731907
290701 14234.9238396
290698 14271.1660862
290651 14249.8219013
290651 14442.1958923
290643 14172.3151207
290643 14210.7191086
290643 14296.4558601
290624 14602.06604
290624 14330.8720589
290624 14974.848032
290571 15872.2429276
290558 15696.6888905
290558 15652.3230076
290558 15668.9779758
290558 15685.7819557
290558 15598.8070965
290497 15750.2129078
290485 15647.2129822
290473 15689.9809837
290467 15824.3100643
290467 15679.6009541
290442 15647.482872
290439 15866.9879436
290431 15829.1449547
290424 15720.0088501
290424 15552.9849529
290401 15755.9580803
290393 15788.7740135
290390 15777.5299549
290349 15956.6860199
290316 15457.0689201
290316 15392.6749229
290316 15546.3778973
290240 15628.5779476
290237 15648.7641335
290176 15568.833828
290162 15648.3008862
290152 15905.3959846
290147 15795.3021526
290120 15485.3079319
290120 15460.0448608
290111 15594.315052
290079 15725.1968384
290079 15435.3778362
290066 15545.7940102
290055 15571.6650486
290055 16022.8559971
290055 15769.9589729
290055 15694.0588951
290055 16181.3600063
290055 16137.1359825
290055 16034.4719887
290035 15832.4520588
289989 15745.965004
289989 15773.7779617
289989 15817.1648979
289989 15543.1220531
289988 15408.0648422
289988 15601.8009186
289967 15963.4790421
289945 15831.9702148
289935 15933.9818954
289906 15641.1440372
289859 15467.6268101
289859 15621.0970879
289853 15679.3999672
289853 15459.2270851
289853 15512.1431351
289834 15642.7779198
289834 15801.6929626
289834 15661.3080502
289808 15542.5341129
289801 15476.3669968
289788 15358.9129448
289788 15420.1710224
289777 15571.8131065
289755 15394.466877
289755 15539.8778915
289742 15638.9930248
289742 15629.5418739
289742 15502.5830269
289692 15631.7179203
289692 15596.9820023
289685 15440.2549267
289685 15643.8040733
289685 15749.1021156
289685 15341.1660194
289685 15566.5810108
289685 15472.6979733
289685 15292.5410271
289666 15429.5859337
289647 15458.3790302
289647 15477.0870209
289647 15342.6220417
289647 15514.3499374
289647 15425.2610207
289647 15467.8590298
289647 15483.8440418
289623 15565.9589767
289622 15363.1749153
289622 15451.4141083
289618 15510.4870796
289618 15425.1320362
289606 15419.811964
289606 15487.0870113
289606 15443.0589676
289598 15359.8339558
289561 15430.6159019
289493 15571.3338852
289484 15370.5759048
289484 15313.4379387
289477 15595.3071117
289461 15400.9530544
289461 15401.1929035
289461 15665.0869846
289461 15372.3249435
289461 15298.2928753
289461 15527.0090103
289461 15508.0571175
289458 15332.0269585
289458 15359.3270779
289433 15556.2260151
289433 15596.1959362
289433 15389.4481659
289433 15572.4761486
289411 15372.8899956
289411 15443.0148602
289406 15467.4930573
289361 15442.3151016
289361 15287.0268822
289361 15447.0210075
289328 15543.5249805
289328 15372.0178604
289328 15397.5830078
289328 15466.8369293
289301 15028.1620026
289301 1335206.60305
289301 14604.8340797
289273 14644.2461014
289273 14191.327095
289273 14267.0888901
289273 14134.8240376
289273 14252.9120445
289261 14345.0601101
289261 14102.697134
289261 14167.042017
289250 14148.859024
289250 14265.0749683
289250 14105.5669785
289228 14153.8889408
289228 14137.1629238
289186 14114.7470474
289186 14121.4869022
289186 14129.1670799
289177 14142.0171261
289113 14695.5170631
289070 14258.1319809
289046 14305.6910038
289046 14113.83605
289045 14122.3540306
289045 14088.1519318
289040 14176.7120361
289009 14122.5600243
289000 14136.0280514
289000 14092.017889
288965 14116.0988808
288961 14301.8929958
288953 14149.9631405
288953 14375.7588863
288953 14173.4008789
288946 14196.7988014
288946 14124.5698929
288946 14143.3069706
288940 14146.6729641
288940 14207.103014
288928 14128.3788681
288922 14133.8291168
288922 14244.1020012
288895 14177.0589352
288883 14139.0538216
288879 14363.5280132
288879 14177.4618626
288879 14156.7690372
288843 14186.5978241
288773 14159.2049599
288773 14163.5549068
288773 14210.2060318
288773 14140.9749985
288773 14123.9960194
288734 14128.0519962
288728 14151.4151096
288728 14137.5031471
288728 14356.8351269
288679 14102.8389931
288679 14107.9330444
288643 14134.6671581
288643 14150.2299309
288643 14139.4641399
288595 14116.2519455
288552 14186.111927
288522 14174.957037
288513 14121.9861507
288510 14142.4131393
288510 14138.4489536
288510 14374.3219376
288508 14084.4008923
288496 14127.918005
288492 14161.7360115
288492 14128.0808449
288479 14152.5039673
288479 14161.3690853
288479 14149.116993
288479 14147.6340294
288479 14145.0629234
288438 14129.046917
288438 14144.6478367
288438 14371.088028
288437 14209.8960876
288437 14168.6809063
288388 14185.1730347
288382 14183.2299232
288371 14198.4050274
288343 14116.9419289
288343 14123.6820221
288343 14107.4690819
288343 14138.217926
288343 14149.2300034
288311 14182.3141575
288305 14361.9329929
288305 14155.9948921
288270 14157.1149826
288235 14140.6428814
288228 14118.5569763
288228 14162.0371342
288223 14140.6810284
288223 14140.7968998
288205 14102.0720005
288202 14145.6310749
288193 14152.7628899
288114 14117.4271107
288114 14102.7870178
288111 14108.8469028
288111 14284.9538326
288106 14128.4019947
288106 14124.0060329
288106 14145.2188492
288102 14136.991024
288102 14141.493082
288081 14097.7141857
288081 14130.9459209
288081 14118.6590195
288067 14147.039175
288067 14119.7519302
288067 14127.519846
288062 14103.1761169
288055 14112.9260063
288053 14121.8810081
288009 14139.8990154
288009 14126.0170937
288006 14164.7260189
288006 14100.5940437
288006 14138.5390759
287976 14193.0000782
287976 14158.354044
287976 14140.5570507
287976 14124.2420673
287976 14125.2579689
287952 14128.813982
287921 14187.6001358
287921 14135.9469891
287841 14119.1179752
287828 14139.3539906
287823 14144.0830231
287823 14114.5980358
287794 14192.9972172
287794 14160.5489254
287794 14152.6401043
287794 14129.9898624
287757 14145.9150314
287757 14140.1548386
287757 14169.025898
287757 14155.3239822
287675 14189.4860268
287633 14186.3219738
287613 718357.764006
287570 15088.2389545
287569 14869.1380024
287569 15026.2029171
287569 14582.3819637
287569 14302.5939465
287569 15464.0519619
287569 14960.9050751
287549 14718.0120945
287549 14220.4489708
287549 14261.277914
287549 14157.3269367
287528 14323.2240677
287475 14138.1599903
287462 14179.3980598
287462 14127.9399395
287444 14225.9111404
287435 14331.5939903
287378 14190.1021004
287378 14106.3818932
287378 14250.6489754
287346 14190.2210712
287310 14117.4459457
287237 14140.8150196
287213 14304.3780327
287176 14145.0500488
287176 14904.5331478
287173 15024.1971016
287173 15412.1949673
287173 15400.6118774
287101 15718.4479237
287076 15301.9530773
287066 15435.0371361
287062 15568.3000088
287061 15235.5389595
287061 14946.3570118
287048 15034.6798897
287048 14426.8190861
287024 14734.8749638
287024 14335.1838589
286978 14480.7200432
286972 14342.2980309
286949 14306.3268661
286906 14278.6090374
286906 14391.4048672
286906 14340.7289982
286898 14326.5581131
286898 14279.3540955
286898 14309.3578815
286898 14630.505085
286898 14615.7910824
286894 14300.6350994
286878 14356.153965
286878 14553.663969
286871 14232.749939
286871 14191.4989948
286871 14240.5769825
