2017 15.9687995911
2017 16.0410404205
1967 15.7129764557
1933 15.7868862152
1924 15.8751010895
1913 15.7918930054
1909 16.2661075592
1894 15.860080719
1894 15.8469676971
1891 16.0131454468
1882 16.049861908
1868 16.163110733
1868 16.6580677032
1847 16.0880088806
1842 16.3049697876
1804 16.1781311035
1804 16.1819458008
1804 16.1170959473
1797 16.2770748138
1785 16.2179470062
1785 16.1650180817
1785 16.2258148193
1779 16.284942627
1769 16.350030899
1739 16.3998603821
1709 16.3950920105
1709 16.4420604706
1696 16.9501304626
1668 16.8280601501
1668 16.7059898376
1660 17.1358585358
1660 17.1051025391
1658 17.4748897552
1658 17.0168876648
1636 17.028093338
1636 17.0509815216
1636 17.1730518341
1591 17.0040130615
1568 17.0969963074
1546 17.0471668243
1531 16.9389247894
1522 17.0040130615
1522 17.2691345215
1522 17.0249938965
1512 22.0530033112
1512 17.333984375
1495 17.4300670624
1490 17.4570083618
1490 17.2410011292
1422 17.3311233521
1422 17.3931121826
1409 17.560005188
1409 17.4608230591
1399 17.4880027771
1399 17.529964447
1399 17.5330638885
1384 17.5879001617
1378 17.7779197693
1364 17.8821086884
1358 18.3968544006
1357 19.9689865112
1357 19.8171138763
1357 18.443107605
1332 18.0659294128
1332 17.9970264435
1332 18.0230140686
1332 17.9970264435
1332 18.630027771
1311 18.2399749756
1311 18.2890892029
1311 18.434047699
1311 18.3129310608
1311 18.3501243591
1311 18.4180736542
1311 18.2321071625
1311 18.3229446411
1297 18.3398723602
1292 18.4450149536
1284 18.571138382
1284 18.9678668976
1284 18.5749530792
1284 18.6789035797
1284 18.572807312
1284 19.2070007324
1284 19.1090106964
1284 18.9030170441
1284 18.9690589905
1281 19.1371440887
1281 18.9568996429
1273 19.1919803619
1273 19.1819667816
1241 19.0351009369
1241 19.0939903259
1241 19.0761089325
1241 19.1369056702
1241 19.1230773926
1241 19.1850662231
1241 19.2241668701
1241 19.5689201355
1236 19.4571018219
1236 19.4969177246
1236 19.6180343628
1236 19.6349620819
1236 19.7370052338
1236 20.5461978912
1236 19.8788642883
1228 19.9980735779
1228 20.1070308685
1217 20.103931427
1217 25.0089168549
1217 20.5111503601
1217 20.3080177307
1217 20.5700397491
1217 20.1900005341
1216 20.3559398651
1216 20.3728675842
1216 20.4629898071
1216 20.4451084137
1216 20.4589366913
1216 20.4980373383
1216 20.5600261688
1216 20.5221176147
1216 20.5588340759
1195 21.036863327
1195 21.194934845
1195 20.7660198212
1194 20.9028720856
1194 21.6810703278
1187 21.3389396667
1185 21.4490890503
1172 21.1160182953
1167 21.2259292603
1167 21.292924881
1167 21.5151309967
1167 21.4171409607
1167 21.2230682373
1167 21.5699672699
1167 21.3618278503
1167 21.5811729431
1160 21.5518474579
1160 21.5280056
1160 21.8181610107
1160 21.723985672
1160 21.684885025
1160 21.744966507
1160 22.2828388214
1160 21.9349861145
1160 21.9969749451
1159 23.2241153717
1158 21.9821929932
1136 22.0670700073
1136 23.008108139
1136 22.2330093384
1136 22.2239494324
1136 22.4721431732
1121 22.5019454956
1121 22.3989486694
1115 22.7720737457
1115 22.7038860321
1106 22.9730606079
1106 22.7479934692
1106 22.7289199829
1100 22.6991176605
1100 22.7868556976
1100 22.8800773621
1100 23.0629444122
1098 23.2710838318
1098 23.0960845947
1098 23.1959819794
1084 23.3008861542
1070 23.1750011444
1070 23.3280658722
1067 23.1320858002
1064 23.7209796906
1064 23.579120636
1064 23.5860347748
1064 23.6167907715
1064 24.199962616
1064 28.3370018005
1064 23.8599777222
1064 24.4419574738
1055 24.4529247284
1055 25.2029895782
1055 25.2180099487
1052 24.7800350189
1052 24.8870849609
1052 24.8610973358
1052 25.1898765564
1052 24.4421958923
1044 24.85704422
1044 24.6758460999
1041 25.8679389954
1041 24.7201919556
1041 24.6980190277
1041 24.7540473938
1023 24.8508453369
1023 24.7340202332
1023 24.9528884888
1023 24.906873703
1023 25.032043457
1012 25.074005127
1012 25.7329940796
1000 25.4819393158
1000 25.1398086548
985 25.2940654755
985 25.2039432526
985 25.2737998962
985 25.3880023956
985 25.3059864044
985 25.3341197968
985 25.4957675934
985 25.5491733551
985 26.3910293579
985 26.2861251831
985 25.9759426117
984 26.05509758
984 26.3891220093
984 29.7338962555
984 29.3638706207
981 26.0818004608
981 26.4151096344
981 26.3628959656
981 26.4949798584
976 26.4849662781
976 26.6761779785
976 26.8728733063
976 26.6909599304
963 26.5898704529
963 26.3228416443
963 26.6771316528
963 26.330947876
963 26.7989635468
953 26.7570018768
953 26.7658233643
953 26.9920825958
953 26.8020629883
948 26.6609191895
948 26.6590118408
948 31.3391685486
948 26.556968689
931 27.3270606995
931 26.9072055817
931 26.9298553467
931 27.1048545837
923 27.0590782166
923 27.1229743958
922 27.0249843597
919 27.2481441498
907 27.067899704
907 27.2588729858
907 27.3668766022
907 26.957988739
907 27.2119045258
907 27.761220932
905 27.1389484406
905 26.9920825958
898 27.5888442993
898 27.2119045258
898 27.1148681641
892 28.6610126495
892 27.6100635529
892 27.1379947662
892 27.4369716644
892 27.5609493256
873 27.4000167847
873 27.0898342133
872 27.3771286011
866 27.7569293976
866 27.6851654053
866 27.7700424194
866 27.7378559113
866 27.7671813965
861 28.0358791351
861 31.3999652863
861 35.0790023804
861 28.5279750824
836 28.3319950104
836 28.2881259918
836 28.5420417786
836 28.5279750824
836 28.6738872528
836 28.6910533905
836 28.7599563599
836 28.5620689392
836 28.4850597382
828 28.5499095917
812 28.5031795502
812 28.5351276398
812 28.6350250244
812 29.1910171509
806 29.0219783783
806 28.7981033325
806 28.8901329041
799 28.8519859314
799 29.0179252625
799 29.0219783783
799 28.9149284363
793 30.4961204529
793 29.953956604
793 29.7429561615
793 29.8140048981
793 29.4461250305
787 29.3309688568
787 29.1669368744
787 29.2251110077
787 29.2160511017
785 29.3669700623
785 29.7939777374
785 29.8309326172
785 29.4809341431
785 29.7009944916
785 29.620885849
785 29.6339988708
774 29.7219753265
774 30.1828384399
771 30.0359725952
771 29.8550128937
753 30.0748348236
753 30.0431251526
753 30.161857605
753 30.0810337067
753 30.3220748901
744 30.49492836
744 31.201839447
744 30.6899547577
744 30.385017395
744 30.3938388824
744 30.7288169861
744 30.5829048157
744 30.4319858551
744 31.0678482056
743 30.9808254242
743 31.0699939728
743 30.8001041412
743 32.4149131775
743 31.2440395355
743 31.1460494995
743 31.1300754547
743 31.280040741
743 31.6200256348
743 31.3701629639
743 31.5828323364
743 31.672000885
743 32.4537754059
743 32.8660011292
742 32.1538448334
739 31.8560600281
739 31.9600105286
739 31.8059921265
739 32.007932663
739 31.8548679352
739 31.9449901581
739 31.8210124969
739 32.4110984802
732 32.8459739685
732 33.3709716797
732 32.7110290527
732 32.8018665314
732 32.9790115356
732 36.1909866333
732 33.8220596313
732 32.6249599457
732 33.3759784698
725 32.7460765839
725 32.8528881073
725 32.9811573029
725 33.0789089203
719 32.5779914856
719 32.5839519501
719 32.742023468
719 32.7470302582
719 32.858133316
719 34.1069698334
719 32.9461097717
719 33.1878662109
719 33.182144165
719 33.1790447235
719 33.1809520721
719 33.851146698
719 33.3390235901
719 33.3669185638
719 33.4501266479
719 33.3218574524
719 33.4038734436
713 36.2410545349
706 35.1798534393
700 35.4058742523
700 34.2788696289
700 34.6710681915
700 34.1339111328
700 33.8709354401
694 33.9539051056
694 33.7290763855
694 33.9541435242
694 34.0600013733
694 33.8070392609
691 33.6530208588
691 33.6499214172
691 33.8850021362
691 33.9629650116
691 34.0008735657
691 34.9700450897
691 34.4479084015
690 34.3759059906
690 34.2450141907
690 34.1501235962
686 34.1649055481
686 34.2240333557
686 34.3441963196
686 34.2688560486
682 35.392999649
679 34.7390174866
679 34.5449447632
679 34.9450111389
674 34.6570014954
674 34.814119339
674 34.9419116974
674 34.9819660187
674 35.6891155243
674 35.0298881531
674 34.9478721619
674 35.1388454437
674 35.3999137878
663 35.2489948273
663 34.9190235138
663 35.5789661407
663 34.8432064056
663 35.462141037
663 39.8428440094
663 36.0059738159
663 35.6020927429
663 35.7699394226
663 35.7830524445
663 35.7348918915
663 35.9561443329
663 35.7999801636
663 35.9909534454
663 35.7849597931
663 35.8409881592
663 36.2107753754
663 36.0548496246
663 36.7918014526
663 36.5390777588
663 36.1380577087
663 37.3420715332
663 36.4968776703
663 36.3931655884
663 36.8430614471
659 36.8139743805
659 36.9489192963
659 36.4751815796
659 37.9190444946
659 36.6990566254
657 35.9239578247
657 35.8731746674
657 41.8038368225
657 36.2069606781
651 36.2329483032
651 36.3020896912
651 36.3478660583
650 36.1649990082
650 36.1528396606
650 36.4229679108
646 36.6921424866
646 36.5660190582
646 36.3738536835
639 36.5967750549
639 36.5629196167
634 37.5709533691
634 38.9890670776
634 37.248134613
634 41.5639877319
634 37.486076355
634 37.0960235596
634 37.0860099792
634 37.1580123901
634 37.4519824982
634 37.0810031891
634 38.6610031128
634 37.6138687134
631 37.232875824
631 37.4851226807
631 37.6288890839
631 38.1147861481
631 38.2719039917
631 38.360118866
631 38.5241508484
631 39.2990112305
631 39.2289161682
631 38.5339260101
631 38.0141735077
631 38.008928299
631 37.9910469055
631 38.1510257721
631 38.2120609283
631 39.5691394806
631 38.3198261261
631 38.6350154877
631 38.6970043182
631 38.7480258942
631 38.7499332428
631 39.1900539398
631 39.5078659058
631 38.8131141663
631 38.9881134033
631 41.8651103973
628 41.3389205933
628 38.8770103455
628 38.8910770416
628 38.9270782471
628 39.3679141998
625 38.8290882111
625 38.9239788055
625 40.1120185852
625 39.0629768372
625 39.0119552612
625 38.9490127563
625 38.9859676361
625 38.9850139618
625 39.0141010284
625 39.4580364227
625 39.6008491516
625 39.7288799286
625 39.7028923035
625 39.5560264587
625 39.5059585571
625 39.7069454193
625 40.1887893677
625 40.323972702
622 40.6141281128
622 41.4848327637
622 42.1991348267
622 41.0060882568
622 43.9360141754
622 39.7491455078
622 39.6938323975
622 39.7129058838
620 40.5600070953
620 40.657043457
620 40.0359630585
614 40.4798984528
614 40.6889915466
614 40.5859947205
608 41.3489341736
608 42.2751903534
608 41.5389537811
608 41.0850048065
608 41.2888526917
608 41.2487983704
600 41.0490036011
600 40.8759117126
600 41.2418842316
600 41.6259765625
600 41.5580272675
600 42.2399044037
599 41.5120124817
599 46.5829372406
599 41.6610240936
575 43.0979728699
575 41.8610572815
575 42.1769618988
575 41.8589115143
575 42.2220230103
575 42.0389175415
575 41.9170856476
575 41.5880680084
575 41.5990352631
575 41.708946228
575 41.6610240936
575 42.2739982605
575 42.5989627838
575 42.5000190735
575 42.3228740692
575 42.2430038452
575 42.130947113
573 42.2699451447
573 42.2241687775
573 42.2279834747
570 41.8660640717
563 42.1211719513
562 42.3738956451
562 42.6280498505
562 43.3938503265
562 42.4301624298
562 45.9051132202
559 42.2201156616
559 43.5969829559
559 42.396068573
559 42.43516922
559 42.4709320068
559 42.359828949
559 42.3729419708
559 43.7150001526
559 43.6868667603
557 44.1629886627
551 46.2589263916
551 45.5009937286
551 43.1878566742
551 43.5481071472
548 42.5050258636
548 45.0320243835
548 43.5948371887
548 42.3710346222
548 42.6290035248
548 47.5068092346
548 43.604850769
548 43.2081222534
548 48.0580329895
548 43.2829856873
545 43.6561107635
543 42.7780151367
543 42.8459644318
543 42.5798892975
543 42.6189899445
543 42.8600311279
543 43.19190979
543 42.7508354187
538 44.1949367523
538 43.5879230499
536 43.114900589
536 43.2019233704
536 43.6179637909
536 42.995929718
536 44.0690517426
536 43.0278778076
536 43.2031154633
524 43.6871051788
524 48.4838485718
524 44.0411567688
524 47.425031662
524 44.065952301
524 44.1818237305
524 45.0339317322
524 45.7210540771
524 44.4748401642
524 44.2290306091
524 44.4278717041
516 44.9287891388
516 45.2008247375
516 44.5749759674
516 44.6231365204
516 44.8379516602
516 44.5659160614
516 48.0120182037
516 45.7201004028
516 45.3639030457
510 45.6559658051
509 45.6118583679
509 45.392036438
509 44.9769496918
509 45.3639030457
504 46.443939209
504 47.3449230194
504 45.4730987549
504 45.8209514618
504 45.7651615143
504 45.9749698639
504 45.7770824432
503 45.7520484924
503 46.0660457611
503 47.0950603485
501 49.1518974304
501 46.3111400604
501 46.6148853302
501 46.345949173
501 49.5729446411
501 49.103975296
501 47.0600128174
501 46.5619564056
501 46.8180179596
501 46.7281341553
501 50.8930683136
495 48.691034317
495 50.607919693
495 47.4019050598
495 48.2130050659
495 47.513961792
495 47.924041748
495 47.5401878357
490 47.9929447174
490 48.7008094788
490 48.3350753784
490 48.0978488922
490 48.4499931335
485 48.0899810791
485 48.3009815216
485 48.3820438385
485 48.4359264374
485 51.4550209045
482 48.8550662994
482 48.9590167999
482 49.4899749756
482 49.3669509888
482 53.5218715668
482 54.5439720154
480 49.3259429932
480 49.831867218
480 50.0218868256
480 50.5368709564
480 49.7679710388
480 50.0130653381
480 50.3799915314
480 50.1189231873
480 50.8790016174
480 50.5328178406
480 49.9250888824
480 49.9238967896
480 50.1728057861
480 50.5731105804
480 50.29296875
480 49.9181747437
480 50.4138469696
480 50.6439208984
480 57.6210021973
480 52.9270172119
480 52.7358055115
480 50.9271621704
480 50.8790016174
480 50.5208969116
480 54.1751384735
480 54.0750026703
478 51.9709587097
478 58.2871437073
478 60.4050159454
478 61.0411167145
478 59.7951412201
478 59.2739582062
478 55.999994278
478 59.0360164642
478 63.4360313416
478 62.7391338348
473 57.3949813843
473 56.9930076599
473 56.0479164124
473 60.0030422211
473 51.3119697571
473 58.0189228058
473 60.427904129
460 62.8161430359
460 53.1888008118
460 60.0819587708
460 52.1669387817
460 51.3219833374
460 51.442861557
460 51.9738197327
460 53.6541938782
460 52.9239177704
460 51.8062114716
460 51.4848232269
460 61.6128444672
460 61.1009597778
460 61.8350505829
460 55.3379058838
460 53.2639026642
460 52.4170398712
460 53.5480976105
460 59.5967769623
460 52.8359413147
460 57.8498840332
460 58.3820343018
460 59.9730014801
460 53.2209873199
460 61.8200302124
460 60.0600242615
460 61.6550445557
460 56.0419559479
460 58.2339763641
460 52.7501106262
460 53.2250404358
460 53.4639358521
460 53.111076355
460 52.5569915771
460 52.4039268494
460 53.5428524017
460 53.9901256561
460 53.8408756256
460 53.9090633392
460 53.004026413
460 55.5949211121
460 52.7532100677
460 52.8960227966
460 52.8070926666
460 53.2009601593
460 55.5710792542
460 54.4271469116
460 53.4770488739
460 56.8227767944
460 55.0179481506
460 53.6351203918
460 53.6499023438
460 53.8210868835
460 53.6589622498
460 54.1899204254
460 54.2597770691
460 53.9391040802
460 54.144859314
460 54.3808937073
459 54.1989803314
459 59.0670108795
459 54.6481609344
459 54.3730258942
459 55.7401180267
458 54.3768405914
458 54.8660755157
458 53.6727905273
458 58.5038661957
458 54.1908740997
458 53.7719726562
458 54.2690753937
458 55.538892746
458 56.1480522156
458 55.0918579102
458 55.2098751068
458 54.2280673981
458 58.5150718689
457 56.8451881409
457 54.1610717773
457 53.8749694824
457 53.787946701
457 55.1500320435
457 58.3648681641
454 54.0759563446
454 55.6380748749
454 59.3240261078
454 55.7560920715
454 55.0951957703
454 57.7449798584
454 55.8528900146
454 63.3978843689
454 55.2458763123
454 55.9129714966
454 55.2461147308
454 55.2089214325
454 56.6689968109
454 56.1740398407
454 55.499792099
454 55.1729202271
454 55.2968978882
454 55.4599761963
454 55.2718639374
447 58.2640171051
443 57.8191280365
443 59.9589347839
436 61.9368553162
436 60.0190162659
436 57.2581291199
436 61.292886734
436 57.1448802948
436 57.0080280304
436 56.3449859619
436 57.0540428162
436 56.9548606873
436 56.813955307
435 57.3041439056
435 61.5611076355
435 57.8000545502
435 57.3058128357
435 57.4150085449
435 62.2000694275
435 57.9080581665
435 57.3010444641
435 57.088136673
435 57.4879646301
435 57.373046875
435 58.0840110779
435 57.0869445801
435 57.3501586914
435 61.0058307648
435 57.6450824738
435 62.1609687805
435 57.9199790955
435 57.8279495239
435 57.893037796
435 58.1259727478
435 57.8138828278
431 61.6059303284
431 58.72797966
431 58.109998703
429 58.5339069366
427 58.7830543518
427 62.9138946533
427 57.2698116302
427 57.8899383545
427 57.7549934387
427 59.0159893036
427 58.0320358276
427 58.0699443817
427 58.4950447083
427 59.7062110901
427 57.9400062561
427 58.6440563202
427 57.904958725
427 63.2269382477
427 59.3259334564
427 58.8619709015
427 62.1218681335
427 59.1509342194
427 58.849811554
427 59.2639446259
427 58.9048862457
427 59.0488910675
427 58.7809085846
427 58.5670471191
427 59.1881275177
427 58.4380626678
427 63.4081363678
427 59.2541694641
427 58.9928627014
427 60.3048801422
427 59.7279071808
427 64.1388893127
427 59.3090057373
427 60.8339309692
427 59.8149299622
427 63.8349056244
427 59.8928928375
427 59.8139762878
427 60.4348182678
427 59.7908496857
427 61.8870258331
427 60.261964798
427 60.1580142975
427 61.6810321808
427 61.1970424652
427 60.546875
427 60.4300498962
427 60.2149963379
427 61.0299110413
427 61.07878685
427 60.5919361115
427 70.0170993805
427 62.1590614319
427 61.6269111633
427 60.7249736786
427 62.6509189606
427 61.0761642456
427 61.4721775055
427 61.408996582
427 62.3281002045
427 61.2909793854
427 61.087846756
427 62.5810623169
427 60.8530044556
427 60.6441497803
423 61.7778301239
423 61.4790916443
423 61.7558956146
423 61.92278862
423 66.2040710449
423 61.0909461975
421 61.2699985504
421 61.6221427917
421 62.7830028534
421 61.4359378815
421 61.4612102509
421 61.7640018463
421 68.7251091003
421 68.1381225586
417 65.6340122223
417 67.9309368134
417 69.3089962006
417 68.0620670319
417 68.1509971619
417 63.5280609131
417 65.8581256866
417 70.9788799286
417 65.0029182434
417 63.4851455688
417 78.8381099701
417 71.702003479
417 72.1278190613
417 71.4449882507
417 68.9070224762
417 62.2270107269
417 61.8929862976
417 63.817024231
417 63.5068416595
417 70.1811313629
417 64.2929077148
417 63.9178752899
417 62.8190040588
417 64.877986908
410 65.1290416718
410 63.148021698
405 65.1030540466
405 63.5941028595
405 69.2768096924
405 64.530134201
405 70.7869529724
405 67.5668716431
405 68.2060718536
405 72.114944458
405 73.4968185425
405 67.5790309906
405 70.7972049713
405 72.4630355835
405 68.8760280609
405 67.3310756683
405 69.9529647827
405 66.4730072021
405 67.1999454498
