1044 6.52384757996
1044 6.43515586853
1019 6.57510757446
959 6.53100013733
959 6.57510757446
946 6.58297538757
937 6.65378570557
931 6.68787956238
931 6.73604011536
929 6.75082206726
929 6.79087638855
899 6.82806968689
899 6.85095787048
890 6.82091712952
890 7.05099105835
863 10.922908783
863 7.48896598816
863 7.06696510315
863 7.15708732605
843 7.15208053589
843 7.15684890747
843 7.21716880798
843 7.31110572815
843 7.36308097839
843 7.3938369751
824 7.42101669312
824 7.55500793457
813 7.52902030945
751 7.93480873108
745 7.65299797058
745 7.6858997345
745 7.74097442627
745 7.79891014099
743 7.89785385132
743 7.92598724365
743 8.03804397583
743 8.03685188293
733 8.15987586975
733 8.1570148468
733 8.17489624023
700 8.10813903809
673 8.24689865112
673 8.3110332489
673 8.3019733429
664 8.31198692322
664 8.41999053955
664 8.4240436554
664 8.45003128052
664 8.95881652832
660 8.70704650879
660 8.81409645081
660 8.94808769226
660 8.79287719727
654 8.90707969666
634 8.96000862122
634 9.03701782227
617 9.10902023315
592 9.27305221558
581 9.21702384949
578 9.23204421997
578 9.25493240356
578 9.34195518494
566 9.33790206909
548 9.54818725586
548 9.6001625061
548 9.52911376953
548 9.90605354309
548 9.75394248962
548 9.72604751587
548 9.78493690491
548 9.75298881531
548 9.8249912262
548 9.86814498901
548 9.98091697693
541 10.2100372314
533 10.0510120392
533 10.1709365845
527 10.2069377899
514 10.1928710938
514 10.2000236511
512 10.3659629822
512 10.6310844421
512 10.6718540192
512 10.6279850006
512 10.5328559875
512 10.547876358
512 10.5788707733
512 10.6101036072
511 10.7839107513
510 10.7729434967
507 10.9300613403
506 10.843038559
506 10.9360218048
506 11.1060142517
506 11.2380981445
506 11.0130310059
506 10.9832286835
506 11.0211372375
506 11.1429691315
497 11.2237930298
497 11.2109184265
497 14.1880512238
497 12.2871398926
497 11.3348960876
497 11.3480091095
497 11.3260746002
497 11.402130127
497 11.4109516144
486 11.4409923553
486 11.4638805389
486 11.4848613739
486 12.0689868927
486 12.0267868042
486 11.8379592896
486 11.5880966187
486 11.7881298065
486 11.7959976196
486 11.950969696
486 11.9800567627
486 12.0401382446
486 12.2919082642
486 12.0799541473
486 12.0420455933
486 12.0282173157
486 12.1581554413
482 12.3338699341
482 12.3081207275
482 12.3229026794
482 12.3331546783
477 12.4659538269
452 12.4950408936
452 12.521982193
451 12.6509666443
451 12.6690864563
451 12.7370357513
451 12.708902359
451 17.4219608307
451 12.7699375153
441 12.8679275513
436 13.062953949
436 13.0989551544
430 13.3559703827
430 13.2019519806
430 13.2231712341
430 13.2820606232
430 13.2839679718
428 13.2699012756
428 13.3111476898
424 13.3900642395
423 13.5428905487
403 13.6551856995
403 13.7767791748
403 13.7870311737
403 13.8881206512
403 13.8440132141
390 13.9811038971
390 14.0027999878
389 14.2829418182
389 16.7179107666
388 14.111995697
388 14.2560005188
388 14.2679214478
388 14.2920017242
388 14.3759250641
388 14.3580436707
388 14.4510269165
386 14.2481327057
386 14.3249034882
386 14.2889022827
386 14.3311023712
385 14.3430233002
384 14.7821903229
384 14.524936676
384 14.5468711853
384 14.4689083099
384 14.5540237427
384 14.6150588989
384 18.2189941406
384 16.0391330719
384 14.7881507874
384 14.7459506989
382 14.7700309753
382 14.8279666901
382 14.8751735687
379 14.9931907654
379 14.9998664856
379 15.0711536407
379 15.0980949402
379 15.1059627533
373 14.8189067841
373 14.8510932922
370 14.867067337
370 16.1600112915
370 14.9779319763
370 15.0020122528
368 14.997959137
368 15.1460170746
368 15.0270462036
368 15.044927597
368 15.1948928833
362 14.8980617523
362 14.9369239807
357 15.1660442352
357 15.2411460876
357 17.2669887543
357 15.7389640808
357 17.3368453979
357 20.6069946289
357 16.2727832794
357 16.6120529175
357 17.9419517517
357 15.5620574951
357 15.7241821289
357 15.7208442688
357 15.7539844513
357 15.7339572906
357 15.7899856567
357 15.7902240753
357 15.8140659332
354 16.1209106445
354 16.0489082336
354 16.1440372467
354 16.1271095276
354 16.2479877472
354 16.2310600281
354 16.2029266357
354 16.3149833679
351 16.1838531494
351 16.1979198456
351 16.2661075592
351 16.2289142609
351 16.2711143494
349 15.5439376831
349 15.5811309814
349 15.634059906
349 20.8430290222
349 16.5050029755
349 15.7339572906
349 15.7480239868
349 20.4830169678
349 15.9091949463
349 16.0200595856
349 16.0660743713
349 16.0720348358
341 16.5600776672
341 16.5498256683
341 21.411895752
329 18.0947780609
317 19.6912288666
317 17.3859596252
317 16.6189670563
317 16.7629718781
317 16.4759159088
317 20.8671092987
317 16.8750286102
317 16.7870521545
304 16.6068077087
304 16.5710449219
304 16.5939331055
304 16.8519020081
304 16.8001651764
304 16.697883606
304 16.6630744934
304 16.7028903961
302 21.2550163269
302 16.6840553284
302 16.6110992432
294 16.9341564178
294 17.1160697937
294 17.0819759369
294 17.1349048615
294 16.9560909271
292 17.0459747314
292 17.0660018921
292 17.1189308167
292 17.0919895172
289 17.3020362854
289 17.2820091248
289 17.9989337921
289 17.5111293793
289 17.539024353
289 17.5700187683
289 17.735004425
289 17.6138877869
289 18.5129642487
283 17.9560184479
277 18.1810855865
277 17.9841518402
277 18.002986908
277 18.1670188904
275 18.2130336761
275 18.2778835297
275 18.9020633698
275 18.6519622803
275 18.5251235962
275 18.4998512268
275 18.5091495514
272 19.6468830109
272 19.257068634
272 19.0069675446
272 18.9299583435
272 19.0088748932
265 19.1080570221
265 19.2639827728
265 19.4299221039
265 19.2868709564
263 19.0289020538
263 18.9361572266
263 18.9461708069
263 19.3870067596
263 19.1450119019
263 19.1521644592
262 19.033908844
253 19.0930366516
253 19.1140174866
247 20.0300216675
247 19.3560123444
242 19.4880962372
242 19.5708274841
242 19.5829868317
242 19.5600986481
241 19.4749832153
241 19.5021629333
241 19.5510387421
241 21.3317871094
241 21.8780040741
241 22.4249362946
241 20.8871364594
241 20.5898284912
241 21.5530395508
241 22.5658416748
241 23.1981277466
241 22.9721069336
241 24.9841213226
241 21.2368965149
241 20.2279090881
241 20.3700065613
241 20.5109119415
241 20.6120014191
241 20.7920074463
241 20.8880901337
241 20.6079483032
241 21.3150978088
241 20.8489894867
241 25.5358219147
241 22.9630470276
241 24.6598720551
241 22.7620601654
241 21.0621356964
241 20.9040641785
241 21.0871696472
241 21.2318897247
241 21.2588310242
241 21.0452079773
240 21.283864975
240 25.9530544281
240 24.8789787292
240 21.6629505157
240 21.3429927826
240 21.5590000153
240 21.390914917
240 21.6648578644
240 21.430015564
236 21.9550132751
236 22.0549106598
236 22.3591327667
236 22.173166275
236 23.1220722198
236 22.8531360626
236 22.7479934692
236 22.8841304779
235 23.008108139
235 23.5698223114
235 23.0560302734
235 23.3371257782
235 23.6070156097
235 23.509979248
235 23.6270427704
235 23.1380462646
235 23.1921672821
233 23.1990814209
233 23.2090950012
233 23.3399868011
233 23.3302116394
233 23.4048366547
233 23.4191417694
233 23.9520072937
233 23.610830307
233 23.5750675201
233 23.8258838654
233 31.6560268402
233 25.2411365509
233 26.0179042816
233 25.9079933167
233 25.3241062164
233 27.8549194336
233 29.6130180359
233 25.6850719452
233 25.2299308777
233 28.4390449524
233 28.6619663239
227 24.4247913361
227 23.9470005035
222 24.3430137634
222 25.3298282623
222 27.6980400085
222 25.2521038055
218 23.8218307495
218 24.0118503571
218 23.8909721375
216 24.0519046783
216 31.7249298096
213 25.1529216766
213 24.8849391937
213 24.7011184692
213 24.7409343719
213 28.5840034485
213 30.0071239471
213 25.2439975739
213 25.52485466
213 25.4099369049
213 26.6849994659
213 29.5388698578
213 29.5851230621
213 29.2828083038
213 28.0721187592
213 27.1191596985
213 25.4271030426
213 29.0071964264
206 29.440164566
206 25.8901119232
199 27.1430015564
199 28.881072998
199 26.6480445862
199 26.6861915588
199 25.9149074554
199 30.8630466461
199 27.3230075836
199 27.722120285
197 28.3370018005
196 25.8071422577
196 26.1299610138
196 26.14402771
196 27.1351337433
196 27.6448726654
196 26.819229126
196 26.2629985809
196 25.8920192719
196 26.0109901428
196 25.9511470795
196 25.7601737976
196 30.308008194
196 25.8569717407
194 26.636838913
194 26.7460346222
194 27.3580551147
194 28.6779403687
194 33.5729122162
194 31.7130088806
194 34.3141555786
194 30.5271148682
194 33.5168838501
194 28.1879901886
194 27.4589061737
194 27.7819633484
194 27.9471874237
194 32.5179100037
194 27.9748439789
194 28.4311771393
194 29.825925827
194 30.1179885864
194 28.3989906311
194 28.4159183502
194 32.7701568604
194 29.6521186829
194 30.4310321808
194 32.8240394592
194 31.975030899
194 28.0947685242
194 34.1050624847
194 29.186964035
194 29.8960208893
194 28.6159515381
194 28.2979011536
194 28.4099578857
194 28.0959606171
194 28.2800197601
194 28.2678604126
194 33.0669879913
192 28.9289951324
192 34.7309112549
192 29.5259952545
192 29.3171405792
192 29.9868583679
192 34.2221260071
192 29.69789505
192 29.7021865845
192 30.2219390869
192 31.1849117279
192 30.1208496094
192 36.1409187317
192 29.7899246216
192 30.0889015198
192 29.2959213257
192 30.8928489685
192 29.9060344696
192 30.0369262695
192 31.494140625
192 32.89103508
192 29.8941135406
192 30.3978919983
191 29.8640727997
191 33.0038070679
191 30.1439762115
191 34.1148376465
191 31.3158035278
191 32.4540138245
191 31.907081604
191 32.5629711151
191 32.9849720001
191 34.6751213074
191 30.6820869446
191 35.2809429169
191 34.1038703918
191 33.4131717682
191 36.8101596832
191 38.3398532867
191 35.5648994446
191 35.7940196991
182 33.497095108
182 31.6231250763
182 34.9848270416
182 34.0151786804
182 37.1880531311
182 35.5629920959
182 31.9681167603
182 36.7679595947
182 36.6458892822
182 34.1429710388
182 33.2889556885
181 34.1420173645
181 32.2470664978
181 35.3620052338
181 34.2090129852
181 32.2241783142
181 35.0878238678
181 36.7858409882
181 32.6969623566
181 32.4079990387
181 33.1239700317
181 36.6470813751
181 32.0470333099
181 31.56208992
173 35.9499454498
173 35.2461338043
173 34.2411994934
173 34.3511104584
173 34.1050624847
173 35.5441570282
173 37.9998683929
173 32.1910381317
173 34.7712039948
173 34.2559814453
173 32.6359272003
173 36.6401672363
173 31.769990921
173 34.8610877991
173 32.0501327515
173 34.1498851776
173 34.5160961151
173 33.0400466919
173 32.2110652924
173 36.6189479828
173 32.9570770264
173 36.5438461304
173 37.2431278229
173 32.2420597076
173 32.6511859894
172 32.1400165558
171 32.3791503906
171 40.9979820251
171 36.1938476562
171 36.0729694366
171 38.3558273315
171 32.4258804321
171 32.6039791107
171 32.9051017761
171 32.546043396
171 32.723903656
171 32.4380397797
171 32.5210094452
171 36.5328788757
171 32.7048301697
171 33.8859558105
171 32.5741767883
171 33.1919193268
171 32.5992107391
171 32.53698349
171 32.8090190887
170 33.5521697998
170 33.2889556885
170 33.2698822021
170 33.1449508667
170 33.3969593048
170 33.5609912872
170 33.6158275604
170 33.6129665375
170 33.3919525146
170 33.6530208588
167 33.6968898773
165 34.4769954681
165 37.770986557
165 40.7419204712
165 38.1579399109
165 40.8041477203
165 36.7360115051
165 42.6621437073
163 40.0769710541
163 37.3470783234
163 37.0988845825
163 37.0969772339
163 37.6629829407
163 39.5431518555
163 37.5108718872
163 36.4022254944
163 41.0308837891
161 38.8598442078
161 36.9040966034
161 35.5868339539
161 35.4609489441
161 35.7558727264
161 35.9530448914
161 35.8731746674
161 36.230802536
161 43.3988571167
161 38.2561683655
161 42.867898941
143 38.6109352112
143 36.2739562988
143 36.7710590363
143 37.1840000153
143 36.8590354919
143 37.1899604797
143 37.104845047
143 36.7839336395
143 37.4491214752
142 36.3788604736
142 36.3841056824
141 36.3547801971
141 36.3600254059
141 36.3008975983
141 36.1859798431
141 36.4470481873
141 36.2508296967
141 36.8449687958
141 36.2751483917
141 36.5159511566
141 36.4849567413
141 36.4530086517
141 38.4340286255
141 36.9141101837
141 37.3888015747
141 36.7679595947
141 36.6561412811
141 37.2631549835
141 37.6749038696
141 38.0520820618
141 41.2590503693
141 38.3560657501
141 39.1490459442
141 39.8550033569
141 36.5331172943
139 36.5798473358
139 41.6669845581
139 37.3480319977
139 37.328004837
139 37.250995636
139 41.9988632202
139 37.1470451355
136 37.0399951935
136 37.5208854675
136 41.9828891754
136 36.9758605957
136 36.8509292603
130 37.3690128326
130 37.425994873
130 40.7381057739
130 42.1547889709
130 37.4369621277
130 37.6079082489
130 37.5611782074
130 37.6708507538
130 38.0508899689
130 37.8170013428
130 37.7149581909
130 37.8410816193
130 38.0580425262
130 38.0668640137
130 38.1910800934
130 38.1150245667
130 38.4118556976
130 38.2030010223
130 38.3758544922
130 38.3160114288
130 38.3009910583
130 43.1830883026
130 38.516998291
130 38.6128425598
130 38.6250019073
130 38.7110710144
130 38.4969711304
130 38.654088974
130 38.5940074921
130 39.0939712524
130 38.6929512024
130 38.7930870056
130 38.8400554657
130 38.773059845
130 39.4549369812
130 38.8820171356
130 38.889169693
128 35.4380607605
128 35.4650020599
128 35.6090068817
128 35.8290672302
128 35.6140136719
128 35.8970165253
128 36.012172699
128 36.0441207886
128 36.0889434814
128 36.1959934235
128 36.4060401917
128 36.2629890442
128 36.4420413971
128 36.4511013031
128 36.4239215851
128 36.6358757019
128 36.4949703217
128 36.8049144745
128 36.7960929871
128 36.8311405182
128 36.8189811707
128 37.1129512787
128 37.1689796448
128 37.0728969574
128 37.672996521
128 37.0240211487
128 38.2010936737
128 37.556886673
128 37.4729633331
128 37.5370979309
128 40.1980876923
128 38.0601882935
128 42.062997818
127 38.8720035553
127 37.9178524017
127 38.5859012604
127 41.6660308838
127 38.2878780365
127 38.2418632507
127 38.5570526123
127 38.400888443
127 37.9600524902
127 38.2690429688
127 38.5320186615
127 38.5749340057
127 38.3148193359
127 38.3369922638
127 41.4230823517
127 39.1328334808
127 38.2010936737
127 39.2007827759
127 39.4520759583
127 39.0009880066
127 38.9771461487
127 38.8991832733
127 38.724899292
127 39.4639968872
127 39.6709442139
127 39.6862030029
127 44.2209243774
127 39.8280620575
127 39.1969680786
127 39.4239425659
127 44.0950393677
127 39.2379760742
127 38.8679504395
127 38.9819145203
127 38.8059616089
127 38.9039516449
127 38.8231277466
127 40.0941371918
127 39.9100780487
127 39.1309261322
127 39.265871048
127 39.2417907715
127 40.5251979828
127 39.7520065308
127 41.0809516907
127 44.2130565643
127 39.7918224335
127 39.8678779602
127 40.4500961304
127 40.6129360199
127 42.0119762421
127 40.5139923096
127 45.511007309
127 41.2518978119
126 40.9078598022
126 41.0549640656
126 41.1598682404
126 41.2981510162
126 41.032075882
126 40.7998561859
126 41.3258075714
126 41.2001609802
126 41.032075882
126 41.4209365845
126 41.268825531
126 42.7620410919
126 42.5209999084
126 42.069196701
126 42.1028137207
126 42.1969890594
126 51.109790802
126 47.1799373627
126 42.6859855652
126 42.594909668
126 42.946100235
126 42.0620441437
126 42.181968689
126 45.8400249481
126 46.4849472046
126 41.9998168945
126 42.0889854431
126 41.7261123657
126 42.4480438232
126 41.9821739197
126 42.051076889
126 42.2029495239
126 41.1930084229
125 42.2441959381
125 42.042016983
123 42.1259403229
123 42.4959659576
123 42.5391197205
123 42.8450107574
123 45.3817844391
123 46.2219715118
123 42.6239967346
123 42.5159931183
123 42.8078174591
123 42.2620773315
121 42.4308776855
121 42.2139167786
121 42.3178672791
121 42.2830581665
121 42.1350002289
121 41.7699813843
121 41.7878627777
121 42.8760051727
121 42.5579547882
121 42.1328544617
121 42.6681041718
121 42.4740314484
121 42.8509712219
121 42.407989502
121 43.9698696136
121 43.4968471527
121 44.4939136505
121 44.2998409271
121 50.6858825684
121 44.4719791412
121 43.1959629059
121 44.0330505371
119 44.9318885803
119 43.9729690552
119 43.5819625854
119 43.6360836029
118 43.5810089111
118 43.7228679657
117 43.6270236969
117 44.8861122131
117 44.3069934845
117 44.9919700623
117 43.9848899841
117 44.1551208496
117 45.2480316162
117 44.8570251465
117 44.627904892
117 44.1501140594
117 44.0008640289
117 44.4350242615
117 44.2261695862
117 45.9320545197
117 43.8759326935
117 43.9410209656
117 48.7270355225
117 44.6059703827
117 45.1889038086
117 44.7449684143
117 44.2979335785
117 45.1350212097
117 44.8980331421
117 45.0739860535
117 44.8129177094
117 45.5529689789
117 45.5319881439
117 45.1059341431
117 45.1369285583
117 45.0489521027
117 45.599937439
117 46.0569858551
117 46.0119247437
117 46.1881160736
116 46.4100837708
116 46.0138320923
116 46.3659763336
116 46.6239452362
116 46.7591285706
116 46.422958374
116 46.4079380035
116 46.5369224548
116 46.8111038208
116 47.5580692291
116 46.7212200165
116 47.0118522644
116 46.6439723969
116 46.9701290131
116 46.9670295715
116 47.2359657288
116 47.2710132599
116 47.1742153168
116 47.7821826935
116 47.2741127014
116 47.3890304565
116 47.9288101196
116 47.7418899536
116 47.4369525909
116 47.3921298981
116 47.6939678192
116 47.4879741669
116 48.6299991608
116 48.1400489807
116 51.940202713
116 49.8969554901
116 47.6100444794
116 48.5057830811
116 48.889875412
116 48.121213913
114 48.9571094513
114 48.4578609467
114 48.4712123871
114 48.8801002502
114 49.0570068359
114 49.2730140686
114 49.3278503418
114 48.7179756165
113 45.8738803864
113 46.1320877075
113 46.3149547577
113 46.9980239868
113 46.5497970581
113 46.3659763336
113 47.1348762512
113 47.1749305725
113 47.1570491791
113 46.6029644012
113 46.5919971466
113 46.5059280396
113 46.3759899139
113 47.1081733704
113 46.8640327454
113 47.3098754883
113 47.2860336304
113 48.0771064758
113 48.4499931335
113 48.3198165894
113 48.141002655
113 47.297000885
113 47.4448204041
113 47.1370220184
113 47.1479892731
113 46.9861030579
113 47.1069812775
113 47.9760169983
113 47.4920272827
113 50.7698059082
113 47.2528934479
113 47.3608970642
113 47.2748279572
113 48.3028888702
113 47.9638576508
113 47.7731227875
113 47.4300384521
113 47.4750995636
113 48.9599704742
113 49.2639541626
113 49.1061210632
113 48.9661693573
113 48.8879680634
