145716 4147.88985252
145702 4156.59713745
145684 4117.91419983
145651 4141.49689674
145648 4167.28520393
145606 4135.51306725
145583 4196.82312012
145554 4292.81187057
145554 4152.99797058
145554 4156.00514412
145541 4140.32506943
145532 4164.93701935
145532 4162.5161171
145482 4164.12210464
145473 4155.10201454
145471 4157.6590538
145471 4145.91383934
145471 4148.55504036
145420 4154.74700928
145420 4126.27482414
145420 4146.28505707
145409 4254.88495827
145409 4260.85495949
145367 4152.79197693
145367 4170.75204849
145333 4141.70002937
145297 4377.72107124
145265 4659.3708992
145261 4561.98120117
145261 4561.18917465
145261 4493.55506897
145261 4479.18796539
145261 4476.18103027
145241 4574.16200638
145237 4622.96319008
145235 4600.21781921
145214 4578.94206047
145205 4537.59789467
145205 4564.05806541
145195 4563.55309486
145181 4511.69013977
145166 4511.23690605
145153 4503.00097466
145142 4514.45603371
145142 4482.2010994
145142 4579.3530941
145142 4652.26817131
145137 4570.27220726
145131 4543.57600212
145131 4527.43005753
145078 4546.19002342
145059 4550.83107948
145059 4512.06302643
145049 4527.78720856
145019 4506.95586205
145019 4457.11898804
145019 4538.23900223
145019 4582.43989944
145019 4568.74918938
145014 4521.8629837
145006 4540.4651165
144978 4574.6178627
144957 4539.65592384
144953 4525.51698685
144953 4547.98388481
144943 4511.00492477
144943 4526.65901184
144920 4530.16495705
144920 4531.51798248
144920 4563.66300583
144920 4527.33922005
144920 4562.23106384
144919 4533.20384026
144919 4520.26796341
144878 4584.91206169
144878 4549.42703247
144796 4485.78286171
144796 4524.52397346
144796 4547.33395576
144796 4606.82296753
144773 4578.15504074
144773 4572.18790054
144749 4515.3260231
144715 4481.37593269
144691 4543.04909706
144658 4546.38910294
144624 4572.88885117
144610 4570.55783272
144610 4625.05817413
144584 4599.86710548
144557 4568.68386269
144524 4649.21808243
144524 4602.20003128
144524 4622.71404266
144524 4579.63991165
144517 4530.38096428
144489 4548.62594604
144485 4596.51088715
144485 4627.58302689
144454 4589.44392204
144454 4622.96700478
144445 4662.46414185
144370 4587.40210533
144353 4612.4060154
144353 4627.78496742
144314 4554.46791649
144238 4580.77597618
144238 4630.75304031
144236 4578.72605324
144236 4663.22994232
144220 4727.63991356
144209 4708.25195312
144209 4718.94693375
144188 4778.72109413
144168 4743.95108223
144110 4698.79102707
144110 4680.75895309
144110 4685.38999557
144066 4647.74084091
144066 4715.00110626
144066 4627.34389305
144066 4651.64208412
144066 4669.01898384
144046 4641.87192917
144046 4645.5540657
144039 4604.18701172
144029 4649.80196953
144029 4673.98405075
144029 4536.70310974
144028 4583.548069
144014 4590.45600891
143966 4602.1130085
143966 4577.16298103
143966 4578.0069828
143966 4659.69705582
143966 4606.86016083
143966 4629.76193428
143899 4686.31196022
143899 4540.97104073
143848 4644.03796196
143848 4705.88088036
143848 4556.85520172
143832 4648.12707901
143832 4694.70787048
143832 4634.74607468
143832 4594.46692467
143832 4621.61016464
143832 4633.59189034
143818 4612.15686798
143816 4665.01688957
143805 4553.25913429
143795 4550.34303665
143795 4656.23784065
143792 4605.25608063
143792 4535.50195694
143792 4574.62191582
143737 4587.37611771
143737 4635.16807556
143708 4653.38587761
143634 4634.95802879
143623 4516.49785042
143574 4524.16396141
143574 4547.082901
143521 4454.11586761
143521 4518.24998856
143505 4651.5610218
143483 4672.81794548
143483 4680.60612679
143458 4600.70896149
143458 4609.61008072
143415 4631.64520264
143410 4584.3091011
143410 4601.89890862
143384 4571.36487961
143384 4541.85509682
143384 4580.05619049
143384 4680.32002449
143382 4601.60708427
143363 4635.83183289
143363 4617.66004562
143342 4593.39499474
143342 4598.02985191
143336 4563.96198273
143336 4591.45903587
143336 4568.0308342
143336 4590.70301056
143336 4600.64291954
143336 4523.91910553
143326 4508.13698769
143304 4582.24201202
143304 4666.40686989
143282 4689.83507156
143257 4626.57594681
143257 4558.53009224
143257 4552.68216133
143257 4549.9060154
143219 4535.07184982
143219 4559.01408195
143213 4556.40602112
143191 4602.95891762
143191 4519.30713654
143191 4636.18016243
143158 4647.0618248
143147 4603.99007797
143147 4605.57389259
143136 4618.16120148
143136 4541.62216187
143136 4561.8519783
143132 4549.47495461
143132 4546.41008377
143132 4552.20603943
143132 4516.84308052
143127 4625.24294853
143127 4616.10507965
143127 4614.39394951
143118 4568.91012192
143101 4616.16301537
143085 4559.61489677
143085 4562.05701828
143085 4554.25190926
143076 4588.98091316
143076 4673.44689369
143076 4590.9678936
143076 4549.3080616
143023 4597.0351696
143005 4609.04383659
143005 4636.26694679
143005 4601.20201111
142985 4596.66419029
142985 4541.65887833
142985 4626.81913376
142985 4807.86013603
142985 4684.21912193
142967 4640.08188248
142967 4721.84300423
142967 4647.53389359
142967 4610.85391045
142929 4569.2050457
142929 4593.45793724
142906 4615.78798294
142862 4564.54586983
142845 4590.17896652
142828 4603.9750576
142828 4595.18504143
142828 4672.30010033
142828 4648.47612381
142819 4606.73308372
142772 4621.11210823
142699 4572.10707664
142671 4635.66303253
142671 4624.12595749
142667 4574.45597649
142664 4578.86505127
142664 4632.8959465
142662 4567.83604622
142624 4586.70306206
142572 4572.06106186
142564 4750.22101402
142560 4649.46699142
142543 4565.8659935
142543 4537.68610954
142519 4506.98399544
142519 4488.19112778
142519 4510.31208038
142511 4530.13086319
142493 4527.64701843
142493 4508.12005997
142489 4562.35098839
142459 4593.18995476
142459 4635.33902168
142448 4708.62102509
142448 4647.5789547
142448 4556.56290054
142428 4574.45001602
142428 4617.07782745
142428 4603.33704948
142402 4558.37798119
142385 4562.43300438
142385 4531.73899651
142385 4650.87604523
142363 4610.04805565
142363 4660.55703163
142362 4616.16301537
142362 4683.64691734
142360 4617.83194542
142360 4587.30721474
142317 4635.09511948
142308 4580.82914352
142308 4634.44519043
142308 4580.12294769
142299 4731.83107376
142263 4632.90882111
142263 4647.32193947
142263 4587.28194237
142256 4607.77711868
142256 4973.20008278
142256 4458.71400833
142256 4287.86182404
142239 4211.32588387
142239 4282.87696838
142239 4186.01083755
142187 4191.33520126
142187 4218.98293495
142119 4215.20996094
142119 4188.00497055
142119 4201.07221603
142119 4170.78399658
142111 4155.78794479
142111 4195.94311714
142111 4283.74409676
142111 4264.10698891
142105 4277.50182152
142105 4167.58108139
142105 4214.1919136
142088 4192.53993034
142088 4189.83578682
142061 4175.65393448
142032 4193.72105598
141994 4206.42018318
141994 4214.9720192
141961 4253.83090973
141961 4205.18708229
141952 4245.46694756
141907 4259.27376747
141894 4264.62221146
141894 4342.72384644
141888 4232.64813423
141888 4273.76699448
141888 4274.51896667
141888 4236.02581024
141853 4195.86515427
141853 4187.66522408
141816 4171.21696472
141788 4214.19501305
141788 4213.84000778
141788 4200.71792603
141788 4219.93112564
141788 4214.2469883
141788 4263.07916641
141788 4327.54302025
141764 4195.77598572
141764 4185.25505066
141764 4213.960886
141764 4216.45593643
141759 4203.17316055
141743 4207.1480751
141733 4317.12579727
141719 4228.317976
141719 4195.62005997
141719 4196.76303864
141695 4351.75204277
141677 4331.87413216
141657 4329.63895798
141657 4501.52993202
141649 4331.73513412
141639 4330.29079437
141603 4344.03204918
141597 4330.73711395
141562 4306.61487579
141562 4276.06487274
141562 4297.85108566
141562 4313.26699257
141562 4316.6577816
141562 4313.0710125
141534 4218.16802025
141484 4207.99994469
141484 4293.12396049
141484 4331.1150074
141466 4213.99092674
141422 4211.67397499
141418 4211.18688583
141418 4212.4080658
141403 4227.05197334
141403 4202.07309723
141403 4214.35594559
141403 4206.60996437
141403 4205.31010628
141387 4204.58388329
141387 4217.08893776
141359 4217.39292145
141359 4275.53582191
141359 4358.26301575
141293 4209.06209946
141293 4213.34886551
141293 4225.34298897
141200 4203.73296738
141164 4199.29695129
141141 4190.47808647
141138 4209.43617821
141138 4224.21908379
141127 4198.97198677
141112 4210.242033
141045 4207.00502396
141045 4201.04694366
141045 4206.04705811
141045 4365.6899929
141045 4246.45018578
141031 4205.58309555
141031 4207.28087425
141031 4209.9108696
141029 4217.60416031
141029 4216.08901024
141026 4159.6930027
141026 4189.06092644
141026 4198.2178688
141026 4213.12904358
141026 4179.32891846
140990 4162.79292107
140990 4171.90504074
140970 4298.84004593
140970 4284.79480743
140960 4170.18508911
140938 4177.57821083
140938 4188.56811523
140895 4196.55323029
140869 4195.60408592
140869 4186.19918823
140863 4216.16387367
140851 4205.16514778
140847 4234.38000679
140847 4352.81419754
140847 4178.42698097
140828 4224.53212738
140827 4206.10618591
140792 4300.66800117
140777 4186.49697304
140777 4179.1779995
140723 4185.85896492
140718 4193.98617744
140718 4161.50999069
140718 4167.22202301
140718 4209.74111557
140718 4189.1438961
140699 4171.31900787
140699 4183.28714371
140682 4198.31991196
140674 4175.8890152
140672 4230.90291023
140672 4650.08807182
140672 4569.10300255
140672 4527.35710144
140656 4605.45182228
140614 4551.22613907
140614 4538.26808929
140614 4523.10204506
140614 4537.09197044
140596 4573.57811928
140564 4592.7169323
140564 4603.5618782
140488 4568.5210228
140470 4544.17800903
140470 4597.97787666
140470 4540.33780098
140452 4534.0180397
140408 4563.14897537
140403 4576.05195045
140392 4513.35906982
140360 4502.24113464
140343 4517.48180389
140343 4605.8549881
140343 4589.605093
140302 4548.88415337
140301 4522.50099182
140301 4564.65506554
140286 4574.66697693
140286 4524.06811714
140284 4545.19796371
140265 4554.65197563
140265 4493.22986603
140245 4530.08008003
140213 4606.92191124
140213 4591.67313576
140194 4550.97603798
140194 4520.91217041
140194 4576.41482353
140194 4566.65992737
140194 4605.33308983
140194 4656.8338871
140185 4555.31001091
140185 4505.79118729
140185 4527.1320343
140176 4597.29909897
140176 4600.49390793
140174 4599.42388535
140154 4604.84790802
140114 4524.51491356
140111 4522.62592316
140060 4643.08595657
140045 4613.65604401
140045 4637.40706444
140026 4631.2558651
140026 4630.22398949
140026 4595.46399117
140015 4679.94809151
140015 4614.81714249
140008 4587.51606941
140008 4649.37210083
139997 4606.53090477
139997 4583.49084854
139986 4593.97101402
139986 4607.10000992
139977 4597.53012657
139972 4677.47998238
139972 4660.43806076
139960 4606.71806335
139946 4608.81996155
139946 4669.70014572
139905 4662.98699379
139905 4668.74885559
139886 4617.73490906
139886 4637.62116432
139886 4552.15501785
139876 4609.44700241
139876 4700.72484016
139876 4678.44200134
139876 4676.37896538
139800 4661.64302826
139786 4636.5480423
139786 4609.49897766
139772 4596.64583206
139772 4649.93906021
139761 4613.17682266
139749 4605.88407516
139749 4558.45212936
139748 4556.95915222
139748 4643.21303368
139748 4615.51594734
139737 4624.1838932
139694 4686.31911278
139694 4541.19586945
139694 4525.34914017
139694 4560.51206589
139677 4551.45192146
139677 4567.48890877
139677 4523.85807037
139659 4474.24411774
139659 4518.24498177
139659 4548.82311821
139659 4599.03097153
139638 4648.39601517
139599 4529.06918526
139582 4601.40299797
139582 4557.26599693
139582 4586.63702011
139582 4548.32792282
139582 4572.16882706
139582 4540.78888893
139527 4516.8659687
139489 4639.75095749
139489 4585.00695229
139489 4542.40202904
139489 4568.69006157
139489 4580.08408546
139485 4558.82000923
139485 4593.96290779
139477 4582.73911476
139458 4525.59781075
139458 4572.7660656
139458 4537.348032
139458 4631.51597977
139458 4659.06500816
139458 4584.2461586
139436 4558.31098557
139436 4550.02498627
139436 4580.98387718
139436 4569.45085526
139434 4536.7269516
139411 4592.06819534
139404 4637.87484169
139382 4594.18392181
139378 4526.22914314
139376 4601.55200958
139367 4624.31812286
139332 4596.97699547
139332 4607.29694366
139315 4601.78804398
139296 4514.21499252
139296 4541.74208641
139296 4596.75192833
139296 4611.73295975
139296 4587.97907829
139296 4700.75798035
139296 4592.90480614
139296 4560.57596207
139296 4565.41991234
139296 4604.49504852
139296 4627.21514702
139296 4587.6250267
139289 4519.85192299
139230 4562.50786781
139215 4589.03503418
139206 4616.97793007
139206 4725.51298141
139197 4784.26289558
139180 4785.79902649
139162 4740.53382874
139162 4671.99707031
139151 4733.91604424
139151 4656.55493736
139145 4726.2198925
139145 4744.52996254
139104 4676.10907555
139095 4627.70700455
139060 4663.91801834
139060 4737.59078979
139007 4679.18801308
139007 4763.64803314
139007 4602.1001339
138990 4597.84007072
138990 4518.0850029
138984 4578.59897614
138984 4814.63193893
138984 4459.88202095
138957 4391.86501503
138933 4235.45598984
138932 4201.55692101
138932 4214.96009827
138932 4213.04297447
138913 4221.22311592
138901 4173.3341217
138898 4273.27990532
138898 4265.00701904
138880 4286.31091118
138876 4188.06099892
138863 4203.29022408
138850 4227.5788784
138850 4200.53911209
138843 4221.23908997
138804 4200.70981979
138804 4208.64486694
138804 4199.53608513
138792 4228.74212265
138791 4202.1791935
138780 4195.49202919
138745 4195.79911232
138716 4286.19408607
138716 4392.51685143
138716 4220.4079628
138707 4211.2801075
138707 4208.40215683
138690 4216.42303467
138683 4203.00579071
138683 4229.6860218
138683 4229.29286957
138663 4233.24608803
138663 4259.19508934
138655 4231.70995712
138655 4235.45312881
138652 4302.71887779
138652 4221.89283371
138588 4364.8879528
138588 4265.71297646
138588 4263.21387291
138588 4320.35708427
138582 4237.38384247
138582 4261.64197922
138582 4252.5241375
138535 4242.19608307
138505 4226.60398483
138467 4225.71110725
138467 4275.34914017
138454 4235.86797714
138380 4292.73700714
138371 4231.49299622
138349 4356.66012764
138349 4216.58706665
138349 4231.67300224
138333 4214.04218674
138331 4223.33908081
138328 4247.13611603
138305 4248.18515778
138272 4247.89881706
138249 4215.89112282
138249 4221.83990479
138249 4227.92291641
138249 4236.9799614
138249 4264.20903206
138194 4311.88201904
138182 4345.49307823
138137 4190.0100708
138135 4214.11204338
138111 4244.76981163
138045 4296.30684853
138015 4523.01502228
137969 4281.35204315
137969 4232.51795769
137969 4213.51790428
137966 4194.12517548
137966 4330.99794388
137927 4227.51498222
137927 4221.38690948
137891 4209.13290977
137891 4567.96789169
137864 4317.82889366
137834 4224.79391098
137818 4189.19682503
137817 4220.53003311
137794 4386.67416573
137780 4224.85208511
137756 4219.02608871
137756 4228.51896286
137740 4203.02200317
137733 4199.58901405
137733 4207.60178566
137722 4207.96394348
137708 4283.80203247
137708 4351.65286064
137684 4220.57795525
137684 4199.20611382
137684 4229.23779488
137672 4218.97816658
137623 4198.78602028
137586 4233.25705528
137586 4194.27800179
137586 4217.27490425
137586 4205.20496368
137586 4218.84298325
137586 4231.75692558
137586 4191.19095802
137570 4282.74798393
137561 4346.46201134
137561 4248.08502197
137550 4229.04515266
137550 4204.6661377
137515 4209.34700966
137515 4220.02387047
137479 4209.98191833
137479 4186.01489067
137479 4210.6320858
137479 4238.22116852
137479 4200.28614998
137444 4201.32303238
137419 4222.95594215
137419 4201.23696327
137372 4340.74187279
137312 4355.18503189
137281 4313.41004372
137266 4310.63079834
137266 4305.56893349
137266 4262.64691353
137266 4233.94393921
137266 4244.47512627
137266 4222.08809853
137259 4217.84520149
137254 4237.10298538
137254 4214.47587013
137225 4208.13298225
137225 4225.70300102
137225 4266.33501053
137225 4382.35020638
137203 4241.25909805
137203 4269.4568634
137203 4325.57582855
137182 4675.19211769
137182 4609.3788147
137182 4559.41104889
137182 4550.53806305
137182 4569.23103333
137136 4630.31983376
137136 4638.26298714
137136 4692.28506088
137135 4708.14108849
137135 4658.74385834
137135 4614.68195915
137135 4624.7189045
137131 4622.47395515
137130 4566.27893448
137130 4582.41486549
137120 4554.83818054
137106 4601.62186623
137106 4657.28497505
137084 4929.56089973
137082 4810.88280678
137082 4658.24007988
137082 4565.12308121
137082 4627.07209587
137082 4613.33990097
137082 4608.7179184
137071 4574.29909706
137064 4610.18395424
137064 4611.97400093
137064 4608.54005814
137064 4626.05905533
137064 4646.76094055
137064 4672.63889313
137064 4590.321064
137064 4572.77607918
137064 4682.6980114
137040 4625.041008
137040 4681.02502823
137014 4637.36510277
137011 4652.13608742
137011 4652.28390694
137011 4648.70810509
137011 4657.94205666
137011 4642.56691933
137011 4592.32902527
137011 4652.75096893
136989 4601.68099403
136989 4619.31300163
136989 4683.63404274
136988 4609.99488831
136988 4597.10717201
136980 4583.44197273
136980 4595.29805183
136980 4589.11299706
136961 4637.99118996
136932 4617.65289307
136920 4613.92021179
136887 4656.11696243
136883 4607.07306862
136883 4617.28405952
136876 4590.98911285
136876 4638.37790489
136876 4597.6960659
136852 4728.75094414
136837 4643.887043
136812 4613.12508583
136812 4573.83608818
136782 4619.49896812
136751 4616.8088913
136725 4635.83517075
136709 4558.74705315
136703 4562.57009506
136698 4580.2218914
136698 4598.96397591
136694 4688.29202652
136694 4648.30493927
136694 4650.33912659
136677 4632.57193565
136677 4578.33409309
136677 4564.54610825
136677 4626.50299072
136666 4566.23101234
136657 4624.60780144
136657 4616.54400826
136657 4553.25102806
136657 4580.34300804
136657 4654.05583382
136616 4689.47196007
136600 4619.97413635
136600 4625.71907043
136600 4623.2509613
136599 4591.0179615
136599 4574.13387299
136576 4624.29499626
136576 4608.1571579
136569 4549.34000969
136569 4613.59500885
136564 4618.683815
136564 4568.00603867
136556 4616.61911011
136548 4674.32999611
136545 4610.15486717
136545 4578.04989815
136508 4587.85486221
136508 4652.27103233
136508 4626.09910965
136499 4625.9958744
136499 4683.16197395
136471 4604.55799103
136459 4638.11993599
136424 4592.71097183
136398 4642.46702194
136382 4588.97709846
136380 4658.3468914
136364 4599.1230011
136285 4636.86203957
136285 4615.15808105
136273 4615.25797844
136271 4622.16496468
136271 4612.32614517
136271 4605.09800911
136271 4619.86589432
136228 4639.23192024
136228 4627.99096107
136228 4597.42498398
136228 4610.73112488
136228 4752.12192535
136173 4631.91795349
136154 4583.98103714
136154 4836.0991478
136154 4522.35794067
136154 4405.40194511
136154 4240.4999733
136154 4243.24202538
136145 4252.55894661
136130 4261.94500923
136130 4249.06396866
136130 4211.01498604
136069 4217.01216698
136069 4319.14877892
136048 4321.26307487
136032 4265.88702202
136032 4227.29897499
136032 4212.57019043
136006 4253.43799591
136006 4210.95585823
135982 4171.89097404
135954 4189.05305862
135954 4186.71584129
135954 4178.53307724
135939 4191.3869381
135918 4195.04499435
135918 4222.3341465
135918 4285.44712067
135888 4245.27406693
135888 4354.67004776
135863 4208.83107185
135863 4236.49096489
135863 4258.59808922
135860 4232.82790184
135845 4254.33111191
135845 4233.01386833
135818 4243.64495277
135808 4238.82198334
135787 4265.63096046
135763 4244.14777756
135733 4252.83694267
135648 4249.06802177
135636 4330.4579258
135617 4381.78086281
135617 4260.04481316
135601 4229.52198982
135601 4257.8561306
135601 4264.24598694
135601 4268.9640522
135601 4238.74187469
135601 4228.24501991
135601 4246.33598328
135583 4230.17311096
135550 4205.72185516
135542 4215.02590179
135542 4239.51482773
135520 4288.96403313
135520 4361.1869812
135520 4233.89291763
135520 4212.43596077
135520 4234.44008827
135520 4208.10604095
135520 4230.64184189
135520 4196.18201256
135510 4205.88493347
135505 4208.41121674
135437 4218.46985817
135424 4208.76598358
135417 4226.21011734
135417 4213.30094337
135417 4495.4059124
135417 4404.93488312
135417 4223.95610809
135417 4214.29514885
135397 4248.85416031
135397 4234.4481945
135397 4210.5588913
135397 4224.83801842
135363 4232.61594772
135339 4229.78806496
135339 4247.16281891
135339 4264.88900185
135326 4215.05713463
135326 4211.98892593
135326 4282.63878822
135314 4333.00805092
135314 4193.98903847
135289 4190.63019753
135249 4207.78203011
135240 4211.81106567
135208 4261.52014732
135176 4213.9840126
135154 4221.95196152
135113 4223.62995148
135113 4208.06002617
135113 4230.59296608
135093 4220.58582306
135074 4221.92907333
135039 4348.42085838
135023 4370.63479424
135019 4257.48491287
135010 4223.11306
135001 4211.60101891
135001 4230.6330204
134982 4241.59598351
134949 4227.98204422
134931 4239.55202103
134931 4220.5529213
134915 4240.26703835
134885 4188.22097778
134885 4198.28605652
134885 4194.60701942
134885 4525.54297447
134885 4322.34597206
134885 4255.20896912
134885 4227.13589668
134885 4235.37302017
134885 4202.23283768
134858 4374.87101555
134846 4231.73594475
134844 4269.06704903
134844 4249.34220314
134844 4219.41614151
