8843 84.6381187439
8843 78.4718990326
8816 74.3448734283
8816 83.7621688843
8809 75.2110481262
8805 82.5638771057
8738 83.0929279327
8716 72.8559494019
8716 79.5519351959
8706 76.5850543976
8706 83.7659835815
8685 73.205947876
8685 77.5299072266
8640 73.6141204834
8625 73.0700492859
8611 72.7429389954
8611 78.2458782196
8603 73.0130672455
8603 73.7459659576
8598 81.7520618439
8598 78.6399841309
8598 73.4310150146
8598 71.9830989838
8537 73.0819702148
8537 72.6780891418
8497 74.8040676117
8490 72.988986969
8490 79.3921947479
8442 79.6921253204
8442 85.0191116333
8420 78.202009201
8420 77.241897583
8420 81.1109542847
8417 75.8409500122
8412 80.3511142731
8406 79.9829959869
8391 84.4230651855
8373 80.1160335541
8373 79.2360305786
8365 75.7350921631
8328 76.2298107147
8323 80.4359912872
8267 79.9129009247
8253 79.0140628815
8253 79.8649787903
8253 76.189994812
8253 81.5780162811
8233 81.7091464996
8220 86.0850811005
8220 79.1940689087
8220 77.3839950562
8220 80.8291435242
8219 75.6289958954
8209 73.7669467926
8160 73.6041069031
8160 79.2109966278
8160 73.7290382385
8159 73.5599994659
8159 74.0058422089
8159 76.3339996338
8159 76.6940116882
8159 75.2010345459
8159 74.0480422974
8130 74.4721889496
8115 75.1190185547
8114 82.6539993286
8108 79.7598361969
8108 74.4829177856
8108 73.6539363861
8108 79.2851448059
8086 73.8658905029
8086 74.4459629059
8086 78.8581371307
8086 74.177980423
8085 74.5451450348
8085 74.3641853333
8073 74.5279788971
8073 74.7940540314
8073 75.0019550323
8055 74.7489929199
8038 76.5769481659
8038 74.9349594116
8018 75.737953186
8018 75.9360790253
8018 77.9659748077
7995 80.8789730072
7957 78.8028240204
7957 74.8069286346
7957 74.2440223694
7911 74.6920108795
7905 75.6690502167
7904 74.8121738434
7904 74.8131275177
7903 75.3619670868
7903 75.1869678497
7903 74.6719837189
7903 75.0617980957
7895 75.7439136505
7895 75.0880241394
7895 76.9951343536
7895 75.3622055054
7875 75.6280422211
7867 75.2201080322
7867 75.1950740814
7867 76.4391422272
7815 76.0550498962
7811 76.6589641571
7770 76.9989490509
7770 76.9231319427
7770 78.5191059113
7761 84.7158432007
7753 75.9451389313
7745 76.1470794678
7745 85.8709812164
7700 78.232049942
7672 76.3080120087
7672 76.4219760895
7672 76.0109424591
7672 76.1709213257
7672 76.7118930817
7672 76.0321617126
7672 76.3840675354
7672 76.3750076294
7672 76.5419006348
7672 76.3778686523
7672 76.8659114838
7657 77.0230293274
7651 76.4582157135
7651 77.0699977875
7644 77.2979259491
7628 76.6818523407
7605 76.5860080719
7605 77.1930217743
7596 77.1160125732
7591 77.329158783
7584 76.4560699463
7584 76.5330791473
7573 77.9790878296
7573 78.3758163452
7520 77.4710178375
7520 77.3978233337
7520 76.9498348236
7520 76.6971111298
7520 76.730966568
7515 77.8298377991
7515 82.2551250458
7515 77.9509544373
7515 77.5530338287
7452 78.4618854523
7452 77.7189731598
7416 79.4060230255
7396 80.0518989563
7396 78.8660049438
7396 78.418970108
7396 78.3560276031
7347 77.9600143433
7342 77.929019928
7333 77.6941776276
7329 79.5540809631
7326 78.8860321045
7320 78.0320167542
7267 78.3710479736
7267 80.5089473724
7263 78.1950950623
7263 78.4769058228
7263 82.505941391
7253 77.7869224548
7253 78.0839920044
7252 77.3918628693
7252 77.2972106934
7252 77.7230262756
7251 80.7259082794
7251 78.2699584961
7251 77.7518749237
7251 78.7720680237
7251 78.6459445953
7251 78.4661769867
7250 79.5960426331
7250 83.6789608002
7245 78.2959461212
7242 78.8931846619
7242 78.4800052643
7227 78.3710479736
7227 78.7329673767
7218 80.155134201
7218 79.3390274048
7218 81.8510055542
7218 80.3768634796
7217 78.4640312195
7183 78.3331394196
7183 81.5591812134
7183 87.5780582428
7183 85.648059845
7170 79.4019699097
7170 79.6959400177
7161 80.2600383759
7136 79.6909332275
7119 79.6208381653
7104 78.8669586182
7103 79.0078639984
7103 79.7519683838
7103 79.9098014832
7098 79.4250965118
7087 79.7851085663
7087 83.4240913391
7067 83.0729007721
7067 79.8161029816
7041 79.7448158264
7041 82.0920467377
7030 82.7419757843
7030 87.8040790558
7030 81.2799930573
7030 80.549955368
7030 84.7158432007
7030 80.472946167
7030 80.5230140686
6993 84.4969749451
6993 80.8849334717
6993 80.7309150696
6993 80.4080963135
6987 81.4120769501
6959 80.934047699
6959 80.796957016
6959 81.6690921783
6929 80.9948444366
6926 81.356048584
6896 81.976890564
6877 81.3808441162
6843 81.1579227448
6843 80.9569358826
6843 82.7219486237
6843 86.3749980927
6843 81.8569660187
6820 81.8119049072
6820 81.9568634033
6820 81.2079906464
6814 81.552028656
6811 81.6028118134
6811 82.5579166412
6811 82.1709632874
6811 81.7258358002
6799 82.7250480652
6769 82.5939178467
6769 87.247133255
6769 82.9169750214
6724 82.1559429169
6724 82.4160575867
6707 82.4158191681
6687 82.9780101776
6644 84.5029354095
6640 83.468914032
6640 84.1839313507
6633 83.1248760223
6629 82.7469825745
6620 82.4210643768
6615 82.7162265778
6615 83.2049846649
6592 82.5288295746
6591 82.5741291046
6591 83.3339691162
6582 83.1217765808
6573 83.0690860748
6573 83.1911563873
6573 82.6580524445
6564 83.8830471039
6558 83.7590694427
6558 83.8069915771
6532 87.4688625336
6509 88.7629985809
6509 85.128068924
6509 86.7168903351
6509 83.9960575104
6509 84.3021869659
6503 84.9261283875
6486 83.7640762329
6486 89.3640518188
6424 83.6741924286
6401 83.0910205841
6401 83.2550525665
6376 84.0518474579
6376 84.5079421997
6376 84.8200321198
6376 84.7380161285
6376 84.547996521
6376 89.2090797424
6376 86.061000824
6361 84.8169326782
6349 85.0439071655
6349 84.8209857941
6349 84.4221115112
6349 84.3470096588
6299 85.4818820953
6299 86.1489772797
6299 85.736989975
6291 84.814786911
6291 87.3668193817
6279 85.3188037872
6279 85.1209163666
6248 87.2168540955
6248 86.7359638214
6248 85.1290225983
6248 85.1550102234
6248 84.5730304718
6220 85.1819515228
6220 86.886882782
6220 88.0250930786
6219 86.6739749908
6199 85.0570201874
6199 85.3881835938
6199 86.7619514465
6199 86.0090255737
6196 85.8170986176
6191 86.0838890076
6191 87.3219966888
6174 87.033033371
6174 87.0800018311
6168 86.1158370972
6158 85.5829715729
6122 85.501909256
6122 86.0228538513
6122 87.9211425781
6114 85.5760574341
6079 85.53814888
6046 86.786031723
6026 86.1330032349
6016 85.7031345367
6014 85.5851173401
6014 86.3690376282
6014 86.2040519714
6012 85.6418609619
6010 87.1210098267
6010 91.7429924011
6009 86.7381095886
6008 86.7030620575
6008 86.0869884491
6008 86.4849090576
6008 86.5080356598
6008 86.7750644684
6006 87.1047973633
6006 86.5261554718
6006 86.9619846344
6006 87.3279571533
6006 87.1720314026
6006 91.6929244995
6006 87.3329639435
6006 87.4648094177
6005 86.1008167267
5999 86.3881111145
5999 87.7931118011
5999 88.1299972534
5999 88.8578891754
5989 88.317155838
5978 86.5828990936
5978 89.7481441498
5977 87.5370502472
5973 88.0899429321
5973 93.1389331818
5972 87.6359939575
5972 87.6519680023
5964 88.2678031921
5964 87.6090526581
5961 88.1772041321
5961 89.6091461182
5961 88.2408618927
5949 90.3890132904
5921 88.5319709778
5921 89.5259380341
5921 88.4368419647
5891 88.5570049286
5891 87.8930091858
5891 88.6178016663
5891 88.2110595703
5856 91.9659137726
5856 88.4668827057
5856 88.2031917572
5856 88.310956955
5856 89.2770290375
5856 90.9671783447
5856 88.5961055756
5856 89.0908241272
5856 88.968038559
5856 88.5019302368
5854 87.3520374298
5854 90.833902359
5854 89.9720191956
5839 88.0479812622
5821 88.2661342621
5808 87.9800319672
5782 88.4349346161
5782 92.7150249481
5780 92.3719406128
5780 88.2890224457
5750 88.6459350586
5750 88.2041454315
5750 89.2071723938
5750 90.4860496521
5736 90.5449390411
5727 88.8018608093
5727 88.4079933167
5727 88.8268947601
5727 89.1990661621
5727 89.3499851227
5712 88.7670516968
5712 89.0810489655
5712 89.0939235687
5712 88.9019966125
5712 89.8320674896
5712 88.5229110718
5694 88.415145874
5673 90.3308391571
5673 88.6759757996
5668 88.7179374695
5657 93.6799049377
5657 89.6339416504
5637 92.8220748901
5631 89.8170471191
5631 89.7328853607
5629 90.3759002686
5624 90.133190155
5624 89.8368358612
5624 90.2910232544
5624 92.5331115723
5624 90.3828144073
5600 89.7419452667
5590 89.5290374756
5590 90.6138420105
5590 91.1231040955
5590 91.1228656769
5562 92.9169654846
5562 95.0400829315
5562 90.0831222534
5562 90.1379585266
5562 90.1219844818
5551 90.0020599365
5551 89.8449420929
5548 89.8549556732
5548 91.3310050964
5548 90.558052063
5537 94.2230224609
5537 100.173950195
5537 90.3577804565
5537 90.9550189972
5537 91.3090705872
5537 91.3169384003
5537 92.2710895538
5537 90.5091762543
5537 91.6340351105
5532 90.2371406555
5532 92.0531749725
5524 91.17603302
5524 91.7179584503
5524 91.9549465179
5524 90.7349586487
5515 91.6440486908
5509 92.1361446381
5509 96.6610908508
5509 92.2780036926
5509 91.5598869324
5498 91.9740200043
5498 91.1009311676
5497 91.5749073029
5476 96.9331264496
5476 96.8668460846
5474 101.41992569
5451 92.5130844116
5451 93.3248996735
5451 93.817949295
5438 93.1348800659
5438 97.3541736603
5427 92.9698944092
5427 92.6909446716
5427 94.8090553284
5427 93.5389995575
5427 93.1179523468
5421 93.318939209
5421 92.756986618
5421 93.1899547577
5421 93.5308933258
5413 97.0270633698
5413 92.7119255066
5413 93.5750007629
5406 93.2838916779
5406 99.4889736176
5406 99.4482040405
5406 93.0728912354
5379 96.0650444031
5379 94.3369865417
5379 93.9919948578
5363 94.6941375732
5363 93.8110351562
5302 93.9438343048
5302 93.2838916779
5302 94.6061611176
5302 94.5370197296
5302 94.8491096497
5302 93.4400558472
5302 94.3448543549
5302 99.6510982513
5302 94.4480895996
5302 95.2200889587
5302 93.8038825989
5302 93.6689376831
5284 95.6149101257
5284 95.0770378113
5283 95.0679779053
5283 94.8059558868
5283 94.5200920105
5271 94.2180156708
5271 96.1909294128
5271 99.4369983673
5271 94.6810245514
5271 94.8021411896
5267 94.2528247833
5267 95.134973526
5195 96.7149734497
5195 95.8569049835
5195 97.6939201355
5195 95.7329273224
5195 95.8619117737
5195 99.7068881989
5195 95.4320430756
5195 95.6621170044
5195 94.8650836945
5195 95.7119464874
5195 96.4691638947
5195 95.9141254425
5195 95.9169864655
5195 96.1670875549
5195 95.6280231476
5195 95.645904541
5186 96.204996109
5186 96.6300964355
5186 96.5139865875
5186 95.8139896393
5186 96.6911315918
5186 104.511022568
5186 97.011089325
5186 96.2290763855
5179 96.05884552
5179 96.7819690704
5174 96.8840122223
5155 103.358983994
5155 97.9700088501
5155 97.8360176086
5146 97.6629257202
5146 95.9601402283
5108 102.824926376
5108 96.9209671021
5108 96.4288711548
5103 96.8680381775
5096 97.8620052338
5096 97.4938869476
5062 97.4090099335
5060 97.2380638123
5060 98.5279083252
5060 97.6221561432
5055 96.5971946716
5055 97.4068641663
5055 98.3908176422
5050 98.7310409546
5050 97.6829528809
5050 97.9390144348
5050 97.7840423584
5050 97.3479747772
5050 99.12109375
5050 98.5472202301
5050 97.6629257202
5050 99.1921424866
5050 97.92304039
5050 100.207090378
5050 108.916044235
5050 99.543094635
5050 99.7779369354
5050 98.6888408661
5050 98.3240604401
5050 99.0409851074
5039 98.9730358124
5039 98.8612174988
5031 98.4790325165
5022 99.0579128265
4999 99.2960929871
4999 99.466085434
4999 99.5101928711
4999 99.133014679
4973 98.6320972443
4973 99.0869998932
4962 98.7510681152
4962 98.6478328705
4962 100.286006927
4962 102.545976639
4962 100.332021713
4962 99.6539592743
4962 100.033998489
4962 99.7478961945
4962 106.417894363
4958 101.726055145
4941 105.577945709
4941 99.328994751
4941 99.8339653015
4941 101.042032242
4934 99.4901657104
4934 99.8480319977
4934 99.7169017792
4934 99.6060371399
4919 99.2209911346
4918 104.657173157
4918 100.583076477
4918 99.4100570679
4914 99.5781421661
4914 102.072000504
4879 105.749845505
4869 99.9829769135
4869 99.6260643005
4869 99.9240875244
4869 101.002931595
4869 110.039949417
4869 100.886106491
4869 103.679180145
4840 103.358983994
4840 102.000951767
4820 101.655006409
4817 100.737810135
4817 100.656986237
4817 100.476980209
4817 101.30906105
4817 104.841947556
4817 100.582122803
4804 100.654125214
4801 100.910902023
4801 101.090908051
4794 101.03392601
4794 101.202964783
4789 101.125001907
4789 101.347923279
4789 102.68497467
4789 101.421117783
4785 101.598978043
4785 103.192090988
4767 103.168010712
4767 103.015899658
4765 101.344108582
4765 102.961063385
4765 102.663993835
4765 102.424860001
4765 103.634119034
4765 102.787971497
4763 107.228040695
4749 104.546785355
4749 103.85799408
4744 103.507041931
4744 103.308916092
4744 108.566045761
4731 103.846073151
4731 104.363918304
4731 109.163045883
4731 103.380918503
4730 108.729124069
4730 104.496002197
4728 105.871915817
4723 104.758024216
4723 104.274988174
4723 105.298995972
4699 104.942083359
4699 108.94203186
4699 118.359088898
4699 123.700141907
4699 113.065004349
4699 110.295057297
4699 107.911109924
4699 116.698026657
4699 112.533807755
4699 114.300012589
4699 116.152048111
4688 117.443084717
4680 105.412960052
4680 109.23910141
4667 107.63001442
4664 107.064962387
4660 105.897903442
4660 107.777118683
4642 107.408046722
4642 112.618923187
4642 107.606887817
4642 107.589006424
4642 108.561992645
4634 109.772920609
4632 111.520051956
4618 111.871004105
4618 106.179952621
4616 105.558872223
4609 107.530117035
4609 106.684207916
4599 106.604099274
4599 109.085083008
4599 113.049030304
4599 111.470937729
4594 106.416940689
4594 108.119010925
4586 116.297006607
4579 119.452953339
4579 112.732887268
4579 113.87014389
4579 118.15404892
4579 122.600078583
4579 117.251873016
4558 118.91412735
4558 116.938114166
4558 118.206977844
4558 114.656925201
4558 129.379034042
4541 129.609823227
4541 122.11894989
4541 116.154909134
4541 119.292974472
4541 115.033864975
4541 113.972902298
4541 109.669923782
4541 107.908010483
4539 108.094930649
4539 108.121156693
4539 107.23900795
4524 107.865095139
4503 112.341880798
4478 113.203048706
4478 118.850946426
4478 109.579086304
4459 108.919143677
4459 108.350038528
4459 107.887029648
4459 112.747907639
4459 109.070062637
4452 108.443975449
4450 107.927799225
4450 108.188152313
4450 109.665870667
4449 108.551025391
4449 107.927083969
4449 108.253002167
4449 108.62493515
4417 111.596822739
4417 109.548091888
4417 108.399868011
4417 108.366966248
4417 109.881877899
4417 109.027862549
4417 108.207941055
4417 108.810901642
4417 108.235836029
4417 109.178066254
4417 107.420921326
4405 108.467102051
4405 108.793973923
4405 109.247922897
4405 113.664865494
4405 112.973928452
4405 109.556913376
4405 108.40177536
4405 109.759807587
4404 110.591888428
4404 110.088825226
4404 109.369039536
4404 109.898805618
4404 110.237121582
4404 117.771863937
4404 112.498998642
4404 109.045028687
4404 109.693050385
4404 114.117145538
4398 109.444856644
4394 109.351873398
4394 110.912084579
4394 110.124111176
4394 112.348079681
4394 109.024047852
4394 109.110832214
4394 111.008167267
4394 110.702991486
4394 113.570213318
4394 109.885931015
4394 110.337972641
4382 110.615968704
4382 110.445022583
4382 110.221862793
4382 110.768079758
4379 111.683130264
4379 110.764026642
4379 110.836982727
4379 110.654115677
4379 111.514091492
4379 111.274957657
4379 115.772008896
4379 113.15202713
4379 111.282110214
4379 112.020969391
4379 111.000061035
4379 111.011981964
4379 110.468864441
4379 110.485076904
4371 110.929012299
4371 110.316991806
4371 119.659900665
4371 112.046003342
4371 112.643957138
4363 115.862131119
4363 110.395908356
4363 111.251115799
4363 111.752986908
4363 112.487077713
4363 111.723899841
4363 115.94414711
4363 111.742019653
4363 112.297058105
4363 111.444950104
4360 111.628055573
4360 110.940217972
4355 111.434936523
4355 114.175081253
4352 113.403081894
4352 111.485958099
4352 115.700960159
4352 112.52117157
4343 110.918998718
4337 111.339092255
4334 111.620187759
4334 112.407922745
4334 112.206935883
4320 117.291927338
4320 112.223863602
4320 112.244129181
4320 112.524032593
4320 111.482858658
4320 112.412929535
4320 111.663103104
4316 112.351894379
4316 112.187147141
4316 113.341093063
4316 113.008975983
4316 112.926006317
4316 113.042831421
4316 115.170955658
4316 114.718914032
4308 112.966060638
4305 113.632917404
4298 113.821983337
4267 115.614891052
4267 112.75601387
4267 112.640142441
4267 114.279985428
4267 112.481832504
4267 115.895032883
4267 112.406015396
4267 113.556146622
4262 113.322019577
4262 114.683151245
4255 114.435195923
4255 116.405963898
4255 114.701986313
4240 118.862867355
4240 115.32998085
4240 115.49282074
4240 114.342927933
4240 114.129066467
4240 114.274024963
4240 114.280939102
4240 115.941047668
4239 114.822149277
4239 115.417957306
4239 115.370035172
4239 117.548942566
4239 117.377996445
4239 114.491939545
4239 114.300012589
4239 122.717857361
4239 114.890813828
4239 114.567995071
4239 114.722013474
4217 121.160030365
4217 115.168094635
4217 114.384174347
4210 115.646123886
4205 114.749908447
4191 115.676879883
4167 116.236925125
4167 115.730047226
4167 115.291833878
4167 116.529941559
4167 120.367050171
4166 114.723920822
4166 118.048191071
4166 115.22603035
4166 119.270086288
4166 115.909814835
4160 115.581989288
4160 116.125106812
4160 119.94600296
4160 116.326093674
4160 115.347862244
4160 119.477033615
4160 116.528987885
4160 115.212202072
4160 114.958047867
4160 115.612983704
4160 121.299028397
4160 115.888834
4160 116.446971893
4160 116.22595787
4157 117.145061493
4157 116.766929626
4157 116.318941116
4132 116.053104401
4124 116.054773331
4124 117.367982864
4124 121.46115303
4124 115.716934204
4123 115.417003632
4119 119.519948959
4118 116.373062134
4118 116.856098175
4118 117.234945297
4118 118.144035339
4118 122.120141983
4118 116.739034653
4118 116.15395546
4118 117.493867874
4118 117.238044739
4118 116.883993149
4118 117.440223694
4118 116.769075394
4118 118.076086044
4118 118.032932281
4116 120.873212814
4104 116.65892601
4104 123.780012131
4104 118.321895599
4104 118.372917175
4104 121.001958847
4104 117.901086807
4104 118.858098984
4104 124.315023422
4104 117.926836014
4104 117.942094803
4104 117.656946182
4092 117.070913315
4092 117.999076843
4092 117.995023727
4049 118.942975998
4049 118.217945099
4049 122.14589119
4049 118.046045303
4049 118.937969208
4049 118.87216568
4036 117.829084396
4036 118.01981926
4036 119.256973267
4036 117.514848709
4031 118.672847748
4010 118.389844894
4010 118.980169296
4010 118.185043335
3976 118.054866791
3975 118.264913559
3975 118.876934052
3975 118.479013443
3975 118.479967117
3970 119.047880173
3970 118.283033371
3970 118.613958359
3955 118.373155594
3955 119.199991226
3955 118.765115738
3945 120.431900024
3945 119.207859039
3945 123.480081558
3945 119.37212944
3938 124.574899673
3938 119.508981705
3936 119.149923325
3936 118.324995041
3933 120.34702301
3910 125.114917755
3910 118.335962296
3890 122.105836868
3890 119.446992874
3878 120.043992996
3878 119.287014008
3862 119.369029999
3851 120.46289444
3851 120.384931564
3851 119.407176971
3851 118.746042252
3851 118.484973907
3851 120.136976242
3851 118.853092194
3851 118.953943253
3851 119.608163834
3851 120.938062668
3844 120.391130447
3844 120.297908783
3844 120.622873306
3844 120.929002762
3844 128.554105759
