4175 36.1609458923
4175 39.7300720215
4172 35.5830192566
4130 35.9289646149
4130 35.6040000916
4129 36.4558696747
4122 39.4921302795
4100 36.4551544189
4100 36.5750789642
4098 36.169052124
4091 36.5271568298
4058 38.3040904999
4058 36.8540287018
3993 36.7519855499
3968 36.3290309906
3950 38.3388996124
3938 40.6339168549
3938 40.4860973358
3938 36.6308689117
3937 41.1059856415
3921 37.159204483
3921 37.1761322021
3921 41.6538715363
3897 35.8681678772
3897 35.6540679932
3888 35.7060432434
3888 40.7209396362
3885 35.9001159668
3864 36.2010002136
3864 36.1258983612
3864 35.8469486237
3864 36.1051559448
3864 36.612033844
3858 35.667181015
3858 35.660982132
3858 35.8438491821
3858 35.9160900116
3806 35.8319282532
3806 35.5031490326
3769 35.8278751373
3757 35.7360839844
3721 35.7038974762
3721 36.4141464233
3714 35.6440544128
3714 35.9499454498
3714 37.7202033997
3712 36.6740226746
3712 36.0970497131
3712 36.2570285797
3704 37.2121334076
3704 36.71002388
3704 41.4431095123
3704 37.0099544525
3697 39.626121521
3613 37.4321937561
3613 36.6599559784
3588 37.5490188599
3584 39.3400192261
3567 37.2869968414
3544 36.9122028351
3532 36.9420051575
3520 37.0740890503
3520 37.0531082153
3496 37.8980636597
3495 37.4841690063
3495 38.1698608398
3481 37.7669334412
3481 37.7469062805
3481 37.6930236816
3481 37.8739833832
3469 37.6360416412
3469 37.8971099854
3469 38.1078720093
3469 38.7830734253
3469 38.1760597229
3464 37.9438400269
3464 37.8499031067
3458 37.8758907318
3446 37.3821258545
3446 38.2568836212
3446 38.0780696869
3422 38.1109714508
3405 37.9829406738
3403 37.6739501953
3403 37.8751754761
3403 37.8210544586
3403 38.3870601654
3399 41.3310527802
3397 38.8441085815
3396 38.3081436157
3396 38.7468338013
3359 38.5429859161
3359 39.0589237213
3348 38.861989975
3348 39.3331050873
3335 39.3221378326
3335 40.0681495667
3335 38.7539863586
3335 38.733959198
3323 38.675069809
3323 38.7470722198
3323 41.0070419312
3323 38.635969162
3323 38.4449958801
3323 38.4089946747
3282 41.3808822632
3273 43.4830188751
3273 38.8038158417
3262 38.9010906219
3262 39.412021637
3262 39.055109024
3262 39.1819477081
3262 39.2551422119
3259 38.9730930328
3259 40.6239032745
3257 40.0650501251
3257 39.4251346588
3257 39.7679805756
3241 40.0860309601
3241 39.8240089417
3241 40.1639938354
3241 40.333032608
3241 40.2700901031
3221 40.1561260223
3221 47.5988388062
3221 41.6820049286
3221 40.0679111481
3218 41.2609577179
3215 40.5068397522
3205 40.4591560364
3189 40.2729511261
3184 41.1579608917
3184 40.8360958099
3184 40.9841537476
3184 42.6771640778
3184 41.7709350586
3184 40.4100418091
3184 40.3759479523
3184 45.646905899
3169 41.1319732666
3169 41.3100719452
3169 42.4890518188
3169 41.3591861725
3169 40.9240722656
3169 43.0061817169
3169 42.2739982605
3169 42.487859726
3169 43.4770584106
3168 41.4311885834
3168 40.4930114746
3154 40.4148101807
3154 41.1548614502
3154 40.7750606537
3154 40.6649112701
3154 41.2821769714
3115 41.3110256195
3113 40.7328605652
3102 41.1720275879
3102 41.7578220367
3097 40.8191680908
3097 41.9509410858
3097 41.0730838776
3033 41.4819717407
3033 41.4860248566
3033 41.9368743896
3033 41.9759750366
3020 42.3920154572
3020 41.6040420532
3020 41.7749881744
3018 41.4068698883
3009 41.3258075714
3009 41.5079593658
3007 46.2679862976
3000 42.3231124878
3000 42.4211025238
3000 46.783208847
3000 45.5060005188
3000 41.6231155396
3000 42.3948764801
3000 41.8219566345
3000 42.3929691315
2993 44.312953949
2993 43.5860157013
2993 43.5390472412
2981 43.557882309
2981 43.4119701385
2981 45.7718372345
2981 43.4501171112
2981 43.9119338989
2956 43.7161922455
2956 43.5230731964
2950 43.4858798981
2950 43.8098907471
2950 44.3689823151
2950 45.0570583344
2939 48.9249229431
2939 44.4340705872
2939 43.8311100006
2921 44.6610450745
2921 44.8710918427
2921 44.5580482483
2921 44.3971157074
2910 44.0020561218
2910 44.1269874573
2888 44.9781417847
2888 44.2249774933
2883 45.2959537506
2883 47.7669239044
2883 45.471906662
2883 46.1640357971
2883 45.569896698
2883 49.2269992828
2883 45.8199977875
2883 45.0098514557
2880 45.4289913177
2880 45.1381206512
2880 45.6340312958
2880 46.9779968262
2874 48.5110282898
2874 45.3431606293
2874 46.2000370026
2874 45.6840991974
2874 46.1928844452
2874 46.374797821
2874 46.5199947357
2865 45.9969043732
2865 45.716047287
2865 46.1890697479
2846 45.7220077515
2846 46.2739467621
2815 46.0948944092
2810 45.5119609833
2810 49.6890544891
2810 46.1599826813
2810 46.3378429413
2810 45.7439422607
2810 46.1049079895
2810 46.2260246277
2810 47.9440689087
2810 51.2847900391
2810 45.7019805908
2809 45.2978610992
2809 45.893907547
2809 46.4990139008
2809 46.8571186066
2809 51.3789653778
2809 47.5399494171
2809 47.2149848938
2805 43.6730384827
2805 43.6480045319
2805 44.1219806671
2805 44.1558361053
2805 44.1191196442
2805 44.5070266724
2801 44.1150665283
2801 44.0049171448
2801 45.0119972229
2801 44.5618629456
2778 44.6679592133
2778 45.0069904327
2762 49.5669841766
2762 44.7859764099
2762 44.723033905
2762 44.3639755249
2762 45.6161499023
2762 44.8000431061
2762 47.9881763458
2743 44.5749759674
2743 44.5928573608
2743 44.5380210876
2743 45.254945755
2720 45.7029342651
2713 44.8861122131
2713 45.3279018402
2713 45.1428890228
2711 47.6830005646
2700 45.9141731262
2700 45.3119277954
2700 45.8250045776
2681 45.8891391754
2681 45.6910133362
2678 47.4889278412
2678 45.8879470825
2678 45.7890033722
2676 45.7298755646
2676 45.5858707428
2676 47.1930503845
2676 46.1859703064
2676 50.0400066376
2676 45.5269813538
2676 45.7520484924
2676 46.6449260712
2676 47.4469661713
2676 46.875
2676 46.5500354767
2676 46.5919971466
2671 46.8099117279
2651 46.8618869781
2651 46.5741157532
2651 46.5731620789
2651 47.6670265198
2651 46.5710163116
2651 46.5939044952
2651 46.5879440308
2643 47.7480888367
2628 46.9379425049
2628 47.1279621124
2628 46.7851161957
2628 46.9949245453
2628 47.7299690247
2626 47.2240447998
2585 47.031879425
2585 47.8980541229
2574 53.9071559906
2574 47.7380752563
2553 47.6012229919
2553 47.9249954224
2511 48.51603508
2511 48.0999946594
2511 47.9118824005
2511 47.5759506226
2505 47.5480556488
2491 47.5890636444
2491 47.8799343109
2491 48.0740070343
2474 47.9111671448
2474 50.5619049072
2474 49.9119758606
2474 49.2091178894
2456 51.2969493866
2456 53.9569854736
2456 48.2728481293
2456 48.7239360809
2456 48.5520362854
2456 48.318862915
2456 48.2778549194
2456 48.7310886383
2456 48.583984375
2456 49.9360561371
2456 48.5241413116
2456 48.8300323486
2456 48.4011173248
2456 51.0630607605
2456 49.2179393768
2456 50.6720542908
2456 50.8801937103
2445 50.7569313049
2445 53.8928508759
2445 50.7788658142
2445 49.6850013733
2428 49.9868392944
2420 52.1879196167
2409 52.1881580353
2409 51.6450405121
2404 48.8600730896
2401 48.7518310547
2401 51.8548488617
2401 49.2520332336
2398 49.6959686279
2398 49.8812198639
2398 49.3741035461
2398 52.757024765
2398 49.8199462891
2383 50.0340461731
2381 49.4148731232
2381 49.7710704803
2381 49.6439933777
2378 49.9031543732
2378 54.2209148407
2378 49.7720241547
2378 50.1899719238
2373 49.6950149536
2373 50.8141517639
2373 50.3571033478
2373 50.4930019379
2373 51.9790649414
2373 51.5999794006
2373 50.3950119019
2373 50.528049469
2373 55.1640987396
2373 52.2110462189
2370 50.439119339
2358 50.8949756622
2358 50.6219863892
2351 50.3489971161
2337 50.2409934998
2317 50.4620075226
2313 50.2400398254
2313 50.7020950317
2313 50.9390830994
2313 50.9750843048
2304 50.4949092865
2304 50.7102012634
2304 50.5878925323
2304 50.5828857422
2304 51.1519908905
2300 50.9231090546
2300 50.6868362427
2300 50.9757995605
2300 50.5919456482
2300 50.3468513489
2300 50.6699085236
2300 50.7950782776
2300 51.2120723724
2300 50.3621101379
2300 50.4720211029
2251 50.6520271301
2246 50.3489971161
2246 54.3169975281
2246 53.4121990204
2241 51.7179965973
2234 52.6490211487
2234 51.2750148773
2231 50.7481098175
2224 50.5540370941
2224 50.9951114655
2224 50.7249832153
2223 56.079864502
2223 51.9018173218
2223 50.6880283356
2223 50.7619380951
2223 50.8921146393
2223 51.3401031494
2223 51.1829853058
2213 51.6719818115
2213 51.1639118195
2213 51.3401031494
2213 51.3501167297
2213 58.9129924774
2213 52.2789955139
2213 51.4991283417
2213 51.3231754303
2213 51.3679981232
2213 53.4160137177
2208 56.7870140076
2208 53.4279346466
2199 51.9850254059
2199 52.0088672638
2199 51.9330501556
2199 51.6860485077
2199 52.029132843
2199 51.9559383392
2199 54.4729232788
2199 52.3929595947
2199 56.7588806152
2199 52.1709918976
2187 52.2420406342
2147 52.9870986938
2136 57.028055191
2136 52.2179603577
2136 52.2429943085
2136 52.1039962769
2136 52.9630184174
2136 53.099155426
2136 52.6340007782
2136 54.347038269
2136 52.582025528
2124 52.9501438141
2124 56.4320087433
2112 53.1439781189
2098 52.3188114166
2098 52.3629188538
2098 52.3090362549
2091 52.2980690002
2091 53.0960559845
2091 52.4799823761
2083 53.1408786774
2083 52.5350570679
2074 53.5218715668
2071 53.0350208282
2071 57.7609539032
2071 53.0188083649
2071 52.864074707
2069 52.7079105377
2069 54.6581745148
2069 53.0700683594
2069 52.7999401093
2069 53.3399581909
2069 52.9918670654
2069 52.7880191803
2059 54.2378425598
2059 52.9999732971
2059 53.2591342926
2059 52.8750419617
2059 53.1170368195
2059 53.619146347
2059 53.099155426
2041 54.2449951172
2041 53.6489486694
2035 53.6248683929
2035 53.6301136017
2035 53.7669658661
2035 54.9750328064
2035 53.9600849152
2035 54.0499687195
2035 53.7230968475
2035 54.2612075806
2035 54.2371273041
2035 53.7600517273
2035 53.582906723
2035 53.7021160126
2035 53.7490844727
2035 54.7258853912
2035 54.1648864746
2035 54.102897644
2035 54.368019104
1989 54.4669628143
1989 54.5220375061
1989 54.9411773682
1989 60.3039264679
1989 55.8128356934
1978 56.0200214386
1978 54.890871048
1978 54.7549724579
1976 55.0000667572
1969 54.6970367432
1969 54.8701286316
1969 55.046081543
1969 55.419921875
1969 54.6770095825
1969 55.7811260223
1969 57.0108890533
1969 60.084104538
1969 54.5790195465
1969 55.2799701691
1969 55.1850795746
1969 55.2020072937
1969 55.0119876862
1969 55.1240444183
1961 55.8080673218
1961 55.4778575897
1954 55.0270080566
1954 55.135011673
1954 55.074930191
1954 55.1900863647
1954 56.2610626221
1954 55.2010536194
1944 55.1538467407
1944 55.459022522
1944 55.6809902191
1935 56.5330982208
1935 56.4877986908
1935 56.4987659454
1922 56.2009811401
1922 58.8359832764
1918 58.8550567627
1918 56.9460391998
1918 56.4529895782
1918 56.8659305573
1915 57.1391582489
1915 57.4061870575
1915 57.208776474
1913 59.5700740814
1894 58.2101345062
1894 56.6890239716
1884 56.941986084
1884 56.9689273834
1884 57.7611923218
1879 57.30509758
1879 58.2201480865
1879 57.4300289154
1879 57.3668479919
1879 57.4080944061
1879 57.48295784
1879 61.9850158691
1879 58.4008693695
1879 57.3868751526
1879 57.7731132507
1879 58.5310459137
1879 57.5339794159
1879 57.6751232147
1879 57.4278831482
1879 61.1279010773
1879 59.2529773712
1879 58.4180355072
1877 57.8289031982
1877 58.0739974976
1877 58.0749511719
1873 57.9178333282
1870 58.0110549927
1868 58.089017868
1868 59.7259998322
1868 57.9428672791
1847 59.1588020325
1847 59.1180324554
1836 59.3259334564
1836 59.1940879822
1836 58.5551261902
1836 58.5489273071
1836 58.6180686951
1836 59.8320960999
1836 59.8170757294
1834 59.152841568
1834 59.3459606171
1832 59.3371391296
1822 63.8959407806
1822 59.8289966583
1822 59.552192688
1822 60.2641105652
1818 60.5700016022
1818 60.0798130035
1818 61.1851215363
1818 60.5888366699
1814 60.7409477234
1813 60.8489513397
1813 60.252904892
1813 61.0229969025
1807 60.3058338165
1807 60.6830120087
1793 60.1139068604
1780 60.4050159454
1780 61.2080097198
1780 60.5750083923
1767 60.4770183563
1767 60.5580806732
1767 60.2509975433
1767 65.1829242706
1765 62.1931552887
1765 61.4318847656
1762 61.4280700684
1762 61.4371299744
1762 61.7649555206
1762 60.5711936951
1757 60.3511333466
1757 62.1590614319
1757 65.9508705139
1747 61.7771148682
1747 60.8611106873
1747 61.4840984344
1740 62.3140335083
1740 64.7060871124
1735 61.959028244
1735 61.6171360016
1735 66.2639141083
1735 61.0990524292
1735 63.404083252
1735 62.0408058167
1728 61.6590976715
1728 61.7458820343
1728 61.9201660156
1728 63.9410018921
1728 65.3669834137
1728 64.6109580994
1722 61.9809627533
1722 61.9578361511
1722 61.949968338
1709 63.4541511536
1709 61.7771148682
1706 62.4289512634
1706 62.1449947357
1706 62.3619556427
1705 66.1790370941
1705 62.6511573792
1705 62.4339580536
1705 61.9151592255
1705 62.6409053802
1705 65.0308132172
1704 62.1211528778
1698 61.8810653687
1698 61.8081092834
1698 63.2200241089
1692 62.3168945312
1692 62.2229576111
1692 62.2270107269
1692 62.5140666962
1692 63.4560585022
1692 62.3910427094
1692 62.3290538788
1692 67.2008991241
1692 63.3828639984
1692 63.2898807526
1692 63.8449192047
1686 64.7358894348
1682 63.4689331055
1682 63.7218952179
1682 62.8199577332
1682 63.9259815216
1679 63.273191452
1679 67.5549507141
1673 63.0941390991
1673 68.3660507202
1673 65.0150775909
1673 63.6570453644
1673 64.0668869019
1660 63.8580322266
1645 63.6827945709
1645 64.1601085663
1645 64.5499229431
1643 63.7421607971
1633 69.6561336517
1633 65.4718875885
1633 64.2938613892
1633 63.572883606
1633 63.7290477753
1633 63.6959075928
1629 63.9510154724
1629 64.441204071
1627 68.9680576324
1616 64.4130706787
1616 64.3889904022
1616 64.6228790283
1616 64.0940666199
1616 63.9910697937
1616 64.6378993988
1610 69.9918270111
1610 64.5899772644
1610 63.8790130615
1610 66.5860176086
1610 64.2750263214
1598 64.1028881073
1598 63.9500617981
1598 69.2100524902
1598 64.9530887604
1598 64.5990371704
1598 64.877986908
1598 65.4008388519
1598 63.9090538025
1598 69.0591335297
1598 65.6831264496
1598 65.2899742126
1597 64.3470287323
1577 64.3591880798
1577 67.568063736
1577 68.6569213867
1577 66.1270618439
1577 65.4299259186
1577 64.7308826447
1577 64.9709701538
1577 68.3128833771
1577 65.8049583435
1574 65.8061504364
1570 66.5681362152
1570 65.9070014954
1570 65.6509399414
1570 66.4830207825
1570 71.417093277
1570 65.8910274506
1570 65.7389163971
1565 65.4411315918
1565 65.8140182495
1565 65.7849311829
1565 66.0040378571
1565 72.2341537476
1565 72.6180076599
1562 66.0800933838
1562 66.2078857422
1562 66.1818981171
1562 66.2500858307
1562 69.9169635773
1556 66.3571357727
1556 66.456079483
1556 65.9220218658
1556 66.4939880371
1556 66.0560131073
1556 66.7240619659
1556 66.4439201355
1556 66.5550231934
1553 67.5439834595
1553 70.8789825439
1553 67.2280788422
1546 66.8408870697
1546 66.6139125824
1546 66.7209625244
1546 68.286895752
1546 67.4970149994
1546 67.1901702881
1546 67.1150684357
1546 67.7258968353
1544 67.0130252838
1544 67.2869682312
1544 69.2799091339
1544 67.9140090942
1544 67.8470134735
1544 67.0430660248
1544 67.4140453339
1544 66.7939186096
1544 66.7490959167
1544 66.5650367737
1544 71.6440677643
1544 69.3957805634
1544 67.2972202301
1544 67.0890808105
1544 72.1781253815
1544 68.9570903778
1544 68.6850547791
1544 67.8038597107
1544 68.3588981628
1541 68.3259963989
1541 68.274974823
1541 67.7709579468
1541 68.498134613
1541 68.2010650635
1541 68.4070587158
1541 68.3150291443
1541 68.6709880829
1541 68.5639381409
1541 73.3029842377
1538 68.2728290558
1538 68.8610076904
1538 69.4410800934
1538 69.0591335297
1538 69.8628425598
1534 71.5708732605
1534 69.4251060486
1534 69.4179534912
1534 69.1859722137
1534 69.6680545807
1534 69.0979957581
1534 69.15807724
1534 69.9920654297
1534 68.7599182129
1534 73.6198425293
1534 70.8320140839
1534 69.776058197
1534 75.1340389252
1534 69.9398517609
1534 69.7531700134
1534 73.8110542297
1534 69.5071220398
1534 69.1170692444
1534 69.2942142487
1529 69.8568820953
1529 69.5381164551
1529 76.201915741
1529 69.9999332428
1494 69.9291229248
1494 72.0901489258
1494 69.5519447327
1494 69.7951316833
1494 69.6377754211
1494 70.4848766327
1494 69.5340633392
1483 69.9319839478
1483 70.6720352173
1483 70.0080394745
1483 70.5649852753
1483 70.7271099091
1483 70.0268745422
1483 70.3160762787
1478 71.0420608521
1470 70.8539485931
1467 71.564912796
1467 71.7961788177
1462 71.949005127
1462 72.0889568329
1462 72.3011493683
1462 72.1929073334
1462 72.8249549866
1462 73.3969211578
1462 76.4660835266
1462 74.7740268707
1462 72.6580619812
1462 71.7329978943
1456 76.2500762939
1456 72.3989009857
1456 73.1830596924
1452 77.9359340668
1452 72.8042125702
1452 72.3350048065
1452 72.3099708557
1452 72.2110271454
1452 72.0810890198
1452 77.1639347076
1452 71.4302062988
1452 71.8069076538
1452 71.986913681
1452 71.8739032745
1452 72.2010135651
1452 72.8569030762
1452 72.3249912262
1452 71.9549655914
1452 72.4220275879
1452 73.2970237732
1452 73.3277797699
1452 73.0781555176
1443 73.4951496124
1443 72.9191303253
1443 72.0841884613
1441 72.0901489258
1437 73.7838745117
1437 72.3121166229
1429 72.9160308838
1429 73.6980438232
1429 72.9398727417
1429 73.2669830322
1429 73.4479427338
1421 73.5421180725
1421 73.5528469086
1421 75.3049850464
1421 73.0230808258
1421 77.3589611053
1421 73.1339454651
1421 73.4889507294
1421 73.4050273895
1421 73.4221935272
1421 73.7299919128
1421 72.4999904633
1421 73.4250545502
1421 73.9221572876
1421 73.714017868
1421 74.404001236
1421 73.5750198364
1421 73.8890171051
1421 74.7861862183
1421 73.9018917084
1421 74.7971534729
1421 74.6688842773
1421 74.8529434204
1421 74.9821662903
1421 75.8287906647
1421 75.464963913
1421 74.4159221649
1421 74.8348236084
1421 75.0398635864
1420 74.8410224915
1416 74.5830535889
1416 75.7660865784
1416 74.6700763702
1416 74.3978023529
1416 75.2420425415
1416 75.3200054169
1416 74.3179321289
1416 74.728012085
1416 75.1469135284
1416 75.7739543915
1416 74.5251178741
1416 75.7811069489
1416 74.4700431824
1416 76.2450695038
1414 75.5190849304
1413 78.5620212555
1413 76.2679576874
1413 74.9189853668
1413 76.2741565704
1413 75.3650665283
1413 77.9659748077
1413 75.8948326111
1413 75.0069618225
1413 74.9590396881
1413 75.3619670868
1413 76.1008262634
1413 75.021982193
1413 75.6781101227
1413 77.2159099579
1386 77.0599842072
1386 75.3200054169
1386 75.2849578857
1386 75.3178596497
1386 75.5429267883
1386 76.57289505
1377 75.9160518646
1377 76.0989189148
1377 80.4760456085
1377 77.0738124847
1377 76.1170387268
1377 75.788974762
1377 76.2569904327
1377 75.6750106812
1353 75.4940509796
1353 76.2269496918
1353 80.8820724487
1353 75.7079124451
1353 75.8759975433
1353 77.3520469666
1353 76.5190124512
1353 75.6199359894
1352 80.8238983154
1352 76.5559673309
1352 76.7691135406
1352 76.6911506653
1352 81.8428993225
1352 76.7462253571
1352 76.0989189148
1351 76.4122009277
1351 76.6000747681
1351 78.1280994415
1351 76.2269496918
1351 77.3830413818
1351 77.269077301
1351 79.0390968323
1347 79.4069766998
1347 78.1919956207
1343 78.9749622345
1343 83.1470489502
1327 77.6488780975
1327 76.7951011658
1327 81.8250179291
1327 78.6728858948
1327 79.8859596252
1327 85.3369235992
1327 82.4110507965
1327 77.3339271545
1327 77.3220062256
1327 78.2220363617
1327 79.4930458069
1327 79.1108608246
1327 78.9301395416
1327 77.7270793915
1327 77.7170658112
1327 77.7170658112
1327 78.6881446838
