241 1.48296356201
241 1.42478942871
232 1.57690048218
200 1.50895118713
190 1.50299072266
176 1.59096717834
176 1.7421245575
164 1.5721321106
164 1.58405303955
164 1.81293487549
164 1.78289413452
164 1.82509422302
155 1.87206268311
155 1.90591812134
155 1.93500518799
155 1.97219848633
155 2.02918052673
155 2.05683708191
145 2.14099884033
145 2.17700004578
145 2.1870136261
145 2.20394134521
145 2.23016738892
145 2.22516059875
140 2.22182273865
140 2.22396850586
140 2.54607200623
140 2.29787826538
120 2.37202644348
120 2.39992141724
120 2.51817703247
120 2.51007080078
120 2.43306159973
105 2.5429725647
105 2.54797935486
105 2.56299972534
105 2.58111953735
105 2.59780883789
102 2.53701210022
84 2.59518623352
84 3.28516960144
84 2.81190872192
84 2.6969909668
84 2.68793106079
84 2.71606445312
84 2.73895263672
84 2.75993347168
84 2.76398658752
84 2.75707244873
82 2.8018951416
82 2.83312797546
82 2.8350353241
82 2.84695625305
82 3.61585617065
71 4.45890426636
64 3.77106666565
64 3.37386131287
64 3.33499908447
64 4.16898727417
64 4.4150352478
64 4.13703918457
64 3.67283821106
64 3.6678314209
64 3.69906425476
64 3.6940574646
64 3.72910499573
64 3.71193885803
64 3.79991531372
64 3.79180908203
64 3.73101234436
64 3.69906425476
64 3.7522315979
64 3.76510620117
64 3.79395484924
64 3.84306907654
56 3.87597084045
56 3.91411781311
56 3.97706031799
56 3.98802757263
56 4.10985946655
56 4.23192977905
56 4.27389144897
56 4.30607795715
56 4.41694259644
56 4.44889068604
56 4.46200370789
56 4.54998016357
56 4.59289550781
56 4.59098815918
56 4.61196899414
56 4.61792945862
56 4.72021102905
56 4.73308563232
56 4.75597381592
56 4.86993789673
56 4.73213195801
56 4.78196144104
56 4.87279891968
56 4.91499900818
56 4.90403175354
56 4.92811203003
56 4.93884086609
56 4.95195388794
56 4.99987602234
56 5.20491600037
56 5.09309768677
52 5.32913208008
52 5.29885292053
52 5.44095039368
52 5.46813011169
48 4.58693504333
48 4.58407402039
48 4.63199615479
48 4.61196899414
48 5.5730342865
48 5.55181503296
48 4.84991073608
48 4.59408760071
48 4.66299057007
48 5.99598884583
48 5.99312782288
48 5.04803657532
48 4.97603416443
48 4.9889087677
48 4.99987602234
48 5.01799583435
47 4.57906723022
47 4.97102737427
47 7.05289840698
47 5.23400306702
47 4.63891029358
47 4.76098060608
47 4.68111038208
47 4.70614433289
47 4.70495223999
47 4.81605529785
47 6.422996521
47 5.10215759277
47 4.81510162354
47 4.84800338745
47 4.84895706177
47 4.8770904541
47 4.88805770874
47 4.89020347595
47 4.89687919617
47 4.92882728577
42 7.61008262634
42 5.95283508301
42 5.14602661133
42 5.20205497742
42 5.14006614685
42 5.15198707581
40 5.64002990723
40 5.69796562195
40 5.71990013123
39 5.90777397156
39 5.92088699341
39 5.93495368958
39 5.9449672699
39 7.69281387329
39 7.40313529968
39 6.09803199768
39 7.57694244385
39 7.06100463867
39 6.00790977478
39 6.03890419006
39 6.03795051575
39 6.04009628296
39 6.07514381409
39 6.08515739441
39 6.10589981079
39 6.12115859985
39 6.18505477905
39 6.20198249817
39 6.05583190918
39 6.91294670105
39 7.17115402222
39 6.27994537354
39 6.28590583801
39 6.2849521637
39 6.34908676147
39 7.572889328
39 7.404088974
39 6.23106956482
39 8.45098495483
39 7.48181343079
39 6.3328742981
39 6.28399848938
39 6.29305839539
39 9.26494598389
39 6.74390792847
39 6.36887550354
39 6.37888908386
39 6.38508796692
39 6.39605522156
39 6.43110275269
36 6.64591789246
36 8.04686546326
36 7.91096687317
36 6.73389434814
36 6.74200057983
36 6.77108764648
36 6.9899559021
36 8.63695144653
36 7.24697113037
36 6.81614875793
36 6.81209564209
36 6.88886642456
36 6.82902336121
36 6.99877738953
36 7.00902938843
36 7.03310966492
36 7.04789161682
36 6.88505172729
36 6.91294670105
36 9.10305976868
36 7.34186172485
36 6.95300102234
36 6.95395469666
36 6.99400901794
36 6.98804855347
33 7.08413124084
33 7.08079338074
33 7.08198547363
33 7.15398788452
33 8.58592987061
31 8.40187072754
31 7.4188709259
31 7.70616531372
31 7.45105743408
31 7.46202468872
31 9.35816764832
31 8.58902931213
31 7.61485099792
31 7.62391090393
31 8.86607170105
31 7.6470375061
31 7.64298439026
31 7.67588615417
31 7.70092010498
31 7.34496116638
31 7.55500793457
31 7.56001472473
31 8.57090950012
31 8.94093513489
31 7.49611854553
31 7.51185417175
31 7.50803947449
31 7.53593444824
31 7.5409412384
31 7.58695602417
31 7.66396522522
31 7.64608383179
31 7.68184661865
31 7.68494606018
31 7.7121257782
31 7.72213935852
31 7.74693489075
31 7.73310661316
31 7.77077674866
31 7.77220726013
31 7.79604911804
31 7.80200958252
31 9.96899604797
31 7.9939365387
31 7.65895843506
31 7.66611099243
31 9.10782814026
31 9.06586647034
31 7.71117210388
31 7.70688056946
31 7.73596763611
31 7.76219367981
31 7.77196884155
31 7.78293609619
31 7.82084465027
31 7.80701637268
29 7.85994529724
29 7.34996795654
29 7.35282897949
29 7.3401927948
29 7.37714767456
25 7.5581073761
25 7.57598876953
25 10.3988647461
25 8.27193260193
25 7.61389732361
25 7.66110420227
25 7.64298439026
25 7.68399238586
25 7.68995285034
25 7.71188735962
25 10.6599330902
25 8.35418701172
25 9.42015647888
25 8.48293304443
25 9.72890853882
25 8.1250667572
25 8.03899765015
25 8.08691978455
25 8.07213783264
25 8.10194015503
25 8.1090927124
25 8.14986228943
25 8.49795341492
25 9.70602035522
25 8.39996337891
25 8.40902328491
25 8.28504562378
24 10.272026062
24 9.14597511292
24 11.3470554352
24 8.78596305847
24 8.81099700928
24 8.73684883118
24 8.75282287598
24 9.83881950378
24 10.4579925537
24 8.93592834473
24 11.0969543457
24 10.6568336487
24 10.5860233307
24 10.2550983429
24 8.94784927368
24 8.87393951416
24 8.74185562134
24 11.5840435028
24 8.91089439392
24 8.83102416992
24 8.90588760376
24 10.2698802948
24 8.90302658081
24 8.79001617432
24 8.83412361145
24 8.83102416992
24 8.83197784424
24 8.84103775024
24 10.0789070129
24 8.88085365295
24 8.87203216553
24 8.88705253601
24 10.1449489594
24 8.89182090759
24 10.4269981384
24 9.09209251404
24 10.6129646301
24 8.99791717529
24 9.03391838074
24 9.11617279053
24 9.03105735779
24 9.06896591187
24 9.0959072113
24 10.4320049286
24 11.4488601685
24 9.13906097412
23 8.02707672119
23 8.02993774414
23 8.03589820862
23 8.1090927124
23 8.13698768616
23 8.16297531128
23 8.16011428833
23 8.17513465881
23 8.23092460632
23 8.20899009705
23 8.43095779419
23 9.18388366699
23 8.16988945007
23 8.17704200745
23 8.21399688721
23 8.27121734619
23 8.26907157898
23 8.2688331604
23 8.28695297241
23 8.31007957458
23 9.2568397522
23 11.7218494415
23 9.26208496094
23 8.39400291443
23 8.37111473083
23 8.41903686523
23 11.1210346222
23 8.81481170654
23 8.44383239746
23 8.48722457886
23 8.51392745972
23 8.50605964661
23 10.0240707397
23 11.1529827118
23 8.52203369141
23 8.49986076355
23 8.53896141052
23 8.52799415588
23 8.52394104004
23 8.53800773621
23 8.55493545532
23 8.56900215149
23 8.60285758972
23 10.2939605713
23 9.19890403748
23 8.68487358093
23 8.66794586182
23 8.69798660278
23 8.97789001465
23 8.94713401794
23 11.0969543457
23 9.30190086365
23 9.26685333252
23 9.27400588989
23 9.27805900574
23 9.26899909973
23 9.29594039917
23 9.31692123413
23 10.1680755615
23 10.3499889374
23 10.9038352966
23 9.69791412354
23 9.71698760986
23 9.70888137817
23 9.74798202515
23 10.9820365906
23 9.80806350708
23 9.81116294861
23 10.125875473
23 9.84287261963
23 10.1630687714
23 11.0230445862
23 9.87815856934
23 9.87911224365
23 9.8659992218
23 11.2409591675
23 11.2700462341
23 9.90915298462
23 9.93084907532
23 11.0881328583
23 10.6730461121
23 10.0400447845
23 10.0619792938
23 10.0290775299
23 10.0269317627
23 10.0610256195
23 10.1389884949
23 10.1079940796
23 10.134935379
23 10.1149082184
23 10.134935379
23 12.6750469208
23 11.0371112823
23 10.0810527802
23 10.0779533386
23 10.0960731506
23 10.1029872894
23 10.1120471954
23 10.1308822632
23 10.1280212402
23 10.1509094238
23 10.1909637451
23 10.4401111603
23 10.4601383209
23 10.4939937592
23 10.4808807373
23 10.4970932007
23 10.5519294739
23 10.5159282684
23 10.5290412903
23 10.5130672455
23 10.5261802673
23 10.6530189514
23 12.2380256653
23 10.6179714203
23 10.6179714203
23 10.6308460236
23 10.6000900269
23 10.6401443481
23 10.6749534607
23 14.1859054565
23 10.7340812683
23 13.8039588928
23 10.9288692474
23 10.8618736267
23 10.8871459961
23 13.3671760559
23 11.0599994659
23 11.1639499664
23 12.876033783
23 10.9829902649
23 10.9539031982
23 13.98396492
23 14.1768455505
23 11.3480091095
23 10.9660625458
23 10.9100341797
23 10.9150409698
23 10.9729766846
23 10.9550952911
23 10.969877243
23 11.225938797
22 11.5971565247
22 11.5621089935
22 11.568069458
22 11.6050243378
22 11.6198062897
22 11.6140842438
22 11.7869377136
22 14.6200656891
22 11.7218494415
22 14.3299102783
22 11.8210315704
22 11.7588043213
22 11.7299556732
22 11.7399692535
22 11.7740631104
22 14.6179199219
22 11.8579864502
22 11.7478370667
22 12.6421451569
22 14.0771865845
22 15.3560638428
22 11.8470191956
22 13.3590698242
22 12.4990940094
22 11.8868350983
22 11.9290351868
22 13.0541324615
22 13.2200717926
22 11.7321014404
22 11.656999588
22 11.6710662842
22 11.6810798645
22 11.6698741913
22 14.2321586609
21 12.1400356293
21 12.1140480042
21 12.1278762817
21 12.1259689331
21 12.1400356293
21 12.1819972992
21 12.1479034424
21 12.1810436249
21 12.1641159058
21 13.9858722687
21 13.6740207672
21 12.2301578522
21 12.2418403625
21 12.2220516205
21 12.2470855713
21 12.2218132019
21 12.2511386871
21 12.2811794281
21 12.2900009155
21 12.3691558838
21 12.3560428619
21 15.0480270386
21 16.1869525909
21 15.2180194855
21 13.1559371948
21 12.708902359
21 12.7191543579
21 14.4948959351
21 12.766122818
21 13.6921405792
21 14.9881839752
21 16.5791511536
21 12.8791332245
21 12.2570991516
21 12.2530460358
21 12.2969150543
21 12.3710632324
21 12.3019218445
21 12.3150348663
21 12.3300552368
21 13.6070251465
21 12.3598575592
21 12.3951435089
21 12.4099254608
21 12.4151706696
21 12.3999118805
21 12.4490261078
21 13.6828422546
21 15.2740478516
21 12.1660232544
21 12.1760368347
21 12.176990509
21 14.7569179535
21 12.5300884247
21 12.2590065002
21 12.2630596161
21 12.2978687286
21 12.2270584106
21 12.2649669647
21 12.2618675232
21 12.9141807556
21 12.9840373993
21 13.7991905212
21 13.2138729095
21 12.353181839
21 12.3341083527
21 12.5370025635
21 12.3291015625
21 12.3600959778
21 13.0209922791
21 14.5020484924
21 14.0650272369
21 13.4069919586
21 12.4628543854
20 15.6590938568
20 12.2570991516
20 12.2261047363
20 12.3009681702
20 12.2830867767
19 12.5849246979
19 12.542963028
19 12.5911235809
19 12.5699043274
19 12.6049518585
19 14.9459838867
19 12.7100944519
19 12.6519203186
19 12.629032135
19 12.6628875732
19 12.6609802246
19 14.7290229797
19 13.8339996338
19 15.3160095215
19 12.7041339874
19 12.727022171
19 12.729883194
19 12.7518177032
19 13.9799118042
19 14.0221118927
19 12.7930641174
19 12.7999782562
19 12.8171443939
19 15.2311325073
19 13.7181282043
19 13.8041973114
19 17.6849365234
19 20.220041275
18 14.1868591309
18 12.619972229
18 12.5892162323
18 12.2411251068
18 12.188911438
18 12.2361183167
18 13.4799480438
18 12.3119354248
18 12.4959945679
18 13.2489204407
18 13.6721134186
18 13.3481025696
17 13.9570236206
17 15.998840332
17 15.9258842468
17 14.5239830017
17 13.3709907532
17 12.7990245819
17 12.7620697021
17 15.6469345093
17 14.3342018127
17 13.4718418121
17 13.0269527435
17 13.0009651184
17 13.9429569244
17 14.6758556366
17 13.2660865784
17 14.190196991
17 14.3737792969
17 14.723777771
17 13.4320259094
17 13.277053833
17 13.1590366364
17 14.8491859436
17 14.7459506989
17 14.997959137
17 13.2768154144
17 13.1962299347
17 14.6198272705
17 13.3299827576
17 13.8320922852
17 14.4381523132
17 13.6001110077
17 15.5658721924
17 14.4879817963
17 13.6690139771
17 14.564037323
17 15.4728889465
17 14.0380859375
17 14.3270492554
17 16.7360305786
17 14.6071910858
16 14.417886734
16 14.965057373
16 18.070936203
16 17.863035202
16 16.793012619
16 14.7838592529
16 14.0969753265
16 15.3179168701
16 14.0788555145
16 14.1010284424
16 14.0910148621
16 14.1909122467
16 14.1129493713
16 14.1520500183
16 14.1432285309
16 14.1971111298
16 14.1890048981
16 17.3120498657
16 16.9849395752
16 16.8070793152
16 15.2499675751
16 14.2230987549
16 14.2421722412
16 14.2529010773
16 14.2729282379
16 17.3370838165
16 14.6610736847
16 14.3609046936
16 14.3949985504
16 16.1249637604
16 14.4538879395
16 14.4147872925
16 14.3761634827
16 15.6178474426
16 15.851020813
16 15.5389308929
16 14.8630142212
16 14.4851207733
16 14.4650936127
16 16.3888931274
16 14.6448612213
16 16.4251327515
16 15.8221721649
16 14.6028995514
16 16.884803772
16 15.7301425934
16 14.545917511
16 14.5771503448
16 15.8050060272
16 14.5668983459
16 14.5847797394
16 14.594078064
16 17.8439617157
16 14.6729946136
16 14.6689414978
16 14.6927833557
16 14.6448612213
16 14.7371292114
16 16.252040863
16 14.9168968201
16 14.760017395
16 17.059803009
16 15.9840583801
16 14.8389339447
16 17.2529220581
16 14.965057373
16 15.9969329834
16 19.2050933838
16 16.0338878632
16 14.8339271545
16 14.8251056671
16 14.8599147797
16 14.8570537567
16 14.888048172
16 14.9140357971
16 14.9438381195
16 14.8689746857
16 17.9340839386
16 15.3470039368
16 16.2160396576
16 14.9850845337
16 14.9869918823
16 17.1201229095
16 14.9509906769
16 16.8261528015
16 15.1071548462
16 15.0470733643
16 15.0709152222
16 15.0940418243
16 15.0549411774
16 15.0730609894
16 15.0701999664
16 15.0990486145
16 16.6709423065
16 15.5010223389
16 15.2831077576
16 15.193939209
16 15.2089595795
16 15.1679515839
16 15.2351856232
16 15.1879787445
16 16.8018341064
16 16.9250965118
16 15.2380466461
16 17.3950195312
16 16.3681507111
16 15.3319835663
16 15.3501033783
16 15.3861045837
16 17.0168876648
16 15.3331756592
16 15.3648853302
16 15.3059959412
16 15.3379440308
16 18.5968875885
16 18.3289051056
16 15.8407688141
16 16.6618824005
16 15.4321193695
16 15.4840946198
16 17.4400806427
16 17.5819396973
16 17.4908638
16 16.4539813995
16 16.9098377228
16 15.8720016479
16 16.9470310211
16 18.059015274
16 15.9080028534
16 16.4580345154
16 15.704870224
16 16.0830020905
16 16.7191028595
16 16.7241096497
16 15.9101486206
16 15.8507823944
16 17.6060199738
16 18.6932086945
16 16.6699886322
16 16.8240070343
16 17.3120498657
16 18.6150074005
16 16.9460773468
16 19.1180706024
16 17.3618793488
16 19.2339420319
16 16.8828964233
16 17.6830291748
16 22.0551490784
16 17.2920227051
16 18.2089805603
16 17.3161029816
16 17.1649456024
16 17.324924469
16 17.7230834961
16 18.3370113373
16 26.379108429
16 24.1630077362
16 18.7611579895
16 18.0439949036
16 19.0300941467
16 18.5179710388
16 18.1641578674
16 19.3099975586
16 17.9491043091
16 16.233921051
16 17.8411006927
16 17.0259475708
16 16.4170265198
16 16.7198181152
16 15.928030014
16 15.6590938568
16 16.5100097656
16 15.7899856567
16 16.8371200562
16 17.8420543671
16 15.5301094055
16 15.4030323029
16 15.4540538788
16 15.4340267181
16 15.4790878296
16 15.3610706329
16 15.410900116
16 15.4130458832
16 15.4719352722
16 15.5680179596
16 19.2511081696
16 15.7508850098
16 15.6939029694
16 15.7828330994
16 16.8900489807
16 15.939950943
16 17.0350074768
16 16.3810253143
16 16.3090229034
16 16.4830684662
16 16.1638259888
16 16.9711112976
16 15.7339572906
16 15.8250331879
16 15.9780979156
16 16.1299705505
16 19.7689533234
16 17.1258449554
16 17.8120136261
16 18.0780887604
16 16.8650150299
16 16.7620182037
16 17.8980827332
16 18.2290077209
16 17.1029567719
16 16.7469978333
16 16.664981842
16 17.8599357605
16 16.2868499756
16 16.7961120605
16 16.1690711975
16 16.117811203
16 17.9278850555
16 17.0500278473
16 18.1670188904
16 17.2629356384
16 16.263961792
16 16.1738395691
16 17.2488689423
16 17.5189971924
16 16.9270038605
16 16.4561271667
16 17.4660682678
16 17.3060894012
16 17.7810192108
16 17.8380012512
16 17.3170566559
16 16.6430473328
16 19.5510387421
16 17.7879333496
16 16.7651176453
16 19.4838047028
16 17.1689987183
16 18.5630321503
16 18.0730819702
16 16.2019729614
16 18.3899402618
16 19.2160606384
16 17.7721977234
16 16.2649154663
16 16.1991119385
16 16.2169933319
16 16.2029266357
16 16.3130760193
16 16.3519382477
16 16.2839889526
16 16.3221359253
15 15.9389972687
15 16.144990921
15 16.932964325
15 17.4171924591
15 18.0330276489
15 17.982006073
15 18.1400775909
15 17.7929401398
15 18.364906311
15 15.762090683
15 16.0028934479
15 16.6888237
15 17.4980163574
15 15.9981250763
15 15.7840251923
15 17.7099704742
15 16.1769390106
15 15.9859657288
15 16.02602005
15 17.1520709991
15 16.3481235504
15 16.6659355164
15 17.5969600677
15 19.2041397095
15 16.5510177612
15 19.3049907684
15 17.8959369659
15 17.8020000458
15 16.4008140564
15 16.3309574127
15 16.8769359589
15 17.0550346375
15 17.0850753784
15 20.1640129089
15 18.424987793
15 17.6930427551
15 17.0199871063
15 16.7570114136
15 16.5109634399
15 16.4527893066
15 16.6509151459
15 17.3270702362
15 19.0889835358
15 19.3169116974
15 16.3249969482
15 17.9619789124
15 18.3091163635
15 16.371011734
15 17.6918506622
15 15.9020423889
15 19.6630954742
15 20.7848548889
15 16.0400867462
15 16.9680118561
15 18.8698768616
15 18.3420181274
15 15.3529644012
15 15.4161453247
