73514 1199.87297058
73457 1321.77591324
73431 1288.16986084
73431 1298.01702499
73431 1338.82308006
73406 1267.89903641
73404 1287.77003288
73392 1160.18795967
73392 1352.47993469
73385 1314.62001801
73324 1324.87392426
73307 1308.9261055
73307 1232.42402077
73278 1264.84489441
73276 1342.09609032
73270 1316.34712219
73270 1316.91288948
73270 1232.16795921
73215 1270.99204063
73209 1309.9629879
73209 1168.86806488
73209 1148.49209785
73209 1270.27201653
73196 1268.2030201
73196 1185.76788902
73119 1158.15591812
73072 1264.7690773
73072 1269.24920082
73028 1237.73193359
73028 1250.51593781
73028 1219.93803978
73028 1125.63896179
73028 1257.81798363
73016 1345.68285942
73014 1336.36307716
73009 1316.7090416
72994 1232.95903206
72969 1148.60606194
72926 1145.25079727
72900 1139.29009438
72897 1126.93500519
72880 1136.67201996
72868 1199.92804527
72793 1171.43583298
72793 1138.40389252
72793 1232.40494728
72793 1202.60095596
72724 1146.64506912
72724 1124.92179871
72724 1141.23797417
72698 1124.59206581
72641 1138.68999481
72641 1139.92285728
72616 1134.68694687
72591 1134.85693932
72591 1139.92190361
72576 1141.13593102
72576 1145.7400322
72576 1126.31797791
72576 1145.98989487
72569 1148.07510376
72530 1136.1989975
72487 1137.18700409
72483 1144.88482475
72483 1128.66282463
72466 1147.77493477
72466 1138.94701004
72466 1138.61203194
72463 1131.94394112
72463 1149.26099777
72462 1155.3850174
72462 1143.26405525
72435 1135.29992104
72435 1128.58486176
72432 1145.22194862
72432 1148.95200729
72395 1143.30387115
72395 1139.7049427
72384 1133.55898857
72384 1139.59002495
72353 1150.21395683
72353 1140.38801193
72311 1139.7550106
72311 1134.8528862
72311 1138.47398758
72282 1142.26508141
72233 1140.17796516
72233 1130.23996353
72196 1139.77718353
72160 1140.56611061
72111 1147.37486839
72111 1128.4930706
72058 1134.58108902
72058 1138.49020004
72058 1207.90505409
72021 1168.43008995
72021 1130.15389442
72003 1183.87293816
72003 1195.9540844
71985 1166.53800011
71985 1150.36201477
71912 1134.02676582
71896 1146.38495445
71896 1136.72208786
71896 1136.44599915
71862 1133.88514519
71821 1133.81409645
71821 1138.45515251
71799 1137.44091988
71780 1134.03296471
71766 1131.31904602
71728 1148.51093292
71711 1154.07180786
71711 1137.64286041
71672 1144.62208748
71672 1146.75998688
71666 1139.70398903
71666 1132.45010376
71636 1129.61697578
71636 1123.56901169
71636 1128.71694565
71636 1132.01498985
71636 1122.6849556
71632 1131.20698929
71618 1134.56988335
71618 1138.07892799
71604 1135.63895226
71598 1140.38896561
71598 1142.61007309
71533 1144.12522316
71489 1142.56286621
71479 1139.24002647
71479 1135.90979576
71479 1138.99111748
71479 1133.38899612
71479 1152.6389122
71479 1137.06898689
71469 1155.79581261
71469 1137.00294495
71431 1137.91704178
71431 1135.83803177
71431 1132.06386566
71431 1137.01605797
71430 1161.80515289
71424 1153.76710892
71424 1142.50898361
71412 1144.99902725
71403 1141.55316353
71400 1139.37902451
71399 1220.44205666
71399 1250.56099892
71370 1222.57113457
71370 1172.20211029
71370 1148.10299873
71370 1140.76495171
71360 1146.66509628
71360 1126.68585777
71348 1131.88791275
71328 1153.36108208
71324 1153.840065
71298 1150.22492409
71287 1166.08786583
71287 1192.81291962
71283 1210.01911163
71283 1136.45601273
71283 1134.7258091
71267 1159.80005264
71255 1158.88905525
71228 1140.05303383
71205 1140.47694206
71191 1140.95687866
71191 1140.08307457
71189 1155.8599472
71184 1142.2328949
71184 1135.65278053
71134 1146.84200287
71134 1143.40186119
71112 1148.62895012
71112 1159.27481651
71112 1142.05503464
71104 1150.44808388
71104 1146.83198929
71102 1138.44203949
71102 1147.53293991
71095 1149.03211594
71095 1151.84617043
71095 1150.7101059
71095 1136.90090179
71094 1158.12802315
71068 1138.29493523
71009 1142.5049305
71009 1135.74790955
70998 1145.0688839
70998 1150.86102486
70998 1137.59589195
70998 1140.95520973
70962 1143.10503006
70935 1140.4569149
70923 1140.70320129
70889 1141.16001129
70889 1211.77196503
70872 1172.13010788
70861 1224.36594963
70837 1207.34500885
70837 1174.30901527
70776 1147.52602577
70776 1146.42214775
70776 1154.73389626
70776 1158.64706039
70747 1149.07598495
70747 1158.67710114
70747 1139.7600174
70738 1139.76287842
70738 1150.25210381
70703 1144.74797249
70664 1143.42093468
70664 1151.96204185
70664 1153.74112129
70664 1145.8761692
70664 1146.51703835
70656 1141.24393463
70610 1149.31678772
70610 1150.43711662
70610 1149.34206009
70609 1140.30385017
70599 1145.98703384
70599 1144.81592178
70599 1142.81606674
70583 1145.31803131
70583 1145.40719986
70583 1142.15707779
70583 1153.96595001
70583 1142.34304428
70559 1141.3769722
70559 1149.07884598
70559 1150.1159668
70559 1145.02310753
70485 1165.18592834
70485 1147.89795876
70485 1157.58705139
70485 1149.90282059
70470 1142.97795296
70464 1142.36402512
70460 1152.26101875
70460 1163.27691078
70433 1145.90406418
70413 1144.38295364
70363 1157.63187408
70353 1145.19095421
70263 1162.48607635
70263 1158.08796883
70247 1217.94700623
70205 1171.98395729
70188 1152.85682678
70188 1243.39985847
70131 1225.49200058
70113 1155.14683723
70100 1145.69616318
70095 1141.52812958
70095 1144.30904388
70086 1148.05197716
70050 1144.01006699
70050 1149.42502975
70050 1149.86205101
70040 1150.8500576
70017 1149.66320992
70017 1160.45093536
69979 1162.88399696
69956 1145.09391785
69956 1166.63885117
69955 1141.1588192
69955 1153.82289886
69955 1147.78089523
69909 1150.95901489
69882 1141.78395271
69882 1148.8609314
69804 1155.39908409
69774 1151.00002289
69774 1142.05098152
69747 1144.66309547
69747 1150.05111694
69747 1151.59606934
69726 1159.25908089
69726 1149.4550705
69726 1148.63705635
69726 1145.22385597
69708 1155.14397621
69690 1152.08792686
69690 1149.8169899
69690 1155.87615967
69672 1150.0480175
69650 1138.52500916
69650 1146.48294449
69650 1146.15607262
69628 1153.07593346
69628 1154.4148922
69628 1155.44891357
69628 1164.36195374
69578 1148.25105667
69578 1148.5440731
69578 1160.40086746
69578 1149.5051384
69578 1152.46200562
69545 1187.18409538
69545 1226.14097595
69545 1158.2968235
69545 1244.31800842
69537 1203.94778252
69537 1177.6239872
69537 1158.35404396
69529 1155.10821342
69529 1150.0480175
69529 1154.3610096
69526 1151.89480782
69500 1148.46801758
69500 1157.81593323
69480 1151.38411522
69480 1162.50300407
69458 1176.50198936
69458 1158.28084946
69458 1149.75500107
69457 1159.6019268
69429 1156.93807602
69417 1151.03912354
69397 1155.14492989
69397 1161.96417809
69388 1149.62005615
69388 1156.23903275
69382 1155.83181381
69382 1153.89919281
69377 1164.40296173
69377 1153.36108208
69367 1152.20808983
69330 1149.91617203
69330 1153.01918983
69330 1162.06097603
69323 1143.3930397
69323 1140.1848793
69311 1136.85488701
69311 1140.35105705
69279 1134.58919525
69270 1160.00199318
69270 1148.6890316
69270 1139.06288147
69270 1143.42188835
69270 1155.04908562
69244 1161.39912605
69240 1149.26505089
69240 1152.48084068
69240 1153.72395515
69203 1148.88501167
69203 1149.12796021
69201 1146.77286148
69201 1159.2130661
69190 1200.93297958
69184 1213.29808235
69184 1156.80193901
69184 1172.96504974
69180 1234.50183868
69147 1195.46318054
69147 1177.20103264
69147 1155.28202057
69144 1152.95004845
69144 1150.51198006
69125 1146.72803879
69109 1151.17192268
69109 1156.18085861
69109 1156.19087219
69070 1153.6898613
69045 1151.34310722
69045 1150.64406395
69036 1157.31596947
69033 1171.75102234
69033 1152.29201317
69033 1164.8170948
69033 1152.15992928
69033 1145.58720589
69033 1150.18415451
69033 1150.90417862
69033 1158.66804123
69033 1157.34481812
69033 1161.08202934
69033 1149.45006371
69033 1157.86314011
69021 1145.48802376
69011 1147.73702621
68999 1171.83494568
68990 1143.69893074
68972 1158.56695175
68972 1151.81612968
68972 1149.00112152
68972 1148.23412895
68970 1151.31592751
68962 1162.18400002
68954 1165.2598381
68954 1151.74412727
68954 1157.21201897
68940 1159.29102898
68940 1154.9448967
68940 1165.07482529
68884 1145.93410492
68874 1161.79704666
68867 1178.98011208
68831 1153.12814713
68807 1150.76994896
68807 1153.78189087
68807 1149.58405495
68777 1147.73011208
68776 1186.20705605
68763 1224.32088852
68737 1231.07790947
68729 1166.64600372
68707 1173.92396927
68707 1151.92008018
68661 1170.16482353
68641 1173.21705818
68641 1150.77805519
68629 1155.60102463
68611 1154.19793129
68611 1156.64887428
68611 1152.17494965
68611 1149.79195595
68596 1147.8509903
68596 1147.39584923
68596 1157.26399422
68588 1155.69782257
68588 1161.69095039
68574 1162.73593903
68556 1161.80086136
68556 1152.02307701
68556 1150.96998215
68556 1160.53700447
68556 1160.61401367
68556 1151.85594559
68551 1153.98597717
68551 1152.8570652
68551 1157.2458744
68544 1161.52596474
68544 1156.82411194
68514 1149.69682693
68514 1164.08395767
68486 1161.69285774
68471 1150.91395378
68471 1158.02097321
68469 1145.48516273
68461 1159.29818153
68461 1157.59682655
68441 1155.28512001
68441 1149.67489243
68419 1154.46400642
68348 1142.93718338
68348 1145.9980011
68346 1136.97504997
68346 1141.06321335
68323 1140.86008072
68303 1149.1458416
68303 1141.31593704
68303 1142.33613014
68257 1144.43516731
68257 1244.98200417
68250 1179.50105667
68246 1199.23996925
68246 1250.12302399
68246 1174.03197289
68213 1162.47200966
68213 1173.60901833
68213 1149.32107925
68189 1160.99381447
68181 1154.8140049
68140 1146.15297318
68140 1143.97096634
68140 1148.77820015
68137 1144.8559761
68137 1154.72698212
68128 1143.87702942
68128 1144.74797249
68123 1148.06890488
68074 1142.68708229
68067 1136.95406914
68067 1146.43311501
68067 1151.40986443
68037 1149.73807335
68037 1151.05104446
68037 1136.85488701
68012 1146.94094658
68003 1153.05113792
67985 1153.27095985
67982 1139.90902901
67982 1151.27301216
67968 1166.7702198
67945 1158.05983543
67922 1148.99301529
67922 1162.27889061
67922 1160.39896011
67922 1151.27587318
67919 1161.81397438
67919 1154.89602089
67899 1151.38792992
67899 1153.10907364
67886 1157.77993202
67886 1159.54589844
67886 1149.89995956
67885 1157.02605247
67885 1148.13113213
67860 1157.11092949
67860 1148.62394333
67860 1152.79197693
67860 1151.96299553
67830 1163.26284409
67827 1165.73309898
67800 1156.43405914
67800 1148.52595329
67800 1164.34907913
67800 1218.76502037
67800 1277.53806114
67800 1201.08580589
67800 1149.3639946
67787 1146.73113823
67787 1146.76499367
67787 1156.40711784
67787 1161.35692596
67786 1148.63300323
67744 1146.86489105
67723 1161.34595871
67717 1154.80685234
67717 1148.89383316
67717 1151.07703209
67717 1155.50613403
67704 1145.90787888
67704 1140.51699638
67704 1150.24209023
67686 1140.74587822
67680 1149.41000938
67680 1149.61004257
67680 1161.39888763
67680 1155.11488914
67671 1157.47284889
67662 1148.58102798
67662 1147.72820473
67653 1144.90413666
67642 1179.57305908
67614 1156.32987022
67614 1161.45896912
67609 1154.6049118
67609 1157.95612335
67609 1161.48900986
67609 1158.20002556
67552 1161.30685806
67523 1156.57305717
67523 1168.23196411
67521 1161.34691238
67521 1186.83600426
67521 1155.73000908
67521 1166.72801971
67521 1147.90201187
67513 1152.25791931
67464 1178.34687233
67430 1268.80121231
67430 1227.16093063
67430 1338.89293671
67424 1318.42207909
67424 1251.84702873
67413 1245.72515488
67413 1398.78296852
67409 1493.40796471
67406 1341.01390839
67385 1369.93098259
67352 1384.30714607
67328 1317.22617149
67326 1254.47010994
67315 1233.40988159
67269 1156.72397614
67247 1158.55693817
67246 1163.29813004
67229 1169.71206665
67229 1176.33986473
67229 1170.87388039
67203 1354.5999527
67203 1343.88208389
67137 1319.97704506
67137 1150.59900284
67110 1163.25902939
67110 1181.49590492
67110 1167.00816154
67110 1165.08197784
67110 1169.74806786
67098 1167.03104973
67098 1158.89215469
67098 1168.10798645
67098 1163.50412369
67074 1175.26817322
67047 1165.48895836
67047 1165.97080231
66974 1166.61787033
66961 1154.1390419
66951 1165.12799263
66951 1164.05200958
66902 1152.3399353
66891 1169.51990128
66891 1163.16413879
66891 1161.15498543
66891 1176.5267849
66891 1169.4419384
66865 1162.23597527
66810 1166.18013382
66747 1170.66311836
66747 1185.61387062
66714 1173.84505272
66688 1168.26581955
66663 1158.43892097
66655 1166.43095016
66655 1252.77400017
66655 1183.11595917
66655 1173.82383347
66655 1273.21410179
66655 1234.42602158
66655 1175.72379112
66644 1154.16908264
66623 1198.18210602
66607 1173.7139225
66607 1159.70182419
66607 1164.96896744
66589 1173.52890968
66577 1159.51895714
66577 1174.54600334
66577 1156.3179493
66539 1172.42789268
66510 1160.89200974
66506 1164.81781006
66505 1158.75005722
66505 1151.86095238
66482 1155.80201149
66482 1156.62312508
66482 1150.98309517
66482 1165.04693031
66482 1151.6559124
66482 1157.76610374
66468 1163.31601143
66461 1154.50596809
66461 1152.38618851
66461 1155.5120945
66461 1172.07098007
66431 1175.82392693
66421 1176.14603043
66413 1170.22395134
66413 1159.71684456
66391 1166.78500175
66391 1175.33707619
66391 1163.70987892
66391 1160.77589989
66385 1178.49802971
66381 1174.84998703
66357 1167.86694527
66357 1159.12294388
66357 1168.71786118
66350 1168.27297211
66310 1167.57702827
66310 1165.39716721
66272 1181.11801147
66262 1166.78309441
66262 1174.62205887
66252 1177.35600471
66238 1179.95715141
66238 1165.32588005
66215 1234.76600647
66215 1290.53211212
66215 1232.17201233
66190 1194.48304176
66182 1185.02092361
66182 1176.24497414
66181 1161.0159874
66095 1168.0829525
66095 1175.40001869
66095 1159.16109085
66095 1171.25105858
66095 1187.67690659
66069 1173.25615883
66063 1179.46600914
66051 1176.83386803
66045 1162.81199455
66045 1181.07509613
66045 1168.78700256
66032 1159.86609459
66028 1172.51300812
66007 1166.63599014
66007 1164.52503204
66000 1165.4920578
65990 1166.27001762
65990 1175.1871109
65959 1174.61800575
65959 1186.60593033
65918 1173.24304581
65918 1165.47703743
65918 1180.24706841
65892 1162.34302521
65874 1168.70808601
65874 1163.6838913
65861 1173.64501953
65861 1167.81187057
65856 1176.94401741
65856 1172.38712311
65815 1176.71489716
65801 1181.27298355
65753 1174.8650074
65747 1166.47791862
65747 1171.21315002
65747 1174.58510399
65747 1168.7400341
65747 1181.43892288
65747 1161.35716438
65745 1163.57493401
65733 1166.02802277
65731 1172.22213745
65731 1247.32398987
65721 1211.51089668
65721 1181.27608299
65721 1251.32203102
65721 1232.3319912
65721 1203.92107964
65717 1161.01813316
65688 -745.046138763
65679 1182.56378174
65675 1166.93305969
65675 1175.55499077
65675 1194.13089752
65669 1176.38087273
65669 1169.22402382
65669 1172.54900932
65669 1174.42512512
65669 1183.81500244
65669 1173.16913605
65660 1166.3248539
65660 1166.83387756
65644 1168.68805885
65644 1160.23397446
65594 1164.98112679
65594 1178.75003815
65593 1167.29307175
65556 1163.77806664
65556 1174.92794991
65556 1171.99492455
65556 1166.12100601
65556 1170.24493217
65548 1176.73897743
65548 1169.14796829
65548 1177.18291283
65541 1172.67894745
65541 1170.81785202
65541 1163.31982613
65541 1166.91207886
65523 1159.90114212
65523 1176.26094818
65483 1176.5859127
65483 1172.41883278
65483 1165.1160717
65483 1174.62205887
65483 1163.28001022
65483 1167.03391075
65449 1166.25714302
65449 1174.03793335
65413 1175.37212372
65409 1169.31509972
65409 1166.69607162
65352 1174.50594902
65352 1181.91599846
65349 1166.99004173
65349 1206.43401146
65293 1240.15188217
65276 1194.34499741
65260 1285.59994698
65260 1224.77602959
65256 1175.62294006
65223 1178.09987068
65223 1172.41096497
65223 1182.71899223
65223 1170.96209526
65223 1173.39801788
65223 1173.19011688
65205 1172.50609398
65179 1186.20204926
65159 1177.72197723
65159 1177.8318882
65159 1161.12303734
65159 1188.06004524
65154 1174.00503159
65154 1182.91807175
65154 1171.29802704
65144 1169.17991638
65120 1165.97008705
65120 1166.50795937
65120 1166.38898849
65114 1173.83503914
65114 1173.83408546
65114 1177.80804634
65114 1177.20890045
65114 1182.83605576
65096 1176.48696899
65096 1173.81095886
65092 1145.56002617
65092 1137.5169754
65073 1140.20609856
65037 1144.3669796
65011 1137.11690903
65002 1133.13007355
65002 1136.60120964
65002 1140.20395279
65002 1149.09791946
65002 1137.12501526
64973 1136.19494438
64952 1143.2158947
64925 1140.69008827
64925 1144.22512054
64908 1146.3778019
64908 1132.77816772
64905 1140.05088806
64879 1200.02484322
64879 1288.66314888
64879 1165.36402702
64879 1142.57311821
64836 1139.49203491
64836 1237.71715164
64827 1220.36099434
64809 1142.69518852
64805 1140.10000229
64801 1133.76712799
64747 1139.42718506
64736 1133.62598419
64736 1144.02794838
64736 1140.31720161
64736 1134.567976
64736 1145.11704445
64736 1137.04109192
64736 1156.51917458
64714 1141.53409004
64714 1140.30504227
64714 1144.95015144
64714 1143.55015755
64714 1141.54314995
64714 1138.27800751
64684 1148.53096008
64680 1141.79706573
64680 1151.16906166
64680 1146.66819572
64666 1144.09399033
64655 1145.11203766
64651 1141.55220985
64651 1146.14701271
64651 1135.86497307
64651 1150.07686615
64651 1148.11301231
64642 1147.47405052
64642 1141.42298698
64642 1145.54190636
64629 1135.15305519
64629 1143.46313477
64577 1156.71396255
64577 1146.43406868
64577 1138.36097717
64485 1143.13602448
64485 1142.67706871
64457 1133.11886787
64437 1143.63908768
64425 1138.23580742
64401 1139.35899734
64401 1146.92401886
64401 1149.39308167
64394 1140.08879662
64379 1141.96896553
64379 1205.60884476
64330 1175.18496513
64330 1144.62614059
64330 1146.54111862
64330 1194.02384758
64330 1231.38189316
64295 1167.85097122
64295 1134.05990601
64295 1135.72692871
64295 1145.96319199
64295 1143.74113083
64288 1150.57611465
64277 1141.74795151
64277 1142.69089699
64248 1142.87090302
64248 1146.46911621
64220 1136.04807854
64220 1151.29685402
64218 1134.83095169
64187 1150.94017982
64187 1141.80898666
64185 1145.42508125
64171 1147.1850872
64171 1142.60196686
64151 1135.63108444
64151 1139.41192627
64151 1148.48303795
64151 1154.99782562
64142 1146.37517929
64142 1136.82198524
64133 1141.65210724
64133 1141.97897911
64133 1151.6430378
64133 1145.90001106
64112 1150.0389576
64112 1148.31089973
64112 1150.65193176
64112 1136.95287704
64112 1143.95594597
64112 1152.81295776
64062 1144.61302757
64062 1144.28687096
64062 1147.1760273
64055 1149.49607849
64055 1148.73600006
64055 1149.02901649
64051 1145.12896538
64045 1161.07797623
64045 1141.54577255
64037 1143.679142
63983 1170.96686363
63980 1149.00898933
63969 1137.1409893
63969 1163.04802895
63907 1242.17915535
63893 1140.24305344
63893 1206.16197586
63893 1245.64599991
63893 1171.88811302
63893 1148.34499359
63893 1149.79910851
63877 1144.1719532
63828 1137.52293587
63811 1154.8409462
63803 1142.11583138
63803 1144.95110512
63803 1156.39996529
63803 1143.45693588
63803 1146.47102356
63803 1153.02014351
63803 1147.08590508
63803 1149.51205254
63803 1142.46296883
63803 1150.57396889
63767 1147.97186852
63742 1144.4978714
63701 1151.31998062
63679 1145.93195915
63660 1149.56092834
63660 1141.54601097
63660 1152.03809738
63660 1156.29792213
63660 1143.56184006
63660 1141.7028904
63618 1142.24100113
63618 1156.1498642
63618 1151.00693703
63610 1148.04410934
63585 1139.96815681
63573 1140.62404633
63573 1128.0939579
63573 1142.48108864
63532 1145.36118507
63532 1144.23894882
63532 1140.38300514
63532 1141.23487473
63532 1152.70495415
63499 1133.75496864
63476 1136.17897034
63474 1145.89881897
63459 1141.23797417
63456 1140.76399803
63454 1134.6449852
63431 1133.91494751
63431 1135.84399223
63431 1233.56580734
63427 1154.40988541
63419 1143.94497871
63413 1171.87786102
63368 1226.02510452
63368 1179.59213257
63368 1143.46289635
63355 1135.19597054
63355 1134.0880394
63336 1143.9909935
63307 1149.86920357
63285 1144.53411102
63285 1128.15713882
63255 1152.05192566
63239 1136.77501678
63239 1143.30887794
63239 1139.50204849
63239 1142.38190651
63235 1142.01903343
63235 1137.38512993
63235 1132.72309303
63235 1138.04292679
63235 1136.53588295
63235 1139.03713226
63202 1140.04302025
63188 1141.46399498
63188 1136.00611687
63188 1140.58995247
