18179 156.692028046
18170 149.843931198
18163 149.420976639
18163 149.323940277
18159 154.006958008
18151 149.4140625
18145 150.660991669
18110 151.158094406
18110 148.670911789
18106 150.722026825
18083 154.051780701
18064 154.477119446
18064 148.505926132
18058 149.983882904
18053 149.24788475
18032 147.604942322
18032 149.06001091
18024 150.228977203
17996 154.1659832
17977 150.208950043
17977 153.424978256
17977 151.416063309
17977 149.893045425
17962 152.616024017
17962 155.01999855
17949 149.416208267
17883 149.880886078
17883 150.948047638
17872 149.068832397
17872 150.38895607
17872 150.599002838
17872 151.551961899
17831 150.68602562
17824 152.138948441
17800 156.098842621
17790 150.294065475
17790 154.280900955
17777 150.815963745
17776 151.397228241
17775 151.464939117
17775 152.153968811
17765 150.541067123
17754 152.033805847
17722 152.211904526
17722 151.397943497
17722 150.449037552
17722 154.680967331
17713 152.032136917
17703 151.800870895
17703 153.756141663
17703 154.294013977
17672 152.307987213
17672 151.932954788
17663 153.694152832
17636 153.36894989
17636 152.283191681
17636 153.68103981
17636 152.48799324
17618 150.684118271
17618 153.939962387
17618 159.62100029
17595 153.89919281
17580 154.128074646
17552 153.890132904
17552 153.543233871
17540 154.653072357
17540 155.352115631
17540 154.076099396
17518 153.174877167
17518 153.721809387
17506 153.72300148
17506 153.342008591
17487 158.399105072
17487 156.327962875
17480 154.409170151
17480 159.373044968
17465 155.948162079
17439 154.090881348
17439 155.571937561
17439 160.673141479
17426 154.88409996
17426 156.242847443
17406 159.707784653
17383 154.791116714
17383 154.602050781
17368 155.735015869
17362 160.166025162
17362 155.073165894
17362 156.941175461
17304 155.539989471
17301 153.820991516
17233 158.039808273
17233 155.196905136
17233 159.263134003
17233 154.834032059
17217 158.29205513
17217 169.421195984
17194 165.335893631
17189 156.600952148
17186 156.142950058
17186 158.169031143
17168 156.658887863
17165 157.003879547
17165 156.749010086
17165 158.599853516
17123 159.244060516
17059 157.310009003
17059 158.81896019
17059 159.878015518
17020 156.297922134
17001 158.398866653
17000 157.58395195
16995 156.077861786
16981 164.891958237
16966 158.030033112
16944 157.250881195
16944 157.361984253
16944 158.529996872
16941 157.268047333
16941 156.802892685
16941 162.104129791
16941 158.205986023
16936 158.082008362
16934 159.817934036
16923 158.60414505
16923 158.525943756
16922 159.834861755
16922 164.124965668
16906 159.291028976
16861 159.274816513
16844 158.788919449
16839 158.726930618
16839 157.651185989
16839 162.052869797
16839 161.864042282
16839 169.484138489
16839 163.544893265
16818 162.544965744
16818 165.050983429
16811 159.915924072
16783 164.378881454
16783 163.332939148
16783 160.310029984
16783 157.921075821
16775 158.858060837
16752 159.225940704
16752 160.452842712
16752 161.302089691
16732 158.883094788
16732 159.672021866
16721 160.137891769
16707 177.780151367
16696 177.253007889
16696 170.182943344
16696 179.062128067
16696 177.705049515
16696 176.980018616
16637 179.776906967
16609 171.658039093
16571 181.046009064
16545 174.890041351
16513 182.351112366
16513 182.83200264
16510 177.05321312
16494 177.118062973
16450 183.579921722
16432 173.249959946
16428 186.778068542
16427 170.580148697
16411 177.004098892
16403 164.396047592
16403 166.500091553
16403 162.415981293
16403 164.149999619
16376 165.95697403
16376 161.624908447
16376 170.634031296
16376 161.409854889
16329 166.220903397
16329 163.62786293
16327 162.211894989
16327 162.445068359
16327 166.896104813
16327 161.638021469
16327 166.874885559
16327 164.616823196
16327 164.488077164
16327 161.609172821
16318 161.061048508
16295 163.04898262
16293 161.623001099
16293 166.33605957
16285 164.625167847
16268 163.104057312
16268 163.084983826
16268 165.445804596
16249 169.007062912
16244 161.124944687
16244 165.83609581
16240 163.293838501
16240 162.009954453
16226 162.964105606
16209 163.547039032
16198 162.167072296
16193 167.096138
16157 189.700841904
16157 165.088891983
16157 164.745807648
16157 163.460969925
16110 161.865949631
16110 169.674158096
16110 164.89315033
16110 162.842988968
16110 164.579153061
16076 168.551921844
16076 163.510084152
16041 169.083118439
15994 164.258956909
15994 163.193941116
15994 164.350986481
15976 164.293050766
15966 167.212963104
15966 165.730953217
15966 164.685964584
15926 164.321184158
15926 165.957927704
15926 172.714948654
15926 163.357019424
15898 165.894985199
15898 173.038005829
15898 165.589094162
15898 170.429944992
15898 164.775848389
15883 165.07601738
15883 169.295072556
15866 165.300130844
15864 173.501014709
15857 169.418096542
15857 166.435003281
15857 170.28093338
15857 163.942098618
15837 165.560007095
15837 169.30103302
15837 167.001962662
15763 168.55597496
15736 166.45693779
15736 166.092157364
15685 168.794155121
15670 165.255069733
15658 168.537855148
15632 166.469097137
15632 165.810823441
15592 168.496131897
15588 166.93687439
15588 168.28417778
15547 167.71197319
15547 167.080163956
15529 165.908098221
15525 173.806905746
15517 167.747974396
15516 167.022943497
15516 168.061971664
15516 168.381929398
15516 174.677848816
15498 169.708013535
15483 167.229890823
15483 176.479101181
15476 170.736074448
15458 166.245937347
15458 166.642904282
15458 167.537927628
15458 166.867017746
15458 167.824029922
15430 172.008037567
15380 168.786048889
15380 168.719053268
15379 169.329881668
15367 166.995048523
15367 171.849012375
15354 168.271064758
15354 166.893005371
15354 168.059110641
15349 166.611194611
15349 167.026996613
15349 167.624950409
15349 168.333053589
15329 171.000957489
15319 172.221899033
15319 170.523881912
15319 168.147802353
15315 168.215990067
15274 173.789024353
15274 168.653011322
15274 169.474124908
15259 169.559001923
15259 172.308206558
15259 173.330068588
15259 173.561096191
15230 168.751955032
15230 169.955968857
15230 169.448852539
15230 168.317079544
15230 170.273065567
15202 171.471118927
15202 167.988061905
15202 174.319982529
15202 170.141935349
15145 168.586015701
15145 170.493125916
15145 172.18208313
15118 170.28594017
15118 169.648170471
15118 169.357061386
15102 169.842004776
15091 175.956964493
15091 174.217939377
15086 169.154167175
15076 169.767856598
14999 168.188095093
14999 170.655012131
14999 171.038150787
14999 173.146009445
14997 171.185970306
14947 171.017885208
14923 170.316934586
14923 169.921159744
14923 169.427156448
14889 169.810056686
14889 171.507120132
14854 169.646024704
14853 175.585985184
14853 170.410871506
14840 169.771909714
14840 168.421030045
14840 176.380157471
14840 169.308900833
14840 168.781995773
14840 169.954776764
14814 169.255018234
14814 168.982982635
14814 171.728134155
14814 171.789169312
14814 168.241977692
14814 174.190998077
14810 172.754049301
14810 170.128107071
14803 177.065134048
14796 170.90010643
14796 168.995141983
14796 174.120903015
14796 170.772075653
14729 173.130989075
14729 171.282052994
14668 168.888092041
14666 173.750162125
14648 171.444177628
14644 169.589996338
14644 169.322967529
14644 176.847934723
14640 175.514936447
14640 170.835018158
14637 170.602083206
14614 170.428037643
14609 169.947147369
14585 177.078962326
14545 172.14512825
14545 170.741081238
14545 169.91686821
14531 170.978069305
14522 176.684856415
14522 170.877933502
14522 176.090955734
14510 178.440093994
14510 171.627044678
14510 171.695947647
14510 182.147026062
14510 171.312093735
14510 180.114030838
14510 174.150943756
14510 170.397043228
14510 171.470880508
14458 176.600933075
14407 174.136161804
14394 179.567813873
14393 174.320936203
14374 170.991897583
14366 172.024011612
14328 173.195123672
14322 171.903133392
14322 173.758029938
14318 176.979064941
14293 171.362876892
14286 172.845840454
14286 172.492980957
14286 173.431158066
14286 173.130989075
14248 171.535968781
14241 172.240018845
14241 174.160003662
14241 176.846981049
14241 171.81801796
14241 178.116083145
14233 176.114082336
14233 172.723054886
14231 181.700944901
14231 171.315908432
14231 173.048019409
14228 177.039146423
14224 180.599212646
14224 175.703048706
14224 172.407865524
14162 171.839952469
14159 174.844026566
14159 172.106027603
14149 173.524141312
14113 173.513889313
14113 172.781944275
14097 181.249856949
14091 175.815105438
14091 179.428100586
14091 173.313856125
14090 175.695896149
14090 172.139883041
14060 174.618005753
14059 178.56502533
14050 173.530817032
14050 174.336910248
14050 175.375938416
14048 171.690225601
14048 174.899101257
14048 178.550004959
14048 181.374073029
14047 187.582015991
14047 176.956892014
14047 171.671152115
14047 173.022985458
14047 178.906917572
14042 172.83987999
14042 173.935890198
14015 173.955917358
14015 174.154043198
13992 174.858808517
13975 176.573991776
13975 173.74587059
13965 177.008152008
13965 178.354024887
13965 174.590110779
13938 174.893856049
13938 173.975944519
13912 173.475027084
13908 186.625957489
13908 177.268981934
13908 176.895856857
13874 181.077003479
13866 180.884122849
13862 174.88694191
13817 173.331975937
13817 174.390077591
13797 184.084892273
13797 174.778938293
13788 181.41913414
13781 175.87184906
13781 174.813985825
13781 176.460981369
13773 175.587892532
13773 174.663066864
13773 177.715063095
13708 175.889968872
13708 175.743818283
13679 175.631046295
13673 174.807071686
13673 175.852060318
13673 181.164979935
13673 176.13697052
13670 180.176019669
13670 181.285858154
13670 178.646087646
13670 178.270101547
13670 185.221910477
13670 176.116943359
13670 178.013086319
13614 176.391839981
13614 174.912929535
13614 176.240921021
13614 177.07490921
13559 174.474000931
13559 192.52204895
13559 177.597999573
13556 177.734851837
13555 180.202007294
13543 177.59513855
13535 177.896022797
13535 179.383039474
13535 177.037000656
13535 178.894996643
13535 181.7278862
13535 175.833940506
13524 177.245855331
13513 176.89204216
13513 176.554918289
13513 198.296070099
13513 204.231023788
13513 197.09610939
13513 188.364028931
13491 203.231811523
13491 190.477848053
13491 185.11390686
13491 208.300113678
13491 196.079969406
13481 204.350948334
13481 208.420038223
13474 199.296951294
13473 194.015979767
13441 195.197820663
13441 199.94187355
13441 206.557035446
13441 190.744876862
13438 182.299137115
13438 177.138805389
13438 193.101167679
13430 199.653148651
13412 190.766096115
13402 201.642990112
13384 186.17105484
13384 184.921979904
13384 185.10890007
13384 181.1439991
13384 187.499046326
13379 181.724071503
13379 178.739070892
13379 178.41386795
13379 179.489135742
13379 179.811000824
13379 183.712005615
13379 179.013967514
13375 177.258968353
13375 180.21607399
13366 180.279970169
13366 177.490949631
13359 184.969186783
13282 182.8520298
13282 179.413080215
13281 178.426980972
13281 179.005861282
13281 177.68907547
13281 184.1609478
13281 179.572105408
13273 197.385072708
13260 192.981958389
13256 190.731048584
13256 186.789035797
13256 178.993940353
13239 178.387880325
13239 181.869029999
13224 179.777145386
13221 180.236101151
13187 180.637836456
13187 178.497076035
13187 177.794218063
13187 179.87203598
13187 180.316925049
13187 178.961992264
13184 185.657978058
13184 189.02015686
13184 192.275047302
13183 182.401895523
13183 180.215835571
13167 181.134939194
13148 181.792974472
13142 189.465045929
13106 181.940078735
13106 180.236816406
13097 180.103063583
13097 182.637929916
13080 184.352874756
13080 184.967041016
13080 178.702831268
13080 179.975986481
13080 182.365179062
13080 179.847955704
13080 184.56697464
13041 189.08905983
13041 190.834999084
13041 181.186199188
13041 189.329147339
13041 182.224035263
13041 182.595968246
13041 179.060220718
13041 180.955886841
13026 179.598093033
13024 179.974079132
13006 185.684919357
13006 184.199810028
12949 181.442975998
12929 186.378955841
12893 178.67398262
12873 181.478023529
12871 188.108921051
12871 180.863857269
12871 180.52816391
12871 188.164949417
12854 199.278831482
12854 196.667909622
12843 181.698083878
12829 185.651063919
12826 186.196088791
12826 192.574977875
12826 193.687200546
12826 187.569141388
12826 180.783987045
12826 189.503908157
12826 181.402921677
12826 180.459022522
12821 183.571815491
12821 186.686038971
12821 184.695005417
12821 180.711984634
12791 184.920072556
12773 184.472084045
12773 184.724092484
12773 183.068990707
12773 181.879043579
12753 185.913085938
12753 187.494039536
12751 183.454036713
12751 186.18106842
12751 183.262825012
12739 186.030864716
12731 189.869880676
12731 187.19792366
12731 188.705921173
12725 189.210891724
12725 183.064937592
12725 182.150125504
12725 182.374954224
12692 185.256004333
12692 185.414075851
12692 186.965942383
12672 180.740118027
12672 182.563066483
12672 184.406042099
12669 182.986974716
12669 188.99512291
12667 184.429883957
12647 183.273077011
12647 182.018995285
12638 184.448003769
12638 182.128190994
12638 186.464071274
12598 181.488037109
12594 183.386087418
12594 186.125993729
12594 184.237957001
12594 185.401201248
12588 189.395904541
12588 184.193134308
12588 186.327934265
12588 183.487176895
12563 190.921068192
12525 189.612865448
12525 181.833982468
12478 187.284946442
12469 184.690952301
12469 184.494018555
12454 186.6979599
12454 185.261964798
12454 183.281183243
12454 184.875011444
12454 183.115959167
12454 190.521001816
12445 182.792901993
12425 182.408094406
12425 183.580160141
12425 182.945013046
12425 182.699203491
12425 184.900999069
12410 183.11715126
12399 182.605981827
12399 184.812784195
12386 183.69102478
12386 191.078901291
12386 185.018062592
12386 191.581964493
12382 186.738014221
12377 183.979034424
12377 191.086053848
12377 187.70980835
12348 183.787822723
12348 184.211015701
12333 184.103965759
12333 183.739900589
12333 185.271024704
12329 184.913158417
12329 183.87389183
12317 185.449123383
12311 184.033870697
12311 188.223838806
12301 184.532880783
12301 186.839103699
12288 183.869838715
12288 189.188957214
12261 186.620950699
12254 187.729120255
12254 183.933973312
12248 185.343980789
12248 186.084985733
12248 184.251070023
12248 186.084032059
12248 187.553167343
12248 189.454078674
12188 187.757968903
12188 188.946962357
12188 192.439079285
12171 185.087919235
12171 184.975862503
12171 189.957141876
12171 185.172796249
12135 189.158916473
12135 187.001943588
12135 184.080839157
12130 189.240217209
12130 197.984933853
12130 186.341047287
12130 192.55900383
12130 187.083005905
12130 186.209917068
12130 188.895940781
12130 187.548160553
12130 187.602996826
12130 187.631130219
12130 186.060905457
12129 187.548160553
12129 189.88609314
12127 193.564176559
12127 194.339990616
12124 186.95807457
12099 192.126989365
12099 191.452026367
12099 187.214851379
12099 188.012123108
12099 188.51184845
12099 187.813043594
12085 187.973976135
12085 188.670158386
12085 191.128969193
12085 194.617986679
12073 187.544107437
12073 189.598083496
12073 193.156003952
12073 193.097114563
12061 188.3289814
12043 186.764955521
12043 188.085794449
12043 189.323186874
12043 193.215847015
12043 189.488172531
12043 187.238931656
12043 188.068151474
12032 192.867994308
12032 187.451124191
12032 200.665950775
12028 196.568012238
12028 192.653894424
12028 196.290016174
12028 188.24005127
12028 189.320802689
12028 188.488960266
12028 187.120914459
11991 191.591978073
11979 190.531015396
11979 197.129964828
11979 195.677995682
11979 188.605070114
11979 190.657138824
11979 191.253900528
11979 188.686132431
11979 194.37789917
11979 190.778970718
11979 193.334102631
11979 191.694021225
11979 228.182077408
11979 221.258878708
11979 197.288036346
11979 191.369056702
11968 191.380977631
11968 194.579124451
11968 203.598976135
11968 198.662042618
11959 191.341161728
11959 204.065084457
11959 212.257146835
11954 205.665111542
11954 206.714868546
11954 190.014839172
11924 201.112985611
11924 195.801973343
11924 200.756072998
11924 191.740989685
11907 199.495077133
11907 190.896034241
11907 190.621852875
11907 194.212198257
11899 191.929101944
11890 195.174217224
11878 194.199800491
11878 192.961931229
11878 194.919109344
11878 193.504095078
11878 191.401958466
11864 191.033124924
11862 191.329956055
11862 198.278903961
11862 193.333148956
11862 198.719978333
11862 216.300010681
11831 208.117961884
11829 222.00012207
11824 217.945814133
11824 207.580089569
11824 196.189165115
11824 199.694871902
11820 203.742027283
11812 206.671953201
11806 201.915979385
11806 191.459178925
11806 199.687957764
11783 216.22800827
11783 212.414979935
11783 207.554101944
11783 207.056999207
11783 209.625005722
11783 208.124160767
11783 210.885047913
11765 213.652849197
11765 206.925153732
11760 195.615053177
11760 191.210985184
11760 191.368818283
11760 204.185009003
11740 195.840120316
11726 206.080913544
11726 194.300889969
11726 207.171201706
11690 215.897083282
11690 214.807987213
11667 197.18503952
11667 197.365999222
11667 194.211959839
11667 205.046892166
11667 193.636894226
11667 205.610990524
11667 194.379806519
11667 192.65294075
11651 198.482990265
11651 193.611860275
11644 194.016933441
11644 195.547819138
11644 193.252801895
11631 196.566820145
11631 194.923877716
11617 198.576211929
11600 193.691968918
11591 191.505908966
11591 191.766023636
11577 197.741985321
11576 198.338031769
11534 193.982839584
11534 194.142103195
11534 197.876930237
11515 203.767061234
11515 194.706916809
11515 199.35798645
11515 198.345184326
11515 198.281049728
11512 197.448015213
11512 193.068027496
11512 200.267076492
11512 199.372053146
11512 196.208953857
11512 194.669961929
11502 197.309970856
11502 197.931051254
11502 193.876981735
11491 192.950963974
11491 194.963932037
11491 200.448989868
11491 201.927900314
11458 194.646835327
11458 193.45498085
11457 195.683002472
11443 195.317983627
11443 203.464984894
11423 197.063207626
11423 193.414211273
11423 194.654941559
11423 193.603038788
11415 199.083089828
11415 201.722860336
11415 195.134878159
11412 195.008993149
11412 194.955825806
11412 198.203086853
11406 194.762945175
11376 193.711042404
11376 200.618028641
11376 199.663162231
11376 200.467824936
11376 196.146011353
11376 195.152997971
11376 197.736978531
11376 195.698022842
11362 199.684858322
11362 198.541164398
11362 203.42707634
11345 200.572013855
11338 195.470809937
11338 200.001955032
11325 200.037956238
11325 194.817066193
11319 197.085857391
11319 199.156999588
11319 200.357913971
11298 199.26404953
11298 200.239181519
11298 201.210021973
11285 196.65813446
11285 197.255849838
11285 195.52898407
11285 203.080177307
11285 200.368881226
11283 196.681022644
11281 202.71396637
11273 200.823068619
11239 201.370954514
11239 203.965902328
11239 198.307037354
11229 197.40486145
11229 198.532819748
11229 195.152997971
11229 196.371078491
11229 198.591947556
11229 202.172994614
11154 202.948093414
11103 195.960998535
11103 201.453208923
11085 200.067996979
11082 200.724840164
11082 197.907924652
11082 196.656942368
11082 196.655035019
11072 197.103023529
11064 197.343111038
11047 198.38809967
11047 197.080850601
11047 196.993112564
11046 205.490112305
11045 199.344873428
11004 197.57604599
11004 199.464082718
11004 197.422981262
10990 205.93214035
10990 200.948953629
10990 195.829868317
10990 205.818891525
10990 200.144052505
10981 203.709125519
10957 197.66998291
10955 198.22716713
10951 196.659088135
10951 198.859930038
10951 203.081846237
10934 203.592061996
10934 199.172019958
10934 198.717832565
10934 202.95381546
10924 204.028844833
10924 205.404043198
10924 201.972961426
10924 198.970079422
10922 198.739051819
10897 206.619977951
10877 202.656030655
10868 200.830936432
10854 197.097063065
10827 199.807167053
10827 200.986146927
10803 204.502820969
10782 199.553012848
10782 200.874090195
10782 199.076890945
10782 200.76084137
10782 202.897071838
10782 203.157901764
10782 196.759223938
10782 200.353860855
10782 201.266050339
10782 200.814008713
10764 205.085992813
10753 198.846817017
10753 204.014062881
10753 200.119018555
