0.11, 774
0.12, 743
0.12, 720
0.12, 708
0.13, 697
0.14, 691
0.14, 680
0.15, 677
0.16, 673
0.16, 671
0.17, 665
0.18, 665
0.19, 664
0.19, 658
0.20, 656
0.21, 649
0.22, 649
0.23, 649
0.24, 647
0.25, 646
0.25, 645
0.26, 640
0.27, 635
0.29, 635
0.31, 634
0.31, 632
0.62, 631
0.63, 631
0.64, 630
0.64, 628
0.80, 628
0.80, 626
0.81, 626
0.95, 626
1.03, 626
1.46, 626
1.47, 624
1.48, 623
1.65, 623
1.79, 623
7.96, 623
7.96, 623
28.12, 623
28.12, 621
29.48, 621
51.97, 621
51.98, 621
208.46, 621
296.28, 621
588.36, 620
588.36, 620
