0.11, 774
0.11, 743
0.12, 720
0.12, 708
0.12, 697
0.14, 691
0.14, 680
0.14, 677
0.16, 673
0.17, 671
0.17, 665
0.19, 665
0.19, 664
0.19, 658
0.21, 656
0.21, 649
0.23, 649
0.23, 649
0.24, 647
0.24, 646
0.26, 645
0.27, 640
0.27, 635
0.29, 635
0.30, 634
0.32, 632
0.59, 631
0.60, 631
0.62, 630
0.62, 628
0.77, 628
0.77, 626
0.77, 626
0.92, 626
0.99, 626
1.40, 626
1.40, 624
1.42, 623
1.57, 623
1.70, 623
7.53, 623
7.53, 623
26.92, 623
26.94, 621
28.00, 621
49.15, 621
49.16, 621
180.99, 621
265.17, 621
546.62, 620
546.62, 620
