0.11, 774
0.11, 743
0.11, 720
0.13, 708
0.13, 697
0.13, 691
0.13, 680
0.15, 677
0.15, 673
0.15, 671
0.17, 665
0.18, 665
0.19, 664
0.20, 658
0.21, 656
0.21, 649
0.23, 649
0.23, 649
0.23, 647
0.23, 646
0.25, 645
0.25, 640
0.27, 635
0.28, 635
0.31, 634
0.31, 632
0.60, 631
0.60, 631
0.62, 630
0.62, 628
0.77, 628
0.77, 626
0.77, 626
0.91, 626
0.98, 626
1.40, 626
1.42, 624
1.42, 623
1.58, 623
1.72, 623
7.60, 623
7.60, 623
26.47, 623
26.49, 621
27.55, 621
48.74, 621
48.76, 621
181.25, 621
265.44, 621
547.80, 620
547.80, 620
