0.07, 774
0.08, 743
0.08, 720
0.10, 708
0.10, 697
0.10, 691
0.12, 680
0.12, 677
0.12, 673
0.13, 671
0.13, 665
0.15, 665
0.16, 664
0.16, 658
0.18, 656
0.18, 649
0.20, 649
0.20, 649
0.20, 647
0.22, 646
0.23, 645
0.23, 640
0.23, 635
0.26, 635
0.28, 634
0.28, 632
0.50, 631
0.53, 631
0.53, 630
0.53, 628
0.65, 628
0.66, 626
0.66, 626
0.80, 626
0.85, 626
1.21, 626
1.22, 624
1.22, 623
1.35, 623
1.48, 623
6.49, 623
6.49, 623
24.92, 623
25.01, 621
27.44, 621
62.97, 621
62.98, 621
208.37, 621
291.13, 621
569.07, 620
569.09, 620
