0.10, 774
0.12, 743
0.12, 720
0.13, 708
0.13, 697
0.15, 691
0.15, 680
0.15, 677
0.16, 673
0.16, 671
0.18, 665
0.18, 665
0.18, 664
0.20, 658
0.22, 656
0.22, 649
0.23, 649
0.23, 649
0.25, 647
0.25, 646
0.26, 645
0.26, 640
0.26, 635
0.29, 635
0.32, 634
0.32, 632
0.62, 631
0.63, 631
0.63, 630
0.63, 628
0.79, 628
0.81, 626
0.81, 626
0.93, 626
1.02, 626
1.45, 626
1.45, 624
1.46, 623
1.62, 623
1.77, 623
7.70, 623
7.71, 623
26.72, 623
26.72, 621
27.80, 621
49.05, 621
49.05, 621
181.27, 621
265.47, 621
546.78, 620
546.78, 620
