0.10, 774
0.11, 743
0.11, 720
0.12, 708
0.12, 697
0.13, 691
0.13, 680
0.14, 677
0.14, 673
0.15, 671
0.16, 665
0.17, 665
0.18, 664
0.19, 658
0.20, 656
0.20, 649
0.22, 649
0.23, 649
0.24, 647
0.25, 646
0.25, 645
0.26, 640
0.27, 635
0.29, 635
0.31, 634
0.31, 632
0.65, 631
0.66, 631
0.67, 630
0.68, 628
0.85, 628
0.85, 626
0.86, 626
1.10, 626
1.19, 626
1.61, 626
1.61, 624
1.63, 623
1.81, 623
1.95, 623
8.20, 623
8.21, 623
28.24, 623
28.25, 621
29.38, 621
52.66, 621
52.66, 621
198.06, 621
284.62, 621
589.03, 620
589.03, 620
