0.10, 774
0.10, 743
0.12, 720
0.13, 708
0.13, 697
0.14, 691
0.15, 680
0.15, 677
0.16, 673
0.16, 671
0.16, 665
0.19, 665
0.20, 664
0.20, 658
0.21, 656
0.22, 649
0.23, 649
0.24, 649
0.24, 647
0.24, 646
0.26, 645
0.27, 640
0.27, 635
0.28, 635
0.31, 634
0.32, 632
0.63, 631
0.64, 631
0.65, 630
0.65, 628
0.80, 628
0.80, 626
0.82, 626
0.96, 626
1.04, 626
1.47, 626
1.47, 624
1.49, 623
1.63, 623
1.79, 623
7.85, 623
7.85, 623
27.24, 623
27.25, 621
28.39, 621
50.90, 621
50.90, 621
189.42, 621
277.13, 621
573.30, 620
573.31, 620
