0.11, 774
0.12, 743
0.12, 720
0.13, 708
0.14, 697
0.14, 691
0.15, 680
0.16, 677
0.16, 673
0.17, 671
0.17, 665
0.19, 665
0.19, 664
0.20, 658
0.21, 656
0.22, 649
0.23, 649
0.24, 649
0.24, 647
0.26, 646
0.26, 645
0.27, 640
0.28, 635
0.31, 635
0.32, 634
0.33, 632
0.62, 631
0.63, 631
0.64, 630
0.64, 628
0.80, 628
0.81, 626
0.81, 626
0.95, 626
1.03, 626
1.48, 626
1.48, 624
1.49, 623
1.65, 623
1.80, 623
8.07, 623
8.07, 623
28.59, 623
28.59, 621
29.74, 621
53.01, 621
53.02, 621
193.40, 621
283.25, 621
584.46, 620
584.47, 620
