3.10, 5510
3.20, 5206
3.31, 5005
3.42, 4844
3.54, 4717
3.66, 4617
3.79, 4536
3.92, 4472
4.05, 4421
4.17, 4378
4.30, 4336
4.42, 4291
4.54, 4251
4.67, 4219
4.79, 4196
4.91, 4174
5.04, 4156
5.16, 4134
5.28, 4114
5.40, 4100
5.52, 4093
5.64, 4085
5.76, 4072
5.89, 4065
6.01, 4050
6.13, 4044
6.25, 4037
6.36, 4026
6.48, 4023
6.60, 4020
6.72, 4017
6.84, 4012
7.08, 4009
7.20, 4003
7.32, 4000
7.44, 4000
7.55, 3995
7.67, 3992
7.79, 3990
7.91, 3984
8.15, 3984
8.74, 3982
8.98, 3982
9.34, 3979
10.05, 3977
10.17, 3977
10.52, 3972
17.65, 3972
17.77, 3969
17.89, 3967
41.58, 3966
41.81, 3964
277.14, 3964
