3.10, 5510
3.20, 5206
3.31, 5005
3.43, 4844
3.55, 4717
3.68, 4617
3.80, 4536
3.93, 4472
4.06, 4421
4.19, 4378
4.31, 4336
4.43, 4291
4.56, 4251
4.68, 4219
4.81, 4196
4.93, 4174
5.05, 4156
5.18, 4134
5.30, 4114
5.42, 4100
5.54, 4093
5.67, 4085
5.79, 4072
5.91, 4065
6.03, 4050
6.16, 4044
6.28, 4037
6.40, 4026
6.52, 4023
6.65, 4020
6.77, 4017
6.89, 4012
7.13, 4009
7.26, 4003
7.38, 4000
7.50, 4000
7.62, 3995
7.74, 3992
7.86, 3990
7.98, 3984
8.22, 3984
8.82, 3982
9.06, 3982
9.42, 3979
10.15, 3977
10.27, 3977
10.63, 3972
17.89, 3972
18.01, 3969
18.12, 3967
41.72, 3966
41.96, 3964
282.23, 3964
