2.93, 5510
3.03, 5206
3.14, 5005
3.25, 4844
3.36, 4717
3.47, 4617
3.59, 4536
3.72, 4472
3.84, 4421
3.95, 4378
4.08, 4336
4.20, 4291
4.31, 4251
4.42, 4219
4.54, 4196
4.65, 4174
4.78, 4156
4.89, 4134
5.01, 4114
5.12, 4100
5.25, 4093
5.36, 4085
5.47, 4072
5.59, 4065
5.70, 4050
5.83, 4044
5.93, 4037
6.05, 4026
6.17, 4023
6.28, 4020
6.40, 4017
6.51, 4012
6.75, 4009
6.86, 4003
6.97, 4000
7.09, 4000
7.21, 3995
7.31, 3992
7.44, 3990
7.55, 3984
7.78, 3984
8.35, 3982
8.58, 3982
8.92, 3979
9.61, 3977
9.72, 3977
10.06, 3972
16.91, 3972
17.02, 3969
17.13, 3967
39.47, 3966
39.69, 3964
268.49, 3964
