2.92, 5510
3.02, 5206
3.13, 5005
3.24, 4844
3.35, 4717
3.47, 4617
3.58, 4536
3.71, 4472
3.83, 4421
3.94, 4378
4.07, 4336
4.18, 4291
4.30, 4251
4.41, 4219
4.54, 4196
4.65, 4174
4.77, 4156
4.88, 4134
4.99, 4114
5.10, 4100
5.23, 4093
5.35, 4085
5.46, 4072
5.57, 4065
5.68, 4050
5.79, 4044
5.91, 4037
6.02, 4026
6.13, 4023
6.26, 4020
6.37, 4017
6.48, 4012
6.70, 4009
6.82, 4003
6.93, 4000
7.04, 4000
7.15, 3995
7.27, 3992
7.38, 3990
7.49, 3984
7.73, 3984
8.28, 3982
8.49, 3982
8.84, 3979
9.50, 3977
9.61, 3977
9.95, 3972
16.72, 3972
16.83, 3969
16.94, 3967
38.89, 3966
39.10, 3964
268.74, 3964
