3.11, 5510
3.20, 5206
3.32, 5005
3.43, 4844
3.56, 4717
3.68, 4617
3.81, 4536
3.93, 4472
4.07, 4421
4.19, 4378
4.32, 4336
4.44, 4291
4.57, 4251
4.69, 4219
4.81, 4196
4.94, 4174
5.07, 4156
5.19, 4134
5.32, 4114
5.44, 4100
5.57, 4093
5.69, 4085
5.81, 4072
5.93, 4065
6.05, 4050
6.17, 4044
6.30, 4037
6.41, 4026
6.54, 4023
6.66, 4020
6.78, 4017
6.90, 4012
7.15, 4009
7.27, 4003
7.39, 4000
7.51, 4000
7.63, 3995
7.75, 3992
7.87, 3990
8.00, 3984
8.24, 3984
8.83, 3982
9.07, 3982
9.43, 3979
10.15, 3977
10.27, 3977
10.63, 3972
17.87, 3972
17.99, 3969
18.11, 3967
41.73, 3966
41.97, 3964
284.59, 3964
