3.46, 5510
3.56, 5206
3.68, 5005
3.84, 4844
3.98, 4717
4.12, 4617
4.25, 4536
4.37, 4472
4.50, 4421
4.65, 4378
4.79, 4336
4.93, 4291
5.08, 4251
5.21, 4219
5.34, 4196
5.47, 4174
5.60, 4156
5.72, 4134
5.85, 4114
5.98, 4100
6.11, 4093
6.24, 4085
6.36, 4072
6.49, 4065
6.61, 4050
6.73, 4044
6.86, 4037
6.98, 4026
7.11, 4023
7.23, 4020
7.35, 4017
7.48, 4012
7.73, 4009
7.86, 4003
7.98, 4000
8.11, 4000
8.23, 3995
8.35, 3992
8.48, 3990
8.61, 3984
8.85, 3984
9.47, 3982
9.72, 3982
10.12, 3979
10.85, 3977
10.98, 3977
11.40, 3972
20.55, 3972
20.68, 3969
20.82, 3967
49.13, 3966
49.41, 3964
292.98, 3964
