2.89, 5510
2.98, 5206
3.09, 5005
3.20, 4844
3.31, 4717
3.42, 4617
3.54, 4536
3.65, 4472
3.78, 4421
3.90, 4378
4.01, 4336
4.14, 4291
4.25, 4251
4.36, 4219
4.48, 4196
4.59, 4174
4.72, 4156
4.83, 4134
4.95, 4114
5.06, 4100
5.19, 4093
5.30, 4085
5.41, 4072
5.53, 4065
5.64, 4050
5.75, 4044
5.88, 4037
5.99, 4026
6.09, 4023
6.20, 4020
6.33, 4017
6.44, 4012
6.66, 4009
6.77, 4003
6.88, 4000
7.00, 4000
7.11, 3995
7.22, 3992
7.33, 3990
7.44, 3984
7.67, 3984
8.22, 3982
8.46, 3982
8.78, 3979
9.49, 3977
9.60, 3977
9.94, 3972
16.70, 3972
16.81, 3969
16.92, 3967
39.05, 3966
39.27, 3964
267.45, 3964
