3.13, 5510
3.23, 5206
3.34, 5005
3.46, 4844
3.58, 4717
3.71, 4617
3.83, 4536
3.96, 4472
4.09, 4421
4.22, 4378
4.35, 4336
4.47, 4291
4.59, 4251
4.72, 4219
4.84, 4196
4.96, 4174
5.09, 4156
5.21, 4134
5.33, 4114
5.45, 4100
5.58, 4093
5.70, 4085
5.83, 4072
5.95, 4065
6.07, 4050
6.20, 4044
6.32, 4037
6.44, 4026
6.56, 4023
6.68, 4020
6.80, 4017
6.92, 4012
7.16, 4009
7.28, 4003
7.40, 4000
7.52, 4000
7.65, 3995
7.77, 3992
7.89, 3990
8.01, 3984
8.25, 3984
8.85, 3982
9.09, 3982
9.45, 3979
10.17, 3977
10.29, 3977
10.64, 3972
17.99, 3972
18.12, 3969
18.23, 3967
43.24, 3966
43.51, 3964
285.33, 3964
