3.12, 5510
3.21, 5206
3.33, 5005
3.45, 4844
3.57, 4717
3.70, 4617
3.82, 4536
3.95, 4472
4.08, 4421
4.21, 4378
4.33, 4336
4.45, 4291
4.58, 4251
4.70, 4219
4.82, 4196
4.95, 4174
5.07, 4156
5.19, 4134
5.31, 4114
5.44, 4100
5.56, 4093
5.68, 4085
5.81, 4072
5.93, 4065
6.05, 4050
6.17, 4044
6.29, 4037
6.42, 4026
6.54, 4023
6.67, 4020
6.79, 4017
6.90, 4012
7.15, 4009
7.27, 4003
7.39, 4000
7.51, 4000
7.63, 3995
7.76, 3992
7.88, 3990
8.00, 3984
8.27, 3984
8.88, 3982
9.12, 3982
9.53, 3979
10.35, 3977
10.48, 3977
10.89, 3972
19.27, 3972
19.41, 3969
19.54, 3967
43.47, 3966
43.70, 3964
284.49, 3964
