16.14, 9666
16.67, 9148
17.34, 8723
17.83, 8340
18.27, 7986
18.80, 7664
19.26, 7424
19.72, 7202
20.18, 7004
20.62, 6828
21.05, 6646
21.46, 6467
21.89, 6335
22.29, 6202
22.69, 6092
23.07, 5986
23.43, 5891
23.86, 5832
24.22, 5753
24.55, 5695
24.86, 5623
25.16, 5572
25.43, 5539
25.70, 5497
25.97, 5443
26.24, 5407
26.53, 5372
26.84, 5348
27.12, 5316
27.43, 5289
27.74, 5281
28.02, 5270
28.29, 5261
28.56, 5249
28.83, 5239
29.12, 5222
29.43, 5221
29.71, 5204
30.02, 5198
30.31, 5173
30.63, 5167
33.08, 5165
33.37, 5156
33.68, 5155
34.25, 5152
34.49, 5140
34.99, 5139
35.24, 5125
36.09, 5124
36.38, 5121
38.06, 5110
39.27, 5106
40.60, 5101
41.15, 5094
48.98, 5090
49.25, 5088
53.58, 5082
76.90, 5068
