17.10, 9666
17.53, 9148
18.06, 8723
18.71, 8340
19.34, 7986
19.92, 7664
20.57, 7424
21.23, 7202
21.91, 7004
22.60, 6828
23.92, 6646
24.48, 6467
24.96, 6335
25.36, 6202
25.80, 6092
26.18, 5986
26.55, 5891
26.96, 5832
27.45, 5753
28.05, 5695
28.59, 5623
28.92, 5572
29.23, 5539
29.66, 5497
30.02, 5443
30.26, 5407
30.53, 5372
30.81, 5348
31.09, 5316
31.36, 5289
31.66, 5281
31.95, 5270
32.23, 5261
32.49, 5249
32.89, 5239
33.27, 5222
33.83, 5221
34.54, 5204
35.06, 5198
35.48, 5173
35.97, 5167
41.82, 5165
42.79, 5156
43.40, 5155
45.83, 5152
46.62, 5140
48.80, 5139
49.54, 5125
51.57, 5124
52.58, 5121
57.51, 5110
63.25, 5106
70.04, 5101
72.32, 5094
115.76, 5090
117.15, 5088
148.33, 5082
334.62, 5068
