13.55, 9666
13.95, 9148
14.37, 8723
14.79, 8340
15.20, 7986
15.61, 7664
16.05, 7424
16.48, 7202
16.91, 7004
17.33, 6828
17.77, 6646
18.22, 6467
18.77, 6335
19.24, 6202
19.64, 6092
20.00, 5986
20.34, 5891
20.71, 5832
21.04, 5753
21.35, 5695
21.66, 5623
21.96, 5572
22.22, 5539
22.49, 5497
22.74, 5443
22.98, 5407
23.23, 5372
23.49, 5348
23.76, 5316
24.02, 5289
24.29, 5281
24.55, 5270
24.81, 5261
25.05, 5249
25.32, 5239
25.57, 5222
25.88, 5221
26.17, 5204
26.46, 5198
26.74, 5173
27.02, 5167
29.42, 5165
29.70, 5156
29.99, 5155
30.56, 5152
30.78, 5140
31.25, 5139
31.49, 5125
32.24, 5124
32.50, 5121
33.98, 5110
34.99, 5106
36.23, 5101
36.73, 5094
43.66, 5090
43.92, 5088
48.17, 5082
69.58, 5068
562.62, 5066
562.86, 5065
