16.48, 9666
16.95, 9148
17.46, 8723
17.96, 8340
18.50, 7986
19.01, 7664
19.56, 7424
20.12, 7202
20.66, 7004
21.17, 6828
21.66, 6646
22.12, 6467
22.64, 6335
23.11, 6202
23.62, 6092
24.06, 5986
24.50, 5891
24.96, 5832
25.38, 5753
25.77, 5695
26.13, 5623
26.49, 5572
26.82, 5539
27.13, 5497
27.44, 5443
27.75, 5407
28.06, 5372
28.42, 5348
28.75, 5316
29.06, 5289
29.40, 5281
29.71, 5270
30.04, 5261
30.34, 5249
30.66, 5239
30.99, 5222
31.38, 5221
31.74, 5204
32.10, 5198
32.49, 5173
32.83, 5167
35.78, 5165
36.12, 5156
36.46, 5155
37.18, 5152
37.45, 5140
38.03, 5139
38.33, 5125
39.27, 5124
39.60, 5121
41.37, 5110
42.63, 5106
44.30, 5101
44.91, 5094
52.96, 5090
53.31, 5088
58.66, 5082
84.27, 5068
