14.30, 9666
14.71, 9148
15.13, 8723
15.56, 8340
15.97, 7986
16.38, 7664
16.82, 7424
17.25, 7202
17.68, 7004
18.10, 6828
18.51, 6646
18.90, 6467
19.30, 6335
19.68, 6202
20.07, 6092
20.41, 5986
20.76, 5891
21.12, 5832
21.44, 5753
21.77, 5695
22.06, 5623
22.35, 5572
22.62, 5539
22.88, 5497
23.13, 5443
23.37, 5407
23.63, 5372
23.89, 5348
24.16, 5316
24.41, 5289
24.69, 5281
24.95, 5270
25.27, 5261
25.62, 5249
26.01, 5239
26.27, 5222
26.60, 5221
26.88, 5204
27.17, 5198
27.45, 5173
27.74, 5167
30.11, 5165
30.40, 5156
30.68, 5155
31.25, 5152
31.47, 5140
31.94, 5139
32.17, 5125
32.91, 5124
33.17, 5121
34.63, 5110
35.63, 5106
36.90, 5101
37.40, 5094
44.27, 5090
44.53, 5088
48.74, 5082
70.00, 5068
