16.33, 9666
16.84, 9148
17.37, 8723
17.93, 8340
18.46, 7986
18.99, 7664
19.59, 7424
20.16, 7202
20.71, 7004
21.25, 6828
21.80, 6646
22.26, 6467
22.78, 6335
23.26, 6202
23.74, 6092
24.19, 5986
24.63, 5891
25.07, 5832
25.47, 5753
25.88, 5695
26.26, 5623
26.64, 5572
26.98, 5539
27.31, 5497
27.62, 5443
27.92, 5407
28.25, 5372
28.61, 5348
28.94, 5316
29.27, 5289
29.61, 5281
29.94, 5270
30.27, 5261
30.60, 5249
30.93, 5239
31.24, 5222
31.64, 5221
31.99, 5204
32.38, 5198
32.75, 5173
33.12, 5167
36.35, 5165
36.73, 5156
37.09, 5155
37.88, 5152
38.15, 5140
38.75, 5139
39.05, 5125
39.98, 5124
40.31, 5121
42.17, 5110
43.45, 5106
45.09, 5101
45.73, 5094
55.83, 5090
56.17, 5088
61.59, 5082
95.81, 5068
