20.83, 9666
21.32, 9148
21.83, 8723
22.37, 8340
22.87, 7986
23.33, 7664
23.98, 7424
24.47, 7202
24.96, 7004
25.42, 6828
25.86, 6646
26.28, 6467
26.72, 6335
27.13, 6202
27.55, 6092
27.94, 5986
28.33, 5891
28.75, 5832
29.17, 5753
29.51, 5695
29.89, 5623
30.23, 5572
30.60, 5539
30.90, 5497
31.15, 5443
31.42, 5407
31.72, 5372
32.03, 5348
32.36, 5316
32.71, 5289
33.01, 5281
33.45, 5270
33.74, 5261
34.07, 5249
34.51, 5239
34.93, 5222
35.66, 5221
36.13, 5204
36.60, 5198
37.06, 5173
37.59, 5167
41.04, 5165
41.45, 5156
41.90, 5155
42.90, 5152
43.23, 5140
43.89, 5139
44.22, 5125
45.47, 5124
45.77, 5121
47.67, 5110
48.96, 5106
50.46, 5101
50.97, 5094
58.13, 5090
58.41, 5088
62.80, 5082
84.93, 5068
