18.83, 9666
19.50, 9148
20.05, 8723
20.63, 8340
21.40, 7986
22.00, 7664
22.76, 7424
24.11, 7202
25.77, 7004
27.45, 6828
28.51, 6646
29.17, 6467
29.72, 6335
30.41, 6202
30.96, 6092
31.52, 5986
31.91, 5891
32.48, 5832
32.84, 5753
33.30, 5695
33.62, 5623
33.95, 5572
34.32, 5539
34.61, 5497
34.87, 5443
35.24, 5407
35.51, 5372
35.78, 5348
36.18, 5316
36.47, 5289
36.76, 5281
37.15, 5270
37.45, 5261
37.71, 5249
38.09, 5239
38.37, 5222
38.70, 5221
39.08, 5204
39.42, 5198
39.70, 5173
40.05, 5167
44.37, 5165
44.76, 5156
45.23, 5155
46.44, 5152
46.86, 5140
47.90, 5139
48.51, 5125
49.95, 5124
50.36, 5121
53.41, 5110
54.61, 5106
56.64, 5101
57.57, 5094
66.54, 5090
66.82, 5088
72.50, 5082
99.95, 5068
