14.25, 9666
14.65, 9148
15.07, 8723
15.49, 8340
15.91, 7986
16.33, 7664
16.77, 7424
17.27, 7202
17.80, 7004
18.26, 6828
18.77, 6646
19.22, 6467
19.64, 6335
20.04, 6202
20.99, 6092
21.35, 5986
21.71, 5891
22.24, 5832
22.56, 5753
22.88, 5695
23.18, 5623
23.48, 5572
23.76, 5539
24.04, 5497
24.30, 5443
24.58, 5407
24.84, 5372
25.11, 5348
25.37, 5316
25.63, 5289
25.90, 5281
26.17, 5270
26.43, 5261
26.68, 5249
27.00, 5239
27.26, 5222
27.60, 5221
27.91, 5204
28.23, 5198
28.51, 5173
28.81, 5167
31.30, 5165
31.59, 5156
31.86, 5155
32.42, 5152
32.64, 5140
33.10, 5139
33.34, 5125
34.08, 5124
34.34, 5121
35.88, 5110
37.25, 5106
38.86, 5101
39.36, 5094
46.26, 5090
46.56, 5088
50.80, 5082
71.99, 5068
567.00, 5066
567.23, 5065
