0.01, 165
0.01, 164
0.01, 163
0.01, 163
0.01, 163
0.01, 163
0.01, 163
0.02, 162
0.02, 162
0.02, 162
0.02, 162
0.02, 162
0.03, 162
0.03, 162
0.04, 162
0.04, 162
0.04, 162
0.06, 162
0.06, 162
0.06, 162
0.07, 162
0.07, 161
0.07, 161
0.13, 161
0.15, 161
0.15, 161
0.20, 161
0.22, 161
0.22, 161
0.24, 161
0.26, 161
0.26, 161
0.32, 161
0.33, 161
0.33, 161
0.33, 161
0.34, 161
0.34, 161
0.35, 161
0.36, 161
0.36, 161
0.43, 161
0.50, 161
0.50, 161
0.51, 161
0.51, 161
0.51, 160
0.61, 160
0.74, 160
0.84, 160
1.12, 160
1.18, 160
1.18, 160
1.18, 160
1.19, 160
1.19, 160
1.34, 160
1.35, 160
1.37, 160
1.38, 160
1.38, 160
1.38, 160
1.40, 160
1.40, 160
1.62, 160
1.62, 160
1.77, 160
2.26, 160
2.39, 160
2.64, 160
3.14, 160
3.30, 160
3.33, 160
3.33, 160
3.33, 160
3.69, 160
4.16, 160
4.16, 160
4.56, 160
4.98, 160
4.98, 160
5.10, 160
5.10, 160
5.63, 160
5.77, 160
5.77, 160
5.77, 160
5.86, 160
6.24, 160
6.31, 160
6.33, 160
6.42, 160
6.42, 160
6.42, 160
6.42, 160
6.42, 160
6.43, 160
6.51, 160
6.52, 160
6.52, 160
6.56, 160
6.67, 160
6.73, 160
6.74, 160
6.74, 160
6.74, 160
6.88, 160
6.88, 160
6.93, 160
7.00, 160
7.01, 160
7.01, 160
7.01, 160
7.01, 160
7.07, 160
7.07, 160
7.07, 160
7.34, 160
7.61, 160
7.61, 160
7.61, 160
7.66, 160
7.66, 160
7.66, 160
7.66, 160
7.72, 160
7.96, 160
8.04, 160
8.48, 160
8.59, 160
8.64, 160
8.69, 160
8.70, 160
8.70, 160
8.71, 160
8.90, 160
9.06, 160
9.10, 160
9.13, 160
9.17, 160
9.22, 160
9.22, 160
9.31, 160
9.31, 160
9.32, 160
9.36, 160
9.36, 160
9.43, 160
9.55, 160
9.57, 160
9.67, 160
9.67, 160
9.67, 160
9.67, 160
9.76, 160
9.77, 160
9.85, 160
9.85, 160
10.20, 160
10.29, 160
10.29, 160
10.34, 160
10.50, 160
10.53, 160
10.54, 160
10.76, 160
10.78, 160
10.95, 160
10.96, 160
10.96, 160
11.21, 160
11.22, 160
11.33, 160
11.33, 160
11.34, 160
11.34, 160
11.35, 160
11.37, 160
11.39, 160
11.39, 160
11.39, 160
11.70, 160
11.71, 160
12.08, 160
12.08, 160
12.09, 160
12.25, 160
12.27, 160
12.43, 160
12.44, 160
12.44, 160
12.46, 160
12.46, 160
12.46, 160
12.71, 160
12.72, 160
12.78, 160
12.78, 160
12.78, 160
12.79, 160
12.99, 160
13.00, 160
13.16, 160
13.17, 160
13.39, 160
13.39, 160
13.39, 160
13.48, 160
13.59, 160
13.60, 160
13.60, 160
13.65, 160
13.65, 160
13.65, 160
13.86, 160
13.86, 160
13.86, 160
14.10, 160
14.20, 160
14.22, 160
14.43, 160
14.45, 160
14.45, 160
14.45, 160
14.45, 160
14.45, 160
14.61, 160
14.64, 160
14.64, 160
14.70, 160
14.76, 160
14.77, 160
14.77, 160
14.89, 160
14.92, 160
14.92, 160
14.93, 160
14.94, 160
14.97, 160
15.30, 160
15.58, 160
15.72, 160
15.75, 160
15.95, 160
16.05, 160
16.46, 160
16.46, 160
16.72, 160
16.74, 160
16.86, 160
16.86, 160
16.89, 160
16.90, 160
16.98, 160
17.00, 160
17.08, 160
17.08, 160
17.08, 160
17.29, 160
17.29, 160
17.30, 160
17.32, 160
17.45, 160
17.76, 160
18.13, 160
18.13, 160
18.40, 160
18.42, 160
18.83, 160
18.99, 160
18.99, 160
19.25, 160
19.25, 160
19.35, 160
19.84, 160
20.01, 160
20.04, 160
20.06, 160
20.06, 160
20.07, 160
20.08, 160
20.11, 160
20.14, 160
20.14, 160
20.15, 160
21.15, 160
21.26, 160
21.27, 160
21.27, 160
21.27, 160
21.44, 160
21.46, 160
21.52, 160
21.67, 160
21.85, 160
21.85, 160
21.88, 160
22.07, 160
22.22, 160
22.22, 160
22.34, 160
22.34, 160
22.35, 160
22.35, 160
22.35, 160
22.42, 160
22.42, 160
22.48, 160
22.48, 160
22.51, 160
22.97, 160
22.97, 160
23.10, 160
23.29, 160
23.29, 160
23.47, 160
23.52, 160
23.55, 160
23.55, 160
23.76, 160
23.82, 160
23.82, 160
23.82, 160
23.82, 160
23.95, 160
23.95, 160
24.02, 160
24.07, 160
24.27, 160
24.33, 160
24.44, 160
24.49, 160
24.65, 160
24.65, 160
24.67, 160
24.67, 160
24.72, 160
24.72, 160
24.78, 160
24.79, 160
24.79, 160
24.89, 160
24.99, 160
25.74, 160
25.74, 160
25.79, 160
25.80, 160
26.03, 160
26.03, 160
26.07, 160
26.14, 160
26.35, 160
26.36, 160
26.58, 160
26.69, 160
26.74, 160
26.88, 160
27.24, 160
27.35, 160
27.35, 160
28.03, 160
28.04, 160
28.22, 160
28.22, 160
28.23, 160
28.30, 160
28.47, 160
28.58, 160
28.58, 160
28.58, 160
28.65, 160
28.65, 160
28.65, 160
28.66, 160
28.80, 160
28.95, 160
28.98, 160
28.99, 160
29.25, 160
29.36, 160
29.36, 160
29.36, 160
29.36, 160
29.37, 160
29.41, 160
29.46, 160
29.62, 160
29.77, 160
29.85, 160
29.86, 160
30.00, 160
30.34, 160
30.34, 160
30.67, 160
30.87, 160
30.87, 160
30.88, 160
30.89, 160
30.97, 160
30.97, 160
30.99, 160
30.99, 160
31.15, 160
31.16, 160
31.20, 160
31.21, 160
31.33, 160
31.58, 160
31.86, 160
31.86, 160
31.87, 160
31.87, 160
31.92, 160
31.92, 160
31.92, 160
32.07, 160
32.08, 160
32.19, 160
32.42, 160
32.42, 160
32.43, 160
32.60, 160
32.60, 160
32.60, 160
32.73, 160
32.74, 160
32.83, 160
33.55, 160
33.75, 160
33.83, 160
33.83, 160
33.95, 160
34.16, 160
34.42, 160
34.43, 160
34.51, 160
34.71, 160
34.71, 160
34.73, 160
35.02, 160
35.07, 160
35.19, 160
35.19, 160
35.19, 160
35.20, 160
35.43, 160
35.43, 160
35.62, 160
36.19, 160
36.45, 160
36.88, 160
36.88, 160
36.88, 160
37.03, 160
37.13, 160
37.33, 160
37.33, 160
37.51, 160
37.96, 160
37.98, 160
37.98, 160
38.44, 160
38.45, 160
38.45, 160
38.46, 160
38.47, 160
38.50, 160
38.50, 160
38.51, 160
38.52, 160
38.52, 160
38.57, 160
39.02, 160
39.22, 160
39.22, 160
39.23, 160
39.27, 160
39.27, 160
39.27, 160
39.27, 160
39.35, 160
39.66, 160
40.27, 160
40.27, 160
40.28, 160
40.60, 160
40.93, 160
40.94, 160
41.08, 160
41.08, 160
41.33, 160
41.43, 160
41.52, 160
41.52, 160
41.52, 160
41.57, 160
41.77, 160
41.86, 160
41.88, 160
41.90, 160
41.99, 160
41.99, 160
42.04, 160
42.05, 160
42.05, 160
42.07, 160
42.45, 160
42.45, 160
42.45, 160
42.51, 160
43.14, 160
43.14, 160
43.14, 160
43.22, 160
43.22, 160
43.22, 160
43.50, 160
43.51, 160
43.80, 160
43.80, 160
43.94, 160
44.63, 160
44.81, 160
45.24, 160
45.29, 160
45.50, 160
45.50, 160
45.73, 160
45.73, 160
46.12, 160
46.31, 160
46.31, 160
46.32, 160
46.34, 160
46.70, 160
46.70, 160
46.77, 160
47.53, 160
47.53, 160
47.59, 160
47.87, 160
48.02, 160
48.03, 160
48.03, 160
48.20, 160
48.24, 160
48.29, 160
48.29, 160
48.31, 160
48.34, 160
48.52, 160
48.52, 160
48.53, 160
48.83, 160
48.85, 160
49.27, 160
49.37, 160
49.42, 160
49.50, 160
49.63, 160
49.63, 160
49.63, 160
49.78, 160
49.79, 160
49.81, 160
49.82, 160
49.83, 160
49.83, 160
49.95, 160
50.16, 160
50.49, 160
50.49, 160
50.49, 160
50.52, 160
50.53, 160
50.65, 160
50.65, 160
50.65, 160
50.94, 160
51.05, 160
51.08, 160
51.08, 160
51.08, 160
51.09, 160
51.15, 160
51.30, 160
51.35, 160
51.35, 160
51.37, 160
51.37, 160
51.90, 160
51.91, 160
51.91, 160
51.91, 160
52.58, 160
52.73, 160
52.78, 160
52.78, 160
53.05, 160
53.07, 160
53.07, 160
53.13, 160
53.28, 160
53.47, 160
53.96, 160
53.99, 160
54.08, 160
54.08, 160
54.17, 160
54.18, 160
54.18, 160
54.68, 160
54.73, 160
54.74, 160
54.74, 160
54.74, 160
54.74, 160
54.81, 160
55.15, 160
55.16, 160
55.19, 160
55.19, 160
55.46, 160
55.58, 160
55.58, 160
55.69, 160
55.72, 160
55.78, 160
55.78, 160
55.78, 160
55.79, 160
56.06, 160
56.06, 160
56.41, 160
56.43, 160
56.43, 160
56.43, 160
56.44, 160
56.44, 160
56.46, 160
56.46, 160
56.46, 160
56.51, 160
56.51, 160
56.51, 160
56.51, 160
56.56, 160
56.76, 160
56.77, 160
56.78, 160
57.25, 160
57.27, 160
57.34, 160
57.72, 160
57.89, 160
58.38, 160
58.44, 160
58.48, 160
58.81, 160
58.81, 160
59.09, 160
59.09, 160
59.11, 160
59.11, 160
59.24, 160
59.24, 160
59.55, 160
59.55, 160
59.60, 160
59.61, 160
59.61, 160
59.94, 160
59.94, 160
60.07, 160
60.07, 160
60.10, 160
60.10, 160
60.12, 160
60.12, 160
60.19, 160
60.61, 160
60.74, 160
60.74, 160
60.75, 160
60.76, 160
61.15, 160
61.34, 160
61.41, 160
61.62, 160
61.63, 160
61.63, 160
61.78, 160
61.78, 160
61.86, 160
61.86, 160
61.88, 160
61.99, 160
62.10, 160
62.13, 160
62.17, 160
62.18, 160
62.37, 160
62.49, 160
62.49, 160
62.49, 160
62.49, 160
62.58, 160
62.59, 160
62.59, 160
62.60, 160
62.78, 160
62.79, 160
62.79, 160
62.79, 160
62.80, 160
62.89, 160
62.89, 160
62.89, 160
62.91, 160
62.91, 160
63.14, 160
63.14, 160
63.22, 160
63.22, 160
63.34, 160
63.57, 160
63.57, 160
63.58, 160
63.58, 160
63.58, 160
63.58, 160
63.58, 160
63.60, 160
63.70, 160
63.86, 160
63.87, 160
63.87, 160
63.88, 160
63.88, 160
63.91, 160
63.91, 160
63.91, 160
63.91, 160
64.10, 160
64.10, 160
64.10, 160
64.11, 160
64.11, 160
64.58, 160
64.59, 160
64.59, 160
64.59, 160
64.59, 160
64.78, 160
64.79, 160
64.79, 160
64.80, 160
65.09, 160
65.17, 160
65.17, 160
65.21, 160
65.22, 160
65.27, 160
65.27, 160
65.39, 160
65.39, 160
65.40, 160
65.67, 160
65.67, 160
65.77, 160
65.97, 160
66.09, 160
66.10, 160
66.10, 160
66.19, 160
66.24, 160
66.25, 160
66.27, 160
66.28, 160
66.28, 160
66.29, 160
66.30, 160
66.30, 160
66.30, 160
66.30, 160
66.31, 160
66.39, 160
66.39, 160
66.46, 160
66.46, 160
66.58, 160
66.58, 160
66.58, 160
66.62, 160
66.68, 160
66.68, 160
66.75, 160
66.84, 160
66.85, 160
66.85, 160
66.88, 160
66.94, 160
66.94, 160
67.05, 160
67.20, 160
67.27, 160
67.60, 160
67.61, 160
67.72, 160
67.72, 160
67.73, 160
67.73, 160
67.98, 160
67.98, 160
68.15, 160
68.34, 160
68.34, 160
68.34, 160
68.34, 160
68.41, 160
68.41, 160
68.41, 160
68.58, 160
68.69, 160
68.79, 160
68.83, 160
68.83, 160
68.88, 160
68.88, 160
68.88, 160
69.28, 160
69.40, 160
69.41, 160
69.51, 160
69.71, 160
69.72, 160
70.25, 160
70.63, 160
70.63, 160
70.63, 160
70.65, 160
70.83, 160
70.84, 160
70.84, 160
70.90, 160
70.90, 160
70.93, 160
70.93, 160
70.93, 160
70.93, 160
70.96, 160
71.55, 160
71.55, 160
71.56, 160
71.56, 160
71.76, 160
71.76, 160
71.79, 160
71.84, 160
71.85, 160
71.87, 160
72.15, 160
72.16, 160
72.37, 160
72.85, 160
72.86, 160
72.86, 160
72.92, 160
73.34, 160
73.49, 160
73.72, 160
73.96, 160
74.31, 160
74.32, 160
74.33, 160
74.46, 160
74.49, 160
74.51, 160
74.83, 160
74.83, 160
74.89, 160
74.89, 160
74.95, 160
74.95, 160
74.99, 160
75.27, 160
75.32, 160
75.61, 160
75.97, 160
75.97, 160
76.00, 160
76.35, 160
76.35, 160
76.38, 160
76.38, 160
76.45, 160
76.45, 160
76.52, 160
76.52, 160
76.56, 160
76.56, 160
76.77, 160
76.77, 160
76.77, 160
76.79, 160
76.80, 160
76.81, 160
76.81, 160
76.81, 160
77.19, 160
77.19, 160
77.19, 160
77.19, 160
77.20, 160
77.24, 160
77.37, 160
77.37, 160
77.37, 160
77.37, 160
77.37, 160
77.37, 160
77.47, 160
77.48, 160
77.56, 160
78.08, 160
78.08, 160
78.09, 160
78.09, 160
78.39, 160
78.39, 160
78.40, 160
78.44, 160
78.46, 160
78.46, 160
78.46, 160
78.49, 160
78.50, 160
78.52, 160
78.52, 160
78.69, 160
79.14, 160
79.15, 160
79.49, 160
79.78, 160
79.93, 160
79.94, 160
80.00, 160
80.00, 160
80.19, 160
80.19, 160
80.19, 160
80.47, 160
80.47, 160
80.47, 160
80.57, 160
80.57, 160
80.59, 160
80.80, 160
80.80, 160
81.36, 160
81.40, 160
81.42, 160
81.42, 160
81.48, 160
81.85, 160
81.99, 160
81.99, 160
82.10, 160
82.47, 160
82.47, 160
82.59, 160
82.60, 160
82.60, 160
82.60, 160
82.61, 160
82.75, 160
82.75, 160
82.94, 160
83.03, 160
83.16, 160
83.16, 160
83.32, 160
83.65, 160
83.85, 160
83.85, 160
83.94, 160
83.95, 160
83.95, 160
83.95, 160
83.96, 160
84.12, 160
84.12, 160
84.28, 160
84.28, 160
84.35, 160
84.35, 160
84.94, 160
84.95, 160
85.18, 160
85.18, 160
85.48, 160
85.76, 160
85.77, 160
85.93, 160
85.95, 160
85.95, 160
85.95, 160
85.95, 160
85.97, 160
85.97, 160
86.17, 160
86.27, 160
86.42, 160
86.49, 160
86.49, 160
86.49, 160
86.50, 160
86.51, 160
86.51, 160
86.51, 160
86.52, 160
86.52, 160
86.53, 160
86.53, 160
86.54, 160
86.54, 160
86.56, 160
86.56, 160
86.56, 160
86.62, 160
86.62, 160
86.82, 160
86.89, 160
86.90, 160
86.90, 160
86.90, 160
86.91, 160
86.91, 160
86.91, 160
86.91, 160
86.98, 160
87.00, 160
87.00, 160
87.19, 160
87.28, 160
87.28, 160
87.28, 160
87.33, 160
87.34, 160
87.81, 160
88.05, 160
88.05, 160
88.10, 160
88.33, 160
88.47, 160
88.48, 160
88.48, 160
88.48, 160
88.55, 160
88.64, 160
88.64, 160
88.82, 160
88.85, 160
88.85, 160
89.23, 160
89.52, 160
89.52, 160
89.75, 160
89.75, 160
90.07, 160
90.11, 160
90.11, 160
90.11, 160
90.11, 160
90.26, 160
90.26, 160
90.26, 160
90.26, 160
90.27, 160
90.33, 160
90.48, 160
90.48, 160
90.48, 160
90.50, 160
90.51, 160
90.51, 160
90.51, 160
90.84, 160
90.85, 160
90.86, 160
90.93, 160
90.93, 160
91.31, 160
91.36, 160
91.40, 160
91.40, 160
91.40, 160
91.40, 160
91.66, 160
91.66, 160
91.69, 160
92.00, 160
92.07, 160
92.07, 160
92.08, 160
92.11, 160
92.11, 160
92.11, 160
92.11, 160
92.27, 160
92.28, 160
92.38, 160
92.53, 160
92.53, 160
92.54, 160
92.54, 160
92.54, 160
92.54, 160
92.54, 160
92.61, 160
92.61, 160
92.68, 160
93.09, 160
93.09, 160
93.09, 160
93.43, 160
93.45, 160
93.45, 160
93.95, 160
93.95, 160
93.97, 160
94.22, 160
94.22, 160
94.22, 160
94.23, 160
94.23, 160
94.23, 160
94.36, 160
94.36, 160
94.55, 160
94.55, 160
94.55, 160
94.67, 160
94.67, 160
94.71, 160
94.75, 160
94.88, 160
94.88, 160
94.88, 160
94.88, 160
94.95, 160
94.95, 160
94.95, 160
94.95, 160
94.95, 160
94.96, 160
94.96, 160
94.96, 160
94.97, 160
95.45, 160
95.46, 160
95.50, 160
95.51, 160
95.51, 160
95.74, 160
95.74, 160
95.98, 160
96.26, 160
96.35, 160
96.58, 160
96.61, 160
96.78, 160
96.79, 160
96.91, 160
96.95, 160
97.00, 160
97.07, 160
97.09, 160
97.09, 160
97.09, 160
97.10, 160
97.10, 160
97.24, 160
97.41, 160
97.69, 160
97.71, 160
97.75, 160
97.75, 160
97.76, 160
97.76, 160
97.76, 160
97.76, 160
97.76, 160
97.76, 160
97.77, 160
97.77, 160
98.29, 160
98.57, 160
98.59, 160
98.98, 160
98.98, 160
98.98, 160
98.98, 160
98.98, 160
99.23, 160
99.61, 160
99.62, 160
99.62, 160
100.06, 160
100.08, 160
100.14, 160
100.15, 160
100.19, 160
100.19, 160
100.26, 160
100.26, 160
100.41, 160
100.50, 160
100.50, 160
100.88, 160
100.89, 160
100.89, 160
100.89, 160
100.89, 160
100.89, 160
101.01, 160
101.02, 160
101.05, 160
101.35, 160
101.40, 160
101.40, 160
101.40, 160
101.50, 160
101.54, 160
101.54, 160
101.54, 160
101.79, 160
101.89, 160
101.90, 160
101.90, 160
102.17, 160
102.41, 160
102.41, 160
102.57, 160
102.57, 160
102.70, 160
102.79, 160
102.80, 160
102.81, 160
102.88, 160
103.01, 160
103.02, 160
103.06, 160
103.52, 160
103.66, 160
103.68, 160
103.74, 160
104.00, 160
104.00, 160
104.00, 160
104.02, 160
104.19, 160
104.33, 160
104.47, 160
104.47, 160
104.78, 160
104.78, 160
104.81, 160
104.81, 160
104.91, 160
105.62, 160
105.63, 160
105.64, 160
105.64, 160
105.85, 160
105.85, 160
105.85, 160
105.90, 160
105.93, 160
105.94, 160
105.94, 160
105.94, 160
105.94, 160
105.95, 160
105.95, 160
106.32, 160
106.32, 160
106.45, 160
106.59, 160
106.60, 160
106.60, 160
106.60, 160
106.61, 160
106.61, 160
106.61, 160
106.61, 160
106.73, 160
106.79, 160
106.80, 160
106.80, 160
106.80, 160
106.81, 160
106.82, 160
106.82, 160
106.82, 160
106.86, 160
106.91, 160
106.92, 160
106.93, 160
107.02, 160
107.02, 160
107.04, 160
107.04, 160
107.13, 160
107.36, 160
107.43, 160
107.64, 160
107.65, 160
107.68, 160
107.68, 160
107.92, 160
107.92, 160
107.94, 160
108.16, 160
108.19, 160
108.19, 160
108.19, 160
108.19, 160
108.28, 160
108.39, 160
108.45, 160
108.48, 160
108.81, 160
108.85, 160
109.03, 160
109.07, 160
109.07, 160
109.22, 160
109.52, 160
109.52, 160
109.88, 160
109.95, 160
109.95, 160
110.01, 160
110.07, 160
110.08, 160
110.08, 160
110.32, 160
110.32, 160
110.32, 160
110.32, 160
110.32, 160
110.33, 160
110.33, 160
110.35, 160
110.35, 160
110.35, 160
110.49, 160
110.49, 160
110.88, 160
110.88, 160
110.88, 160
111.14, 160
111.17, 160
111.17, 160
111.50, 160
111.51, 160
111.81, 160
111.81, 160
111.81, 160
111.86, 160
112.02, 160
112.02, 160
112.04, 160
112.76, 160
112.76, 160
113.08, 160
113.10, 160
113.10, 160
113.33, 160
113.53, 160
113.55, 160
113.72, 160
113.83, 160
113.83, 160
113.84, 160
113.88, 160
113.89, 160
113.89, 160
113.99, 160
114.07, 160
114.53, 160
114.53, 160
114.56, 160
114.56, 160
114.57, 160
114.64, 160
114.70, 160
114.78, 160
114.78, 160
114.78, 160
115.00, 160
115.28, 160
115.28, 160
115.36, 160
115.44, 160
115.49, 160
115.52, 160
115.52, 160
115.91, 160
115.97, 160
116.34, 160
116.35, 160
116.44, 160
116.45, 160
116.46, 160
116.61, 160
116.62, 160
116.62, 160
116.62, 160
116.62, 160
116.75, 160
116.95, 160
116.96, 160
116.96, 160
116.97, 160
117.00, 160
117.31, 160
117.60, 160
117.84, 160
118.58, 160
118.58, 160
118.89, 160
118.98, 160
119.03, 160
119.03, 160
119.63, 160
119.77, 160
119.77, 160
119.77, 160
119.96, 160
120.05, 160
120.05, 160
120.05, 160
120.24, 160
120.27, 160
120.34, 160
120.39, 160
120.43, 160
120.43, 160
120.54, 160
120.74, 160
120.93, 160
120.95, 160
120.96, 160
120.97, 160
121.11, 160
121.11, 160
121.19, 160
121.19, 160
121.20, 160
121.20, 160
121.47, 160
121.47, 160
121.47, 160
121.50, 160
121.59, 160
121.60, 160
121.66, 160
121.66, 160
121.78, 160
121.78, 160
121.78, 160
121.80, 160
121.93, 160
121.93, 160
122.45, 160
122.54, 160
122.64, 160
123.34, 160
123.46, 160
123.88, 160
123.88, 160
123.88, 160
123.88, 160
123.95, 160
123.96, 160
123.96, 160
124.10, 160
124.11, 160
124.12, 160
124.23, 160
124.23, 160
124.23, 160
124.23, 160
124.24, 160
124.24, 160
124.25, 160
124.47, 160
124.59, 160
124.74, 160
124.74, 160
124.83, 160
124.84, 160
125.08, 160
125.32, 160
125.32, 160
125.41, 160
125.48, 160
125.66, 160
125.86, 160
125.86, 160
125.87, 160
125.96, 160
125.96, 160
126.10, 160
126.23, 160
126.29, 160
126.30, 160
126.30, 160
126.30, 160
126.31, 160
126.31, 160
126.32, 160
126.32, 160
126.32, 160
126.39, 160
126.39, 160
126.52, 160
126.56, 160
126.56, 160
126.56, 160
126.56, 160
126.57, 160
126.57, 160
126.75, 160
126.85, 160
126.85, 160
127.00, 160
127.00, 160
127.08, 160
127.08, 160
127.08, 160
127.08, 160
127.08, 160
127.08, 160
127.16, 160
127.53, 160
127.53, 160
127.61, 160
127.61, 160
127.68, 160
127.85, 160
127.93, 160
127.94, 160
128.06, 160
128.06, 160
128.06, 160
128.61, 160
128.61, 160
128.62, 160
128.62, 160
128.63, 160
128.86, 160
128.86, 160
128.87, 160
129.38, 160
129.44, 160
129.44, 160
129.44, 160
129.79, 160
129.79, 160
129.85, 160
129.85, 160
129.94, 160
129.97, 160
130.12, 160
130.12, 160
130.13, 160
130.24, 160
130.53, 160
130.80, 160
130.94, 160
130.95, 160
131.32, 160
131.32, 160
131.32, 160
131.32, 160
131.44, 160
131.44, 160
131.44, 160
131.56, 160
132.04, 160
132.14, 160
132.14, 160
132.14, 160
132.16, 160
132.48, 160
132.51, 160
132.52, 160
132.61, 160
132.61, 160
133.32, 160
133.32, 160
133.33, 160
133.35, 160
133.35, 160
133.35, 160
133.61, 160
133.83, 160
133.86, 160
133.86, 160
133.89, 160
133.89, 160
134.08, 160
134.10, 160
134.10, 160
134.10, 160
134.10, 160
134.12, 160
134.34, 160
134.35, 160
134.35, 160
134.35, 160
134.51, 160
134.51, 160
134.51, 160
134.51, 160
134.51, 160
134.60, 160
134.62, 160
134.62, 160
134.62, 160
134.62, 160
134.62, 160
134.63, 160
134.79, 160
134.86, 160
134.91, 160
134.91, 160
134.91, 160
135.18, 160
135.18, 160
135.21, 160
135.21, 160
135.38, 160
135.42, 160
135.43, 160
135.48, 160
135.49, 160
135.49, 160
135.50, 160
135.57, 160
135.75, 160
135.99, 160
136.20, 160
136.27, 160
136.36, 160
136.40, 160
136.40, 160
136.41, 160
136.63, 160
136.63, 160
137.24, 160
137.43, 160
137.43, 160
137.43, 160
137.44, 160
137.44, 160
137.46, 160
137.46, 160
137.47, 160
137.47, 160
137.52, 160
137.52, 160
137.52, 160
137.53, 160
137.66, 160
137.66, 160
137.80, 160
138.07, 160
138.14, 160
138.46, 160
139.00, 160
139.07, 160
139.23, 160
139.27, 160
139.27, 160
139.30, 160
139.30, 160
139.32, 160
139.33, 160
139.34, 160
139.35, 160
139.35, 160
139.36, 160
139.36, 160
139.36, 160
139.37, 160
139.37, 160
139.37, 160
139.52, 160
139.53, 160
139.53, 160
139.79, 160
139.79, 160
139.86, 160
140.05, 160
140.07, 160
140.18, 160
140.56, 160
140.56, 160
140.60, 160
140.65, 160
140.66, 160
140.88, 160
140.91, 160
141.22, 160
141.28, 160
141.28, 160
141.38, 160
141.38, 160
141.40, 160
141.40, 160
141.40, 160
141.40, 160
141.53, 160
141.53, 160
141.67, 160
141.67, 160
141.80, 160
141.80, 160
141.91, 160
141.93, 160
141.94, 160
142.05, 160
142.06, 160
142.06, 160
142.07, 160
142.07, 160
142.20, 160
142.20, 160
142.32, 160
142.64, 160
142.80, 160
142.84, 160
143.01, 160
143.28, 160
143.51, 160
143.51, 160
143.59, 160
143.59, 160
143.60, 160
143.61, 160
143.79, 160
143.89, 160
143.90, 160
143.90, 160
143.94, 160
143.95, 160
143.96, 160
144.08, 160
144.08, 160
144.08, 160
144.09, 160
144.18, 160
144.18, 160
144.21, 160
144.30, 160
144.30, 160
144.33, 160
144.33, 160
144.33, 160
144.53, 160
144.53, 160
144.83, 160
144.84, 160
144.84, 160
144.85, 160
144.85, 160
144.85, 160
144.96, 160
144.96, 160
144.96, 160
144.96, 160
145.14, 160
145.17, 160
145.17, 160
145.18, 160
145.18, 160
145.19, 160
145.19, 160
145.19, 160
145.40, 160
145.43, 160
145.49, 160
145.49, 160
145.49, 160
145.61, 160
145.61, 160
145.61, 160
145.62, 160
145.62, 160
145.80, 160
145.81, 160
145.81, 160
145.90, 160
145.90, 160
146.37, 160
146.38, 160
146.51, 160
146.57, 160
146.68, 160
146.68, 160
146.72, 160
146.72, 160
146.73, 160
146.83, 160
146.84, 160
146.84, 160
146.85, 160
146.85, 160
146.85, 160
146.86, 160
146.91, 160
147.13, 160
147.13, 160
147.19, 160
147.19, 160
147.32, 160
147.39, 160
147.40, 160
147.47, 160
147.47, 160
147.47, 160
147.47, 160
147.92, 160
147.93, 160
147.94, 160
147.94, 160
147.94, 160
148.22, 160
148.22, 160
148.33, 160
148.33, 160
148.33, 160
148.35, 160
148.35, 160
148.61, 160
148.82, 160
148.82, 160
148.83, 160
148.91, 160
149.05, 160
149.06, 160
149.12, 160
149.13, 160
149.13, 160
149.13, 160
149.15, 160
149.25, 160
149.25, 160
149.64, 160
149.66, 160
149.66, 160
149.66, 160
149.77, 160
149.77, 160
149.80, 160
149.80, 160
149.93, 160
149.93, 160
150.41, 160
150.60, 160
150.60, 160
150.76, 160
150.99, 160
151.00, 160
151.39, 160
151.81, 160
152.04, 160
152.05, 160
152.09, 160
152.10, 160
152.11, 160
152.11, 160
152.11, 160
152.11, 160
152.11, 160
152.11, 160
152.12, 160
152.13, 160
152.13, 160
152.41, 160
152.44, 160
152.53, 160
152.62, 160
152.90, 160
152.96, 160
153.09, 160
153.09, 160
153.35, 160
153.42, 160
153.42, 160
153.43, 160
153.47, 160
153.54, 160
153.55, 160
153.55, 160
153.56, 160
153.81, 160
154.18, 160
154.70, 160
155.03, 160
155.03, 160
155.04, 160
155.05, 160
155.06, 160
155.27, 160
155.27, 160
155.27, 160
155.95, 160
155.96, 160
156.04, 160
156.04, 160
156.05, 160
156.11, 160
156.13, 160
156.13, 160
156.13, 160
156.41, 160
156.44, 160
156.44, 160
156.45, 160
156.69, 160
156.69, 160
156.77, 160
157.10, 160
157.40, 160
157.80, 160
157.82, 160
157.86, 160
158.05, 160
158.28, 160
159.01, 160
159.11, 160
159.38, 160
159.38, 160
159.38, 160
159.38, 160
159.89, 160
160.08, 160
160.08, 160
160.16, 160
160.16, 160
160.16, 160
160.18, 160
160.18, 160
160.18, 160
160.18, 160
160.20, 160
160.34, 160
160.41, 160
160.41, 160
160.43, 160
160.51, 160
160.51, 160
160.51, 160
160.69, 160
160.69, 160
160.69, 160
160.76, 160
160.76, 160
160.77, 160
161.75, 160
161.75, 160
161.86, 160
161.90, 160
161.95, 160
161.97, 160
161.98, 160
162.55, 160
162.73, 160
162.73, 160
162.73, 160
162.73, 160
162.83, 160
162.91, 160
163.12, 160
163.13, 160
163.13, 160
163.13, 160
163.26, 160
163.26, 160
163.55, 160
164.01, 160
164.24, 160
164.24, 160
164.25, 160
164.56, 160
164.63, 160
164.84, 160
164.85, 160
164.85, 160
164.92, 160
164.92, 160
164.92, 160
164.92, 160
164.92, 160
164.96, 160
164.97, 160
165.38, 160
165.38, 160
165.38, 160
165.47, 160
165.70, 160
165.71, 160
165.98, 160
165.98, 160
166.01, 160
166.14, 160
166.21, 160
166.21, 160
166.33, 160
166.33, 160
166.48, 160
166.48, 160
166.51, 160
166.88, 160
166.88, 160
167.09, 160
167.28, 160
167.31, 160
167.34, 160
167.34, 160
167.39, 160
167.45, 160
167.77, 160
167.79, 160
167.80, 160
167.92, 160
168.13, 160
168.19, 160
168.19, 160
168.59, 160
168.67, 160
168.68, 160
168.70, 160
168.73, 160
168.74, 160
168.74, 160
168.85, 160
168.85, 160
169.15, 160
169.30, 160
169.30, 160
169.43, 160
169.44, 160
169.44, 160
169.45, 160
169.46, 160
169.47, 160
169.58, 160
169.58, 160
169.58, 160
169.61, 160
169.62, 160
169.62, 160
169.62, 160
169.66, 160
169.71, 160
169.73, 160
169.82, 160
169.84, 160
169.86, 160
169.98, 160
170.14, 160
170.27, 160
170.27, 160
170.29, 160
170.47, 160
170.48, 160
170.50, 160
170.56, 160
170.56, 160
170.56, 160
170.57, 160
170.67, 160
170.67, 160
170.97, 160
170.97, 160
171.07, 160
171.09, 160
171.09, 160
171.12, 160
171.35, 160
171.39, 160
171.40, 160
171.41, 160
171.41, 160
171.46, 160
171.46, 160
171.55, 160
171.58, 160
171.58, 160
171.58, 160
171.60, 160
171.60, 160
171.64, 160
171.86, 160
171.91, 160
171.91, 160
171.97, 160
171.97, 160
172.14, 160
172.14, 160
172.25, 160
172.29, 160
172.37, 160
172.39, 160
172.49, 160
172.84, 160
172.84, 160
173.06, 160
173.06, 160
173.07, 160
173.25, 160
173.43, 160
173.48, 160
173.52, 160
173.52, 160
173.54, 160
173.79, 160
173.80, 160
173.88, 160
173.88, 160
174.07, 160
174.07, 160
174.08, 160
174.09, 160
174.09, 160
174.10, 160
174.11, 160
174.11, 160
174.12, 160
174.12, 160
174.13, 160
174.28, 160
174.28, 160
174.28, 160
174.28, 160
174.28, 160
174.29, 160
174.56, 160
174.56, 160
174.60, 160
174.70, 160
174.93, 160
175.06, 160
175.80, 160
176.11, 160
176.11, 160
176.23, 160
176.38, 160
176.38, 160
176.38, 160
176.48, 160
176.48, 160
176.48, 160
176.49, 160
176.56, 160
176.57, 160
176.63, 160
176.81, 160
176.89, 160
177.24, 160
177.24, 160
177.24, 160
177.26, 160
177.37, 160
177.47, 160
177.48, 160
177.48, 160
177.48, 160
177.51, 160
177.60, 160
177.61, 160
177.62, 160
177.77, 160
177.85, 160
178.56, 160
178.83, 160
178.97, 160
178.98, 160
179.11, 160
179.11, 160
179.25, 160
179.44, 160
179.50, 160
179.50, 160
179.50, 160
179.50, 160
179.73, 160
179.78, 160
179.79, 160
180.06, 160
180.35, 160
180.37, 160
180.41, 160
180.41, 160
180.80, 160
180.90, 160
180.90, 160
180.92, 160
180.92, 160
180.92, 160
180.93, 160
181.06, 160
181.06, 160
181.06, 160
181.06, 160
181.12, 160
181.17, 160
181.35, 160
181.48, 160
181.48, 160
181.49, 160
181.52, 160
181.81, 160
181.81, 160
181.89, 160
181.89, 160
181.89, 160
182.33, 160
182.51, 160
182.53, 160
182.54, 160
183.18, 160
183.30, 160
183.47, 160
183.49, 160
183.69, 160
183.72, 160
183.72, 160
183.72, 160
183.74, 160
183.74, 160
183.74, 160
183.75, 160
183.88, 160
183.92, 160
184.19, 160
184.37, 160
184.37, 160
184.62, 160
184.62, 160
184.62, 160
184.63, 160
184.66, 160
184.76, 160
184.76, 160
184.77, 160
184.96, 160
184.96, 160
185.10, 160
185.81, 160
185.81, 160
185.82, 160
185.84, 160
186.02, 160
186.02, 160
186.02, 160
186.04, 160
186.04, 160
186.04, 160
186.06, 160
186.10, 160
186.17, 160
186.32, 160
186.41, 160
186.41, 160
186.54, 160
186.57, 160
186.66, 160
186.74, 160
186.76, 160
186.78, 160
187.00, 160
187.00, 160
187.04, 160
187.20, 160
187.29, 160
187.29, 160
187.29, 160
187.76, 160
187.86, 160
187.86, 160
188.11, 160
188.12, 160
188.12, 160
188.12, 160
188.16, 160
188.18, 160
188.22, 160
188.35, 160
188.35, 160
188.35, 160
188.87, 160
188.88, 160
189.03, 160
189.14, 160
189.14, 160
189.16, 160
189.72, 160
189.88, 160
189.88, 160
189.90, 160
190.16, 160
190.43, 160
190.44, 160
190.44, 160
190.45, 160
190.48, 160
190.55, 160
191.38, 160
191.38, 160
191.38, 160
191.38, 160
191.43, 160
191.43, 160
191.49, 160
191.50, 160
191.50, 160
191.50, 160
191.55, 160
191.71, 160
191.84, 160
192.18, 160
192.29, 160
192.66, 160
192.76, 160
192.92, 160
192.93, 160
193.06, 160
193.06, 160
193.16, 160
193.18, 160
193.18, 160
193.19, 160
193.33, 160
193.44, 160
193.44, 160
193.92, 160
193.94, 160
193.94, 160
194.71, 160
194.71, 160
194.74, 160
194.94, 160
194.94, 160
194.94, 160
194.95, 160
194.95, 160
194.95, 160
194.96, 160
195.14, 160
195.34, 160
195.40, 160
195.41, 160
195.41, 160
195.45, 160
195.45, 160
195.46, 160
195.63, 160
195.75, 160
195.83, 160
196.17, 160
196.18, 160
196.18, 160
196.18, 160
196.19, 160
196.26, 160
196.27, 160
196.28, 160
196.42, 160
196.43, 160
196.44, 160
196.44, 160
196.44, 160
196.44, 160
196.50, 160
197.49, 160
197.49, 160
197.50, 160
197.50, 160
197.55, 160
197.55, 160
197.55, 160
197.65, 160
198.19, 160
198.43, 160
198.44, 160
198.44, 160
198.47, 160
198.47, 160
198.64, 160
198.65, 160
198.75, 160
198.75, 160
198.75, 160
198.76, 160
198.76, 160
198.87, 160
198.88, 160
198.88, 160
198.91, 160
198.91, 160
198.91, 160
198.92, 160
199.08, 160
199.08, 160
199.11, 160
199.11, 160
199.11, 160
199.11, 160
199.33, 160
199.36, 160
199.85, 160
199.85, 160
200.30, 160
200.30, 160
200.31, 160
200.45, 160
200.53, 160
200.53, 160
200.53, 160
200.53, 160
200.53, 160
200.65, 160
200.66, 160
200.66, 160
200.66, 160
200.67, 160
200.67, 160
200.67, 160
200.67, 160
200.72, 160
200.72, 160
201.06, 160
201.06, 160
201.06, 160
201.07, 160
201.12, 160
201.13, 160
201.13, 160
201.21, 160
201.21, 160
201.21, 160
201.29, 160
201.32, 160
201.33, 160
201.33, 160
201.52, 160
201.52, 160
201.52, 160
201.76, 160
201.76, 160
201.76, 160
201.88, 160
201.88, 160
202.00, 160
202.11, 160
202.11, 160
202.11, 160
202.11, 160
202.11, 160
202.17, 160
202.17, 160
202.33, 160
202.38, 160
202.38, 160
202.58, 160
202.64, 160
202.64, 160
202.64, 160
202.78, 160
203.01, 160
203.02, 160
203.07, 160
203.11, 160
203.11, 160
203.13, 160
203.13, 160
203.14, 160
203.14, 160
203.14, 160
203.20, 160
203.20, 160
203.20, 160
203.20, 160
203.38, 160
203.41, 160
203.41, 160
203.41, 160
203.86, 160
203.87, 160
203.91, 160
203.91, 160
203.91, 160
203.91, 160
203.92, 160
203.92, 160
204.11, 160
204.20, 160
204.21, 160
204.21, 160
204.23, 160
204.34, 160
204.41, 160
204.41, 160
204.41, 160
204.45, 160
204.50, 160
204.74, 160
204.85, 160
204.91, 160
204.91, 160
205.04, 160
205.14, 160
205.14, 160
205.15, 160
205.16, 160
205.16, 160
205.16, 160
205.18, 160
205.32, 160
205.36, 160
205.44, 160
205.45, 160
205.50, 160
205.56, 160
205.59, 160
205.59, 160
205.65, 160
205.70, 160
205.71, 160
205.78, 160
205.79, 160
205.79, 160
205.79, 160
205.79, 160
205.95, 160
206.03, 160
206.03, 160
206.11, 160
206.12, 160
206.13, 160
206.13, 160
206.25, 160
206.25, 160
206.35, 160
206.35, 160
206.41, 160
206.41, 160
206.55, 160
206.57, 160
206.81, 160
207.24, 160
207.24, 160
207.32, 160
207.32, 160
207.32, 160
207.33, 160
207.40, 160
207.45, 160
207.45, 160
207.45, 160
207.46, 160
207.59, 160
207.59, 160
207.74, 160
207.95, 160
207.96, 160
208.00, 160
208.08, 160
208.23, 160
208.23, 160
208.23, 160
208.31, 160
208.44, 160
208.46, 160
208.46, 160
208.86, 160
208.87, 160
209.10, 160
209.44, 160
209.53, 160
209.64, 160
209.64, 160
209.64, 160
209.66, 160
209.66, 160
209.79, 160
210.03, 160
210.04, 160
210.05, 160
210.05, 160
210.24, 160
210.48, 160
210.51, 160
210.77, 160
210.78, 160
210.81, 160
211.00, 160
211.09, 160
211.25, 160
211.25, 160
211.52, 160
211.53, 160
211.81, 160
212.00, 160
212.01, 160
212.01, 160
212.01, 160
212.02, 160
212.02, 160
212.02, 160
212.03, 160
212.07, 160
212.08, 160
212.20, 160
212.27, 160
212.29, 160
212.45, 160
212.80, 160
212.95, 160
212.96, 160
212.97, 160
212.97, 160
212.98, 160
212.99, 160
212.99, 160
213.27, 160
213.28, 160
213.28, 160
213.29, 160
213.30, 160
213.38, 160
213.38, 160
213.67, 160
213.71, 160
213.71, 160
213.72, 160
214.05, 160
214.05, 160
214.41, 160
214.42, 160
214.70, 160
214.90, 160
215.05, 160
215.05, 160
215.05, 160
215.17, 160
215.18, 160
215.20, 160
215.21, 160
215.23, 160
215.23, 160
215.23, 160
215.28, 160
215.30, 160
215.32, 160
215.37, 160
215.37, 160
215.57, 160
215.59, 160
215.94, 160
215.95, 160
216.20, 160
216.25, 160
216.48, 160
216.49, 160
216.68, 160
216.80, 160
216.80, 160
216.86, 160
216.94, 160
217.00, 160
217.00, 160
217.00, 160
217.00, 160
217.01, 160
217.01, 160
217.06, 160
217.25, 160
217.58, 160
217.65, 160
217.75, 160
217.96, 160
217.96, 160
217.97, 160
217.99, 160
217.99, 160
218.00, 160
218.00, 160
218.05, 160
218.28, 160
218.37, 160
218.37, 160
218.38, 160
218.39, 160
218.40, 160
218.40, 160
218.40, 160
218.40, 160
218.52, 160
218.75, 160
218.83, 160
218.86, 160
218.91, 160
218.91, 160
218.99, 160
219.01, 160
219.02, 160
219.02, 160
219.07, 160
219.08, 160
219.09, 160
219.09, 160
219.11, 160
219.12, 160
219.12, 160
219.34, 160
219.71, 160
219.71, 160
219.74, 160
219.75, 160
219.76, 160
219.76, 160
219.77, 160
219.77, 160
219.77, 160
219.79, 160
219.87, 160
219.91, 160
219.91, 160
219.91, 160
219.91, 160
219.92, 160
219.92, 160
220.02, 160
220.36, 160
220.63, 160
220.65, 160
220.69, 160
220.69, 160
220.86, 160
221.39, 160
221.39, 160
221.47, 160
221.77, 160
221.78, 160
221.78, 160
221.79, 160
221.79, 160
221.81, 160
221.81, 160
221.81, 160
221.86, 160
221.87, 160
221.88, 160
221.88, 160
221.92, 160
221.93, 160
221.94, 160
221.94, 160
221.96, 160
221.96, 160
221.96, 160
221.97, 160
221.97, 160
221.97, 160
221.99, 160
222.00, 160
222.00, 160
222.00, 160
222.11, 160
222.14, 160
222.14, 160
222.14, 160
222.26, 160
222.37, 160
222.37, 160
223.01, 160
223.10, 160
223.10, 160
223.10, 160
223.10, 160
223.10, 160
223.12, 160
223.22, 160
223.22, 160
223.25, 160
223.26, 160
223.30, 160
223.77, 160
224.24, 160
224.41, 160
224.60, 160
224.75, 160
224.99, 160
224.99, 160
225.27, 160
225.35, 160
225.44, 160
225.44, 160
225.66, 160
225.66, 160
225.69, 160
225.85, 160
225.86, 160
225.86, 160
225.87, 160
225.96, 160
225.96, 160
226.06, 160
226.47, 160
226.50, 160
226.50, 160
226.55, 160
226.59, 160
226.60, 160
226.72, 160
227.22, 160
227.26, 160
227.27, 160
227.48, 160
227.48, 160
227.48, 160
227.49, 160
227.61, 160
227.61, 160
227.66, 160
227.66, 160
227.68, 160
227.69, 160
227.70, 160
227.70, 160
227.70, 160
228.01, 160
228.35, 160
228.38, 160
228.53, 160
228.65, 160
228.70, 160
229.13, 160
229.13, 160
229.13, 160
229.13, 160
229.13, 160
229.13, 160
229.14, 160
229.36, 160
229.36, 160
229.49, 160
229.50, 160
229.50, 160
229.60, 160
229.60, 160
229.64, 160
229.64, 160
229.70, 160
229.79, 160
229.79, 160
229.80, 160
229.80, 160
229.80, 160
229.80, 160
229.80, 160
229.94, 160
229.95, 160
230.22, 160
230.23, 160
230.23, 160
230.83, 160
230.83, 160
231.02, 160
231.02, 160
231.02, 160
231.11, 160
231.19, 160
231.20, 160
231.43, 160
231.51, 160
231.51, 160
231.75, 160
231.82, 160
231.83, 160
231.89, 160
231.89, 160
231.89, 160
231.97, 160
232.11, 160
232.19, 160
232.38, 160
232.39, 160
232.45, 160
232.46, 160
232.51, 160
232.52, 160
232.52, 160
232.52, 160
232.53, 160
232.59, 160
232.59, 160
232.82, 160
232.83, 160
232.83, 160
232.83, 160
232.83, 160
232.85, 160
232.94, 160
232.94, 160
233.22, 160
233.25, 160
233.52, 160
233.52, 160
233.67, 160
233.83, 160
233.87, 160
233.87, 160
233.88, 160
234.04, 160
234.14, 160
234.15, 160
234.36, 160
234.55, 160
234.78, 160
234.84, 160
234.99, 160
234.99, 160
235.05, 160
235.39, 160
235.40, 160
235.40, 160
235.49, 160
235.50, 160
235.51, 160
235.52, 160
235.52, 160
235.53, 160
235.53, 160
235.65, 160
235.73, 160
236.27, 160
236.39, 160
236.39, 160
236.80, 160
236.92, 160
236.92, 160
236.96, 160
236.96, 160
236.97, 160
236.98, 160
237.00, 160
237.00, 160
237.00, 160
237.15, 160
237.15, 160
237.15, 160
237.15, 160
237.21, 160
237.21, 160
237.21, 160
237.47, 160
237.48, 160
237.48, 160
237.60, 160
237.77, 160
237.91, 160
237.95, 160
238.12, 160
238.23, 160
238.23, 160
238.23, 160
238.23, 160
238.24, 160
239.14, 160
239.22, 160
239.22, 160
239.22, 160
239.72, 160
240.25, 160
240.33, 160
240.51, 160
240.51, 160
240.51, 160
240.51, 160
240.51, 160
240.55, 160
240.82, 160
240.93, 160
240.93, 160
241.10, 160
241.29, 160
241.29, 160
241.29, 160
241.32, 160
241.32, 160
241.46, 160
241.92, 160
242.15, 160
242.24, 160
242.40, 160
242.47, 160
242.61, 160
242.61, 160
243.15, 160
243.31, 160
243.32, 160
243.32, 160
243.49, 160
243.61, 160
243.68, 160
243.74, 160
243.74, 160
243.85, 160
243.85, 160
243.85, 160
243.93, 160
243.93, 160
244.84, 160
244.84, 160
244.88, 160
244.88, 160
244.90, 160
244.90, 160
244.90, 160
244.90, 160
244.92, 160
244.95, 160
244.95, 160
245.31, 160
245.34, 160
245.34, 160
245.34, 160
245.34, 160
245.35, 160
245.43, 160
245.43, 160
245.44, 160
245.60, 160
245.60, 160
246.09, 160
246.45, 160
246.46, 160
246.47, 160
246.47, 160
246.47, 160
246.47, 160
246.54, 160
246.65, 160
246.65, 160
246.86, 160
246.94, 160
247.00, 160
247.10, 160
247.20, 160
247.21, 160
247.21, 160
247.42, 160
247.43, 160
247.65, 160
247.72, 160
247.72, 160
247.72, 160
247.74, 160
247.82, 160
247.91, 160
248.01, 160
248.01, 160
248.01, 160
248.02, 160
248.02, 160
248.14, 160
248.19, 160
248.46, 160
248.46, 160
248.46, 160
248.48, 160
248.77, 160
248.78, 160
248.78, 160
248.82, 160
248.82, 160
248.88, 160
249.09, 160
249.09, 160
249.10, 160
249.12, 160
249.18, 160
249.28, 160
249.29, 160
249.29, 160
249.43, 160
249.44, 160
249.55, 160
249.56, 160
249.67, 160
249.77, 160
250.08, 160
250.08, 160
250.09, 160
250.09, 160
250.17, 160
250.18, 160
250.48, 160
250.54, 160
250.54, 160
250.67, 160
250.67, 160
250.70, 160
250.81, 160
250.81, 160
250.85, 160
251.00, 160
251.00, 160
251.00, 160
251.16, 160
251.31, 160
251.63, 160
252.03, 160
252.04, 160
252.09, 160
252.14, 160
252.21, 160
252.39, 160
252.46, 160
252.46, 160
252.46, 160
252.84, 160
252.95, 160
253.14, 160
253.17, 160
253.53, 160
253.53, 160
253.88, 160
253.88, 160
253.89, 160
254.25, 160
254.27, 160
254.28, 160
254.28, 160
254.42, 160
254.42, 160
254.43, 160
254.75, 160
254.75, 160
254.78, 160
254.78, 160
254.78, 160
254.99, 160
254.99, 160
255.07, 160
255.32, 160
255.86, 160
255.86, 160
255.99, 160
256.02, 160
256.23, 160
256.23, 160
256.23, 160
256.23, 160
256.24, 160
256.36, 160
256.37, 160
256.47, 160
256.56, 160
256.66, 160
256.66, 160
256.67, 160
256.68, 160
256.68, 160
256.69, 160
256.70, 160
256.71, 160
256.72, 160
256.80, 160
257.21, 160
257.31, 160
257.38, 160
257.38, 160
257.41, 160
257.47, 160
257.47, 160
257.62, 160
257.62, 160
257.77, 160
257.80, 160
257.81, 160
257.81, 160
257.86, 160
257.86, 160
258.08, 160
258.08, 160
258.15, 160
258.18, 160
258.18, 160
258.36, 160
258.36, 160
258.36, 160
258.41, 160
258.42, 160
258.44, 160
258.47, 160
258.81, 160
258.87, 160
259.12, 160
259.31, 160
259.37, 160
259.52, 160
259.66, 160
259.77, 160
259.77, 160
259.81, 160
259.94, 160
259.94, 160
259.94, 160
259.94, 160
259.95, 160
260.10, 160
260.10, 160
260.31, 160
260.32, 160
260.32, 160
260.42, 160
260.42, 160
260.42, 160
260.77, 160
260.77, 160
260.77, 160
260.78, 160
261.25, 160
261.25, 160
261.31, 160
261.31, 160
261.43, 160
261.73, 160
261.80, 160
261.83, 160
262.12, 160
262.12, 160
262.12, 160
262.44, 160
262.44, 160
262.63, 160
262.63, 160
262.91, 160
262.94, 160
263.03, 160
263.05, 160
263.05, 160
263.05, 160
263.23, 160
263.27, 160
263.27, 160
263.27, 160
263.29, 160
263.35, 160
263.39, 160
263.43, 160
263.51, 160
263.52, 160
263.52, 160
263.52, 160
263.54, 160
264.05, 160
264.05, 160
264.05, 160
264.07, 160
264.22, 160
264.30, 160
264.30, 160
264.30, 160
264.33, 160
264.58, 160
264.58, 160
264.58, 160
264.58, 160
264.66, 160
264.66, 160
264.66, 160
264.81, 160
264.87, 160
264.88, 160
265.37, 160
265.44, 160
265.50, 160
265.59, 160
266.09, 160
266.10, 160
266.19, 160
266.19, 160
266.41, 160
266.41, 160
266.41, 160
266.50, 160
266.50, 160
266.51, 160
266.51, 160
266.51, 160
266.56, 160
266.70, 160
266.82, 160
266.85, 160
267.09, 160
267.24, 160
267.24, 160
267.28, 160
267.28, 160
267.28, 160
267.42, 160
267.43, 160
267.43, 160
267.66, 160
267.78, 160
268.01, 160
268.22, 160
268.22, 160
268.22, 160
268.22, 160
268.39, 160
268.39, 160
268.39, 160
268.39, 160
268.39, 160
268.41, 160
268.41, 160
268.41, 160
268.42, 160
268.42, 160
268.43, 160
268.51, 160
268.70, 160
268.87, 160
268.88, 160
269.08, 160
269.28, 160
269.38, 160
269.38, 160
269.38, 160
269.41, 160
269.68, 160
269.69, 160
269.69, 160
269.69, 160
269.69, 160
270.02, 160
270.30, 160
270.30, 160
270.32, 160
270.33, 160
270.50, 160
270.50, 160
270.90, 160
270.92, 160
271.10, 160
271.11, 160
271.11, 160
271.19, 160
271.29, 160
271.29, 160
271.36, 160
271.44, 160
271.57, 160
271.57, 160
271.58, 160
271.58, 160
271.58, 160
271.64, 160
271.64, 160
271.94, 160
272.20, 160
272.43, 160
272.55, 160
272.56, 160
272.56, 160
272.63, 160
272.68, 160
272.74, 160
272.92, 160
272.94, 160
273.41, 160
273.41, 160
273.41, 160
273.49, 160
273.53, 160
273.68, 160
273.70, 160
273.70, 160
273.71, 160
273.75, 160
273.75, 160
273.88, 160
273.92, 160
274.01, 160
274.01, 160
274.01, 160
274.01, 160
274.01, 160
274.78, 160
274.92, 160
275.07, 160
275.30, 160
275.59, 160
275.73, 160
275.82, 160
275.93, 160
275.95, 160
275.95, 160
276.04, 160
276.04, 160
276.12, 160
276.25, 160
276.25, 160
276.25, 160
276.35, 160
276.35, 160
276.69, 160
276.69, 160
276.75, 160
277.14, 160
277.14, 160
277.15, 160
277.15, 160
277.33, 160
277.33, 160
277.33, 160
277.43, 160
277.75, 160
277.77, 160
277.77, 160
277.79, 160
277.96, 160
277.96, 160
278.19, 160
278.19, 160
278.19, 160
278.33, 160
278.48, 160
278.48, 160
278.49, 160
278.49, 160
278.49, 160
278.49, 160
278.49, 160
278.55, 160
278.57, 160
278.57, 160
278.61, 160
278.90, 160
278.96, 160
278.96, 160
279.11, 160
279.12, 160
279.12, 160
279.61, 160
279.69, 160
279.70, 160
279.87, 160
279.88, 160
279.88, 160
279.89, 160
279.90, 160
279.90, 160
279.91, 160
279.91, 160
279.91, 160
279.96, 160
279.96, 160
279.99, 160
280.46, 160
280.46, 160
280.54, 160
280.64, 160
280.69, 160
280.69, 160
280.69, 160
280.69, 160
280.70, 160
280.71, 160
280.72, 160
280.72, 160
280.72, 160
280.75, 160
280.75, 160
281.28, 160
281.39, 160
281.46, 160
281.50, 160
281.66, 160
281.68, 160
281.68, 160
281.72, 160
281.72, 160
281.74, 160
281.74, 160
281.75, 160
281.75, 160
281.75, 160
281.75, 160
281.75, 160
281.91, 160
281.96, 160
281.96, 160
282.18, 160
282.18, 160
282.19, 160
282.20, 160
282.30, 160
282.30, 160
282.31, 160
282.31, 160
282.33, 160
282.47, 160
282.58, 160
282.58, 160
282.58, 160
282.64, 160
282.76, 160
282.86, 160
282.94, 160
283.59, 160
283.72, 160
283.84, 160
283.99, 160
284.07, 160
284.08, 160
284.09, 160
284.14, 160
284.30, 160
284.69, 160
284.69, 160
284.75, 160
284.75, 160
284.87, 160
284.96, 160
284.97, 160
284.97, 160
285.02, 160
285.36, 160
285.36, 160
285.37, 160
285.37, 160
285.46, 160
285.62, 160
285.90, 160
286.13, 160
286.13, 160
286.18, 160
286.18, 160
286.42, 160
286.61, 160
286.62, 160
286.76, 160
287.19, 160
287.19, 160
287.29, 160
287.29, 160
287.31, 160
287.62, 160
287.62, 160
287.63, 160
287.63, 160
287.92, 160
288.16, 160
288.59, 160
288.69, 160
288.75, 160
288.75, 160
288.75, 160
288.75, 160
288.97, 160
288.97, 160
288.97, 160
289.12, 160
289.13, 160
289.17, 160
289.75, 160
289.83, 160
289.83, 160
289.83, 160
289.90, 160
289.90, 160
289.93, 160
289.93, 160
289.93, 160
290.00, 160
290.00, 160
290.24, 160
290.24, 160
290.29, 160
290.69, 160
290.71, 160
290.73, 160
290.73, 160
290.73, 160
290.74, 160
290.74, 160
290.74, 160
290.74, 160
290.80, 160
290.89, 160
290.89, 160
290.89, 160
290.89, 160
290.90, 160
290.90, 160
291.04, 160
291.06, 160
291.12, 160
291.30, 160
291.30, 160
291.32, 160
291.32, 160
291.32, 160
291.33, 160
291.33, 160
291.33, 160
291.33, 160
291.33, 160
291.34, 160
291.34, 160
291.38, 160
291.44, 160
291.49, 160
291.49, 160
291.49, 160
291.49, 160
291.50, 160
291.79, 160
291.80, 160
291.80, 160
291.81, 160
291.85, 160
292.14, 160
292.15, 160
292.35, 160
292.37, 160
292.38, 160
292.50, 160
292.75, 160
292.76, 160
293.13, 160
293.14, 160
293.14, 160
293.15, 160
293.16, 160
293.20, 160
293.20, 160
293.24, 160
293.30, 160
293.44, 160
293.44, 160
293.55, 160
293.56, 160
293.57, 160
293.69, 160
294.13, 160
294.22, 160
294.59, 160
294.60, 160
294.61, 160
294.61, 160
294.62, 160
294.70, 160
294.81, 160
295.02, 160
295.02, 160
295.58, 160
295.77, 160
295.78, 160
295.78, 160
295.79, 160
295.79, 160
295.91, 160
295.91, 160
295.97, 160
295.98, 160
295.98, 160
296.57, 160
296.86, 160
296.86, 160
297.05, 160
297.19, 160
297.38, 160
297.51, 160
297.51, 160
297.55, 160
297.58, 160
297.72, 160
297.73, 160
297.74, 160
297.74, 160
297.74, 160
297.95, 160
297.96, 160
297.96, 160
297.96, 160
298.07, 160
298.29, 160
298.29, 160
298.35, 160
298.36, 160
298.58, 160
298.66, 160
298.67, 160
298.84, 160
298.85, 160
298.85, 160
298.86, 160
298.86, 160
298.86, 160
298.90, 160
299.02, 160
299.22, 160
299.64, 160
299.64, 160
300.01, 160
300.01, 160
300.25, 160
300.25, 160
300.26, 160
300.26, 160
300.27, 160
300.50, 160
300.57, 160
300.57, 160
300.66, 160
300.66, 160
300.92, 160
300.96, 160
300.97, 160
300.97, 160
300.97, 160
300.97, 160
300.97, 160
300.97, 160
301.06, 160
301.16, 160
301.17, 160
301.17, 160
301.41, 160
301.43, 160
301.43, 160
301.43, 160
301.44, 160
301.69, 160
301.75, 160
301.75, 160
301.75, 160
301.94, 160
301.94, 160
301.97, 160
301.97, 160
301.97, 160
302.02, 160
302.02, 160
302.05, 160
302.05, 160
302.13, 160
302.14, 160
302.15, 160
302.15, 160
302.60, 160
302.71, 160
302.71, 160
302.71, 160
302.95, 160
303.19, 160
303.22, 160
303.53, 160
303.62, 160
303.62, 160
303.66, 160
303.80, 160
303.80, 160
303.81, 160
303.86, 160
304.06, 160
304.06, 160
304.06, 160
304.12, 160
304.12, 160
304.40, 160
304.40, 160
304.40, 160
304.41, 160
304.41, 160
304.73, 160
304.74, 160
304.74, 160
304.79, 160
304.89, 160
304.93, 160
304.94, 160
304.96, 160
305.06, 160
305.07, 160
305.20, 160
305.21, 160
305.21, 160
305.74, 160
305.75, 160
305.76, 160
305.94, 160
306.28, 160
306.29, 160
306.29, 160
306.36, 160
306.36, 160
306.49, 160
306.50, 160
306.83, 160
306.83, 160
306.83, 160
306.83, 160
306.87, 160
307.01, 160
307.24, 160
307.30, 160
307.37, 160
307.37, 160
307.38, 160
307.38, 160
307.67, 160
307.85, 160
307.85, 160
307.88, 160
307.89, 160
307.90, 160
308.08, 160
308.12, 160
308.13, 160
308.17, 160
308.17, 160
308.20, 160
308.20, 160
308.31, 160
308.31, 160
308.40, 160
308.40, 160
308.40, 160
308.63, 160
308.63, 160
308.63, 160
308.64, 160
308.64, 160
308.95, 160
308.95, 160
309.25, 160
309.25, 160
309.34, 160
309.34, 160
309.34, 160
309.35, 160
309.35, 160
309.35, 160
309.58, 160
309.60, 160
309.60, 160
309.71, 160
310.13, 160
310.39, 160
310.39, 160
310.54, 160
310.62, 160
310.82, 160
310.83, 160
311.10, 160
311.10, 160
311.12, 160
311.12, 160
311.35, 160
311.35, 160
311.60, 160
312.01, 160
312.53, 160
312.60, 160
312.64, 160
312.79, 160
313.02, 160
313.02, 160
313.02, 160
313.02, 160
313.07, 160
313.23, 160
313.24, 160
313.24, 160
313.24, 160
313.35, 160
313.35, 160
313.35, 160
313.53, 160
313.58, 160
313.60, 160
313.60, 160
313.86, 160
313.94, 160
314.06, 160
314.45, 160
314.45, 160
314.55, 160
314.55, 160
314.55, 160
314.57, 160
314.60, 160
315.09, 160
315.20, 160
315.23, 160
315.25, 160
315.44, 160
315.55, 160
315.56, 160
315.62, 160
315.70, 160
315.76, 160
315.77, 160
315.78, 160
315.78, 160
315.86, 160
315.87, 160
315.87, 160
315.89, 160
316.71, 160
316.74, 160
316.74, 160
316.75, 160
316.80, 160
316.80, 160
317.11, 160
317.22, 160
317.63, 160
317.66, 160
317.80, 160
317.95, 160
317.95, 160
317.96, 160
318.01, 160
318.10, 160
318.11, 160
318.12, 160
318.52, 160
318.61, 160
318.74, 160
318.74, 160
319.31, 160
319.32, 160
319.34, 160
319.34, 160
319.35, 160
319.36, 160
319.36, 160
319.36, 160
319.50, 160
319.62, 160
319.62, 160
319.63, 160
319.65, 160
319.92, 160
319.96, 160
320.45, 160
320.54, 160
320.55, 160
320.55, 160
320.56, 160
320.56, 160
320.56, 160
320.57, 160
320.57, 160
321.28, 160
321.36, 160
321.36, 160
321.53, 160
321.56, 160
321.56, 160
321.61, 160
321.61, 160
321.97, 160
322.21, 160
322.23, 160
322.24, 160
322.59, 160
322.59, 160
322.67, 160
322.89, 160
322.89, 160
322.94, 160
323.09, 160
323.09, 160
323.18, 160
323.18, 160
323.18, 160
323.18, 160
323.20, 160
323.28, 160
323.56, 160
323.79, 160
323.81, 160
323.92, 160
323.92, 160
323.92, 160
323.94, 160
323.94, 160
324.44, 160
324.44, 160
324.44, 160
324.44, 160
324.45, 160
324.45, 160
324.48, 160
324.52, 160
324.67, 160
324.68, 160
324.68, 160
324.70, 160
324.84, 160
324.85, 160
324.86, 160
324.88, 160
324.94, 160
324.94, 160
324.94, 160
324.94, 160
324.94, 160
325.03, 160
325.03, 160
325.16, 160
325.20, 160
325.54, 160
325.54, 160
325.54, 160
325.57, 160
325.57, 160
325.58, 160
325.61, 160
325.61, 160
325.76, 160
325.92, 160
325.93, 160
326.06, 160
326.21, 160
326.26, 160
326.26, 160
326.26, 160
326.79, 160
326.86, 160
327.14, 160
327.17, 160
327.55, 160
327.56, 160
327.56, 160
327.75, 160
328.22, 160
328.22, 160
328.22, 160
328.26, 160
328.28, 160
328.31, 160
328.59, 160
328.63, 160
328.63, 160
328.63, 160
328.63, 160
328.65, 160
328.66, 160
328.76, 160
328.84, 160
329.22, 160
329.27, 160
329.27, 160
329.27, 160
329.39, 160
329.52, 160
329.73, 160
329.73, 160
329.73, 160
329.73, 160
329.74, 160
329.82, 160
329.84, 160
329.91, 160
330.02, 160
330.42, 160
330.42, 160
330.42, 160
330.42, 160
330.47, 160
330.79, 160
331.11, 160
331.64, 160
331.96, 160
332.05, 160
332.07, 160
332.07, 160
332.15, 160
332.15, 160
332.16, 160
332.16, 160
332.18, 160
332.22, 160
332.27, 160
332.27, 160
332.30, 160
332.30, 160
332.37, 160
332.38, 160
332.42, 160
332.97, 160
332.97, 160
332.97, 160
333.03, 160
333.16, 160
333.30, 160
333.31, 160
333.32, 160
333.39, 160
333.50, 160
333.50, 160
333.50, 160
333.52, 160
333.57, 160
333.72, 160
333.73, 160
333.80, 160
333.80, 160
333.80, 160
333.80, 160
334.21, 160
334.49, 160
334.58, 160
334.71, 160
334.76, 160
334.80, 160
334.80, 160
334.82, 160
334.82, 160
334.82, 160
334.96, 160
335.13, 160
335.47, 160
335.54, 160
335.62, 160
335.85, 160
336.09, 160
336.09, 160
336.42, 160
336.51, 160
336.51, 160
336.52, 160
336.52, 160
336.52, 160
337.02, 160
337.21, 160
337.25, 160
337.25, 160
337.41, 160
337.48, 160
337.48, 160
337.66, 160
338.13, 160
338.28, 160
338.50, 160
338.50, 160
338.50, 160
338.50, 160
338.92, 160
339.21, 160
339.21, 160
339.22, 160
339.23, 160
339.23, 160
339.80, 160
339.81, 160
339.99, 160
339.99, 160
339.99, 160
340.05, 160
340.21, 160
340.29, 160
340.29, 160
340.29, 160
340.47, 160
340.48, 160
340.48, 160
340.54, 160
340.88, 160
341.33, 160
341.77, 160
342.07, 160
342.19, 160
342.19, 160
342.20, 160
342.20, 160
342.20, 160
342.62, 160
342.83, 160
342.83, 160
342.90, 160
343.15, 160
343.16, 160
343.24, 160
343.30, 160
343.30, 160
343.33, 160
343.34, 160
343.34, 160
343.44, 160
343.61, 160
343.89, 160
344.06, 160
344.58, 160
344.68, 160
344.80, 160
344.80, 160
344.80, 160
344.82, 160
344.86, 160
344.86, 160
344.87, 160
344.88, 160
344.97, 160
344.97, 160
344.97, 160
345.08, 160
345.24, 160
345.26, 160
345.27, 160
345.28, 160
345.28, 160
345.59, 160
345.60, 160
345.61, 160
345.62, 160
345.62, 160
345.63, 160
345.66, 160
346.05, 160
346.05, 160
346.05, 160
346.05, 160
346.05, 160
346.06, 160
346.09, 160
346.21, 160
346.22, 160
346.23, 160
346.23, 160
346.33, 160
346.33, 160
346.35, 160
346.35, 160
346.36, 160
346.50, 160
346.63, 160
346.63, 160
346.64, 160
346.64, 160
346.75, 160
346.75, 160
346.81, 160
346.81, 160
346.85, 160
346.85, 160
346.85, 160
346.86, 160
346.92, 160
346.93, 160
346.93, 160
347.31, 160
347.38, 160
347.38, 160
347.38, 160
347.62, 160
347.70, 160
347.78, 160
347.92, 160
347.93, 160
348.24, 160
348.35, 160
348.35, 160
348.35, 160
348.35, 160
348.62, 160
348.67, 160
348.98, 160
348.98, 160
348.99, 160
349.02, 160
349.03, 160
349.38, 160
349.38, 160
349.39, 160
349.39, 160
349.73, 160
349.95, 160
349.95, 160
349.97, 160
349.98, 160
349.99, 160
349.99, 160
349.99, 160
350.19, 160
350.20, 160
350.40, 160
350.46, 160
350.47, 160
350.47, 160
350.50, 160
350.57, 160
350.95, 160
350.95, 160
350.95, 160
351.00, 160
351.00, 160
351.01, 160
351.27, 160
351.34, 160
351.38, 160
351.38, 160
351.56, 160
351.56, 160
351.57, 160
351.57, 160
351.57, 160
351.57, 160
351.57, 160
351.57, 160
351.70, 160
351.71, 160
351.73, 160
351.73, 160
351.84, 160
351.84, 160
351.84, 160
351.84, 160
351.85, 160
351.96, 160
352.44, 160
352.49, 160
352.49, 160
352.85, 160
352.85, 160
352.87, 160
352.99, 160
353.01, 160
353.01, 160
353.01, 160
353.01, 160
353.01, 160
353.14, 160
353.24, 160
353.57, 160
353.57, 160
353.66, 160
353.80, 160
354.02, 160
354.05, 160
354.09, 160
354.09, 160
354.10, 160
354.10, 160
354.18, 160
354.18, 160
354.19, 160
354.42, 160
354.80, 160
354.82, 160
354.88, 160
354.93, 160
354.93, 160
354.93, 160
354.93, 160
354.94, 160
354.94, 160
354.94, 160
355.02, 160
355.13, 160
355.17, 160
355.17, 160
355.64, 160
355.64, 160
355.65, 160
355.67, 160
355.70, 160
355.74, 160
355.75, 160
356.21, 160
356.25, 160
356.26, 160
356.28, 160
356.46, 160
356.51, 160
356.51, 160
356.67, 160
356.67, 160
356.75, 160
356.75, 160
356.76, 160
356.83, 160
356.83, 160
356.83, 160
356.83, 160
356.84, 160
356.84, 160
356.95, 160
356.96, 160
356.97, 160
357.39, 160
357.64, 160
357.65, 160
357.66, 160
357.66, 160
357.66, 160
357.66, 160
357.67, 160
357.87, 160
357.87, 160
357.93, 160
357.93, 160
357.94, 160
357.94, 160
357.94, 160
358.48, 160
358.48, 160
358.48, 160
358.49, 160
358.51, 160
358.51, 160
358.57, 160
358.72, 160
358.75, 160
358.75, 160
358.89, 160
359.31, 160
359.58, 160
359.58, 160
359.58, 160
359.58, 160
359.77, 160
359.77, 160
359.77, 160
359.82, 160
359.90, 160
359.99, 160
360.11, 160
360.28, 160
360.30, 160
360.51, 160
360.70, 160
360.95, 160
360.95, 160
360.95, 160
361.00, 160
361.00, 160
361.00, 160
361.01, 160
361.01, 160
361.01, 160
361.05, 160
361.05, 160
361.15, 160
361.15, 160
361.15, 160
361.15, 160
361.48, 160
361.49, 160
361.49, 160
361.49, 160
361.50, 160
361.50, 160
361.52, 160
361.62, 160
361.63, 160
361.74, 160
362.00, 160
362.01, 160
362.01, 160
362.39, 160
362.71, 160
362.71, 160
362.99, 160
363.10, 160
363.20, 160
363.21, 160
363.60, 160
363.60, 160
363.62, 160
363.75, 160
364.20, 160
364.35, 160
364.35, 160
364.35, 160
364.44, 160
364.45, 160
364.53, 160
364.60, 160
364.85, 160
364.85, 160
364.87, 160
364.87, 160
364.87, 160
364.90, 160
365.29, 160
365.29, 160
365.30, 160
365.31, 160
365.31, 160
365.42, 160
365.81, 160
365.82, 160
365.82, 160
366.12, 160
366.19, 160
366.32, 160
366.58, 160
366.58, 160
366.58, 160
366.73, 160
366.75, 160
366.76, 160
366.76, 160
366.87, 160
367.31, 160
367.32, 160
367.33, 160
367.39, 160
367.39, 160
367.43, 160
367.63, 160
367.63, 160
367.77, 160
368.08, 160
368.08, 160
368.14, 160
368.16, 160
368.16, 160
368.24, 160
368.33, 160
368.41, 160
368.44, 160
368.51, 160
368.68, 160
368.76, 160
368.76, 160
368.84, 160
368.84, 160
368.84, 160
368.85, 160
368.85, 160
368.87, 160
368.92, 160
368.97, 160
369.04, 160
369.09, 160
369.09, 160
369.12, 160
369.29, 160
369.34, 160
369.65, 160
369.77, 160
369.79, 160
369.79, 160
369.79, 160
369.88, 160
369.88, 160
369.90, 160
369.90, 160
369.91, 160
369.91, 160
370.02, 160
370.22, 160
370.44, 160
370.52, 160
370.52, 160
370.99, 160
371.00, 160
371.00, 160
371.31, 160
371.40, 160
371.41, 160
371.41, 160
371.45, 160
371.45, 160
371.45, 160
372.01, 160
372.01, 160
372.02, 160
372.06, 160
372.06, 160
372.61, 160
372.78, 160
372.84, 160
373.09, 160
373.18, 160
373.23, 160
373.26, 160
373.28, 160
373.33, 160
373.35, 160
373.35, 160
373.35, 160
373.35, 160
373.35, 160
373.37, 160
373.75, 160
373.75, 160
373.75, 160
373.75, 160
373.76, 160
373.76, 160
373.98, 160
373.99, 160
373.99, 160
374.35, 160
374.43, 160
374.43, 160
374.63, 160
374.64, 160
374.71, 160
374.79, 160
374.90, 160
374.91, 160
374.91, 160
375.28, 160
375.29, 160
375.30, 160
375.30, 160
375.30, 160
375.30, 160
375.31, 160
375.37, 160
375.37, 160
375.50, 160
375.50, 160
375.64, 160
375.65, 160
375.81, 160
375.97, 160
376.34, 160
376.52, 160
376.52, 160
376.77, 160
376.77, 160
377.52, 160
377.72, 160
377.72, 160
378.03, 160
378.03, 160
378.03, 160
378.03, 160
378.04, 160
378.04, 160
378.32, 160
378.33, 160
378.54, 160
378.59, 160
378.60, 160
378.60, 160
378.75, 160
378.75, 160
378.75, 160
378.75, 160
378.99, 160
379.02, 160
379.13, 160
379.20, 160
379.34, 160
379.34, 160
379.50, 160
379.57, 160
379.57, 160
379.59, 160
379.60, 160
379.62, 160
379.69, 160
379.69, 160
379.97, 160
379.97, 160
380.13, 160
380.19, 160
380.29, 160
380.30, 160
380.57, 160
380.59, 160
380.59, 160
380.59, 160
380.70, 160
380.71, 160
380.71, 160
380.76, 160
380.93, 160
380.93, 160
380.93, 160
380.95, 160
381.00, 160
381.01, 160
381.20, 160
381.36, 160
381.36, 160
381.36, 160
381.36, 160
381.36, 160
381.36, 160
381.37, 160
381.70, 160
381.78, 160
381.78, 160
381.80, 160
382.19, 160
382.19, 160
382.24, 160
382.38, 160
382.38, 160
382.41, 160
382.63, 160
382.63, 160
382.74, 160
382.75, 160
382.75, 160
382.75, 160
382.76, 160
382.76, 160
382.84, 160
382.90, 160
382.90, 160
382.98, 160
382.99, 160
383.04, 160
383.05, 160
383.06, 160
383.06, 160
383.09, 160
383.23, 160
383.23, 160
383.23, 160
383.38, 160
383.39, 160
383.39, 160
383.39, 160
383.39, 160
383.39, 160
383.44, 160
383.50, 160
383.50, 160
383.62, 160
383.73, 160
383.73, 160
383.91, 160
383.91, 160
383.93, 160
384.07, 160
384.07, 160
384.35, 160
384.35, 160
384.36, 160
384.66, 160
384.67, 160
384.68, 160
384.80, 160
384.95, 160
384.95, 160
384.96, 160
385.04, 160
385.04, 160
385.37, 160
385.47, 160
385.47, 160
385.47, 160
385.48, 160
385.63, 160
385.63, 160
385.84, 160
386.10, 160
386.16, 160
386.16, 160
386.36, 160
386.37, 160
386.41, 160
386.68, 160
386.68, 160
386.68, 160
386.83, 160
386.83, 160
386.88, 160
386.98, 160
387.14, 160
387.14, 160
387.15, 160
387.30, 160
387.35, 160
387.35, 160
387.35, 160
387.43, 160
387.44, 160
387.45, 160
387.58, 160
387.58, 160
387.59, 160
387.83, 160
387.83, 160
387.92, 160
387.92, 160
387.92, 160
388.02, 160
388.14, 160
388.15, 160
388.28, 160
388.31, 160
388.44, 160
388.44, 160
388.60, 160
388.60, 160
388.70, 160
388.70, 160
388.70, 160
388.72, 160
388.90, 160
388.94, 160
389.15, 160
389.24, 160
389.24, 160
389.26, 160
389.27, 160
389.38, 160
389.38, 160
389.38, 160
389.39, 160
389.40, 160
389.49, 160
389.49, 160
389.53, 160
389.53, 160
389.54, 160
389.54, 160
389.63, 160
389.64, 160
389.68, 160
389.83, 160
389.83, 160
390.06, 160
390.17, 160
390.42, 160
390.42, 160
390.53, 160
390.53, 160
390.77, 160
390.88, 160
391.07, 160
391.08, 160
391.13, 160
391.44, 160
391.64, 160
391.64, 160
392.18, 160
392.60, 160
392.65, 160
392.67, 160
392.67, 160
392.84, 160
392.95, 160
392.96, 160
392.96, 160
392.96, 160
393.19, 160
393.19, 160
393.26, 160
393.27, 160
393.27, 160
393.60, 160
393.73, 160
393.74, 160
393.74, 160
393.84, 160
393.85, 160
393.89, 160
393.94, 160
393.94, 160
393.94, 160
394.16, 160
394.16, 160
394.16, 160
394.44, 160
394.66, 160
394.85, 160
395.02, 160
395.17, 160
395.30, 160
395.30, 160
395.31, 160
395.66, 160
396.16, 160
396.16, 160
396.22, 160
396.22, 160
396.30, 160
396.30, 160
396.39, 160
396.40, 160
396.43, 160
396.43, 160
396.46, 160
396.55, 160
396.62, 160
396.68, 160
396.68, 160
396.84, 160
396.95, 160
397.04, 160
397.22, 160
397.22, 160
397.33, 160
397.33, 160
397.40, 160
397.52, 160
397.52, 160
397.59, 160
397.60, 160
397.65, 160
397.70, 160
397.95, 160
398.00, 160
398.01, 160
398.01, 160
398.32, 160
398.33, 160
398.55, 160
398.55, 160
398.55, 160
398.67, 160
398.68, 160
398.68, 160
398.68, 160
398.68, 160
398.69, 160
398.69, 160
398.69, 160
398.69, 160
398.90, 160
399.03, 160
399.23, 160
399.24, 160
399.29, 160
399.29, 160
399.30, 160
399.30, 160
399.35, 160
399.54, 160
399.54, 160
399.55, 160
399.75, 160
399.76, 160
399.83, 160
399.87, 160
399.87, 160
399.88, 160
399.88, 160
399.94, 160
399.94, 160
399.95, 160
399.95, 160
399.99, 160
400.08, 160
400.09, 160
400.09, 160
400.09, 160
400.28, 160
400.59, 160
400.59, 160
400.61, 160
400.63, 160
400.63, 160
400.66, 160
400.67, 160
400.71, 160
400.71, 160
400.71, 160
400.71, 160
400.72, 160
400.92, 160
401.02, 160
401.11, 160
401.34, 160
401.36, 160
401.50, 160
401.50, 160
401.50, 160
401.52, 160
401.52, 160
402.00, 160
402.00, 160
402.10, 160
402.11, 160
402.22, 160
402.22, 160
402.22, 160
402.22, 160
402.77, 160
402.77, 160
402.81, 160
402.99, 160
402.99, 160
402.99, 160
403.19, 160
403.19, 160
403.19, 160
403.20, 160
403.20, 160
403.20, 160
403.21, 160
403.27, 160
403.28, 160
403.49, 160
403.58, 160
403.84, 160
403.84, 160
403.90, 160
404.25, 160
404.25, 160
404.56, 160
404.70, 160
404.86, 160
404.94, 160
404.94, 160
404.95, 160
405.02, 160
405.04, 160
405.19, 160
405.31, 160
405.62, 160
405.79, 160
405.88, 160
405.88, 160
405.88, 160
405.88, 160
405.89, 160
405.95, 160
406.02, 160
406.02, 160
406.02, 160
406.07, 160
406.28, 160
406.28, 160
406.57, 160
406.94, 160
406.94, 160
406.98, 160
406.98, 160
406.99, 160
406.99, 160
407.00, 160
407.01, 160
407.01, 160
407.06, 160
407.06, 160
407.16, 160
407.18, 160
407.57, 160
407.58, 160
407.67, 160
407.67, 160
407.67, 160
407.73, 160
407.82, 160
408.58, 160
408.73, 160
408.75, 160
408.76, 160
408.76, 160
408.77, 160
408.77, 160
408.97, 160
409.03, 160
409.40, 160
409.56, 160
410.11, 160
410.11, 160
410.12, 160
410.38, 160
410.41, 160
410.41, 160
410.41, 160
410.42, 160
410.54, 160
410.56, 160
410.60, 160
410.61, 160
410.61, 160
410.61, 160
410.61, 160
410.66, 160
410.74, 160
410.91, 160
410.91, 160
411.02, 160
411.06, 160
411.06, 160
411.06, 160
411.19, 160
411.19, 160
411.19, 160
411.53, 160
411.54, 160
411.54, 160
411.71, 160
411.78, 160
411.86, 160
411.87, 160
411.91, 160
411.92, 160
411.92, 160
411.96, 160
411.96, 160
411.97, 160
411.97, 160
412.08, 160
412.10, 160
412.55, 160
412.70, 160
412.71, 160
412.71, 160
412.71, 160
412.71, 160
412.71, 160
412.71, 160
412.71, 160
412.80, 160
412.96, 160
413.04, 160
413.05, 160
413.05, 160
413.05, 160
413.06, 160
413.08, 160
413.27, 160
413.27, 160
413.27, 160
413.31, 160
413.32, 160
413.44, 160
413.55, 160
413.55, 160
413.59, 160
414.57, 160
414.57, 160
414.58, 160
414.58, 160
414.78, 160
414.78, 160
415.51, 160
415.85, 160
415.86, 160
415.87, 160
415.88, 160
416.03, 160
416.24, 160
416.32, 160
416.34, 160
416.52, 160
416.52, 160
416.60, 160
416.84, 160
416.84, 160
416.84, 160
417.36, 160
417.36, 160
417.50, 160
417.50, 160
417.50, 160
417.87, 160
418.25, 160
418.26, 160
418.26, 160
418.26, 160
418.26, 160
419.05, 160
419.05, 160
419.09, 160
419.10, 160
419.10, 160
419.11, 160
419.17, 160
419.18, 160
419.22, 160
419.67, 160
419.70, 160
419.70, 160
419.71, 160
419.71, 160
419.71, 160
419.71, 160
419.78, 160
419.78, 160
419.94, 160
420.00, 160
420.30, 160
420.62, 160
421.36, 160
421.36, 160
421.37, 160
421.45, 160
421.66, 160
421.66, 160
421.83, 160
421.99, 160
421.99, 160
422.05, 160
422.05, 160
422.20, 160
422.27, 160
422.27, 160
422.27, 160
422.48, 160
422.50, 160
422.95, 160
422.95, 160
423.00, 160
423.02, 160
423.03, 160
423.09, 160
423.10, 160
423.15, 160
423.16, 160
423.17, 160
423.60, 160
423.60, 160
423.70, 160
423.70, 160
423.70, 160
423.71, 160
423.82, 160
423.89, 160
424.11, 160
424.12, 160
424.12, 160
424.34, 160
424.34, 160
424.73, 160
424.73, 160
424.96, 160
425.08, 160
425.08, 160
425.10, 160
425.31, 160
425.31, 160
425.47, 160
425.47, 160
425.74, 160
425.94, 160
425.95, 160
426.03, 160
426.03, 160
426.03, 160
426.09, 160
426.09, 160
426.31, 160
426.31, 160
426.38, 160
426.68, 160
426.78, 160
426.78, 160
427.06, 160
427.07, 160
427.14, 160
427.46, 160
427.50, 160
427.60, 160
427.61, 160
427.68, 160
427.89, 160
428.07, 160
428.08, 160
428.09, 160
428.13, 160
428.13, 160
428.13, 160
428.28, 160
428.30, 160
428.51, 160
428.51, 160
428.51, 160
428.61, 160
428.78, 160
428.78, 160
428.91, 160
428.91, 160
428.99, 160
428.99, 160
428.99, 160
428.99, 160
429.24, 160
429.91, 160
430.22, 160
430.25, 160
430.51, 160
430.52, 160
430.53, 160
431.05, 160
431.12, 160
431.33, 160
431.33, 160
431.41, 160
431.72, 160
431.73, 160
431.74, 160
431.74, 160
431.74, 160
431.75, 160
431.91, 160
431.91, 160
432.56, 160
432.56, 160
432.84, 160
432.85, 160
433.12, 160
433.29, 160
433.61, 160
433.61, 160
433.67, 160
433.90, 160
433.90, 160
433.90, 160
434.24, 160
434.25, 160
434.28, 160
435.07, 160
435.14, 160
435.15, 160
435.22, 160
435.23, 160
435.25, 160
435.42, 160
435.67, 160
435.88, 160
436.22, 160
436.35, 160
436.44, 160
436.54, 160
436.59, 160
436.67, 160
436.67, 160
436.77, 160
436.93, 160
436.94, 160
436.94, 160
436.94, 160
437.00, 160
437.00, 160
437.19, 160
437.33, 160
437.33, 160
437.36, 160
437.37, 160
437.37, 160
437.66, 160
437.77, 160
437.79, 160
437.79, 160
437.95, 160
437.96, 160
438.07, 160
438.43, 160
438.61, 160
438.78, 160
438.95, 160
438.95, 160
439.25, 160
439.33, 160
439.50, 160
439.57, 160
439.63, 160
440.22, 160
440.25, 160
440.26, 160
440.26, 160
440.26, 160
440.26, 160
440.31, 160
440.48, 160
440.51, 160
440.51, 160
440.51, 160
440.69, 160
440.69, 160
440.73, 160
440.99, 160
440.99, 160
440.99, 160
441.17, 160
441.18, 160
441.18, 160
441.19, 160
441.46, 160
441.56, 160
441.80, 160
441.80, 160
441.81, 160
441.81, 160
441.81, 160
441.81, 160
442.05, 160
442.05, 160
442.37, 160
442.60, 160
442.65, 160
442.65, 160
443.24, 160
443.27, 160
443.27, 160
443.27, 160
443.30, 160
443.35, 160
443.36, 160
443.37, 160
443.58, 160
443.61, 160
443.61, 160
443.61, 160
443.67, 160
443.68, 160
443.72, 160
443.95, 160
443.95, 160
443.96, 160
443.97, 160
444.03, 160
444.03, 160
444.06, 160
444.12, 160
444.36, 160
444.45, 160
445.03, 160
445.30, 160
445.31, 160
445.32, 160
445.32, 160
445.72, 160
445.73, 160
445.97, 160
445.97, 160
446.25, 160
446.26, 160
446.26, 160
446.53, 160
446.96, 160
447.03, 160
447.03, 160
447.62, 160
447.62, 160
447.75, 160
447.75, 160
447.75, 160
447.75, 160
447.93, 160
448.03, 160
448.06, 160
448.80, 160
448.80, 160
448.80, 160
448.82, 160
448.90, 160
449.03, 160
449.03, 160
449.04, 160
449.09, 160
449.26, 160
450.07, 160
450.27, 160
450.78, 160
450.78, 160
450.78, 160
450.89, 160
450.89, 160
451.09, 160
451.26, 160
451.26, 160
451.38, 160
451.40, 160
451.46, 160
451.62, 160
451.83, 160
451.83, 160
451.90, 160
452.11, 160
452.11, 160
452.13, 160
452.15, 160
452.15, 160
452.17, 160
452.17, 160
452.17, 160
452.18, 160
452.55, 160
452.68, 160
452.68, 160
452.72, 160
452.72, 160
452.72, 160
452.73, 160
452.73, 160
452.84, 160
452.84, 160
452.97, 160
453.06, 160
453.29, 160
453.29, 160
453.34, 160
453.44, 160
453.44, 160
453.45, 160
453.47, 160
453.47, 160
453.59, 160
453.63, 160
454.16, 160
454.32, 160
454.64, 160
454.64, 160
454.64, 160
454.87, 160
454.87, 160
455.17, 160
455.29, 160
455.29, 160
455.44, 160
455.47, 160
455.47, 160
455.80, 160
455.81, 160
455.88, 160
455.88, 160
455.90, 160
456.67, 160
456.68, 160
456.81, 160
456.82, 160
457.68, 160
457.70, 160
457.71, 160
457.71, 160
458.17, 160
458.17, 160
458.17, 160
458.17, 160
458.41, 160
458.43, 160
458.43, 160
458.60, 160
458.65, 160
458.78, 160
459.05, 160
459.05, 160
459.05, 160
459.08, 160
459.08, 160
459.20, 160
459.21, 160
459.21, 160
459.58, 160
459.80, 160
459.80, 160
459.90, 160
459.91, 160
459.98, 160
460.01, 160
460.06, 160
460.14, 160
460.15, 160
460.16, 160
460.21, 160
460.22, 160
460.22, 160
460.22, 160
460.22, 160
460.22, 160
460.27, 160
460.33, 160
460.38, 160
460.64, 160
460.80, 160
460.84, 160
460.84, 160
460.95, 160
460.96, 160
461.61, 160
461.62, 160
461.62, 160
461.73, 160
461.73, 160
461.73, 160
461.74, 160
461.74, 160
461.74, 160
461.74, 160
462.02, 160
462.30, 160
462.77, 160
462.79, 160
462.79, 160
463.02, 160
463.02, 160
463.18, 160
463.32, 160
463.33, 160
463.40, 160
463.41, 160
463.52, 160
463.52, 160
463.52, 160
463.59, 160
463.59, 160
464.10, 160
464.35, 160
464.35, 160
464.36, 160
464.36, 160
464.41, 160
464.41, 160
464.52, 160
464.66, 160
464.86, 160
465.02, 160
465.13, 160
465.17, 160
465.17, 160
465.23, 160
465.23, 160
465.23, 160
465.33, 160
465.33, 160
465.38, 160
465.38, 160
465.41, 160
465.41, 160
465.43, 160
465.43, 160
465.43, 160
466.02, 160
466.02, 160
466.02, 160
466.19, 160
466.19, 160
466.19, 160
466.39, 160
466.76, 160
467.67, 160
467.87, 160
467.88, 160
467.88, 160
467.88, 160
467.88, 160
467.88, 160
467.90, 160
467.95, 160
468.00, 160
468.00, 160
468.41, 160
468.70, 160
469.18, 160
469.31, 160
469.45, 160
469.45, 160
469.53, 160
469.54, 160
469.54, 160
469.60, 160
469.62, 160
469.62, 160
469.62, 160
469.73, 160
469.73, 160
469.74, 160
469.74, 160
470.12, 160
470.13, 160
470.13, 160
470.22, 160
470.23, 160
470.23, 160
470.46, 160
470.49, 160
470.64, 160
470.64, 160
470.91, 160
470.93, 160
471.25, 160
471.26, 160
471.26, 160
471.58, 160
471.59, 160
471.65, 160
471.98, 160
471.98, 160
471.99, 160
471.99, 160
472.30, 160
472.30, 160
472.89, 160
472.90, 160
472.90, 160
472.95, 160
472.96, 160
472.96, 160
472.98, 160
472.99, 160
473.01, 160
473.29, 160
473.30, 160
473.36, 160
473.37, 160
473.58, 160
473.58, 160
473.63, 160
473.65, 160
474.37, 160
474.62, 160
474.62, 160
474.90, 160
474.97, 160
474.97, 160
475.23, 160
475.23, 160
475.23, 160
475.23, 160
475.32, 160
475.51, 160
475.63, 160
475.63, 160
475.76, 160
475.79, 160
475.80, 160
476.16, 160
476.37, 160
476.38, 160
476.63, 160
476.65, 160
476.74, 160
476.75, 160
476.75, 160
476.75, 160
476.75, 160
476.75, 160
476.81, 160
476.87, 160
476.89, 160
477.15, 160
477.15, 160
477.20, 160
477.21, 160
477.34, 160
477.34, 160
477.47, 160
477.94, 160
478.05, 160
478.19, 160
478.25, 160
478.25, 160
479.20, 160
479.23, 160
479.24, 160
479.28, 160
479.29, 160
479.29, 160
479.68, 160
479.75, 160
479.94, 160
480.10, 160
480.43, 160
480.45, 160
480.48, 160
480.67, 160
480.69, 160
480.71, 160
480.72, 160
480.72, 160
480.72, 160
480.72, 160
480.72, 160
480.74, 160
480.74, 160
480.87, 160
480.87, 160
480.92, 160
480.93, 160
480.97, 160
481.16, 160
481.21, 160
481.75, 160
481.75, 160
481.75, 160
481.75, 160
481.75, 160
481.89, 160
482.05, 160
482.06, 160
482.07, 160
482.07, 160
482.08, 160
482.25, 160
482.26, 160
482.39, 160
482.80, 160
482.80, 160
482.80, 160
482.80, 160
482.90, 160
482.98, 160
482.98, 160
482.98, 160
483.30, 160
483.30, 160
483.44, 160
483.44, 160
483.66, 160
483.67, 160
483.67, 160
483.67, 160
483.91, 160
483.91, 160
483.91, 160
483.91, 160
484.06, 160
484.06, 160
484.06, 160
484.20, 160
484.50, 160
484.59, 160
484.60, 160
484.60, 160
484.73, 160
484.75, 160
484.76, 160
484.76, 160
484.76, 160
484.88, 160
484.88, 160
485.09, 160
485.09, 160
485.10, 160
485.10, 160
485.10, 160
485.17, 160
485.51, 160
485.52, 160
485.52, 160
485.52, 160
485.59, 160
485.86, 160
485.95, 160
485.95, 160
486.35, 160
486.42, 160
486.43, 160
486.52, 160
486.55, 160
486.71, 160
486.79, 160
487.15, 160
487.23, 160
487.30, 160
487.54, 160
487.80, 160
487.86, 160
487.86, 160
488.01, 160
488.02, 160
488.30, 160
488.31, 160
488.31, 160
488.31, 160
488.32, 160
488.40, 160
488.44, 160
488.88, 160
488.99, 160
489.06, 160
489.20, 160
489.32, 160
489.33, 160
489.41, 160
489.61, 160
489.62, 160
489.67, 160
489.80, 160
489.80, 160
489.80, 160
489.81, 160
489.81, 160
489.91, 160
490.02, 160
490.18, 160
490.20, 160
490.39, 160
490.47, 160
490.47, 160
490.47, 160
490.47, 160
490.61, 160
490.61, 160
490.61, 160
490.61, 160
490.69, 160
490.69, 160
490.69, 160
490.69, 160
490.69, 160
490.69, 160
490.70, 160
491.05, 160
491.14, 160
491.15, 160
491.15, 160
491.52, 160
491.52, 160
491.52, 160
491.54, 160
491.81, 160
491.91, 160
492.00, 160
492.03, 160
492.04, 160
492.36, 160
492.36, 160
492.36, 160
492.45, 160
492.45, 160
492.45, 160
492.64, 160
492.83, 160
493.25, 160
493.38, 160
493.38, 160
493.61, 160
493.75, 160
494.15, 160
494.18, 160
494.23, 160
494.61, 160
494.61, 160
494.61, 160
494.66, 160
494.86, 160
494.91, 160
494.94, 160
495.08, 160
495.11, 160
495.33, 160
495.33, 160
495.33, 160
495.56, 160
495.82, 160
495.82, 160
495.83, 160
495.84, 160
495.85, 160
495.86, 160
496.08, 160
496.08, 160
496.18, 160
496.19, 160
496.19, 160
496.21, 160
496.40, 160
496.40, 160
496.46, 160
496.66, 160
496.69, 160
496.69, 160
496.70, 160
496.76, 160
496.82, 160
496.83, 160
496.94, 160
497.21, 160
497.50, 160
497.50, 160
497.51, 160
497.58, 160
497.80, 160
497.95, 160
497.96, 160
498.19, 160
498.38, 160
498.43, 160
499.22, 160
499.52, 160
499.52, 160
499.52, 160
499.59, 160
499.65, 160
499.86, 160
499.86, 160
500.04, 160
500.36, 160
500.36, 160
500.42, 160
500.42, 160
500.66, 160
500.79, 160
500.81, 160
500.81, 160
500.84, 160
501.24, 160
501.25, 160
501.27, 160
501.80, 160
502.00, 160
502.00, 160
502.00, 160
502.01, 160
502.01, 160
502.01, 160
502.01, 160
502.13, 160
502.14, 160
502.34, 160
502.34, 160
502.49, 160
502.53, 160
502.53, 160
502.53, 160
502.53, 160
502.54, 160
502.55, 160
502.55, 160
502.55, 160
502.55, 160
502.61, 160
502.68, 160
502.81, 160
503.07, 160
503.09, 160
503.16, 160
503.44, 160
503.82, 160
503.82, 160
504.01, 160
504.05, 160
504.07, 160
504.07, 160
504.07, 160
504.41, 160
504.52, 160
504.82, 160
504.82, 160
504.84, 160
504.84, 160
504.95, 160
505.12, 160
505.26, 160
505.27, 160
505.32, 160
505.32, 160
505.32, 160
505.32, 160
505.53, 160
505.71, 160
505.73, 160
506.11, 160
506.12, 160
506.25, 160
506.43, 160
506.56, 160
506.56, 160
506.57, 160
506.74, 160
507.18, 160
507.33, 160
507.34, 160
507.44, 160
507.76, 160
507.86, 160
507.86, 160
507.98, 160
508.40, 160
508.40, 160
508.40, 160
508.80, 160
508.80, 160
508.80, 160
508.80, 160
508.80, 160
508.97, 160
508.97, 160
508.97, 160
508.97, 160
508.97, 160
509.19, 160
509.19, 160
509.33, 160
509.33, 160
509.35, 160
509.36, 160
509.52, 160
509.53, 160
509.68, 160
509.79, 160
509.87, 160
509.88, 160
509.94, 160
509.94, 160
509.97, 160
509.98, 160
510.07, 160
510.07, 160
510.10, 160
510.10, 160
510.11, 160
510.56, 160
510.56, 160
510.56, 160
510.58, 160
510.59, 160
510.83, 160
511.02, 160
511.02, 160
511.02, 160
511.02, 160
511.12, 160
511.22, 160
511.23, 160
511.24, 160
511.24, 160
511.24, 160
511.25, 160
511.26, 160
511.26, 160
511.27, 160
511.27, 160
511.34, 160
511.68, 160
511.68, 160
511.70, 160
511.71, 160
511.75, 160
512.07, 160
512.25, 160
512.25, 160
512.31, 160
512.62, 160
512.63, 160
512.71, 160
512.76, 160
513.08, 160
513.08, 160
513.33, 160
513.71, 160
513.71, 160
513.81, 160
514.13, 160
514.18, 160
514.18, 160
514.18, 160
514.22, 160
514.30, 160
514.30, 160
514.58, 160
514.58, 160
514.58, 160
514.69, 160
514.80, 160
514.91, 160
514.91, 160
515.16, 160
515.16, 160
515.41, 160
515.41, 160
515.41, 160
515.52, 160
515.90, 160
515.94, 160
515.94, 160
515.94, 160
516.48, 160
516.49, 160
516.77, 160
517.04, 160
517.05, 160
517.20, 160
517.22, 160
517.23, 160
517.30, 160
517.31, 160
517.61, 160
517.83, 160
517.84, 160
517.86, 160
518.08, 160
518.15, 160
518.18, 160
518.23, 160
518.35, 160
518.49, 160
518.49, 160
518.54, 160
518.54, 160
518.54, 160
519.10, 160
519.11, 160
519.12, 160
519.12, 160
519.36, 160
519.47, 160
519.47, 160
519.47, 160
519.57, 160
519.58, 160
519.60, 160
519.98, 160
519.98, 160
519.99, 160
519.99, 160
520.22, 160
520.30, 160
520.30, 160
520.48, 160
520.48, 160
520.53, 160
520.71, 160
520.89, 160
520.89, 160
520.92, 160
520.95, 160
520.99, 160
521.04, 160
521.56, 160
521.57, 160
521.60, 160
522.28, 160
522.50, 160
522.51, 160
522.52, 160
522.52, 160
522.67, 160
522.73, 160
522.78, 160
522.78, 160
522.78, 160
522.80, 160
522.80, 160
522.84, 160
522.84, 160
523.18, 160
523.19, 160
523.23, 160
523.24, 160
523.24, 160
523.72, 160
523.78, 160
523.81, 160
523.87, 160
523.92, 160
523.93, 160
523.93, 160
523.96, 160
523.97, 160
524.43, 160
524.43, 160
524.43, 160
524.59, 160
524.71, 160
524.76, 160
524.80, 160
524.85, 160
524.91, 160
524.92, 160
524.92, 160
524.92, 160
524.92, 160
524.92, 160
525.16, 160
525.18, 160
525.18, 160
525.18, 160
525.18, 160
525.19, 160
525.23, 160
525.23, 160
525.27, 160
525.42, 160
525.55, 160
525.55, 160
525.60, 160
525.61, 160
525.62, 160
525.62, 160
525.62, 160
525.62, 160
525.62, 160
525.64, 160
525.65, 160
525.67, 160
525.72, 160
525.72, 160
525.73, 160
525.96, 160
526.28, 160
526.52, 160
527.20, 160
527.27, 160
527.36, 160
527.37, 160
527.58, 160
527.58, 160
527.69, 160
527.75, 160
527.76, 160
528.71, 160
528.71, 160
528.71, 160
528.95, 160
529.10, 160
529.20, 160
529.20, 160
529.21, 160
529.35, 160
529.47, 160
529.65, 160
529.86, 160
529.87, 160
529.87, 160
529.87, 160
529.87, 160
530.13, 160
530.21, 160
530.21, 160
530.21, 160
530.22, 160
530.22, 160
530.27, 160
530.39, 160
530.50, 160
530.69, 160
530.80, 160
530.87, 160
530.89, 160
530.94, 160
531.14, 160
531.19, 160
531.20, 160
531.41, 160
531.46, 160
531.49, 160
531.50, 160
531.66, 160
531.69, 160
531.69, 160
531.69, 160
531.69, 160
531.69, 160
531.95, 160
531.97, 160
531.97, 160
532.00, 160
532.49, 160
532.75, 160
532.79, 160
532.79, 160
532.80, 160
532.80, 160
533.12, 160
533.27, 160
533.28, 160
533.41, 160
533.41, 160
533.48, 160
533.59, 160
533.73, 160
533.85, 160
534.02, 160
534.14, 160
534.19, 160
534.27, 160
534.29, 160
534.44, 160
534.45, 160
534.45, 160
534.59, 160
534.71, 160
534.71, 160
534.71, 160
534.72, 160
534.72, 160
534.72, 160
534.78, 160
535.32, 160
535.50, 160
535.50, 160
535.94, 160
536.19, 160
536.21, 160
536.45, 160
536.47, 160
536.47, 160
536.47, 160
536.72, 160
536.86, 160
536.94, 160
536.97, 160
537.09, 160
537.09, 160
537.21, 160
537.21, 160
537.23, 160
537.24, 160
537.25, 160
537.25, 160
537.51, 160
537.63, 160
537.75, 160
537.75, 160
537.76, 160
537.76, 160
537.76, 160
537.84, 160
537.84, 160
537.86, 160
537.86, 160
538.33, 160
538.33, 160
538.33, 160
538.33, 160
538.33, 160
538.33, 160
538.33, 160
538.69, 160
538.71, 160
538.74, 160
538.76, 160
538.81, 160
538.84, 160
538.98, 160
538.99, 160
539.01, 160
539.01, 160
539.02, 160
539.02, 160
539.02, 160
539.02, 160
539.02, 160
539.38, 160
539.54, 160
539.66, 160
539.96, 160
539.97, 160
539.97, 160
539.97, 160
539.97, 160
539.98, 160
540.14, 160
540.14, 160
540.16, 160
540.17, 160
540.18, 160
540.50, 160
540.55, 160
540.56, 160
540.56, 160
540.56, 160
540.76, 160
540.76, 160
541.02, 160
541.22, 160
541.22, 160
541.23, 160
541.26, 160
541.26, 160
541.26, 160
541.35, 160
541.49, 160
541.49, 160
541.49, 160
541.49, 160
541.49, 160
541.50, 160
541.64, 160
542.28, 160
542.54, 160
542.72, 160
542.72, 160
542.94, 160
542.94, 160
542.94, 160
542.94, 160
542.95, 160
542.95, 160
543.09, 160
543.29, 160
543.30, 160
543.77, 160
543.78, 160
543.78, 160
543.78, 160
543.79, 160
543.86, 160
543.86, 160
544.09, 160
544.14, 160
544.14, 160
544.28, 160
544.45, 160
544.45, 160
544.63, 160
544.64, 160
544.64, 160
544.87, 160
544.87, 160
544.88, 160
544.88, 160
544.89, 160
545.15, 160
545.16, 160
545.16, 160
545.16, 160
545.18, 160
545.18, 160
545.73, 160
545.74, 160
545.82, 160
546.12, 160
546.12, 160
546.13, 160
546.13, 160
546.14, 160
546.44, 160
546.45, 160
546.52, 160
546.60, 160
546.78, 160
546.78, 160
546.80, 160
546.85, 160
546.92, 160
547.00, 160
547.00, 160
547.02, 160
547.02, 160
547.09, 160
547.49, 160
547.58, 160
547.58, 160
547.59, 160
547.59, 160
547.64, 160
547.67, 160
547.67, 160
548.30, 160
548.30, 160
548.30, 160
548.49, 160
548.54, 160
548.57, 160
548.99, 160
548.99, 160
549.00, 160
549.00, 160
549.00, 160
549.01, 160
549.32, 160
549.32, 160
549.68, 160
549.70, 160
549.70, 160
549.70, 160
549.73, 160
549.80, 160
549.80, 160
549.80, 160
549.85, 160
549.85, 160
549.99, 160
550.13, 160
550.29, 160
550.52, 160
550.64, 160
550.64, 160
550.74, 160
551.00, 160
551.00, 160
551.18, 160
551.39, 160
551.59, 160
551.66, 160
551.82, 160
551.96, 160
551.96, 160
551.97, 160
551.97, 160
551.97, 160
552.20, 160
552.20, 160
552.20, 160
552.37, 160
552.69, 160
552.69, 160
552.71, 160
552.71, 160
552.71, 160
552.72, 160
552.72, 160
552.72, 160
552.79, 160
552.79, 160
552.96, 160
553.27, 160
553.64, 160
553.66, 160
553.91, 160
554.03, 160
554.05, 160
554.36, 160
554.36, 160
554.37, 160
554.37, 160
554.37, 160
554.37, 160
554.38, 160
554.45, 160
554.45, 160
554.57, 160
554.59, 160
554.64, 160
554.64, 160
554.94, 160
555.16, 160
555.34, 160
555.35, 160
555.49, 160
555.68, 160
555.85, 160
555.85, 160
555.89, 160
555.90, 160
555.90, 160
555.90, 160
555.90, 160
555.90, 160
556.30, 160
556.30, 160
556.44, 160
556.47, 160
556.47, 160
556.48, 160
556.49, 160
556.49, 160
556.92, 160
556.92, 160
557.00, 160
557.01, 160
557.02, 160
557.13, 160
557.24, 160
557.48, 160
557.69, 160
557.69, 160
557.92, 160
558.02, 160
558.53, 160
558.79, 160
558.94, 160
559.09, 160
559.09, 160
559.10, 160
559.17, 160
559.21, 160
559.48, 160
559.51, 160
559.72, 160
559.78, 160
559.80, 160
560.28, 160
560.57, 160
560.76, 160
560.78, 160
560.78, 160
560.78, 160
561.32, 160
561.76, 160
561.88, 160
561.88, 160
561.94, 160
562.12, 160
562.13, 160
562.25, 160
562.66, 160
562.66, 160
562.66, 160
562.67, 160
562.72, 160
562.74, 160
562.87, 160
563.14, 160
563.16, 160
563.33, 160
563.43, 160
563.43, 160
563.43, 160
563.43, 160
563.43, 160
563.75, 160
563.77, 160
564.11, 160
564.13, 160
564.21, 160
564.29, 160
564.94, 160
564.94, 160
565.27, 160
565.27, 160
565.53, 160
565.61, 160
565.63, 160
565.63, 160
565.63, 160
565.86, 160
566.02, 160
566.02, 160
566.02, 160
566.37, 160
566.43, 160
566.43, 160
566.62, 160
566.62, 160
566.62, 160
566.62, 160
566.63, 160
567.13, 160
567.14, 160
567.23, 160
567.87, 160
568.51, 160
568.56, 160
568.56, 160
568.56, 160
568.57, 160
568.67, 160
568.67, 160
569.24, 160
569.24, 160
569.35, 160
569.49, 160
569.50, 160
569.50, 160
569.50, 160
569.50, 160
569.50, 160
569.52, 160
569.52, 160
569.71, 160
569.72, 160
569.77, 160
570.13, 160
570.13, 160
570.13, 160
570.52, 160
570.62, 160
570.62, 160
570.62, 160
571.02, 160
571.02, 160
571.03, 160
571.03, 160
571.04, 160
571.04, 160
571.41, 160
571.42, 160
571.67, 160
571.68, 160
571.70, 160
571.70, 160
572.18, 160
572.19, 160
572.19, 160
572.32, 160
572.41, 160
572.41, 160
572.42, 160
572.76, 160
573.05, 160
573.14, 160
573.14, 160
573.14, 160
573.14, 160
573.14, 160
573.24, 160
573.38, 160
573.40, 160
573.40, 160
573.51, 160
573.51, 160
573.51, 160
573.52, 160
573.78, 160
573.86, 160
573.87, 160
573.87, 160
574.21, 160
574.22, 160
574.22, 160
574.41, 160
574.42, 160
574.42, 160
574.42, 160
574.43, 160
574.43, 160
574.43, 160
574.46, 160
574.47, 160
574.47, 160
574.93, 160
574.98, 160
574.99, 160
574.99, 160
575.26, 160
575.30, 160
575.37, 160
575.70, 160
575.70, 160
575.84, 160
575.84, 160
575.85, 160
576.03, 160
576.12, 160
576.52, 160
576.88, 160
576.90, 160
576.90, 160
576.97, 160
577.11, 160
577.11, 160
577.11, 160
577.24, 160
577.46, 160
577.47, 160
577.78, 160
577.79, 160
578.04, 160
578.04, 160
578.04, 160
578.08, 160
578.08, 160
578.08, 160
578.08, 160
578.13, 160
578.28, 160
578.28, 160
578.31, 160
578.44, 160
578.46, 160
578.46, 160
578.46, 160
578.47, 160
578.87, 160
578.89, 160
578.89, 160
578.89, 160
579.24, 160
579.30, 160
579.30, 160
579.44, 160
579.44, 160
579.73, 160
579.82, 160
579.82, 160
579.92, 160
580.27, 160
580.31, 160
580.36, 160
580.36, 160
580.36, 160
580.46, 160
580.55, 160
580.55, 160
580.55, 160
580.55, 160
580.58, 160
580.58, 160
580.64, 160
580.64, 160
580.64, 160
580.91, 160
580.91, 160
580.93, 160
580.93, 160
580.93, 160
581.20, 160
581.21, 160
581.21, 160
581.22, 160
581.22, 160
581.24, 160
581.26, 160
581.48, 160
581.48, 160
581.49, 160
581.49, 160
581.49, 160
581.60, 160
581.62, 160
581.62, 160
581.65, 160
581.66, 160
581.67, 160
581.68, 160
581.68, 160
581.94, 160
581.94, 160
582.34, 160
582.61, 160
582.62, 160
582.62, 160
582.75, 160
582.76, 160
582.76, 160
582.76, 160
582.91, 160
582.91, 160
582.93, 160
583.03, 160
583.06, 160
583.07, 160
583.09, 160
583.68, 160
583.91, 160
583.93, 160
584.00, 160
584.27, 160
584.33, 160
584.39, 160
584.45, 160
584.45, 160
584.48, 160
584.48, 160
584.48, 160
584.64, 160
584.81, 160
584.81, 160
584.82, 160
584.82, 160
585.30, 160
585.54, 160
585.68, 160
585.75, 160
585.84, 160
585.86, 160
585.91, 160
585.91, 160
585.91, 160
585.91, 160
585.96, 160
586.15, 160
586.30, 160
586.30, 160
586.71, 160
586.71, 160
586.71, 160
586.71, 160
586.71, 160
586.71, 160
586.97, 160
587.01, 160
587.25, 160
587.26, 160
587.32, 160
587.61, 160
587.85, 160
587.85, 160
587.85, 160
587.85, 160
588.13, 160
588.13, 160
588.15, 160
588.16, 160
588.47, 160
588.48, 160
588.84, 160
588.84, 160
588.84, 160
589.57, 160
589.57, 160
589.57, 160
589.90, 160
589.91, 160
589.91, 160
590.12, 160
590.12, 160
590.13, 160
590.13, 160
590.13, 160
590.13, 160
590.64, 160
590.64, 160
590.64, 160
590.64, 160
590.92, 160
590.92, 160
591.01, 160
591.02, 160
591.02, 160
591.05, 160
591.05, 160
591.05, 160
591.05, 160
591.23, 160
591.42, 160
591.54, 160
591.64, 160
591.67, 160
592.06, 160
592.07, 160
592.47, 160
592.50, 160
592.60, 160
592.66, 160
592.82, 160
592.83, 160
592.93, 160
593.02, 160
593.02, 160
593.62, 160
593.62, 160
593.80, 160
593.81, 160
593.81, 160
593.82, 160
593.82, 160
593.85, 160
593.86, 160
593.95, 160
593.96, 160
594.03, 160
594.03, 160
594.08, 160
594.08, 160
594.09, 160
594.09, 160
594.79, 160
594.83, 160
594.91, 160
594.93, 160
595.11, 160
595.43, 160
595.56, 160
595.79, 160
595.79, 160
595.83, 160
596.17, 160
596.17, 160
596.19, 160
596.19, 160
596.19, 160
596.28, 160
596.38, 160
596.38, 160
596.38, 160
596.39, 160
596.44, 160
596.55, 160
596.61, 160
596.77, 160
596.78, 160
597.02, 160
597.24, 160
597.25, 160
597.25, 160
597.26, 160
597.35, 160
597.46, 160
597.58, 160
597.67, 160
597.73, 160
597.76, 160
597.83, 160
597.94, 160
597.95, 160
597.95, 160
597.95, 160
598.00, 160
598.44, 160
598.47, 160
598.53, 160
598.55, 160
598.55, 160
599.14, 160
599.17, 160
599.17, 160
599.46, 160
599.64, 160
599.92, 160
599.93, 160
599.93, 160
599.94, 160
599.94, 160
